--------------- Clean Started: 10/11/2018 10:29:48 Project: backup_fw, Configuration: ARM GCC 5.4-2016-q2-update Debug ---------------
Deleting file ".\CortexM0\ARM_GCC_541\Debug\boot.o"
Deleting file ".\CortexM0\ARM_GCC_541\Debug\flash.o"
Deleting file ".\CortexM0\ARM_GCC_541\Debug\gpio.o"
Deleting file ".\CortexM0\ARM_GCC_541\Debug\system.o"
Deleting file ".\CortexM0\ARM_GCC_541\Debug\timer.o"
Deleting file ".\CortexM0\ARM_GCC_541\Debug\utils.o"
Deleting file ".\CortexM0\ARM_GCC_541\Debug\main.o"
Deleting file ".\CortexM0\ARM_GCC_541\Debug\config.o"
Deleting file ".\CortexM0\ARM_GCC_541\Debug\solution.o"
Deleting file ".\CortexM0\ARM_GCC_541\Debug\instrumentation.o"
Deleting file ".\CortexM0\ARM_GCC_541\Debug\alt_mode_hw.o"
Deleting file ".\CortexM0\ARM_GCC_541\Debug\alt_modes_mngr.o"
Deleting file ".\CortexM0\ARM_GCC_541\Debug\dp_sid.o"
Deleting file ".\CortexM0\ARM_GCC_541\Debug\vdm_task_mngr.o"
Deleting file ".\CortexM0\ARM_GCC_541\Debug\app.o"
Deleting file ".\CortexM0\ARM_GCC_541\Debug\pdo.o"
Deleting file ".\CortexM0\ARM_GCC_541\Debug\psink.o"
Deleting file ".\CortexM0\ARM_GCC_541\Debug\psource.o"
Deleting file ".\CortexM0\ARM_GCC_541\Debug\swap.o"
Deleting file ".\CortexM0\ARM_GCC_541\Debug\vdm.o"
Deleting file ".\CortexM0\ARM_GCC_541\Debug\hal_ccgx.o"
Deleting file ".\CortexM0\ARM_GCC_541\Debug\pdss_mx_hal.o"
Deleting file ".\CortexM0\ARM_GCC_541\Debug\cyfitter_cfg.o"
Deleting file ".\CortexM0\ARM_GCC_541\Debug\cybootloader.o"
Deleting file ".\CortexM0\ARM_GCC_541\Debug\cymetadata.o"
Deleting file ".\CortexM0\ARM_GCC_541\Debug\HPI_IF.o"
Deleting file ".\CortexM0\ARM_GCC_541\Debug\HPI_IF_I2C_INT.o"
Deleting file ".\CortexM0\ARM_GCC_541\Debug\HPI_IF_I2C.o"
Deleting file ".\CortexM0\ARM_GCC_541\Debug\HPI_IF_I2C_BOOT.o"
Deleting file ".\CortexM0\ARM_GCC_541\Debug\HPI_IF_I2C_SLAVE.o"
Deleting file ".\CortexM0\ARM_GCC_541\Debug\HPI_IF_PM.o"
Deleting file ".\CortexM0\ARM_GCC_541\Debug\HPI_IF_BOOT.o"
Deleting file ".\CortexM0\ARM_GCC_541\Debug\EC_INT.o"
Deleting file ".\CortexM0\ARM_GCC_541\Debug\EC_INT_PM.o"
Deleting file ".\CortexM0\ARM_GCC_541\Debug\I2C_CFG.o"
Deleting file ".\CortexM0\ARM_GCC_541\Debug\I2C_CFG_PM.o"
Deleting file ".\CortexM0\ARM_GCC_541\Debug\Bootloadable_1.o"
Deleting file ".\CortexM0\ARM_GCC_541\Debug\PDSS_PORT0_RX_CLK.o"
Deleting file ".\CortexM0\ARM_GCC_541\Debug\PDSS_PORT0_TX_CLK.o"
Deleting file ".\CortexM0\ARM_GCC_541\Debug\FW_LED.o"
Deleting file ".\CortexM0\ARM_GCC_541\Debug\FW_LED_PM.o"
Deleting file ".\CortexM0\ARM_GCC_541\Debug\PDSS_PORT0_SAR_CLK.o"
Deleting file ".\CortexM0\ARM_GCC_541\Debug\DP_HPD_P2.o"
Deleting file ".\CortexM0\ARM_GCC_541\Debug\DP_HPD_P2_PM.o"
Deleting file ".\CortexM0\ARM_GCC_541\Debug\DP_HPD_P1.o"
Deleting file ".\CortexM0\ARM_GCC_541\Debug\DP_HPD_P1_PM.o"
Deleting file ".\CortexM0\ARM_GCC_541\Debug\NCP81239_EN_P2.o"
Deleting file ".\CortexM0\ARM_GCC_541\Debug\NCP81239_EN_P2_PM.o"
Deleting file ".\CortexM0\ARM_GCC_541\Debug\NCP81239_EN_P1.o"
Deleting file ".\CortexM0\ARM_GCC_541\Debug\NCP81239_EN_P1_PM.o"
Deleting file ".\CortexM0\ARM_GCC_541\Debug\I2C_MSTR.o"
Deleting file ".\CortexM0\ARM_GCC_541\Debug\I2C_MSTR_I2C_INT.o"
Deleting file ".\CortexM0\ARM_GCC_541\Debug\I2C_MSTR_I2C.o"
Deleting file ".\CortexM0\ARM_GCC_541\Debug\I2C_MSTR_I2C_BOOT.o"
Deleting file ".\CortexM0\ARM_GCC_541\Debug\I2C_MSTR_I2C_MASTER.o"
Deleting file ".\CortexM0\ARM_GCC_541\Debug\I2C_MSTR_PM.o"
Deleting file ".\CortexM0\ARM_GCC_541\Debug\I2C_MSTR_BOOT.o"
Deleting file ".\CortexM0\ARM_GCC_541\Debug\PDSS_PORTX_REFGEN_CLK.o"
Deleting file ".\CortexM0\ARM_GCC_541\Debug\PDSS_PORT0_FILT1_CLK.o"
Deleting file ".\CortexM0\ARM_GCC_541\Debug\HPI_IF_SCBCLK.o"
Deleting file ".\CortexM0\ARM_GCC_541\Debug\HPI_IF_sda.o"
Deleting file ".\CortexM0\ARM_GCC_541\Debug\HPI_IF_sda_PM.o"
Deleting file ".\CortexM0\ARM_GCC_541\Debug\HPI_IF_scl.o"
Deleting file ".\CortexM0\ARM_GCC_541\Debug\HPI_IF_scl_PM.o"
Deleting file ".\CortexM0\ARM_GCC_541\Debug\HPI_IF_SCB_IRQ.o"
Deleting file ".\CortexM0\ARM_GCC_541\Debug\I2C_MSTR_SCBCLK.o"
Deleting file ".\CortexM0\ARM_GCC_541\Debug\I2C_MSTR_sda.o"
Deleting file ".\CortexM0\ARM_GCC_541\Debug\I2C_MSTR_sda_PM.o"
Deleting file ".\CortexM0\ARM_GCC_541\Debug\I2C_MSTR_scl.o"
Deleting file ".\CortexM0\ARM_GCC_541\Debug\I2C_MSTR_scl_PM.o"
Deleting file ".\CortexM0\ARM_GCC_541\Debug\I2C_MSTR_SCB_IRQ.o"
Deleting file ".\CortexM0\ARM_GCC_541\Debug\Cm0Start.o"
Deleting file ".\CortexM0\ARM_GCC_541\Debug\CyFlash.o"
Deleting file ".\CortexM0\ARM_GCC_541\Debug\CyLib.o"
Deleting file ".\CortexM0\ARM_GCC_541\Debug\cyPm.o"
Deleting file ".\CortexM0\ARM_GCC_541\Debug\cyutils.o"
Deleting file ".\CortexM0\ARM_GCC_541\Debug\CyBootAsmGnu.o"
Deleting file ".\CortexM0\ARM_GCC_541\Debug\CyLFClk.o"
Deleting file ".\CortexM0\ARM_GCC_541\Debug\cy_em_eeprom.o"
Deleting file ".\CortexM0\ARM_GCC_541\Debug\backup_fw.hex"
Deleting file ".\CortexM0\ARM_GCC_541\Debug\backup_fw_1.elf"
Deleting file ".\CortexM0\ARM_GCC_541\Debug\backup_fw_1.map"
Deleting file ".\CortexM0\ARM_GCC_541\Debug\backup_fw_1.cyacd"
Deleting file ".\CortexM0\ARM_GCC_541\Debug\backup_fw_2.elf"
Deleting file ".\CortexM0\ARM_GCC_541\Debug\backup_fw_2.map"
Deleting file ".\CortexM0\ARM_GCC_541\Debug\backup_fw_2.cyacd"
Deleting file ".\backup_fw.cycdx"
Deleting file ".\backup_fw.rpt"
Deleting file ".\CortexM0\ARM_GCC_541\Debug\.deps\SOURCE_C__ARM_GCC_GENERIC.P"
Deleting file ".\CortexM0\ARM_GCC_541\Debug\.deps\SOURCE_ASM__ARM_GCC_GENERIC.P"
--------------- Clean Succeeded: 10/11/2018 10:29:48 ---------------
