ARM GAS  e:\temp\ccWMM62W.s 			page 1


   1              		.syntax unified
   2              		.cpu cortex-m0
   3              		.fpu softvfp
   4              		.eabi_attribute 20, 1
   5              		.eabi_attribute 21, 1
   6              		.eabi_attribute 23, 3
   7              		.eabi_attribute 24, 1
   8              		.eabi_attribute 25, 1
   9              		.eabi_attribute 26, 1
  10              		.eabi_attribute 30, 4
  11              		.eabi_attribute 34, 0
  12              		.eabi_attribute 18, 4
  13              		.thumb
  14              		.syntax unified
  15              		.file	"cyutils.c"
  16              		.text
  17              	.Ltext0:
  18              		.section	.gnu.lto_.profile.62416e58,"",%progbits
  19 0000 789C6361 		.ascii	"x\234ca`d`a`\000\222\002|\000\000\230\000)"
  19      60646061 
  19      60009202 
  19      7C000098 
  19      0029
  20              		.text
  21              		.section	.gnu.lto_.icf.62416e58,"",%progbits
  22 0000 789C6361 		.ascii	"x\234ca`d\000\001>\006\004`b\230\177cy\037\027\343\346"
  22      60640001 
  22      3E060460 
  22      62987F63 
  22      791F17E3 
  23 0015 ED3BAEB3 		.ascii	"\355;\256\2631\000\000,\037\005\314"
  23      3100002C 
  23      1F05CC
  24              		.text
  25              		.section	.gnu.lto_.jmpfuncs.62416e58,"",%progbits
  26 0000 789C6361 		.ascii	"x\234ca`d\000\001>\006\004`b`bdd\256\257g\004\202z\006"
  26      60640001 
  26      3E060460 
  26      62606264 
  26      64AEAF67 
  27 0018 000B1B01 		.ascii	"\000\013\033\001\236"
  27      9E
  28              		.text
  29              		.section	.gnu.lto_.inline.62416e58,"",%progbits
  30 0000 789C6361 		.ascii	"x\234ca`d\000\001g\006\004`b`\340`gddT\000J13\357\020"
  30      60640001 
  30      67060460 
  30      6260E060 
  30      67646454 
  31 001a 67E0BC61 		.ascii	"g\340\274a\306\304\300\262@\236\005$\313\310\300\305"
  31      C6C4C0B2 
  31      409E0524 
  31      CBC8C0C5 
  32 002a C9C8C8C0 		.ascii	"\311\310\310\300\301\310\300\314\300\3025\301\217\201"
  32      C1C8C0CC 
  32      C0C235C1 
  32      8F81
ARM GAS  e:\temp\ccWMM62W.s 			page 2


  33 0038 E3831E13 		.ascii	"\343\203\036\023\003\343\013v\026\010\0116\002\000\353"
  33      03E30B76 
  33      16080936 
  33      0200EB
  34 0047 050753   		.ascii	"\005\007S"
  35              		.text
  36              		.section	.gnu.lto_.pureconst.62416e58,"",%progbits
  37 0000 789C6361 		.ascii	"x\234ca`d`e```b\220b\224\002\000\000\355\000B"
  37      60646065 
  37      60606062 
  37      90629402 
  37      0000ED00 
  38              		.text
  39              		.section	.gnu.lto_CySetReg24.62416e58,"",%progbits
  40 0000 789C6591 		.ascii	"x\234e\221Mh\023A\024\307\347?\223\315f\243-^\352\305"
  40      4D681341 
  40      14C7E73F 
  40      93CD66A3 
  40      2D5EEAC5 
  41 0014 1E225842 		.ascii	"\036\"XB.z\021\357\342\301\253\332kAB\262\007\241Z\211"
  41      2E7A11EF 
  41      E2C1ABDA 
  41      6B4142B2 
  41      07A15A89 
  42 0028 89E0A993 		.ascii	"\211\340\251\223\217m\016\212U\324J\213%\212\224~hM"
  42      8F6D0E8A 
  42      55D44A8B 
  42      258A947E 
  42      684D
  43 003a 63AD1FB4 		.ascii	"c\255\037\264\340\022D0\324\212_\207\334l\265U<HR\242"
  43      E0124430 
  43      D48A5F87 
  43      DC6CB555 
  43      3C4852A2 
  44 004e 17B5F1CD 		.ascii	"\027\265\361\315l=\244\035vw\336{\374\377\357\267\363"
  44      6C3DA41D 
  44      7677DE7B 
  44      FCFFEFB7 
  44      F3
  45 005f C6C7C0D4 		.ascii	"\306\307\300\324z\305\031;D\373\036z!\030\370\225%\306"
  45      7AC5193B 
  45      44FB1E7A 
  45      2118F895 
  45      25C6
  46 0071 D2010EA8 		.ascii	"\322\001\016\250@\006\300\3729\372\361\223\377\345("
  46      4006C0FA 
  46      39FAF193 
  46      FFE528
  47 0080 E7D79EF1 		.ascii	"\347\327\236\361\310\270\244\365iu\260MN\270p\004cM"
  47      C8B8A4F5 
  47      6975B04D 
  47      4EB87004 
  47      634D
  48 0092 AE3B318C 		.ascii	"\256;1\214#B\252\267\271\231[\242\301\035\001\370(\255"
  48      2342AAB7 
  48      B9995BA2 
  48      C11D01F8 
ARM GAS  e:\temp\ccWMM62W.s 			page 3


  48      28AD
  49 00a4 BF1EF9DC 		.ascii	"\277\036\371\334\256R\216\020\245\327g\247\035K\354"
  49      AE528E10 
  49      A5D767A7 
  49      1D4BEC
  50 00b3 03A378A9 		.ascii	"\003\243x\251\372r\240=<&eF\312\202--G\010LAP?L\242"
  50      FA72A03D 
  50      3C266546 
  50      CA822D2D 
  50      47084C41 
  51 00cb 1313E864 		.ascii	"\023\023\350dTb\270\2070\251\277.\344?@D\264\263T\274"
  51      5462B887 
  51      30A9BF2E 
  51      E43F4044 
  51      B4B354BC 
  52 00df 7C9B6F3A 		.ascii	"|\233o:\253\332\351\303\375\255N\037\3034\302J>?U\375"
  52      ABDAE9C3 
  52      FDAD4E1F 
  52      C334C24A 
  52      3E3F55FD 
  53 00f3 688903DA 		.ascii	"h\211\003\332\372\242\236\251\030]w\225\325\275\266"
  53      FAA29EA9 
  53      185D7795 
  53      D5BDB6
  54 0102 8A61E9E6 		.ascii	"\212a\351\346B\2160\360\240\325\256\026\251WJ\0337\332"
  54      428E30F0 
  54      A0D5AE16 
  54      A9574A1B 
  54      37DA
  55 0114 FC3975E4 		.ascii	"\3749u\344\020\212\350\362\016\213\031\370\325\370\212"
  55      108AE8F2 
  55      0E8B19F8 
  55      D5F88A
  56 0123 275CD96C 		.ascii	"'\\\331lf\245{\265c\231\357\004\324\237\322\344\210"
  56      66A57BB5 
  56      6399EF04 
  56      D49FD2E4 
  56      88
  57 0134 2A88EFF7 		.ascii	"*\210\357\367\323\3074Ud\251(\250\"\306j\324A\315\266"
  57      D3C73455 
  57      64A928A8 
  57      22C66AD4 
  57      41CDB6
  58 0147 CEB9DAC5 		.ascii	"\316\271\332\305\0122\356\3151\350\236D\310\012\260"
  58      0A32EECD 
  58      31E89E44 
  58      C80AB0
  59 0156 3564D6F3 		.ascii	"5d\326\363?\032\206\252e\205\310\012N\245\362\320\362"
  59      3F1A86AA 
  59      6585C80A 
  59      4EA5F2D0 
  59      F2
  60 0167 6E55A0BF 		.ascii	"nU\240\277\032r\312oL5SC\037\351N}xP\0240\232\316\245"
  60      1A72CA6F 
  60      4C355343 
  60      1FE94E7D 
  60      78501430 
ARM GAS  e:\temp\ccWMM62W.s 			page 4


  61 017e A53C4E94 		.ascii	"\245<N\224\0005AI\235\002\017Q\000\265 \177v}\340\327"
  61      00354149 
  61      9D020F51 
  61      00B5207F 
  61      767DE0D7 
  62 0192 17CB6B49 		.ascii	"\027\313kI\217\272\320\221\371F\305P},\0040Kz\015\376"
  62      8FBAD091 
  62      F946C550 
  62      7D2C0430 
  62      4B7A0DFE 
  63 01a6 C33D9149 		.ascii	"\303=\221I\272V\356\\~\261\024\364\270\240\364\233\363"
  63      BA56EE5C 
  63      7EB114F4 
  63      B8A0F49B 
  63      F3
  64 01b7 3ECFB771 		.ascii	">\317\267q\037i\356\234\346\232\036w\343?\327\362\270"
  64      1F69EE9C 
  64      E69A1E77 
  64      E33FD7F2 
  64      B8
  65 01c8 EF6A8BA3 		.ascii	"\357j\213\243;<\356.<\336\312\015\222\256\225\273P\270"
  65      3B3CEE2E 
  65      3CDECA0D 
  65      92AE95BB 
  65      50B8
  66 01da 34B9C955 		.ascii	"4\271\311U\366\347\027+\277\255m\334'\232\373Ts\203"
  66      F6E7172B 
  66      BFAD6DDC 
  66      279AFB54 
  66      7383
  67 01ec EC3B4DB5 		.ascii	"\354;M\265\324\241\374\372*k\034j\3304\372\275G\355"
  67      D4A1FCFA 
  67      2A6B1C6A 
  67      D834FABD 
  67      47ED
  68 01fe 3376229A 		.ascii	"3v\"\232\264\343'\273\373R\211\230\335s\254\273\357"
  68      B4E327BB 
  68      FB528998 
  68      DD73ACBB 
  68      EF
  69 020f C8C19ED8 		.ascii	"\310\301\236\330\205T\362T\357\271\3751\346\213\306"
  69      8554F254 
  69      EFB9FD31 
  69      E68BC6
  70 021e E309E37C 		.ascii	"\343\011\343|\2647e\233\311\323g\017S\366\017\315\350"
  70      B437659B 
  70      C9D3670F 
  70      53F60FCD 
  70      E8
  71 022f FA4A     		.ascii	"\372J"
  72              		.text
  73              		.section	.gnu.lto_CyGetReg24.62416e58,"",%progbits
  74 0000 789C6D52 		.ascii	"x\234mRMh\023A\024\236ofw\263\233\244\305\2037{\210"
  74      4D681341 
  74      149E6F66 
  74      77B39BA4 
  74      C583377B 
ARM GAS  e:\temp\ccWMM62W.s 			page 5


  75 0015 6028B9E8 		.ascii	"`(\271\350E<+\036\274\212\275\026\244$9\010\325Jm\005"
  75      453C2B1E 
  75      BC8ABD16 
  75      A4243908 
  75      D54A6D05 
  76 0029 4FDD26D9 		.ascii	"O\335&\331\006\177@\017Z\222j\033D\244?\032\333X\253"
  76      067F400F 
  76      5A926A1B 
  76      44A43F1A 
  76      DB58AB
  77 003c 428BC622 		.ascii	"B\213\306\"=\204Z\261*Z\360 \265\250xJ\264\245b\265"
  77      3D845AB1 
  77      2A5AF020 
  77      B5A8784A 
  77      B4A562B5 
  78 0050 F1BDDD50 		.ascii	"\361\275\335P\214:\2603\363\276}\337\367\276\2317\232"
  78      8C3AB033 
  78      F3BE7DDF 
  78      F7BE9937 
  78      9A
  79 0061 80E0B15F 		.ascii	"\200\340\261_\011\261\217\326\035\364A\011\310K\013"
  79      09B18FD6 
  79      1DF44109 
  79      C84B0B
  80 0070 42F49A12 		.ascii	"B\364\232\022\340\215mB\364H\364`M\376\222x\221\232"
  80      E08D6D42 
  80      F448F460 
  80      4DFE9278 
  80      919A
  81 0082 B8A656A5 		.ascii	"\270\246V\245Ci\032\205\225g\003\037\0329\004B\024^"
  81      43691A85 
  81      9567031F 
  81      1A390442 
  81      145E
  82 0094 B517CFFA 		.ascii	"\265\027\317\372\"\303\266\235\260\337;C\333\263#E\315"
  82      22C3B69D 
  82      B0DF3B43 
  82      DBB32345 
  82      CD
  83 00a5 515254A5 		.ascii	"QRT\245\300\010\2320\214&.1\212\010\345^\236\314;\226"
  83      C0089A30 
  83      8C262E31 
  83      8A08E55E 
  83      9ECC3B96 
  84 00b9 DA0541FB 		.ascii	"\332\005A\373\205\245\271\276\306\346\233\314\263\337"
  84      85A5B9BE 
  84      C6E69BCC 
  84      B3DF
  85 00c7 C46DCB51 		.ascii	"\304m\313Q\012cP\177\362\010\022\270\205fN\3774\223"
  85      0A63507F 
  85      F20812B8 
  85      85664EFF 
  85      3493
  86 00d9 7E051571 		.ascii	"~\005\025q\251S\217\336f\374\341\033L-\256\027\220\265"
  86      A9538FDE 
  86      66FCE11B 
  86      4C2DAE17 
ARM GAS  e:\temp\ccWMM62W.s 			page 6


  86      90B5
  87 00eb 8BA910D5 		.ascii	"\213\251\020\325\304\355z:\017\312\236\036[zm\251=."
  87      C4ED7A3A 
  87      0FCA9E1E 
  87      5B7A6DA9 
  87      3D2E
  88 00fd F3692551 		.ascii	"\363i%Q\322k\314\265\274\25415\334\371/s\271\260y\245"
  88      D26BCCB5 
  88      BCAC3135 
  88      DCF92F73 
  88      B9B079A5 
  89 0111 C148D934 		.ascii	"\301H\3314B\030G\030y\204\371`t\236\011\030t\221`d\374"
  89      42184718 
  89      7984F960 
  89      749E0918 
  89      74916064 
  90 0126 48D1AE56 		.ascii	"H\321\256V\223v\361[\370I\306h\000\330\262\"\363\272"
  90      9376F15B 
  90      F849C668 
  90      00D8B222 
  90      F3BA
  91 0138 26F8BFCE 		.ascii	"&\370\277\316[\203&\303\307\223\351\202\026\203~\216"
  91      5B8326C3 
  91      C793E982 
  91      16837E8E 
  92 0148 033C055D 		.ascii	"\003<\005]P\2102\211s\003*R\362\252\226\221(nL\301-"
  92      50883289 
  92      73032A52 
  92      F2AA9691 
  92      286E4CC1 
  93 015d 4706920A 		.ascii	"G\006\222\012\342#f\177\234\333\\\267\030K*E6\373\235"
  93      E223667F 
  93      9CDB5CB7 
  93      184B2A45 
  93      36FB9D
  94 0170 D9E73E6E 		.ascii	"\331\347>n\210\346\236\361z%{Q\3450\330\233\202\243"
  94      88E69EF1 
  94      7A257B51 
  94      E530D89B 
  94      82A3
  95 0182 7C444181 		.ascii	"|DA\201\217\204\273\3101;\3615\275\"=\262F|\261\014"
  95      8F84BBC8 
  95      313BF135 
  95      BD223DB2 
  95      467CB10C 
  96 0196 37E2FA84 		.ascii	"7\342\372\204x\362s\231!x):_wz\276\340\367\364A\341"
  96      78F27399 
  96      2178293A 
  96      5F777ABE 
  96      E0F7F441 
  97 01ab 67E7655A 		.ascii	"g\347eZ\326\351O\272\372\367\266\364\177\326\364\231"
  97      D6E94FBA 
  97      FAF7B6F4 
  97      7FD6F499 
  98 01bb 4F48B2DC 		.ascii	"OH\262\334\267\242{\010\245\033$10\275Z\322Y\321\204"
  98      B7A27B08 
  98      A51B2431 
ARM GAS  e:\temp\ccWMM62W.s 			page 7


  98      30BD5AD2 
  98      59D184
  99 01ce 89296253 		.ascii	"\211)bS\322\367\276w5\232\351:\363\325;3=g\013[\316"
  99      D2F7BE77 
  99      359AE93A 
  99      F3D53B33 
  99      3D670B5B 
 100 01e3 2CD299C9 		.ascii	",\322\231\311]\030\2559\343\207\372\370|i\303\252sv"
 100      5D18AD39 
 100      E387FAF8 
 100      7C69C3AA 
 100      7376
 101 01f5 DF75F6E0 		.ascii	"\337u\366\340\037g~\342\327;\013\020H\022\213\345\371"
 101      1F677EE2 
 101      D73B0B10 
 101      48128BE5 
 101      F9
 102 0206 C180E76C 		.ascii	"\301\200\347l\033\036\376\355,\350\232\013\324;\013"
 102      1B1EFEED 
 102      2CE89A0B 
 102      D43B0B
 103 0215 8A2FD4A5 		.ascii	"\212/\324\245~\243\226\302o\247,\301\355\243f\356<\024"
 103      7EA396C2 
 103      6FA72CC1 
 103      EDA366EE 
 103      3C14
 104 0227 3F11EF6C 		.ascii	"?\021\357l\353\212\307\216\266ttwF\343\255\207[:\016"
 104      EB8AC78E 
 104      B6747477 
 104      46E3AD87 
 104      5B3A0E
 105 023a EE6D8D9E 		.ascii	"\356m\215\236\351\356:\326~jwThm\261X\247~\272\255\275"
 105      E9EE3AD6 
 105      7E6A7754 
 105      686DB158 
 105      A77EBAAD 
 106 024f 3BEEEB3A 		.ascii	";\356\353:~\362\000E\277\001\275\253\025\317"
 106      7EF20045 
 106      BF01BDAB 
 106      15CF
 107              		.text
 108              		.section	.gnu.lto_.symbol_nodes.62416e58,"",%progbits
 109 0000 789C6361 		.ascii	"x\234ca`dPa\000\002&\206z\006\206\011\347\030@\324\256"
 109      60645061 
 109      00022686 
 109      7A068609 
 109      E71840D4 
 110 0015 0645A000 		.ascii	"\006E\240\000c=#\212\000\003\000\217\325\007\236"
 110      633D238A 
 110      0003008F 
 110      D5079E
 111              		.text
 112              		.section	.gnu.lto_.refs.62416e58,"",%progbits
 113 0000 789C6361 		.ascii	"x\234ca`\004B \000\000\0009\000\007"
 113      60044220 
 113      00000039 
 113      0007
ARM GAS  e:\temp\ccWMM62W.s 			page 8


 114              		.text
 115              		.section	.gnu.lto_.decls.62416e58,"",%progbits
 116 0000 789C8D52 		.ascii	"x\234\215RML\023A\024\236\267[j\273 %\204\020\016kR"
 116      4D4C1341 
 116      149EB75B 
 116      6ABB2025 
 116      84100E6B 
 117 0015 B9C0A991 		.ascii	"\271\300\251\221\237\203'/$\342\311?\"'\022\203\330"
 117      9F83272F 
 117      24E2C93F 
 117      22271283 
 117      D8
 118 0026 28090185 		.ascii	"(\011\001\205r\340\266)?Q\303\241\250\0200\222\240Q"
 118      72E0B629 
 118      3F51C3A1 
 118      A8103092 
 118      A051
 119 0038 2882B40A 		.ascii	"(\202\264\012\"\025\255\225\237b\214\036\004\243\002"
 119      2215AD95 
 119      9F628C1E 
 119      04A302
 120 0047 1A4AA007 		.ascii	"\032J\240\007\023\214\240D\203\004\353\233\231mw\213"
 120      138CA044 
 120      8304EB9B 
 120      996D778B 
 121 0057 1A79E9DB 		.ascii	"\032y\351\333\231y}\357\233\367}\363\014\004\010\265"
 121      99797DEF 
 121      9BF77DF3 
 121      0C0408B5 
 122 0067 450321E7 		.ascii	"E\003!\347q\015\240G\320D\\\213\211f\002\372\010\272"
 122      710DA047 
 122      D0445C8B 
 122      896602FA 
 122      08BA
 123 0079 9FFC6934 		.ascii	"\237\374i4.\251\371\251\350i\350\203\350\036\364It\031"
 123      2EA9F9A9 
 123      E869E883 
 123      E81EF449 
 123      7419
 124 008b 3D0B7D02 		.ascii	"=\013}\002\375\210Z\003j\335v\243\370f\035\016\305\030"
 124      FD885A03 
 124      6ADD76A3 
 124      F8661D0E 
 124      C518
 125 009d 459FD2E1 		.ascii	"E\237\322\341\004\267\341\374\255\247-\001\"\235\003"
 125      04B7E1FC 
 125      ADA72D01 
 125      229D03
 126 00ac 6EF33CCC 		.ascii	"n\363<\314\202\000*I\002\300\277\300\234pgG\334\010"
 126      82002A49 
 126      02C0BFC0 
 126      9C706747 
 126      DC08
 127 00be EC4B62A1 		.ascii	"\354Kb\241\330B\350\227\360|\026\323\300\330/\272F\242"
 127      D842E897 
 127      F07C16D3 
 127      C0D82FBA 
ARM GAS  e:\temp\ccWMM62W.s 			page 9


 127      46A2
 128 00d0 C6403474 		.ascii	"\306@4tP\213 \326\001\257\342\377\013j\032\341\340\202"
 128      508B20D6 
 128      01AFE2FF 
 128      0B6A1AE1 
 128      E082
 129 00e2 56A0C3E3 		.ascii	"V\240\303\343\355\352z\202xN\020%}\325\331\331h\026"
 129      EDEA7A82 
 129      784E1025 
 129      7DD5D9D9 
 129      6816
 130 00f4 1113F70B 		.ascii	"\021\023\367\013\033\356\203\266~\005\315\245(\302\036"
 130      1BEE83B6 
 130      7E05CDA5 
 130      28C21E
 131 0103 4D998FCF 		.ascii	"M\231\217\317{\373\304u\001\262$\240\360\026\014yV|"
 131      7BFBC475 
 131      01B224A0 
 131      F0160C79 
 131      567C
 132 0115 1BBB7988 		.ascii	"\033\273y\210f\274X\010\1775\213\351l\377\272\301{\235"
 132      66BC5808 
 132      7F358BE9 
 132      6CFFBAC1 
 132      7B9D
 133 0127 66A74A60 		.ascii	"f\247J`\300\343\332\253kK\311xL\223\300\272%\010\323"
 133      C0E3DAAB 
 133      6B4BC978 
 133      4C93C0BA 
 133      2508D3
 134 013a 1D2B0B46 		.ascii	"\035+\013F\220\262/(\212Sq\325+\251\207\010\014\200"
 134      90B22F28 
 134      8A5371D5 
 134      2BA98708 
 134      0C80
 135 014c 0C774126 		.ascii	"\014wA&\340\205l\212\330\0136\002}\030\274\203\301n"
 135      E0856C8A 
 135      D80B3602 
 135      7D18BC83 
 135      C16E
 136 015e DA506873 		.ascii	"\332Phs\344\200OQR\300\003\022\364\203\310R\220F\226"
 136      E4804F51 
 136      52C00312 
 136      F483C852 
 136      904696
 137 0171 A4BE5D68 		.ascii	"\244\276]h\310%\030p\350X\302)\003\215]\\l\235K\220"
 137      C8251870 
 137      E858C229 
 137      038D5D5C 
 137      6C9D4B90 
 138 0185 F09EFA1D 		.ascii	"\360\236\372\035\335\203\025\233_ffMI\227b\235\301}"
 138      DD83159B 
 138      5F66664D 
 138      4997629D 
 138      C17D
 139 0197 048B1611 		.ascii	"\004\213\026\021\030\204$U\220\346\246\266u`\327a\014"
 139      18842455 
ARM GAS  e:\temp\ccWMM62W.s 			page 10


 139      90E6A6B6 
 139      7560D761 
 139      0C
 140 01a8 EE01BB6F 		.ascii	"\356\001\273o2\362#`\341\274\005<N\257\276\354L\344"
 140      32F22360 
 140      E1BC053C 
 140      4EAFBEEC 
 140      4CE4
 141 01ba BC53E8D1 		.ascii	"\274S\350\321\351_\0213\332(\031l\310*@q:\014#\364\003"
 141      E95F1133 
 141      DA28196C 
 141      C82A4071 
 141      3A0C23F4 
 142 01cf 06FD1032 		.ascii	"\006\375\0202\360;\204@\014\277)\364y11\263K\351\362"
 142      F03B8440 
 142      0CBF29F4 
 142      793131B3 
 142      4BE9F2
 143 01e2 2AA1C8D6 		.ascii	"*\241\310\326\261\226z\305\215eV\232\006n\215=n\351"
 143      B1967AC5 
 143      8D65569A 
 143      066E8D3D 
 143      6EE9
 144 01f4 D203F3F8 		.ascii	"\322\003\363\370\272#\220\211\225\303\337\347n'\211"
 144      BA239089 
 144      95C3DFE7 
 144      6E2789
 145 0203 A5EC21C2 		.ascii	"\245\354!\302W\374AcT\000\327N\004hl\356\011[\364\002"
 145      57FC4163 
 145      5400D74E 
 145      04686CEE 
 145      095BF402 
 146 0217 3C8A1360 		.ascii	"<\212\023`4&\300\345\260\257\313\302\004\300\230\252"
 146      3426C0E5 
 146      B0AFCBC2 
 146      04C098AA 
 147 0227 F7ADF7CD 		.ascii	"\367\255\367\315\253\273\364\014\351Sh\024\2370\212"
 147      ABBBF40C 
 147      E9536814 
 147      9F308A
 148 0236 8FA31437 		.ascii	"\217\243\0247\336\215}\2208\305\300\332\015\350P\002"
 148      DE8D7D90 
 148      38C5C0DA 
 148      0DE85002 
 149 0246 4EAC1368 		.ascii	"N\254\023h\032\3704\212>=E?\243\350i\\\3565\241\260"
 149      1AF8348A 
 149      3E3D453F 
 149      A3E8695C 
 149      EE35A1B0 
 150 025a 324E23E8 		.ascii	"2N#\350FQ\346\243\330\321\262\364+Q\254\240{af\251\357"
 150      4651E6A3 
 150      D8D1B2F4 
 150      2B51ACA0 
 150      7B6166A9 
 151 026f 9301B225 		.ascii	"\223\001\262%u\206\274|\206\306\261\257g\332\0252\235"
 151      7586BC7C 
 151      86C6B1AF 
ARM GAS  e:\temp\ccWMM62W.s 			page 11


 151      67DA1532 
 151      9D
 152 0280 21368EAB 		.ascii	"!6\216\2537\025c\006\201<\031\366\241Fc\250\221\254"
 152      37156306 
 152      813C19F6 
 152      A14663A8 
 152      91AC
 153 0292 6A14401A 		.ascii	"j\024@\032O\271F\353\015\337\336\252\252\356(\277\275"
 153      4FB946EB 
 153      0DDFDEAA 
 153      AAEE28BF 
 153      BD
 154 02a3 B5FB67B2 		.ascii	"\265\373g\262^\323\2118M'\271\246t\305d\357\233\345"
 154      5ED38938 
 154      4D27B9A6 
 154      74C564EF 
 154      9BE5
 155 02b5 765314DC 		.ascii	"vS\024\334\365\177p\367\370\370\274\250\007\017\306"
 155      F57F70F7 
 155      F8F8BCA8 
 155      070FC6
 156 02c4 814FA9E0 		.ascii	"\201O\251\340t\225\012\352\212\354\216\343\3663\271"
 156      74950AEA 
 156      8AEC8EE3 
 156      F633B9
 157 02d3 F9A6C2C3 		.ascii	"\371\246\302\303'\254\00599\304X[^\351\310\313\335["
 157      27AC0539 
 157      39C4585B 
 157      5EE9C8CB 
 157      DD5B
 158 02e5 68AFB457 		.ascii	"h\257\264W\227:\354\247O\026U\325V\227\331K\216\026"
 158      973AECA7 
 158      4F1655D5 
 158      5697D94B 
 158      8E16
 159 02f7 5515E497 		.ascii	"U\025\344\227\224\3259\352\316\331klg\311\2773j\035"
 159      94D539EA 
 159      CED96B6C 
 159      67C9BF33 
 159      6A1D
 160 0309 E51535B6 		.ascii	"\345\0255\2662\012_\250\302'P\324\375\277\001N0|\304"
 160      320A5FA8 
 160      C22750D4 
 160      FDBF014E 
 160      307CC4
 161              		.text
 162              		.section	.gnu.lto_.symtab.62416e58,"",%progbits
 163 0000 43795365 		.ascii	"CySetReg24\000"
 163      74526567 
 163      323400
 164 000b 00       		.ascii	"\000"
 165 000c 00       		.ascii	"\000"
 166 000d 00       		.ascii	"\000"
 167 000e 00000000 		.ascii	"\000\000\000\000\000\000\000\000"
 167      00000000 
 168 0016 B8000000 		.ascii	"\270\000\000\000"
 169 001a 43794765 		.ascii	"CyGetReg24\000"
ARM GAS  e:\temp\ccWMM62W.s 			page 12


 169      74526567 
 169      323400
 170 0025 00       		.ascii	"\000"
 171 0026 00       		.ascii	"\000"
 172 0027 00       		.ascii	"\000"
 173 0028 00000000 		.ascii	"\000\000\000\000\000\000\000\000"
 173      00000000 
 174 0030 BE000000 		.ascii	"\276\000\000\000"
 175              		.text
 176              		.section	.gnu.lto_.opts,"",%progbits
 177 0000 272D666D 		.ascii	"'-fmath-errno' '-fsigned-zeros' '-ftrapping-math' '"
 177      6174682D 
 177      6572726E 
 177      6F272027 
 177      2D667369 
 178 0033 2D666E6F 		.ascii	"-fno-trapv' '-fno-openmp' '-fno-openacc' '-mcpu=cor"
 178      2D747261 
 178      70762720 
 178      272D666E 
 178      6F2D6F70 
 179 0066 7465782D 		.ascii	"tex-m0' '-mthumb' '-g' '-Os' '-Werror' '-ffunction-"
 179      6D302720 
 179      272D6D74 
 179      68756D62 
 179      2720272D 
 180 0099 73656374 		.ascii	"sections' '-ffat-lto-objects' '-finline-functions' "
 180      696F6E73 
 180      2720272D 
 180      66666174 
 180      2D6C746F 
 181 00cc 272D666C 		.ascii	"'-flto' '-fno-strict-aliasing'\000"
 181      746F2720 
 181      272D666E 
 181      6F2D7374 
 181      72696374 
 182              		.text
 183              		.cfi_sections	.debug_frame
 184              		.section	.text.CySetReg24,"ax",%progbits
 185              		.align	1
 186              		.global	CySetReg24
 187              		.code	16
 188              		.thumb_func
 189              		.type	CySetReg24, %function
 190              	CySetReg24:
 191              	.LFB0:
 192              		.file 1 "Generated_Source\\PSoC4\\cyutils.c"
   1:Generated_Source\PSoC4/cyutils.c **** /***************************************************************************//**
   2:Generated_Source\PSoC4/cyutils.c **** * \file cyutils.c
   3:Generated_Source\PSoC4/cyutils.c **** * \version 5.70
   4:Generated_Source\PSoC4/cyutils.c **** *
   5:Generated_Source\PSoC4/cyutils.c **** * \brief Provides a function to handle 24-bit value writes.
   6:Generated_Source\PSoC4/cyutils.c **** *
   7:Generated_Source\PSoC4/cyutils.c **** ********************************************************************************
   8:Generated_Source\PSoC4/cyutils.c **** * \copyright
   9:Generated_Source\PSoC4/cyutils.c **** * Copyright 2008-2018, Cypress Semiconductor Corporation.  All rights reserved.
  10:Generated_Source\PSoC4/cyutils.c **** * You may use this file only in accordance with the license, terms, conditions,
  11:Generated_Source\PSoC4/cyutils.c **** * disclaimers, and limitations in the end user license agreement accompanying
ARM GAS  e:\temp\ccWMM62W.s 			page 13


  12:Generated_Source\PSoC4/cyutils.c **** * the software package with which this file was provided.
  13:Generated_Source\PSoC4/cyutils.c **** *******************************************************************************/
  14:Generated_Source\PSoC4/cyutils.c **** 
  15:Generated_Source\PSoC4/cyutils.c **** #include "cytypes.h"
  16:Generated_Source\PSoC4/cyutils.c **** 
  17:Generated_Source\PSoC4/cyutils.c **** #if (!CY_PSOC3)
  18:Generated_Source\PSoC4/cyutils.c **** 
  19:Generated_Source\PSoC4/cyutils.c ****     /***************************************************************************
  20:Generated_Source\PSoC4/cyutils.c ****     * Function Name: CySetReg24
  21:Generated_Source\PSoC4/cyutils.c ****     ************************************************************************//**
  22:Generated_Source\PSoC4/cyutils.c ****     *
  23:Generated_Source\PSoC4/cyutils.c ****     * Writes a 24-bit value to the specified register.
  24:Generated_Source\PSoC4/cyutils.c ****     *
  25:Generated_Source\PSoC4/cyutils.c ****     * \param addr The address where data must be written.
  26:Generated_Source\PSoC4/cyutils.c ****     * \param value The data that must be written.
  27:Generated_Source\PSoC4/cyutils.c ****     *
  28:Generated_Source\PSoC4/cyutils.c ****     * \reentrant No
  29:Generated_Source\PSoC4/cyutils.c ****     *
  30:Generated_Source\PSoC4/cyutils.c ****     ***************************************************************************/
  31:Generated_Source\PSoC4/cyutils.c ****     void CySetReg24(uint32 volatile * addr, uint32 value)
  32:Generated_Source\PSoC4/cyutils.c ****     {
 193              		.loc 1 32 0
 194              		.cfi_startproc
 195              		@ args = 0, pretend = 0, frame = 0
 196              		@ frame_needed = 0, uses_anonymous_args = 0
 197              		@ link register save eliminated.
 198              	.LVL0:
  33:Generated_Source\PSoC4/cyutils.c ****         uint8 volatile *tmpAddr;
  34:Generated_Source\PSoC4/cyutils.c **** 
  35:Generated_Source\PSoC4/cyutils.c ****         tmpAddr = (uint8 volatile *) addr;
  36:Generated_Source\PSoC4/cyutils.c **** 
  37:Generated_Source\PSoC4/cyutils.c ****         tmpAddr[0u] = (uint8) value;
 199              		.loc 1 37 0
 200 0000 CBB2     		uxtb	r3, r1
 201 0002 0370     		strb	r3, [r0]
  38:Generated_Source\PSoC4/cyutils.c ****         tmpAddr[1u] = (uint8) (value >> 8u);
 202              		.loc 1 38 0
 203 0004 0B0A     		lsrs	r3, r1, #8
  39:Generated_Source\PSoC4/cyutils.c ****         tmpAddr[2u] = (uint8) (value >> 16u);
 204              		.loc 1 39 0
 205 0006 090C     		lsrs	r1, r1, #16
 206              	.LVL1:
  38:Generated_Source\PSoC4/cyutils.c ****         tmpAddr[1u] = (uint8) (value >> 8u);
 207              		.loc 1 38 0
 208 0008 DBB2     		uxtb	r3, r3
 209              		.loc 1 39 0
 210 000a C9B2     		uxtb	r1, r1
  38:Generated_Source\PSoC4/cyutils.c ****         tmpAddr[1u] = (uint8) (value >> 8u);
 211              		.loc 1 38 0
 212 000c 4370     		strb	r3, [r0, #1]
  40:Generated_Source\PSoC4/cyutils.c ****     }
 213              		.loc 1 40 0
 214              		@ sp needed
  39:Generated_Source\PSoC4/cyutils.c ****         tmpAddr[2u] = (uint8) (value >> 16u);
 215              		.loc 1 39 0
 216 000e 8170     		strb	r1, [r0, #2]
 217              		.loc 1 40 0
ARM GAS  e:\temp\ccWMM62W.s 			page 14


 218 0010 7047     		bx	lr
 219              		.cfi_endproc
 220              	.LFE0:
 221              		.size	CySetReg24, .-CySetReg24
 222              		.section	.text.CyGetReg24,"ax",%progbits
 223              		.align	1
 224              		.global	CyGetReg24
 225              		.code	16
 226              		.thumb_func
 227              		.type	CyGetReg24, %function
 228              	CyGetReg24:
 229              	.LFB1:
  41:Generated_Source\PSoC4/cyutils.c **** 
  42:Generated_Source\PSoC4/cyutils.c **** 
  43:Generated_Source\PSoC4/cyutils.c ****     #if(CY_PSOC4)
  44:Generated_Source\PSoC4/cyutils.c **** 
  45:Generated_Source\PSoC4/cyutils.c ****         /***************************************************************************
  46:Generated_Source\PSoC4/cyutils.c ****         * Function Name: CyGetReg24
  47:Generated_Source\PSoC4/cyutils.c ****         ************************************************************************//**
  48:Generated_Source\PSoC4/cyutils.c ****         *
  49:Generated_Source\PSoC4/cyutils.c ****         * Reads the 24-bit value from the specified register.
  50:Generated_Source\PSoC4/cyutils.c ****         *
  51:Generated_Source\PSoC4/cyutils.c ****         * \param addr The address where data must be read.
  52:Generated_Source\PSoC4/cyutils.c ****         *
  53:Generated_Source\PSoC4/cyutils.c ****         * \reentrant No
  54:Generated_Source\PSoC4/cyutils.c ****         *
  55:Generated_Source\PSoC4/cyutils.c ****         ***************************************************************************/
  56:Generated_Source\PSoC4/cyutils.c ****         uint32 CyGetReg24(uint32 const volatile * addr)
  57:Generated_Source\PSoC4/cyutils.c ****         {
 230              		.loc 1 57 0
 231              		.cfi_startproc
 232              		@ args = 0, pretend = 0, frame = 0
 233              		@ frame_needed = 0, uses_anonymous_args = 0
 234              		@ link register save eliminated.
 235              	.LVL2:
 236              		.loc 1 57 0
 237 0000 0300     		movs	r3, r0
  58:Generated_Source\PSoC4/cyutils.c ****             uint8 const volatile *tmpAddr;
  59:Generated_Source\PSoC4/cyutils.c ****             uint32 value;
  60:Generated_Source\PSoC4/cyutils.c **** 
  61:Generated_Source\PSoC4/cyutils.c ****             tmpAddr = (uint8 const volatile *) addr;
  62:Generated_Source\PSoC4/cyutils.c **** 
  63:Generated_Source\PSoC4/cyutils.c ****             value  =  (uint32) tmpAddr[0u];
 238              		.loc 1 63 0
 239 0002 0278     		ldrb	r2, [r0]
 240              	.LVL3:
  64:Generated_Source\PSoC4/cyutils.c ****             value |= ((uint32) tmpAddr[1u] << 8u );
 241              		.loc 1 64 0
 242 0004 4078     		ldrb	r0, [r0, #1]
 243              	.LVL4:
  65:Generated_Source\PSoC4/cyutils.c ****             value |= ((uint32) tmpAddr[2u] << 16u);
 244              		.loc 1 65 0
 245 0006 9B78     		ldrb	r3, [r3, #2]
 246              	.LVL5:
  66:Generated_Source\PSoC4/cyutils.c **** 
  67:Generated_Source\PSoC4/cyutils.c ****             return(value);
 247              		.loc 1 67 0
ARM GAS  e:\temp\ccWMM62W.s 			page 15


 248 0008 0002     		lsls	r0, r0, #8
 249              	.LVL6:
 250 000a 1B04     		lsls	r3, r3, #16
 251 000c 1843     		orrs	r0, r3
 252 000e 1043     		orrs	r0, r2
  68:Generated_Source\PSoC4/cyutils.c ****         }
 253              		.loc 1 68 0
 254              		@ sp needed
 255 0010 7047     		bx	lr
 256              		.cfi_endproc
 257              	.LFE1:
 258              		.size	CyGetReg24, .-CyGetReg24
 259              		.text
 260              	.Letext0:
 261              		.file 2 "Generated_Source\\PSoC4\\cytypes.h"
 262              		.section	.debug_info,"",%progbits
 263              	.Ldebug_info0:
 264 0000 47010000 		.4byte	0x147
 265 0004 0400     		.2byte	0x4
 266 0006 00000000 		.4byte	.Ldebug_abbrev0
 267 000a 04       		.byte	0x4
 268 000b 01       		.uleb128 0x1
 269 000c 94000000 		.4byte	.LASF17
 270 0010 0C       		.byte	0xc
 271 0011 50010000 		.4byte	.LASF18
 272 0015 A9010000 		.4byte	.LASF19
 273 0019 00000000 		.4byte	.Ldebug_ranges0+0
 274 001d 00000000 		.4byte	0
 275 0021 00000000 		.4byte	.Ldebug_line0
 276 0025 02       		.uleb128 0x2
 277 0026 01       		.byte	0x1
 278 0027 06       		.byte	0x6
 279 0028 9D010000 		.4byte	.LASF0
 280 002c 02       		.uleb128 0x2
 281 002d 01       		.byte	0x1
 282 002e 08       		.byte	0x8
 283 002f 27000000 		.4byte	.LASF1
 284 0033 02       		.uleb128 0x2
 285 0034 02       		.byte	0x2
 286 0035 05       		.byte	0x5
 287 0036 84010000 		.4byte	.LASF2
 288 003a 02       		.uleb128 0x2
 289 003b 02       		.byte	0x2
 290 003c 07       		.byte	0x7
 291 003d 4F000000 		.4byte	.LASF3
 292 0041 02       		.uleb128 0x2
 293 0042 04       		.byte	0x4
 294 0043 05       		.byte	0x5
 295 0044 94010000 		.4byte	.LASF4
 296 0048 02       		.uleb128 0x2
 297 0049 04       		.byte	0x4
 298 004a 07       		.byte	0x7
 299 004b 3D000000 		.4byte	.LASF5
 300 004f 02       		.uleb128 0x2
 301 0050 08       		.byte	0x8
 302 0051 05       		.byte	0x5
 303 0052 71010000 		.4byte	.LASF6
ARM GAS  e:\temp\ccWMM62W.s 			page 16


 304 0056 02       		.uleb128 0x2
 305 0057 08       		.byte	0x8
 306 0058 07       		.byte	0x7
 307 0059 7D000000 		.4byte	.LASF7
 308 005d 03       		.uleb128 0x3
 309 005e 04       		.byte	0x4
 310 005f 05       		.byte	0x5
 311 0060 696E7400 		.ascii	"int\000"
 312 0064 02       		.uleb128 0x2
 313 0065 04       		.byte	0x4
 314 0066 07       		.byte	0x7
 315 0067 70000000 		.4byte	.LASF8
 316 006b 04       		.uleb128 0x4
 317 006c 8E010000 		.4byte	.LASF9
 318 0070 02       		.byte	0x2
 319 0071 E401     		.2byte	0x1e4
 320 0073 2C000000 		.4byte	0x2c
 321 0077 04       		.uleb128 0x4
 322 0078 69000000 		.4byte	.LASF10
 323 007c 02       		.byte	0x2
 324 007d E601     		.2byte	0x1e6
 325 007f 48000000 		.4byte	0x48
 326 0083 02       		.uleb128 0x2
 327 0084 04       		.byte	0x4
 328 0085 04       		.byte	0x4
 329 0086 21000000 		.4byte	.LASF11
 330 008a 02       		.uleb128 0x2
 331 008b 08       		.byte	0x8
 332 008c 04       		.byte	0x4
 333 008d 62000000 		.4byte	.LASF12
 334 0091 02       		.uleb128 0x2
 335 0092 01       		.byte	0x1
 336 0093 08       		.byte	0x8
 337 0094 7F010000 		.4byte	.LASF13
 338 0098 05       		.uleb128 0x5
 339 0099 6B000000 		.4byte	0x6b
 340 009d 05       		.uleb128 0x5
 341 009e 77000000 		.4byte	0x77
 342 00a2 06       		.uleb128 0x6
 343 00a3 11000000 		.4byte	.LASF20
 344 00a7 01       		.byte	0x1
 345 00a8 1F       		.byte	0x1f
 346 00a9 00000000 		.4byte	.LFB0
 347 00ad 12000000 		.4byte	.LFE0-.LFB0
 348 00b1 01       		.uleb128 0x1
 349 00b2 9C       		.byte	0x9c
 350 00b3 E1000000 		.4byte	0xe1
 351 00b7 07       		.uleb128 0x7
 352 00b8 1C000000 		.4byte	.LASF14
 353 00bc 01       		.byte	0x1
 354 00bd 1F       		.byte	0x1f
 355 00be E1000000 		.4byte	0xe1
 356 00c2 01       		.uleb128 0x1
 357 00c3 50       		.byte	0x50
 358 00c4 08       		.uleb128 0x8
 359 00c5 00000000 		.4byte	.LASF15
 360 00c9 01       		.byte	0x1
ARM GAS  e:\temp\ccWMM62W.s 			page 17


 361 00ca 1F       		.byte	0x1f
 362 00cb 77000000 		.4byte	0x77
 363 00cf 00000000 		.4byte	.LLST0
 364 00d3 09       		.uleb128 0x9
 365 00d4 35000000 		.4byte	.LASF16
 366 00d8 01       		.byte	0x1
 367 00d9 21       		.byte	0x21
 368 00da E7000000 		.4byte	0xe7
 369 00de 01       		.uleb128 0x1
 370 00df 50       		.byte	0x50
 371 00e0 00       		.byte	0
 372 00e1 0A       		.uleb128 0xa
 373 00e2 04       		.byte	0x4
 374 00e3 9D000000 		.4byte	0x9d
 375 00e7 0A       		.uleb128 0xa
 376 00e8 04       		.byte	0x4
 377 00e9 98000000 		.4byte	0x98
 378 00ed 0B       		.uleb128 0xb
 379 00ee 06000000 		.4byte	.LASF21
 380 00f2 01       		.byte	0x1
 381 00f3 38       		.byte	0x38
 382 00f4 77000000 		.4byte	0x77
 383 00f8 00000000 		.4byte	.LFB1
 384 00fc 12000000 		.4byte	.LFE1-.LFB1
 385 0100 01       		.uleb128 0x1
 386 0101 9C       		.byte	0x9c
 387 0102 34010000 		.4byte	0x134
 388 0106 08       		.uleb128 0x8
 389 0107 1C000000 		.4byte	.LASF14
 390 010b 01       		.byte	0x1
 391 010c 38       		.byte	0x38
 392 010d 34010000 		.4byte	0x134
 393 0111 21000000 		.4byte	.LLST1
 394 0115 0C       		.uleb128 0xc
 395 0116 35000000 		.4byte	.LASF16
 396 011a 01       		.byte	0x1
 397 011b 3A       		.byte	0x3a
 398 011c 3F010000 		.4byte	0x13f
 399 0120 4D000000 		.4byte	.LLST2
 400 0124 0C       		.uleb128 0xc
 401 0125 00000000 		.4byte	.LASF15
 402 0129 01       		.byte	0x1
 403 012a 3B       		.byte	0x3b
 404 012b 77000000 		.4byte	0x77
 405 012f 79000000 		.4byte	.LLST3
 406 0133 00       		.byte	0
 407 0134 0A       		.uleb128 0xa
 408 0135 04       		.byte	0x4
 409 0136 3A010000 		.4byte	0x13a
 410 013a 0D       		.uleb128 0xd
 411 013b 9D000000 		.4byte	0x9d
 412 013f 0A       		.uleb128 0xa
 413 0140 04       		.byte	0x4
 414 0141 45010000 		.4byte	0x145
 415 0145 0D       		.uleb128 0xd
 416 0146 98000000 		.4byte	0x98
 417 014a 00       		.byte	0
ARM GAS  e:\temp\ccWMM62W.s 			page 18


 418              		.section	.debug_abbrev,"",%progbits
 419              	.Ldebug_abbrev0:
 420 0000 01       		.uleb128 0x1
 421 0001 11       		.uleb128 0x11
 422 0002 01       		.byte	0x1
 423 0003 25       		.uleb128 0x25
 424 0004 0E       		.uleb128 0xe
 425 0005 13       		.uleb128 0x13
 426 0006 0B       		.uleb128 0xb
 427 0007 03       		.uleb128 0x3
 428 0008 0E       		.uleb128 0xe
 429 0009 1B       		.uleb128 0x1b
 430 000a 0E       		.uleb128 0xe
 431 000b 55       		.uleb128 0x55
 432 000c 17       		.uleb128 0x17
 433 000d 11       		.uleb128 0x11
 434 000e 01       		.uleb128 0x1
 435 000f 10       		.uleb128 0x10
 436 0010 17       		.uleb128 0x17
 437 0011 00       		.byte	0
 438 0012 00       		.byte	0
 439 0013 02       		.uleb128 0x2
 440 0014 24       		.uleb128 0x24
 441 0015 00       		.byte	0
 442 0016 0B       		.uleb128 0xb
 443 0017 0B       		.uleb128 0xb
 444 0018 3E       		.uleb128 0x3e
 445 0019 0B       		.uleb128 0xb
 446 001a 03       		.uleb128 0x3
 447 001b 0E       		.uleb128 0xe
 448 001c 00       		.byte	0
 449 001d 00       		.byte	0
 450 001e 03       		.uleb128 0x3
 451 001f 24       		.uleb128 0x24
 452 0020 00       		.byte	0
 453 0021 0B       		.uleb128 0xb
 454 0022 0B       		.uleb128 0xb
 455 0023 3E       		.uleb128 0x3e
 456 0024 0B       		.uleb128 0xb
 457 0025 03       		.uleb128 0x3
 458 0026 08       		.uleb128 0x8
 459 0027 00       		.byte	0
 460 0028 00       		.byte	0
 461 0029 04       		.uleb128 0x4
 462 002a 16       		.uleb128 0x16
 463 002b 00       		.byte	0
 464 002c 03       		.uleb128 0x3
 465 002d 0E       		.uleb128 0xe
 466 002e 3A       		.uleb128 0x3a
 467 002f 0B       		.uleb128 0xb
 468 0030 3B       		.uleb128 0x3b
 469 0031 05       		.uleb128 0x5
 470 0032 49       		.uleb128 0x49
 471 0033 13       		.uleb128 0x13
 472 0034 00       		.byte	0
 473 0035 00       		.byte	0
 474 0036 05       		.uleb128 0x5
ARM GAS  e:\temp\ccWMM62W.s 			page 19


 475 0037 35       		.uleb128 0x35
 476 0038 00       		.byte	0
 477 0039 49       		.uleb128 0x49
 478 003a 13       		.uleb128 0x13
 479 003b 00       		.byte	0
 480 003c 00       		.byte	0
 481 003d 06       		.uleb128 0x6
 482 003e 2E       		.uleb128 0x2e
 483 003f 01       		.byte	0x1
 484 0040 3F       		.uleb128 0x3f
 485 0041 19       		.uleb128 0x19
 486 0042 03       		.uleb128 0x3
 487 0043 0E       		.uleb128 0xe
 488 0044 3A       		.uleb128 0x3a
 489 0045 0B       		.uleb128 0xb
 490 0046 3B       		.uleb128 0x3b
 491 0047 0B       		.uleb128 0xb
 492 0048 27       		.uleb128 0x27
 493 0049 19       		.uleb128 0x19
 494 004a 11       		.uleb128 0x11
 495 004b 01       		.uleb128 0x1
 496 004c 12       		.uleb128 0x12
 497 004d 06       		.uleb128 0x6
 498 004e 40       		.uleb128 0x40
 499 004f 18       		.uleb128 0x18
 500 0050 9742     		.uleb128 0x2117
 501 0052 19       		.uleb128 0x19
 502 0053 01       		.uleb128 0x1
 503 0054 13       		.uleb128 0x13
 504 0055 00       		.byte	0
 505 0056 00       		.byte	0
 506 0057 07       		.uleb128 0x7
 507 0058 05       		.uleb128 0x5
 508 0059 00       		.byte	0
 509 005a 03       		.uleb128 0x3
 510 005b 0E       		.uleb128 0xe
 511 005c 3A       		.uleb128 0x3a
 512 005d 0B       		.uleb128 0xb
 513 005e 3B       		.uleb128 0x3b
 514 005f 0B       		.uleb128 0xb
 515 0060 49       		.uleb128 0x49
 516 0061 13       		.uleb128 0x13
 517 0062 02       		.uleb128 0x2
 518 0063 18       		.uleb128 0x18
 519 0064 00       		.byte	0
 520 0065 00       		.byte	0
 521 0066 08       		.uleb128 0x8
 522 0067 05       		.uleb128 0x5
 523 0068 00       		.byte	0
 524 0069 03       		.uleb128 0x3
 525 006a 0E       		.uleb128 0xe
 526 006b 3A       		.uleb128 0x3a
 527 006c 0B       		.uleb128 0xb
 528 006d 3B       		.uleb128 0x3b
 529 006e 0B       		.uleb128 0xb
 530 006f 49       		.uleb128 0x49
 531 0070 13       		.uleb128 0x13
ARM GAS  e:\temp\ccWMM62W.s 			page 20


 532 0071 02       		.uleb128 0x2
 533 0072 17       		.uleb128 0x17
 534 0073 00       		.byte	0
 535 0074 00       		.byte	0
 536 0075 09       		.uleb128 0x9
 537 0076 34       		.uleb128 0x34
 538 0077 00       		.byte	0
 539 0078 03       		.uleb128 0x3
 540 0079 0E       		.uleb128 0xe
 541 007a 3A       		.uleb128 0x3a
 542 007b 0B       		.uleb128 0xb
 543 007c 3B       		.uleb128 0x3b
 544 007d 0B       		.uleb128 0xb
 545 007e 49       		.uleb128 0x49
 546 007f 13       		.uleb128 0x13
 547 0080 02       		.uleb128 0x2
 548 0081 18       		.uleb128 0x18
 549 0082 00       		.byte	0
 550 0083 00       		.byte	0
 551 0084 0A       		.uleb128 0xa
 552 0085 0F       		.uleb128 0xf
 553 0086 00       		.byte	0
 554 0087 0B       		.uleb128 0xb
 555 0088 0B       		.uleb128 0xb
 556 0089 49       		.uleb128 0x49
 557 008a 13       		.uleb128 0x13
 558 008b 00       		.byte	0
 559 008c 00       		.byte	0
 560 008d 0B       		.uleb128 0xb
 561 008e 2E       		.uleb128 0x2e
 562 008f 01       		.byte	0x1
 563 0090 3F       		.uleb128 0x3f
 564 0091 19       		.uleb128 0x19
 565 0092 03       		.uleb128 0x3
 566 0093 0E       		.uleb128 0xe
 567 0094 3A       		.uleb128 0x3a
 568 0095 0B       		.uleb128 0xb
 569 0096 3B       		.uleb128 0x3b
 570 0097 0B       		.uleb128 0xb
 571 0098 27       		.uleb128 0x27
 572 0099 19       		.uleb128 0x19
 573 009a 49       		.uleb128 0x49
 574 009b 13       		.uleb128 0x13
 575 009c 11       		.uleb128 0x11
 576 009d 01       		.uleb128 0x1
 577 009e 12       		.uleb128 0x12
 578 009f 06       		.uleb128 0x6
 579 00a0 40       		.uleb128 0x40
 580 00a1 18       		.uleb128 0x18
 581 00a2 9742     		.uleb128 0x2117
 582 00a4 19       		.uleb128 0x19
 583 00a5 01       		.uleb128 0x1
 584 00a6 13       		.uleb128 0x13
 585 00a7 00       		.byte	0
 586 00a8 00       		.byte	0
 587 00a9 0C       		.uleb128 0xc
 588 00aa 34       		.uleb128 0x34
ARM GAS  e:\temp\ccWMM62W.s 			page 21


 589 00ab 00       		.byte	0
 590 00ac 03       		.uleb128 0x3
 591 00ad 0E       		.uleb128 0xe
 592 00ae 3A       		.uleb128 0x3a
 593 00af 0B       		.uleb128 0xb
 594 00b0 3B       		.uleb128 0x3b
 595 00b1 0B       		.uleb128 0xb
 596 00b2 49       		.uleb128 0x49
 597 00b3 13       		.uleb128 0x13
 598 00b4 02       		.uleb128 0x2
 599 00b5 17       		.uleb128 0x17
 600 00b6 00       		.byte	0
 601 00b7 00       		.byte	0
 602 00b8 0D       		.uleb128 0xd
 603 00b9 26       		.uleb128 0x26
 604 00ba 00       		.byte	0
 605 00bb 49       		.uleb128 0x49
 606 00bc 13       		.uleb128 0x13
 607 00bd 00       		.byte	0
 608 00be 00       		.byte	0
 609 00bf 00       		.byte	0
 610              		.section	.debug_loc,"",%progbits
 611              	.Ldebug_loc0:
 612              	.LLST0:
 613 0000 00000000 		.4byte	.LVL0
 614 0004 08000000 		.4byte	.LVL1
 615 0008 0100     		.2byte	0x1
 616 000a 51       		.byte	0x51
 617 000b 08000000 		.4byte	.LVL1
 618 000f 12000000 		.4byte	.LFE0
 619 0013 0400     		.2byte	0x4
 620 0015 F3       		.byte	0xf3
 621 0016 01       		.uleb128 0x1
 622 0017 51       		.byte	0x51
 623 0018 9F       		.byte	0x9f
 624 0019 00000000 		.4byte	0
 625 001d 00000000 		.4byte	0
 626              	.LLST1:
 627 0021 00000000 		.4byte	.LVL2
 628 0025 06000000 		.4byte	.LVL4
 629 0029 0100     		.2byte	0x1
 630 002b 50       		.byte	0x50
 631 002c 06000000 		.4byte	.LVL4
 632 0030 08000000 		.4byte	.LVL5
 633 0034 0100     		.2byte	0x1
 634 0036 53       		.byte	0x53
 635 0037 08000000 		.4byte	.LVL5
 636 003b 12000000 		.4byte	.LFE1
 637 003f 0400     		.2byte	0x4
 638 0041 F3       		.byte	0xf3
 639 0042 01       		.uleb128 0x1
 640 0043 50       		.byte	0x50
 641 0044 9F       		.byte	0x9f
 642 0045 00000000 		.4byte	0
 643 0049 00000000 		.4byte	0
 644              	.LLST2:
 645 004d 00000000 		.4byte	.LVL2
ARM GAS  e:\temp\ccWMM62W.s 			page 22


 646 0051 06000000 		.4byte	.LVL4
 647 0055 0100     		.2byte	0x1
 648 0057 50       		.byte	0x50
 649 0058 06000000 		.4byte	.LVL4
 650 005c 08000000 		.4byte	.LVL5
 651 0060 0100     		.2byte	0x1
 652 0062 53       		.byte	0x53
 653 0063 08000000 		.4byte	.LVL5
 654 0067 12000000 		.4byte	.LFE1
 655 006b 0400     		.2byte	0x4
 656 006d F3       		.byte	0xf3
 657 006e 01       		.uleb128 0x1
 658 006f 50       		.byte	0x50
 659 0070 9F       		.byte	0x9f
 660 0071 00000000 		.4byte	0
 661 0075 00000000 		.4byte	0
 662              	.LLST3:
 663 0079 04000000 		.4byte	.LVL3
 664 007d 06000000 		.4byte	.LVL4
 665 0081 0100     		.2byte	0x1
 666 0083 52       		.byte	0x52
 667 0084 06000000 		.4byte	.LVL4
 668 0088 08000000 		.4byte	.LVL5
 669 008c 0800     		.2byte	0x8
 670 008e 70       		.byte	0x70
 671 008f 00       		.sleb128 0
 672 0090 38       		.byte	0x38
 673 0091 24       		.byte	0x24
 674 0092 72       		.byte	0x72
 675 0093 00       		.sleb128 0
 676 0094 21       		.byte	0x21
 677 0095 9F       		.byte	0x9f
 678 0096 08000000 		.4byte	.LVL5
 679 009a 0A000000 		.4byte	.LVL6
 680 009e 1300     		.2byte	0x13
 681 00a0 70       		.byte	0x70
 682 00a1 00       		.sleb128 0
 683 00a2 08       		.byte	0x8
 684 00a3 FF       		.byte	0xff
 685 00a4 1A       		.byte	0x1a
 686 00a5 38       		.byte	0x38
 687 00a6 24       		.byte	0x24
 688 00a7 73       		.byte	0x73
 689 00a8 00       		.sleb128 0
 690 00a9 08       		.byte	0x8
 691 00aa FF       		.byte	0xff
 692 00ab 1A       		.byte	0x1a
 693 00ac 40       		.byte	0x40
 694 00ad 24       		.byte	0x24
 695 00ae 21       		.byte	0x21
 696 00af 72       		.byte	0x72
 697 00b0 00       		.sleb128 0
 698 00b1 21       		.byte	0x21
 699 00b2 9F       		.byte	0x9f
 700 00b3 00000000 		.4byte	0
 701 00b7 00000000 		.4byte	0
 702              		.section	.debug_aranges,"",%progbits
ARM GAS  e:\temp\ccWMM62W.s 			page 23


 703 0000 24000000 		.4byte	0x24
 704 0004 0200     		.2byte	0x2
 705 0006 00000000 		.4byte	.Ldebug_info0
 706 000a 04       		.byte	0x4
 707 000b 00       		.byte	0
 708 000c 0000     		.2byte	0
 709 000e 0000     		.2byte	0
 710 0010 00000000 		.4byte	.LFB0
 711 0014 12000000 		.4byte	.LFE0-.LFB0
 712 0018 00000000 		.4byte	.LFB1
 713 001c 12000000 		.4byte	.LFE1-.LFB1
 714 0020 00000000 		.4byte	0
 715 0024 00000000 		.4byte	0
 716              		.section	.debug_ranges,"",%progbits
 717              	.Ldebug_ranges0:
 718 0000 00000000 		.4byte	.LFB0
 719 0004 12000000 		.4byte	.LFE0
 720 0008 00000000 		.4byte	.LFB1
 721 000c 12000000 		.4byte	.LFE1
 722 0010 00000000 		.4byte	0
 723 0014 00000000 		.4byte	0
 724              		.section	.debug_line,"",%progbits
 725              	.Ldebug_line0:
 726 0000 77000000 		.section	.debug_str,"MS",%progbits,1
 726      02004400 
 726      00000201 
 726      FB0E0D00 
 726      01010101 
 727              	.LASF15:
 728 0000 76616C75 		.ascii	"value\000"
 728      6500
 729              	.LASF21:
 730 0006 43794765 		.ascii	"CyGetReg24\000"
 730      74526567 
 730      323400
 731              	.LASF20:
 732 0011 43795365 		.ascii	"CySetReg24\000"
 732      74526567 
 732      323400
 733              	.LASF14:
 734 001c 61646472 		.ascii	"addr\000"
 734      00
 735              	.LASF11:
 736 0021 666C6F61 		.ascii	"float\000"
 736      7400
 737              	.LASF1:
 738 0027 756E7369 		.ascii	"unsigned char\000"
 738      676E6564 
 738      20636861 
 738      7200
 739              	.LASF16:
 740 0035 746D7041 		.ascii	"tmpAddr\000"
 740      64647200 
 741              	.LASF5:
 742 003d 6C6F6E67 		.ascii	"long unsigned int\000"
 742      20756E73 
 742      69676E65 
ARM GAS  e:\temp\ccWMM62W.s 			page 24


 742      6420696E 
 742      7400
 743              	.LASF3:
 744 004f 73686F72 		.ascii	"short unsigned int\000"
 744      7420756E 
 744      7369676E 
 744      65642069 
 744      6E7400
 745              	.LASF12:
 746 0062 646F7562 		.ascii	"double\000"
 746      6C6500
 747              	.LASF10:
 748 0069 75696E74 		.ascii	"uint32\000"
 748      333200
 749              	.LASF8:
 750 0070 756E7369 		.ascii	"unsigned int\000"
 750      676E6564 
 750      20696E74 
 750      00
 751              	.LASF7:
 752 007d 6C6F6E67 		.ascii	"long long unsigned int\000"
 752      206C6F6E 
 752      6720756E 
 752      7369676E 
 752      65642069 
 753              	.LASF17:
 754 0094 474E5520 		.ascii	"GNU C11 5.4.1 20160609 (release) [ARM/embedded-5-br"
 754      43313120 
 754      352E342E 
 754      31203230 
 754      31363036 
 755 00c7 616E6368 		.ascii	"anch revision 237715] -mcpu=cortex-m0 -mthumb -g -O"
 755      20726576 
 755      6973696F 
 755      6E203233 
 755      37373135 
 756 00fa 73202D66 		.ascii	"s -ffunction-sections -ffat-lto-objects -finline-fu"
 756      66756E63 
 756      74696F6E 
 756      2D736563 
 756      74696F6E 
 757 012d 6E637469 		.ascii	"nctions -flto -fno-strict-aliasing\000"
 757      6F6E7320 
 757      2D666C74 
 757      6F202D66 
 757      6E6F2D73 
 758              	.LASF18:
 759 0150 47656E65 		.ascii	"Generated_Source\\PSoC4\\cyutils.c\000"
 759      72617465 
 759      645F536F 
 759      75726365 
 759      5C50536F 
 760              	.LASF6:
 761 0171 6C6F6E67 		.ascii	"long long int\000"
 761      206C6F6E 
 761      6720696E 
 761      7400
ARM GAS  e:\temp\ccWMM62W.s 			page 25


 762              	.LASF13:
 763 017f 63686172 		.ascii	"char\000"
 763      00
 764              	.LASF2:
 765 0184 73686F72 		.ascii	"short int\000"
 765      7420696E 
 765      7400
 766              	.LASF9:
 767 018e 75696E74 		.ascii	"uint8\000"
 767      3800
 768              	.LASF4:
 769 0194 6C6F6E67 		.ascii	"long int\000"
 769      20696E74 
 769      00
 770              	.LASF0:
 771 019d 7369676E 		.ascii	"signed char\000"
 771      65642063 
 771      68617200 
 772              	.LASF19:
 773 01a9 433A5C55 		.ascii	"C:\\Users\\Admin\\Desktop\\_FIRMWARE\\DBARLite\\CYP"
 773      73657273 
 773      5C41646D 
 773      696E5C44 
 773      65736B74 
 774 01d6 44353232 		.ascii	"D5225\\CYPD5225-96BZXI_notebook\\CYPD5225-96BZXI_no"
 774      355C4359 
 774      50443532 
 774      32352D39 
 774      36425A58 
 775 0207 7465626F 		.ascii	"tebook.cydsn\000"
 775      6F6B2E63 
 775      7964736E 
 775      00
 776              		.comm	__gnu_lto_v1,1,1
 777              		.ident	"GCC: (GNU Tools for ARM Embedded Processors) 5.4.1 20160609 (release) [ARM/embedded-5-bran
