ARM GAS  e:\temp\ccUCKlfk.s 			page 1


   1              		.syntax unified
   2              		.cpu cortex-m0
   3              		.fpu softvfp
   4              		.eabi_attribute 20, 1
   5              		.eabi_attribute 21, 1
   6              		.eabi_attribute 23, 3
   7              		.eabi_attribute 24, 1
   8              		.eabi_attribute 25, 1
   9              		.eabi_attribute 26, 1
  10              		.eabi_attribute 30, 4
  11              		.eabi_attribute 34, 0
  12              		.eabi_attribute 18, 4
  13              		.thumb
  14              		.syntax unified
  15              		.file	"HPI_IF_scl.c"
  16              		.text
  17              	.Ltext0:
  18              		.section	.gnu.lto_.profile.6241083d,"",%progbits
  19 0000 789C6361 		.ascii	"x\234ca`d`a`\000\222\352\212\000\000\331\000S"
  19      60646061 
  19      600092EA 
  19      8A0000D9 
  19      0053
  20              		.text
  21              		.section	.gnu.lto_.icf.6241083d,"",%progbits
  22 0000 789C6361 		.ascii	"x\234ca`d\000\0015\006\004`c\350\350j\277\313\304x\277"
  22      60640001 
  22      35060460 
  22      63E8E86A 
  22      BFCBC478 
  23 0015 B5FD0307 		.ascii	"\265\375\003\007\323\237\251\223\033x\231\217O\373\266"
  23      D39FA993 
  23      1B78998F 
  23      4FFBB6
  24 0024 8699E5C9 		.ascii	"\206\231\345\311\327\326\327L\254oNO\352cf\000\000P"
  24      D7D6D74C 
  24      AC6F4E4F 
  24      EA636600 
  24      0050
  25 0036 481174   		.ascii	"H\021t"
  26              		.text
  27              		.section	.gnu.lto_.jmpfuncs.6241083d,"",%progbits
  28 0000 789C45C9 		.ascii	"x\234E\311\261\001\000 \010\300\260\026\320+\374\225"
  28      B1010020 
  28      08C0B016 
  28      D02BFC95 
  29 0010 D795C90C 		.ascii	"\327\225\311\014]Z\3108|\033\265\235\004$Thv\257\367"
  29      5D5AC838 
  29      7C1BB59D 
  29      04245468 
  29      76AFF7
  30 0023 2E215502 		.ascii	".!U\002@"
  30      40
  31              		.text
  32              		.section	.gnu.lto_.inline.6241083d,"",%progbits
  33 0000 789C658D 		.ascii	"x\234e\215\311\015\2000\014\004\327\216\343\030\011"
  33      C90D8030 
ARM GAS  e:\temp\ccUCKlfk.s 			page 2


  33      0C04D78E 
  33      E31809
  34 000f 093A4807 		.ascii	"\011:H\007\224@\245<R\012%P\012%`\203\004B\231\307>"
  34      9440A53C 
  34      520A2550 
  34      0A256083 
  34      044299C7 
  35 0024 767C0808 		.ascii	"v|\010\010\301\206\017\005\254\020\301\\%\333Wh\253"
  35      C1860F05 
  35      AC10C15C 
  35      25DB5768 
  35      AB
  36 0035 0C3E2609 		.ascii	"\014>&\011K\030\254\223\322\352-\031\232\011\254\347"
  36      4B18AC93 
  36      D2EA2D19 
  36      9A09ACE7 
  37 0045 F2F44EEA 		.ascii	"\362\364N\352+\211\023\214\331OP\204\374\237x\2141\226"
  37      2B89138C 
  37      D94F5084 
  37      FC9F788C 
  37      3196
  38 0057 51D4375F 		.ascii	"Q\3247_\031\\\353\300\017\342"
  38      195CEBC0 
  38      0FE2
  39              		.text
  40              		.section	.gnu.lto_.pureconst.6241083d,"",%progbits
  41 0000 789C6361 		.ascii	"x\234ca`d\340e```c\220b\224b\222b\226b\221b\225\002"
  41      6064E065 
  41      60606063 
  41      90629462 
  41      92629662 
  42 0018 00059500 		.ascii	"\000\005\225\000\304"
  42      C4
  43              		.text
  44              		.section	.gnu.lto_HPI_IF_scl_SetDriveMode.6241083d,"",%progbits
  45 0000 789C7D51 		.ascii	"x\234}QMK\033Q\024\275\347\275\311\304\240\266[\241"
  45      4D4B1B51 
  45      14BDE7BD 
  45      C9C4A0B6 
  45      5BA1
  46 0012 59745108 		.ascii	"YtQ\010\"\224\202\376\003\2416\273P\267\221P\222\331"
  46      229482FE 
  46      03A136BB 
  46      50B79150 
  46      92D9
  47 0024 69036AD7 		.ascii	"i\003j\327y\3118T\304\205(\015\024,YIR?\252\"\264\272"
  47      79C93854 
  47      C485280D 
  47      142C5949 
  47      523FAA22 
  48 003a 0B11EB4E 		.ascii	"\013\021\353Nw\342JB\027S\352*~\201\330\332\361\336"
  48      77E24A42 
  48      1753EA2A 
  48      7E81D8DA 
  48      F1DE
  49 004c 49D63E78 		.ascii	"I\326>x\367\3369\234s8\357\216E 9\373\334\006\270?\343"
  49      F7DE399C 
ARM GAS  e:\temp\ccUCKlfk.s 			page 3


  49      7338EF8E 
  49      452039FB 
  49      DC06B83F 
  50 0061 0B4D500B 		.ascii	"\013MP\013GD\305.\005\310`\272@\005\205\002n\324\275"
  50      4744C52E 
  50      05C860BA 
  50      40058502 
  50      6ED4BD
  51 0074 42E3A3BF 		.ascii	"B\343\243\277\247\372\253\206O\323\363SE\343\365y\232"
  51      A7FAAB86 
  51      4FD3F353 
  51      45E3F579 
  51      9A
  52 0085 2850A113 		.ascii	"(P\241\023\241\212~f]\355\254,u\353\004\210\347\213"
  52      A18A7E66 
  52      5DEDAC2C 
  52      75EB0488 
  52      E78B
  53 0097 A3D6D993 		.ascii	"\243\326\331\223\304\2121%c\266\307\214\3664P\203f\005"
  53      C48A3125 
  53      63B6C78C 
  53      F6345083 
  53      6605
  54 00a9 06E37815 		.ascii	"\006\343x\025'\006\010_\221\020\362\257\355\377\237"
  54      2706085F 
  54      9110F2AF 
  54      EDFF9F
  55 00b8 7AED19B1 		.ascii	"z\355\031\261\177\3366\305*l\211\271\371\266n\202\300"
  55      7FDE36C5 
  55      2A6C89B9 
  55      F9B66E82 
  55      C0
  56 00c9 35F51DFB 		.ascii	"5\365\035\373\340\273\035S,SZ\212\005\021Gd\264\245"
  56      E0BB1D53 
  56      2C535A8A 
  56      05114764 
  56      B4A5
  57 00db 44A510B5 		.ascii	"D\245\020\265\370J\374\013\245\244k\037\215\273\271"
  57      F84AFC0B 
  57      A5A46B1F 
  57      8DBBB9
  58 00ea 93CFB6F8 		.ascii	"\223\317\266\370\271Z\236R\366\032\307\321k\345i\035"
  58      B95A9E52 
  58      F61AC7D1 
  58      6BE5691D 
  59 00fa E66C16FF 		.ascii	"\346l\026\377,\306\332\237\263s\013\306bh\376\357\351"
  59      2CC6DA9F 
  59      B3730BC6 
  59      6268FEEF 
  59      E9
  60 010b B2AEE04B 		.ascii	"\262\256\340Kq\006\236\266\260\2168\326\020\347L\033"
  60      71069EB6 
  60      B08E38D6 
  60      10E74C1B 
  61 011b A8807CB8 		.ascii	"\250\200|\270\377:v\272\355\370{w\265\326-\026\012\207"
  61      FF3A76BA 
  61      EDF87B77 
ARM GAS  e:\temp\ccUCKlfk.s 			page 4


  61      B5D62D16 
  61      0A87
  62 012d 41103CC5 		.ascii	"A\020<\3057f\373(]F\333\264\210\253-\221\265:2\201d"
  62      3766FB28 
  62      5D46DBB4 
  62      88AB2D91 
  62      B53A3281 
  63 0142 A7975BD5 		.ascii	"\247\227[\325\036\221E\240\261\031J\334\333\016%\032"
  63      1E9145A0 
  63      B1194ADC 
  63      DB0E251A 
  64 0152 9ADB0C35 		.ascii	"\232\333\0145\312\020\350\261X[\034\213%t\216R\375\307"
  64      CA10E8B1 
  64      585B1C8B 
  64      25748E52 
  64      FDC7
  65 0164 4F25F4F0 		.ascii	"O%\364\360\257\264\024d\007\274\221\027#\316{g\362\335"
  65      AFB41464 
  65      07BC9117 
  65      23CE7B67 
  65      F2DD
  66 0176 B493CB8C 		.ascii	"\264\223\313\214\346?Lf\235tj4?<\224~\223Jf\222\257"
  66      E63F4C66 
  66      9D746A34 
  66      3F3C947E 
  66      934A6692 
  67 018b 3353D9F1 		.ascii	"3S\331\361\227Y\262&\3629\347\001\367Z\237j"
  67      9759B226 
  67      F239E701 
  67      F75A9F6A 
  68              		.text
  69              		.section	.gnu.lto_HPI_IF_scl_Write.6241083d,"",%progbits
  70 0000 789C5551 		.ascii	"x\234UQ\317k\023A\030\2357\263\277j\314\321\2239\364"
  70      CF6B1341 
  70      189D37B3 
  70      BF6ACCD1 
  70      9339F4
  71 0013 60093D28 		.ascii	"`\011=(E\375\017\004ko\305\202\007\011\206\220\356\311"
  71      45FD0F04 
  71      6B6FC582 
  71      07098690 
  71      EEC9
  72 0025 6021DA5E 		.ascii	"`!\332^;I\232\004\242B\025\254\0071\021D\332Z5\255\212"
  72      3B499A04 
  72      A24215AC 
  72      07311144 
  72      DA5A35AD 
  73 003a 20F4B02E 		.ascii	" \364\260.BNVD\021\205\"Z0\242\027\243\264V\324\032"
  73      424E5644 
  73      1185225A 
  73      30A217A3 
  73      B456D41A 
  74 004e BF6FE762 		.ascii	"\277o\347b\206\235\037\373\366\2757\357\373\326\022"
  74      869D1FFB 
  74      F6BD37EF 
  74      FBD612
  75 005d 103C4E4B 		.ascii	"\020<NK!\016\322\276\227&\224\200\234]\023\242\340I"
ARM GAS  e:\temp\ccUCKlfk.s 			page 5


  75      210ED2BE 
  75      97269480 
  75      9C5D13A2 
  75      E049
  76 006f 800FDA83 		.ascii	"\200\017\332\203\230\226\230\306\226\334\221\010\253"
  76      989698C6 
  76      96DC9108 
  76      AB
  77 007c EDC77270 		.ascii	"\355\307rp^\323x\377q{H/\004(+!\2722r\022\230\307 \261"
  77      5ED378FF 
  77      717B482F 
  77      04282B21 
  77      BA327212 
  78 0094 3EAD565F 		.ascii	">\255V_A%!\350\\\011\267:\261\344-\255\213Z\377NiUV"
  78      412521E8 
  78      5C09B73A 
  78      B1E42DAD 
  78      8B5AFF4E 
  79 00ab C0021429 		.ascii	"\300\002\024)p(\201\241\204 @`\021I&\177\016\317\347"
  79      702881A1 
  79      84204060 
  79      1149267F 
  79      0ECFE7
  80 00be D4FE48D7 		.ascii	"\324\376H\327zt\251\213\201\233\254\013^\266\342WuP"
  80      7A74A98B 
  80      819BAC0B 
  80      5EB6E257 
  80      7550
  81 00d0 E867EDED 		.ascii	"\350g\355\355\377\265<\210\273\261\362\367J\334\231"
  81      FFB53C88 
  81      BBB1F2F7 
  81      4ADC99
  82 00df E154FD58 		.ascii	"\341T\375X\302\200\311\203;p\250B0\322<\036\350n\267"
  82      C280C983 
  82      3B70A842 
  82      30D23C1E 
  82      E86EB7
  83 00f2 A48317EE 		.ascii	"\244\203\027\356\2237nL\322\255R\321\242,\301\237mp"
  83      93376E4C 
  83      D2AD52D1 
  83      A22CC19F 
  83      6D70
  84 0104 02870197 		.ascii	"\002\207\001\227\027/B\373\230%D\207&w\342\233\224\274"
  84      172F42FB 
  84      98254487 
  84      2677E29B 
  84      94BC
  85 0116 AB36C25F 		.ascii	"\2536\302_\265\265\372\024\373\227\024we\256\034>w7"
  85      B5B5FA14 
  85      FB971477 
  85      65AE1C3E 
  85      7737
  86 0128 65595951 		.ascii	"eYYQ\364\345\257\227\2579\346U\327f\265E\320\215\245"
  86      F4E5AF97 
  86      AF39E655 
  86      D766B545 
  86      D08DA5
ARM GAS  e:\temp\ccUCKlfk.s 			page 6


  87 013b E68F7803 		.ascii	"\346\217x\003\327\0133\324/\033\367\220\300]P~4\321"
  87      D70B33D4 
  87      2F1BF790 
  87      C05D507E 
  87      34D1
  88 014d 8068A3F8 		.ascii	"\200h\243\370\275\272.\215\241\"OBJ\177*\3530\210E "
  88      BDBA2E8D 
  88      A1224F42 
  88      4A7F2AEB 
  88      30884520 
  89 0161 795CDCAC 		.ascii	"y\\\334\254=\333\315\266\012;\3002\3117\020i8+\261X"
  89      3DDBCDB6 
  89      0A3BC032 
  89      C9371069 
  89      382BB158 
  90 0175 D4A9BCAE 		.ascii	"\324\251\274\256\2372*zlR=|\332\252x\254r\000\254\220"
  90      9F322A7A 
  90      6C523D7C 
  90      DAAA78AC 
  90      7200AC90 
  91 0189 A8C7DA25 		.ascii	"\250\307\332%\036\221V\033\027\026w1\011\344x\337\220"
  91      1E91561B 
  91      17167731 
  91      09E478DF 
  91      90
  92 019a 7E3A86E2 		.ascii	"~:\206\342E\001\334\336\313<\223\371]\375\244!\365\031"
  92      4501DCDE 
  92      CB3C93F9 
  92      5DFDA421 
  92      F519
  93 01ac 289CFBB0 		.ascii	"(\234\373\260\207\201\236\212\013Z\307z\213~@E\223F"
  93      87819E8A 
  93      0B5AC77A 
  93      8B7E4045 
  93      9346
  94 01be 7C413178 		.ascii	"|A1x;\314\202\350Ov$\270\301\324\356}\303\376\031?\237"
  94      3BCC82E8 
  94      4F7624B8 
  94      C1D4EE7D 
  94      C3FE193F 
  95 01d3 39E78FA7 		.ascii	"9\347\217\247\307&&\363Y?5:6q\344p\352\330\350Hz\344"
  95      C72626F3 
  95      593F353A 
  95      3671E470 
  95      EAD8E848 
  96 01e9 68FA6C36 		.ascii	"h\372l6w +\354\251Ln\322\267\307\363'2\271\177\207?"
  96      77202BEC 
  96      A94C6ED2 
  96      B7C7F327 
  96      32B97F87 
  97 01fe D48E     		.ascii	"\324\216"
  98              		.text
  99              		.section	.gnu.lto_HPI_IF_scl_Read.6241083d,"",%progbits
 100 0000 789C4D8F 		.ascii	"x\234M\217\273K\003A\020\306\347\333\275\304p\340_`"
 100      BB4B0341 
 100      10C6E7DB 
 100      BDC470E0 
ARM GAS  e:\temp\ccUCKlfk.s 			page 7


 100      5F60
 101 0012 0A0B11D2 		.ascii	"\012\013\021\322\210\240\215\225\205\020M\027L'\201"
 101      88A08D95 
 101      85104D17 
 101      4C2781
 102 0021 20F13A31 		.ascii	" \361:1\020\265\316&w\027!X\244Q\013\221ty\370@\202"
 102      10B5CE26 
 102      77172158 
 102      A4510B91 
 102      7479F840 
 103 0036 A2854D12 		.ascii	"\242\205M\022\004\005A;k\021Ia\245!\"\370\212\2639\013"
 103      0405413B 
 103      6B114961 
 103      A52122F8 
 103      8AB3390B 
 104 004a 17766667 		.ascii	"\027vfg\3477\363\315\030\004\322g\232\335(\373!\276"
 104      E737F3CD 
 104      1804D267 
 104      9ADD28FB 
 104      21BE
 105 005c 900451BC 		.ascii	"\220\004Q\274%\312\006\004\240\037*\000\312\010d\360"
 105      25CA0604 
 105      A01F2A00 
 105      CA0864F0 
 106 006c 26BE056E 		.ascii	"&\276\005n\336\2577\315PE\251\234zp\313S;\325\006\\"
 106      DEAF37CD 
 106      5045A99C 
 106      7A70CB53 
 106      3BD5065C 
 107 0080 49D41384 		.ascii	"I\324\023\204\211 \306\203\272E\005!b\364\261\376\263"
 107      8920C683 
 107      BA450521 
 107      62F4B1FE 
 107      B3
 108 0091 35E87714 		.ascii	"5\350w\024\237a\015p\246\012\277\226<\236o\250^\317"
 108      9F610D70 
 108      A60ABF96 
 108      3C9E6FA8 
 108      5ECF
 109 00a3 568D13B3 		.ascii	"V\215\023\263yf\362\227+Y\227\215\241\215\217tGz\341"
 109      7966F297 
 109      2B59978D 
 109      A18D8F74 
 109      477AE1
 110 00b6 0AADFF2A 		.ascii	"\012\255\377*\204\366\262\215\326G\341\276\266\240\233"
 110      84F6B28D 
 110      D647E1BE 
 110      B6A09B
 111 00c5 D852B2C0 		.ascii	"\330R\262\300\266\333\272\033\350\012W\012h\275\317"
 111      B6DBBA1B 
 111      E80A570A 
 111      68BDCF
 112 00d4 DDF37AC0 		.ascii	"\335\363z\300\013\235BQ\031\232\270hV\314\022\366\262"
 112      0B9D4251 
 112      199AB868 
 112      56CC12F6 
 112      B2
ARM GAS  e:\temp\ccUCKlfk.s 			page 8


 113 00e5 0E4F29B1 		.ascii	"\016O)\261\217 j\340\031q\200\022\250\015\273\023&["
 113      8F206AE0 
 113      19718012 
 113      A80DBB13 
 113      265B
 114 00f7 C26B777A 		.ascii	"\302kwzy\225\357\327\033\000\016\031\343\374W\276\353"
 114      7995EFD7 
 114      1B000E19 
 114      E3FC57BE 
 114      EB
 115 0108 F7040DE6 		.ascii	"\367\004\015\346\376C\314\340\250\017\345:\033O\360"
 115      FE43CCE0 
 115      A80FE53A 
 115      1B4FF0
 116 0117 201F73F4 		.ascii	" \037s\364\014\361\027Q\177\015\350\361y\231\221Yk\305"
 116      0CF11751 
 116      7F0DE8F1 
 116      79999159 
 116      6BC5
 117 0129 4A2FAE59 		.ascii	"J/\256YK\211Xj=\235\264\342\321Xjf2>\027\215$\"\341"
 117      4B89586A 
 117      3D9DB4E2 
 117      D1586A66 
 117      323E178D 
 118 0140 C46A7279 		.ascii	"\304jry,I\277\300\223u\024"
 118      2C49BFC0 
 118      937514
 119              		.text
 120              		.section	.gnu.lto_HPI_IF_scl_ReadDataReg.6241083d,"",%progbits
 121 0000 789C4D8F 		.ascii	"x\234M\217\301JBA\024\206\317?s\275I\342\023\344\242"
 121      C14A4241 
 121      1486CF3F 
 121      73BD49E2 
 121      13E4A2
 122 0013 45046E22 		.ascii	"E\004n\"\250M\253\026\201\345Nr\027\202\204\335]$X\255"
 122      A84DAB16 
 122      81E54E72 
 122      178284DD 
 122      5D2458AD 
 123 0027 1DBD5E03 		.ascii	"\035\275^\003i!A\265\210\262\235\226\206E=\200IP\020"
 123      692141B5 
 123      88B29D96 
 123      86453D80 
 123      495010
 124 003a D42B4484 		.ascii	"\324+D\204\2136\225\230ATv\306\333\242\2019g\346\234"
 124      8B369598 
 124      415476C6 
 124      DBA28139 
 124      67E69C
 125 004d 6FFEFF8C 		.ascii	"o\376\377\214A \275\2469\215r\036\342\015I\020\305;"
 125      4120BDA6 
 125      398D721E 
 125      E20D4910 
 125      C53B
 126 005f A28C5700 		.ascii	"\242\214W\000\372\240\274\240\264@\032\357\342[\340"
 126      FAA0BCA0 
 126      B4401AEF 
ARM GAS  e:\temp\ccUCKlfk.s 			page 9


 126      E25BE0
 127 006e F6E36673 		.ascii	"\366\343fs0XV*\253\036\234\363\251\335J\003\216$\352"
 127      3058562A 
 127      AB1E9CF3 
 127      A9DD4A03 
 127      8E24EA
 128 0081 09C24400 		.ascii	"\011\302D\000\343\001-QF\220\030}<\373\331\366\2339"
 128      E3012D51 
 128      4690187D 
 128      3CFBD9F6 
 128      9B39
 129 0093 C56B5803 		.ascii	"\305kX\003\334\251\300\324\226\365\371\206\352\365l"
 129      DCA9C0D4 
 129      96F5F986 
 129      EAF56C
 130 00a2 D5D8F35D 		.ascii	"\325\330\363]\036\370\270\344H\366\345`\350\340!\255"
 130      1EF8B8E4 
 130      48F6E560 
 130      E8E021AD 
 131 00b2 48AFFC42 		.ascii	"H\257\374B\373\277\011\241\263l\241\371Y\350\326\026"
 131      FBBF09A1 
 131      B36CA1F9 
 131      59E8D616 
 132 00c2 B4882D25 		.ascii	"\264\210-%\033\3548\315\373\201\216p\244\200\366;}\331"
 132      1BEC38CD 
 132      FB818E70 
 132      A480F63B 
 132      7DD9
 133 00d4 DA33DDAB 		.ascii	"\3323\335\253*\024\225\301\245\303j\275\353/a?\223\343"
 133      2A1495C1 
 133      A5C36ABD 
 133      EB2F613F 
 133      93E3
 134 00e6 29258E11 		.ascii	")%\216\021\300\021xFTQ\002\265`\267CdK\270r\027W\327"
 134      C0117846 
 134      545102B5 
 134      60B74364 
 134      4BB87217 
 135 00fc 79AF7E6F 		.ascii	"y\257~o\000\2501\306\375\257|\307t\015\015\346\376C"
 135      00A831C6 
 135      FDAF7CC7 
 135      740D0DE6 
 135      FE43
 136 010e CCE0A40F 		.ascii	"\314\340\244\017e\333\033Op!\017s\364\014\361w\243\376"
 136      65DB1B4F 
 136      70210F73 
 136      F40CF177 
 136      A3FE
 137 0120 37A0C7E7 		.ascii	"7\240\307\347\317\214\314Z+Vjq\315Z\212G\223\353\251"
 137      CF8CCC5A 
 137      2B566A71 
 137      CD5A8A47 
 137      93EBA9
 138 0133 84158B44 		.ascii	"\204\025\213D\2233\223\261\271H8\036\016\305W\023\313"
 138      933393B1 
 138      B948381E 
 138      0EC55713 
ARM GAS  e:\temp\ccUCKlfk.s 			page 10


 138      CB
 139 0144 6309FA05 		.ascii	"c\011\372\005\274tu\030"
 139      BC747518 
 140              		.text
 141              		.section	.gnu.lto_HPI_IF_scl_SetInterruptMode.6241083d,"",%progbits
 142 0000 789C6D51 		.ascii	"x\234mQAh\023A\024\375\177f\223\335$m\364\346\301\036"
 142      41681341 
 142      14FD7F66 
 142      93DD246D 
 142      F4E6C11E 
 143 0014 72B0845E 		.ascii	"r\260\204^DAo\336\012j/\022\354\265\020J\032\245\240"
 143      44416FDE 
 143      0A6A2F12 
 143      ECB5104A 
 143      1AA5A0
 144 0027 89A4F1DC 		.ascii	"\211\244\361\334I6I!H)\212\001\213\245\250,\215Vm\323"
 144      49364921 
 144      48298A01 
 144      8BA5A82C 
 144      8D566DD3 
 145 003b D4823DAD 		.ascii	"\324\202=\255\001oUiE\304\012\242US(\036\322\264E\021"
 145      016F5569 
 145      45C40AA2 
 145      5553281E 
 145      D2B44511 
 146 004f 6DFC7F37 		.ascii	"m\374\1777\227\202\003\2733\377\361\336\233\367\377"
 146      978203BB 
 146      33FFF1DE 
 146      9BF7FF
 147 005e 6880C0AB 		.ascii	"h\200\300\253,\000\316\320~\224>\224\200b\3425@\306"
 147      2C00CED0 
 147      7E943E94 
 147      8062E235 
 147      40C6
 148 0070 10887C50 		.ascii	"\020\210|P\006\302\250\300Q\334\023\177\005\326\306"
 148      06C2A8C0 
 148      51DC137F 
 148      05D6C6
 149 007f EACF45CF 		.ascii	"\352\317E\317\214\242\365\371\373\346IU\2661/\001Z\302"
 149      8CA2F5F9 
 149      FBE64955 
 149      B6312F01 
 149      5AC2
 150 0091 71029CC1 		.ascii	"q\002\234\301\036b\275l\375\264\017\355\212\274Dd\321"
 150      1E62BD6C 
 150      FDB40FED 
 150      8ABC4464 
 150      D1
 151 00a2 5A63652A 		.ascii	"Zce*\300\245\300\303TNnY\245\240\014#\320ys\361\376"
 151      C0A5C0C3 
 151      544E6E59 
 151      A5A00C23 
 151      D07973F1 
 152 00b7 7B7FD852 		.ascii	"{\177\330R*\253TuPy\362R\342#\224\344\207\017\261\013"
 152      2AAB5475 
 152      5079F252 
 152      E22394E4 
ARM GAS  e:\temp\ccUCKlfk.s 			page 11


 152      870FB10B 
 153 00cb CBD80504 		.ascii	"\313\330\005\004\001\316b\230\330;U\353V@\236p\224M"
 153      01CE6298 
 153      D83B55EB 
 153      56409E70 
 153      944D
 154 00dd D3323BDA 		.ascii	"\3232;\332\312\275\266\362\361\177\224O0\314\364\325"
 154      CABDB6F2 
 154      F17F944F 
 154      30CCF4D5 
 155 00ed DCFC5DE9 		.ascii	"\334\374]\351F\322\250\334~5\3715\350F\012Q9k\275\263"
 155      46D2A8DC 
 155      7E35F935 
 155      E8460A51 
 155      396BBDB3 
 156 0101 843CED18 		.ascii	"\204<\355\030\027?\334\\\350\354~\300\306\366\333\361"
 156      173FDC5C 
 156      E8EC7EC0 
 156      C6F6DBF1 
 157 0111 E01D65E7 		.ascii	"\340\035e\347By\251\341\274k>G\346O\311\234\027\261"
 157      4279A9E1 
 157      BC6B3E47 
 157      E64FC99C 
 157      17B1
 158 0123 372AFBB7 		.ascii	"7*\373\267;\2759\036H\010+\330\355\216\002\027\320K"
 158      3BBD391E 
 158      48082BD8 
 158      ED8E0217 
 158      D04B
 159 0135 C34546E6 		.ascii	"\303EF\346.\332\252\3252\225\275\032|\261\036\354\020"
 159      2EDAAAD5 
 159      3295BD1A 
 159      7CB11EEC 
 159      10
 160 0146 14CB4329 		.ascii	"\024\313C)\250#\215\217\036\376y\201\231:rZ\203\000"
 160      A8238D8F 
 160      1EFE7981 
 160      993A725A 
 160      8300
 161 0158 AF8F513F 		.ascii	"\257\217Q?\377\000\032\344\310/\261-\004\357\262\216"
 161      FF001AE4 
 161      C82FB12D 
 161      04EFB28E 
 162 0168 B5DFC54F 		.ascii	"\265\337\305O\313\021\276\304\224<\340R\276\366F\347"
 162      CB11BEC4 
 162      943CE052 
 162      BEF646E7 
 163 0178 6E74A783 		.ascii	"nt\247\203\265Re\334\353\2267\212\023\212\373\335i."
 163      B55265DC 
 163      EB96378A 
 163      138AFBDD 
 163      692E
 164 018a DD0B4CE3 		.ascii	"\335\013L\343T&G\357e\340\"5Q\345&\360\031N#\3241\333"
 164      542647EF 
 164      65E02235 
 164      51E526F0 
 164      194E23D4 
ARM GAS  e:\temp\ccUCKlfk.s 			page 12


 165 01a0 1CDBF5B8 		.ascii	"\034\333\365\270\206\232Ic#d\277\360Ms\021\017\201\204"
 165      869A4963 
 165      2364BFF0 
 165      4D73110F 
 165      8184
 166 01b2 987F0A3F 		.ascii	"\230\177\012?\320E\370^\302a\003\205\323*\205'\320\345"
 166      D045F85E 
 166      C2610385 
 166      D32A8527 
 166      D0E5
 167 01c4 D497D7DB 		.ascii	"\324\227\327\333,\203\234L\251;\366\272\013\371\010"
 167      2C839C4C 
 167      A93BF6BA 
 167      0BF908
 168 01d3 65DAAFC2 		.ascii	"e\332\257\302J\333\334\357\270\371\010\254\225\276\034"
 168      4ADBDCEF 
 168      B8F908AC 
 168      95BE1C
 169 01e2 61EC40DC 		.ascii	"a\354@\334\214R\201\203\211\227(1\311`\013\263\366\307"
 169      8C528183 
 169      89972831 
 169      C9600BB3 
 169      F6C7
 170 01f4 0B2C70DE 		.ascii	"\013,p\336\242!\220\247C\263:v.\236\210\247\006\323"
 170      A22190A7 
 170      43B33A76 
 170      2E9E88A7 
 170      06D3
 171 0206 F1A1687F 		.ascii	"\361\241h\177\362z*\026\037\210\364'{O\015\234\217\364"
 171      F27A2A16 
 171      1F88F427 
 171      7B4F0D9C 
 171      8FF4
 172 0218 45FBCE46 		.ascii	"E\373\316FGbW\216\307\300\270\226\034\031N\017'\023"
 172      4762578E 
 172      C7C0B896 
 172      1C194E0F 
 172      2713
 173 022a DAD5E450 		.ascii	"\332\325\344P\\\037N\244S\275\227.\377\003\315\365\357"
 173      5C1F4EA4 
 173      53BD972E 
 173      FF03CDF5 
 173      EF
 174 023b 50       		.ascii	"P"
 175              		.text
 176              		.section	.gnu.lto_HPI_IF_scl_ClearInterrupt.6241083d,"",%progbits
 177 0000 789C5590 		.ascii	"x\234U\220\277K[Q\024\307\317\367\336\027\023\213\222"
 177      BF4B5B51 
 177      14C7CFF7 
 177      DE17138B 
 177      92
 178 0011 3FC00C0E 		.ascii	"?\300\014\016Jq)\005\035t\026\324l\322lE\010!\276\311"
 178      4A712905 
 178      1D7416D4 
 178      6CD26C45 
 178      0821BEC9 
 179 0025 5AC1C455 		.ascii	"Z\301\304Uo\214/E\021\314\242N\255\203`l\265\332B;\225"
ARM GAS  e:\temp\ccUCKlfk.s 			page 13


 179      6F8C2F45 
 179      11CCA24E 
 179      AD83606C 
 179      B5DA423B 
 180 003a C86BB02A 		.ascii	"\310k\260*\210?\350\324E\020\005\007QPQ\003V\215\347"
 180      883FE8D4 
 180      45100507 
 180      51505103 
 180      568DE7
 181 004d E439E885 		.ascii	"\3449\350\205\307\275\367\373\316\367s\277\347X\004"
 181      C7BDF7FB 
 181      CEF773BF 
 181      E75804
 182 005c 92B5C75B 		.ascii	"\222\265\307[#\3575\374A\023Tv\233(\025P\200\034L\000"
 182      23EF35FC 
 182      41135476 
 182      9B281550 
 182      801C4C00 
 183 0070 34A43084 		.ascii	"4\2440\204+u\247\260Y\334\030\177\321\2203f\330\354"
 183      2B75A7B0 
 183      59DC187F 
 183      D1903366 
 183      D8EC
 184 0082 3BC596E9 		.ascii	";\305\226\351y\027\216&*)Bc\010\257C\202\310\241\201"
 184      79178E26 
 184      2A294263 
 184      08AF4382 
 184      C8A181
 185 0095 B8F470E9 		.ascii	"\270\364p\351\177\256Z\277\204\234\267\346N\177\242"
 185      7FAE5ABF 
 185      849CB7E6 
 185      4E7FA2
 186 00a4 7E566C6E 		.ascii	"~Vln~\242j\332\270\251Z\366a\036\372\251\225\244\366"
 186      7EA26ADA 
 186      B8A95AF6 
 186      611EFAA9 
 186      95A4F6
 187 00b7 E0FBFD64 		.ascii	"\340\373\375du\305\210\341U\213\317\250\0278S\277\240"
 187      75C588E1 
 187      558BCFA8 
 187      173853BF 
 187      A0
 188 00c8 82734294 		.ascii	"\202sB\224\3457\256)\225\322\306\375\025\374\3757\030"
 188      E537AE29 
 188      95D2C6FD 
 188      15FCFD37 
 188      18
 189 00d9 50E468CE 		.ascii	"P\344h\316\355he\221\374\366\311\335O\222\213\316\330"
 189      ED686591 
 189      FCF6C9DD 
 189      4F928BCE 
 189      D8
 190 00ea 2B5D9C2B 		.ascii	"+]\234+%\273>B\341f\354:?(\270\264\226\216\246\234\302"
 190      25BB3E42 
 190      E166EC3A 
 190      3F28B8B4 
 190      968EA69C 
ARM GAS  e:\temp\ccUCKlfk.s 			page 14


 191 00ff 8EFF5239 		.ascii	"\216\377R9Z\227\223\336\374\033\335\265\274kv,k,\226"
 191      5A9793DE 
 191      FC1BDDB5 
 191      BC6B762C 
 191      6B2C96
 192 0112 66373F9D 		.ascii	"f7?\235T\316\340cj\204{\265\260\210\020\026\300q\361"
 192      54CEE063 
 192      6A847BB5 
 192      B0881016 
 192      C071F1
 193 0125 1533A023 		.ascii	"\0253\240#\014_|\270U\036P3\223\225\364mf\025\236b\261"
 193      0C5F7CB8 
 193      551E5033 
 193      9395F46D 
 193      66159E62 
 194 013a C88C3FA5 		.ascii	"\310\214?\245\242\033\024\254\202\302\022\273\017P\266"
 194      A21B14AC 
 194      82C212BB 
 194      0F50B6
 195 0149 485E2EF2 		.ascii	"H^.\362(\367\371\267\236\311\347I\205\2512\344Y\204"
 195      28F7F9B7 
 195      9EC9E749 
 195      85A932E4 
 195      5984
 196 015b 9431BEE7 		.ascii	"\2241\276\347)\2269\005[\344\331\213\314\332J\263\207"
 196      29963905 
 196      5BE4D98B 
 196      CCDA4AB3 
 196      87
 197 016c F033828D 		.ascii	"\3603\202\215?V\3273\001y\327\007\340\033\327\037\343"
 197      3F56D733 
 197      0179D707 
 197      E01BD71F 
 197      E3
 198 017d 31AA9FCA 		.ascii	"1\252\237\312\343\201\214\205\207T\327n\277\267\373"
 198      E3818C85 
 198      8754D76E 
 198      BFB7FB
 199 018c 6349BB3B 		.ascii	"cI\273;\032\351\033\350\217\333]\235\221\276\326\246"
 199      1AE91BE8 
 199      8FDB5D9D 
 199      91BED6A6 
 200 019c AE8ECE70 		.ascii	"\256\216\316p4\334\026M\304\337\275\212SUo,\321cwG\222"
 200      34DC164D 
 200      C4DFBD8A 
 200      53556F2C 
 200      D1637747 
 201 01b1 B1E440E2 		.ascii	"\261\344@\342\001}U\255\015"
 201      017D55AD 
 201      0D
 202              		.text
 203              		.section	.gnu.lto_.symbol_nodes.6241083d,"",%progbits
 204 0000 789C6361 		.ascii	"x\234ca`d\310`\000\002&\206z\006\206\011\347\030@\324"
 204      6064C860 
 204      00022686 
 204      7A068609 
 204      E71840D4 
ARM GAS  e:\temp\ccUCKlfk.s 			page 15


 205 0014 AE0645A0 		.ascii	"\256\006E\240\000c=#\252\000S=\023\252\000s=3\252\000"
 205      00633D23 
 205      AA00533D 
 205      13AA0073 
 205      3D33AA00 
 206 0028 4B3D0BAA 		.ascii	"K=\013\252\000k=+\212\000\003\000\305\333\026\342"
 206      006B3D2B 
 206      8A000300 
 206      C5DB16E2 
 207              		.text
 208              		.section	.gnu.lto_.refs.6241083d,"",%progbits
 209 0000 789C6361 		.ascii	"x\234ca`\004B \000\000\0009\000\007"
 209      60044220 
 209      00000039 
 209      0007
 210              		.text
 211              		.section	.gnu.lto_.decls.6241083d,"",%progbits
 212 0000 789C8D54 		.ascii	"x\234\215ToLSW\024\277\347\275\266\302\003\204\020\343"
 212      6F4C5357 
 212      14BFE7BD 
 212      B6C20384 
 212      10E3
 213 0012 58D60FCC 		.ascii	"X\326\017\314--\237\210\310\262,\373\260,\301($\333"
 213      2D2D9F88 
 213      C8B22CFB 
 213      B02CC128 
 213      24DB
 214 0024 3492B92F 		.ascii	"4\222\271/&\244\302\213#1@jY\342\267\253\250s\177\222"
 214      26A4C28B 
 214      2331406A 
 214      59E2B7AB 
 214      A8737F92 
 215 0038 61326659 		.ascii	"a2fYlT\330\264\010\"X\240\264lk\325R\005\252B\315\262"
 215      6C54D8B4 
 215      082258A0 
 215      B46C6BD5 
 215      5205AA42 
 216 004e 39E36043 		.ascii	"9\343`C\366O\262\340ftn\231\335\271\367\276\327\367"
 216      F64FB2E0 
 216      66746E99 
 216      DDB9F7BE 
 216      D7F7
 217 0060 C09271D3 		.ascii	"\300\222q\323s\357=\247\347\374\3169\277{\362,\004\010"
 217      73EF3DA7 
 217      E7FCCE39 
 217      BF7BF22C 
 217      0408
 218 0072 5B292B21 		.ascii	"[)+!\367\360\354A5\205k\025\336\267\023c\331P\002(\203"
 218      F7F0EC41 
 218      35856B15 
 218      DEB71363 
 218      D9500228 
 219 0087 28C32861 		.ascii	"(\303(a\224\030J\234<\271\002\232?\213\357Eq\242$Q\246"
 219      94184A9C 
 219      3CB9029A 
 219      3F8BEF45 
 219      71A22451 
ARM GAS  e:\temp\ccUCKlfk.s 			page 16


 220 009c 50B6683E 		.ascii	"P\266h>\240\371-]\014\177\325\222X\3732\361\203\031"
 220      A0F92D5D 
 220      0C7FD592 
 220      58FB32F1 
 220      8319
 221 00ae E2596DD6 		.ascii	"\342Ym\326\377\311;\234!.\274\202\270p\2068\306A\266"
 221      FFC93B9C 
 221      212EBC82 
 221      B8708638 
 221      C641B6
 222 00c1 566F21CA 		.ascii	"Vo!\312\032\224\010JB\303q\230\260t\234X\006\034\306"
 222      1A94084A 
 222      42C37198 
 222      B0749C58 
 222      061CC6
 223 00d4 A36D053D 		.ascii	"\243m\005=g\342\373_\011R\276^\177\366-\270\011\022"
 223      67E2FB5F 
 223      0952BE5E 
 223      7FF62DB8 
 223      0912
 224 00e6 680F4A00 		.ascii	"h\017J\000\304\016\\\210\020\256\342E\342;I\233\322"
 224      C40E5C88 
 224      10AEE245 
 224      E23B499B 
 224      D2
 225 00f7 07613B11 		.ascii	"\007a;\021\376\334f\200\361\237~\246\364\305A\014t\320"
 225      FEDC6680 
 225      F19F7EA6 
 225      F4C5410C 
 225      74D0
 226 0109 82205D81 		.ascii	"\202 ]\201\210\022\377K\232\033\021\340\222\021`\302"
 226      8812FF4B 
 226      9A1B11E0 
 226      921160C2 
 227 0119 13E59A6A 		.ascii	"\023\345\232j\202\305=\201\336\364\305Dk\241\214\220"
 227      82C53D81 
 227      DEF4C544 
 227      6BA18C90 
 228 0129 789D7EE4 		.ascii	"x\235~\344\337T\332Cq\265R*\275l\020s\356\340\235\256"
 228      DF54DA43 
 228      71B5522A 
 228      BD6C1073 
 228      EEE09DAE 
 229 013d ACFB12D8 		.ascii	"\254\373\022\330\025H\001\323\347C\217\362\204\316\376"
 229      154801D3 
 229      E7438FF2 
 229      84CEFE
 230 014c 6E3F32FB 		.ascii	"n?2\3738G~\216\335\245\033\263\335\277Z\240D9\305`f"
 230      38477E8E 
 230      DDA51BB3 
 230      DDBF5AA0 
 230      4439C560 
 231 0161 02FDAF84 		.ascii	"\002\375\257\204(-\200^P\240\007d\350\202R\226\333\256"
 231      282D805E 
 231      50A00764 
 231      E8825296 
 231      DBAE
ARM GAS  e:\temp\ccUCKlfk.s 			page 17


 232 0173 E07E98D2 		.ascii	"\340~\230\322\375t\241\203\332\212\010\224\333a\275"
 232      FD74A183 
 232      DA8A0894 
 232      DB61BD
 233 0182 9DC05928 		.ascii	"\235\300Y(a\230\314\013\272\301\016g\300\316\360\347"
 233      6198CC0B 
 233      BAC10E67 
 233      C0CEF0E7 
 234 0192 8E1EBF6B 		.ascii	"\216\036\277k\263H\030\310pvZ\230m4\3650\232\217%\024"
 234      B34818C8 
 234      70765A98 
 234      6D34F530 
 234      9A8F2514 
 235 01a6 2A20A19A 		.ascii	"* \241\232\\H\370rP]\243@\001\252\327>\276\231\204\242"
 235      5C48F872 
 235      505DA340 
 235      01AAD73E 
 235      BE9984A2 
 236 01ba 4F580DB4 		.ascii	"OX\015\264\205\026K\260}-\364#`\037\002\0228\017E\270"
 236      85164BB0 
 236      7D2DF423 
 236      601F0212 
 236      380F45B8 
 237 01ce 9F038BE8 		.ascii	"\237\003\213\350\316{\264\375\347\325\353N\320\023}"
 237      CE7BB4FD 
 237      E7D5EB4E 
 237      D0137D
 238 01dd 742678E8 		.ascii	"t&x\350\265\223\235\207\350$\306\275\312\035\301o\224"
 238      B5939D87 
 238      E824C6BD 
 238      CA1DC16F 
 238      94
 239 01ee 8D57769C 		.ascii	"\215Wv\234\206[\310e\000\326\261D3\336\316\034\271\211"
 239      865BC865 
 239      00D6B144 
 239      33DECE1C 
 239      B989
 240 0200 D3F099AF 		.ascii	"\323\360\231\257g_\236\300\211F\336\225\333it?\302H"
 240      675F9EC0 
 240      8946DE95 
 240      DB69743F 
 240      C248
 241 0212 1C65C040 		.ascii	"\034e\300@\0310\243\014r\224\320\235\205\266,y\037p"
 241      1930A30C 
 241      7294D09D 
 241      85B62C79 
 241      1F70
 242 0224 185F6BE7 		.ascii	"\030_k\347\231\034s\355\254i\243\370 /~\247V\273\357"
 242      991C73ED 
 242      AC69A3F8 
 242      202F7EA7 
 242      56BBEF
 243 0237 F4A948B6 		.ascii	"\364\251H\266\226\263\177\334\310\211^0d\344\0342\347"
 243      96B37FDC 
 243      C8895E30 
 243      64E41C32 
 243      E7
ARM GAS  e:\temp\ccUCKlfk.s 			page 18


 244 0248 1CE639BD 		.ascii	"\034\3469\275\375\337\\\222\345#\"\347\361?\203\017"
 244      FDDF5C92 
 244      E52322E7 
 244      F13F830F 
 245 0258 4183F14E 		.ascii	"A\203\361N\344\212\3769H\310\000\011\231A\302\034\244"
 245      E48AFE39 
 245      48C80009 
 245      9941C21C 
 245      A4
 246 0269 6364ECB1 		.ascii	"cd\354\261M\366\013\220\317\377\376gA\3067p\340\224"
 246      4DF60B90 
 246      CFFFFE67 
 246      41C63770 
 246      E094
 247 027b A464D398 		.ascii	"\244d\323\2308\304\230\370O\306\003\212\034\343\316"
 247      38C498F8 
 247      4FC6038A 
 247      1CE3CE
 248 028a D2EF0397 		.ascii	"\322\357\003\227\277\315\003\245\204O\001\366\251\224"
 248      BFCD03A5 
 248      844F01F6 
 248      A994
 249 0298 90749310 		.ascii	"\220t\223\020\3059phs\360%\032\277@\2436P\203b\240\""
 249      C5397068 
 249      73F0251A 
 249      BF40A336 
 249      508362A0 
 250 02ad C8C95746 		.ascii	"\310\311WFi\016E{\312\316\217J\370\240D\322\203r\341"
 250      690E457B 
 250      CACE8F4A 
 250      F8A044D2 
 250      8372E1
 251 02c0 EC4F0925 		.ascii	"\354O\011%m\273\000\334\330\361\313\335\241\274e\347"
 251      6DBB00DC 
 251      D8F1CBDD 
 251      A1BC65E7 
 252 02d0 E312A7F8 		.ascii	"\343\022\247\370\242>\037\017n\337\217g\351\363\021"
 252      A23E1F0F 
 252      6EDF8F67 
 252      E9F311
 253 02df DF327B9E 		.ascii	"\3372{\236\322\203\030ga~0b\0241b\346'\306\371\231\014"
 253      D2831867 
 253      617E3062 
 253      143162E6 
 253      27C6F999 
 254 02f4 C5FC5679 		.ascii	"\305\374VyB\360\363c\260\255E\177\253\320\365\305o5"
 254      42F0F363 
 254      B0AD457F 
 254      ABD0F5C5 
 254      6F35
 255 0306 6AC08C9A 		.ascii	"j\300\214\232a\342\034f\352@\3371Y\014\273\005\325{"
 255      61E21C66 
 255      EA40DF31 
 255      590CBB05 
 255      D57B
 256 0318 573F9D5D 		.ascii	"W?\235]-\206\275\030\325\333W\272\272\331\277N\306{"
 256      2D86BD18 
ARM GAS  e:\temp\ccUCKlfk.s 			page 19


 256      D5DB57BA 
 256      BAD9BF4E 
 256      C67B
 257 032a 2A956F62 		.ascii	"*\225ob\336)\230\037\237\236\373#[\236\023\314'\333"
 257      DE29981F 
 257      9F9EFB23 
 257      5B9E13CC 
 257      27DB
 258 033c E7A76D3A 		.ascii	"\347\247m:\363\255-\264\260\222\300\025\354\3752c\376"
 258      F3AD2DB4 
 258      B092C015 
 258      ECFD3263 
 258      FE
 259 034d 2A32EFD4 		.ascii	"*2\357\324\230\037G\343\230\301|H0\237@\026'\214j\235"
 259      981F47E3 
 259      98C17C48 
 259      309F4016 
 259      278C6A9D 
 260 0361 1AF3EFFD 		.ascii	"\032\363\357\375\320\366\235U9\314\350\\\011&F\204\277"
 260      D0F69D55 
 260      39CCE85C 
 260      09264684 
 260      BF
 261 0372 A7C7ACF2 		.ascii	"\247\307\254\362\274(\352\353\017\202^Y\377lD\247~\253"
 261      BC28EAEB 
 261      0F825E59 
 261      FF6C44A7 
 261      7EAB
 262 0384 3C4029C0 		.ascii	"<@)\300\024\346\272n\344\272\006\332w\343\311\034\223"
 262      14E6BA6E 
 262      E4BA06DA 
 262      77E3C91C 
 262      93
 263 0395 99733CF8 		.ascii	"\231s<\370k\354\303\334\334\367\323\235rD=\210@\022"
 263      6BECC3DC 
 263      DCF7D39D 
 263      72443D88 
 263      4012
 264 03a7 72F90791 		.ascii	"r\371\007\221\235OUn\255\252\251\332T\263\247vwM\265"
 264      9D4F556E 
 264      ADAAA9DA 
 264      54B3A776 
 264      774DB5
 265 03ba EAD9E8AE 		.ascii	"\352\331\350\256\177G}\275\261N\315\332\374\306\233"
 265      7F477DBD 
 265      B14ECDDA 
 265      FCC69B
 266 03c9 C5156565 		.ascii	"\305\025ee\304\332\\\337\340y\351\331\315j\203\352v"
 266      C4DA5CDF 
 266      E079E9D9 
 266      CD6A83EA 
 266      76
 267 03da 79D4BA9A 		.ascii	"y\324\272\232\352\306fw\255\272ckuc\305\013;j\367z\366"
 267      EAC66677 
 267      ADBA636B 
 267      7563C50B 
 267      3B6AF77A 
ARM GAS  e:\temp\ccUCKlfk.s 			page 20


 268 03ef 36A97B4A 		.ascii	"6\251{J\337&\317/\343a\340\227\326\222\002S\266\267"
 268      DF26CF2F 
 268      E361E097 
 268      D6920253 
 268      B6B7
 269 0401 DCF51E35 		.ascii	"\334\365\0365\337d\330\246\272\352\326.\3217\272<\256"
 269      DF64D8A6 
 269      BAEAD62E 
 269      D137BA3C 
 269      AE
 270 0412 6DEAAE67 		.ascii	"m\352\256g\026WY\325\340Q\335\356\346&\017\253\324\306"
 270      165759D5 
 270      E051DDEE 
 270      E6260FAB 
 270      D4C6
 271 0424 0A2C7BF1 		.ascii	"\012,{\361i\223K\305n\325\345N;q\207\362\015V\267\272"
 271      69934BC5 
 271      6ED5E54E 
 271      3B7187F2 
 271      0D56B7BA 
 272 0438 AB7CC37F 		.ascii	"\253|\303\177\"\254!\345"
 272      22AC21E5 
 273              		.text
 274              		.section	.gnu.lto_.symtab.6241083d,"",%progbits
 275 0000 4850495F 		.ascii	"HPI_IF_scl_SetDriveMode\000"
 275      49465F73 
 275      636C5F53 
 275      65744472 
 275      6976654D 
 276 0018 00       		.ascii	"\000"
 277 0019 00       		.ascii	"\000"
 278 001a 00       		.ascii	"\000"
 279 001b 00000000 		.ascii	"\000\000\000\000\000\000\000\000"
 279      00000000 
 280 0023 B3000000 		.ascii	"\263\000\000\000"
 281 0027 4850495F 		.ascii	"HPI_IF_scl_Write\000"
 281      49465F73 
 281      636C5F57 
 281      72697465 
 281      00
 282 0038 00       		.ascii	"\000"
 283 0039 00       		.ascii	"\000"
 284 003a 00       		.ascii	"\000"
 285 003b 00000000 		.ascii	"\000\000\000\000\000\000\000\000"
 285      00000000 
 286 0043 B5000000 		.ascii	"\265\000\000\000"
 287 0047 4850495F 		.ascii	"HPI_IF_scl_Read\000"
 287      49465F73 
 287      636C5F52 
 287      65616400 
 288 0057 00       		.ascii	"\000"
 289 0058 00       		.ascii	"\000"
 290 0059 00       		.ascii	"\000"
 291 005a 00000000 		.ascii	"\000\000\000\000\000\000\000\000"
 291      00000000 
 292 0062 B8000000 		.ascii	"\270\000\000\000"
 293 0066 4850495F 		.ascii	"HPI_IF_scl_ReadDataReg\000"
ARM GAS  e:\temp\ccUCKlfk.s 			page 21


 293      49465F73 
 293      636C5F52 
 293      65616444 
 293      61746152 
 294 007d 00       		.ascii	"\000"
 295 007e 00       		.ascii	"\000"
 296 007f 00       		.ascii	"\000"
 297 0080 00000000 		.ascii	"\000\000\000\000\000\000\000\000"
 297      00000000 
 298 0088 BA000000 		.ascii	"\272\000\000\000"
 299 008c 4850495F 		.ascii	"HPI_IF_scl_SetInterruptMode\000"
 299      49465F73 
 299      636C5F53 
 299      6574496E 
 299      74657272 
 300 00a8 00       		.ascii	"\000"
 301 00a9 00       		.ascii	"\000"
 302 00aa 00       		.ascii	"\000"
 303 00ab 00000000 		.ascii	"\000\000\000\000\000\000\000\000"
 303      00000000 
 304 00b3 C4000000 		.ascii	"\304\000\000\000"
 305 00b7 4850495F 		.ascii	"HPI_IF_scl_ClearInterrupt\000"
 305      49465F73 
 305      636C5F43 
 305      6C656172 
 305      496E7465 
 306 00d1 00       		.ascii	"\000"
 307 00d2 00       		.ascii	"\000"
 308 00d3 00       		.ascii	"\000"
 309 00d4 00000000 		.ascii	"\000\000\000\000\000\000\000\000"
 309      00000000 
 310 00dc C6000000 		.ascii	"\306\000\000\000"
 311              		.text
 312              		.section	.gnu.lto_.opts,"",%progbits
 313 0000 272D666D 		.ascii	"'-fmath-errno' '-fsigned-zeros' '-ftrapping-math' '"
 313      6174682D 
 313      6572726E 
 313      6F272027 
 313      2D667369 
 314 0033 2D666E6F 		.ascii	"-fno-trapv' '-fno-openmp' '-fno-openacc' '-mcpu=cor"
 314      2D747261 
 314      70762720 
 314      272D666E 
 314      6F2D6F70 
 315 0066 7465782D 		.ascii	"tex-m0' '-mthumb' '-g' '-Os' '-Werror' '-ffunction-"
 315      6D302720 
 315      272D6D74 
 315      68756D62 
 315      2720272D 
 316 0099 73656374 		.ascii	"sections' '-ffat-lto-objects' '-finline-functions' "
 316      696F6E73 
 316      2720272D 
 316      66666174 
 316      2D6C746F 
 317 00cc 272D666C 		.ascii	"'-flto' '-fno-strict-aliasing'\000"
 317      746F2720 
 317      272D666E 
ARM GAS  e:\temp\ccUCKlfk.s 			page 22


 317      6F2D7374 
 317      72696374 
 318              		.text
 319              		.cfi_sections	.debug_frame
 320              		.section	.text.HPI_IF_scl_SetDriveMode,"ax",%progbits
 321              		.align	1
 322              		.global	HPI_IF_scl_SetDriveMode
 323              		.code	16
 324              		.thumb_func
 325              		.type	HPI_IF_scl_SetDriveMode, %function
 326              	HPI_IF_scl_SetDriveMode:
 327              	.LFB0:
 328              		.file 1 "Generated_Source\\PSoC4\\HPI_IF_scl.c"
   1:Generated_Source\PSoC4/HPI_IF_scl.c **** /*******************************************************************************
   2:Generated_Source\PSoC4/HPI_IF_scl.c **** * File Name: HPI_IF_scl.c  
   3:Generated_Source\PSoC4/HPI_IF_scl.c **** * Version 2.20
   4:Generated_Source\PSoC4/HPI_IF_scl.c **** *
   5:Generated_Source\PSoC4/HPI_IF_scl.c **** * Description:
   6:Generated_Source\PSoC4/HPI_IF_scl.c **** *  This file contains API to enable firmware control of a Pins component.
   7:Generated_Source\PSoC4/HPI_IF_scl.c **** *
   8:Generated_Source\PSoC4/HPI_IF_scl.c **** ********************************************************************************
   9:Generated_Source\PSoC4/HPI_IF_scl.c **** * Copyright 2008-2015, Cypress Semiconductor Corporation.  All rights reserved.
  10:Generated_Source\PSoC4/HPI_IF_scl.c **** * You may use this file only in accordance with the license, terms, conditions, 
  11:Generated_Source\PSoC4/HPI_IF_scl.c **** * disclaimers, and limitations in the end user license agreement accompanying 
  12:Generated_Source\PSoC4/HPI_IF_scl.c **** * the software package with which this file was provided.
  13:Generated_Source\PSoC4/HPI_IF_scl.c **** *******************************************************************************/
  14:Generated_Source\PSoC4/HPI_IF_scl.c **** 
  15:Generated_Source\PSoC4/HPI_IF_scl.c **** #include "cytypes.h"
  16:Generated_Source\PSoC4/HPI_IF_scl.c **** #include "HPI_IF_scl.h"
  17:Generated_Source\PSoC4/HPI_IF_scl.c **** 
  18:Generated_Source\PSoC4/HPI_IF_scl.c **** 
  19:Generated_Source\PSoC4/HPI_IF_scl.c **** #if defined(HPI_IF_scl__PC)
  20:Generated_Source\PSoC4/HPI_IF_scl.c ****     #define HPI_IF_scl_SetP4PinDriveMode(shift, mode)  \
  21:Generated_Source\PSoC4/HPI_IF_scl.c ****     do { \
  22:Generated_Source\PSoC4/HPI_IF_scl.c ****         HPI_IF_scl_PC =   (HPI_IF_scl_PC & \
  23:Generated_Source\PSoC4/HPI_IF_scl.c ****                                 (uint32)(~(uint32)(HPI_IF_scl_DRIVE_MODE_IND_MASK << \
  24:Generated_Source\PSoC4/HPI_IF_scl.c ****                                 (HPI_IF_scl_DRIVE_MODE_BITS * (shift))))) | \
  25:Generated_Source\PSoC4/HPI_IF_scl.c ****                                 (uint32)((uint32)(mode) << \
  26:Generated_Source\PSoC4/HPI_IF_scl.c ****                                 (HPI_IF_scl_DRIVE_MODE_BITS * (shift))); \
  27:Generated_Source\PSoC4/HPI_IF_scl.c ****     } while (0)
  28:Generated_Source\PSoC4/HPI_IF_scl.c **** #else
  29:Generated_Source\PSoC4/HPI_IF_scl.c ****     #if (CY_PSOC4_4200L)
  30:Generated_Source\PSoC4/HPI_IF_scl.c ****         #define HPI_IF_scl_SetP4PinDriveMode(shift, mode)  \
  31:Generated_Source\PSoC4/HPI_IF_scl.c ****         do { \
  32:Generated_Source\PSoC4/HPI_IF_scl.c ****             HPI_IF_scl_USBIO_CTRL_REG = (HPI_IF_scl_USBIO_CTRL_REG & \
  33:Generated_Source\PSoC4/HPI_IF_scl.c ****                                     (uint32)(~(uint32)(HPI_IF_scl_DRIVE_MODE_IND_MASK << \
  34:Generated_Source\PSoC4/HPI_IF_scl.c ****                                     (HPI_IF_scl_DRIVE_MODE_BITS * (shift))))) | \
  35:Generated_Source\PSoC4/HPI_IF_scl.c ****                                     (uint32)((uint32)(mode) << \
  36:Generated_Source\PSoC4/HPI_IF_scl.c ****                                     (HPI_IF_scl_DRIVE_MODE_BITS * (shift))); \
  37:Generated_Source\PSoC4/HPI_IF_scl.c ****         } while (0)
  38:Generated_Source\PSoC4/HPI_IF_scl.c ****     #endif
  39:Generated_Source\PSoC4/HPI_IF_scl.c **** #endif
  40:Generated_Source\PSoC4/HPI_IF_scl.c ****   
  41:Generated_Source\PSoC4/HPI_IF_scl.c **** 
  42:Generated_Source\PSoC4/HPI_IF_scl.c **** #if defined(HPI_IF_scl__PC) || (CY_PSOC4_4200L) 
  43:Generated_Source\PSoC4/HPI_IF_scl.c ****     /*******************************************************************************
  44:Generated_Source\PSoC4/HPI_IF_scl.c ****     * Function Name: HPI_IF_scl_SetDriveMode
ARM GAS  e:\temp\ccUCKlfk.s 			page 23


  45:Generated_Source\PSoC4/HPI_IF_scl.c ****     ****************************************************************************//**
  46:Generated_Source\PSoC4/HPI_IF_scl.c ****     *
  47:Generated_Source\PSoC4/HPI_IF_scl.c ****     * \brief Sets the drive mode for each of the Pins component's pins.
  48:Generated_Source\PSoC4/HPI_IF_scl.c ****     * 
  49:Generated_Source\PSoC4/HPI_IF_scl.c ****     * <b>Note</b> This affects all pins in the Pins component instance. Use the
  50:Generated_Source\PSoC4/HPI_IF_scl.c ****     * Per-Pin APIs if you wish to control individual pin's drive modes.
  51:Generated_Source\PSoC4/HPI_IF_scl.c ****     *
  52:Generated_Source\PSoC4/HPI_IF_scl.c ****     * <b>Note</b> USBIOs have limited drive functionality. Refer to the Drive Mode
  53:Generated_Source\PSoC4/HPI_IF_scl.c ****     * parameter for more information.
  54:Generated_Source\PSoC4/HPI_IF_scl.c ****     *
  55:Generated_Source\PSoC4/HPI_IF_scl.c ****     * \param mode
  56:Generated_Source\PSoC4/HPI_IF_scl.c ****     *  Mode for the selected signals. Valid options are documented in 
  57:Generated_Source\PSoC4/HPI_IF_scl.c ****     *  \ref driveMode.
  58:Generated_Source\PSoC4/HPI_IF_scl.c ****     *
  59:Generated_Source\PSoC4/HPI_IF_scl.c ****     * \return
  60:Generated_Source\PSoC4/HPI_IF_scl.c ****     *  None
  61:Generated_Source\PSoC4/HPI_IF_scl.c ****     *
  62:Generated_Source\PSoC4/HPI_IF_scl.c ****     * \sideeffect
  63:Generated_Source\PSoC4/HPI_IF_scl.c ****     *  If you use read-modify-write operations that are not atomic, the ISR can
  64:Generated_Source\PSoC4/HPI_IF_scl.c ****     *  cause corruption of this function. An ISR that interrupts this function 
  65:Generated_Source\PSoC4/HPI_IF_scl.c ****     *  and performs writes to the Pins component Drive Mode registers can cause 
  66:Generated_Source\PSoC4/HPI_IF_scl.c ****     *  corrupted port data. To avoid this issue, you should either use the Per-Pin
  67:Generated_Source\PSoC4/HPI_IF_scl.c ****     *  APIs (primary method) or disable interrupts around this function.
  68:Generated_Source\PSoC4/HPI_IF_scl.c ****     *
  69:Generated_Source\PSoC4/HPI_IF_scl.c ****     * \funcusage
  70:Generated_Source\PSoC4/HPI_IF_scl.c ****     *  \snippet HPI_IF_scl_SUT.c usage_HPI_IF_scl_SetDriveMode
  71:Generated_Source\PSoC4/HPI_IF_scl.c ****     *******************************************************************************/
  72:Generated_Source\PSoC4/HPI_IF_scl.c ****     void HPI_IF_scl_SetDriveMode(uint8 mode)
  73:Generated_Source\PSoC4/HPI_IF_scl.c ****     {
 329              		.loc 1 73 0
 330              		.cfi_startproc
 331              		@ args = 0, pretend = 0, frame = 0
 332              		@ frame_needed = 0, uses_anonymous_args = 0
 333              		@ link register save eliminated.
 334              	.LVL0:
  74:Generated_Source\PSoC4/HPI_IF_scl.c **** 		HPI_IF_scl_SetP4PinDriveMode(HPI_IF_scl__0__SHIFT, mode);
 335              		.loc 1 74 0
 336 0000 3821     		movs	r1, #56
 337 0002 034A     		ldr	r2, .L2
 338 0004 C000     		lsls	r0, r0, #3
 339              	.LVL1:
 340 0006 1368     		ldr	r3, [r2]
  75:Generated_Source\PSoC4/HPI_IF_scl.c ****     }
 341              		.loc 1 75 0
 342              		@ sp needed
  74:Generated_Source\PSoC4/HPI_IF_scl.c **** 		HPI_IF_scl_SetP4PinDriveMode(HPI_IF_scl__0__SHIFT, mode);
 343              		.loc 1 74 0
 344 0008 8B43     		bics	r3, r1
 345 000a 1843     		orrs	r0, r3
 346 000c 1060     		str	r0, [r2]
 347              		.loc 1 75 0
 348 000e 7047     		bx	lr
 349              	.L3:
 350              		.align	2
 351              	.L2:
 352 0010 08050440 		.word	1074005256
 353              		.cfi_endproc
ARM GAS  e:\temp\ccUCKlfk.s 			page 24


 354              	.LFE0:
 355              		.size	HPI_IF_scl_SetDriveMode, .-HPI_IF_scl_SetDriveMode
 356              		.section	.text.HPI_IF_scl_Write,"ax",%progbits
 357              		.align	1
 358              		.global	HPI_IF_scl_Write
 359              		.code	16
 360              		.thumb_func
 361              		.type	HPI_IF_scl_Write, %function
 362              	HPI_IF_scl_Write:
 363              	.LFB1:
  76:Generated_Source\PSoC4/HPI_IF_scl.c **** #endif
  77:Generated_Source\PSoC4/HPI_IF_scl.c **** 
  78:Generated_Source\PSoC4/HPI_IF_scl.c **** 
  79:Generated_Source\PSoC4/HPI_IF_scl.c **** /*******************************************************************************
  80:Generated_Source\PSoC4/HPI_IF_scl.c **** * Function Name: HPI_IF_scl_Write
  81:Generated_Source\PSoC4/HPI_IF_scl.c **** ****************************************************************************//**
  82:Generated_Source\PSoC4/HPI_IF_scl.c **** *
  83:Generated_Source\PSoC4/HPI_IF_scl.c **** * \brief Writes the value to the physical port (data output register), masking
  84:Generated_Source\PSoC4/HPI_IF_scl.c **** *  and shifting the bits appropriately. 
  85:Generated_Source\PSoC4/HPI_IF_scl.c **** *
  86:Generated_Source\PSoC4/HPI_IF_scl.c **** * The data output register controls the signal applied to the physical pin in 
  87:Generated_Source\PSoC4/HPI_IF_scl.c **** * conjunction with the drive mode parameter. This function avoids changing 
  88:Generated_Source\PSoC4/HPI_IF_scl.c **** * other bits in the port by using the appropriate method (read-modify-write or
  89:Generated_Source\PSoC4/HPI_IF_scl.c **** * bit banding).
  90:Generated_Source\PSoC4/HPI_IF_scl.c **** *
  91:Generated_Source\PSoC4/HPI_IF_scl.c **** * <b>Note</b> This function should not be used on a hardware digital output pin 
  92:Generated_Source\PSoC4/HPI_IF_scl.c **** * as it is driven by the hardware signal attached to it.
  93:Generated_Source\PSoC4/HPI_IF_scl.c **** *
  94:Generated_Source\PSoC4/HPI_IF_scl.c **** * \param value
  95:Generated_Source\PSoC4/HPI_IF_scl.c **** *  Value to write to the component instance.
  96:Generated_Source\PSoC4/HPI_IF_scl.c **** *
  97:Generated_Source\PSoC4/HPI_IF_scl.c **** * \return 
  98:Generated_Source\PSoC4/HPI_IF_scl.c **** *  None 
  99:Generated_Source\PSoC4/HPI_IF_scl.c **** *
 100:Generated_Source\PSoC4/HPI_IF_scl.c **** * \sideeffect
 101:Generated_Source\PSoC4/HPI_IF_scl.c **** *  If you use read-modify-write operations that are not atomic; the Interrupt 
 102:Generated_Source\PSoC4/HPI_IF_scl.c **** *  Service Routines (ISR) can cause corruption of this function. An ISR that 
 103:Generated_Source\PSoC4/HPI_IF_scl.c **** *  interrupts this function and performs writes to the Pins component data 
 104:Generated_Source\PSoC4/HPI_IF_scl.c **** *  register can cause corrupted port data. To avoid this issue, you should 
 105:Generated_Source\PSoC4/HPI_IF_scl.c **** *  either use the Per-Pin APIs (primary method) or disable interrupts around 
 106:Generated_Source\PSoC4/HPI_IF_scl.c **** *  this function.
 107:Generated_Source\PSoC4/HPI_IF_scl.c **** *
 108:Generated_Source\PSoC4/HPI_IF_scl.c **** * \funcusage
 109:Generated_Source\PSoC4/HPI_IF_scl.c **** *  \snippet HPI_IF_scl_SUT.c usage_HPI_IF_scl_Write
 110:Generated_Source\PSoC4/HPI_IF_scl.c **** *******************************************************************************/
 111:Generated_Source\PSoC4/HPI_IF_scl.c **** void HPI_IF_scl_Write(uint8 value)
 112:Generated_Source\PSoC4/HPI_IF_scl.c **** {
 364              		.loc 1 112 0
 365              		.cfi_startproc
 366              		@ args = 0, pretend = 0, frame = 0
 367              		@ frame_needed = 0, uses_anonymous_args = 0
 368              		@ link register save eliminated.
 369              	.LVL2:
 113:Generated_Source\PSoC4/HPI_IF_scl.c ****     uint8 drVal = (uint8)(HPI_IF_scl_DR & (uint8)(~HPI_IF_scl_MASK));
 370              		.loc 1 113 0
 371 0000 0223     		movs	r3, #2
 372 0002 0449     		ldr	r1, .L5
ARM GAS  e:\temp\ccUCKlfk.s 			page 25


 114:Generated_Source\PSoC4/HPI_IF_scl.c ****     drVal = (drVal | ((uint8)(value << HPI_IF_scl_SHIFT) & HPI_IF_scl_MASK));
 115:Generated_Source\PSoC4/HPI_IF_scl.c ****     HPI_IF_scl_DR = (uint32)drVal;
 373              		.loc 1 115 0
 374 0004 4000     		lsls	r0, r0, #1
 375              	.LVL3:
 113:Generated_Source\PSoC4/HPI_IF_scl.c ****     uint8 drVal = (uint8)(HPI_IF_scl_DR & (uint8)(~HPI_IF_scl_MASK));
 376              		.loc 1 113 0
 377 0006 0A68     		ldr	r2, [r1]
 116:Generated_Source\PSoC4/HPI_IF_scl.c **** }
 378              		.loc 1 116 0
 379              		@ sp needed
 113:Generated_Source\PSoC4/HPI_IF_scl.c ****     uint8 drVal = (uint8)(HPI_IF_scl_DR & (uint8)(~HPI_IF_scl_MASK));
 380              		.loc 1 113 0
 381 0008 9A43     		bics	r2, r3
 382 000a D2B2     		uxtb	r2, r2
 115:Generated_Source\PSoC4/HPI_IF_scl.c **** }
 383              		.loc 1 115 0
 384 000c 0340     		ands	r3, r0
 385 000e 1343     		orrs	r3, r2
 386 0010 0B60     		str	r3, [r1]
 387              		.loc 1 116 0
 388 0012 7047     		bx	lr
 389              	.L6:
 390              		.align	2
 391              	.L5:
 392 0014 00050440 		.word	1074005248
 393              		.cfi_endproc
 394              	.LFE1:
 395              		.size	HPI_IF_scl_Write, .-HPI_IF_scl_Write
 396              		.section	.text.HPI_IF_scl_Read,"ax",%progbits
 397              		.align	1
 398              		.global	HPI_IF_scl_Read
 399              		.code	16
 400              		.thumb_func
 401              		.type	HPI_IF_scl_Read, %function
 402              	HPI_IF_scl_Read:
 403              	.LFB2:
 117:Generated_Source\PSoC4/HPI_IF_scl.c **** 
 118:Generated_Source\PSoC4/HPI_IF_scl.c **** 
 119:Generated_Source\PSoC4/HPI_IF_scl.c **** /*******************************************************************************
 120:Generated_Source\PSoC4/HPI_IF_scl.c **** * Function Name: HPI_IF_scl_Read
 121:Generated_Source\PSoC4/HPI_IF_scl.c **** ****************************************************************************//**
 122:Generated_Source\PSoC4/HPI_IF_scl.c **** *
 123:Generated_Source\PSoC4/HPI_IF_scl.c **** * \brief Reads the associated physical port (pin status register) and masks 
 124:Generated_Source\PSoC4/HPI_IF_scl.c **** *  the required bits according to the width and bit position of the component
 125:Generated_Source\PSoC4/HPI_IF_scl.c **** *  instance. 
 126:Generated_Source\PSoC4/HPI_IF_scl.c **** *
 127:Generated_Source\PSoC4/HPI_IF_scl.c **** * The pin's status register returns the current logic level present on the 
 128:Generated_Source\PSoC4/HPI_IF_scl.c **** * physical pin.
 129:Generated_Source\PSoC4/HPI_IF_scl.c **** *
 130:Generated_Source\PSoC4/HPI_IF_scl.c **** * \return 
 131:Generated_Source\PSoC4/HPI_IF_scl.c **** *  The current value for the pins in the component as a right justified number.
 132:Generated_Source\PSoC4/HPI_IF_scl.c **** *
 133:Generated_Source\PSoC4/HPI_IF_scl.c **** * \funcusage
 134:Generated_Source\PSoC4/HPI_IF_scl.c **** *  \snippet HPI_IF_scl_SUT.c usage_HPI_IF_scl_Read  
 135:Generated_Source\PSoC4/HPI_IF_scl.c **** *******************************************************************************/
 136:Generated_Source\PSoC4/HPI_IF_scl.c **** uint8 HPI_IF_scl_Read(void)
ARM GAS  e:\temp\ccUCKlfk.s 			page 26


 137:Generated_Source\PSoC4/HPI_IF_scl.c **** {
 404              		.loc 1 137 0
 405              		.cfi_startproc
 406              		@ args = 0, pretend = 0, frame = 0
 407              		@ frame_needed = 0, uses_anonymous_args = 0
 408              		@ link register save eliminated.
 138:Generated_Source\PSoC4/HPI_IF_scl.c ****     return (uint8)((HPI_IF_scl_PS & HPI_IF_scl_MASK) >> HPI_IF_scl_SHIFT);
 409              		.loc 1 138 0
 410 0000 024B     		ldr	r3, .L8
 139:Generated_Source\PSoC4/HPI_IF_scl.c **** }
 411              		.loc 1 139 0
 412              		@ sp needed
 138:Generated_Source\PSoC4/HPI_IF_scl.c ****     return (uint8)((HPI_IF_scl_PS & HPI_IF_scl_MASK) >> HPI_IF_scl_SHIFT);
 413              		.loc 1 138 0
 414 0002 1868     		ldr	r0, [r3]
 415 0004 8007     		lsls	r0, r0, #30
 416 0006 C00F     		lsrs	r0, r0, #31
 417              		.loc 1 139 0
 418 0008 7047     		bx	lr
 419              	.L9:
 420 000a C046     		.align	2
 421              	.L8:
 422 000c 04050440 		.word	1074005252
 423              		.cfi_endproc
 424              	.LFE2:
 425              		.size	HPI_IF_scl_Read, .-HPI_IF_scl_Read
 426              		.section	.text.HPI_IF_scl_ReadDataReg,"ax",%progbits
 427              		.align	1
 428              		.global	HPI_IF_scl_ReadDataReg
 429              		.code	16
 430              		.thumb_func
 431              		.type	HPI_IF_scl_ReadDataReg, %function
 432              	HPI_IF_scl_ReadDataReg:
 433              	.LFB3:
 140:Generated_Source\PSoC4/HPI_IF_scl.c **** 
 141:Generated_Source\PSoC4/HPI_IF_scl.c **** 
 142:Generated_Source\PSoC4/HPI_IF_scl.c **** /*******************************************************************************
 143:Generated_Source\PSoC4/HPI_IF_scl.c **** * Function Name: HPI_IF_scl_ReadDataReg
 144:Generated_Source\PSoC4/HPI_IF_scl.c **** ****************************************************************************//**
 145:Generated_Source\PSoC4/HPI_IF_scl.c **** *
 146:Generated_Source\PSoC4/HPI_IF_scl.c **** * \brief Reads the associated physical port's data output register and masks 
 147:Generated_Source\PSoC4/HPI_IF_scl.c **** *  the correct bits according to the width and bit position of the component 
 148:Generated_Source\PSoC4/HPI_IF_scl.c **** *  instance. 
 149:Generated_Source\PSoC4/HPI_IF_scl.c **** *
 150:Generated_Source\PSoC4/HPI_IF_scl.c **** * The data output register controls the signal applied to the physical pin in 
 151:Generated_Source\PSoC4/HPI_IF_scl.c **** * conjunction with the drive mode parameter. This is not the same as the 
 152:Generated_Source\PSoC4/HPI_IF_scl.c **** * preferred HPI_IF_scl_Read() API because the 
 153:Generated_Source\PSoC4/HPI_IF_scl.c **** * HPI_IF_scl_ReadDataReg() reads the data register instead of the status 
 154:Generated_Source\PSoC4/HPI_IF_scl.c **** * register. For output pins this is a useful function to determine the value 
 155:Generated_Source\PSoC4/HPI_IF_scl.c **** * just written to the pin.
 156:Generated_Source\PSoC4/HPI_IF_scl.c **** *
 157:Generated_Source\PSoC4/HPI_IF_scl.c **** * \return 
 158:Generated_Source\PSoC4/HPI_IF_scl.c **** *  The current value of the data register masked and shifted into a right 
 159:Generated_Source\PSoC4/HPI_IF_scl.c **** *  justified number for the component instance.
 160:Generated_Source\PSoC4/HPI_IF_scl.c **** *
 161:Generated_Source\PSoC4/HPI_IF_scl.c **** * \funcusage
 162:Generated_Source\PSoC4/HPI_IF_scl.c **** *  \snippet HPI_IF_scl_SUT.c usage_HPI_IF_scl_ReadDataReg 
ARM GAS  e:\temp\ccUCKlfk.s 			page 27


 163:Generated_Source\PSoC4/HPI_IF_scl.c **** *******************************************************************************/
 164:Generated_Source\PSoC4/HPI_IF_scl.c **** uint8 HPI_IF_scl_ReadDataReg(void)
 165:Generated_Source\PSoC4/HPI_IF_scl.c **** {
 434              		.loc 1 165 0
 435              		.cfi_startproc
 436              		@ args = 0, pretend = 0, frame = 0
 437              		@ frame_needed = 0, uses_anonymous_args = 0
 438              		@ link register save eliminated.
 166:Generated_Source\PSoC4/HPI_IF_scl.c ****     return (uint8)((HPI_IF_scl_DR & HPI_IF_scl_MASK) >> HPI_IF_scl_SHIFT);
 439              		.loc 1 166 0
 440 0000 024B     		ldr	r3, .L11
 167:Generated_Source\PSoC4/HPI_IF_scl.c **** }
 441              		.loc 1 167 0
 442              		@ sp needed
 166:Generated_Source\PSoC4/HPI_IF_scl.c ****     return (uint8)((HPI_IF_scl_DR & HPI_IF_scl_MASK) >> HPI_IF_scl_SHIFT);
 443              		.loc 1 166 0
 444 0002 1868     		ldr	r0, [r3]
 445 0004 8007     		lsls	r0, r0, #30
 446 0006 C00F     		lsrs	r0, r0, #31
 447              		.loc 1 167 0
 448 0008 7047     		bx	lr
 449              	.L12:
 450 000a C046     		.align	2
 451              	.L11:
 452 000c 00050440 		.word	1074005248
 453              		.cfi_endproc
 454              	.LFE3:
 455              		.size	HPI_IF_scl_ReadDataReg, .-HPI_IF_scl_ReadDataReg
 456              		.section	.text.HPI_IF_scl_SetInterruptMode,"ax",%progbits
 457              		.align	1
 458              		.global	HPI_IF_scl_SetInterruptMode
 459              		.code	16
 460              		.thumb_func
 461              		.type	HPI_IF_scl_SetInterruptMode, %function
 462              	HPI_IF_scl_SetInterruptMode:
 463              	.LFB4:
 168:Generated_Source\PSoC4/HPI_IF_scl.c **** 
 169:Generated_Source\PSoC4/HPI_IF_scl.c **** 
 170:Generated_Source\PSoC4/HPI_IF_scl.c **** /*******************************************************************************
 171:Generated_Source\PSoC4/HPI_IF_scl.c **** * Function Name: HPI_IF_scl_SetInterruptMode
 172:Generated_Source\PSoC4/HPI_IF_scl.c **** ****************************************************************************//**
 173:Generated_Source\PSoC4/HPI_IF_scl.c **** *
 174:Generated_Source\PSoC4/HPI_IF_scl.c **** * \brief Configures the interrupt mode for each of the Pins component's
 175:Generated_Source\PSoC4/HPI_IF_scl.c **** *  pins. Alternatively you may set the interrupt mode for all the pins
 176:Generated_Source\PSoC4/HPI_IF_scl.c **** *  specified in the Pins component.
 177:Generated_Source\PSoC4/HPI_IF_scl.c **** *
 178:Generated_Source\PSoC4/HPI_IF_scl.c **** *  <b>Note</b> The interrupt is port-wide and therefore any enabled pin
 179:Generated_Source\PSoC4/HPI_IF_scl.c **** *  interrupt may trigger it.
 180:Generated_Source\PSoC4/HPI_IF_scl.c **** *
 181:Generated_Source\PSoC4/HPI_IF_scl.c **** * \param position
 182:Generated_Source\PSoC4/HPI_IF_scl.c **** *  The pin position as listed in the Pins component. You may OR these to be 
 183:Generated_Source\PSoC4/HPI_IF_scl.c **** *  able to configure the interrupt mode of multiple pins within a Pins 
 184:Generated_Source\PSoC4/HPI_IF_scl.c **** *  component. Or you may use HPI_IF_scl_INTR_ALL to configure the
 185:Generated_Source\PSoC4/HPI_IF_scl.c **** *  interrupt mode of all the pins in the Pins component.       
 186:Generated_Source\PSoC4/HPI_IF_scl.c **** *  - HPI_IF_scl_0_INTR       (First pin in the list)
 187:Generated_Source\PSoC4/HPI_IF_scl.c **** *  - HPI_IF_scl_1_INTR       (Second pin in the list)
 188:Generated_Source\PSoC4/HPI_IF_scl.c **** *  - ...
ARM GAS  e:\temp\ccUCKlfk.s 			page 28


 189:Generated_Source\PSoC4/HPI_IF_scl.c **** *  - HPI_IF_scl_INTR_ALL     (All pins in Pins component)
 190:Generated_Source\PSoC4/HPI_IF_scl.c **** *
 191:Generated_Source\PSoC4/HPI_IF_scl.c **** * \param mode
 192:Generated_Source\PSoC4/HPI_IF_scl.c **** *  Interrupt mode for the selected pins. Valid options are documented in
 193:Generated_Source\PSoC4/HPI_IF_scl.c **** *  \ref intrMode.
 194:Generated_Source\PSoC4/HPI_IF_scl.c **** *
 195:Generated_Source\PSoC4/HPI_IF_scl.c **** * \return 
 196:Generated_Source\PSoC4/HPI_IF_scl.c **** *  None
 197:Generated_Source\PSoC4/HPI_IF_scl.c **** *  
 198:Generated_Source\PSoC4/HPI_IF_scl.c **** * \sideeffect
 199:Generated_Source\PSoC4/HPI_IF_scl.c **** *  It is recommended that the interrupt be disabled before calling this 
 200:Generated_Source\PSoC4/HPI_IF_scl.c **** *  function to avoid unintended interrupt requests. Note that the interrupt
 201:Generated_Source\PSoC4/HPI_IF_scl.c **** *  type is port wide, and therefore will trigger for any enabled pin on the 
 202:Generated_Source\PSoC4/HPI_IF_scl.c **** *  port.
 203:Generated_Source\PSoC4/HPI_IF_scl.c **** *
 204:Generated_Source\PSoC4/HPI_IF_scl.c **** * \funcusage
 205:Generated_Source\PSoC4/HPI_IF_scl.c **** *  \snippet HPI_IF_scl_SUT.c usage_HPI_IF_scl_SetInterruptMode
 206:Generated_Source\PSoC4/HPI_IF_scl.c **** *******************************************************************************/
 207:Generated_Source\PSoC4/HPI_IF_scl.c **** void HPI_IF_scl_SetInterruptMode(uint16 position, uint16 mode)
 208:Generated_Source\PSoC4/HPI_IF_scl.c **** {
 464              		.loc 1 208 0
 465              		.cfi_startproc
 466              		@ args = 0, pretend = 0, frame = 0
 467              		@ frame_needed = 0, uses_anonymous_args = 0
 468              		@ link register save eliminated.
 469              	.LVL4:
 209:Generated_Source\PSoC4/HPI_IF_scl.c ****     uint32 intrCfg;
 210:Generated_Source\PSoC4/HPI_IF_scl.c ****     
 211:Generated_Source\PSoC4/HPI_IF_scl.c ****     intrCfg =  HPI_IF_scl_INTCFG & (uint32)(~(uint32)position);
 470              		.loc 1 211 0
 471 0000 034A     		ldr	r2, .L14
 212:Generated_Source\PSoC4/HPI_IF_scl.c ****     HPI_IF_scl_INTCFG = intrCfg | ((uint32)position & (uint32)mode);
 213:Generated_Source\PSoC4/HPI_IF_scl.c **** }
 472              		.loc 1 213 0
 473              		@ sp needed
 211:Generated_Source\PSoC4/HPI_IF_scl.c ****     HPI_IF_scl_INTCFG = intrCfg | ((uint32)position & (uint32)mode);
 474              		.loc 1 211 0
 475 0002 1368     		ldr	r3, [r2]
 476              	.LVL5:
 212:Generated_Source\PSoC4/HPI_IF_scl.c ****     HPI_IF_scl_INTCFG = intrCfg | ((uint32)position & (uint32)mode);
 477              		.loc 1 212 0
 478 0004 8343     		bics	r3, r0
 479              	.LVL6:
 480 0006 0840     		ands	r0, r1
 481              	.LVL7:
 482 0008 1843     		orrs	r0, r3
 483 000a 1060     		str	r0, [r2]
 484              		.loc 1 213 0
 485 000c 7047     		bx	lr
 486              	.L15:
 487 000e C046     		.align	2
 488              	.L14:
 489 0010 0C050440 		.word	1074005260
 490              		.cfi_endproc
 491              	.LFE4:
 492              		.size	HPI_IF_scl_SetInterruptMode, .-HPI_IF_scl_SetInterruptMode
 493              		.section	.text.HPI_IF_scl_ClearInterrupt,"ax",%progbits
ARM GAS  e:\temp\ccUCKlfk.s 			page 29


 494              		.align	1
 495              		.global	HPI_IF_scl_ClearInterrupt
 496              		.code	16
 497              		.thumb_func
 498              		.type	HPI_IF_scl_ClearInterrupt, %function
 499              	HPI_IF_scl_ClearInterrupt:
 500              	.LFB5:
 214:Generated_Source\PSoC4/HPI_IF_scl.c **** 
 215:Generated_Source\PSoC4/HPI_IF_scl.c **** 
 216:Generated_Source\PSoC4/HPI_IF_scl.c **** /*******************************************************************************
 217:Generated_Source\PSoC4/HPI_IF_scl.c **** * Function Name: HPI_IF_scl_ClearInterrupt
 218:Generated_Source\PSoC4/HPI_IF_scl.c **** ****************************************************************************//**
 219:Generated_Source\PSoC4/HPI_IF_scl.c **** *
 220:Generated_Source\PSoC4/HPI_IF_scl.c **** * \brief Clears any active interrupts attached with the component and returns 
 221:Generated_Source\PSoC4/HPI_IF_scl.c **** *  the value of the interrupt status register allowing determination of which
 222:Generated_Source\PSoC4/HPI_IF_scl.c **** *  pins generated an interrupt event.
 223:Generated_Source\PSoC4/HPI_IF_scl.c **** *
 224:Generated_Source\PSoC4/HPI_IF_scl.c **** * \return 
 225:Generated_Source\PSoC4/HPI_IF_scl.c **** *  The right-shifted current value of the interrupt status register. Each pin 
 226:Generated_Source\PSoC4/HPI_IF_scl.c **** *  has one bit set if it generated an interrupt event. For example, bit 0 is 
 227:Generated_Source\PSoC4/HPI_IF_scl.c **** *  for pin 0 and bit 1 is for pin 1 of the Pins component.
 228:Generated_Source\PSoC4/HPI_IF_scl.c **** *  
 229:Generated_Source\PSoC4/HPI_IF_scl.c **** * \sideeffect
 230:Generated_Source\PSoC4/HPI_IF_scl.c **** *  Clears all bits of the physical port's interrupt status register, not just
 231:Generated_Source\PSoC4/HPI_IF_scl.c **** *  those associated with the Pins component.
 232:Generated_Source\PSoC4/HPI_IF_scl.c **** *
 233:Generated_Source\PSoC4/HPI_IF_scl.c **** * \funcusage
 234:Generated_Source\PSoC4/HPI_IF_scl.c **** *  \snippet HPI_IF_scl_SUT.c usage_HPI_IF_scl_ClearInterrupt
 235:Generated_Source\PSoC4/HPI_IF_scl.c **** *******************************************************************************/
 236:Generated_Source\PSoC4/HPI_IF_scl.c **** uint8 HPI_IF_scl_ClearInterrupt(void)
 237:Generated_Source\PSoC4/HPI_IF_scl.c **** {
 501              		.loc 1 237 0
 502              		.cfi_startproc
 503              		@ args = 0, pretend = 0, frame = 0
 504              		@ frame_needed = 0, uses_anonymous_args = 0
 505              		@ link register save eliminated.
 238:Generated_Source\PSoC4/HPI_IF_scl.c **** 	uint8 maskedStatus = (uint8)(HPI_IF_scl_INTSTAT & HPI_IF_scl_MASK);
 506              		.loc 1 238 0
 507 0000 0223     		movs	r3, #2
 508 0002 034A     		ldr	r2, .L17
 239:Generated_Source\PSoC4/HPI_IF_scl.c **** 	HPI_IF_scl_INTSTAT = maskedStatus;
 240:Generated_Source\PSoC4/HPI_IF_scl.c ****     return maskedStatus >> HPI_IF_scl_SHIFT;
 241:Generated_Source\PSoC4/HPI_IF_scl.c **** }
 509              		.loc 1 241 0
 510              		@ sp needed
 238:Generated_Source\PSoC4/HPI_IF_scl.c **** 	uint8 maskedStatus = (uint8)(HPI_IF_scl_INTSTAT & HPI_IF_scl_MASK);
 511              		.loc 1 238 0
 512 0004 1068     		ldr	r0, [r2]
 513 0006 1840     		ands	r0, r3
 514              	.LVL8:
 239:Generated_Source\PSoC4/HPI_IF_scl.c **** 	HPI_IF_scl_INTSTAT = maskedStatus;
 515              		.loc 1 239 0
 516 0008 1060     		str	r0, [r2]
 240:Generated_Source\PSoC4/HPI_IF_scl.c **** }
 517              		.loc 1 240 0
 518 000a 4008     		lsrs	r0, r0, #1
 519              	.LVL9:
ARM GAS  e:\temp\ccUCKlfk.s 			page 30


 520 000c C0B2     		uxtb	r0, r0
 521              		.loc 1 241 0
 522 000e 7047     		bx	lr
 523              	.L18:
 524              		.align	2
 525              	.L17:
 526 0010 10050440 		.word	1074005264
 527              		.cfi_endproc
 528              	.LFE5:
 529              		.size	HPI_IF_scl_ClearInterrupt, .-HPI_IF_scl_ClearInterrupt
 530              		.text
 531              	.Letext0:
 532              		.file 2 "Generated_Source\\PSoC4\\cytypes.h"
 533              		.section	.debug_info,"",%progbits
 534              	.Ldebug_info0:
 535 0000 97010000 		.4byte	0x197
 536 0004 0400     		.2byte	0x4
 537 0006 00000000 		.4byte	.Ldebug_abbrev0
 538 000a 04       		.byte	0x4
 539 000b 01       		.uleb128 0x1
 540 000c 27010000 		.4byte	.LASF27
 541 0010 0C       		.byte	0xc
 542 0011 C0000000 		.4byte	.LASF28
 543 0015 45020000 		.4byte	.LASF29
 544 0019 00000000 		.4byte	.Ldebug_ranges0+0
 545 001d 00000000 		.4byte	0
 546 0021 00000000 		.4byte	.Ldebug_line0
 547 0025 02       		.uleb128 0x2
 548 0026 01       		.byte	0x1
 549 0027 06       		.byte	0x6
 550 0028 39020000 		.4byte	.LASF0
 551 002c 02       		.uleb128 0x2
 552 002d 01       		.byte	0x1
 553 002e 08       		.byte	0x8
 554 002f 3D000000 		.4byte	.LASF1
 555 0033 02       		.uleb128 0x2
 556 0034 02       		.byte	0x2
 557 0035 05       		.byte	0x5
 558 0036 08020000 		.4byte	.LASF2
 559 003a 02       		.uleb128 0x2
 560 003b 02       		.byte	0x2
 561 003c 07       		.byte	0x7
 562 003d 63000000 		.4byte	.LASF3
 563 0041 02       		.uleb128 0x2
 564 0042 04       		.byte	0x4
 565 0043 05       		.byte	0x5
 566 0044 18020000 		.4byte	.LASF4
 567 0048 02       		.uleb128 0x2
 568 0049 04       		.byte	0x4
 569 004a 07       		.byte	0x7
 570 004b 51000000 		.4byte	.LASF5
 571 004f 02       		.uleb128 0x2
 572 0050 08       		.byte	0x8
 573 0051 05       		.byte	0x5
 574 0052 E8010000 		.4byte	.LASF6
 575 0056 02       		.uleb128 0x2
 576 0057 08       		.byte	0x8
ARM GAS  e:\temp\ccUCKlfk.s 			page 31


 577 0058 07       		.byte	0x7
 578 0059 10010000 		.4byte	.LASF7
 579 005d 03       		.uleb128 0x3
 580 005e 04       		.byte	0x4
 581 005f 05       		.byte	0x5
 582 0060 696E7400 		.ascii	"int\000"
 583 0064 02       		.uleb128 0x2
 584 0065 04       		.byte	0x4
 585 0066 07       		.byte	0x7
 586 0067 03010000 		.4byte	.LASF8
 587 006b 04       		.uleb128 0x4
 588 006c 12020000 		.4byte	.LASF9
 589 0070 02       		.byte	0x2
 590 0071 E401     		.2byte	0x1e4
 591 0073 2C000000 		.4byte	0x2c
 592 0077 04       		.uleb128 0x4
 593 0078 E4000000 		.4byte	.LASF10
 594 007c 02       		.byte	0x2
 595 007d E501     		.2byte	0x1e5
 596 007f 3A000000 		.4byte	0x3a
 597 0083 04       		.uleb128 0x4
 598 0084 F4000000 		.4byte	.LASF11
 599 0088 02       		.byte	0x2
 600 0089 E601     		.2byte	0x1e6
 601 008b 48000000 		.4byte	0x48
 602 008f 02       		.uleb128 0x2
 603 0090 04       		.byte	0x4
 604 0091 04       		.byte	0x4
 605 0092 1D000000 		.4byte	.LASF12
 606 0096 02       		.uleb128 0x2
 607 0097 08       		.byte	0x8
 608 0098 04       		.byte	0x4
 609 0099 A9000000 		.4byte	.LASF13
 610 009d 02       		.uleb128 0x2
 611 009e 01       		.byte	0x1
 612 009f 08       		.byte	0x8
 613 00a0 03020000 		.4byte	.LASF14
 614 00a4 04       		.uleb128 0x4
 615 00a5 00000000 		.4byte	.LASF15
 616 00a9 02       		.byte	0x2
 617 00aa 9002     		.2byte	0x290
 618 00ac B0000000 		.4byte	0xb0
 619 00b0 05       		.uleb128 0x5
 620 00b1 83000000 		.4byte	0x83
 621 00b5 06       		.uleb128 0x6
 622 00b6 21020000 		.4byte	.LASF16
 623 00ba 01       		.byte	0x1
 624 00bb 48       		.byte	0x48
 625 00bc 00000000 		.4byte	.LFB0
 626 00c0 14000000 		.4byte	.LFE0-.LFB0
 627 00c4 01       		.uleb128 0x1
 628 00c5 9C       		.byte	0x9c
 629 00c6 DA000000 		.4byte	0xda
 630 00ca 07       		.uleb128 0x7
 631 00cb E3010000 		.4byte	.LASF18
 632 00cf 01       		.byte	0x1
 633 00d0 48       		.byte	0x48
ARM GAS  e:\temp\ccUCKlfk.s 			page 32


 634 00d1 6B000000 		.4byte	0x6b
 635 00d5 00000000 		.4byte	.LLST0
 636 00d9 00       		.byte	0
 637 00da 06       		.uleb128 0x6
 638 00db 0C000000 		.4byte	.LASF17
 639 00df 01       		.byte	0x1
 640 00e0 6F       		.byte	0x6f
 641 00e1 00000000 		.4byte	.LFB1
 642 00e5 18000000 		.4byte	.LFE1-.LFB1
 643 00e9 01       		.uleb128 0x1
 644 00ea 9C       		.byte	0x9c
 645 00eb 0A010000 		.4byte	0x10a
 646 00ef 07       		.uleb128 0x7
 647 00f0 06000000 		.4byte	.LASF19
 648 00f4 01       		.byte	0x1
 649 00f5 6F       		.byte	0x6f
 650 00f6 6B000000 		.4byte	0x6b
 651 00fa 21000000 		.4byte	.LLST1
 652 00fe 08       		.uleb128 0x8
 653 00ff 4B000000 		.4byte	.LASF30
 654 0103 01       		.byte	0x1
 655 0104 71       		.byte	0x71
 656 0105 6B000000 		.4byte	0x6b
 657 0109 00       		.byte	0
 658 010a 09       		.uleb128 0x9
 659 010b B0000000 		.4byte	.LASF20
 660 010f 01       		.byte	0x1
 661 0110 88       		.byte	0x88
 662 0111 6B000000 		.4byte	0x6b
 663 0115 00000000 		.4byte	.LFB2
 664 0119 10000000 		.4byte	.LFE2-.LFB2
 665 011d 01       		.uleb128 0x1
 666 011e 9C       		.byte	0x9c
 667 011f 09       		.uleb128 0x9
 668 0120 92000000 		.4byte	.LASF21
 669 0124 01       		.byte	0x1
 670 0125 A4       		.byte	0xa4
 671 0126 6B000000 		.4byte	0x6b
 672 012a 00000000 		.4byte	.LFB3
 673 012e 10000000 		.4byte	.LFE3-.LFB3
 674 0132 01       		.uleb128 0x1
 675 0133 9C       		.byte	0x9c
 676 0134 06       		.uleb128 0x6
 677 0135 76000000 		.4byte	.LASF22
 678 0139 01       		.byte	0x1
 679 013a CF       		.byte	0xcf
 680 013b 00000000 		.4byte	.LFB4
 681 013f 14000000 		.4byte	.LFE4-.LFB4
 682 0143 01       		.uleb128 0x1
 683 0144 9C       		.byte	0x9c
 684 0145 75010000 		.4byte	0x175
 685 0149 07       		.uleb128 0x7
 686 014a EB000000 		.4byte	.LASF23
 687 014e 01       		.byte	0x1
 688 014f CF       		.byte	0xcf
 689 0150 77000000 		.4byte	0x77
 690 0154 42000000 		.4byte	.LLST2
ARM GAS  e:\temp\ccUCKlfk.s 			page 33


 691 0158 0A       		.uleb128 0xa
 692 0159 E3010000 		.4byte	.LASF18
 693 015d 01       		.byte	0x1
 694 015e CF       		.byte	0xcf
 695 015f 77000000 		.4byte	0x77
 696 0163 01       		.uleb128 0x1
 697 0164 51       		.byte	0x51
 698 0165 0B       		.uleb128 0xb
 699 0166 FB000000 		.4byte	.LASF25
 700 016a 01       		.byte	0x1
 701 016b D1       		.byte	0xd1
 702 016c 83000000 		.4byte	0x83
 703 0170 63000000 		.4byte	.LLST3
 704 0174 00       		.byte	0
 705 0175 0C       		.uleb128 0xc
 706 0176 23000000 		.4byte	.LASF24
 707 017a 01       		.byte	0x1
 708 017b EC       		.byte	0xec
 709 017c 6B000000 		.4byte	0x6b
 710 0180 00000000 		.4byte	.LFB5
 711 0184 14000000 		.4byte	.LFE5-.LFB5
 712 0188 01       		.uleb128 0x1
 713 0189 9C       		.byte	0x9c
 714 018a 0B       		.uleb128 0xb
 715 018b F6010000 		.4byte	.LASF26
 716 018f 01       		.byte	0x1
 717 0190 EE       		.byte	0xee
 718 0191 6B000000 		.4byte	0x6b
 719 0195 80000000 		.4byte	.LLST4
 720 0199 00       		.byte	0
 721 019a 00       		.byte	0
 722              		.section	.debug_abbrev,"",%progbits
 723              	.Ldebug_abbrev0:
 724 0000 01       		.uleb128 0x1
 725 0001 11       		.uleb128 0x11
 726 0002 01       		.byte	0x1
 727 0003 25       		.uleb128 0x25
 728 0004 0E       		.uleb128 0xe
 729 0005 13       		.uleb128 0x13
 730 0006 0B       		.uleb128 0xb
 731 0007 03       		.uleb128 0x3
 732 0008 0E       		.uleb128 0xe
 733 0009 1B       		.uleb128 0x1b
 734 000a 0E       		.uleb128 0xe
 735 000b 55       		.uleb128 0x55
 736 000c 17       		.uleb128 0x17
 737 000d 11       		.uleb128 0x11
 738 000e 01       		.uleb128 0x1
 739 000f 10       		.uleb128 0x10
 740 0010 17       		.uleb128 0x17
 741 0011 00       		.byte	0
 742 0012 00       		.byte	0
 743 0013 02       		.uleb128 0x2
 744 0014 24       		.uleb128 0x24
 745 0015 00       		.byte	0
 746 0016 0B       		.uleb128 0xb
 747 0017 0B       		.uleb128 0xb
ARM GAS  e:\temp\ccUCKlfk.s 			page 34


 748 0018 3E       		.uleb128 0x3e
 749 0019 0B       		.uleb128 0xb
 750 001a 03       		.uleb128 0x3
 751 001b 0E       		.uleb128 0xe
 752 001c 00       		.byte	0
 753 001d 00       		.byte	0
 754 001e 03       		.uleb128 0x3
 755 001f 24       		.uleb128 0x24
 756 0020 00       		.byte	0
 757 0021 0B       		.uleb128 0xb
 758 0022 0B       		.uleb128 0xb
 759 0023 3E       		.uleb128 0x3e
 760 0024 0B       		.uleb128 0xb
 761 0025 03       		.uleb128 0x3
 762 0026 08       		.uleb128 0x8
 763 0027 00       		.byte	0
 764 0028 00       		.byte	0
 765 0029 04       		.uleb128 0x4
 766 002a 16       		.uleb128 0x16
 767 002b 00       		.byte	0
 768 002c 03       		.uleb128 0x3
 769 002d 0E       		.uleb128 0xe
 770 002e 3A       		.uleb128 0x3a
 771 002f 0B       		.uleb128 0xb
 772 0030 3B       		.uleb128 0x3b
 773 0031 05       		.uleb128 0x5
 774 0032 49       		.uleb128 0x49
 775 0033 13       		.uleb128 0x13
 776 0034 00       		.byte	0
 777 0035 00       		.byte	0
 778 0036 05       		.uleb128 0x5
 779 0037 35       		.uleb128 0x35
 780 0038 00       		.byte	0
 781 0039 49       		.uleb128 0x49
 782 003a 13       		.uleb128 0x13
 783 003b 00       		.byte	0
 784 003c 00       		.byte	0
 785 003d 06       		.uleb128 0x6
 786 003e 2E       		.uleb128 0x2e
 787 003f 01       		.byte	0x1
 788 0040 3F       		.uleb128 0x3f
 789 0041 19       		.uleb128 0x19
 790 0042 03       		.uleb128 0x3
 791 0043 0E       		.uleb128 0xe
 792 0044 3A       		.uleb128 0x3a
 793 0045 0B       		.uleb128 0xb
 794 0046 3B       		.uleb128 0x3b
 795 0047 0B       		.uleb128 0xb
 796 0048 27       		.uleb128 0x27
 797 0049 19       		.uleb128 0x19
 798 004a 11       		.uleb128 0x11
 799 004b 01       		.uleb128 0x1
 800 004c 12       		.uleb128 0x12
 801 004d 06       		.uleb128 0x6
 802 004e 40       		.uleb128 0x40
 803 004f 18       		.uleb128 0x18
 804 0050 9742     		.uleb128 0x2117
ARM GAS  e:\temp\ccUCKlfk.s 			page 35


 805 0052 19       		.uleb128 0x19
 806 0053 01       		.uleb128 0x1
 807 0054 13       		.uleb128 0x13
 808 0055 00       		.byte	0
 809 0056 00       		.byte	0
 810 0057 07       		.uleb128 0x7
 811 0058 05       		.uleb128 0x5
 812 0059 00       		.byte	0
 813 005a 03       		.uleb128 0x3
 814 005b 0E       		.uleb128 0xe
 815 005c 3A       		.uleb128 0x3a
 816 005d 0B       		.uleb128 0xb
 817 005e 3B       		.uleb128 0x3b
 818 005f 0B       		.uleb128 0xb
 819 0060 49       		.uleb128 0x49
 820 0061 13       		.uleb128 0x13
 821 0062 02       		.uleb128 0x2
 822 0063 17       		.uleb128 0x17
 823 0064 00       		.byte	0
 824 0065 00       		.byte	0
 825 0066 08       		.uleb128 0x8
 826 0067 34       		.uleb128 0x34
 827 0068 00       		.byte	0
 828 0069 03       		.uleb128 0x3
 829 006a 0E       		.uleb128 0xe
 830 006b 3A       		.uleb128 0x3a
 831 006c 0B       		.uleb128 0xb
 832 006d 3B       		.uleb128 0x3b
 833 006e 0B       		.uleb128 0xb
 834 006f 49       		.uleb128 0x49
 835 0070 13       		.uleb128 0x13
 836 0071 00       		.byte	0
 837 0072 00       		.byte	0
 838 0073 09       		.uleb128 0x9
 839 0074 2E       		.uleb128 0x2e
 840 0075 00       		.byte	0
 841 0076 3F       		.uleb128 0x3f
 842 0077 19       		.uleb128 0x19
 843 0078 03       		.uleb128 0x3
 844 0079 0E       		.uleb128 0xe
 845 007a 3A       		.uleb128 0x3a
 846 007b 0B       		.uleb128 0xb
 847 007c 3B       		.uleb128 0x3b
 848 007d 0B       		.uleb128 0xb
 849 007e 27       		.uleb128 0x27
 850 007f 19       		.uleb128 0x19
 851 0080 49       		.uleb128 0x49
 852 0081 13       		.uleb128 0x13
 853 0082 11       		.uleb128 0x11
 854 0083 01       		.uleb128 0x1
 855 0084 12       		.uleb128 0x12
 856 0085 06       		.uleb128 0x6
 857 0086 40       		.uleb128 0x40
 858 0087 18       		.uleb128 0x18
 859 0088 9742     		.uleb128 0x2117
 860 008a 19       		.uleb128 0x19
 861 008b 00       		.byte	0
ARM GAS  e:\temp\ccUCKlfk.s 			page 36


 862 008c 00       		.byte	0
 863 008d 0A       		.uleb128 0xa
 864 008e 05       		.uleb128 0x5
 865 008f 00       		.byte	0
 866 0090 03       		.uleb128 0x3
 867 0091 0E       		.uleb128 0xe
 868 0092 3A       		.uleb128 0x3a
 869 0093 0B       		.uleb128 0xb
 870 0094 3B       		.uleb128 0x3b
 871 0095 0B       		.uleb128 0xb
 872 0096 49       		.uleb128 0x49
 873 0097 13       		.uleb128 0x13
 874 0098 02       		.uleb128 0x2
 875 0099 18       		.uleb128 0x18
 876 009a 00       		.byte	0
 877 009b 00       		.byte	0
 878 009c 0B       		.uleb128 0xb
 879 009d 34       		.uleb128 0x34
 880 009e 00       		.byte	0
 881 009f 03       		.uleb128 0x3
 882 00a0 0E       		.uleb128 0xe
 883 00a1 3A       		.uleb128 0x3a
 884 00a2 0B       		.uleb128 0xb
 885 00a3 3B       		.uleb128 0x3b
 886 00a4 0B       		.uleb128 0xb
 887 00a5 49       		.uleb128 0x49
 888 00a6 13       		.uleb128 0x13
 889 00a7 02       		.uleb128 0x2
 890 00a8 17       		.uleb128 0x17
 891 00a9 00       		.byte	0
 892 00aa 00       		.byte	0
 893 00ab 0C       		.uleb128 0xc
 894 00ac 2E       		.uleb128 0x2e
 895 00ad 01       		.byte	0x1
 896 00ae 3F       		.uleb128 0x3f
 897 00af 19       		.uleb128 0x19
 898 00b0 03       		.uleb128 0x3
 899 00b1 0E       		.uleb128 0xe
 900 00b2 3A       		.uleb128 0x3a
 901 00b3 0B       		.uleb128 0xb
 902 00b4 3B       		.uleb128 0x3b
 903 00b5 0B       		.uleb128 0xb
 904 00b6 27       		.uleb128 0x27
 905 00b7 19       		.uleb128 0x19
 906 00b8 49       		.uleb128 0x49
 907 00b9 13       		.uleb128 0x13
 908 00ba 11       		.uleb128 0x11
 909 00bb 01       		.uleb128 0x1
 910 00bc 12       		.uleb128 0x12
 911 00bd 06       		.uleb128 0x6
 912 00be 40       		.uleb128 0x40
 913 00bf 18       		.uleb128 0x18
 914 00c0 9742     		.uleb128 0x2117
 915 00c2 19       		.uleb128 0x19
 916 00c3 00       		.byte	0
 917 00c4 00       		.byte	0
 918 00c5 00       		.byte	0
ARM GAS  e:\temp\ccUCKlfk.s 			page 37


 919              		.section	.debug_loc,"",%progbits
 920              	.Ldebug_loc0:
 921              	.LLST0:
 922 0000 00000000 		.4byte	.LVL0
 923 0004 06000000 		.4byte	.LVL1
 924 0008 0100     		.2byte	0x1
 925 000a 50       		.byte	0x50
 926 000b 06000000 		.4byte	.LVL1
 927 000f 14000000 		.4byte	.LFE0
 928 0013 0400     		.2byte	0x4
 929 0015 F3       		.byte	0xf3
 930 0016 01       		.uleb128 0x1
 931 0017 50       		.byte	0x50
 932 0018 9F       		.byte	0x9f
 933 0019 00000000 		.4byte	0
 934 001d 00000000 		.4byte	0
 935              	.LLST1:
 936 0021 00000000 		.4byte	.LVL2
 937 0025 06000000 		.4byte	.LVL3
 938 0029 0100     		.2byte	0x1
 939 002b 50       		.byte	0x50
 940 002c 06000000 		.4byte	.LVL3
 941 0030 18000000 		.4byte	.LFE1
 942 0034 0400     		.2byte	0x4
 943 0036 F3       		.byte	0xf3
 944 0037 01       		.uleb128 0x1
 945 0038 50       		.byte	0x50
 946 0039 9F       		.byte	0x9f
 947 003a 00000000 		.4byte	0
 948 003e 00000000 		.4byte	0
 949              	.LLST2:
 950 0042 00000000 		.4byte	.LVL4
 951 0046 08000000 		.4byte	.LVL7
 952 004a 0100     		.2byte	0x1
 953 004c 50       		.byte	0x50
 954 004d 08000000 		.4byte	.LVL7
 955 0051 14000000 		.4byte	.LFE4
 956 0055 0400     		.2byte	0x4
 957 0057 F3       		.byte	0xf3
 958 0058 01       		.uleb128 0x1
 959 0059 50       		.byte	0x50
 960 005a 9F       		.byte	0x9f
 961 005b 00000000 		.4byte	0
 962 005f 00000000 		.4byte	0
 963              	.LLST3:
 964 0063 04000000 		.4byte	.LVL5
 965 0067 06000000 		.4byte	.LVL6
 966 006b 0B00     		.2byte	0xb
 967 006d 70       		.byte	0x70
 968 006e 00       		.sleb128 0
 969 006f 0A       		.byte	0xa
 970 0070 FFFF     		.2byte	0xffff
 971 0072 1A       		.byte	0x1a
 972 0073 20       		.byte	0x20
 973 0074 73       		.byte	0x73
 974 0075 00       		.sleb128 0
 975 0076 1A       		.byte	0x1a
ARM GAS  e:\temp\ccUCKlfk.s 			page 38


 976 0077 9F       		.byte	0x9f
 977 0078 00000000 		.4byte	0
 978 007c 00000000 		.4byte	0
 979              	.LLST4:
 980 0080 08000000 		.4byte	.LVL8
 981 0084 0C000000 		.4byte	.LVL9
 982 0088 0100     		.2byte	0x1
 983 008a 50       		.byte	0x50
 984 008b 0C000000 		.4byte	.LVL9
 985 008f 14000000 		.4byte	.LFE5
 986 0093 0400     		.2byte	0x4
 987 0095 72       		.byte	0x72
 988 0096 00       		.sleb128 0
 989 0097 06       		.byte	0x6
 990 0098 9F       		.byte	0x9f
 991 0099 00000000 		.4byte	0
 992 009d 00000000 		.4byte	0
 993              		.section	.debug_aranges,"",%progbits
 994 0000 44000000 		.4byte	0x44
 995 0004 0200     		.2byte	0x2
 996 0006 00000000 		.4byte	.Ldebug_info0
 997 000a 04       		.byte	0x4
 998 000b 00       		.byte	0
 999 000c 0000     		.2byte	0
 1000 000e 0000     		.2byte	0
 1001 0010 00000000 		.4byte	.LFB0
 1002 0014 14000000 		.4byte	.LFE0-.LFB0
 1003 0018 00000000 		.4byte	.LFB1
 1004 001c 18000000 		.4byte	.LFE1-.LFB1
 1005 0020 00000000 		.4byte	.LFB2
 1006 0024 10000000 		.4byte	.LFE2-.LFB2
 1007 0028 00000000 		.4byte	.LFB3
 1008 002c 10000000 		.4byte	.LFE3-.LFB3
 1009 0030 00000000 		.4byte	.LFB4
 1010 0034 14000000 		.4byte	.LFE4-.LFB4
 1011 0038 00000000 		.4byte	.LFB5
 1012 003c 14000000 		.4byte	.LFE5-.LFB5
 1013 0040 00000000 		.4byte	0
 1014 0044 00000000 		.4byte	0
 1015              		.section	.debug_ranges,"",%progbits
 1016              	.Ldebug_ranges0:
 1017 0000 00000000 		.4byte	.LFB0
 1018 0004 14000000 		.4byte	.LFE0
 1019 0008 00000000 		.4byte	.LFB1
 1020 000c 18000000 		.4byte	.LFE1
 1021 0010 00000000 		.4byte	.LFB2
 1022 0014 10000000 		.4byte	.LFE2
 1023 0018 00000000 		.4byte	.LFB3
 1024 001c 10000000 		.4byte	.LFE3
 1025 0020 00000000 		.4byte	.LFB4
 1026 0024 14000000 		.4byte	.LFE4
 1027 0028 00000000 		.4byte	.LFB5
 1028 002c 14000000 		.4byte	.LFE5
 1029 0030 00000000 		.4byte	0
 1030 0034 00000000 		.4byte	0
 1031              		.section	.debug_line,"",%progbits
 1032              	.Ldebug_line0:
ARM GAS  e:\temp\ccUCKlfk.s 			page 39


 1033 0000 CB000000 		.section	.debug_str,"MS",%progbits,1
 1033      02004700 
 1033      00000201 
 1033      FB0E0D00 
 1033      01010101 
 1034              	.LASF15:
 1035 0000 72656733 		.ascii	"reg32\000"
 1035      3200
 1036              	.LASF19:
 1037 0006 76616C75 		.ascii	"value\000"
 1037      6500
 1038              	.LASF17:
 1039 000c 4850495F 		.ascii	"HPI_IF_scl_Write\000"
 1039      49465F73 
 1039      636C5F57 
 1039      72697465 
 1039      00
 1040              	.LASF12:
 1041 001d 666C6F61 		.ascii	"float\000"
 1041      7400
 1042              	.LASF24:
 1043 0023 4850495F 		.ascii	"HPI_IF_scl_ClearInterrupt\000"
 1043      49465F73 
 1043      636C5F43 
 1043      6C656172 
 1043      496E7465 
 1044              	.LASF1:
 1045 003d 756E7369 		.ascii	"unsigned char\000"
 1045      676E6564 
 1045      20636861 
 1045      7200
 1046              	.LASF30:
 1047 004b 64725661 		.ascii	"drVal\000"
 1047      6C00
 1048              	.LASF5:
 1049 0051 6C6F6E67 		.ascii	"long unsigned int\000"
 1049      20756E73 
 1049      69676E65 
 1049      6420696E 
 1049      7400
 1050              	.LASF3:
 1051 0063 73686F72 		.ascii	"short unsigned int\000"
 1051      7420756E 
 1051      7369676E 
 1051      65642069 
 1051      6E7400
 1052              	.LASF22:
 1053 0076 4850495F 		.ascii	"HPI_IF_scl_SetInterruptMode\000"
 1053      49465F73 
 1053      636C5F53 
 1053      6574496E 
 1053      74657272 
 1054              	.LASF21:
 1055 0092 4850495F 		.ascii	"HPI_IF_scl_ReadDataReg\000"
 1055      49465F73 
 1055      636C5F52 
 1055      65616444 
ARM GAS  e:\temp\ccUCKlfk.s 			page 40


 1055      61746152 
 1056              	.LASF13:
 1057 00a9 646F7562 		.ascii	"double\000"
 1057      6C6500
 1058              	.LASF20:
 1059 00b0 4850495F 		.ascii	"HPI_IF_scl_Read\000"
 1059      49465F73 
 1059      636C5F52 
 1059      65616400 
 1060              	.LASF28:
 1061 00c0 47656E65 		.ascii	"Generated_Source\\PSoC4\\HPI_IF_scl.c\000"
 1061      72617465 
 1061      645F536F 
 1061      75726365 
 1061      5C50536F 
 1062              	.LASF10:
 1063 00e4 75696E74 		.ascii	"uint16\000"
 1063      313600
 1064              	.LASF23:
 1065 00eb 706F7369 		.ascii	"position\000"
 1065      74696F6E 
 1065      00
 1066              	.LASF11:
 1067 00f4 75696E74 		.ascii	"uint32\000"
 1067      333200
 1068              	.LASF25:
 1069 00fb 696E7472 		.ascii	"intrCfg\000"
 1069      43666700 
 1070              	.LASF8:
 1071 0103 756E7369 		.ascii	"unsigned int\000"
 1071      676E6564 
 1071      20696E74 
 1071      00
 1072              	.LASF7:
 1073 0110 6C6F6E67 		.ascii	"long long unsigned int\000"
 1073      206C6F6E 
 1073      6720756E 
 1073      7369676E 
 1073      65642069 
 1074              	.LASF27:
 1075 0127 474E5520 		.ascii	"GNU C11 5.4.1 20160609 (release) [ARM/embedded-5-br"
 1075      43313120 
 1075      352E342E 
 1075      31203230 
 1075      31363036 
 1076 015a 616E6368 		.ascii	"anch revision 237715] -mcpu=cortex-m0 -mthumb -g -O"
 1076      20726576 
 1076      6973696F 
 1076      6E203233 
 1076      37373135 
 1077 018d 73202D66 		.ascii	"s -ffunction-sections -ffat-lto-objects -finline-fu"
 1077      66756E63 
 1077      74696F6E 
 1077      2D736563 
 1077      74696F6E 
 1078 01c0 6E637469 		.ascii	"nctions -flto -fno-strict-aliasing\000"
 1078      6F6E7320 
ARM GAS  e:\temp\ccUCKlfk.s 			page 41


 1078      2D666C74 
 1078      6F202D66 
 1078      6E6F2D73 
 1079              	.LASF18:
 1080 01e3 6D6F6465 		.ascii	"mode\000"
 1080      00
 1081              	.LASF6:
 1082 01e8 6C6F6E67 		.ascii	"long long int\000"
 1082      206C6F6E 
 1082      6720696E 
 1082      7400
 1083              	.LASF26:
 1084 01f6 6D61736B 		.ascii	"maskedStatus\000"
 1084      65645374 
 1084      61747573 
 1084      00
 1085              	.LASF14:
 1086 0203 63686172 		.ascii	"char\000"
 1086      00
 1087              	.LASF2:
 1088 0208 73686F72 		.ascii	"short int\000"
 1088      7420696E 
 1088      7400
 1089              	.LASF9:
 1090 0212 75696E74 		.ascii	"uint8\000"
 1090      3800
 1091              	.LASF4:
 1092 0218 6C6F6E67 		.ascii	"long int\000"
 1092      20696E74 
 1092      00
 1093              	.LASF16:
 1094 0221 4850495F 		.ascii	"HPI_IF_scl_SetDriveMode\000"
 1094      49465F73 
 1094      636C5F53 
 1094      65744472 
 1094      6976654D 
 1095              	.LASF0:
 1096 0239 7369676E 		.ascii	"signed char\000"
 1096      65642063 
 1096      68617200 
 1097              	.LASF29:
 1098 0245 433A5C55 		.ascii	"C:\\Users\\Admin\\Desktop\\_FIRMWARE\\DBARLite\\CYP"
 1098      73657273 
 1098      5C41646D 
 1098      696E5C44 
 1098      65736B74 
 1099 0272 44353232 		.ascii	"D5225\\CYPD5225-96BZXI_notebook\\CYPD5225-96BZXI_no"
 1099      355C4359 
 1099      50443532 
 1099      32352D39 
 1099      36425A58 
 1100 02a3 7465626F 		.ascii	"tebook.cydsn\000"
 1100      6F6B2E63 
 1100      7964736E 
 1100      00
 1101              		.comm	__gnu_lto_v1,1,1
 1102              		.ident	"GCC: (GNU Tools for ARM Embedded Processors) 5.4.1 20160609 (release) [ARM/embedded-5-bran
ARM GAS  e:\temp\ccUCKlfk.s 			page 42


