ARM GAS  e:\temp\ccVUwCLv.s 			page 1


   1              		.syntax unified
   2              		.cpu cortex-m0
   3              		.fpu softvfp
   4              		.eabi_attribute 20, 1
   5              		.eabi_attribute 21, 1
   6              		.eabi_attribute 23, 3
   7              		.eabi_attribute 24, 1
   8              		.eabi_attribute 25, 1
   9              		.eabi_attribute 26, 1
  10              		.eabi_attribute 30, 4
  11              		.eabi_attribute 34, 0
  12              		.eabi_attribute 18, 4
  13              		.thumb
  14              		.syntax unified
  15              		.file	"I2C_MSTR_SCBCLK.c"
  16              		.text
  17              	.Ltext0:
  18              		.section	.gnu.lto_.profile.624123ce,"",%progbits
  19 0000 789C6361 		.ascii	"x\234ca`d`a`\000\222r\222\000\000\277\000B"
  19      60646061 
  19      60009272 
  19      920000BF 
  19      0042
  20              		.text
  21              		.section	.gnu.lto_.icf.624123ce,"",%progbits
  22 0000 789C6361 		.ascii	"x\234ca`d\000\001\005\006\004`ex\271g\372\016\016\306"
  22      60640001 
  22      05060460 
  22      6578B967 
  22      FA0E0EC6 
  23 0014 AD57F6EC 		.ascii	"\255W\366\354\341`z;\257\371\026+sg\377\302\223\354"
  23      E1607A3B 
  23      AFF9162B 
  23      7367FFC2 
  23      93EC
  24 0026 2CB39BE6 		.ascii	",\263\233\346M\341a\000\000\366f\016\013"
  24      4DE16100 
  24      00F6660E 
  24      0B
  25              		.text
  26              		.section	.gnu.lto_.jmpfuncs.624123ce,"",%progbits
  27 0000 789C6361 		.ascii	"x\234ca`d\000\001q\006\004`e`dd\254\007\21231122\327"
  27      60640001 
  27      71060460 
  27      65606464 
  27      AC078A33 
  28 0019 D7333330 		.ascii	"\327330\260\000\205\001\026\322\001\263"
  28      B0008501 
  28      16D201B3 
  29              		.text
  30              		.section	.gnu.lto_.inline.624123ce,"",%progbits
  31 0000 789C458B 		.ascii	"x\234E\213\261\015\2000\014\004\337\316\007B(`\003("
  31      B10D8030 
  31      0C04DFCE 
  31      07422860 
  31      0328
  32 0012 10E33013 		.ascii	"\020\3430\023#PRf\016\246`$l!\310\027\226\375\347#\004"
ARM GAS  e:\temp\ccVUwCLv.s 			page 2


  32      23505266 
  32      0EA66024 
  32      6C21C817 
  32      96FDE723 
  33 0027 9E1D3511 		.ascii	"\236\0355\021\350V\021\314\206B\272N\242)\223\202e\242"
  33      E85611CC 
  33      8642BA4E 
  33      A2299382 
  33      65A2
  34 0039 6341BB08 		.ascii	"cA\273\010\264\002\213\242\317\242\030\315\220d\203"
  34      B4028BA2 
  34      CFA218CD 
  34      906483
  35 0048 F9D85EA8 		.ascii	"\371\330^\250\367@W\223\277\005D\232j\347o\022A\255"
  35      F7405793 
  35      BF05449A 
  35      6AE76F12 
  35      41AD
  36 005a B2ED6BF0 		.ascii	"\262\355k\360\000t\\\014$"
  36      00745C0C 
  36      24
  37              		.text
  38              		.section	.gnu.lto_.pureconst.624123ce,"",%progbits
  39 0000 789C6361 		.ascii	"x\234ca`d\340f```e\220b\224b\222b\226ba\000\000\003"
  39      6064E066 
  39      60606065 
  39      90629462 
  39      92629662 
  40 0018 E40088   		.ascii	"\344\000\210"
  41              		.text
  42              		.section	.gnu.lto_I2C_MSTR_SCBCLK_StartEx.624123ce,"",%progbits
  43 0000 789C5551 		.ascii	"x\234UQ=h\024Q\020\236\357\275}{\253\311Y[\244H\027"
  43      3D681451 
  43      109EEFBD 
  43      7D7BABC9 
  43      595BA448 
  44 0015 0E445004 		.ascii	"\016DP\004+\013]QD\005\311Y\006\216\020\027\211\206"
  44      2B0B5D51 
  44      4405C959 
  44      068E1017 
  44      8986
  45 0027 0482DAFA 		.ascii	"\004\202\332\372\356v7\207b!\210)\242r(H\0225^N\033"
  45      EE763787 
  45      62218829 
  45      A2722848 
  45      12355E4E 
  46 003c C5E63C11 		.ascii	"\305\346<\021A\360B\232\244\261\360\007\267Hu\247Q\304"
  46      41F0429A 
  46      A4B1F007 
  46      B74875A7 
  46      51C4
  47 004e A8E7CC6D 		.ascii	"\250\347\314m\0123\2603o\206of\276o\326!\220XV\021\355"
  47      0A33B033 
  47      6F866F66 
  47      BE6FD621 
  47      90585611 
  48 0063 E778843F 		.ascii	"\347x\204?\270\004u\275IT\364\024t\372\320\312\\{Cd"
ARM GAS  e:\temp\ccVUwCLv.s 			page 3


  48      B80475BD 
  48      4954F414 
  48      74FAD0CA 
  48      5C7B4364 
  49 0077 B73B5186 		.ascii	"\267;Q\206l\257I\353\007\035@\242\365@\227\2256\016"
  49      6CAF49EB 
  49      071D40A2 
  49      F5409795 
  49      360E
  50 0089 D8536ADF 		.ascii	"\330Sj\337\325\037\205F9y\256r\263\226\355\303\227\033"
  50      D51F8546 
  50      3979AE72 
  50      B396EDC3 
  50      971B
  51 009b DACED511 		.ascii	"\332\316\325\0213\240\243R\014f\221c\324r\264x[\257"
  51      33A0A352 
  51      0C669163 
  51      D472B478 
  51      5BAF
  52 00ad AB58030E 		.ascii	"\253X\003\016\247\355w3\237wH\252\320\317\351\225W?"
  52      A7ED7733 
  52      9F7748AA 
  52      D0CFE995 
  52      573F
  53 00bf 5E3A7A17 		.ascii	"^:z\027\210\337\265o\225$;p\337\332\222\265\267\002"
  53      88DFB56F 
  53      95243B70 
  53      DFDA92B5 
  53      B702
  54 00d1 BB2DD61A 		.ascii	"\273-\326\032\017\240y\036\346\321\2079\364\021\227"
  54      0FA0791E 
  54      E6D18739 
  54      F41197
  55 00e0 080F3120 		.ascii	"\010\0171 \360O\265\2777\263n$\353\373\323\245x\004"
  55      F04FB5BF 
  55      37B36E24 
  55      EBFBD3A5 
  55      7804
  56 00f2 57145707 		.ascii	"W\024W\007\353\266\323\011m\275f\026\264\247\270\313"
  56      EBB6D309 
  56      6DBD6616 
  56      B4A7B8CB 
  57 0102 D1EC5881 		.ascii	"\321\354X\201\364\032\311]qD-nc\315-\2458\3506\353c"
  57      F41AC95D 
  57      71442D6E 
  57      63CD2DA5 
  57      38E836EB 
  58 0117 C53A41E3 		.ascii	"\305:A\343\327\325\225\327Z\346\205Z\244N\307\215\245"
  58      D7D595D7 
  58      5AE6855A 
  58      A44EC78D 
  58      A5
  59 0128 8CB076BB 		.ascii	"\214\260v\273L\357\335\335X5ijmdEW9^\236\357\255\340"
  59      4CEFDDDD 
  59      5835696A 
  59      6D644557 
  59      395E9EEF 
ARM GAS  e:\temp\ccVUwCLv.s 			page 4


  60 013e 4E31E223 		.ascii	"N1\342#d\360\230\011/0aB\025\025P\202\322\327\362\357"
  60      64F09809 
  60      2F306142 
  60      15155082 
  60      D2D7F2EF 
  61 0152 9DE940CD 		.ascii	"\235\351@\3153\351#\242fxn\263\360\377\006\003\302\242"
  61      33E923A2 
  61      66786EB3 
  61      F0FF0603 
  61      C2A2
  62 0164 7492D033 		.ascii	"t\222\3203\304\177\006m\345\010\277\004ak\252\231\230"
  62      C47F066D 
  62      E508BF04 
  62      616BAA99 
  62      98
  63 0175 B4CB845A 		.ascii	"\264\313\204Z\026\317\274X\177\333\345\342\301C\215"
  63      16CFBC58 
  63      7FDBE5E2 
  63      C1438D
  64 0184 1B19F573 		.ascii	"\033\031\365s\352}&\005\011\216Ak\317\252{\004\343\240"
  64      EA7D2605 
  64      098E416B 
  64      CFAA7B04 
  64      E3A0
  65 0196 C8E7F2F0 		.ascii	"\310\347\362\360\244\213kL\267\253\007\004\267\205?"
  65      A48B6B4C 
  65      B7AB0704 
  65      B7853F
  66 01a5 237AB64A 		.ascii	"#z\266Jx\312\022x\024\255\241T_\355n\337d\007f\305\027"
  66      78CA1278 
  66      14ADA154 
  66      5FED6EDF 
  66      640766C5 
  67 01ba CC1D0DC6 		.ascii	"\314\035\015\306\203\311\341\013\301\231B~\342\342\344"
  67      83C9E10B 
  67      C199427E 
  67      E2E2E4
  68 01c9 4830742A 		.ascii	"H0t*?\341\357\033:\266\327/\234\314\237\036,\344\375"
  68      3FE1EF1B 
  68      3AB6D72F 
  68      9CCC9F1E 
  68      2CE4FD
  69 01dc 43FE89E3 		.ascii	"C\376\211\343\273G\250gxl\364\354\270?v\376\360\350"
  69      BB47A867 
  69      786CF4EC 
  69      B83F76FE 
  69      F0E8
  70 01ee A57FF232 		.ascii	"\245\177\3622\302Z"
  70      C25A
  71              		.text
  72              		.section	.gnu.lto_I2C_MSTR_SCBCLK_Stop.624123ce,"",%progbits
  73 0000 789C5590 		.ascii	"x\234U\220=H\003A\020\205\347\355\356\345\304\237\336"
  73      3D480341 
  73      1085E7ED 
  73      EEE5C49F 
  73      DE
  74 0011 C2C23608 		.ascii	"\302\3026\010\"ba\253\007\212\250 \236\245\020$\246"
ARM GAS  e:\temp\ccVUwCLv.s 			page 5


  74      226261AB 
  74      078AA820 
  74      9EA51024 
  74      A6
  75 0022 1154085A 		.ascii	"\021T\010Z\2731w\004\304B\013\255\024\321&\361\037K"
  75      BB317704 
  75      C4420BAD 
  75      14D126F1 
  75      1F4B
  76 0034 BB338D85 		.ascii	"\2733\215\205\020IcZ\025\274B\004\023\321\306\2778\313"
  76      1049635A 
  76      15BC4204 
  76      13D1C6BF 
  76      38CB
  77 0046 59E8C0EE 		.ascii	"Y\350\300\356\334\315\276}\357c\025\201L\315r\353\340"
  77      DCCDBE7D 
  77      EF631581 
  77      4CCD72EB 
  77      E0
  78 0057 3EC00B31 		.ascii	">\300\0131\202X+\021e\032\004d\364!\205\265zI\244\033"
  78      82582B11 
  78      651A0464 
  78      F42185B5 
  78      7A49A41B 
  79 006b 9567936E 		.ascii	"\225g\223n\266\242y\237\002L\327\015\240%!-\005\336"
  79      B6A2799F 
  79      024CD70D 
  79      A025212D 
  79      05DE
  80 007d 29AA37F1 		.ascii	")\2527\361%P\314\205\347\"\236\327\\\267\017\317]\272"
  80      2550CC85 
  80      E7229ED7 
  80      5CB70FCF 
  80      5DBA
  81 008f 10C06741 		.ascii	"\020\300gA]D\032\344\021'\226\335\237}o\264\304<#k\217"
  81      5D441AE4 
  81      112796DD 
  81      9F7D6FB4 
  81      C43C236B 
  82 00a4 0E5140CC 		.ascii	"\016Q@\314\220\235\216\007\272^\317\352`\335\276\270"
  82      909D8E07 
  82      BA5ECFEA 
  82      60DDBEB8 
  83 00b4 B12D41BE 		.ascii	"\261-A\276\204\344\2155U^\014S\025\202\233\254q0\243"
  83      84E48D35 
  83      555E0C53 
  83      15829BAC 
  83      7130A3
  84 00c7 C810C5F7 		.ascii	"\310\020\305\367\225p\253\327\030d\245a\330\364\213"
  84      9570ABD7 
  84      1864A561 
  84      D8F48B
  85 00d6 D7F6ABF0 		.ascii	"\327\366\253\360\245\204\311\332\333\375\250X\321\257"
  85      A584C9DA 
  85      DBFDA858 
  85      D1AF
  86 00e4 D69E563C 		.ascii	"\326\236V<\312\371\345\375\346\035lg<\246S8@\033\366"
ARM GAS  e:\temp\ccVUwCLv.s 			page 6


  86      CAF9E5FD 
  86      E61D6C67 
  86      3CA65338 
  86      401BF6
  87 00f7 D1C61087 		.ascii	"\321\306\020\207\330\001\205X~\311}\266F\206\222=\351"
  87      D8018558 
  87      7EC97DB6 
  87      4686923D 
  87      E9
  88 0108 0E5E293B 		.ascii	"\016^);\363;\370\233 @827\311\340Y\304O\206\232P\206"
  88      F33BF89B 
  88      20403832 
  88      37C9E059 
  88      C44F869A 
  89 011e 8FB95EAB 		.ascii	"\217\271^\253Oe\333\334\372\027\231\321\272\351\177"
  89      4F65DBDC 
  89      FA1799D1 
  89      BAE97F
  90 012d EA31A7B2 		.ascii	"\3521\247\262\344\373\376\374\252\305\270\002\254\321"
  90      E4FBFEFC 
  90      AAC5B802 
  90      ACD1
  91 013b 0A277CFA 		.ascii	"\012'|\372\210\345\2402hL~C\300\346\374\020\361\301"
  91      88E5A032 
  91      684C7E43 
  91      C0E6FC10 
  91      F1C1
  92 014d D45C2A3D 		.ascii	"\324\\*=\265\220\232N\270\363\213\351djr\314\235wz&"
  92      B5909A4E 
  92      B8F38BE9 
  92      646A72CC 
  92      9D777A26 
  93 0161 87BA9DC4 		.ascii	"\207\272\235\304\250;1\236p\235~gd\2703I?\356\340\217"
  93      A83B319E 
  93      709D7E67 
  93      64B83349 
  93      3FEEE08F 
  94 0175 69       		.ascii	"i"
  95              		.text
  96              		.section	.gnu.lto_I2C_MSTR_SCBCLK_SetFractionalDividerRegister.624123ce,"",%progbits
  97 0000 789C6D52 		.ascii	"x\234mR]H\223a\024~\317\373n\337>\267\371s\033y\341"
  97      5D489361 
  97      147ECFFB 
  97      6EDF3EB7 
  97      F9731B79 
  98 0015 8D881061 		.ascii	"\215\210\020a?PW]\264~\250\014\302\205W\202\2149B4\205"
  98      3F50575D 
  98      B47EA80C 
  98      C2855782 
  98      8C394234 
  99 002a A5DDFACE 		.ascii	"\245\335\372\316\355\2332\210$HJ\022/\304\374mn\331"
  99      ED9B3288 
  99      24484A12 
  99      2FC4FC6D 
  99      6ED9
 100 003c 9F69B406 		.ascii	"\237i\264\006v!f$\225w#L\014\"j\216\231!\332:\347{g"
 100      76216624 
ARM GAS  e:\temp\ccVUwCLv.s 			page 7


 100      9577234C 
 100      0C226A8E 
 100      9921DA3A 
 101 0053 21F4C2DE 		.ascii	"!\364\302\336\237\263\347y\3169\317\371,\014\030\255"
 101      9FB3E779 
 101      CE39CFF9 
 101      2C0C18AD 
 102 0063 76C1981B 		.ascii	"v\301\230\033\317\375\370\003\301\200\367,2\026\320"
 102      CFFDF803 
 102      C180F72C 
 102      3216D0
 103 0072 39005DA4 		.ascii	"9\000]\244\016\254\203C\007l\360\035\016\311\256\265"
 103      0EAC8343 
 103      076CF01D 
 103      0EC9AEB5 
 104 0082 695E392C 		.ascii	"i^9,q}\232\033<$G\022` =\307M%\006\303P\211\250\271"
 104      717D9A1B 
 104      3C244712 
 104      60203DC7 
 104      4D2506C3 
 105 009a DC66A238 		.ascii	"\334f\2428\313\015\001@\244\245\364B\277\203\236\034"
 105      CB0D0140 
 105      A4A5F442 
 105      BF839E1C 
 106 00aa 4AF019CE 		.ascii	"J\360\031\316,\257:\305\001`x\037\217\275\214\024W\014"
 106      2CAF3AC5 
 106      0160781F 
 106      8FBD8C14 
 106      570C
 107 00bc 49D929E5 		.ascii	"I\331)\345\206GZ\015!`\014\004\352\301(\224\302\010"
 107      86475A0D 
 107      21600C04 
 107      EAC12894 
 107      C208
 108 00ce 94320C31 		.ascii	"\2242\0141\030\207\012Dw\305\357\337*\022\307L\346P"
 108      18870A44 
 108      77C5EFDF 
 108      2A12C74C 
 108      E650
 109 00e0 F7D604E4 		.ascii	"\367\326\004\344\231\323\257\035\262\312\020\026\230"
 109      99D3AF1D 
 109      B2CA1016 
 109      98
 110 00ed 50D423A5 		.ascii	"P\324#\245PED\013\203\007PA\350w\241\330=\241*\262\340"
 110      5045440B 
 110      83075041 
 110      E877A1D8 
 110      3DA12AB2 
 111 0102 73FD4DDF 		.ascii	"s\375M\337\347\"UQ\031>\277\177I\335,\024\247M\335\037"
 111      E7225551 
 111      193EBF7F 
 111      49DD2C14 
 111      A74DDD1F 
 112 0116 776449F9 		.ascii	"wdI\371 \311&\246\"Ewe\"Tf\010+\304\224\362$\026\025"
 112      20C926A6 
 112      22457765 
 112      22546608 
ARM GAS  e:\temp\ccVUwCLv.s 			page 8


 112      2BC494F2 
 113 012d C5A26821 		.ascii	"\305\242h!xr6\366\201\213j\223\030\275\021\217jyfl\336"
 113      787236F6 
 113      818B6A93 
 113      18BD118F 
 113      6A79666C 
 114 0142 297B023A 		.ascii	"){\002:\021\037\376\227\270\022\377}\273P\013\221\217"
 114      111FFE97 
 114      B812FF7D 
 114      BB500B91 
 114      8F
 115 0153 653005E5 		.ascii	"e0\005\345\020\207r\345\"<\002\015\347\302w\243\223"
 115      108772E5 
 115      223C020D 
 115      E7C277A3 
 115      93
 116 0164 350999CB 		.ascii	"5\011\231\313\005eb\300\376j\333^\304\261-\015\015\301"
 116      056562C0 
 116      FE6ADB5E 
 116      C4B12D0D 
 116      0DC1
 117 0176 7F2D40B6 		.ascii	"\177-@\266X)\240\321f\243M\007j\271\200\256v\332\034"
 117      5829A0D1 
 117      66A34D07 
 117      6AB980AE 
 117      76DA1C
 118 0189 B43999A9 		.ascii	"\2649\231\251\317\322\230\200f\272\3169\235b\015\222"
 118      CFD29880 
 118      66BACE39 
 118      9D620D92 
 119 0199 5B919FA3 		.ascii	"[\221\237\243'(gP\320\250z\215\344[\033\031c3{Z\316"
 119      27286750 
 119      D0A87A8D 
 119      E45B1B19 
 119      63337B5A 
 120 01ae 645F38D4 		.ascii	"d_8\3243\024\012I\262.\035Mu\353\003\320\037\010\341"
 120      33140A49 
 120      B22E1D4D 
 120      75EB03D0 
 120      1F08E1
 121 01c1 E4757882 		.ascii	"\344ux\202}=\246\276\340)\014\000[\203\340v\370\033"
 121      7D3DA6BE 
 121      E0290C00 
 121      5B83E076 
 121      F81B
 122 01d3 2841A134 		.ascii	"(A\2414\263\021c\323\364^\003\033<C\354\012p\263K\354"
 122      B31163D3 
 122      F45E031B 
 122      3C43EC0A 
 122      70B34BEC 
 123 01e7 0141C8E9 		.ascii	"\001A\310\351\314t}\034\253U$k\020\307\2062\351\360"
 123      CC747D1C 
 123      AB55246B 
 123      10C78632 
 123      E9F0
 124 01f9 C23E15A1 		.ascii	"\302>\025\241 \312\364\315d\347\255$S\000:L\243\014"
 124      20CAF4CD 
ARM GAS  e:\temp\ccVUwCLv.s 			page 9


 124      64E7AD24 
 124      53003A4C 
 124      A30C
 125 020b 827E8517 		.ascii	"\202~\205\027\307\352\024\312f\346\323\224ZjW\255 ("
 125      C7EA14CA 
 125      66E6D394 
 125      5A6A57AD 
 125      2028
 126 021d 74A5F63E 		.ascii	"t\245\366>_\224\035\203\364!gb\303N\245&\340\271R\333"
 126      5F941D83 
 126      F4216762 
 126      C34EA526 
 126      E0B952DB 
 127 0231 0EAFE653 		.ascii	"\016\257\346S:\020G\3435VGuUy\016`\346_\316\343\012"
 127      3A1047E3 
 127      35564775 
 127      55790E60 
 127      E65FCEE3 
 128 0246 E634D33A 		.ascii	"\3464\323:\3766\024\247\206\234\010J\366\256\247\226"
 128      FE3614A7 
 128      869C084A 
 128      F6AEA796 
 129 0256 6C14DBE3 		.ascii	"l\024\333\343X@J\307^\323f\3214\242|\205\316\304\316"
 129      58404AC7 
 129      5ED366D1 
 129      34A27C85 
 129      CEC4CE
 130 0269 7922985F 		.ascii	"y\"\230_H\232\003\015\010\307Uy\326\327\342\363{\332"
 130      489A030D 
 130      08C75579 
 130      D6D7E2F3 
 130      7BDA
 131 027b 7C0DF5EE 		.ascii	"|\015\365\356\326v\277\327Ww\311\335\352:Zw\356\260"
 131      D676BFD7 
 131      5777C9DD 
 131      EA3A5A77 
 131      EEB0
 132 028d ABFEA2FB 		.ascii	"\253\376\242\373rM\275\333u\322U}\341\240\227\331\275"
 132      724DBDDB 
 132      75D2557D 
 132      E1A097D9 
 132      BD
 133 029e CD4DA71A 		.ascii	"\315M\247\032\25776\370\374\205x=\343\367x\333\032["
 133      AF3736F8 
 133      FC85783D 
 133      E3F778DB 
 133      1A5B
 134 02b0 5B3CCD9A 		.ascii	"[<\315\232\337w\245\326\323l\273\352\271\326\204\347"
 134      DF77A5D6 
 134      D36CBBEA 
 134      B9D684E7 
 135 02c0 1FC99F39 		.ascii	"\037\311\2379Q"
 135      51
 136              		.text
 137              		.section	.gnu.lto_I2C_MSTR_SCBCLK_GetDividerRegister.624123ce,"",%progbits
 138 0000 789C2D90 		.ascii	"x\234-\220\261K\303@\024\306\337w\227\326@\020\335\355"
 138      B14BC340 
ARM GAS  e:\temp\ccVUwCLv.s 			page 10


 138      14C6DF77 
 138      97D64010 
 138      DDED
 139 0012 E068111C 		.ascii	"\340h\021\034D\377\000\015(\242\2024\216\205\"5\253"
 139      44FF000D 
 139      28A28234 
 139      8E852235 
 139      AB
 140 0023 85A273D3 		.ascii	"\205\242s\323&Aqr\321A(]\204j\325\026WE\250\005\027"
 140      26417172 
 140      D141285D 
 140      846AD516 
 140      5745A805 
 141 0038 11050575 		.ascii	"\021\005\005u\022\021\351\340\024CE\0204\336\243\036"
 141      1211E9E0 
 141      14434510 
 141      34DEA31E 
 142 0048 BC7BF7DD 		.ascii	"\274{\367\335}\357\275\037\247\021\210\327\270J\303"
 142      7DEFBD1F 
 142      A71188D7 
 142      B84AC3
 143 0057 2A0FA880 		.ascii	"*\017\250\200$\210\255\033\242\242.\000>8:\250 P\300"
 143      2488AD1B 
 143      A2A22E00 
 143      3E383AA8 
 143      2050C0
 144 006a A7F811B8 		.ascii	"\247\370\021\270\214\276\232}\035\341\263M\311\273\340"
 144      8CBE9A7D 
 144      1DE1B34D 
 144      C9BBE0
 145 0079 BA6CB004 		.ascii	"\272l\260\004\372\225\254\3555B=Yu\234\222\363\342\237"
 145      FA95ACED 
 145      35423D59 
 145      759C92F3 
 145      E29F
 146 008b 4E145D7F 		.ascii	"N\024]\177\310\227\202\"A\330G\002U$x\304\001\222\244"
 146      C8978222 
 146      41D84702 
 146      552478C4 
 146      0192A4
 147 009e CCAF27BF 		.ascii	"\314\257'\277\333\275q\317Qk\220-\352\245\2068#5RM'"
 147      DBBD71CF 
 147      516B902D 
 147      EAA58638 
 147      2335524D 
 148 00b3 8A5CA779 		.ascii	"\212\\\247yo\\<\0311\220/\245\344M#nG\201\012F\373\020"
 148      6F5C3C19 
 148      31902FA5 
 148      E44D236E 
 148      47810A46 
 149 00c9 82B36CA3 		.ascii	"\202\263l\243\365\275\371POs\275+\245\352\275\343\267"
 149      F5BDF950 
 149      4F73BD2B 
 149      A5EABDE3 
 149      B7
 150 00da 6E7B984B 		.ascii	"n{\230K\003\217z\014;\347FWz\236\347h\352*\250?o\350"
 150      038F7A0C 
ARM GAS  e:\temp\ccVUwCLv.s 			page 11


 150      3BE74657 
 150      7A9EE768 
 150      EA2AA83F 
 151 00f0 15948B1E 		.ascii	"\025\224\213\036|\031\303\221\302;d<\034\243\002j\303"
 151      7C19C391 
 151      C23B643C 
 151      1CA3026A 
 151      C3
 152 0101 0DA7C895 		.ascii	"\015\247\310\225\350\266\333=\353\\\305\270>\016\035"
 152      E8B6DB3D 
 152      EB5CC5B8 
 152      3E0E1D
 153 0110 75656BA3 		.ascii	"uek\243\024\256\277\241;PS>z\207\370W\374\245\201\000"
 153      14AEBFA1 
 153      3B50533E 
 153      7A87F857 
 153      FCA58100 
 154 0124 9329CEE4 		.ascii	"\223)\316\344\264\275b\347\227V\355\345\214\225[\313"
 154      B4BD62E7 
 154      9756EDE5 
 154      8C955BCB 
 155 0134 67EDF482 		.ascii	"g\355\364\202\2253\307\3223\243ff\336ZLe,s\322\234\233"
 155      9533C7D2 
 155      33A36666 
 155      DE5A4C65 
 155      2C73D29C 
 156 0149 1DC9D21F 		.ascii	"\035\311\322\037\370\221w\234"
 156      F891779C 
 157              		.text
 158              		.section	.gnu.lto_I2C_MSTR_SCBCLK_GetFractionalDividerRegister.624123ce,"",%progbits
 159 0000 789C6361 		.ascii	"x\234ca`d\000\201i@\254\015\304\322@\314\310\314\300"
 159      60640081 
 159      6940AC0D 
 159      C4D240CC 
 159      C8CCC0
 160 0013 C834E11C 		.ascii	"\3104\341\034\003C#\007\023##\210\321\300\301\310P\317"
 160      03432307 
 160      13232388 
 160      D1C0C1C8 
 160      50CF
 161 0025 C458CFF8 		.ascii	"\304X\317\370\225\351/\023\343\351\357'z\2704\22774"
 161      95E92F13 
 161      E3E9EF27 
 161      7AB83497 
 161      3734
 162 0037 34353C38 		.ascii	"45<8\372\330r\372\212\003\214\255\314\014\014\377\231"
 162      FAD872FA 
 162      8A038CAD 
 162      CC0C0CFF 
 162      99
 163 0048 18188D65 		.ascii	"\030\030\215e\030\015d@F,g\324d\000*}\264\361\337T^"
 163      180D6440 
 163      462C67D4 
 163      64002A7D 
 163      B4F1DF54 
 164 005d B6960620 		.ascii	"\266\226\006 P\000)\000\312\254`d\003Y\271>\350@\303"
 164      50002900 
ARM GAS  e:\temp\ccVUwCLv.s 			page 12


 164      CAAC6064 
 164      0359B93E 
 164      E840C3
 165 0070 FFFFCD0D 		.ascii	"\377\377\315\015\007\346\363\035\334\307\007\224\371"
 165      07E6F31D 
 165      DCC70794 
 165      F9
 166 007d 00C420BB 		.ascii	"\000\304 \273>21\201h\346W\214M\007v\367\361\201\324"
 166      3E323181 
 166      68E6578C 
 166      4D0776F7 
 166      F181D4
 167 0090 030D9AD6 		.ascii	"\003\015\232\326z\350<\373\027&\240=\214\014\214+\031"
 167      7AE83CFB 
 167      1726A03D 
 167      8C0C8C2B 
 167      19
 168 00a1 41760075 		.ascii	"Av\000u0\202T\002\365i\272\247\346\245\026%\226\244"
 168      30825402 
 168      F569BAA7 
 168      E6A51625 
 168      96A4
 169 00b3 A6C407E7 		.ascii	"\246\304\007\347\227\026%\247\306\004\004\347;\233\304"
 169      971625A7 
 169      C60404E7 
 169      3B9BC4
 170 00c2 781A39C7 		.ascii	"x\0329\307\373\006\207\004\305\007;;9\373x\353%3\000"
 170      FB068704 
 170      C5073B3B 
 170      39FB78EB 
 170      253300
 171 00d5 0039C245 		.ascii	"\0009\302E "
 171      20
 172              		.text
 173              		.section	.gnu.lto_.symbol_nodes.624123ce,"",%progbits
 174 0000 789C6361 		.ascii	"x\234ca`d\010g\000\002&\206z\006\206\011\347\030@\324"
 174      60640867 
 174      00022686 
 174      7A068609 
 174      E71840D4 
 175 0014 AE0645A0 		.ascii	"\256\006E\240\000c=#\252\000S=\023\252\000s=3\252\000"
 175      00633D23 
 175      AA00533D 
 175      13AA0073 
 175      3D33AA00 
 176 0028 4B3D0B8A 		.ascii	"K=\013\212\000\003\000U/\023\016"
 176      00030055 
 176      2F130E
 177              		.text
 178              		.section	.gnu.lto_.refs.624123ce,"",%progbits
 179 0000 789C6361 		.ascii	"x\234ca`\004B \000\000\0009\000\007"
 179      60044220 
 179      00000039 
 179      0007
 180              		.text
 181              		.section	.gnu.lto_.decls.624123ce,"",%progbits
 182 0000 789C8D54 		.ascii	"x\234\215TkL\034U\024\276gfY\312\260\320\206\020%\315"
ARM GAS  e:\temp\ccVUwCLv.s 			page 13


 182      6B4C1C55 
 182      14BE6766 
 182      59CAB0D0 
 182      861025CD 
 183 0014 26222640 		.ascii	"&\"&@\023\203\005\2141\3760\306\255]\215\317t-\277\232"
 183      1383058C 
 183      31FE30C6 
 183      AD5D8DCF 
 183      742DBF9A 
 184 0028 104A2774 		.ascii	"\020J't\223\006\232\355\266\261\277\274)\324\200\353"
 184      93069AED 
 184      B6B1BFBC 
 184      29D480EB 
 185 0038 0FF8D1EA 		.ascii	"\017\370\321\352\0226B\033\333\245\320\262\264<v[]\227"
 185      1236421B 
 185      DBA5D0B2 
 185      B43C765B 
 185      5D97
 186 004a 561EA5D0 		.ascii	"V\036\245\320\362(\211\225((m\202\2661\253\326\007\020"
 186      F2288995 
 186      28286D82 
 186      B631ABD6 
 186      0710
 187 005c 58CFBD33 		.ascii	"X\317\2753\2733\373\300x3g\346\3363\347\234\357;\217"
 187      BB33FBC0 
 187      783367E6 
 187      DE33E79C 
 187      EF3B8F
 188 006f 5C0301C2 		.ascii	"\\\003\001\302V\215\221\220\355\270=\204\022\301\205"
 188      568D9190 
 188      EDB83D84 
 188      12C185
 189 007e 475241B4 		.ascii	"GRA\264\225\206\322\217\342G\031E\031G\231$\311\213"
 189      9586D28F 
 189      E2471945 
 189      19479924 
 189      C98B
 190 0090 D964A8BE 		.ascii	"\331d\250\2769(\271(=(E(S(s(wQ\336U\355A\365I\\~\025"
 190      3928B928 
 190      3D284528 
 190      53287328 
 190      7751DE55 
 191 00ab B322856F 		.ascii	"\263\"\205o\324\317\237\302\217q\223\022\360o\240\004"
 191      D4CF9FC2 
 191      8F719312 
 191      F06FA004 
 192 00bb 753C5271 		.ascii	"u<Rq\030M\021\213\345\230\236\020g3\377\361\024\376"
 192      184D118B 
 192      E5989E10 
 192      6733FFF1 
 192      14FE
 193 00cd 93EABFA0 		.ascii	"\223\352\277\240\316.U\315\326\005\210x.y3\346\341\036"
 193      CE2E55CD 
 193      D6058878 
 193      2E7933E6 
 193      E11E
 194 00df 08A03684 		.ascii	"\010\2406\204\000(o\340B\024\341G\334\010\374Mb\252"
ARM GAS  e:\temp\ccVUwCLv.s 			page 14


 194      00286FE0 
 194      4214E147 
 194      DC08FC4D 
 194      62AA
 195 00f1 D887B037 		.ascii	"\330\207\2607Q\354\271N\013\306\237\3507\022]<\210\026"
 195      51ECB94E 
 195      0BC69FE8 
 195      37125D3C 
 195      8816
 196 0103 1D542788 		.ascii	"\035T'\2101P\274\224\377\202jF\224\340\202\346\240\213"
 196      3150BC94 
 196      FF826A46 
 196      94E082E6 
 196      A08B
 197 0115 A7D0D571 		.ascii	"\247\320\325q\202\370\234 \232\364\320F\303`\226\210"
 197      82F89C20 
 197      9AF4D046 
 197      C3609688 
 198 0125 3171BFB0 		.ascii	"1q\277\260\342\335]\322Mq5S*\274\244U\346\373\261\316"
 198      E2DD5DD2 
 198      4D713553 
 198      2ABCA455 
 198      E6FBB1CE 
 199 0139 2EF1B100 		.ascii	".\361\261\000E\022\260\360[Q\325\363(\260\222\245\250"
 199      4512B0F0 
 199      5B51D5F3 
 199      28B092A5 
 199      A8
 200 014a 98C5F8C2 		.ascii	"\230\305\370\302\203\3373\304g\370~\272\301\327\306"
 200      83DF33C4 
 200      67F87EBA 
 200      C1D7C6
 201 0159 AC732430 		.ascii	"\254s$0\340\361\267\311\326\245l<\346J\220\277.\010"
 201      E0F1B7C9 
 201      D6A56C3C 
 201      E64A90BF 
 201      2E08
 202 016b 33EE470B 		.ascii	"3\356G\013F\220\212\033)=A\233\353i\316\353\004.\201"
 202      46908A1B 
 202      293D419B 
 202      EB69CEEB 
 202      042E81
 203 017e 192E8299 		.ascii	"\031.\202\231\200\017\212Y\304N(!\320\205\312\013\250"
 203      800F8A59 
 203      C44E2821 
 203      D085CA0B 
 203      A8
 204 018f 3CC7082D 		.ascii	"<\307\010-\366\007^\016P\272\015z@\202n\020\271\011"
 204      F6075E0E 
 204      50BA0D7A 
 204      40826E10 
 204      B909
 205 01a1 A65124A9 		.ascii	"\246Q$\251\275[\354k\026\014\002j\230\301~\003\323\015"
 205      BD5BEC6B 
 205      160C026A 
 205      98C17E03 
 205      D30D
ARM GAS  e:\temp\ccVUwCLv.s 			page 15


 206 01b3 47FE0E6D 		.ascii	"G\376\016mUx\010x\234\011Ox2\025\036\333\3608\327\026"
 206      55780878 
 206      9C094F78 
 206      32151EDB 
 206      F038D716 
 207 01c7 9ECDCC3B 		.ascii	"\236\315\314;\315\202\323z\232/@\305\023p\005!/#$\201"
 207      CD82D37A 
 207      9A2F40C5 
 207      13700521 
 207      2F232481 
 208 01db 3EC8C377 		.ascii	">\310\303w/\030\224\360\256\371\225;\031\005\355\264"
 208      2F1894F0 
 208      AEF9953B 
 208      1905EDB4 
 209 01eb DD471703 		.ascii	"\335G\027\003#E\247\353\251\027\335\362\231\031x56\270"
 209      2345A7EB 
 209      A917DDF2 
 209      99197835 
 209      36B8
 210 01fd 659FF330 		.ascii	"e\237\3630\217\325\356\207\002\364\374\305sm(]<\306"
 210      8FD5EE87 
 210      02F4FCC5 
 210      736D285D 
 210      3CC6
 211 020f 0BF330E8 		.ascii	"\013\3630\350\216dm\0129\310!\367\253\210\276\376\373"
 211      8E646D0A 
 211      39C821F7 
 211      AB88BEFE 
 211      FB
 212 0220 A50A6068 		.ascii	"\245\012`hc\304D\247\320\345\025f\002\003\032\334\200"
 212      63C444A7 
 212      D0E51566 
 212      02031ADC 
 212      80
 213 0231 1ECECFE1 		.ascii	"\036\316\317\341NL\3277\231D\027p\274\236\223\367;\267"
 213      4E4CD737 
 213      99441770 
 213      BC9E93F7 
 213      3BB7
 214 0243 60C6666C 		.ascii	"`\306fl\033\350zfVz\346nY\332\310\024\375\334V\230]"
 214      1BE87A66 
 214      567AE66E 
 214      59DAC814 
 214      FDDC5698 
 215 0258 EAFAD900 		.ascii	"\352\372\331\000\305\222Z\355^\245\332A,\346\227\032"
 215      C5925AED 
 215      5EA5DA41 
 215      2CE6971A 
 216 0268 A099559B 		.ascii	"\240\231U\2337.|\206\032\363\010\224\233a'\266\355+"
 216      372E7C86 
 216      1AF30894 
 216      9B6127B6 
 216      ED2B
 217 027a 6C9B596D 		.ascii	"l\233Ym\3335L\350*&\204\000\017>\375\374\241\2217%\030"
 217      DB354CE8 
 217      2A268400 
 217      0F3EFDFC 
ARM GAS  e:\temp\ccVUwCLv.s 			page 16


 217      A1913725 
 218 028f 6BCA17AB 		.ascii	"k\312\027\253ka6\034\205l\224D\035\251B\205\224\267"
 218      6B61361C 
 218      856C9444 
 218      1DA94285 
 218      94B7
 219 02a1 63E48A24 		.ascii	"c\344\212$\006\025R\277\366\215~\233\025\235\025,\231"
 219      061552BF 
 219      F68D7E9B 
 219      159D152C 
 219      99
 220 02b2 544C6205 		.ascii	"TLb\005\203o\020\264P\005\035Be(:+\241\326\247\250\000"
 220      836F10B4 
 220      50051D42 
 220      65283A2B 
 220      A1D6A7A8 
 221 02c7 3710F2BA 		.ascii	"7\020\362\272F\275P\035\224\211\251\210\327\30491\203"
 221      46BD501D 
 221      9489A988 
 221      D7C43931 
 221      83
 222 02d8 AF81935A 		.ascii	"\257\201\223Z^]5l\332\227\021\336\227\341\350(4\365"
 222      5E5D356C 
 222      DA9711DE 
 222      97E1E828 
 222      34F5
 223 02ea B62F4374 		.ascii	"\266/Ct\024>\262\376t\231\322\223\350g`v\020\320\000"
 223      143EB2FE 
 223      7499D293 
 223      E8676076 
 223      10D000
 224 02fd 03FAE68C 		.ascii	"\003\372\346\214\362\346\254\377\331\321 \210\303Js"
 224      F2E6ACFF 
 224      D9D12088 
 224      C34A73
 225 030c 1E5FEFFE 		.ascii	"\036_\357\376#\016\224\361\321Po\306M\303l\307\275\201"
 225      230E94F1 
 225      D1506FC6 
 225      4DC36CC7 
 225      BD81
 226 031e 74751CA6 		.ascii	"tu\034\246]&7\015a=0I\264\2021\015sL\2179\3161'\316"
 226      5D26370D 
 226      613D3049 
 226      B482310D 
 226      734C8F39 
 227 0336 AFCD678B 		.ascii	"\257\315g\213\313\012\246\247\371\354\205\270\231\017"
 227      CB0AA6A7 
 227      F9EC85B8 
 227      990F
 228 0344 C6614EC4 		.ascii	"\306aN\304a\272ZW\335l\346}\210\351\271-\3060\321\012"
 228      61BA5A57 
 228      DD6CE67D 
 228      88E9B92D 
 228      C630D10A 
 229 0358 6E6998B7 		.ascii	"ni\230\267\364\230\223\014S<{q\355\\6Fe\217\324J\261"
 229      F498930C 
 229      533C7B71 
ARM GAS  e:\temp\ccVUwCLv.s 			page 17


 229      ED5C3646 
 229      658FD44A 
 230 036d 7BE148E4 		.ascii	"{\341H\344\303H$\035\246@\"\\A[\316\354jl\331\316\025"
 230      C348241D 
 230      A640225C 
 230      415BCEEC 
 230      6A6CD9CE 
 231 0382 8DFCC689 		.ascii	"\215\374\306\211\277\011\010\377C\340\016\236o\263n"
 231      BF0908FF 
 231      43E00E9E 
 231      6FB36E
 232 0391 E39115FF 		.ascii	"\343\221\025\377\307S\337\245I\215\214\375\377\271:"
 232      C753DFA5 
 232      498D8CFD 
 232      FFB93A
 233 03a0 D0E3EA0F 		.ascii	"\320\343\352\017\264-M<\305/8a\3165\370\231\250\015"
 233      B42D4D3C 
 233      C52F3861 
 233      CE35F899 
 233      A80D
 234 03b2 79C7DE96 		.ascii	"y\307\336\226&\226\321]\254\302\214\226\3214\250c\236"
 234      2696D15D 
 234      ACC28C96 
 234      D134A863 
 234      9E
 235 03c3 0C329B1A 		.ascii	"\0142\233\032\344\257\177n~b2}\034\273\321xD-\22590"
 235      E4AF7F6E 
 235      7E62327D 
 235      1CBBD178 
 235      442D9539 
 236 03d8 F18B977D 		.ascii	"\361\213\227}\237|\243\314R\371\266\355\375=\2256\313"
 236      9F7CA3CC 
 236      52F9B6ED 
 236      FD3D9536 
 236      CB
 237 03e9 AB96B7DE 		.ascii	"\253\226\267\336\254\2649\253\034\316\327>\330b}go\276"
 237      ACB439AB 
 237      1CCED73E 
 237      D8627D67 
 237      6FBE
 238 03fb A5B49418 		.ascii	"\245\264\224\030\217\332k\235\345eO[\345Z\331Q\345\224"
 238      8FDA6B9D 
 238      E5654F5B 
 238      E55AD951 
 238      E594
 239 040d 0F54DAEA 		.ascii	"\017T\332\352\216:\252\345}\357\331\352,\317?W}\334"
 239      8E3AAAE5 
 239      7DEFD9EA 
 239      2CCF3F57 
 239      7DDC
 240 041f 79FCB07C 		.ascii	"y\374\260|\244\344 \331\221\332b_\002@I5\311M\306\254"
 240      A4E420D9 
 240      91DA625F 
 240      02404935 
 240      C94DC6AC 
 241 0433 3BFC6C92 		.ascii	";\374l\222Rv\356vTU;\355u\265U\207v\331\217\331\017"
 241      5276EE76 
ARM GAS  e:\temp\ccVUwCLv.s 			page 18


 241      54553BED 
 241      75B55587 
 241      76D98FD9 
 242 0448 C88E3D72 		.ascii	"\310\216=r\215\375\210Sv\2441R/rj\245/\024$zZeg\202"
 242      8DFD8853 
 242      76A43152 
 242      2F726AA5 
 242      2F14247A 
 243 0460 7D5270EB 		.ascii	"}Rp\353\177\005w\3105\345e\377\002\317:C\200"
 243      7F0577C8 
 243      35E565FF 
 243      02CF3A43 
 243      80
 244              		.text
 245              		.section	.gnu.lto_.symtab.624123ce,"",%progbits
 246 0000 4932435F 		.ascii	"I2C_MSTR_SCBCLK_StartEx\000"
 246      4D535452 
 246      5F534342 
 246      434C4B5F 
 246      53746172 
 247 0018 00       		.ascii	"\000"
 248 0019 00       		.ascii	"\000"
 249 001a 00       		.ascii	"\000"
 250 001b 00000000 		.ascii	"\000\000\000\000\000\000\000\000"
 250      00000000 
 251 0023 B5000000 		.ascii	"\265\000\000\000"
 252 0027 4932435F 		.ascii	"I2C_MSTR_SCBCLK_Stop\000"
 252      4D535452 
 252      5F534342 
 252      434C4B5F 
 252      53746F70 
 253 003c 00       		.ascii	"\000"
 254 003d 00       		.ascii	"\000"
 255 003e 00       		.ascii	"\000"
 256 003f 00000000 		.ascii	"\000\000\000\000\000\000\000\000"
 256      00000000 
 257 0047 B8000000 		.ascii	"\270\000\000\000"
 258 004b 4932435F 		.ascii	"I2C_MSTR_SCBCLK_SetFractionalDividerRegister\000"
 258      4D535452 
 258      5F534342 
 258      434C4B5F 
 258      53657446 
 259 0078 00       		.ascii	"\000"
 260 0079 00       		.ascii	"\000"
 261 007a 00       		.ascii	"\000"
 262 007b 00000000 		.ascii	"\000\000\000\000\000\000\000\000"
 262      00000000 
 263 0083 C7000000 		.ascii	"\307\000\000\000"
 264 0087 4932435F 		.ascii	"I2C_MSTR_SCBCLK_GetDividerRegister\000"
 264      4D535452 
 264      5F534342 
 264      434C4B5F 
 264      47657444 
 265 00aa 00       		.ascii	"\000"
 266 00ab 00       		.ascii	"\000"
 267 00ac 00       		.ascii	"\000"
 268 00ad 00000000 		.ascii	"\000\000\000\000\000\000\000\000"
ARM GAS  e:\temp\ccVUwCLv.s 			page 19


 268      00000000 
 269 00b5 CA000000 		.ascii	"\312\000\000\000"
 270 00b9 4932435F 		.ascii	"I2C_MSTR_SCBCLK_GetFractionalDividerRegister\000"
 270      4D535452 
 270      5F534342 
 270      434C4B5F 
 270      47657446 
 271 00e6 00       		.ascii	"\000"
 272 00e7 00       		.ascii	"\000"
 273 00e8 00       		.ascii	"\000"
 274 00e9 00000000 		.ascii	"\000\000\000\000\000\000\000\000"
 274      00000000 
 275 00f1 CD000000 		.ascii	"\315\000\000\000"
 276              		.text
 277              		.section	.gnu.lto_.opts,"",%progbits
 278 0000 272D666D 		.ascii	"'-fmath-errno' '-fsigned-zeros' '-ftrapping-math' '"
 278      6174682D 
 278      6572726E 
 278      6F272027 
 278      2D667369 
 279 0033 2D666E6F 		.ascii	"-fno-trapv' '-fno-openmp' '-fno-openacc' '-mcpu=cor"
 279      2D747261 
 279      70762720 
 279      272D666E 
 279      6F2D6F70 
 280 0066 7465782D 		.ascii	"tex-m0' '-mthumb' '-g' '-Os' '-Werror' '-ffunction-"
 280      6D302720 
 280      272D6D74 
 280      68756D62 
 280      2720272D 
 281 0099 73656374 		.ascii	"sections' '-ffat-lto-objects' '-finline-functions' "
 281      696F6E73 
 281      2720272D 
 281      66666174 
 281      2D6C746F 
 282 00cc 272D666C 		.ascii	"'-flto' '-fno-strict-aliasing'\000"
 282      746F2720 
 282      272D666E 
 282      6F2D7374 
 282      72696374 
 283              		.text
 284              		.cfi_sections	.debug_frame
 285              		.section	.text.I2C_MSTR_SCBCLK_StartEx,"ax",%progbits
 286              		.align	1
 287              		.global	I2C_MSTR_SCBCLK_StartEx
 288              		.code	16
 289              		.thumb_func
 290              		.type	I2C_MSTR_SCBCLK_StartEx, %function
 291              	I2C_MSTR_SCBCLK_StartEx:
 292              	.LFB0:
 293              		.file 1 "Generated_Source\\PSoC4\\I2C_MSTR_SCBCLK.c"
   1:Generated_Source\PSoC4/I2C_MSTR_SCBCLK.c **** /*******************************************************************************
   2:Generated_Source\PSoC4/I2C_MSTR_SCBCLK.c **** * File Name: I2C_MSTR_SCBCLK.c
   3:Generated_Source\PSoC4/I2C_MSTR_SCBCLK.c **** * Version 2.20
   4:Generated_Source\PSoC4/I2C_MSTR_SCBCLK.c **** *
   5:Generated_Source\PSoC4/I2C_MSTR_SCBCLK.c **** *  Description:
   6:Generated_Source\PSoC4/I2C_MSTR_SCBCLK.c **** *   Provides system API for the clocking, interrupts and watchdog timer.
ARM GAS  e:\temp\ccVUwCLv.s 			page 20


   7:Generated_Source\PSoC4/I2C_MSTR_SCBCLK.c **** *
   8:Generated_Source\PSoC4/I2C_MSTR_SCBCLK.c **** *  Note:
   9:Generated_Source\PSoC4/I2C_MSTR_SCBCLK.c **** *   Documentation of the API's in this file is located in the
  10:Generated_Source\PSoC4/I2C_MSTR_SCBCLK.c **** *   System Reference Guide provided with PSoC Creator.
  11:Generated_Source\PSoC4/I2C_MSTR_SCBCLK.c **** *
  12:Generated_Source\PSoC4/I2C_MSTR_SCBCLK.c **** ********************************************************************************
  13:Generated_Source\PSoC4/I2C_MSTR_SCBCLK.c **** * Copyright 2008-2012, Cypress Semiconductor Corporation.  All rights reserved.
  14:Generated_Source\PSoC4/I2C_MSTR_SCBCLK.c **** * You may use this file only in accordance with the license, terms, conditions,
  15:Generated_Source\PSoC4/I2C_MSTR_SCBCLK.c **** * disclaimers, and limitations in the end user license agreement accompanying
  16:Generated_Source\PSoC4/I2C_MSTR_SCBCLK.c **** * the software package with which this file was provided.
  17:Generated_Source\PSoC4/I2C_MSTR_SCBCLK.c **** *******************************************************************************/
  18:Generated_Source\PSoC4/I2C_MSTR_SCBCLK.c **** 
  19:Generated_Source\PSoC4/I2C_MSTR_SCBCLK.c **** #include <cydevice_trm.h>
  20:Generated_Source\PSoC4/I2C_MSTR_SCBCLK.c **** #include "I2C_MSTR_SCBCLK.h"
  21:Generated_Source\PSoC4/I2C_MSTR_SCBCLK.c **** 
  22:Generated_Source\PSoC4/I2C_MSTR_SCBCLK.c **** #if defined CYREG_PERI_DIV_CMD
  23:Generated_Source\PSoC4/I2C_MSTR_SCBCLK.c **** 
  24:Generated_Source\PSoC4/I2C_MSTR_SCBCLK.c **** /*******************************************************************************
  25:Generated_Source\PSoC4/I2C_MSTR_SCBCLK.c **** * Function Name: I2C_MSTR_SCBCLK_StartEx
  26:Generated_Source\PSoC4/I2C_MSTR_SCBCLK.c **** ********************************************************************************
  27:Generated_Source\PSoC4/I2C_MSTR_SCBCLK.c **** *
  28:Generated_Source\PSoC4/I2C_MSTR_SCBCLK.c **** * Summary:
  29:Generated_Source\PSoC4/I2C_MSTR_SCBCLK.c **** *  Starts the clock, aligned to the specified running clock.
  30:Generated_Source\PSoC4/I2C_MSTR_SCBCLK.c **** *
  31:Generated_Source\PSoC4/I2C_MSTR_SCBCLK.c **** * Parameters:
  32:Generated_Source\PSoC4/I2C_MSTR_SCBCLK.c **** *  alignClkDiv:  The divider to which phase alignment is performed when the
  33:Generated_Source\PSoC4/I2C_MSTR_SCBCLK.c **** *    clock is started.
  34:Generated_Source\PSoC4/I2C_MSTR_SCBCLK.c **** *
  35:Generated_Source\PSoC4/I2C_MSTR_SCBCLK.c **** * Returns:
  36:Generated_Source\PSoC4/I2C_MSTR_SCBCLK.c **** *  None
  37:Generated_Source\PSoC4/I2C_MSTR_SCBCLK.c **** *
  38:Generated_Source\PSoC4/I2C_MSTR_SCBCLK.c **** *******************************************************************************/
  39:Generated_Source\PSoC4/I2C_MSTR_SCBCLK.c **** void I2C_MSTR_SCBCLK_StartEx(uint32 alignClkDiv)
  40:Generated_Source\PSoC4/I2C_MSTR_SCBCLK.c **** {
 294              		.loc 1 40 0
 295              		.cfi_startproc
 296              		@ args = 0, pretend = 0, frame = 0
 297              		@ frame_needed = 0, uses_anonymous_args = 0
 298              		@ link register save eliminated.
 299              	.LVL0:
  41:Generated_Source\PSoC4/I2C_MSTR_SCBCLK.c ****     /* Make sure any previous start command has finished. */
  42:Generated_Source\PSoC4/I2C_MSTR_SCBCLK.c ****     while((I2C_MSTR_SCBCLK_CMD_REG & I2C_MSTR_SCBCLK_CMD_ENABLE_MASK) != 0u)
 300              		.loc 1 42 0
 301 0000 044A     		ldr	r2, .L5
 302              	.L2:
 303              		.loc 1 42 0 is_stmt 0 discriminator 1
 304 0002 1368     		ldr	r3, [r2]
 305 0004 002B     		cmp	r3, #0
 306 0006 FCDB     		blt	.L2
  43:Generated_Source\PSoC4/I2C_MSTR_SCBCLK.c ****     {
  44:Generated_Source\PSoC4/I2C_MSTR_SCBCLK.c ****     }
  45:Generated_Source\PSoC4/I2C_MSTR_SCBCLK.c ****     
  46:Generated_Source\PSoC4/I2C_MSTR_SCBCLK.c ****     /* Specify the target divider and it's alignment divider, and enable. */
  47:Generated_Source\PSoC4/I2C_MSTR_SCBCLK.c ****     I2C_MSTR_SCBCLK_CMD_REG =
  48:Generated_Source\PSoC4/I2C_MSTR_SCBCLK.c ****         ((uint32)I2C_MSTR_SCBCLK__DIV_ID << I2C_MSTR_SCBCLK_CMD_DIV_SHIFT)|
  49:Generated_Source\PSoC4/I2C_MSTR_SCBCLK.c ****         (alignClkDiv << I2C_MSTR_SCBCLK_CMD_PA_DIV_SHIFT) |
 307              		.loc 1 49 0 is_stmt 1
ARM GAS  e:\temp\ccVUwCLv.s 			page 21


 308 0008 034B     		ldr	r3, .L5+4
 309 000a 0002     		lsls	r0, r0, #8
 310              	.LVL1:
 311 000c 1843     		orrs	r0, r3
  47:Generated_Source\PSoC4/I2C_MSTR_SCBCLK.c ****         ((uint32)I2C_MSTR_SCBCLK__DIV_ID << I2C_MSTR_SCBCLK_CMD_DIV_SHIFT)|
 312              		.loc 1 47 0
 313 000e 014B     		ldr	r3, .L5
  50:Generated_Source\PSoC4/I2C_MSTR_SCBCLK.c ****         (uint32)I2C_MSTR_SCBCLK_CMD_ENABLE_MASK;
  51:Generated_Source\PSoC4/I2C_MSTR_SCBCLK.c **** }
 314              		.loc 1 51 0
 315              		@ sp needed
  47:Generated_Source\PSoC4/I2C_MSTR_SCBCLK.c ****         ((uint32)I2C_MSTR_SCBCLK__DIV_ID << I2C_MSTR_SCBCLK_CMD_DIV_SHIFT)|
 316              		.loc 1 47 0
 317 0010 1860     		str	r0, [r3]
 318              		.loc 1 51 0
 319 0012 7047     		bx	lr
 320              	.L6:
 321              		.align	2
 322              	.L5:
 323 0014 00000140 		.word	1073807360
 324 0018 01000080 		.word	-2147483647
 325              		.cfi_endproc
 326              	.LFE0:
 327              		.size	I2C_MSTR_SCBCLK_StartEx, .-I2C_MSTR_SCBCLK_StartEx
 328              		.section	.text.I2C_MSTR_SCBCLK_Stop,"ax",%progbits
 329              		.align	1
 330              		.global	I2C_MSTR_SCBCLK_Stop
 331              		.code	16
 332              		.thumb_func
 333              		.type	I2C_MSTR_SCBCLK_Stop, %function
 334              	I2C_MSTR_SCBCLK_Stop:
 335              	.LFB1:
  52:Generated_Source\PSoC4/I2C_MSTR_SCBCLK.c **** 
  53:Generated_Source\PSoC4/I2C_MSTR_SCBCLK.c **** #else
  54:Generated_Source\PSoC4/I2C_MSTR_SCBCLK.c **** 
  55:Generated_Source\PSoC4/I2C_MSTR_SCBCLK.c **** /*******************************************************************************
  56:Generated_Source\PSoC4/I2C_MSTR_SCBCLK.c **** * Function Name: I2C_MSTR_SCBCLK_Start
  57:Generated_Source\PSoC4/I2C_MSTR_SCBCLK.c **** ********************************************************************************
  58:Generated_Source\PSoC4/I2C_MSTR_SCBCLK.c **** *
  59:Generated_Source\PSoC4/I2C_MSTR_SCBCLK.c **** * Summary:
  60:Generated_Source\PSoC4/I2C_MSTR_SCBCLK.c **** *  Starts the clock.
  61:Generated_Source\PSoC4/I2C_MSTR_SCBCLK.c **** *
  62:Generated_Source\PSoC4/I2C_MSTR_SCBCLK.c **** * Parameters:
  63:Generated_Source\PSoC4/I2C_MSTR_SCBCLK.c **** *  None
  64:Generated_Source\PSoC4/I2C_MSTR_SCBCLK.c **** *
  65:Generated_Source\PSoC4/I2C_MSTR_SCBCLK.c **** * Returns:
  66:Generated_Source\PSoC4/I2C_MSTR_SCBCLK.c **** *  None
  67:Generated_Source\PSoC4/I2C_MSTR_SCBCLK.c **** *
  68:Generated_Source\PSoC4/I2C_MSTR_SCBCLK.c **** *******************************************************************************/
  69:Generated_Source\PSoC4/I2C_MSTR_SCBCLK.c **** 
  70:Generated_Source\PSoC4/I2C_MSTR_SCBCLK.c **** void I2C_MSTR_SCBCLK_Start(void)
  71:Generated_Source\PSoC4/I2C_MSTR_SCBCLK.c **** {
  72:Generated_Source\PSoC4/I2C_MSTR_SCBCLK.c ****     /* Set the bit to enable the clock. */
  73:Generated_Source\PSoC4/I2C_MSTR_SCBCLK.c ****     I2C_MSTR_SCBCLK_ENABLE_REG |= I2C_MSTR_SCBCLK__ENABLE_MASK;
  74:Generated_Source\PSoC4/I2C_MSTR_SCBCLK.c **** }
  75:Generated_Source\PSoC4/I2C_MSTR_SCBCLK.c **** 
  76:Generated_Source\PSoC4/I2C_MSTR_SCBCLK.c **** #endif /* CYREG_PERI_DIV_CMD */
ARM GAS  e:\temp\ccVUwCLv.s 			page 22


  77:Generated_Source\PSoC4/I2C_MSTR_SCBCLK.c **** 
  78:Generated_Source\PSoC4/I2C_MSTR_SCBCLK.c **** 
  79:Generated_Source\PSoC4/I2C_MSTR_SCBCLK.c **** /*******************************************************************************
  80:Generated_Source\PSoC4/I2C_MSTR_SCBCLK.c **** * Function Name: I2C_MSTR_SCBCLK_Stop
  81:Generated_Source\PSoC4/I2C_MSTR_SCBCLK.c **** ********************************************************************************
  82:Generated_Source\PSoC4/I2C_MSTR_SCBCLK.c **** *
  83:Generated_Source\PSoC4/I2C_MSTR_SCBCLK.c **** * Summary:
  84:Generated_Source\PSoC4/I2C_MSTR_SCBCLK.c **** *  Stops the clock and returns immediately. This API does not require the
  85:Generated_Source\PSoC4/I2C_MSTR_SCBCLK.c **** *  source clock to be running but may return before the hardware is actually
  86:Generated_Source\PSoC4/I2C_MSTR_SCBCLK.c **** *  disabled.
  87:Generated_Source\PSoC4/I2C_MSTR_SCBCLK.c **** *
  88:Generated_Source\PSoC4/I2C_MSTR_SCBCLK.c **** * Parameters:
  89:Generated_Source\PSoC4/I2C_MSTR_SCBCLK.c **** *  None
  90:Generated_Source\PSoC4/I2C_MSTR_SCBCLK.c **** *
  91:Generated_Source\PSoC4/I2C_MSTR_SCBCLK.c **** * Returns:
  92:Generated_Source\PSoC4/I2C_MSTR_SCBCLK.c **** *  None
  93:Generated_Source\PSoC4/I2C_MSTR_SCBCLK.c **** *
  94:Generated_Source\PSoC4/I2C_MSTR_SCBCLK.c **** *******************************************************************************/
  95:Generated_Source\PSoC4/I2C_MSTR_SCBCLK.c **** void I2C_MSTR_SCBCLK_Stop(void)
  96:Generated_Source\PSoC4/I2C_MSTR_SCBCLK.c **** {
 336              		.loc 1 96 0
 337              		.cfi_startproc
 338              		@ args = 0, pretend = 0, frame = 0
 339              		@ frame_needed = 0, uses_anonymous_args = 0
 340              		@ link register save eliminated.
  97:Generated_Source\PSoC4/I2C_MSTR_SCBCLK.c **** #if defined CYREG_PERI_DIV_CMD
  98:Generated_Source\PSoC4/I2C_MSTR_SCBCLK.c **** 
  99:Generated_Source\PSoC4/I2C_MSTR_SCBCLK.c ****     /* Make sure any previous start command has finished. */
 100:Generated_Source\PSoC4/I2C_MSTR_SCBCLK.c ****     while((I2C_MSTR_SCBCLK_CMD_REG & I2C_MSTR_SCBCLK_CMD_ENABLE_MASK) != 0u)
 341              		.loc 1 100 0
 342 0000 034A     		ldr	r2, .L10
 343              	.L8:
 344              		.loc 1 100 0 is_stmt 0 discriminator 1
 345 0002 1368     		ldr	r3, [r2]
 346 0004 002B     		cmp	r3, #0
 347 0006 FCDB     		blt	.L8
 101:Generated_Source\PSoC4/I2C_MSTR_SCBCLK.c ****     {
 102:Generated_Source\PSoC4/I2C_MSTR_SCBCLK.c ****     }
 103:Generated_Source\PSoC4/I2C_MSTR_SCBCLK.c ****     
 104:Generated_Source\PSoC4/I2C_MSTR_SCBCLK.c ****     /* Specify the target divider and it's alignment divider, and disable. */
 105:Generated_Source\PSoC4/I2C_MSTR_SCBCLK.c ****     I2C_MSTR_SCBCLK_CMD_REG =
 348              		.loc 1 105 0 is_stmt 1
 349 0008 024A     		ldr	r2, .L10+4
 350 000a 014B     		ldr	r3, .L10
 106:Generated_Source\PSoC4/I2C_MSTR_SCBCLK.c ****         ((uint32)I2C_MSTR_SCBCLK__DIV_ID << I2C_MSTR_SCBCLK_CMD_DIV_SHIFT)|
 107:Generated_Source\PSoC4/I2C_MSTR_SCBCLK.c ****         ((uint32)I2C_MSTR_SCBCLK_CMD_DISABLE_MASK);
 108:Generated_Source\PSoC4/I2C_MSTR_SCBCLK.c **** 
 109:Generated_Source\PSoC4/I2C_MSTR_SCBCLK.c **** #else
 110:Generated_Source\PSoC4/I2C_MSTR_SCBCLK.c **** 
 111:Generated_Source\PSoC4/I2C_MSTR_SCBCLK.c ****     /* Clear the bit to disable the clock. */
 112:Generated_Source\PSoC4/I2C_MSTR_SCBCLK.c ****     I2C_MSTR_SCBCLK_ENABLE_REG &= (uint32)(~I2C_MSTR_SCBCLK__ENABLE_MASK);
 113:Generated_Source\PSoC4/I2C_MSTR_SCBCLK.c ****     
 114:Generated_Source\PSoC4/I2C_MSTR_SCBCLK.c **** #endif /* CYREG_PERI_DIV_CMD */
 115:Generated_Source\PSoC4/I2C_MSTR_SCBCLK.c **** }
 351              		.loc 1 115 0
 352              		@ sp needed
 105:Generated_Source\PSoC4/I2C_MSTR_SCBCLK.c ****         ((uint32)I2C_MSTR_SCBCLK__DIV_ID << I2C_MSTR_SCBCLK_CMD_DIV_SHIFT)|
ARM GAS  e:\temp\ccVUwCLv.s 			page 23


 353              		.loc 1 105 0
 354 000c 1A60     		str	r2, [r3]
 355              		.loc 1 115 0
 356 000e 7047     		bx	lr
 357              	.L11:
 358              		.align	2
 359              	.L10:
 360 0010 00000140 		.word	1073807360
 361 0014 01000040 		.word	1073741825
 362              		.cfi_endproc
 363              	.LFE1:
 364              		.size	I2C_MSTR_SCBCLK_Stop, .-I2C_MSTR_SCBCLK_Stop
 365              		.section	.text.I2C_MSTR_SCBCLK_SetFractionalDividerRegister,"ax",%progbits
 366              		.align	1
 367              		.global	I2C_MSTR_SCBCLK_SetFractionalDividerRegister
 368              		.code	16
 369              		.thumb_func
 370              		.type	I2C_MSTR_SCBCLK_SetFractionalDividerRegister, %function
 371              	I2C_MSTR_SCBCLK_SetFractionalDividerRegister:
 372              	.LFB2:
 116:Generated_Source\PSoC4/I2C_MSTR_SCBCLK.c **** 
 117:Generated_Source\PSoC4/I2C_MSTR_SCBCLK.c **** 
 118:Generated_Source\PSoC4/I2C_MSTR_SCBCLK.c **** /*******************************************************************************
 119:Generated_Source\PSoC4/I2C_MSTR_SCBCLK.c **** * Function Name: I2C_MSTR_SCBCLK_SetFractionalDividerRegister
 120:Generated_Source\PSoC4/I2C_MSTR_SCBCLK.c **** ********************************************************************************
 121:Generated_Source\PSoC4/I2C_MSTR_SCBCLK.c **** *
 122:Generated_Source\PSoC4/I2C_MSTR_SCBCLK.c **** * Summary:
 123:Generated_Source\PSoC4/I2C_MSTR_SCBCLK.c **** *  Modifies the clock divider and the fractional divider.
 124:Generated_Source\PSoC4/I2C_MSTR_SCBCLK.c **** *
 125:Generated_Source\PSoC4/I2C_MSTR_SCBCLK.c **** * Parameters:
 126:Generated_Source\PSoC4/I2C_MSTR_SCBCLK.c **** *  clkDivider:  Divider register value (0-65535). This value is NOT the
 127:Generated_Source\PSoC4/I2C_MSTR_SCBCLK.c **** *    divider; the clock hardware divides by clkDivider plus one. For example,
 128:Generated_Source\PSoC4/I2C_MSTR_SCBCLK.c **** *    to divide the clock by 2, this parameter should be set to 1.
 129:Generated_Source\PSoC4/I2C_MSTR_SCBCLK.c **** *  fracDivider:  Fractional Divider register value (0-31).
 130:Generated_Source\PSoC4/I2C_MSTR_SCBCLK.c **** * Returns:
 131:Generated_Source\PSoC4/I2C_MSTR_SCBCLK.c **** *  None
 132:Generated_Source\PSoC4/I2C_MSTR_SCBCLK.c **** *
 133:Generated_Source\PSoC4/I2C_MSTR_SCBCLK.c **** *******************************************************************************/
 134:Generated_Source\PSoC4/I2C_MSTR_SCBCLK.c **** void I2C_MSTR_SCBCLK_SetFractionalDividerRegister(uint16 clkDivider, uint8 clkFractional)
 135:Generated_Source\PSoC4/I2C_MSTR_SCBCLK.c **** {
 373              		.loc 1 135 0
 374              		.cfi_startproc
 375              		@ args = 0, pretend = 0, frame = 0
 376              		@ frame_needed = 0, uses_anonymous_args = 0
 377              	.LVL2:
 136:Generated_Source\PSoC4/I2C_MSTR_SCBCLK.c ****     uint32 maskVal;
 137:Generated_Source\PSoC4/I2C_MSTR_SCBCLK.c ****     uint32 regVal;
 138:Generated_Source\PSoC4/I2C_MSTR_SCBCLK.c ****     
 139:Generated_Source\PSoC4/I2C_MSTR_SCBCLK.c **** #if defined (I2C_MSTR_SCBCLK__FRAC_MASK) || defined (CYREG_PERI_DIV_CMD)
 140:Generated_Source\PSoC4/I2C_MSTR_SCBCLK.c ****     
 141:Generated_Source\PSoC4/I2C_MSTR_SCBCLK.c **** 	/* get all but divider bits */
 142:Generated_Source\PSoC4/I2C_MSTR_SCBCLK.c ****     maskVal = I2C_MSTR_SCBCLK_DIV_REG & 
 143:Generated_Source\PSoC4/I2C_MSTR_SCBCLK.c ****                     (uint32)(~(uint32)(I2C_MSTR_SCBCLK_DIV_INT_MASK | I2C_MSTR_SCBCLK_DIV_FRAC_MASK
 144:Generated_Source\PSoC4/I2C_MSTR_SCBCLK.c **** 	/* combine mask and new divider vals into 32-bit value */
 145:Generated_Source\PSoC4/I2C_MSTR_SCBCLK.c ****     regVal = maskVal |
 378              		.loc 1 145 0
 379 0000 FF22     		movs	r2, #255
ARM GAS  e:\temp\ccVUwCLv.s 			page 24


 380 0002 C900     		lsls	r1, r1, #3
 381              	.LVL3:
 382 0004 1140     		ands	r1, r2
 383 0006 0202     		lsls	r2, r0, #8
 384 0008 1143     		orrs	r1, r2
 385 000a 0723     		movs	r3, #7
 386 000c 0800     		movs	r0, r1
 387              	.LVL4:
 135:Generated_Source\PSoC4/I2C_MSTR_SCBCLK.c ****     uint32 maskVal;
 388              		.loc 1 135 0
 389 000e 30B5     		push	{r4, r5, lr}
 390              		.cfi_def_cfa_offset 12
 391              		.cfi_offset 4, -12
 392              		.cfi_offset 5, -8
 393              		.cfi_offset 14, -4
 142:Generated_Source\PSoC4/I2C_MSTR_SCBCLK.c ****                     (uint32)(~(uint32)(I2C_MSTR_SCBCLK_DIV_INT_MASK | I2C_MSTR_SCBCLK_DIV_FRAC_MASK
 394              		.loc 1 142 0
 395 0010 024C     		ldr	r4, .L13
 146:Generated_Source\PSoC4/I2C_MSTR_SCBCLK.c ****         ((uint32)((uint32)clkDivider <<  I2C_MSTR_SCBCLK_DIV_INT_SHIFT) & I2C_MSTR_SCBCLK_DIV_INT_M
 147:Generated_Source\PSoC4/I2C_MSTR_SCBCLK.c ****         ((uint32)((uint32)clkFractional << I2C_MSTR_SCBCLK_DIV_FRAC_SHIFT) & I2C_MSTR_SCBCLK_DIV_FR
 148:Generated_Source\PSoC4/I2C_MSTR_SCBCLK.c ****     
 149:Generated_Source\PSoC4/I2C_MSTR_SCBCLK.c **** #else
 150:Generated_Source\PSoC4/I2C_MSTR_SCBCLK.c ****     /* get all but integer divider bits */
 151:Generated_Source\PSoC4/I2C_MSTR_SCBCLK.c ****     maskVal = I2C_MSTR_SCBCLK_DIV_REG & (uint32)(~(uint32)I2C_MSTR_SCBCLK__DIVIDER_MASK);
 152:Generated_Source\PSoC4/I2C_MSTR_SCBCLK.c ****     /* combine mask and new divider val into 32-bit value */
 153:Generated_Source\PSoC4/I2C_MSTR_SCBCLK.c ****     regVal = clkDivider | maskVal;
 154:Generated_Source\PSoC4/I2C_MSTR_SCBCLK.c ****     
 155:Generated_Source\PSoC4/I2C_MSTR_SCBCLK.c **** #endif /* I2C_MSTR_SCBCLK__FRAC_MASK || CYREG_PERI_DIV_CMD */
 156:Generated_Source\PSoC4/I2C_MSTR_SCBCLK.c **** 
 157:Generated_Source\PSoC4/I2C_MSTR_SCBCLK.c ****     I2C_MSTR_SCBCLK_DIV_REG = regVal;
 158:Generated_Source\PSoC4/I2C_MSTR_SCBCLK.c **** }
 396              		.loc 1 158 0
 397              		@ sp needed
 142:Generated_Source\PSoC4/I2C_MSTR_SCBCLK.c ****                     (uint32)(~(uint32)(I2C_MSTR_SCBCLK_DIV_INT_MASK | I2C_MSTR_SCBCLK_DIV_FRAC_MASK
 398              		.loc 1 142 0
 399 0012 2568     		ldr	r5, [r4]
 400              	.LVL5:
 145:Generated_Source\PSoC4/I2C_MSTR_SCBCLK.c ****         ((uint32)((uint32)clkDivider <<  I2C_MSTR_SCBCLK_DIV_INT_SHIFT) & I2C_MSTR_SCBCLK_DIV_INT_M
 401              		.loc 1 145 0
 402 0014 2B40     		ands	r3, r5
 403              	.LVL6:
 404 0016 1843     		orrs	r0, r3
 405              	.LVL7:
 157:Generated_Source\PSoC4/I2C_MSTR_SCBCLK.c **** }
 406              		.loc 1 157 0
 407 0018 2060     		str	r0, [r4]
 408              		.loc 1 158 0
 409 001a 30BD     		pop	{r4, r5, pc}
 410              	.L14:
 411              		.align	2
 412              	.L13:
 413 001c 04020140 		.word	1073807876
 414              		.cfi_endproc
 415              	.LFE2:
 416              		.size	I2C_MSTR_SCBCLK_SetFractionalDividerRegister, .-I2C_MSTR_SCBCLK_SetFractionalDividerRegister
 417              		.section	.text.I2C_MSTR_SCBCLK_GetDividerRegister,"ax",%progbits
 418              		.align	1
ARM GAS  e:\temp\ccVUwCLv.s 			page 25


 419              		.global	I2C_MSTR_SCBCLK_GetDividerRegister
 420              		.code	16
 421              		.thumb_func
 422              		.type	I2C_MSTR_SCBCLK_GetDividerRegister, %function
 423              	I2C_MSTR_SCBCLK_GetDividerRegister:
 424              	.LFB3:
 159:Generated_Source\PSoC4/I2C_MSTR_SCBCLK.c **** 
 160:Generated_Source\PSoC4/I2C_MSTR_SCBCLK.c **** 
 161:Generated_Source\PSoC4/I2C_MSTR_SCBCLK.c **** /*******************************************************************************
 162:Generated_Source\PSoC4/I2C_MSTR_SCBCLK.c **** * Function Name: I2C_MSTR_SCBCLK_GetDividerRegister
 163:Generated_Source\PSoC4/I2C_MSTR_SCBCLK.c **** ********************************************************************************
 164:Generated_Source\PSoC4/I2C_MSTR_SCBCLK.c **** *
 165:Generated_Source\PSoC4/I2C_MSTR_SCBCLK.c **** * Summary:
 166:Generated_Source\PSoC4/I2C_MSTR_SCBCLK.c **** *  Gets the clock divider register value.
 167:Generated_Source\PSoC4/I2C_MSTR_SCBCLK.c **** *
 168:Generated_Source\PSoC4/I2C_MSTR_SCBCLK.c **** * Parameters:
 169:Generated_Source\PSoC4/I2C_MSTR_SCBCLK.c **** *  None
 170:Generated_Source\PSoC4/I2C_MSTR_SCBCLK.c **** *
 171:Generated_Source\PSoC4/I2C_MSTR_SCBCLK.c **** * Returns:
 172:Generated_Source\PSoC4/I2C_MSTR_SCBCLK.c **** *  Divide value of the clock minus 1. For example, if the clock is set to
 173:Generated_Source\PSoC4/I2C_MSTR_SCBCLK.c **** *  divide by 2, the return value will be 1.
 174:Generated_Source\PSoC4/I2C_MSTR_SCBCLK.c **** *
 175:Generated_Source\PSoC4/I2C_MSTR_SCBCLK.c **** *******************************************************************************/
 176:Generated_Source\PSoC4/I2C_MSTR_SCBCLK.c **** uint16 I2C_MSTR_SCBCLK_GetDividerRegister(void)
 177:Generated_Source\PSoC4/I2C_MSTR_SCBCLK.c **** {
 425              		.loc 1 177 0
 426              		.cfi_startproc
 427              		@ args = 0, pretend = 0, frame = 0
 428              		@ frame_needed = 0, uses_anonymous_args = 0
 429              		@ link register save eliminated.
 178:Generated_Source\PSoC4/I2C_MSTR_SCBCLK.c ****     return (uint16)((I2C_MSTR_SCBCLK_DIV_REG & I2C_MSTR_SCBCLK_DIV_INT_MASK)
 430              		.loc 1 178 0
 431 0000 024B     		ldr	r3, .L16
 179:Generated_Source\PSoC4/I2C_MSTR_SCBCLK.c ****         >> I2C_MSTR_SCBCLK_DIV_INT_SHIFT);
 180:Generated_Source\PSoC4/I2C_MSTR_SCBCLK.c **** }
 432              		.loc 1 180 0
 433              		@ sp needed
 178:Generated_Source\PSoC4/I2C_MSTR_SCBCLK.c ****     return (uint16)((I2C_MSTR_SCBCLK_DIV_REG & I2C_MSTR_SCBCLK_DIV_INT_MASK)
 434              		.loc 1 178 0
 435 0002 1868     		ldr	r0, [r3]
 436 0004 000A     		lsrs	r0, r0, #8
 437 0006 80B2     		uxth	r0, r0
 438              		.loc 1 180 0
 439 0008 7047     		bx	lr
 440              	.L17:
 441 000a C046     		.align	2
 442              	.L16:
 443 000c 04020140 		.word	1073807876
 444              		.cfi_endproc
 445              	.LFE3:
 446              		.size	I2C_MSTR_SCBCLK_GetDividerRegister, .-I2C_MSTR_SCBCLK_GetDividerRegister
 447              		.section	.text.I2C_MSTR_SCBCLK_GetFractionalDividerRegister,"ax",%progbits
 448              		.align	1
 449              		.global	I2C_MSTR_SCBCLK_GetFractionalDividerRegister
 450              		.code	16
 451              		.thumb_func
 452              		.type	I2C_MSTR_SCBCLK_GetFractionalDividerRegister, %function
ARM GAS  e:\temp\ccVUwCLv.s 			page 26


 453              	I2C_MSTR_SCBCLK_GetFractionalDividerRegister:
 454              	.LFB4:
 181:Generated_Source\PSoC4/I2C_MSTR_SCBCLK.c **** 
 182:Generated_Source\PSoC4/I2C_MSTR_SCBCLK.c **** 
 183:Generated_Source\PSoC4/I2C_MSTR_SCBCLK.c **** /*******************************************************************************
 184:Generated_Source\PSoC4/I2C_MSTR_SCBCLK.c **** * Function Name: I2C_MSTR_SCBCLK_GetFractionalDividerRegister
 185:Generated_Source\PSoC4/I2C_MSTR_SCBCLK.c **** ********************************************************************************
 186:Generated_Source\PSoC4/I2C_MSTR_SCBCLK.c **** *
 187:Generated_Source\PSoC4/I2C_MSTR_SCBCLK.c **** * Summary:
 188:Generated_Source\PSoC4/I2C_MSTR_SCBCLK.c **** *  Gets the clock fractional divider register value.
 189:Generated_Source\PSoC4/I2C_MSTR_SCBCLK.c **** *
 190:Generated_Source\PSoC4/I2C_MSTR_SCBCLK.c **** * Parameters:
 191:Generated_Source\PSoC4/I2C_MSTR_SCBCLK.c **** *  None
 192:Generated_Source\PSoC4/I2C_MSTR_SCBCLK.c **** *
 193:Generated_Source\PSoC4/I2C_MSTR_SCBCLK.c **** * Returns:
 194:Generated_Source\PSoC4/I2C_MSTR_SCBCLK.c **** *  Fractional Divide value of the clock
 195:Generated_Source\PSoC4/I2C_MSTR_SCBCLK.c **** *  0 if the fractional divider is not in use.
 196:Generated_Source\PSoC4/I2C_MSTR_SCBCLK.c **** *
 197:Generated_Source\PSoC4/I2C_MSTR_SCBCLK.c **** *******************************************************************************/
 198:Generated_Source\PSoC4/I2C_MSTR_SCBCLK.c **** uint8 I2C_MSTR_SCBCLK_GetFractionalDividerRegister(void)
 199:Generated_Source\PSoC4/I2C_MSTR_SCBCLK.c **** {
 455              		.loc 1 199 0
 456              		.cfi_startproc
 457              		@ args = 0, pretend = 0, frame = 0
 458              		@ frame_needed = 0, uses_anonymous_args = 0
 459              		@ link register save eliminated.
 200:Generated_Source\PSoC4/I2C_MSTR_SCBCLK.c **** #if defined (I2C_MSTR_SCBCLK__FRAC_MASK)
 201:Generated_Source\PSoC4/I2C_MSTR_SCBCLK.c ****     /* return fractional divider bits */
 202:Generated_Source\PSoC4/I2C_MSTR_SCBCLK.c ****     return (uint8)((I2C_MSTR_SCBCLK_DIV_REG & I2C_MSTR_SCBCLK_DIV_FRAC_MASK)
 203:Generated_Source\PSoC4/I2C_MSTR_SCBCLK.c ****         >> I2C_MSTR_SCBCLK_DIV_FRAC_SHIFT);
 204:Generated_Source\PSoC4/I2C_MSTR_SCBCLK.c **** #else
 205:Generated_Source\PSoC4/I2C_MSTR_SCBCLK.c ****     return 0u;
 206:Generated_Source\PSoC4/I2C_MSTR_SCBCLK.c **** #endif /* I2C_MSTR_SCBCLK__FRAC_MASK */
 207:Generated_Source\PSoC4/I2C_MSTR_SCBCLK.c **** }
 460              		.loc 1 207 0
 461 0000 0020     		movs	r0, #0
 462              		@ sp needed
 463 0002 7047     		bx	lr
 464              		.cfi_endproc
 465              	.LFE4:
 466              		.size	I2C_MSTR_SCBCLK_GetFractionalDividerRegister, .-I2C_MSTR_SCBCLK_GetFractionalDividerRegister
 467              		.text
 468              	.Letext0:
 469              		.file 2 "Generated_Source\\PSoC4/cytypes.h"
 470              		.section	.debug_info,"",%progbits
 471              	.Ldebug_info0:
 472 0000 62010000 		.4byte	0x162
 473 0004 0400     		.2byte	0x4
 474 0006 00000000 		.4byte	.Ldebug_abbrev0
 475 000a 04       		.byte	0x4
 476 000b 01       		.uleb128 0x1
 477 000c 2F010000 		.4byte	.LASF25
 478 0010 0C       		.byte	0xc
 479 0011 23000000 		.4byte	.LASF26
 480 0015 73020000 		.4byte	.LASF27
 481 0019 00000000 		.4byte	.Ldebug_ranges0+0
 482 001d 00000000 		.4byte	0
ARM GAS  e:\temp\ccVUwCLv.s 			page 27


 483 0021 00000000 		.4byte	.Ldebug_line0
 484 0025 02       		.uleb128 0x2
 485 0026 01       		.byte	0x1
 486 0027 06       		.byte	0x6
 487 0028 67020000 		.4byte	.LASF0
 488 002c 02       		.uleb128 0x2
 489 002d 01       		.byte	0x1
 490 002e 08       		.byte	0x8
 491 002f 6A000000 		.4byte	.LASF1
 492 0033 02       		.uleb128 0x2
 493 0034 02       		.byte	0x2
 494 0035 05       		.byte	0x5
 495 0036 21020000 		.4byte	.LASF2
 496 003a 02       		.uleb128 0x2
 497 003b 02       		.byte	0x2
 498 003c 07       		.byte	0x7
 499 003d 8A000000 		.4byte	.LASF3
 500 0041 02       		.uleb128 0x2
 501 0042 04       		.byte	0x4
 502 0043 05       		.byte	0x5
 503 0044 5E020000 		.4byte	.LASF4
 504 0048 02       		.uleb128 0x2
 505 0049 04       		.byte	0x4
 506 004a 07       		.byte	0x7
 507 004b 78000000 		.4byte	.LASF5
 508 004f 02       		.uleb128 0x2
 509 0050 08       		.byte	0x8
 510 0051 05       		.byte	0x5
 511 0052 EB010000 		.4byte	.LASF6
 512 0056 02       		.uleb128 0x2
 513 0057 08       		.byte	0x8
 514 0058 07       		.byte	0x7
 515 0059 18010000 		.4byte	.LASF7
 516 005d 03       		.uleb128 0x3
 517 005e 04       		.byte	0x4
 518 005f 05       		.byte	0x5
 519 0060 696E7400 		.ascii	"int\000"
 520 0064 02       		.uleb128 0x2
 521 0065 04       		.byte	0x4
 522 0066 07       		.byte	0x7
 523 0067 0B010000 		.4byte	.LASF8
 524 006b 04       		.uleb128 0x4
 525 006c 58020000 		.4byte	.LASF9
 526 0070 02       		.byte	0x2
 527 0071 E401     		.2byte	0x1e4
 528 0073 2C000000 		.4byte	0x2c
 529 0077 04       		.uleb128 0x4
 530 0078 D0000000 		.4byte	.LASF10
 531 007c 02       		.byte	0x2
 532 007d E501     		.2byte	0x1e5
 533 007f 3A000000 		.4byte	0x3a
 534 0083 04       		.uleb128 0x4
 535 0084 04010000 		.4byte	.LASF11
 536 0088 02       		.byte	0x2
 537 0089 E601     		.2byte	0x1e6
 538 008b 48000000 		.4byte	0x48
 539 008f 02       		.uleb128 0x2
ARM GAS  e:\temp\ccVUwCLv.s 			page 28


 540 0090 04       		.byte	0x4
 541 0091 04       		.byte	0x4
 542 0092 64000000 		.4byte	.LASF12
 543 0096 02       		.uleb128 0x2
 544 0097 08       		.byte	0x8
 545 0098 04       		.byte	0x4
 546 0099 A8000000 		.4byte	.LASF13
 547 009d 02       		.uleb128 0x2
 548 009e 01       		.byte	0x1
 549 009f 08       		.byte	0x8
 550 00a0 F9010000 		.4byte	.LASF14
 551 00a4 04       		.uleb128 0x4
 552 00a5 00000000 		.4byte	.LASF15
 553 00a9 02       		.byte	0x2
 554 00aa 9002     		.2byte	0x290
 555 00ac B0000000 		.4byte	0xb0
 556 00b0 05       		.uleb128 0x5
 557 00b1 83000000 		.4byte	0x83
 558 00b5 06       		.uleb128 0x6
 559 00b6 4C000000 		.4byte	.LASF16
 560 00ba 01       		.byte	0x1
 561 00bb 27       		.byte	0x27
 562 00bc 00000000 		.4byte	.LFB0
 563 00c0 1C000000 		.4byte	.LFE0-.LFB0
 564 00c4 01       		.uleb128 0x1
 565 00c5 9C       		.byte	0x9c
 566 00c6 DA000000 		.4byte	0xda
 567 00ca 07       		.uleb128 0x7
 568 00cb B6000000 		.4byte	.LASF18
 569 00cf 01       		.byte	0x1
 570 00d0 27       		.byte	0x27
 571 00d1 83000000 		.4byte	0x83
 572 00d5 00000000 		.4byte	.LLST0
 573 00d9 00       		.byte	0
 574 00da 08       		.uleb128 0x8
 575 00db 06000000 		.4byte	.LASF28
 576 00df 01       		.byte	0x1
 577 00e0 5F       		.byte	0x5f
 578 00e1 00000000 		.4byte	.LFB1
 579 00e5 18000000 		.4byte	.LFE1-.LFB1
 580 00e9 01       		.uleb128 0x1
 581 00ea 9C       		.byte	0x9c
 582 00eb 06       		.uleb128 0x6
 583 00ec 2B020000 		.4byte	.LASF17
 584 00f0 01       		.byte	0x1
 585 00f1 86       		.byte	0x86
 586 00f2 00000000 		.4byte	.LFB2
 587 00f6 20000000 		.4byte	.LFE2-.LFB2
 588 00fa 01       		.uleb128 0x1
 589 00fb 9C       		.byte	0x9c
 590 00fc 3B010000 		.4byte	0x13b
 591 0100 07       		.uleb128 0x7
 592 0101 9D000000 		.4byte	.LASF19
 593 0105 01       		.byte	0x1
 594 0106 86       		.byte	0x86
 595 0107 77000000 		.4byte	0x77
 596 010b 21000000 		.4byte	.LLST1
ARM GAS  e:\temp\ccVUwCLv.s 			page 29


 597 010f 07       		.uleb128 0x7
 598 0110 C2000000 		.4byte	.LASF20
 599 0114 01       		.byte	0x1
 600 0115 86       		.byte	0x86
 601 0116 6B000000 		.4byte	0x6b
 602 011a 42000000 		.4byte	.LLST2
 603 011e 09       		.uleb128 0x9
 604 011f 1B000000 		.4byte	.LASF21
 605 0123 01       		.byte	0x1
 606 0124 88       		.byte	0x88
 607 0125 83000000 		.4byte	0x83
 608 0129 63000000 		.4byte	.LLST3
 609 012d 0A       		.uleb128 0xa
 610 012e AF000000 		.4byte	.LASF22
 611 0132 01       		.byte	0x1
 612 0133 89       		.byte	0x89
 613 0134 83000000 		.4byte	0x83
 614 0138 01       		.uleb128 0x1
 615 0139 50       		.byte	0x50
 616 013a 00       		.byte	0
 617 013b 0B       		.uleb128 0xb
 618 013c FE010000 		.4byte	.LASF23
 619 0140 01       		.byte	0x1
 620 0141 B0       		.byte	0xb0
 621 0142 77000000 		.4byte	0x77
 622 0146 00000000 		.4byte	.LFB3
 623 014a 10000000 		.4byte	.LFE3-.LFB3
 624 014e 01       		.uleb128 0x1
 625 014f 9C       		.byte	0x9c
 626 0150 0B       		.uleb128 0xb
 627 0151 D7000000 		.4byte	.LASF24
 628 0155 01       		.byte	0x1
 629 0156 C6       		.byte	0xc6
 630 0157 6B000000 		.4byte	0x6b
 631 015b 00000000 		.4byte	.LFB4
 632 015f 04000000 		.4byte	.LFE4-.LFB4
 633 0163 01       		.uleb128 0x1
 634 0164 9C       		.byte	0x9c
 635 0165 00       		.byte	0
 636              		.section	.debug_abbrev,"",%progbits
 637              	.Ldebug_abbrev0:
 638 0000 01       		.uleb128 0x1
 639 0001 11       		.uleb128 0x11
 640 0002 01       		.byte	0x1
 641 0003 25       		.uleb128 0x25
 642 0004 0E       		.uleb128 0xe
 643 0005 13       		.uleb128 0x13
 644 0006 0B       		.uleb128 0xb
 645 0007 03       		.uleb128 0x3
 646 0008 0E       		.uleb128 0xe
 647 0009 1B       		.uleb128 0x1b
 648 000a 0E       		.uleb128 0xe
 649 000b 55       		.uleb128 0x55
 650 000c 17       		.uleb128 0x17
 651 000d 11       		.uleb128 0x11
 652 000e 01       		.uleb128 0x1
 653 000f 10       		.uleb128 0x10
ARM GAS  e:\temp\ccVUwCLv.s 			page 30


 654 0010 17       		.uleb128 0x17
 655 0011 00       		.byte	0
 656 0012 00       		.byte	0
 657 0013 02       		.uleb128 0x2
 658 0014 24       		.uleb128 0x24
 659 0015 00       		.byte	0
 660 0016 0B       		.uleb128 0xb
 661 0017 0B       		.uleb128 0xb
 662 0018 3E       		.uleb128 0x3e
 663 0019 0B       		.uleb128 0xb
 664 001a 03       		.uleb128 0x3
 665 001b 0E       		.uleb128 0xe
 666 001c 00       		.byte	0
 667 001d 00       		.byte	0
 668 001e 03       		.uleb128 0x3
 669 001f 24       		.uleb128 0x24
 670 0020 00       		.byte	0
 671 0021 0B       		.uleb128 0xb
 672 0022 0B       		.uleb128 0xb
 673 0023 3E       		.uleb128 0x3e
 674 0024 0B       		.uleb128 0xb
 675 0025 03       		.uleb128 0x3
 676 0026 08       		.uleb128 0x8
 677 0027 00       		.byte	0
 678 0028 00       		.byte	0
 679 0029 04       		.uleb128 0x4
 680 002a 16       		.uleb128 0x16
 681 002b 00       		.byte	0
 682 002c 03       		.uleb128 0x3
 683 002d 0E       		.uleb128 0xe
 684 002e 3A       		.uleb128 0x3a
 685 002f 0B       		.uleb128 0xb
 686 0030 3B       		.uleb128 0x3b
 687 0031 05       		.uleb128 0x5
 688 0032 49       		.uleb128 0x49
 689 0033 13       		.uleb128 0x13
 690 0034 00       		.byte	0
 691 0035 00       		.byte	0
 692 0036 05       		.uleb128 0x5
 693 0037 35       		.uleb128 0x35
 694 0038 00       		.byte	0
 695 0039 49       		.uleb128 0x49
 696 003a 13       		.uleb128 0x13
 697 003b 00       		.byte	0
 698 003c 00       		.byte	0
 699 003d 06       		.uleb128 0x6
 700 003e 2E       		.uleb128 0x2e
 701 003f 01       		.byte	0x1
 702 0040 3F       		.uleb128 0x3f
 703 0041 19       		.uleb128 0x19
 704 0042 03       		.uleb128 0x3
 705 0043 0E       		.uleb128 0xe
 706 0044 3A       		.uleb128 0x3a
 707 0045 0B       		.uleb128 0xb
 708 0046 3B       		.uleb128 0x3b
 709 0047 0B       		.uleb128 0xb
 710 0048 27       		.uleb128 0x27
ARM GAS  e:\temp\ccVUwCLv.s 			page 31


 711 0049 19       		.uleb128 0x19
 712 004a 11       		.uleb128 0x11
 713 004b 01       		.uleb128 0x1
 714 004c 12       		.uleb128 0x12
 715 004d 06       		.uleb128 0x6
 716 004e 40       		.uleb128 0x40
 717 004f 18       		.uleb128 0x18
 718 0050 9742     		.uleb128 0x2117
 719 0052 19       		.uleb128 0x19
 720 0053 01       		.uleb128 0x1
 721 0054 13       		.uleb128 0x13
 722 0055 00       		.byte	0
 723 0056 00       		.byte	0
 724 0057 07       		.uleb128 0x7
 725 0058 05       		.uleb128 0x5
 726 0059 00       		.byte	0
 727 005a 03       		.uleb128 0x3
 728 005b 0E       		.uleb128 0xe
 729 005c 3A       		.uleb128 0x3a
 730 005d 0B       		.uleb128 0xb
 731 005e 3B       		.uleb128 0x3b
 732 005f 0B       		.uleb128 0xb
 733 0060 49       		.uleb128 0x49
 734 0061 13       		.uleb128 0x13
 735 0062 02       		.uleb128 0x2
 736 0063 17       		.uleb128 0x17
 737 0064 00       		.byte	0
 738 0065 00       		.byte	0
 739 0066 08       		.uleb128 0x8
 740 0067 2E       		.uleb128 0x2e
 741 0068 00       		.byte	0
 742 0069 3F       		.uleb128 0x3f
 743 006a 19       		.uleb128 0x19
 744 006b 03       		.uleb128 0x3
 745 006c 0E       		.uleb128 0xe
 746 006d 3A       		.uleb128 0x3a
 747 006e 0B       		.uleb128 0xb
 748 006f 3B       		.uleb128 0x3b
 749 0070 0B       		.uleb128 0xb
 750 0071 27       		.uleb128 0x27
 751 0072 19       		.uleb128 0x19
 752 0073 11       		.uleb128 0x11
 753 0074 01       		.uleb128 0x1
 754 0075 12       		.uleb128 0x12
 755 0076 06       		.uleb128 0x6
 756 0077 40       		.uleb128 0x40
 757 0078 18       		.uleb128 0x18
 758 0079 9742     		.uleb128 0x2117
 759 007b 19       		.uleb128 0x19
 760 007c 00       		.byte	0
 761 007d 00       		.byte	0
 762 007e 09       		.uleb128 0x9
 763 007f 34       		.uleb128 0x34
 764 0080 00       		.byte	0
 765 0081 03       		.uleb128 0x3
 766 0082 0E       		.uleb128 0xe
 767 0083 3A       		.uleb128 0x3a
ARM GAS  e:\temp\ccVUwCLv.s 			page 32


 768 0084 0B       		.uleb128 0xb
 769 0085 3B       		.uleb128 0x3b
 770 0086 0B       		.uleb128 0xb
 771 0087 49       		.uleb128 0x49
 772 0088 13       		.uleb128 0x13
 773 0089 02       		.uleb128 0x2
 774 008a 17       		.uleb128 0x17
 775 008b 00       		.byte	0
 776 008c 00       		.byte	0
 777 008d 0A       		.uleb128 0xa
 778 008e 34       		.uleb128 0x34
 779 008f 00       		.byte	0
 780 0090 03       		.uleb128 0x3
 781 0091 0E       		.uleb128 0xe
 782 0092 3A       		.uleb128 0x3a
 783 0093 0B       		.uleb128 0xb
 784 0094 3B       		.uleb128 0x3b
 785 0095 0B       		.uleb128 0xb
 786 0096 49       		.uleb128 0x49
 787 0097 13       		.uleb128 0x13
 788 0098 02       		.uleb128 0x2
 789 0099 18       		.uleb128 0x18
 790 009a 00       		.byte	0
 791 009b 00       		.byte	0
 792 009c 0B       		.uleb128 0xb
 793 009d 2E       		.uleb128 0x2e
 794 009e 00       		.byte	0
 795 009f 3F       		.uleb128 0x3f
 796 00a0 19       		.uleb128 0x19
 797 00a1 03       		.uleb128 0x3
 798 00a2 0E       		.uleb128 0xe
 799 00a3 3A       		.uleb128 0x3a
 800 00a4 0B       		.uleb128 0xb
 801 00a5 3B       		.uleb128 0x3b
 802 00a6 0B       		.uleb128 0xb
 803 00a7 27       		.uleb128 0x27
 804 00a8 19       		.uleb128 0x19
 805 00a9 49       		.uleb128 0x49
 806 00aa 13       		.uleb128 0x13
 807 00ab 11       		.uleb128 0x11
 808 00ac 01       		.uleb128 0x1
 809 00ad 12       		.uleb128 0x12
 810 00ae 06       		.uleb128 0x6
 811 00af 40       		.uleb128 0x40
 812 00b0 18       		.uleb128 0x18
 813 00b1 9742     		.uleb128 0x2117
 814 00b3 19       		.uleb128 0x19
 815 00b4 00       		.byte	0
 816 00b5 00       		.byte	0
 817 00b6 00       		.byte	0
 818              		.section	.debug_loc,"",%progbits
 819              	.Ldebug_loc0:
 820              	.LLST0:
 821 0000 00000000 		.4byte	.LVL0
 822 0004 0C000000 		.4byte	.LVL1
 823 0008 0100     		.2byte	0x1
 824 000a 50       		.byte	0x50
ARM GAS  e:\temp\ccVUwCLv.s 			page 33


 825 000b 0C000000 		.4byte	.LVL1
 826 000f 1C000000 		.4byte	.LFE0
 827 0013 0400     		.2byte	0x4
 828 0015 F3       		.byte	0xf3
 829 0016 01       		.uleb128 0x1
 830 0017 50       		.byte	0x50
 831 0018 9F       		.byte	0x9f
 832 0019 00000000 		.4byte	0
 833 001d 00000000 		.4byte	0
 834              	.LLST1:
 835 0021 00000000 		.4byte	.LVL2
 836 0025 0E000000 		.4byte	.LVL4
 837 0029 0100     		.2byte	0x1
 838 002b 50       		.byte	0x50
 839 002c 0E000000 		.4byte	.LVL4
 840 0030 20000000 		.4byte	.LFE2
 841 0034 0400     		.2byte	0x4
 842 0036 F3       		.byte	0xf3
 843 0037 01       		.uleb128 0x1
 844 0038 50       		.byte	0x50
 845 0039 9F       		.byte	0x9f
 846 003a 00000000 		.4byte	0
 847 003e 00000000 		.4byte	0
 848              	.LLST2:
 849 0042 00000000 		.4byte	.LVL2
 850 0046 04000000 		.4byte	.LVL3
 851 004a 0100     		.2byte	0x1
 852 004c 51       		.byte	0x51
 853 004d 04000000 		.4byte	.LVL3
 854 0051 20000000 		.4byte	.LFE2
 855 0055 0400     		.2byte	0x4
 856 0057 F3       		.byte	0xf3
 857 0058 01       		.uleb128 0x1
 858 0059 51       		.byte	0x51
 859 005a 9F       		.byte	0x9f
 860 005b 00000000 		.4byte	0
 861 005f 00000000 		.4byte	0
 862              	.LLST3:
 863 0063 14000000 		.4byte	.LVL5
 864 0067 16000000 		.4byte	.LVL6
 865 006b 0500     		.2byte	0x5
 866 006d 75       		.byte	0x75
 867 006e 00       		.sleb128 0
 868 006f 37       		.byte	0x37
 869 0070 1A       		.byte	0x1a
 870 0071 9F       		.byte	0x9f
 871 0072 16000000 		.4byte	.LVL6
 872 0076 20000000 		.4byte	.LFE2
 873 007a 0100     		.2byte	0x1
 874 007c 53       		.byte	0x53
 875 007d 00000000 		.4byte	0
 876 0081 00000000 		.4byte	0
 877              		.section	.debug_aranges,"",%progbits
 878 0000 3C000000 		.4byte	0x3c
 879 0004 0200     		.2byte	0x2
 880 0006 00000000 		.4byte	.Ldebug_info0
 881 000a 04       		.byte	0x4
ARM GAS  e:\temp\ccVUwCLv.s 			page 34


 882 000b 00       		.byte	0
 883 000c 0000     		.2byte	0
 884 000e 0000     		.2byte	0
 885 0010 00000000 		.4byte	.LFB0
 886 0014 1C000000 		.4byte	.LFE0-.LFB0
 887 0018 00000000 		.4byte	.LFB1
 888 001c 18000000 		.4byte	.LFE1-.LFB1
 889 0020 00000000 		.4byte	.LFB2
 890 0024 20000000 		.4byte	.LFE2-.LFB2
 891 0028 00000000 		.4byte	.LFB3
 892 002c 10000000 		.4byte	.LFE3-.LFB3
 893 0030 00000000 		.4byte	.LFB4
 894 0034 04000000 		.4byte	.LFE4-.LFB4
 895 0038 00000000 		.4byte	0
 896 003c 00000000 		.4byte	0
 897              		.section	.debug_ranges,"",%progbits
 898              	.Ldebug_ranges0:
 899 0000 00000000 		.4byte	.LFB0
 900 0004 1C000000 		.4byte	.LFE0
 901 0008 00000000 		.4byte	.LFB1
 902 000c 18000000 		.4byte	.LFE1
 903 0010 00000000 		.4byte	.LFB2
 904 0014 20000000 		.4byte	.LFE2
 905 0018 00000000 		.4byte	.LFB3
 906 001c 10000000 		.4byte	.LFE3
 907 0020 00000000 		.4byte	.LFB4
 908 0024 04000000 		.4byte	.LFE4
 909 0028 00000000 		.4byte	0
 910 002c 00000000 		.4byte	0
 911              		.section	.debug_line,"",%progbits
 912              	.Ldebug_line0:
 913 0000 D7000000 		.section	.debug_str,"MS",%progbits,1
 913      02004C00 
 913      00000201 
 913      FB0E0D00 
 913      01010101 
 914              	.LASF15:
 915 0000 72656733 		.ascii	"reg32\000"
 915      3200
 916              	.LASF28:
 917 0006 4932435F 		.ascii	"I2C_MSTR_SCBCLK_Stop\000"
 917      4D535452 
 917      5F534342 
 917      434C4B5F 
 917      53746F70 
 918              	.LASF21:
 919 001b 6D61736B 		.ascii	"maskVal\000"
 919      56616C00 
 920              	.LASF26:
 921 0023 47656E65 		.ascii	"Generated_Source\\PSoC4\\I2C_MSTR_SCBCLK.c\000"
 921      72617465 
 921      645F536F 
 921      75726365 
 921      5C50536F 
 922              	.LASF16:
 923 004c 4932435F 		.ascii	"I2C_MSTR_SCBCLK_StartEx\000"
 923      4D535452 
ARM GAS  e:\temp\ccVUwCLv.s 			page 35


 923      5F534342 
 923      434C4B5F 
 923      53746172 
 924              	.LASF12:
 925 0064 666C6F61 		.ascii	"float\000"
 925      7400
 926              	.LASF1:
 927 006a 756E7369 		.ascii	"unsigned char\000"
 927      676E6564 
 927      20636861 
 927      7200
 928              	.LASF5:
 929 0078 6C6F6E67 		.ascii	"long unsigned int\000"
 929      20756E73 
 929      69676E65 
 929      6420696E 
 929      7400
 930              	.LASF3:
 931 008a 73686F72 		.ascii	"short unsigned int\000"
 931      7420756E 
 931      7369676E 
 931      65642069 
 931      6E7400
 932              	.LASF19:
 933 009d 636C6B44 		.ascii	"clkDivider\000"
 933      69766964 
 933      657200
 934              	.LASF13:
 935 00a8 646F7562 		.ascii	"double\000"
 935      6C6500
 936              	.LASF22:
 937 00af 72656756 		.ascii	"regVal\000"
 937      616C00
 938              	.LASF18:
 939 00b6 616C6967 		.ascii	"alignClkDiv\000"
 939      6E436C6B 
 939      44697600 
 940              	.LASF20:
 941 00c2 636C6B46 		.ascii	"clkFractional\000"
 941      72616374 
 941      696F6E61 
 941      6C00
 942              	.LASF10:
 943 00d0 75696E74 		.ascii	"uint16\000"
 943      313600
 944              	.LASF24:
 945 00d7 4932435F 		.ascii	"I2C_MSTR_SCBCLK_GetFractionalDividerRegister\000"
 945      4D535452 
 945      5F534342 
 945      434C4B5F 
 945      47657446 
 946              	.LASF11:
 947 0104 75696E74 		.ascii	"uint32\000"
 947      333200
 948              	.LASF8:
 949 010b 756E7369 		.ascii	"unsigned int\000"
 949      676E6564 
ARM GAS  e:\temp\ccVUwCLv.s 			page 36


 949      20696E74 
 949      00
 950              	.LASF7:
 951 0118 6C6F6E67 		.ascii	"long long unsigned int\000"
 951      206C6F6E 
 951      6720756E 
 951      7369676E 
 951      65642069 
 952              	.LASF25:
 953 012f 474E5520 		.ascii	"GNU C11 5.4.1 20160609 (release) [ARM/embedded-5-br"
 953      43313120 
 953      352E342E 
 953      31203230 
 953      31363036 
 954 0162 616E6368 		.ascii	"anch revision 237715] -mcpu=cortex-m0 -mthumb -g -O"
 954      20726576 
 954      6973696F 
 954      6E203233 
 954      37373135 
 955 0195 73202D66 		.ascii	"s -ffunction-sections -ffat-lto-objects -finline-fu"
 955      66756E63 
 955      74696F6E 
 955      2D736563 
 955      74696F6E 
 956 01c8 6E637469 		.ascii	"nctions -flto -fno-strict-aliasing\000"
 956      6F6E7320 
 956      2D666C74 
 956      6F202D66 
 956      6E6F2D73 
 957              	.LASF6:
 958 01eb 6C6F6E67 		.ascii	"long long int\000"
 958      206C6F6E 
 958      6720696E 
 958      7400
 959              	.LASF14:
 960 01f9 63686172 		.ascii	"char\000"
 960      00
 961              	.LASF23:
 962 01fe 4932435F 		.ascii	"I2C_MSTR_SCBCLK_GetDividerRegister\000"
 962      4D535452 
 962      5F534342 
 962      434C4B5F 
 962      47657444 
 963              	.LASF2:
 964 0221 73686F72 		.ascii	"short int\000"
 964      7420696E 
 964      7400
 965              	.LASF17:
 966 022b 4932435F 		.ascii	"I2C_MSTR_SCBCLK_SetFractionalDividerRegister\000"
 966      4D535452 
 966      5F534342 
 966      434C4B5F 
 966      53657446 
 967              	.LASF9:
 968 0258 75696E74 		.ascii	"uint8\000"
 968      3800
 969              	.LASF4:
ARM GAS  e:\temp\ccVUwCLv.s 			page 37


 970 025e 6C6F6E67 		.ascii	"long int\000"
 970      20696E74 
 970      00
 971              	.LASF0:
 972 0267 7369676E 		.ascii	"signed char\000"
 972      65642063 
 972      68617200 
 973              	.LASF27:
 974 0273 433A5C55 		.ascii	"C:\\Users\\Admin\\Desktop\\_FIRMWARE\\DBARLite\\CYP"
 974      73657273 
 974      5C41646D 
 974      696E5C44 
 974      65736B74 
 975 02a0 44353232 		.ascii	"D5225\\CYPD5225-96BZXI_notebook\\CYPD5225-96BZXI_no"
 975      355C4359 
 975      50443532 
 975      32352D39 
 975      36425A58 
 976 02d1 7465626F 		.ascii	"tebook.cydsn\000"
 976      6F6B2E63 
 976      7964736E 
 976      00
 977              		.comm	__gnu_lto_v1,1,1
 978              		.ident	"GCC: (GNU Tools for ARM Embedded Processors) 5.4.1 20160609 (release) [ARM/embedded-5-bran
