ARM GAS  e:\temp\ccwtf8RU.s 			page 1


   1              		.syntax unified
   2              		.cpu cortex-m0
   3              		.fpu softvfp
   4              		.eabi_attribute 20, 1
   5              		.eabi_attribute 21, 1
   6              		.eabi_attribute 23, 3
   7              		.eabi_attribute 24, 1
   8              		.eabi_attribute 25, 1
   9              		.eabi_attribute 26, 1
  10              		.eabi_attribute 30, 4
  11              		.eabi_attribute 34, 0
  12              		.eabi_attribute 18, 4
  13              		.thumb
  14              		.syntax unified
  15              		.file	"NCP81239_EN_P1.c"
  16              		.text
  17              	.Ltext0:
  18              		.section	.gnu.lto_.profile.62410124,"",%progbits
  19 0000 789C6361 		.ascii	"x\234ca`d`a`\000\222\352\212\000\000\331\000S"
  19      60646061 
  19      600092EA 
  19      8A0000D9 
  19      0053
  20              		.text
  21              		.section	.gnu.lto_.icf.62410124,"",%progbits
  22 0000 789C6361 		.ascii	"x\234ca`d\000\0015\006\004`cX\362}\302S^\306\275\375"
  22      60640001 
  22      35060460 
  22      6358F27D 
  22      C2535EC6 
  23 0016 C757F333 		.ascii	"\307W\3633\365\337\2730\203\231\371\370\351\346K\234"
  23      F5DFBB30 
  23      8399F9F8 
  23      E9E64B9C 
  24 0026 2C0FEF7D 		.ascii	",\017\357}=\301\302\372\360\336\243\037L\014\000j\243"
  24      3DC1C2FA 
  24      F0DEA31F 
  24      4C0C006A 
  24      A3
  25 0037 130E     		.ascii	"\023\016"
  26              		.text
  27              		.section	.gnu.lto_.jmpfuncs.62410124,"",%progbits
  28 0000 789C45C9 		.ascii	"x\234E\311\261\001\000 \010\300\260\026\320+\374\225"
  28      B1010020 
  28      08C0B016 
  28      D02BFC95 
  29 0010 D795C90C 		.ascii	"\327\225\311\014]Z\3108|\033\265\235\004$Thv\257\367"
  29      5D5AC838 
  29      7C1BB59D 
  29      04245468 
  29      76AFF7
  30 0023 2E215502 		.ascii	".!U\002@"
  30      40
  31              		.text
  32              		.section	.gnu.lto_.inline.62410124,"",%progbits
  33 0000 789C658D 		.ascii	"x\234e\215\311\015\2000\014\004\327\216\343\030\011"
  33      C90D8030 
ARM GAS  e:\temp\ccwtf8RU.s 			page 2


  33      0C04D78E 
  33      E31809
  34 000f 093A4807 		.ascii	"\011:H\007\224@\245<R\012%P\012%`\203\004B\231\307>"
  34      9440A53C 
  34      520A2550 
  34      0A256083 
  34      044299C7 
  35 0024 767C0808 		.ascii	"v|\010\010\301\206\017\005\254\020\301\\%\333Wh\253"
  35      C1860F05 
  35      AC10C15C 
  35      25DB5768 
  35      AB
  36 0035 0C3E2609 		.ascii	"\014>&\011K\030\254\223\322\352-\031\232\011\254\347"
  36      4B18AC93 
  36      D2EA2D19 
  36      9A09ACE7 
  37 0045 F2F44EEA 		.ascii	"\362\364N\352+\211\023\214\331OP\204\374\237x\2141\226"
  37      2B89138C 
  37      D94F5084 
  37      FC9F788C 
  37      3196
  38 0057 51D4375F 		.ascii	"Q\3247_\031\\\353\300\017\342"
  38      195CEBC0 
  38      0FE2
  39              		.text
  40              		.section	.gnu.lto_.pureconst.62410124,"",%progbits
  41 0000 789C6361 		.ascii	"x\234ca`d\340e```c\220b\224b\222b\226b\221b\225\002"
  41      6064E065 
  41      60606063 
  41      90629462 
  41      92629662 
  42 0018 00059500 		.ascii	"\000\005\225\000\304"
  42      C4
  43              		.text
  44              		.section	.gnu.lto_NCP81239_EN_P1_SetDriveMode.62410124,"",%progbits
  45 0000 789C7D51 		.ascii	"x\234}Q;H$A\024|\325=;\243\210\232\012\267\301e*\202"
  45      3B482441 
  45      147CD53D 
  45      3BA3889A 
  45      0AB7C165 
  46 0016 DF0BCE58 		.ascii	"\337\013\316X\0163Y4\365XD'\324\005\321\330\336\035"
  46      0E335934 
  46      F5584427 
  46      D405D1D8 
  46      DE1D
  47 0028 87930B0E 		.ascii	"\207\223\013\016A\024\014\304h\361ww\236,(\032-+\212"
  47      41140CC4 
  47      68F17777 
  47      9E2C281A 
  47      2D2B8A
  48 003b D10A2286 		.ascii	"\321\012\"\206\"\012\003j\262\376@D\035\337\233\335"
  48      220A036A 
  48      B2FE4044 
  48      1DDF9BDD 
  49 004b F81AFABD 		.ascii	"\370\032\372\275\327EUQ\335m\021H\326>\2676\356\237"
  49      D7455551 
  49      DD6D1148 
ARM GAS  e:\temp\ccwtf8RU.s 			page 3


  49      D63EB736 
  49      EE9F
  50 005d 784313D4 		.ascii	"xC\023\324l\221(]\245\000\031L\025hJa\012O\352M\241"
  50      6C91285D 
  50      A500194C 
  50      15684A61 
  50      0A4FEA4D 
  51 0072 F023D855 		.ascii	"\360#\330U\315+\206\327\205\037$\322\306o\3605Q\250"
  51      CD2B86D7 
  51      851F24D2 
  51      C66FF035 
  51      51A8
  52 0084 2227C20A 		.ascii	"\"'\302\012\232\231\365\220\313\316\325\350\026\020"
  52      9A99F590 
  52      CBCED5E8 
  52      1610
  53 0092 CF77C5D2 		.ascii	"\317w\305\322y]c\326\230\2141\273\337\215\3665\260\012"
  53      795D63D6 
  53      988C31BB 
  53      DF8DF635 
  53      B00A
  54 00a4 CD0A74C5 		.ascii	"\315\012t\305\321\036'\006\010kh\024\362\345\326\373"
  54      D11E2706 
  54      086B6814 
  54      F2E5D6FB 
  55 00b4 7CAD3D2D 		.ascii	"|\255=-\366\237\313\246X\207-17\373\363&\014=\223\317"
  55      F69FCBA6 
  55      58872D31 
  55      37FBF326 
  55      0C3D93CF 
  56 00c8 D907DB76 		.ascii	"\331\007\333v\265b\231\322R,\2108&\243-\305\221BT\342"
  56      B56299D2 
  56      522C8838 
  56      26A32DC5 
  56      914254E2 
  57 00dc 2DF1EF94 		.ascii	"-\361\357\224\222\256\003\024^~\236-\332\342\347i\271"
  57      92AE0314 
  57      5E7E9E2D 
  57      DAE2E769 
  57      B9
  58 00ed CA825F38 		.ascii	"\312\202_8v\036\225\257u\2243\367\353\344\275\246|\234"
  58      761E95AF 
  58      759433F7 
  58      EBE4BDA6 
  58      7C9C
  59 00ff C9CC1A8B 		.ascii	"\311\314\032\213\241\333l\361\310Y\306Rz\032\276\266"
  59      A1DB6CF1 
  59      C859C652 
  59      7A1ABEB6 
  60 010f F01B716C 		.ascii	"\360\033ql \316\231\376`\031\024\300{\255\330\351\262"
  60      20CE99FE 
  60      601914C0 
  60      7BADD8E9 
  60      B2
  61 0120 E3E9FDF5 		.ascii	"\343\351\375\365\226\022\013\205\360*\014\353\361\227"
  61      96120B85 
  61      F02A0CEB 
ARM GAS  e:\temp\ccwtf8RU.s 			page 4


  61      F197
  62 012e D90132F7 		.ascii	"\331\0012\367N\231\026\363\264%\262RE&\020\3136\266"
  62      4E9916F3 
  62      B425B252 
  62      452610CB 
  62      36B6
  63 0140 B37B1059 		.ascii	"\263{\020Y\014\325\330\214$\336s\205\342D\3466C\205"
  63      0CD5D88C 
  63      24DE7385 
  63      E244E636 
  63      4385
  64 0152 0508F4BF 		.ascii	"\005\010\364\277X\3778\026K\350\006\231\374\316\241"
  64      58FF3816 
  64      4BE80699 
  64      FCCEA1
  65 0161 127AF42B 		.ascii	"\022z\364+%\005y\003~\221\246^w\314\035\037\232pG\222"
  65      25057903 
  65      7E91A65E 
  65      77CC1D1F 
  65      9A704792 
  66 0175 03A9C9F1 		.ascii	"\003\251\311\361aw01\220\352\3712\330\327\223\370\332"
  66      61773031 
  66      90EAF932 
  66      D8D793F8 
  66      DA
  67 0186 D1D9D59D 		.ascii	"\321\331\325\235\374\326\227Lt\264\016\2235\232\032"
  67      FCD6974C 
  67      74B40E93 
  67      359A1A
  68 0195 713F0033 		.ascii	"q?\0003\342\240\207"
  68      E2A087
  69              		.text
  70              		.section	.gnu.lto_NCP81239_EN_P1_Write.62410124,"",%progbits
  71 0000 789C5551 		.ascii	"x\234UQMHTQ\030\375\316\275\363~d\222\226-\232\205\033"
  71      4D485451 
  71      18FDCEBD 
  71      F37E6492 
  71      962D9A85 
  72 0015 3109C2C9 		.ascii	"1\011\302\311\210Z\213\270\223!\241\2255\014\372V\015"
  72      885A8BB8 
  72      9321A195 
  72      350CFA56 
  72      0D
  73 0026 0943BAF5 		.ascii	"\011C\272\365\316\2143\003\006bD\272j\\D\215\375\252"
  73      CE8C3303 
  73      066244BA 
  73      6A5C448D 
  73      FDAA
  74 0038 0545D4E2 		.ascii	"\005E\324\342\365\010\244\215\021E? RF#\265\232$Q\244"
  74      F508A48D 
  74      11453F20 
  74      524623B5 
  74      9A2451A4 
  75 004c 9ABEEFBD 		.ascii	"\232\276\357\275Msy\357\336\373\316;\347\334\363}7F"
  75      4D7379EF 
  75      DEFBCE3B 
  75      E7DCF37D 
ARM GAS  e:\temp\ccwtf8RU.s 			page 5


  75      3746
  76 005e 20191714 		.ascii	" \031\027\024\321I^\017\363\013MP\263kDyW\001\2621."
  76      D1495E0F 
  76      F30B4D50 
  76      B36B4479 
  76      5701B231 
  77 0073 68526112 		.ascii	"hRa\022;\352\217BP\251?U\3355\303\343\363\267\335\036"
  77      3BEA8F42 
  77      50A93F55 
  77      DD35C3E3 
  77      F3B7DD1E 
  78 0087 B3E8A3A4 		.ascii	"\263\350\243\244\211\232*t\"\324\320\315\254\255\347"
  78      899A2A74 
  78      22D4D0CD 
  78      ACADE7
  79 0096 9577D047 		.ascii	"\225w\320GA\274/\007;\215x\327Mc\012\306\\=gtI\003\213"
  79      41BC2F07 
  79      3B8D78D7 
  79      4D630AC6 
  79      5C3D6774 
  80 00ad D0AC406F 		.ascii	"\320\254@o\002=\011b\200p\033]B\376\036\\\316\352d\250"
  80      023D0962 
  80      80701B5D 
  80      42FE1E5C 
  80      CEEA64A8 
  81 00c1 5B7D7CA5 		.ascii	"[}|\245\211\316\033\242\363\337\256\266\317\033?\337"
  81      89CE1BA2 
  81      F3DFAEB6 
  81      CF1B3FDF 
  82 00d1 21DA3BFF 		.ascii	"!\332;\377ke0ws\345\357\265v{JRu\340.:\243<\270\007"
  82      6B653077 
  82      73E5EFB5 
  82      767B4A52 
  82      75E02E3A 
  83 00e9 9B2B8420 		.ascii	"\233+\204 Kg|\323l\026\215\377\306y\361\321\211+>Ui"
  83      4B677CD3 
  83      6C168DFF 
  83      C679F1D1 
  83      892B3E55 
  84 00fe 9E748CE4 		.ascii	"\236t\214\344\267\005I`\013\340\310\344\206h\233\260"
  84      B7054960 
  84      0BE0C8E4 
  84      86689BB0 
  85 010e 881AFC4A 		.ascii	"\210\032\374J'~*%\253\256#\330\237^\253N\210\177QKW"
  85      277E2A25 
  85      ABAE23D8 
  85      9F5EAB4E 
  85      887F514B 
  86 0123 E64AC16B 		.ascii	"\346J\301k\347\227*\351X\030\375\331\236?oE\237\246"
  86      E7972AE9 
  86      5818FDD9 
  86      9E3F6F45 
  86      9FA6
  87 0135 306B62D2 		.ascii	"0kb\322\221\255'\257\016.\340z~\212\373e\341\001\022"
  87      91AD27AF 
  87      0E2EE07A 
  87      7E8AFB65 
ARM GAS  e:\temp\ccwtf8RU.s 			page 6


  87      E10112
  88 0148 B80FCE8F 		.ascii	"\270\017\316\217%,\200\352(lW\326Ud\250\331\223\221"
  88      252C80EA 
  88      286C57D6 
  88      5564A8D9 
  88      9391
  89 015a E2EFF23A 		.ascii	"\342\357\362:\"$\306 {l|\275\365\022b\253\261\013,\263"
  89      2224C620 
  89      7B6C7CBD 
  89      F51262AB 
  89      B10B2CB3 
  90 016e 7C13A146 		.ascii	"|\023\241F\2622KD\215\362\373\352\371H\305\217%7\266"
  90      B2324B44 
  90      8DF2FBEA 
  90      F948C58F 
  90      2537B6
  91 0181 BD5C3B20 		.ascii	"\275\\; *\033\032+,j\261v\230\307\244\351\375\0173\256"
  91      2A1B1A2B 
  91      2C6AB176 
  91      98C7A4E9 
  91      FD0F33AE 
  92 0195 9000170F 		.ascii	"\220\000\027\017#\322\236\035Q\3340\200\323z\230\033"
  92      23D29E1D 
  92      51DC3080 
  92      D37A981B 
  93 01a5 65DEA8E6 		.ascii	"e\336\250\346\"R[\004\005s_\016\011\320Rq\336\230xk"
  93      22525B04 
  93      05735F0E 
  93      09D05271 
  93      DE98786B 
  94 01b9 D18FB868 		.ascii	"\321\217\270h\326\320\017\024\374O\003\"\010o\262\241"
  94      D6D00F14 
  94      FC4F0322 
  94      086FB2A1 
  95 01c9 200DE676 		.ascii	" \015\346v\037\031\360.z\271\314%o4=46\236\033\361\206"
  95      1F19F02E 
  95      7AB9CC25 
  95      6F343D34 
  95      369E1BF1 
  96 01de 5343637D 		.ascii	"SCc}'\206\007\373R\247\222\307{O\247\373\007\323\251"
  96      278607FB 
  96      52A792C7 
  96      7B4FA7FB 
  96      07D3A9
  97 01f1 E4B111B2 		.ascii	"\344\261\021\262&2\331q\317\032\315\235\315d\377\001"
  97      2632D971 
  97      CF1ACD9D 
  97      CD64FF01 
  98 0201 D491D67B 		.ascii	"\324\221\326{"
  99              		.text
 100              		.section	.gnu.lto_NCP81239_EN_P1_Read.62410124,"",%progbits
 101 0000 789C2D8F 		.ascii	"x\234-\217\277KBQ\024\307\317\367\336\347\017,\377\202"
 101      BF4B4251 
 101      14C7CFF7 
 101      DEE70F2C 
 101      FF82
 102 0012 1C1AB321 		.ascii	"\034\032\263!2\033rj\220j\023\311-\004\011{k\202\324"
ARM GAS  e:\temp\ccwtf8RU.s 			page 7


 102      321B726A 
 102      906A13C9 
 102      2D04097B 
 102      6B82D4
 103 0025 ECF33D9F 		.ascii	"\354\363=\237B4\270T\020\204S\251\375\240\242hh2\011"
 103      4234B854 
 103      108453A9 
 103      FDA0A268 
 103      683209
 104 0038 1282DA9A 		.ascii	"\022\202\332\232+\302\241\251\304\010\242\262s}\035"
 104      2BC2A1A9 
 104      C408A2B2 
 104      737D1D
 105 0047 B8E7DC7B 		.ascii	"\270\347\334{\356\347~\277\347j\004R1\315e\224\353\020"
 105      EEE77EBF 
 105      E76A0452 
 105      31CD6594 
 105      EB10
 106 0059 2F488228 		.ascii	"/H\202(\337\021\345\275\002P\033\303\013\312\011\344"
 106      DF11E5BD 
 106      02501BC3 
 106      0BCA09E4 
 107 0069 F0217E04 		.ascii	"\360!~\004n?[\353\276`\3250L\343\321\336\213l\325\032"
 107      6E3F5BEB 
 107      BE60D530 
 107      4CE3D1DE 
 107      8B6CD51A 
 108 007d B025514F 		.ascii	"\260%QO\020\302\001\214\007\224D\025Ab\364\371\364w"
 108      10C2018C 
 108      07944415 
 108      4162F4F9 
 108      F477
 109 008f C3EF2E18 		.ascii	"\303\357.\030\034\303\012\340\233\032\334\312\362x\276"
 109      1CC30AE0 
 109      9B1ADCCA 
 109      F278BE
 110 009e 61F47A96 		.ascii	"a\364z\226\3218\363]]\370\270eK\366\345\244\251\344"
 110      D138F35D 
 110      5DF8B865 
 110      4BF6E5A4 
 110      A9E4
 111 00b0 22A5486F 		.ascii	"\"\245Ho\374B\371\277\013\241\252l\243\371\265\366P"
 111      FC42F9BF 
 111      0BA1AA6C 
 111      A3F9B5F6 
 111      50
 112 00c1 5F502296 		.ascii	"_P\"\226\224l\260i7\357=]aK\001\345g\226[O~\347X0\313"
 112      946CB069 
 112      37EF3D5D 
 112      614B01E5 
 112      67965B4F 
 113 00da 86C6ADD2 		.ascii	"\206\306\255\322\356\345\366@\005;\371\002O)\261\217"
 113      EEE5F640 
 113      053BF902 
 113      4F29B18F 
 114 00ea 00EAE019 		.ascii	"\000\352\340\031q\200\012\250\015\2533K\226\204#\327"
 114      71800AA8 
ARM GAS  e:\temp\ccwtf8RU.s 			page 8


 114      0DAB334B 
 114      968423D7 
 115 00fa EC9C5407 		.ascii	"\354\234T\007\325{\015\022\207\214\361\375w\261\353"
 115      D57B0D12 
 115      878CF1FD 
 115      77B1EB
 116 0109 710C35E6 		.ascii	"q\0145\346\030:\277\276)z\025\004\216\243>dvJ/p \027"
 116      183ABFBE 
 116      297A1504 
 116      8EA33E64 
 116      764A2F70 
 117 011f 73F40AF1 		.ascii	"s\364\012\361\177\242\3767\240\306\347\317\214\314\351"
 117      7FA2FE37 
 117      A0C6E7CF 
 117      8CCCE9
 118 012e CB7A7671 		.ascii	"\313zvqE_J%2\253\331\264\236\214'2\321\311d,\032\237"
 118      455F4A25 
 118      32ABD9B4 
 118      9E8C2732 
 118      D1C9642C 
 119 0144 0A4D8423 		.ascii	"\012M\204#\251\231X*\036\032K\323\037`-u5"
 119      A999582A 
 119      1E1A4BD3 
 119      1F602D75 
 119      35
 120              		.text
 121              		.section	.gnu.lto_NCP81239_EN_P1_ReadDataReg.62410124,"",%progbits
 122 0000 789C2D8F 		.ascii	"x\234-\217OKBA\024\305\357\231y\246d\321\007\310E\313"
 122      4F4B4241 
 122      14C5EF99 
 122      79A664D1 
 122      07C845CB 
 123 0014 6C11992D 		.ascii	"l\021\231-r\325B\252\235H\356B\2200\267\011RkG\237\317"
 123      72D542AA 
 123      9D48EE42 
 123      9030B709 
 123      526B479F 
 124 0029 205AB829 		.ascii	" Z\270)\027Q.\2652*\012Z\2641\011*\202\372\012\021\241"
 124      17512EB5 
 124      322A0A5A 
 124      B431092A 
 124      82FA0A11 
 125 003e D0AAC4FE 		.ascii	"\320\252\304\376\020\225\335\361ua\356\235\271\363\233"
 125      1095DDF1 
 125      7561EE9D 
 125      B9F39B
 126 004d 73EE1804 		.ascii	"s\356\030\004\3221\305e\204\353 /H\202(\334\021e\\\002"
 126      D231C565 
 126      84EB202F 
 126      488228DC 
 126      11655C02 
 127 0061 D01BE502 		.ascii	"\320\033\345\002\245\005\322x\023?\002\267\037\327\353"
 127      A505D278 
 127      133F02B7 
 127      1FD7EB
 128 0070 BDDEB252 		.ascii	"\275\336\262RY\365`\235\004\212\225\032,I\324\021\004"
 128      59F5609D 
ARM GAS  e:\temp\ccwtf8RU.s 			page 9


 128      048A951A 
 128      2C49D411 
 128      04
 129 0081 BF07631E 		.ascii	"\277\007c\036-Q\206\227\030}<\376\335\350\357\311)\216"
 129      2D518697 
 129      187D3CFE 
 129      DDE8EFC9 
 129      298E
 130 0093 210DF04D 		.ascii	"!\015\360M\005=\332\362p\256\246:\035S\325\266\334\027"
 130      053DDAF2 
 130      70AEA63A 
 130      1D53D5B6 
 130      DC17
 131 00a5 3B6E6E59 		.ascii	";nnY\222}9\031:9H+\322\013\277\320\376\257B\350*\033"
 131      927D3919 
 131      3A39482B 
 131      D20BBFD0 
 131      FEAF42E8 
 132 00bb A87FADBD 		.ascii	"\250\177\255\275W\347\265\210)%\033lZ\365{g[XR@\373"
 132      57E7B588 
 132      29251B6C 
 132      5AF57B67 
 132      5B585240 
 133 00d0 9D7FD68A 		.ascii	"\235\177\326\212\016\373\250\262\005ep\253\331<\273"
 133      0EFBA8B2 
 133      056570AB 
 133      D93CBB
 134 00df 1928613B 		.ascii	"\031(a;\223\343)%\366\340\301.xF\354\243\004j\300l\315"
 134      93E32925 
 134      F6E0C12E 
 134      7846ECA3 
 134      046AC06C 
 135 00f4 902961CB 		.ascii	"\220)a\313\325[G\345>\375\336\200D\2251\276\377\316"
 135      D55B47E5 
 135      3EFDDE80 
 135      449531BE 
 135      FFCE
 136 0106 B79DB6A1 		.ascii	"\267\235\266\241\301\034C\247\227Wy\227\206\300q\320"
 136      C11C43A7 
 136      97577997 
 136      86C071D0 
 137 0116 85B2ADD5 		.ascii	"\205\262\255\325'\330\220\2039z\206\370?Q\367\033\320"
 137      27D89083 
 137      397A86F8 
 137      3F51F71B 
 137      D0
 138 0127 E3F36786 		.ascii	"\343\363g\206g\023K\211\324\302rb1\026I\256\244\342"
 138      67134B89 
 138      D4C27262 
 138      311649AE 
 138      A4E2
 139 0139 89683892 		.ascii	"\211h8\222\014NDC\301\360\244o\334\037\210M\207ba\337"
 139      0C4E4443 
 139      C1F0A46F 
 139      DC1F884D 
 139      876261DF 
 140 014d 689CFE00 		.ascii	"h\234\376\000)\"vL"
ARM GAS  e:\temp\ccwtf8RU.s 			page 10


 140      2922764C 
 141              		.text
 142              		.section	.gnu.lto_NCP81239_EN_P1_SetInterruptMode.62410124,"",%progbits
 143 0000 789C6D91 		.ascii	"x\234m\221Mh\023A\024\307\347\315l\262\233\244I\275"
 143      4D681341 
 143      14C7E7CD 
 143      6CB29BA4 
 143      49BD
 144 0012 5B219712 		.ascii	"[!\227\022\213 D{\2607!\210\267\020\354\265\020J\033"
 144      8B20447B 
 144      B0372188 
 144      B710ECB5 
 144      104A1B
 145 0025 25071389 		.ascii	"%\007\023\211\361\334I6I\241\210\024\305\200\245\245"
 145      F1DC4936 
 145      49A18814 
 145      C580A5A5 
 146 0035 60591AAD 		.ascii	"`Y\032\255\3326\255B\353e\015z\363\203\372\201\250 "
 146      DA36AD42 
 146      EB650D7A 
 146      F383FA81 
 146      A820
 147 0047 5A3585B6 		.ascii	"Z5\205\266b\032\025El\343{;\275\024\034\330\235y?\336"
 147      621A1545 
 147      6CE37B3B 
 147      BD141CD8 
 147      9D793FDE 
 148 005b FBCFFFBD 		.ascii	"\373\317\377\275\321\0300Z\025\316\330q\334\367\343"
 148      D118305A 
 148      15CED871 
 148      DCF7E3
 149 006a 0782011F 		.ascii	"\007\202\001\037}\312X\316\340\000t\220\006\260!\016"
 149      7DCA58CE 
 149      E0007490 
 149      06B0210E 
 150 007a 43F0936F 		.ascii	"C\360\223os\250\015\327\227x\327\264\304\365\341\313"
 150      73A80DD7 
 150      9778D7B4 
 150      C4F5E1CB 
 151 008a 5A58566C 		.ascii	"ZXVl(\012\306Z\334Qb0\015]\230\365\250\365\313n\377"
 151      280AC65A 
 151      DC516230 
 151      0D5D98F5 
 151      A8F5CB6E 
 152 009f C18B0280 		.ascii	"\301\213\002\200\212\2367\036O\370(\344\260\017\303"
 152      8A9E371E 
 152      4FF828E4 
 152      B00FC3
 153 00ae B175AB1C 		.ascii	"\261u\253\034\020\207\200\341ym\361\372ko\310\2222/"
 153      108780E1 
 153      796DF1FA 
 153      6B6FC892 
 153      322F
 154 00c0 E5FD7EE9 		.ascii	"\345\375~\351*\012\0017A\240\036\334\200\016\250@\007"
 154      2A0A0137 
 154      41A01EDC 
 154      800EA840 
ARM GAS  e:\temp\ccwtf8RU.s 			page 11


 154      07
 155 00d1 43C46006 		.ascii	"C\304`\006B\230\375}\301\272\342\023\335Ne\323\264\314"
 155      4298FD7D 
 155      C1BAE213 
 155      DD4E65D3 
 155      B4CC
 156 00e3 B6DDCAED 		.ascii	"\266\335\312\355\335\312[\377\251\274\015!J_)\314\215"
 156      DDCA5BFF 
 156      A9BC0D21 
 156      4A5F29CC 
 156      8D
 157 00f4 0B6549C3 		.ascii	"\013eI\303p\353\311\330\247\200\262\024\304p\306zeq"
 157      70EBC9D8 
 157      A780B214 
 157      C470C67A 
 157      6571
 158 0106 D1E3088F 		.ascii	"\321\343\010\217\274\271\\\365wN\221\260\375\342R\340"
 158      BCB95CF5 
 158      774E91B0 
 158      FDE252E0 
 159 0116 9AB40BC1 		.ascii	"\232\264\013\301\242\320`N\211\317\242\370\035\024\247"
 159      A2D0604E 
 159      89CFA2F8 
 159      1D14A7
 160 0125 85D9ABF3 		.ascii	"\205\331\253\363;W\375\356\002\015$\010\363\320\251"
 160      3B57FDEE 
 160      020D2408 
 160      F3D0A9
 161 0134 46015570 		.ascii	"F\001Up\343p\201\310\354)[\266Z\246\264W\002\017\336"
 161      E37081C8 
 161      EC295BB6 
 161      5AA6B457 
 161      020FDE
 162 0147 06DA38DA 		.ascii	"\006\3328\332r\241\013\354H\243\243\213~nF\231:\220"
 162      72A10BEC 
 162      48A3A38B 
 162      7E6E4699 
 162      3A90
 163 0159 5B0381DB 		.ascii	"[\003\201\333C\324K?\306\032\250H/\261\3059\355\242"
 163      43D44B3F 
 163      C61AA848 
 163      2FB1C539 
 163      EDA2
 164 016b 0EB53F23 		.ascii	"\016\265?#\357\227ct\211)h\300\345b\355\231N\335\350"
 164      EF976374 
 164      892968C0 
 164      E562ED99 
 164      4EDDE8
 165 017e 4E075FBF 		.ascii	"N\007_\277-\215\373Ux1?*\251\337\352\324\306\347\366"
 165      2D8DFB55 
 165      78313F2A 
 165      A9DFEAD4 
 165      C6E7F6
 166 0191 4998C815 		.ascii	"I\230\310\025\360\275\014X\304&\026\250\011\270\013"
 166      F0BD0C58 
 166      C42616A8 
 166      09B80B
ARM GAS  e:\temp\ccwtf8RU.s 			page 12


 167 01a0 93C0EA90 		.ascii	"\223\300\352\220o\016\277t+A\315\304\261!\331)=t)\342"
 167      6F0EBF74 
 167      2B41CDC4 
 167      B121D929 
 167      3D7429E2 
 168 01b4 4288C4FC 		.ascii	"B\210\304\374[\332\004E\350^\344l\025\270\323*\232G"
 168      5BDA0445 
 168      E85EE46C 
 168      15B8D32A 
 168      9A47
 169 01c6 A872EACB 		.ascii	"\250r\352\313\315\335,\003\225L\241;\362\272B\036\244"
 169      CDDD2C03 
 169      954CA13B 
 169      F2BA421E 
 169      A4
 170 01d7 94F6BBB4 		.ascii	"\224\366\273\264\251)\342u\324<\010k\345\217\007\210"
 170      A929E275 
 170      D43C086B 
 170      E58F0788 
 171 01e7 EDB19B93 		.ascii	"\355\261\233\223\322\267\327\361=t\214el\035\362\366"
 171      D2B7D7F1 
 171      3D748C65 
 171      6C1DF2F6 
 172 01f7 BB281538 		.ascii	"\273(\0258o\321\340@\323\301Y\035<\231H%2\375\331\304"
 172      6FD1E040 
 172      D3C1591D 
 172      3C994825 
 172      32FDD9C4 
 173 020b 60BC377D 		.ascii	"`\2747}!3\220\350\213\365\246#\335}\321H\354X\370\310"
 173      213390E8 
 173      8BF5A623 
 173      DD7DD148 
 173      EC58F8C8 
 174 021f D19EF889 		.ascii	"\321\236\370\211h<\026><\300\214s\351\363\311l2\235"
 174      683C163E 
 174      3CC08C73 
 174      E9F3C96C 
 174      329D
 175 0231 D2CEA607 		.ascii	"\322\316\246\007\023z2\225\315DN\237\371\007-\200\360"
 175      137A3295 
 175      CD444E9F 
 175      F9072D80 
 175      F0
 176 0242 1F       		.ascii	"\037"
 177              		.text
 178              		.section	.gnu.lto_NCP81239_EN_P1_ClearInterrupt.62410124,"",%progbits
 179 0000 789C5590 		.ascii	"x\234U\220\317K\033A\024\307\337wf\327,\022\353\037"
 179      CF4B1B41 
 179      14C7DF77 
 179      66D72C12 
 179      EB1F
 180 0012 D01C7211 		.ascii	"\320\034r\021*\202h-T\317\"\336$4W!\004\335\223X!\306"
 180      2A82682D 
 180      54CF22DE 
 180      24345721 
 180      04DD9358 
 181 0028 AB4E12D7 		.ascii	"\253N\022\327B)\230\213\012\202\344 4\266\266j\017\275"
ARM GAS  e:\temp\ccwtf8RU.s 			page 13


 181      4229988B 
 181      0A82E420 
 181      34B6B66A 
 181      0FBD
 182 003a 54226B28 		.ascii	"T\"k(\245(\266\240\327\212\242\340\241Ph\2035\340\257"
 182      A528B6A0 
 182      D78AA2E0 
 182      A1506883 
 182      35E0AF
 183 004d F4BD6C0F 		.ascii	"\364\275l\017:\260\314\314w\337\3673\337\367,\002\311"
 183      3AB0CCCC 
 183      77DFF733 
 183      DFF72C02 
 183      C9
 184 005e 3AE4ED29 		.ascii	":\344\355)\357\017\371\203&\250\3747\242\214\243\000"
 184      EF0FF983 
 184      26A8FC37 
 184      A28CA300 
 185 006e 39180734 		.ascii	"9\030\0074\2450\205\277\352Fa\267\372\365Uck\321\230"
 185      A53085BF 
 185      EA4661B7 
 185      FAF55563 
 185      6BD198
 186 0081 AC39F6AA 		.ascii	"\2549\366\252=\013+><MTS\204\256\010:\"\202(\242\225"
 186      3D0B2B3E 
 186      3C4D5453 
 186      84AE083A 
 186      228228A2 
 187 0096 B8F474ED 		.ascii	"\270\364t\355\252\330\244\333 \347\275\327\277>\242"
 187      AAD8A4DB 
 187      20E7BDD7 
 187      BF3EA2
 188 00a5 65596C7E 		.ascii	"eYl~i6\274`\374L\224}X\201\276k%\251=\371p;\327\324"
 188      6936BC60 
 188      FC4C947D 
 188      5881BE6B 
 188      25A93DF9 
 189 00bd 306D7845 		.ascii	"0mxE\361\006-\002g\352[4pN\210\262\376\3147\265Z\316"
 189      F1062D02 
 189      67EA5B34 
 189      704E88B2 
 189      FECC37B5 
 190 00d3 F89BCDDB 		.ascii	"\370\233\315\333\373\315\216\"OsnO+\213\344\267-\367"
 190      FBCD8E22 
 190      4F736E4F 
 190      2B8BE4B7 
 190      2DF7
 191 00e5 10492EFA 		.ascii	"\020I.\372\315^\351\342\217R\262\3533\224/_^\224&\005"
 191      CD5EE9E2 
 191      8F52B2EB 
 191      33942F5F 
 191      5E942605 
 192 00f9 97D3D2D1 		.ascii	"\227\323\322\321\274W\376\036:W\236\326\365\244\307"
 192      BC57FE1E 
 192      3A579ED6 
 192      F5A4C7
 193 0108 5B9F8E9C 		.ascii	"[\237\216\234\340\232\317\346\215\305\322\217\203\352"
ARM GAS  e:\temp\ccwtf8RU.s 			page 14


 193      E09ACFE6 
 193      8DC5D28F 
 193      83EA
 194 0116 EA830296 		.ascii	"\352\203\002\2262\323\334\253\205w\210`\025\034\027"
 194      32D3DCAB 
 194      85778860 
 194      151C17
 195 0125 EF51009D 		.ascii	"\357Q\000\235![yq\255\002\240f&+\271\353\231\317\010"
 195      215B7971 
 195      AD02A066 
 195      262BB9EB 
 195      99CF08
 196 0138 148B4566 		.ascii	"\024\213Ef,n\236\357\330\202Up\260\306\356\023\324-"
 196      2C6E9EEF 
 196      D8825570 
 196      B0C6EE13 
 196      D42D
 197 014a 92978B02 		.ascii	"\222\227\213\002\312m)\025\230\354@*\317\327!\367\""
 197      CA6D2915 
 197      98EC402A 
 197      CFD721F7 
 197      22
 198 015b 648CB1EF 		.ascii	"d\214\261\357\247X\347\024l\221g+3_\266\272\003D\210"
 198      A758E714 
 198      6C91672B 
 198      335FB6BA 
 198      034488
 199 016e 116C2C57 		.ascii	"\021l,W6\212ay\327\206\306\006\327\377\304\377\250!"
 199      368A6179 
 199      D786C606 
 199      D7FFC4FF 
 199      A821
 200 0180 AA8F0732 		.ascii	"\252\217\0072\026\036\322\243~\367\271\233J\246\335"
 200      161ED2A3 
 200      7EF7B99B 
 200      4AA6DD
 201 018f E1447C6C 		.ascii	"\341D|l\"5\344\016\306\342c\275O\006\007zc\335\235\217"
 201      2235E40E 
 201      C6E263BD 
 201      4F06077A 
 201      63DD9D8F 
 202 01a3 BB7A127D 		.ascii	"\273z\022}\003\211Xg\373\020\205G\223\343#\356p<\235"
 202      03895867 
 202      FB108547 
 202      93E323EE 
 202      703C9D
 203 01b6 4C4F8CFF 		.ascii	"LO\214\377\003\247\245\256\037"
 203      03A7A5AE 
 203      1F
 204              		.text
 205              		.section	.gnu.lto_.symbol_nodes.62410124,"",%progbits
 206 0000 789C6361 		.ascii	"x\234ca`d\310`\000\002&\206z\006\206\011\347\030@\324"
 206      6064C860 
 206      00022686 
 206      7A068609 
 206      E71840D4 
 207 0014 AE0645A0 		.ascii	"\256\006E\240\000c=#\252\000S=\023\252\000s=3\252\000"
ARM GAS  e:\temp\ccwtf8RU.s 			page 15


 207      00633D23 
 207      AA00533D 
 207      13AA0073 
 207      3D33AA00 
 208 0028 4B3D0BAA 		.ascii	"K=\013\252\000k=+\212\000\003\000\305\333\026\342"
 208      006B3D2B 
 208      8A000300 
 208      C5DB16E2 
 209              		.text
 210              		.section	.gnu.lto_.refs.62410124,"",%progbits
 211 0000 789C6361 		.ascii	"x\234ca`\004B \000\000\0009\000\007"
 211      60044220 
 211      00000039 
 211      0007
 212              		.text
 213              		.section	.gnu.lto_.decls.62410124,"",%progbits
 214 0000 789C8D54 		.ascii	"x\234\215T]L\034U\024\276gfw\333\035X\333 1D\327\210"
 214      5D4C1C55 
 214      14BE6766 
 214      77DB1D58 
 214      DB203144 
 215 0016 7DD8DD27 		.ascii	"}\330\335'\"`L}iM\250\266&JI\211\365\245\206P\230\264"
 215      22604C7D 
 215      694DA8B6 
 215      264A4989 
 215      F5A58650 
 216 002c 24069A75 		.ascii	"$\006\232u1\366\355JK\305\252\001\177\013ZB)U\241\374"
 216      31F6ED4A 
 216      4BC5AA01 
 216      7F0B5A42 
 216      2955A1FC 
 217 0040 1796B24B 		.ascii	"\027\226\262Kui\345\247\245\320\262\230\032\261\326"
 217      7569E5A7 
 217      A5D0B298 
 217      1AB1D6
 218 004f 6DB362D4 		.ascii	"m\263b\324\326\006\215\261\245\212\353\271\367\316\354"
 218      D6068DB1 
 218      A58AEBB9 
 218      F7CEEC
 219 005e 0CCB12B9 		.ascii	"\014\313\022\271\331sg\356\231s\276\363\235o\316\216"
 219      D97367EE 
 219      9973BEF3 
 219      9D6FCE8E 
 220 006e 8500616B 		.ascii	"\205\000ak\321J\210\003o;\320b\270\326\240o'1\226\015"
 220      D14A8803 
 220      6F3BD062 
 220      B8D6A06F 
 220      2731960D 
 221 0082 AD0FCD8F 		.ascii	"\255\017\315\2176\210\026D\033A\033#\313W\237\026\317"
 221      36881644 
 221      1B411B23 
 221      CB579F16 
 221      CF
 222 0093 F2BBD0DC 		.ascii	"\362\273\320\334h3ha\264\355Z\014hq\211\213\341\257"
 222      68336861 
 222      B4ED5A0C 
 222      6871898B 
ARM GAS  e:\temp\ccwtf8RU.s 			page 16


 222      E1AF
 223 00a5 49C875AE 		.ascii	"I\310u\256\220\357O\222\317\270Y\377\247\356`\222\274"
 223      90EF4F92 
 223      CFB859FF 
 223      A7EE6092 
 223      BC
 224 00b6 E02AF282 		.ascii	"\340*\362\202I\362\230\006v\215o\032Z:Z\010mR\303q\231"
 224      49F29806 
 224      768D6F1A 
 224      5A3A5A08 
 224      6D52C371 
 225 00cb B0749C91 		.ascii	"\260t\234\221$8LG\333*zN\246\367\242\004\261\306\256"
 225      24384C47 
 225      DB2A7A4E 
 225      A6F7A204 
 225      B1C6AE
 226 00de 56FB5598 		.ascii	"V\373U\230\005\011\264\027J\000\304\016\334\2100~\304"
 226      0509B417 
 226      4A00C40E 
 226      DC88307E 
 226      C4
 227 00ef 1B89EF24 		.ascii	"\033\211\357$\356\212_\010\333\211\210\347>\003\214"
 227      EE8A5F08 
 227      DB8988E7 
 227      3E038C
 228 00fe FFF46B4C 		.ascii	"\377\364kL_\034\304@\007-\011\342\014D\226x.iaD\200"
 228      5F1CC440 
 228      072D09E2 
 228      0C449678 
 228      2E696144 
 229 0113 4B468209 		.ascii	"KF\202\011O\3205q\202\245=\201\336t\325\225\337\336"
 229      4FD03571 
 229      82A53D81 
 229      DE74D595 
 229      DFDE
 230 0125 5764C4C4 		.ascii	"Wd\304\304\373\310B\3533Y\035\024W\035\245\322&C\231"
 230      FBC842EB 
 230      33591D14 
 230      571DA5D2 
 230      264399
 231 0138 EEEA1FDB 		.ascii	"\356\352\037\333\326\376)\201S\201\030\260\363\255\300"
 231      D6FE2981 
 231      538118B0 
 231      F3ADC0
 232 0147 82439CD9 		.ascii	"\202C\234\331\343\206w\243\377\246\310nv/}\035m\377"
 232      E38677A3 
 232      FFA6C86E 
 232      762F7D1D 
 232      6DFF
 233 0159 C5021EE5 		.ascii	"\305\002\036\3453\006s}\250wS\200\322\365\320\005\012"
 233      3306737D 
 233      A8775380 
 233      D2F5D005 
 233      0A
 234 016a 74800C6D 		.ascii	"t\200\014m\220\305\212;\025\334k(\255\242\363\307\251"
 234      90C58A3B 
 234      15DC6B28 
ARM GAS  e:\temp\ccwtf8RU.s 			page 17


 234      ADA2F3C7 
 234      A9
 235 017b 2D8340AE 		.ascii	"-\203@\256\023\036s\022\350\004\017\303dQ\320\016N8"
 235      131E7312 
 235      E8040FC3 
 235      6451D00E 
 235      4E38
 236 018d 094E863F 		.ascii	"\011N\206?w\244\351\246\315\"a\"\303\331ma\276\321\330"
 236      77A4E9A6 
 236      CD226122 
 236      C3D96D61 
 236      BED1D8
 237 01a0 9DE17548 		.ascii	"\235\341uH!M\001\011\2173\363\223\215)xLW`=\036/}0;"
 237      214D0109 
 237      8F33F393 
 237      8D29784C 
 237      57603D1E 
 238 01b8 03191F31 		.ascii	"\003\031\0371\016\364\000\315\224`\347\003\320\213\200"
 238      0EF400CD 
 238      9460E703 
 238      D08B80
 239 01c7 3D0848E0 		.ascii	"=\010H\340\024d\340\336\015\026\321\335\275p\347\346"
 239      1464E0DE 
 239      0D16D1DD 
 239      BD70E7E6 
 240 01d7 0DC7E8B1 		.ascii	"\015\307\350\261\036z=t\350\271\346\226Ct\032\323\236"
 240      1E7A3D74 
 240      E8B9E696 
 240      43741AD3 
 240      9E
 241 01e8 E271D06A 		.ascii	"\342q\320j\260\306[v\371\034\256\242\226}\260\001S;"
 241      B0C65B76 
 241      F91CAEA2 
 241      967DB001 
 241      533B
 242 01fa 0E8F773B 		.ascii	"\016\217w;\344\327\270\012m\213\323\325v\2013\034zC"
 242      E4D7B80A 
 242      6D8BD3D5 
 242      7681331C 
 242      7A43
 243 020c 6EA0C355 		.ascii	"n\240\303U\010#q\224~\003\245\337\214\342\347(\267\375"
 243      08237194 
 243      7E03A5DF 
 243      8CE2E728 
 243      B7FD
 244 021e B52764F9 		.ascii	"\265'd\371\035\3400\215u-'S\314\324Y\317\006\367\323"
 244      1DE0308D 
 244      752D2753 
 244      CCD459CF 
 244      06F7D3
 245 0231 9CFB6E8D 		.ascii	"\234\373n\215\372\350\235\310{\026\255f\357\204Q\023"
 245      FAE89DC8 
 245      7B16AD66 
 245      EF845113 
 246 0241 A360C0A8 		.ascii	"\243`\300\2509`\2569\310k\206\242\2657\354r\263\250"
 246      3960AE39 
 246      C86B86A2 
ARM GAS  e:\temp\ccwtf8RU.s 			page 18


 246      B537EC72 
 246      B3A8
 247 0253 1919AFEB 		.ascii	"\031\031\257\353\322a\352/\246\212\3769H\300\000\011"
 247      D261EA2F 
 247      A68AFE39 
 247      48C00009 
 248 0263 9841821C 		.ascii	"\230A\202\034d\366\304?\233\3453\002\343\323{\177\317"
 248      64F6C43F 
 248      9BE53302 
 248      E3D37B7F 
 248      CF
 249 0274 CBF8065C 		.ascii	"\313\370\006\\8#1\3314$.1$\255\315c}\212\374=\017\226"
 249      382331D9 
 249      34242E31 
 249      24ADCD63 
 249      7D8AFC3D 
 250 028a 6EF78F7F 		.ascii	"n\367\217\177\353\000\305\303g\000\333T<$\336#\014\343"
 250      EB00C5C3 
 250      6700DB54 
 250      3C24DE23 
 250      0CE3
 251 029c 14B8B429 		.ascii	"\024\270\264)\370\002\235g\320\251\215\223_\214S\010"
 251      F8029D67 
 251      D0A98D93 
 251      5F8C5308 
 252 02ac 25F9D260 		.ascii	"%\371\322`\346R\204\032\365-\265\036>&\241\370\230\234"
 252      E652841A 
 252      F52DB51E 
 252      3E26A1F8 
 252      989C
 253 02be EDFC6952 		.ascii	"\355\374iR\211\373\316\002w\036\377\371\346\200c\305"
 253      89FBCE02 
 253      771EFFF9 
 253      E68063C5 
 254 02ce E9F88A2B 		.ascii	"\351\370\212+|N\237\216\246#sM)\372x\214m\217\236\242"
 254      7C4E9F8E 
 254      A623734D 
 254      29FA788C 
 254      6D8F9EA2 
 255 02e2 B41AF32C 		.ascii	"\264\032\363,,\016\206\014\022CfyF\270<\237\\\233zI"
 255      2C0E860C 
 255      12436679 
 255      46B83C9F 
 255      5C9B7A49 
 256 02f6 8E0A793A 		.ascii	"\216\012y:\026\276\271\353\320$\016\\^\372\246F\015"
 256      16BEB9EB 
 256      D0240E5C 
 256      5EFAA646 
 256      0D
 257 0307 945133CA 		.ascii	"\224Q3\312\030G\011\037\3549*\213I\267\340\361\367\251"
 257      1847091F 
 257      EC392A8B 
 257      49B7E0F1 
 257      F7A9
 258 0319 8FA3F789 		.ascii	"\217\243\367\211I\317\304\343\265\363m\355\354\251\233"
 258      49CFC4E3 
 258      B5F36DED 
ARM GAS  e:\temp\ccwtf8RU.s 			page 19


 258      ECA99B
 259 0328 C91E8BAD 		.ascii	"\311\036\213\2553\011\357\026\302OD\346\376\260\313"
 259      3309EF16 
 259      C24F44E6 
 259      FEB0CB
 260 0337 AFF3BFB8 		.ascii	"\257\363\277\2704\323p+b\323\205\257;@\323\266\0218"
 260      34D3702B 
 260      62D385AF 
 260      3B40D3B6 
 260      1138
 261 0349 8FAD8F33 		.ascii	"\217\255\2173\341\247Px\267&\374\004:/\030\302\007\204"
 261      E1A75078 
 261      B726FC04 
 261      3A2F18C2 
 261      0784
 262 035b F09328E2 		.ascii	"\360\223(\342E\203\255[\023\376\315\033\037~gUj\230"
 262      4583AD5B 
 262      13FECD1B 
 262      1F7E6755 
 262      6A98
 263 036d 9AABC1C4 		.ascii	"\232\253\301\304\214\340\017\364\250U\256\021\244\256"
 263      8CE00FF4 
 263      A855AE11 
 263      A4AE
 264 037b BC75BA5E 		.ascii	"\274u\272^\326\277\031\303\341_\267\035\244\024 \214"
 264      D6BF19C3 
 264      E15FB71D 
 264      A414208C 
 265 038b B52E1BB5 		.ascii	"\265.\033\265.\201\366\321X^c:y\215\277\356^x;5\365"
 265      2E81F6D1 
 265      585E633A 
 265      798DBFEE 
 265      5E783B35 
 266 03a0 70BC538E 		.ascii	"p\274S\216\250'\021\230\201T\3769d\327\207\362\363\012"
 266      A8271198 
 266      8154FE39 
 266      64D787F2 
 266      F30A
 267 03b2 3666E7E4 		.ascii	"6f\347\344>Y\364t~QAvQ\241\352\333\342-{U}\276\242T"
 267      3E59F474 
 267      7E514176 
 267      51A1EADB 
 267      E22D7B55 
 268 03ca 5DBB35FF 		.ascii	"]\2735\377\205\314\274\354lb\255,+\367m|t\253Z\256z"
 268      85CCBCEC 
 268      6C62AD2C 
 268      2BF76D7C 
 268      74AB5AAE 
 269 03df 8B7D6A69 		.ascii	"\213}jiQaE\245\267D\335UPX\221\367\370\256\222\375\276"
 269      516145A5 
 269      B744DD55 
 269      505891F7 
 269      F8AE92FD 
 270 03f4 FDFBD457 		.ascii	"\375\373\324W\262\366\022\317\012\021Kkd\225\220\364"
 270      B2F612CF 
 270      0A114B6B 
 270      649590F4 
ARM GAS  e:\temp\ccwtf8RU.s 			page 20


 271 0404 84AA2F7A 		.ascii	"\204\252/z\313|\352\375\011\316\035jq\351\203I|[\212"
 271      CB7CEAFD 
 271      09CE1D6A 
 271      71E98349 
 271      7C5B8A
 272 0417 7DC53BD4 		.ascii	"}\305;\324=\217,g\376l\271O\365z+\367\371\030{\033#"
 272      3D8F2C67 
 272      FE6CB94F 
 272      F57A2BF7 
 272      F9187B1B 
 273 042c 9DFDC4C3 		.ascii	"\235\375\304\303\011ay/\253\305\336x \017\312\315\261"
 273      0961792F 
 273      ABC5DE78 
 273      200FCACD 
 273      B1
 274 043d 7AD53DB9 		.ascii	"z\325=\2719\377\001\277o##"
 274      39FF01BF 
 274      6F2323
 275              		.text
 276              		.section	.gnu.lto_.symtab.62410124,"",%progbits
 277 0000 4E435038 		.ascii	"NCP81239_EN_P1_SetDriveMode\000"
 277      31323339 
 277      5F454E5F 
 277      50315F53 
 277      65744472 
 278 001c 00       		.ascii	"\000"
 279 001d 00       		.ascii	"\000"
 280 001e 00       		.ascii	"\000"
 281 001f 00000000 		.ascii	"\000\000\000\000\000\000\000\000"
 281      00000000 
 282 0027 B3000000 		.ascii	"\263\000\000\000"
 283 002b 4E435038 		.ascii	"NCP81239_EN_P1_Write\000"
 283      31323339 
 283      5F454E5F 
 283      50315F57 
 283      72697465 
 284 0040 00       		.ascii	"\000"
 285 0041 00       		.ascii	"\000"
 286 0042 00       		.ascii	"\000"
 287 0043 00000000 		.ascii	"\000\000\000\000\000\000\000\000"
 287      00000000 
 288 004b B5000000 		.ascii	"\265\000\000\000"
 289 004f 4E435038 		.ascii	"NCP81239_EN_P1_Read\000"
 289      31323339 
 289      5F454E5F 
 289      50315F52 
 289      65616400 
 290 0063 00       		.ascii	"\000"
 291 0064 00       		.ascii	"\000"
 292 0065 00       		.ascii	"\000"
 293 0066 00000000 		.ascii	"\000\000\000\000\000\000\000\000"
 293      00000000 
 294 006e B8000000 		.ascii	"\270\000\000\000"
 295 0072 4E435038 		.ascii	"NCP81239_EN_P1_ReadDataReg\000"
 295      31323339 
 295      5F454E5F 
 295      50315F52 
ARM GAS  e:\temp\ccwtf8RU.s 			page 21


 295      65616444 
 296 008d 00       		.ascii	"\000"
 297 008e 00       		.ascii	"\000"
 298 008f 00       		.ascii	"\000"
 299 0090 00000000 		.ascii	"\000\000\000\000\000\000\000\000"
 299      00000000 
 300 0098 BA000000 		.ascii	"\272\000\000\000"
 301 009c 4E435038 		.ascii	"NCP81239_EN_P1_SetInterruptMode\000"
 301      31323339 
 301      5F454E5F 
 301      50315F53 
 301      6574496E 
 302 00bc 00       		.ascii	"\000"
 303 00bd 00       		.ascii	"\000"
 304 00be 00       		.ascii	"\000"
 305 00bf 00000000 		.ascii	"\000\000\000\000\000\000\000\000"
 305      00000000 
 306 00c7 C4000000 		.ascii	"\304\000\000\000"
 307 00cb 4E435038 		.ascii	"NCP81239_EN_P1_ClearInterrupt\000"
 307      31323339 
 307      5F454E5F 
 307      50315F43 
 307      6C656172 
 308 00e9 00       		.ascii	"\000"
 309 00ea 00       		.ascii	"\000"
 310 00eb 00       		.ascii	"\000"
 311 00ec 00000000 		.ascii	"\000\000\000\000\000\000\000\000"
 311      00000000 
 312 00f4 C6000000 		.ascii	"\306\000\000\000"
 313              		.text
 314              		.section	.gnu.lto_.opts,"",%progbits
 315 0000 272D666D 		.ascii	"'-fmath-errno' '-fsigned-zeros' '-ftrapping-math' '"
 315      6174682D 
 315      6572726E 
 315      6F272027 
 315      2D667369 
 316 0033 2D666E6F 		.ascii	"-fno-trapv' '-fno-openmp' '-fno-openacc' '-mcpu=cor"
 316      2D747261 
 316      70762720 
 316      272D666E 
 316      6F2D6F70 
 317 0066 7465782D 		.ascii	"tex-m0' '-mthumb' '-g' '-Os' '-Werror' '-ffunction-"
 317      6D302720 
 317      272D6D74 
 317      68756D62 
 317      2720272D 
 318 0099 73656374 		.ascii	"sections' '-ffat-lto-objects' '-finline-functions' "
 318      696F6E73 
 318      2720272D 
 318      66666174 
 318      2D6C746F 
 319 00cc 272D666C 		.ascii	"'-flto' '-fno-strict-aliasing'\000"
 319      746F2720 
 319      272D666E 
 319      6F2D7374 
 319      72696374 
 320              		.text
ARM GAS  e:\temp\ccwtf8RU.s 			page 22


 321              		.cfi_sections	.debug_frame
 322              		.section	.text.NCP81239_EN_P1_SetDriveMode,"ax",%progbits
 323              		.align	1
 324              		.global	NCP81239_EN_P1_SetDriveMode
 325              		.code	16
 326              		.thumb_func
 327              		.type	NCP81239_EN_P1_SetDriveMode, %function
 328              	NCP81239_EN_P1_SetDriveMode:
 329              	.LFB0:
 330              		.file 1 "Generated_Source\\PSoC4\\NCP81239_EN_P1.c"
   1:Generated_Source\PSoC4/NCP81239_EN_P1.c **** /*******************************************************************************
   2:Generated_Source\PSoC4/NCP81239_EN_P1.c **** * File Name: NCP81239_EN_P1.c  
   3:Generated_Source\PSoC4/NCP81239_EN_P1.c **** * Version 2.20
   4:Generated_Source\PSoC4/NCP81239_EN_P1.c **** *
   5:Generated_Source\PSoC4/NCP81239_EN_P1.c **** * Description:
   6:Generated_Source\PSoC4/NCP81239_EN_P1.c **** *  This file contains API to enable firmware control of a Pins component.
   7:Generated_Source\PSoC4/NCP81239_EN_P1.c **** *
   8:Generated_Source\PSoC4/NCP81239_EN_P1.c **** ********************************************************************************
   9:Generated_Source\PSoC4/NCP81239_EN_P1.c **** * Copyright 2008-2015, Cypress Semiconductor Corporation.  All rights reserved.
  10:Generated_Source\PSoC4/NCP81239_EN_P1.c **** * You may use this file only in accordance with the license, terms, conditions, 
  11:Generated_Source\PSoC4/NCP81239_EN_P1.c **** * disclaimers, and limitations in the end user license agreement accompanying 
  12:Generated_Source\PSoC4/NCP81239_EN_P1.c **** * the software package with which this file was provided.
  13:Generated_Source\PSoC4/NCP81239_EN_P1.c **** *******************************************************************************/
  14:Generated_Source\PSoC4/NCP81239_EN_P1.c **** 
  15:Generated_Source\PSoC4/NCP81239_EN_P1.c **** #include "cytypes.h"
  16:Generated_Source\PSoC4/NCP81239_EN_P1.c **** #include "NCP81239_EN_P1.h"
  17:Generated_Source\PSoC4/NCP81239_EN_P1.c **** 
  18:Generated_Source\PSoC4/NCP81239_EN_P1.c **** 
  19:Generated_Source\PSoC4/NCP81239_EN_P1.c **** #if defined(NCP81239_EN_P1__PC)
  20:Generated_Source\PSoC4/NCP81239_EN_P1.c ****     #define NCP81239_EN_P1_SetP4PinDriveMode(shift, mode)  \
  21:Generated_Source\PSoC4/NCP81239_EN_P1.c ****     do { \
  22:Generated_Source\PSoC4/NCP81239_EN_P1.c ****         NCP81239_EN_P1_PC =   (NCP81239_EN_P1_PC & \
  23:Generated_Source\PSoC4/NCP81239_EN_P1.c ****                                 (uint32)(~(uint32)(NCP81239_EN_P1_DRIVE_MODE_IND_MASK << \
  24:Generated_Source\PSoC4/NCP81239_EN_P1.c ****                                 (NCP81239_EN_P1_DRIVE_MODE_BITS * (shift))))) | \
  25:Generated_Source\PSoC4/NCP81239_EN_P1.c ****                                 (uint32)((uint32)(mode) << \
  26:Generated_Source\PSoC4/NCP81239_EN_P1.c ****                                 (NCP81239_EN_P1_DRIVE_MODE_BITS * (shift))); \
  27:Generated_Source\PSoC4/NCP81239_EN_P1.c ****     } while (0)
  28:Generated_Source\PSoC4/NCP81239_EN_P1.c **** #else
  29:Generated_Source\PSoC4/NCP81239_EN_P1.c ****     #if (CY_PSOC4_4200L)
  30:Generated_Source\PSoC4/NCP81239_EN_P1.c ****         #define NCP81239_EN_P1_SetP4PinDriveMode(shift, mode)  \
  31:Generated_Source\PSoC4/NCP81239_EN_P1.c ****         do { \
  32:Generated_Source\PSoC4/NCP81239_EN_P1.c ****             NCP81239_EN_P1_USBIO_CTRL_REG = (NCP81239_EN_P1_USBIO_CTRL_REG & \
  33:Generated_Source\PSoC4/NCP81239_EN_P1.c ****                                     (uint32)(~(uint32)(NCP81239_EN_P1_DRIVE_MODE_IND_MASK << \
  34:Generated_Source\PSoC4/NCP81239_EN_P1.c ****                                     (NCP81239_EN_P1_DRIVE_MODE_BITS * (shift))))) | \
  35:Generated_Source\PSoC4/NCP81239_EN_P1.c ****                                     (uint32)((uint32)(mode) << \
  36:Generated_Source\PSoC4/NCP81239_EN_P1.c ****                                     (NCP81239_EN_P1_DRIVE_MODE_BITS * (shift))); \
  37:Generated_Source\PSoC4/NCP81239_EN_P1.c ****         } while (0)
  38:Generated_Source\PSoC4/NCP81239_EN_P1.c ****     #endif
  39:Generated_Source\PSoC4/NCP81239_EN_P1.c **** #endif
  40:Generated_Source\PSoC4/NCP81239_EN_P1.c ****   
  41:Generated_Source\PSoC4/NCP81239_EN_P1.c **** 
  42:Generated_Source\PSoC4/NCP81239_EN_P1.c **** #if defined(NCP81239_EN_P1__PC) || (CY_PSOC4_4200L) 
  43:Generated_Source\PSoC4/NCP81239_EN_P1.c ****     /*******************************************************************************
  44:Generated_Source\PSoC4/NCP81239_EN_P1.c ****     * Function Name: NCP81239_EN_P1_SetDriveMode
  45:Generated_Source\PSoC4/NCP81239_EN_P1.c ****     ****************************************************************************//**
  46:Generated_Source\PSoC4/NCP81239_EN_P1.c ****     *
  47:Generated_Source\PSoC4/NCP81239_EN_P1.c ****     * \brief Sets the drive mode for each of the Pins component's pins.
ARM GAS  e:\temp\ccwtf8RU.s 			page 23


  48:Generated_Source\PSoC4/NCP81239_EN_P1.c ****     * 
  49:Generated_Source\PSoC4/NCP81239_EN_P1.c ****     * <b>Note</b> This affects all pins in the Pins component instance. Use the
  50:Generated_Source\PSoC4/NCP81239_EN_P1.c ****     * Per-Pin APIs if you wish to control individual pin's drive modes.
  51:Generated_Source\PSoC4/NCP81239_EN_P1.c ****     *
  52:Generated_Source\PSoC4/NCP81239_EN_P1.c ****     * <b>Note</b> USBIOs have limited drive functionality. Refer to the Drive Mode
  53:Generated_Source\PSoC4/NCP81239_EN_P1.c ****     * parameter for more information.
  54:Generated_Source\PSoC4/NCP81239_EN_P1.c ****     *
  55:Generated_Source\PSoC4/NCP81239_EN_P1.c ****     * \param mode
  56:Generated_Source\PSoC4/NCP81239_EN_P1.c ****     *  Mode for the selected signals. Valid options are documented in 
  57:Generated_Source\PSoC4/NCP81239_EN_P1.c ****     *  \ref driveMode.
  58:Generated_Source\PSoC4/NCP81239_EN_P1.c ****     *
  59:Generated_Source\PSoC4/NCP81239_EN_P1.c ****     * \return
  60:Generated_Source\PSoC4/NCP81239_EN_P1.c ****     *  None
  61:Generated_Source\PSoC4/NCP81239_EN_P1.c ****     *
  62:Generated_Source\PSoC4/NCP81239_EN_P1.c ****     * \sideeffect
  63:Generated_Source\PSoC4/NCP81239_EN_P1.c ****     *  If you use read-modify-write operations that are not atomic, the ISR can
  64:Generated_Source\PSoC4/NCP81239_EN_P1.c ****     *  cause corruption of this function. An ISR that interrupts this function 
  65:Generated_Source\PSoC4/NCP81239_EN_P1.c ****     *  and performs writes to the Pins component Drive Mode registers can cause 
  66:Generated_Source\PSoC4/NCP81239_EN_P1.c ****     *  corrupted port data. To avoid this issue, you should either use the Per-Pin
  67:Generated_Source\PSoC4/NCP81239_EN_P1.c ****     *  APIs (primary method) or disable interrupts around this function.
  68:Generated_Source\PSoC4/NCP81239_EN_P1.c ****     *
  69:Generated_Source\PSoC4/NCP81239_EN_P1.c ****     * \funcusage
  70:Generated_Source\PSoC4/NCP81239_EN_P1.c ****     *  \snippet NCP81239_EN_P1_SUT.c usage_NCP81239_EN_P1_SetDriveMode
  71:Generated_Source\PSoC4/NCP81239_EN_P1.c ****     *******************************************************************************/
  72:Generated_Source\PSoC4/NCP81239_EN_P1.c ****     void NCP81239_EN_P1_SetDriveMode(uint8 mode)
  73:Generated_Source\PSoC4/NCP81239_EN_P1.c ****     {
 331              		.loc 1 73 0
 332              		.cfi_startproc
 333              		@ args = 0, pretend = 0, frame = 0
 334              		@ frame_needed = 0, uses_anonymous_args = 0
 335              		@ link register save eliminated.
 336              	.LVL0:
  74:Generated_Source\PSoC4/NCP81239_EN_P1.c **** 		NCP81239_EN_P1_SetP4PinDriveMode(NCP81239_EN_P1__0__SHIFT, mode);
 337              		.loc 1 74 0
 338 0000 034A     		ldr	r2, .L2
 339 0002 044B     		ldr	r3, .L2+4
 340 0004 1168     		ldr	r1, [r2]
 341 0006 4002     		lsls	r0, r0, #9
 342              	.LVL1:
 343 0008 0B40     		ands	r3, r1
 344 000a 1843     		orrs	r0, r3
 345 000c 1060     		str	r0, [r2]
  75:Generated_Source\PSoC4/NCP81239_EN_P1.c ****     }
 346              		.loc 1 75 0
 347              		@ sp needed
 348 000e 7047     		bx	lr
 349              	.L3:
 350              		.align	2
 351              	.L2:
 352 0010 08010440 		.word	1074004232
 353 0014 FFF1FFFF 		.word	-3585
 354              		.cfi_endproc
 355              	.LFE0:
 356              		.size	NCP81239_EN_P1_SetDriveMode, .-NCP81239_EN_P1_SetDriveMode
 357              		.section	.text.NCP81239_EN_P1_Write,"ax",%progbits
 358              		.align	1
 359              		.global	NCP81239_EN_P1_Write
ARM GAS  e:\temp\ccwtf8RU.s 			page 24


 360              		.code	16
 361              		.thumb_func
 362              		.type	NCP81239_EN_P1_Write, %function
 363              	NCP81239_EN_P1_Write:
 364              	.LFB1:
  76:Generated_Source\PSoC4/NCP81239_EN_P1.c **** #endif
  77:Generated_Source\PSoC4/NCP81239_EN_P1.c **** 
  78:Generated_Source\PSoC4/NCP81239_EN_P1.c **** 
  79:Generated_Source\PSoC4/NCP81239_EN_P1.c **** /*******************************************************************************
  80:Generated_Source\PSoC4/NCP81239_EN_P1.c **** * Function Name: NCP81239_EN_P1_Write
  81:Generated_Source\PSoC4/NCP81239_EN_P1.c **** ****************************************************************************//**
  82:Generated_Source\PSoC4/NCP81239_EN_P1.c **** *
  83:Generated_Source\PSoC4/NCP81239_EN_P1.c **** * \brief Writes the value to the physical port (data output register), masking
  84:Generated_Source\PSoC4/NCP81239_EN_P1.c **** *  and shifting the bits appropriately. 
  85:Generated_Source\PSoC4/NCP81239_EN_P1.c **** *
  86:Generated_Source\PSoC4/NCP81239_EN_P1.c **** * The data output register controls the signal applied to the physical pin in 
  87:Generated_Source\PSoC4/NCP81239_EN_P1.c **** * conjunction with the drive mode parameter. This function avoids changing 
  88:Generated_Source\PSoC4/NCP81239_EN_P1.c **** * other bits in the port by using the appropriate method (read-modify-write or
  89:Generated_Source\PSoC4/NCP81239_EN_P1.c **** * bit banding).
  90:Generated_Source\PSoC4/NCP81239_EN_P1.c **** *
  91:Generated_Source\PSoC4/NCP81239_EN_P1.c **** * <b>Note</b> This function should not be used on a hardware digital output pin 
  92:Generated_Source\PSoC4/NCP81239_EN_P1.c **** * as it is driven by the hardware signal attached to it.
  93:Generated_Source\PSoC4/NCP81239_EN_P1.c **** *
  94:Generated_Source\PSoC4/NCP81239_EN_P1.c **** * \param value
  95:Generated_Source\PSoC4/NCP81239_EN_P1.c **** *  Value to write to the component instance.
  96:Generated_Source\PSoC4/NCP81239_EN_P1.c **** *
  97:Generated_Source\PSoC4/NCP81239_EN_P1.c **** * \return 
  98:Generated_Source\PSoC4/NCP81239_EN_P1.c **** *  None 
  99:Generated_Source\PSoC4/NCP81239_EN_P1.c **** *
 100:Generated_Source\PSoC4/NCP81239_EN_P1.c **** * \sideeffect
 101:Generated_Source\PSoC4/NCP81239_EN_P1.c **** *  If you use read-modify-write operations that are not atomic; the Interrupt 
 102:Generated_Source\PSoC4/NCP81239_EN_P1.c **** *  Service Routines (ISR) can cause corruption of this function. An ISR that 
 103:Generated_Source\PSoC4/NCP81239_EN_P1.c **** *  interrupts this function and performs writes to the Pins component data 
 104:Generated_Source\PSoC4/NCP81239_EN_P1.c **** *  register can cause corrupted port data. To avoid this issue, you should 
 105:Generated_Source\PSoC4/NCP81239_EN_P1.c **** *  either use the Per-Pin APIs (primary method) or disable interrupts around 
 106:Generated_Source\PSoC4/NCP81239_EN_P1.c **** *  this function.
 107:Generated_Source\PSoC4/NCP81239_EN_P1.c **** *
 108:Generated_Source\PSoC4/NCP81239_EN_P1.c **** * \funcusage
 109:Generated_Source\PSoC4/NCP81239_EN_P1.c **** *  \snippet NCP81239_EN_P1_SUT.c usage_NCP81239_EN_P1_Write
 110:Generated_Source\PSoC4/NCP81239_EN_P1.c **** *******************************************************************************/
 111:Generated_Source\PSoC4/NCP81239_EN_P1.c **** void NCP81239_EN_P1_Write(uint8 value)
 112:Generated_Source\PSoC4/NCP81239_EN_P1.c **** {
 365              		.loc 1 112 0
 366              		.cfi_startproc
 367              		@ args = 0, pretend = 0, frame = 0
 368              		@ frame_needed = 0, uses_anonymous_args = 0
 369              		@ link register save eliminated.
 370              	.LVL2:
 113:Generated_Source\PSoC4/NCP81239_EN_P1.c ****     uint8 drVal = (uint8)(NCP81239_EN_P1_DR & (uint8)(~NCP81239_EN_P1_MASK));
 371              		.loc 1 113 0
 372 0000 0823     		movs	r3, #8
 373 0002 0449     		ldr	r1, .L5
 114:Generated_Source\PSoC4/NCP81239_EN_P1.c ****     drVal = (drVal | ((uint8)(value << NCP81239_EN_P1_SHIFT) & NCP81239_EN_P1_MASK));
 115:Generated_Source\PSoC4/NCP81239_EN_P1.c ****     NCP81239_EN_P1_DR = (uint32)drVal;
 374              		.loc 1 115 0
 375 0004 C000     		lsls	r0, r0, #3
 376              	.LVL3:
ARM GAS  e:\temp\ccwtf8RU.s 			page 25


 113:Generated_Source\PSoC4/NCP81239_EN_P1.c ****     uint8 drVal = (uint8)(NCP81239_EN_P1_DR & (uint8)(~NCP81239_EN_P1_MASK));
 377              		.loc 1 113 0
 378 0006 0A68     		ldr	r2, [r1]
 116:Generated_Source\PSoC4/NCP81239_EN_P1.c **** }
 379              		.loc 1 116 0
 380              		@ sp needed
 113:Generated_Source\PSoC4/NCP81239_EN_P1.c ****     uint8 drVal = (uint8)(NCP81239_EN_P1_DR & (uint8)(~NCP81239_EN_P1_MASK));
 381              		.loc 1 113 0
 382 0008 9A43     		bics	r2, r3
 383 000a D2B2     		uxtb	r2, r2
 115:Generated_Source\PSoC4/NCP81239_EN_P1.c **** }
 384              		.loc 1 115 0
 385 000c 0340     		ands	r3, r0
 386 000e 1343     		orrs	r3, r2
 387 0010 0B60     		str	r3, [r1]
 388              		.loc 1 116 0
 389 0012 7047     		bx	lr
 390              	.L6:
 391              		.align	2
 392              	.L5:
 393 0014 00010440 		.word	1074004224
 394              		.cfi_endproc
 395              	.LFE1:
 396              		.size	NCP81239_EN_P1_Write, .-NCP81239_EN_P1_Write
 397              		.section	.text.NCP81239_EN_P1_Read,"ax",%progbits
 398              		.align	1
 399              		.global	NCP81239_EN_P1_Read
 400              		.code	16
 401              		.thumb_func
 402              		.type	NCP81239_EN_P1_Read, %function
 403              	NCP81239_EN_P1_Read:
 404              	.LFB2:
 117:Generated_Source\PSoC4/NCP81239_EN_P1.c **** 
 118:Generated_Source\PSoC4/NCP81239_EN_P1.c **** 
 119:Generated_Source\PSoC4/NCP81239_EN_P1.c **** /*******************************************************************************
 120:Generated_Source\PSoC4/NCP81239_EN_P1.c **** * Function Name: NCP81239_EN_P1_Read
 121:Generated_Source\PSoC4/NCP81239_EN_P1.c **** ****************************************************************************//**
 122:Generated_Source\PSoC4/NCP81239_EN_P1.c **** *
 123:Generated_Source\PSoC4/NCP81239_EN_P1.c **** * \brief Reads the associated physical port (pin status register) and masks 
 124:Generated_Source\PSoC4/NCP81239_EN_P1.c **** *  the required bits according to the width and bit position of the component
 125:Generated_Source\PSoC4/NCP81239_EN_P1.c **** *  instance. 
 126:Generated_Source\PSoC4/NCP81239_EN_P1.c **** *
 127:Generated_Source\PSoC4/NCP81239_EN_P1.c **** * The pin's status register returns the current logic level present on the 
 128:Generated_Source\PSoC4/NCP81239_EN_P1.c **** * physical pin.
 129:Generated_Source\PSoC4/NCP81239_EN_P1.c **** *
 130:Generated_Source\PSoC4/NCP81239_EN_P1.c **** * \return 
 131:Generated_Source\PSoC4/NCP81239_EN_P1.c **** *  The current value for the pins in the component as a right justified number.
 132:Generated_Source\PSoC4/NCP81239_EN_P1.c **** *
 133:Generated_Source\PSoC4/NCP81239_EN_P1.c **** * \funcusage
 134:Generated_Source\PSoC4/NCP81239_EN_P1.c **** *  \snippet NCP81239_EN_P1_SUT.c usage_NCP81239_EN_P1_Read  
 135:Generated_Source\PSoC4/NCP81239_EN_P1.c **** *******************************************************************************/
 136:Generated_Source\PSoC4/NCP81239_EN_P1.c **** uint8 NCP81239_EN_P1_Read(void)
 137:Generated_Source\PSoC4/NCP81239_EN_P1.c **** {
 405              		.loc 1 137 0
 406              		.cfi_startproc
 407              		@ args = 0, pretend = 0, frame = 0
 408              		@ frame_needed = 0, uses_anonymous_args = 0
ARM GAS  e:\temp\ccwtf8RU.s 			page 26


 409              		@ link register save eliminated.
 138:Generated_Source\PSoC4/NCP81239_EN_P1.c ****     return (uint8)((NCP81239_EN_P1_PS & NCP81239_EN_P1_MASK) >> NCP81239_EN_P1_SHIFT);
 410              		.loc 1 138 0
 411 0000 024B     		ldr	r3, .L8
 139:Generated_Source\PSoC4/NCP81239_EN_P1.c **** }
 412              		.loc 1 139 0
 413              		@ sp needed
 138:Generated_Source\PSoC4/NCP81239_EN_P1.c ****     return (uint8)((NCP81239_EN_P1_PS & NCP81239_EN_P1_MASK) >> NCP81239_EN_P1_SHIFT);
 414              		.loc 1 138 0
 415 0002 1868     		ldr	r0, [r3]
 416 0004 0007     		lsls	r0, r0, #28
 417 0006 C00F     		lsrs	r0, r0, #31
 418              		.loc 1 139 0
 419 0008 7047     		bx	lr
 420              	.L9:
 421 000a C046     		.align	2
 422              	.L8:
 423 000c 04010440 		.word	1074004228
 424              		.cfi_endproc
 425              	.LFE2:
 426              		.size	NCP81239_EN_P1_Read, .-NCP81239_EN_P1_Read
 427              		.section	.text.NCP81239_EN_P1_ReadDataReg,"ax",%progbits
 428              		.align	1
 429              		.global	NCP81239_EN_P1_ReadDataReg
 430              		.code	16
 431              		.thumb_func
 432              		.type	NCP81239_EN_P1_ReadDataReg, %function
 433              	NCP81239_EN_P1_ReadDataReg:
 434              	.LFB3:
 140:Generated_Source\PSoC4/NCP81239_EN_P1.c **** 
 141:Generated_Source\PSoC4/NCP81239_EN_P1.c **** 
 142:Generated_Source\PSoC4/NCP81239_EN_P1.c **** /*******************************************************************************
 143:Generated_Source\PSoC4/NCP81239_EN_P1.c **** * Function Name: NCP81239_EN_P1_ReadDataReg
 144:Generated_Source\PSoC4/NCP81239_EN_P1.c **** ****************************************************************************//**
 145:Generated_Source\PSoC4/NCP81239_EN_P1.c **** *
 146:Generated_Source\PSoC4/NCP81239_EN_P1.c **** * \brief Reads the associated physical port's data output register and masks 
 147:Generated_Source\PSoC4/NCP81239_EN_P1.c **** *  the correct bits according to the width and bit position of the component 
 148:Generated_Source\PSoC4/NCP81239_EN_P1.c **** *  instance. 
 149:Generated_Source\PSoC4/NCP81239_EN_P1.c **** *
 150:Generated_Source\PSoC4/NCP81239_EN_P1.c **** * The data output register controls the signal applied to the physical pin in 
 151:Generated_Source\PSoC4/NCP81239_EN_P1.c **** * conjunction with the drive mode parameter. This is not the same as the 
 152:Generated_Source\PSoC4/NCP81239_EN_P1.c **** * preferred NCP81239_EN_P1_Read() API because the 
 153:Generated_Source\PSoC4/NCP81239_EN_P1.c **** * NCP81239_EN_P1_ReadDataReg() reads the data register instead of the status 
 154:Generated_Source\PSoC4/NCP81239_EN_P1.c **** * register. For output pins this is a useful function to determine the value 
 155:Generated_Source\PSoC4/NCP81239_EN_P1.c **** * just written to the pin.
 156:Generated_Source\PSoC4/NCP81239_EN_P1.c **** *
 157:Generated_Source\PSoC4/NCP81239_EN_P1.c **** * \return 
 158:Generated_Source\PSoC4/NCP81239_EN_P1.c **** *  The current value of the data register masked and shifted into a right 
 159:Generated_Source\PSoC4/NCP81239_EN_P1.c **** *  justified number for the component instance.
 160:Generated_Source\PSoC4/NCP81239_EN_P1.c **** *
 161:Generated_Source\PSoC4/NCP81239_EN_P1.c **** * \funcusage
 162:Generated_Source\PSoC4/NCP81239_EN_P1.c **** *  \snippet NCP81239_EN_P1_SUT.c usage_NCP81239_EN_P1_ReadDataReg 
 163:Generated_Source\PSoC4/NCP81239_EN_P1.c **** *******************************************************************************/
 164:Generated_Source\PSoC4/NCP81239_EN_P1.c **** uint8 NCP81239_EN_P1_ReadDataReg(void)
 165:Generated_Source\PSoC4/NCP81239_EN_P1.c **** {
 435              		.loc 1 165 0
 436              		.cfi_startproc
ARM GAS  e:\temp\ccwtf8RU.s 			page 27


 437              		@ args = 0, pretend = 0, frame = 0
 438              		@ frame_needed = 0, uses_anonymous_args = 0
 439              		@ link register save eliminated.
 166:Generated_Source\PSoC4/NCP81239_EN_P1.c ****     return (uint8)((NCP81239_EN_P1_DR & NCP81239_EN_P1_MASK) >> NCP81239_EN_P1_SHIFT);
 440              		.loc 1 166 0
 441 0000 024B     		ldr	r3, .L11
 167:Generated_Source\PSoC4/NCP81239_EN_P1.c **** }
 442              		.loc 1 167 0
 443              		@ sp needed
 166:Generated_Source\PSoC4/NCP81239_EN_P1.c ****     return (uint8)((NCP81239_EN_P1_DR & NCP81239_EN_P1_MASK) >> NCP81239_EN_P1_SHIFT);
 444              		.loc 1 166 0
 445 0002 1868     		ldr	r0, [r3]
 446 0004 0007     		lsls	r0, r0, #28
 447 0006 C00F     		lsrs	r0, r0, #31
 448              		.loc 1 167 0
 449 0008 7047     		bx	lr
 450              	.L12:
 451 000a C046     		.align	2
 452              	.L11:
 453 000c 00010440 		.word	1074004224
 454              		.cfi_endproc
 455              	.LFE3:
 456              		.size	NCP81239_EN_P1_ReadDataReg, .-NCP81239_EN_P1_ReadDataReg
 457              		.section	.text.NCP81239_EN_P1_SetInterruptMode,"ax",%progbits
 458              		.align	1
 459              		.global	NCP81239_EN_P1_SetInterruptMode
 460              		.code	16
 461              		.thumb_func
 462              		.type	NCP81239_EN_P1_SetInterruptMode, %function
 463              	NCP81239_EN_P1_SetInterruptMode:
 464              	.LFB4:
 168:Generated_Source\PSoC4/NCP81239_EN_P1.c **** 
 169:Generated_Source\PSoC4/NCP81239_EN_P1.c **** 
 170:Generated_Source\PSoC4/NCP81239_EN_P1.c **** /*******************************************************************************
 171:Generated_Source\PSoC4/NCP81239_EN_P1.c **** * Function Name: NCP81239_EN_P1_SetInterruptMode
 172:Generated_Source\PSoC4/NCP81239_EN_P1.c **** ****************************************************************************//**
 173:Generated_Source\PSoC4/NCP81239_EN_P1.c **** *
 174:Generated_Source\PSoC4/NCP81239_EN_P1.c **** * \brief Configures the interrupt mode for each of the Pins component's
 175:Generated_Source\PSoC4/NCP81239_EN_P1.c **** *  pins. Alternatively you may set the interrupt mode for all the pins
 176:Generated_Source\PSoC4/NCP81239_EN_P1.c **** *  specified in the Pins component.
 177:Generated_Source\PSoC4/NCP81239_EN_P1.c **** *
 178:Generated_Source\PSoC4/NCP81239_EN_P1.c **** *  <b>Note</b> The interrupt is port-wide and therefore any enabled pin
 179:Generated_Source\PSoC4/NCP81239_EN_P1.c **** *  interrupt may trigger it.
 180:Generated_Source\PSoC4/NCP81239_EN_P1.c **** *
 181:Generated_Source\PSoC4/NCP81239_EN_P1.c **** * \param position
 182:Generated_Source\PSoC4/NCP81239_EN_P1.c **** *  The pin position as listed in the Pins component. You may OR these to be 
 183:Generated_Source\PSoC4/NCP81239_EN_P1.c **** *  able to configure the interrupt mode of multiple pins within a Pins 
 184:Generated_Source\PSoC4/NCP81239_EN_P1.c **** *  component. Or you may use NCP81239_EN_P1_INTR_ALL to configure the
 185:Generated_Source\PSoC4/NCP81239_EN_P1.c **** *  interrupt mode of all the pins in the Pins component.       
 186:Generated_Source\PSoC4/NCP81239_EN_P1.c **** *  - NCP81239_EN_P1_0_INTR       (First pin in the list)
 187:Generated_Source\PSoC4/NCP81239_EN_P1.c **** *  - NCP81239_EN_P1_1_INTR       (Second pin in the list)
 188:Generated_Source\PSoC4/NCP81239_EN_P1.c **** *  - ...
 189:Generated_Source\PSoC4/NCP81239_EN_P1.c **** *  - NCP81239_EN_P1_INTR_ALL     (All pins in Pins component)
 190:Generated_Source\PSoC4/NCP81239_EN_P1.c **** *
 191:Generated_Source\PSoC4/NCP81239_EN_P1.c **** * \param mode
 192:Generated_Source\PSoC4/NCP81239_EN_P1.c **** *  Interrupt mode for the selected pins. Valid options are documented in
 193:Generated_Source\PSoC4/NCP81239_EN_P1.c **** *  \ref intrMode.
ARM GAS  e:\temp\ccwtf8RU.s 			page 28


 194:Generated_Source\PSoC4/NCP81239_EN_P1.c **** *
 195:Generated_Source\PSoC4/NCP81239_EN_P1.c **** * \return 
 196:Generated_Source\PSoC4/NCP81239_EN_P1.c **** *  None
 197:Generated_Source\PSoC4/NCP81239_EN_P1.c **** *  
 198:Generated_Source\PSoC4/NCP81239_EN_P1.c **** * \sideeffect
 199:Generated_Source\PSoC4/NCP81239_EN_P1.c **** *  It is recommended that the interrupt be disabled before calling this 
 200:Generated_Source\PSoC4/NCP81239_EN_P1.c **** *  function to avoid unintended interrupt requests. Note that the interrupt
 201:Generated_Source\PSoC4/NCP81239_EN_P1.c **** *  type is port wide, and therefore will trigger for any enabled pin on the 
 202:Generated_Source\PSoC4/NCP81239_EN_P1.c **** *  port.
 203:Generated_Source\PSoC4/NCP81239_EN_P1.c **** *
 204:Generated_Source\PSoC4/NCP81239_EN_P1.c **** * \funcusage
 205:Generated_Source\PSoC4/NCP81239_EN_P1.c **** *  \snippet NCP81239_EN_P1_SUT.c usage_NCP81239_EN_P1_SetInterruptMode
 206:Generated_Source\PSoC4/NCP81239_EN_P1.c **** *******************************************************************************/
 207:Generated_Source\PSoC4/NCP81239_EN_P1.c **** void NCP81239_EN_P1_SetInterruptMode(uint16 position, uint16 mode)
 208:Generated_Source\PSoC4/NCP81239_EN_P1.c **** {
 465              		.loc 1 208 0
 466              		.cfi_startproc
 467              		@ args = 0, pretend = 0, frame = 0
 468              		@ frame_needed = 0, uses_anonymous_args = 0
 469              		@ link register save eliminated.
 470              	.LVL4:
 209:Generated_Source\PSoC4/NCP81239_EN_P1.c ****     uint32 intrCfg;
 210:Generated_Source\PSoC4/NCP81239_EN_P1.c ****     
 211:Generated_Source\PSoC4/NCP81239_EN_P1.c ****     intrCfg =  NCP81239_EN_P1_INTCFG & (uint32)(~(uint32)position);
 471              		.loc 1 211 0
 472 0000 034A     		ldr	r2, .L14
 212:Generated_Source\PSoC4/NCP81239_EN_P1.c ****     NCP81239_EN_P1_INTCFG = intrCfg | ((uint32)position & (uint32)mode);
 213:Generated_Source\PSoC4/NCP81239_EN_P1.c **** }
 473              		.loc 1 213 0
 474              		@ sp needed
 211:Generated_Source\PSoC4/NCP81239_EN_P1.c ****     NCP81239_EN_P1_INTCFG = intrCfg | ((uint32)position & (uint32)mode);
 475              		.loc 1 211 0
 476 0002 1368     		ldr	r3, [r2]
 477              	.LVL5:
 212:Generated_Source\PSoC4/NCP81239_EN_P1.c ****     NCP81239_EN_P1_INTCFG = intrCfg | ((uint32)position & (uint32)mode);
 478              		.loc 1 212 0
 479 0004 8343     		bics	r3, r0
 480              	.LVL6:
 481 0006 0840     		ands	r0, r1
 482              	.LVL7:
 483 0008 1843     		orrs	r0, r3
 484 000a 1060     		str	r0, [r2]
 485              		.loc 1 213 0
 486 000c 7047     		bx	lr
 487              	.L15:
 488 000e C046     		.align	2
 489              	.L14:
 490 0010 0C010440 		.word	1074004236
 491              		.cfi_endproc
 492              	.LFE4:
 493              		.size	NCP81239_EN_P1_SetInterruptMode, .-NCP81239_EN_P1_SetInterruptMode
 494              		.section	.text.NCP81239_EN_P1_ClearInterrupt,"ax",%progbits
 495              		.align	1
 496              		.global	NCP81239_EN_P1_ClearInterrupt
 497              		.code	16
 498              		.thumb_func
 499              		.type	NCP81239_EN_P1_ClearInterrupt, %function
ARM GAS  e:\temp\ccwtf8RU.s 			page 29


 500              	NCP81239_EN_P1_ClearInterrupt:
 501              	.LFB5:
 214:Generated_Source\PSoC4/NCP81239_EN_P1.c **** 
 215:Generated_Source\PSoC4/NCP81239_EN_P1.c **** 
 216:Generated_Source\PSoC4/NCP81239_EN_P1.c **** /*******************************************************************************
 217:Generated_Source\PSoC4/NCP81239_EN_P1.c **** * Function Name: NCP81239_EN_P1_ClearInterrupt
 218:Generated_Source\PSoC4/NCP81239_EN_P1.c **** ****************************************************************************//**
 219:Generated_Source\PSoC4/NCP81239_EN_P1.c **** *
 220:Generated_Source\PSoC4/NCP81239_EN_P1.c **** * \brief Clears any active interrupts attached with the component and returns 
 221:Generated_Source\PSoC4/NCP81239_EN_P1.c **** *  the value of the interrupt status register allowing determination of which
 222:Generated_Source\PSoC4/NCP81239_EN_P1.c **** *  pins generated an interrupt event.
 223:Generated_Source\PSoC4/NCP81239_EN_P1.c **** *
 224:Generated_Source\PSoC4/NCP81239_EN_P1.c **** * \return 
 225:Generated_Source\PSoC4/NCP81239_EN_P1.c **** *  The right-shifted current value of the interrupt status register. Each pin 
 226:Generated_Source\PSoC4/NCP81239_EN_P1.c **** *  has one bit set if it generated an interrupt event. For example, bit 0 is 
 227:Generated_Source\PSoC4/NCP81239_EN_P1.c **** *  for pin 0 and bit 1 is for pin 1 of the Pins component.
 228:Generated_Source\PSoC4/NCP81239_EN_P1.c **** *  
 229:Generated_Source\PSoC4/NCP81239_EN_P1.c **** * \sideeffect
 230:Generated_Source\PSoC4/NCP81239_EN_P1.c **** *  Clears all bits of the physical port's interrupt status register, not just
 231:Generated_Source\PSoC4/NCP81239_EN_P1.c **** *  those associated with the Pins component.
 232:Generated_Source\PSoC4/NCP81239_EN_P1.c **** *
 233:Generated_Source\PSoC4/NCP81239_EN_P1.c **** * \funcusage
 234:Generated_Source\PSoC4/NCP81239_EN_P1.c **** *  \snippet NCP81239_EN_P1_SUT.c usage_NCP81239_EN_P1_ClearInterrupt
 235:Generated_Source\PSoC4/NCP81239_EN_P1.c **** *******************************************************************************/
 236:Generated_Source\PSoC4/NCP81239_EN_P1.c **** uint8 NCP81239_EN_P1_ClearInterrupt(void)
 237:Generated_Source\PSoC4/NCP81239_EN_P1.c **** {
 502              		.loc 1 237 0
 503              		.cfi_startproc
 504              		@ args = 0, pretend = 0, frame = 0
 505              		@ frame_needed = 0, uses_anonymous_args = 0
 506              		@ link register save eliminated.
 238:Generated_Source\PSoC4/NCP81239_EN_P1.c **** 	uint8 maskedStatus = (uint8)(NCP81239_EN_P1_INTSTAT & NCP81239_EN_P1_MASK);
 507              		.loc 1 238 0
 508 0000 0823     		movs	r3, #8
 509 0002 034A     		ldr	r2, .L17
 239:Generated_Source\PSoC4/NCP81239_EN_P1.c **** 	NCP81239_EN_P1_INTSTAT = maskedStatus;
 240:Generated_Source\PSoC4/NCP81239_EN_P1.c ****     return maskedStatus >> NCP81239_EN_P1_SHIFT;
 241:Generated_Source\PSoC4/NCP81239_EN_P1.c **** }
 510              		.loc 1 241 0
 511              		@ sp needed
 238:Generated_Source\PSoC4/NCP81239_EN_P1.c **** 	uint8 maskedStatus = (uint8)(NCP81239_EN_P1_INTSTAT & NCP81239_EN_P1_MASK);
 512              		.loc 1 238 0
 513 0004 1068     		ldr	r0, [r2]
 514 0006 1840     		ands	r0, r3
 515              	.LVL8:
 239:Generated_Source\PSoC4/NCP81239_EN_P1.c **** 	NCP81239_EN_P1_INTSTAT = maskedStatus;
 516              		.loc 1 239 0
 517 0008 1060     		str	r0, [r2]
 240:Generated_Source\PSoC4/NCP81239_EN_P1.c **** }
 518              		.loc 1 240 0
 519 000a C008     		lsrs	r0, r0, #3
 520              	.LVL9:
 521 000c C0B2     		uxtb	r0, r0
 522              		.loc 1 241 0
 523 000e 7047     		bx	lr
 524              	.L18:
 525              		.align	2
ARM GAS  e:\temp\ccwtf8RU.s 			page 30


 526              	.L17:
 527 0010 10010440 		.word	1074004240
 528              		.cfi_endproc
 529              	.LFE5:
 530              		.size	NCP81239_EN_P1_ClearInterrupt, .-NCP81239_EN_P1_ClearInterrupt
 531              		.text
 532              	.Letext0:
 533              		.file 2 "Generated_Source\\PSoC4\\cytypes.h"
 534              		.section	.debug_info,"",%progbits
 535              	.Ldebug_info0:
 536 0000 97010000 		.4byte	0x197
 537 0004 0400     		.2byte	0x4
 538 0006 00000000 		.4byte	.Ldebug_abbrev0
 539 000a 04       		.byte	0x4
 540 000b 01       		.uleb128 0x1
 541 000c 29010000 		.4byte	.LASF27
 542 0010 0C       		.byte	0xc
 543 0011 0C000000 		.4byte	.LASF28
 544 0015 2F020000 		.4byte	.LASF29
 545 0019 00000000 		.4byte	.Ldebug_ranges0+0
 546 001d 00000000 		.4byte	0
 547 0021 00000000 		.4byte	.Ldebug_line0
 548 0025 02       		.uleb128 0x2
 549 0026 01       		.byte	0x1
 550 0027 06       		.byte	0x6
 551 0028 23020000 		.4byte	.LASF0
 552 002c 02       		.uleb128 0x2
 553 002d 01       		.byte	0x1
 554 002e 08       		.byte	0x8
 555 002f 71000000 		.4byte	.LASF1
 556 0033 02       		.uleb128 0x2
 557 0034 02       		.byte	0x2
 558 0035 05       		.byte	0x5
 559 0036 0A020000 		.4byte	.LASF2
 560 003a 02       		.uleb128 0x2
 561 003b 02       		.byte	0x2
 562 003c 07       		.byte	0x7
 563 003d AC000000 		.4byte	.LASF3
 564 0041 02       		.uleb128 0x2
 565 0042 04       		.byte	0x4
 566 0043 05       		.byte	0x5
 567 0044 1A020000 		.4byte	.LASF4
 568 0048 02       		.uleb128 0x2
 569 0049 04       		.byte	0x4
 570 004a 07       		.byte	0x7
 571 004b 85000000 		.4byte	.LASF5
 572 004f 02       		.uleb128 0x2
 573 0050 08       		.byte	0x8
 574 0051 05       		.byte	0x5
 575 0052 EA010000 		.4byte	.LASF6
 576 0056 02       		.uleb128 0x2
 577 0057 08       		.byte	0x8
 578 0058 07       		.byte	0x7
 579 0059 12010000 		.4byte	.LASF7
 580 005d 03       		.uleb128 0x3
 581 005e 04       		.byte	0x4
 582 005f 05       		.byte	0x5
ARM GAS  e:\temp\ccwtf8RU.s 			page 31


 583 0060 696E7400 		.ascii	"int\000"
 584 0064 02       		.uleb128 0x2
 585 0065 04       		.byte	0x4
 586 0066 07       		.byte	0x7
 587 0067 05010000 		.4byte	.LASF8
 588 006b 04       		.uleb128 0x4
 589 006c 14020000 		.4byte	.LASF9
 590 0070 02       		.byte	0x2
 591 0071 E401     		.2byte	0x1e4
 592 0073 2C000000 		.4byte	0x2c
 593 0077 04       		.uleb128 0x4
 594 0078 E6000000 		.4byte	.LASF10
 595 007c 02       		.byte	0x2
 596 007d E501     		.2byte	0x1e5
 597 007f 3A000000 		.4byte	0x3a
 598 0083 04       		.uleb128 0x4
 599 0084 F6000000 		.4byte	.LASF11
 600 0088 02       		.byte	0x2
 601 0089 E601     		.2byte	0x1e6
 602 008b 48000000 		.4byte	0x48
 603 008f 02       		.uleb128 0x2
 604 0090 04       		.byte	0x4
 605 0091 04       		.byte	0x4
 606 0092 6B000000 		.4byte	.LASF12
 607 0096 02       		.uleb128 0x2
 608 0097 08       		.byte	0x8
 609 0098 04       		.byte	0x4
 610 0099 DF000000 		.4byte	.LASF13
 611 009d 02       		.uleb128 0x2
 612 009e 01       		.byte	0x1
 613 009f 08       		.byte	0x8
 614 00a0 05020000 		.4byte	.LASF14
 615 00a4 04       		.uleb128 0x4
 616 00a5 00000000 		.4byte	.LASF15
 617 00a9 02       		.byte	0x2
 618 00aa 9002     		.2byte	0x290
 619 00ac B0000000 		.4byte	0xb0
 620 00b0 05       		.uleb128 0x5
 621 00b1 83000000 		.4byte	0x83
 622 00b5 06       		.uleb128 0x6
 623 00b6 34000000 		.4byte	.LASF16
 624 00ba 01       		.byte	0x1
 625 00bb 48       		.byte	0x48
 626 00bc 00000000 		.4byte	.LFB0
 627 00c0 18000000 		.4byte	.LFE0-.LFB0
 628 00c4 01       		.uleb128 0x1
 629 00c5 9C       		.byte	0x9c
 630 00c6 DA000000 		.4byte	0xda
 631 00ca 07       		.uleb128 0x7
 632 00cb E5010000 		.4byte	.LASF18
 633 00cf 01       		.byte	0x1
 634 00d0 48       		.byte	0x48
 635 00d1 6B000000 		.4byte	0x6b
 636 00d5 00000000 		.4byte	.LLST0
 637 00d9 00       		.byte	0
 638 00da 06       		.uleb128 0x6
 639 00db 97000000 		.4byte	.LASF17
ARM GAS  e:\temp\ccwtf8RU.s 			page 32


 640 00df 01       		.byte	0x1
 641 00e0 6F       		.byte	0x6f
 642 00e1 00000000 		.4byte	.LFB1
 643 00e5 18000000 		.4byte	.LFE1-.LFB1
 644 00e9 01       		.uleb128 0x1
 645 00ea 9C       		.byte	0x9c
 646 00eb 0A010000 		.4byte	0x10a
 647 00ef 07       		.uleb128 0x7
 648 00f0 06000000 		.4byte	.LASF19
 649 00f4 01       		.byte	0x1
 650 00f5 6F       		.byte	0x6f
 651 00f6 6B000000 		.4byte	0x6b
 652 00fa 21000000 		.4byte	.LLST1
 653 00fe 08       		.uleb128 0x8
 654 00ff 7F000000 		.4byte	.LASF30
 655 0103 01       		.byte	0x1
 656 0104 71       		.byte	0x71
 657 0105 6B000000 		.4byte	0x6b
 658 0109 00       		.byte	0
 659 010a 09       		.uleb128 0x9
 660 010b B8020000 		.4byte	.LASF20
 661 010f 01       		.byte	0x1
 662 0110 88       		.byte	0x88
 663 0111 6B000000 		.4byte	0x6b
 664 0115 00000000 		.4byte	.LFB2
 665 0119 10000000 		.4byte	.LFE2-.LFB2
 666 011d 01       		.uleb128 0x1
 667 011e 9C       		.byte	0x9c
 668 011f 09       		.uleb128 0x9
 669 0120 50000000 		.4byte	.LASF21
 670 0124 01       		.byte	0x1
 671 0125 A4       		.byte	0xa4
 672 0126 6B000000 		.4byte	0x6b
 673 012a 00000000 		.4byte	.LFB3
 674 012e 10000000 		.4byte	.LFE3-.LFB3
 675 0132 01       		.uleb128 0x1
 676 0133 9C       		.byte	0x9c
 677 0134 06       		.uleb128 0x6
 678 0135 BF000000 		.4byte	.LASF22
 679 0139 01       		.byte	0x1
 680 013a CF       		.byte	0xcf
 681 013b 00000000 		.4byte	.LFB4
 682 013f 14000000 		.4byte	.LFE4-.LFB4
 683 0143 01       		.uleb128 0x1
 684 0144 9C       		.byte	0x9c
 685 0145 75010000 		.4byte	0x175
 686 0149 07       		.uleb128 0x7
 687 014a ED000000 		.4byte	.LASF23
 688 014e 01       		.byte	0x1
 689 014f CF       		.byte	0xcf
 690 0150 77000000 		.4byte	0x77
 691 0154 42000000 		.4byte	.LLST2
 692 0158 0A       		.uleb128 0xa
 693 0159 E5010000 		.4byte	.LASF18
 694 015d 01       		.byte	0x1
 695 015e CF       		.byte	0xcf
 696 015f 77000000 		.4byte	0x77
ARM GAS  e:\temp\ccwtf8RU.s 			page 33


 697 0163 01       		.uleb128 0x1
 698 0164 51       		.byte	0x51
 699 0165 0B       		.uleb128 0xb
 700 0166 FD000000 		.4byte	.LASF25
 701 016a 01       		.byte	0x1
 702 016b D1       		.byte	0xd1
 703 016c 83000000 		.4byte	0x83
 704 0170 63000000 		.4byte	.LLST3
 705 0174 00       		.byte	0
 706 0175 0C       		.uleb128 0xc
 707 0176 9A020000 		.4byte	.LASF24
 708 017a 01       		.byte	0x1
 709 017b EC       		.byte	0xec
 710 017c 6B000000 		.4byte	0x6b
 711 0180 00000000 		.4byte	.LFB5
 712 0184 14000000 		.4byte	.LFE5-.LFB5
 713 0188 01       		.uleb128 0x1
 714 0189 9C       		.byte	0x9c
 715 018a 0B       		.uleb128 0xb
 716 018b F8010000 		.4byte	.LASF26
 717 018f 01       		.byte	0x1
 718 0190 EE       		.byte	0xee
 719 0191 6B000000 		.4byte	0x6b
 720 0195 80000000 		.4byte	.LLST4
 721 0199 00       		.byte	0
 722 019a 00       		.byte	0
 723              		.section	.debug_abbrev,"",%progbits
 724              	.Ldebug_abbrev0:
 725 0000 01       		.uleb128 0x1
 726 0001 11       		.uleb128 0x11
 727 0002 01       		.byte	0x1
 728 0003 25       		.uleb128 0x25
 729 0004 0E       		.uleb128 0xe
 730 0005 13       		.uleb128 0x13
 731 0006 0B       		.uleb128 0xb
 732 0007 03       		.uleb128 0x3
 733 0008 0E       		.uleb128 0xe
 734 0009 1B       		.uleb128 0x1b
 735 000a 0E       		.uleb128 0xe
 736 000b 55       		.uleb128 0x55
 737 000c 17       		.uleb128 0x17
 738 000d 11       		.uleb128 0x11
 739 000e 01       		.uleb128 0x1
 740 000f 10       		.uleb128 0x10
 741 0010 17       		.uleb128 0x17
 742 0011 00       		.byte	0
 743 0012 00       		.byte	0
 744 0013 02       		.uleb128 0x2
 745 0014 24       		.uleb128 0x24
 746 0015 00       		.byte	0
 747 0016 0B       		.uleb128 0xb
 748 0017 0B       		.uleb128 0xb
 749 0018 3E       		.uleb128 0x3e
 750 0019 0B       		.uleb128 0xb
 751 001a 03       		.uleb128 0x3
 752 001b 0E       		.uleb128 0xe
 753 001c 00       		.byte	0
ARM GAS  e:\temp\ccwtf8RU.s 			page 34


 754 001d 00       		.byte	0
 755 001e 03       		.uleb128 0x3
 756 001f 24       		.uleb128 0x24
 757 0020 00       		.byte	0
 758 0021 0B       		.uleb128 0xb
 759 0022 0B       		.uleb128 0xb
 760 0023 3E       		.uleb128 0x3e
 761 0024 0B       		.uleb128 0xb
 762 0025 03       		.uleb128 0x3
 763 0026 08       		.uleb128 0x8
 764 0027 00       		.byte	0
 765 0028 00       		.byte	0
 766 0029 04       		.uleb128 0x4
 767 002a 16       		.uleb128 0x16
 768 002b 00       		.byte	0
 769 002c 03       		.uleb128 0x3
 770 002d 0E       		.uleb128 0xe
 771 002e 3A       		.uleb128 0x3a
 772 002f 0B       		.uleb128 0xb
 773 0030 3B       		.uleb128 0x3b
 774 0031 05       		.uleb128 0x5
 775 0032 49       		.uleb128 0x49
 776 0033 13       		.uleb128 0x13
 777 0034 00       		.byte	0
 778 0035 00       		.byte	0
 779 0036 05       		.uleb128 0x5
 780 0037 35       		.uleb128 0x35
 781 0038 00       		.byte	0
 782 0039 49       		.uleb128 0x49
 783 003a 13       		.uleb128 0x13
 784 003b 00       		.byte	0
 785 003c 00       		.byte	0
 786 003d 06       		.uleb128 0x6
 787 003e 2E       		.uleb128 0x2e
 788 003f 01       		.byte	0x1
 789 0040 3F       		.uleb128 0x3f
 790 0041 19       		.uleb128 0x19
 791 0042 03       		.uleb128 0x3
 792 0043 0E       		.uleb128 0xe
 793 0044 3A       		.uleb128 0x3a
 794 0045 0B       		.uleb128 0xb
 795 0046 3B       		.uleb128 0x3b
 796 0047 0B       		.uleb128 0xb
 797 0048 27       		.uleb128 0x27
 798 0049 19       		.uleb128 0x19
 799 004a 11       		.uleb128 0x11
 800 004b 01       		.uleb128 0x1
 801 004c 12       		.uleb128 0x12
 802 004d 06       		.uleb128 0x6
 803 004e 40       		.uleb128 0x40
 804 004f 18       		.uleb128 0x18
 805 0050 9742     		.uleb128 0x2117
 806 0052 19       		.uleb128 0x19
 807 0053 01       		.uleb128 0x1
 808 0054 13       		.uleb128 0x13
 809 0055 00       		.byte	0
 810 0056 00       		.byte	0
ARM GAS  e:\temp\ccwtf8RU.s 			page 35


 811 0057 07       		.uleb128 0x7
 812 0058 05       		.uleb128 0x5
 813 0059 00       		.byte	0
 814 005a 03       		.uleb128 0x3
 815 005b 0E       		.uleb128 0xe
 816 005c 3A       		.uleb128 0x3a
 817 005d 0B       		.uleb128 0xb
 818 005e 3B       		.uleb128 0x3b
 819 005f 0B       		.uleb128 0xb
 820 0060 49       		.uleb128 0x49
 821 0061 13       		.uleb128 0x13
 822 0062 02       		.uleb128 0x2
 823 0063 17       		.uleb128 0x17
 824 0064 00       		.byte	0
 825 0065 00       		.byte	0
 826 0066 08       		.uleb128 0x8
 827 0067 34       		.uleb128 0x34
 828 0068 00       		.byte	0
 829 0069 03       		.uleb128 0x3
 830 006a 0E       		.uleb128 0xe
 831 006b 3A       		.uleb128 0x3a
 832 006c 0B       		.uleb128 0xb
 833 006d 3B       		.uleb128 0x3b
 834 006e 0B       		.uleb128 0xb
 835 006f 49       		.uleb128 0x49
 836 0070 13       		.uleb128 0x13
 837 0071 00       		.byte	0
 838 0072 00       		.byte	0
 839 0073 09       		.uleb128 0x9
 840 0074 2E       		.uleb128 0x2e
 841 0075 00       		.byte	0
 842 0076 3F       		.uleb128 0x3f
 843 0077 19       		.uleb128 0x19
 844 0078 03       		.uleb128 0x3
 845 0079 0E       		.uleb128 0xe
 846 007a 3A       		.uleb128 0x3a
 847 007b 0B       		.uleb128 0xb
 848 007c 3B       		.uleb128 0x3b
 849 007d 0B       		.uleb128 0xb
 850 007e 27       		.uleb128 0x27
 851 007f 19       		.uleb128 0x19
 852 0080 49       		.uleb128 0x49
 853 0081 13       		.uleb128 0x13
 854 0082 11       		.uleb128 0x11
 855 0083 01       		.uleb128 0x1
 856 0084 12       		.uleb128 0x12
 857 0085 06       		.uleb128 0x6
 858 0086 40       		.uleb128 0x40
 859 0087 18       		.uleb128 0x18
 860 0088 9742     		.uleb128 0x2117
 861 008a 19       		.uleb128 0x19
 862 008b 00       		.byte	0
 863 008c 00       		.byte	0
 864 008d 0A       		.uleb128 0xa
 865 008e 05       		.uleb128 0x5
 866 008f 00       		.byte	0
 867 0090 03       		.uleb128 0x3
ARM GAS  e:\temp\ccwtf8RU.s 			page 36


 868 0091 0E       		.uleb128 0xe
 869 0092 3A       		.uleb128 0x3a
 870 0093 0B       		.uleb128 0xb
 871 0094 3B       		.uleb128 0x3b
 872 0095 0B       		.uleb128 0xb
 873 0096 49       		.uleb128 0x49
 874 0097 13       		.uleb128 0x13
 875 0098 02       		.uleb128 0x2
 876 0099 18       		.uleb128 0x18
 877 009a 00       		.byte	0
 878 009b 00       		.byte	0
 879 009c 0B       		.uleb128 0xb
 880 009d 34       		.uleb128 0x34
 881 009e 00       		.byte	0
 882 009f 03       		.uleb128 0x3
 883 00a0 0E       		.uleb128 0xe
 884 00a1 3A       		.uleb128 0x3a
 885 00a2 0B       		.uleb128 0xb
 886 00a3 3B       		.uleb128 0x3b
 887 00a4 0B       		.uleb128 0xb
 888 00a5 49       		.uleb128 0x49
 889 00a6 13       		.uleb128 0x13
 890 00a7 02       		.uleb128 0x2
 891 00a8 17       		.uleb128 0x17
 892 00a9 00       		.byte	0
 893 00aa 00       		.byte	0
 894 00ab 0C       		.uleb128 0xc
 895 00ac 2E       		.uleb128 0x2e
 896 00ad 01       		.byte	0x1
 897 00ae 3F       		.uleb128 0x3f
 898 00af 19       		.uleb128 0x19
 899 00b0 03       		.uleb128 0x3
 900 00b1 0E       		.uleb128 0xe
 901 00b2 3A       		.uleb128 0x3a
 902 00b3 0B       		.uleb128 0xb
 903 00b4 3B       		.uleb128 0x3b
 904 00b5 0B       		.uleb128 0xb
 905 00b6 27       		.uleb128 0x27
 906 00b7 19       		.uleb128 0x19
 907 00b8 49       		.uleb128 0x49
 908 00b9 13       		.uleb128 0x13
 909 00ba 11       		.uleb128 0x11
 910 00bb 01       		.uleb128 0x1
 911 00bc 12       		.uleb128 0x12
 912 00bd 06       		.uleb128 0x6
 913 00be 40       		.uleb128 0x40
 914 00bf 18       		.uleb128 0x18
 915 00c0 9742     		.uleb128 0x2117
 916 00c2 19       		.uleb128 0x19
 917 00c3 00       		.byte	0
 918 00c4 00       		.byte	0
 919 00c5 00       		.byte	0
 920              		.section	.debug_loc,"",%progbits
 921              	.Ldebug_loc0:
 922              	.LLST0:
 923 0000 00000000 		.4byte	.LVL0
 924 0004 08000000 		.4byte	.LVL1
ARM GAS  e:\temp\ccwtf8RU.s 			page 37


 925 0008 0100     		.2byte	0x1
 926 000a 50       		.byte	0x50
 927 000b 08000000 		.4byte	.LVL1
 928 000f 18000000 		.4byte	.LFE0
 929 0013 0400     		.2byte	0x4
 930 0015 F3       		.byte	0xf3
 931 0016 01       		.uleb128 0x1
 932 0017 50       		.byte	0x50
 933 0018 9F       		.byte	0x9f
 934 0019 00000000 		.4byte	0
 935 001d 00000000 		.4byte	0
 936              	.LLST1:
 937 0021 00000000 		.4byte	.LVL2
 938 0025 06000000 		.4byte	.LVL3
 939 0029 0100     		.2byte	0x1
 940 002b 50       		.byte	0x50
 941 002c 06000000 		.4byte	.LVL3
 942 0030 18000000 		.4byte	.LFE1
 943 0034 0400     		.2byte	0x4
 944 0036 F3       		.byte	0xf3
 945 0037 01       		.uleb128 0x1
 946 0038 50       		.byte	0x50
 947 0039 9F       		.byte	0x9f
 948 003a 00000000 		.4byte	0
 949 003e 00000000 		.4byte	0
 950              	.LLST2:
 951 0042 00000000 		.4byte	.LVL4
 952 0046 08000000 		.4byte	.LVL7
 953 004a 0100     		.2byte	0x1
 954 004c 50       		.byte	0x50
 955 004d 08000000 		.4byte	.LVL7
 956 0051 14000000 		.4byte	.LFE4
 957 0055 0400     		.2byte	0x4
 958 0057 F3       		.byte	0xf3
 959 0058 01       		.uleb128 0x1
 960 0059 50       		.byte	0x50
 961 005a 9F       		.byte	0x9f
 962 005b 00000000 		.4byte	0
 963 005f 00000000 		.4byte	0
 964              	.LLST3:
 965 0063 04000000 		.4byte	.LVL5
 966 0067 06000000 		.4byte	.LVL6
 967 006b 0B00     		.2byte	0xb
 968 006d 70       		.byte	0x70
 969 006e 00       		.sleb128 0
 970 006f 0A       		.byte	0xa
 971 0070 FFFF     		.2byte	0xffff
 972 0072 1A       		.byte	0x1a
 973 0073 20       		.byte	0x20
 974 0074 73       		.byte	0x73
 975 0075 00       		.sleb128 0
 976 0076 1A       		.byte	0x1a
 977 0077 9F       		.byte	0x9f
 978 0078 00000000 		.4byte	0
 979 007c 00000000 		.4byte	0
 980              	.LLST4:
 981 0080 08000000 		.4byte	.LVL8
ARM GAS  e:\temp\ccwtf8RU.s 			page 38


 982 0084 0C000000 		.4byte	.LVL9
 983 0088 0100     		.2byte	0x1
 984 008a 50       		.byte	0x50
 985 008b 0C000000 		.4byte	.LVL9
 986 008f 14000000 		.4byte	.LFE5
 987 0093 0400     		.2byte	0x4
 988 0095 72       		.byte	0x72
 989 0096 00       		.sleb128 0
 990 0097 06       		.byte	0x6
 991 0098 9F       		.byte	0x9f
 992 0099 00000000 		.4byte	0
 993 009d 00000000 		.4byte	0
 994              		.section	.debug_aranges,"",%progbits
 995 0000 44000000 		.4byte	0x44
 996 0004 0200     		.2byte	0x2
 997 0006 00000000 		.4byte	.Ldebug_info0
 998 000a 04       		.byte	0x4
 999 000b 00       		.byte	0
 1000 000c 0000     		.2byte	0
 1001 000e 0000     		.2byte	0
 1002 0010 00000000 		.4byte	.LFB0
 1003 0014 18000000 		.4byte	.LFE0-.LFB0
 1004 0018 00000000 		.4byte	.LFB1
 1005 001c 18000000 		.4byte	.LFE1-.LFB1
 1006 0020 00000000 		.4byte	.LFB2
 1007 0024 10000000 		.4byte	.LFE2-.LFB2
 1008 0028 00000000 		.4byte	.LFB3
 1009 002c 10000000 		.4byte	.LFE3-.LFB3
 1010 0030 00000000 		.4byte	.LFB4
 1011 0034 14000000 		.4byte	.LFE4-.LFB4
 1012 0038 00000000 		.4byte	.LFB5
 1013 003c 14000000 		.4byte	.LFE5-.LFB5
 1014 0040 00000000 		.4byte	0
 1015 0044 00000000 		.4byte	0
 1016              		.section	.debug_ranges,"",%progbits
 1017              	.Ldebug_ranges0:
 1018 0000 00000000 		.4byte	.LFB0
 1019 0004 18000000 		.4byte	.LFE0
 1020 0008 00000000 		.4byte	.LFB1
 1021 000c 18000000 		.4byte	.LFE1
 1022 0010 00000000 		.4byte	.LFB2
 1023 0014 10000000 		.4byte	.LFE2
 1024 0018 00000000 		.4byte	.LFB3
 1025 001c 10000000 		.4byte	.LFE3
 1026 0020 00000000 		.4byte	.LFB4
 1027 0024 14000000 		.4byte	.LFE4
 1028 0028 00000000 		.4byte	.LFB5
 1029 002c 14000000 		.4byte	.LFE5
 1030 0030 00000000 		.4byte	0
 1031 0034 00000000 		.4byte	0
 1032              		.section	.debug_line,"",%progbits
 1033              	.Ldebug_line0:
 1034 0000 CD000000 		.section	.debug_str,"MS",%progbits,1
 1034      02004B00 
 1034      00000201 
 1034      FB0E0D00 
 1034      01010101 
ARM GAS  e:\temp\ccwtf8RU.s 			page 39


 1035              	.LASF15:
 1036 0000 72656733 		.ascii	"reg32\000"
 1036      3200
 1037              	.LASF19:
 1038 0006 76616C75 		.ascii	"value\000"
 1038      6500
 1039              	.LASF28:
 1040 000c 47656E65 		.ascii	"Generated_Source\\PSoC4\\NCP81239_EN_P1.c\000"
 1040      72617465 
 1040      645F536F 
 1040      75726365 
 1040      5C50536F 
 1041              	.LASF16:
 1042 0034 4E435038 		.ascii	"NCP81239_EN_P1_SetDriveMode\000"
 1042      31323339 
 1042      5F454E5F 
 1042      50315F53 
 1042      65744472 
 1043              	.LASF21:
 1044 0050 4E435038 		.ascii	"NCP81239_EN_P1_ReadDataReg\000"
 1044      31323339 
 1044      5F454E5F 
 1044      50315F52 
 1044      65616444 
 1045              	.LASF12:
 1046 006b 666C6F61 		.ascii	"float\000"
 1046      7400
 1047              	.LASF1:
 1048 0071 756E7369 		.ascii	"unsigned char\000"
 1048      676E6564 
 1048      20636861 
 1048      7200
 1049              	.LASF30:
 1050 007f 64725661 		.ascii	"drVal\000"
 1050      6C00
 1051              	.LASF5:
 1052 0085 6C6F6E67 		.ascii	"long unsigned int\000"
 1052      20756E73 
 1052      69676E65 
 1052      6420696E 
 1052      7400
 1053              	.LASF17:
 1054 0097 4E435038 		.ascii	"NCP81239_EN_P1_Write\000"
 1054      31323339 
 1054      5F454E5F 
 1054      50315F57 
 1054      72697465 
 1055              	.LASF3:
 1056 00ac 73686F72 		.ascii	"short unsigned int\000"
 1056      7420756E 
 1056      7369676E 
 1056      65642069 
 1056      6E7400
 1057              	.LASF22:
 1058 00bf 4E435038 		.ascii	"NCP81239_EN_P1_SetInterruptMode\000"
 1058      31323339 
 1058      5F454E5F 
ARM GAS  e:\temp\ccwtf8RU.s 			page 40


 1058      50315F53 
 1058      6574496E 
 1059              	.LASF13:
 1060 00df 646F7562 		.ascii	"double\000"
 1060      6C6500
 1061              	.LASF10:
 1062 00e6 75696E74 		.ascii	"uint16\000"
 1062      313600
 1063              	.LASF23:
 1064 00ed 706F7369 		.ascii	"position\000"
 1064      74696F6E 
 1064      00
 1065              	.LASF11:
 1066 00f6 75696E74 		.ascii	"uint32\000"
 1066      333200
 1067              	.LASF25:
 1068 00fd 696E7472 		.ascii	"intrCfg\000"
 1068      43666700 
 1069              	.LASF8:
 1070 0105 756E7369 		.ascii	"unsigned int\000"
 1070      676E6564 
 1070      20696E74 
 1070      00
 1071              	.LASF7:
 1072 0112 6C6F6E67 		.ascii	"long long unsigned int\000"
 1072      206C6F6E 
 1072      6720756E 
 1072      7369676E 
 1072      65642069 
 1073              	.LASF27:
 1074 0129 474E5520 		.ascii	"GNU C11 5.4.1 20160609 (release) [ARM/embedded-5-br"
 1074      43313120 
 1074      352E342E 
 1074      31203230 
 1074      31363036 
 1075 015c 616E6368 		.ascii	"anch revision 237715] -mcpu=cortex-m0 -mthumb -g -O"
 1075      20726576 
 1075      6973696F 
 1075      6E203233 
 1075      37373135 
 1076 018f 73202D66 		.ascii	"s -ffunction-sections -ffat-lto-objects -finline-fu"
 1076      66756E63 
 1076      74696F6E 
 1076      2D736563 
 1076      74696F6E 
 1077 01c2 6E637469 		.ascii	"nctions -flto -fno-strict-aliasing\000"
 1077      6F6E7320 
 1077      2D666C74 
 1077      6F202D66 
 1077      6E6F2D73 
 1078              	.LASF18:
 1079 01e5 6D6F6465 		.ascii	"mode\000"
 1079      00
 1080              	.LASF6:
 1081 01ea 6C6F6E67 		.ascii	"long long int\000"
 1081      206C6F6E 
 1081      6720696E 
ARM GAS  e:\temp\ccwtf8RU.s 			page 41


 1081      7400
 1082              	.LASF26:
 1083 01f8 6D61736B 		.ascii	"maskedStatus\000"
 1083      65645374 
 1083      61747573 
 1083      00
 1084              	.LASF14:
 1085 0205 63686172 		.ascii	"char\000"
 1085      00
 1086              	.LASF2:
 1087 020a 73686F72 		.ascii	"short int\000"
 1087      7420696E 
 1087      7400
 1088              	.LASF9:
 1089 0214 75696E74 		.ascii	"uint8\000"
 1089      3800
 1090              	.LASF4:
 1091 021a 6C6F6E67 		.ascii	"long int\000"
 1091      20696E74 
 1091      00
 1092              	.LASF0:
 1093 0223 7369676E 		.ascii	"signed char\000"
 1093      65642063 
 1093      68617200 
 1094              	.LASF29:
 1095 022f 433A5C55 		.ascii	"C:\\Users\\Admin\\Desktop\\_FIRMWARE\\DBARLite\\CYP"
 1095      73657273 
 1095      5C41646D 
 1095      696E5C44 
 1095      65736B74 
 1096 025c 44353232 		.ascii	"D5225\\CYPD5225-96BZXI_notebook\\CYPD5225-96BZXI_no"
 1096      355C4359 
 1096      50443532 
 1096      32352D39 
 1096      36425A58 
 1097 028d 7465626F 		.ascii	"tebook.cydsn\000"
 1097      6F6B2E63 
 1097      7964736E 
 1097      00
 1098              	.LASF24:
 1099 029a 4E435038 		.ascii	"NCP81239_EN_P1_ClearInterrupt\000"
 1099      31323339 
 1099      5F454E5F 
 1099      50315F43 
 1099      6C656172 
 1100              	.LASF20:
 1101 02b8 4E435038 		.ascii	"NCP81239_EN_P1_Read\000"
 1101      31323339 
 1101      5F454E5F 
 1101      50315F52 
 1101      65616400 
 1102              		.comm	__gnu_lto_v1,1,1
 1103              		.ident	"GCC: (GNU Tools for ARM Embedded Processors) 5.4.1 20160609 (release) [ARM/embedded-5-bran
