ARM GAS  e:\temp\ccyQSxpm.s 			page 1


   1              		.syntax unified
   2              		.cpu cortex-m0
   3              		.fpu softvfp
   4              		.eabi_attribute 20, 1
   5              		.eabi_attribute 21, 1
   6              		.eabi_attribute 23, 3
   7              		.eabi_attribute 24, 1
   8              		.eabi_attribute 25, 1
   9              		.eabi_attribute 26, 1
  10              		.eabi_attribute 30, 4
  11              		.eabi_attribute 34, 0
  12              		.eabi_attribute 18, 4
  13              		.thumb
  14              		.syntax unified
  15              		.file	"PDSS_PORT0_RX_CLK.c"
  16              		.text
  17              	.Ltext0:
  18              		.section	.gnu.lto_.profile.624116d4,"",%progbits
  19 0000 789C6361 		.ascii	"x\234ca`d`a`\000\222r\222\000\000\277\000B"
  19      60646061 
  19      60009272 
  19      920000BF 
  19      0042
  20              		.text
  21              		.section	.gnu.lto_.icf.624116d4,"",%progbits
  22 0000 789C6361 		.ascii	"x\234ca`d\000\001\005\006\004`e\270\177\360\322\035"
  22      60640001 
  22      05060460 
  22      65B87FF0 
  22      D21D
  23 0012 36C6B73F 		.ascii	"6\306\267?\346702\235nYt\206\231\271o\375\345\007\\"
  23      E6373032 
  23      9D6E5974 
  23      8699B96F 
  23      FDE5075C 
  24 0026 2CB39BE6 		.ascii	",\263\233\346M\341a\000\000\001\307\016\243"
  24      4DE16100 
  24      0001C70E 
  24      A3
  25              		.text
  26              		.section	.gnu.lto_.jmpfuncs.624116d4,"",%progbits
  27 0000 789C6361 		.ascii	"x\234ca`d\000\001q\006\004`e`dd\254\007\21231122\327"
  27      60640001 
  27      71060460 
  27      65606464 
  27      AC078A33 
  28 0019 D7333330 		.ascii	"\327330\260\000\205\001\026\322\001\263"
  28      B0008501 
  28      16D201B3 
  29              		.text
  30              		.section	.gnu.lto_.inline.624116d4,"",%progbits
  31 0000 789C458B 		.ascii	"x\234E\213\261\015\2000\014\004\337\316\007B(`\003("
  31      B10D8030 
  31      0C04DFCE 
  31      07422860 
  31      0328
  32 0012 10E33013 		.ascii	"\020\3430\023#PRf\016\246`$l!\310\027\226\375\347#\004"
ARM GAS  e:\temp\ccyQSxpm.s 			page 2


  32      23505266 
  32      0EA66024 
  32      6C21C817 
  32      96FDE723 
  33 0027 9E1D3511 		.ascii	"\236\0355\021\350V\021\314\206B\272N\242)\223\202e\242"
  33      E85611CC 
  33      8642BA4E 
  33      A2299382 
  33      65A2
  34 0039 6341BB08 		.ascii	"cA\273\010\264\002\213\242\317\242\030\315\220d\203"
  34      B4028BA2 
  34      CFA218CD 
  34      906483
  35 0048 F9D85EA8 		.ascii	"\371\330^\250\367@W\223\277\005D\232j\347o\022A\255"
  35      F7405793 
  35      BF05449A 
  35      6AE76F12 
  35      41AD
  36 005a B2ED6BF0 		.ascii	"\262\355k\360\000t\\\014$"
  36      00745C0C 
  36      24
  37              		.text
  38              		.section	.gnu.lto_.pureconst.624116d4,"",%progbits
  39 0000 789C6361 		.ascii	"x\234ca`d\340f```e\220b\224b\222b\226ba\000\000\003"
  39      6064E066 
  39      60606065 
  39      90629462 
  39      92629662 
  40 0018 E40088   		.ascii	"\344\000\210"
  41              		.text
  42              		.section	.gnu.lto_PDSS_PORT0_RX_CLK_StartEx.624116d4,"",%progbits
  43 0000 789C5551 		.ascii	"x\234UQ=h\024Q\020\236\357\275}{\033\363\323\013)\322"
  43      3D681451 
  43      109EEFBD 
  43      7D7B1BF3 
  43      D30B29D2 
  44 0014 8520040B 		.ascii	"\205 \004\013\033+\221\013Z(x\334YX\004\216\220,\022"
  44      1B2B910B 
  44      5A2878DC 
  44      5958048E 
  44      902C12
  45 0027 0D0904B5 		.ascii	"\015\011\004\265\365\335\355n\016\305B\020S\004\345"
  45      F5DDED6E 
  45      0EC54210 
  45      5304E5
  46 0036 5091246A 		.ascii	"P\221$jr\271\244\022-.'\"\010\236\2441\215\205?\270"
  46      72B9A412 
  46      2D2E2722 
  46      089EA431 
  46      8D853FB8 
  47 004a 8558DC69 		.ascii	"\205X\334i\024Q\364\234\271Ma\006\336\314\233\341\233"
  47      1451F49C 
  47      B94D6106 
  47      DECC9BE1 
  47      9B
  48 005b 99EF7BCF 		.ascii	"\231\357{\317!\220X\237\":\314\361\030\037\270\004u"
  48      2190589F 
ARM GAS  e:\temp\ccyQSxpm.s 			page 3


  48      223ACCF1 
  48      181FB804 
  48      75
  49 006c BD4154F0 		.ascii	"\275AT\360\024tr\321\312\\{Ad\3679a\212l\217I\352G\035"
  49      147472D1 
  49      CA5C7B41 
  49      64F73961 
  49      8A6C8F49 
  50 0083 40A2F540 		.ascii	"@\242\365@\227\2256\016\330Sb\337\325\037\205z)~\254"
  50      9795360E 
  50      D85362DF 
  50      D51F857A 
  50      297EAC
  51 0096 86162DDB 		.ascii	"\206\026-\333\273O7\264]\252!b@[%\030,b\210Q[\341\332"
  51      BB4F37B4 
  51      5DAA2162 
  51      405B2518 
  51      2C628851 
  52 00ad 2DBDA322 		.ascii	"-\275\243\"\0158\234\266^-|\354\223Ta\200\323+\317~"
  52      0D389CB6 
  52      5E2D7CEC 
  52      93546180 
  52      D32BCF7E 
  53 00c1 6C3A7A18 		.ascii	"l:z\030\304\367\352\267r\334;x\337\332\242\265e\337"
  53      C4F7EAB7 
  53      72DC3B78 
  53      DFDAA2B5 
  53      65DF
  54 00d3 76455AE3 		.ascii	"vEZ\343\0014\317\3032\372\261\204~\342\022\341!\006"
  54      0134CFC3 
  54      32FAB184 
  54      7EE212E1 
  54      2106
  55 00e5 05FEA1FA 		.ascii	"\005\376\241\372\367f\257\033\312\372\201d)\036\301"
  55      F766AF1B 
  55      CAFA8164 
  55      291EC1
  56 00f4 15C5956C 		.ascii	"\025\305\225l\315\266\333\201\255U\315\212\366\024w"
  56      CDB6DB81 
  56      AD55CD8A 
  56      F61477
  57 0103 399A1D2B 		.ascii	"9\232\035+\220^#\271+\216\250\311m\254\271\251\024\007"
  57      905E23B9 
  57      2B8EA8C9 
  57      6DACB9A9 
  57      1407
  58 0115 DD627DAC 		.ascii	"\335b}\254X\307\250\377\272\372\346\271\226y\201\026"
  58      58C7A8FF 
  58      BAFAE6B9 
  58      96798116 
  59 0125 A9F351FD 		.ascii	"\251\363Q\375uJX\273\035\246w\357\374\3366IjmhEW)\332"
  59      754A58BB 
  59      1DA677EF 
  59      FCDE3649 
  59      6A6D6845 
  60 013c 5AEE29E3 		.ascii	"Z\356)\343v!\344GHa\225\011\2570aB\005eP\214\342\327"
  60      7621E447 
ARM GAS  e:\temp\ccyQSxpm.s 			page 4


  60      48619509 
  60      AF306142 
  60      0565508C 
  61 0152 D2DBFDC9 		.ascii	"\322\333\375\311@\3153\351=\302Fpn\267\360\377\006\003"
  61      40CD33E9 
  61      3DC24670 
  61      6EB7F0FF 
  61      0603
  62 0164 C29A7492 		.ascii	"\302\232t\222\3203\304?\203\226r\204_\214\2409\327\210"
  62      D033C43F 
  62      83967284 
  62      5F8CA039 
  62      D788
  63 0176 4DD26502 		.ascii	"M\322e\002-\213\027\236\354\274\354p\361\340\241\312"
  63      2D8B179E 
  63      ECBCEC70 
  63      F1E0A1CA 
  64 0186 8D8CFA39 		.ascii	"\215\214\3729\367%\225\200\004\307\240\247\233\353\367"
  64      F7259580 
  64      04C7A0A7 
  64      9BEBF7
  65 0195 202007FC 		.ascii	"  \007\374\270\374\243\353\035`}\276U9\"\300=\002\012"
  65      B8FCA3EB 
  65      1D607DBE 
  65      553922C0 
  65      3D020A
  66 01a8 D676EFD5 		.ascii	"\326v\357\325\260\301\032x\026}F\261\266\335Y\277K\017"
  66      B0C11A78 
  66      167D46B1 
  66      B6DD59BF 
  66      4B0F
  67 01ba 4C8B9FF0 		.ascii	"L\213\237\360\300q\177\332\237\035\273\340O\344s3\027"
  67      C0717FDA 
  67      9F1DBBE0 
  67      4FE47333 
  67      17
  68 01cb 67C7FDD1 		.ascii	"g\307\375\321Ln&}h43\222\313\3453\247\262\247\017\346"
  68      4C6E267D 
  68      68343392 
  68      CBE533A7 
  68      B2A70FE6 
  69 01df B367F2E9 		.ascii	"\263g\362\351\223'\206\307\251{lj\362\354tz\352\374"
  69      932786C7 
  69      A97B6C6A 
  69      F2EC747A 
  69      EAFC
  70 01f1 C8E4A57F 		.ascii	"\310\344\245\177@\375\303\206"
  70      40FDC386 
  71              		.text
  72              		.section	.gnu.lto_PDSS_PORT0_RX_CLK_Stop.624116d4,"",%progbits
  73 0000 789C5550 		.ascii	"x\234UP=K\003A\020\235\267\273\227\013~\374\000\301"
  73      3D4B0341 
  73      109DB7BB 
  73      970B7EFC 
  73      00C1
  74 0012 C25644B1 		.ascii	"\302VD\261\260\260\025\305\024\012\206\234\205E\340"
  74      B0B015C5 
ARM GAS  e:\temp\ccyQSxpm.s 			page 5


  74      140A869C 
  74      8545E0
  75 0021 104D23A2 		.ascii	"\020M#\242 Z\273I\356\010\210\205\"Z)\242M\3427\226"
  75      205ABB49 
  75      EE088885 
  75      225A29A2 
  75      4DE23796 
  76 0035 76671A3B 		.ascii	"vg\032;\305F\033\013\025\274B\004\023\321F\3218\313"
  76      C5461B0B 
  76      15BC4204 
  76      13D146D1 
  76      38CB
  77 0047 59988199 		.ascii	"Y\230\201\231\331\235}\373\336c\024\201LLs\353\344>"
  77      D99D7DFB 
  77      DE631481 
  77      4C4C73EB 
  77      E43E
  78 0059 C8891841 		.ascii	"\310\211\030A\254\\\022e\343\0022:Ha-_\020\351\006\345"
  78      AC5C1265 
  78      E302323A 
  78      48612D5F 
  78      10E906E5 
  79 006d D9A49BAC 		.ascii	"\331\244\233\254h\336\247\000\323u\034\264(\244\245"
  79      68DEA700 
  79      D3751CB4 
  79      28A4A5
  80 007c C095A2F8 		.ascii	"\300\225\242\370\020\337\002\345Bx&\332\213\232\343"
  80      10DF02E5 
  80      427826DA 
  80      8B9AE3
  81 008b FEE9B55B 		.ascii	"\376\351\265[\227\002\370\014\250\211\010\203\"\332"
  81      9702F80C 
  81      A8890883 
  81      22DA
  82 0099 89618FA7 		.ascii	"\211a\217\247?\353\3151\317\300\332\242G\224\0203\316"
  82      3FEBCD31 
  82      CFC0DAA2 
  82      47941033 
  82      CE
  83 00aa 4E5281AE 		.ascii	"NR\201\256\325\362:X\265\317olK\220/!\2710\246\302\311"
  83      D5F23A58 
  83      B5CF6F6C 
  83      4B902F21 
  83      B930A6C2 
  84 00bf 662A4270 		.ascii	"f*Bp\223U\026f+2D\371s)\334\3545\004yi<l\370\345+\373"
  84      93551666 
  84      2B3244F9 
  84      7329DCEC 
  84      35047969 
  85 00d9 5DF852C2 		.ascii	"]\370R\302h\355\356|\335Z\321UkO+\036\025\374\353\275"
  85      68EDEE7C 
  85      DD5AD155 
  85      6B4F2B1E 
  85      15FCEBBD 
  86 00ed A66D6C65 		.ascii	"\246mle=v\247\260\217V\354\241\225M\034`\033\024\"\367"
  86      3D76A7B0 
  86      8F56ECA1 
ARM GAS  e:\temp\ccyQSxpm.s 			page 6


  86      954D1C60 
  86      1B1422F7 
  87 0101 56B86B89 		.ascii	"V\270k\211\010%s\322\003\274\313\374\324\337\340\277"
  87      082573D2 
  87      03BCCBFC 
  87      D4DFE0BF 
  88 0111 8200E1D0 		.ascii	"\202\000\341\320\374$c\317\"^\031\252B\031\177\354\353"
  88      FC2463CF 
  88      225E19AA 
  88      42197FEC 
  88      EB
  89 0122 BDF252B5 		.ascii	"\275\362R\265\315\257:\311\254\326\215\365\252G\254"
  89      CDAF3AC9 
  89      ACD68DF5 
  89      AA47AC
  90 0131 CA9097B5 		.ascii	"\312\220\227\265\2376C\012\344x/\012\307\374\370\214"
  90      9F36430A 
  90      E4782F0A 
  90      C7FCF88C 
  91 0141 5C709B30 		.ascii	"\\p\2330\034\177\032`n\336CG\"3\223\231\033\237\317"
  91      1C7F1A60 
  91      6EDE4347 
  91      22339399 
  91      1B9FCF
  92 0154 4CBACEEC 		.ascii	"L\272\316\354\302\334D&\235tf\373{\322\311\001\307q"
  92      C2DC4426 
  92      9D7466FB 
  92      7BD2C901 
  92      C771
  93 0166 9323A9D1 		.ascii	"\223#\251\321n75\346\366\017\017uM\320/N\210\217v"
  93      6E3735E6 
  93      F60F0F75 
  93      4DD02F4E 
  93      888F76
  94              		.text
  95              		.section	.gnu.lto_PDSS_PORT0_RX_CLK_SetFractionalDividerRegister.624116d4,"",%progbits
  96 0000 789C6D52 		.ascii	"x\234mRKH\224Q\024\276\347\336\231\377\377\235\031\037"
  96      4B489451 
  96      14BEE7DE 
  96      99FFFF9D 
  96      191F
  97 0012 DBC8851B 		.ascii	"\333\310\205\033\021\011\304\250Em\332(\011\025%NI\013"
  97      1109C4A8 
  97      456DDA28 
  97      0915254E 
  97      490B
  98 0024 6118C621 		.ascii	"a\030\306!DS\230\264\255w\234\2072 I\220\224$.\304|"
  98      445398B4 
  98      AD779C87 
  98      32204990 
  98      94242EC4 
  99 0039 A633D9CB 		.ascii	"\2463\331\313G4\015\330BzP\364\330\304\020&\006\021"
  99      47340DD8 
  99      427A50F4 
  99      D8C41026 
  99      0611
 100 004b 354E5396 		.ascii	"5NS\226h\3239\377\035\013\241\013s\037g\276\357;\347"
ARM GAS  e:\temp\ccyQSxpm.s 			page 7


 100      68D339FF 
 100      1D0BA10B 
 100      731F67BE 
 100      EF3BE7
 101 005e 7CE7B730 		.ascii	"|\347\2670`\264:\004cg\360\334\213?\020\014x\3373\306"
 101      60B43A04 
 101      6367F0DC 
 101      8B3F100C 
 101      78DF33C6 
 102 0072 FC0607A0 		.ascii	"\374\006\007\240\2134\200ur\350\204\357|\233C\242{m"
 102      8B348075 
 102      72E884EF 
 102      7C9B43A2 
 102      7B6D
 103 0084 8E978F4A 		.ascii	"\216\227\217J\\\357\227\206\367\313\2618\204\220\236"
 103      5CEF9786 
 103      F7CBB138 
 103      84909E
 104 0093 E5A61283 		.ascii	"\345\246\022\203Q(G\324Rv#^\230\341!\001@\244\227\251"
 104      512847D4 
 104      5276235E 
 104      98E12101 
 104      40A497A9 
 105 00a7 2783767A 		.ascii	"'\203vzr(\302g8\375v\325!*\200\341}2\3720RX6\"e\227"
 105      7228C267 
 105      38FD76D5 
 105      212A80E1 
 105      7D32FA30 
 106 00c1 94BFDCD2 		.ascii	"\224\277\334\322\032\022\002&@\240\036\214C1\214A1\303"
 106      1A120226 
 106      40A01E8C 
 106      43318C41 
 106      31C3
 107 00d3 10834928 		.ascii	"\020\203I(Ctw\354\306\345\002q\330d\216\364lNA\216\371"
 107      437477EC 
 107      C6E50271 
 107      D8648EF4 
 107      6C4E418E 
 108 00e8 E0B15D56 		.ascii	"\340\261]V\206\204\005\246\024\365@1T\022\321\302\340"
 108      868405A6 
 108      14F54031 
 108      5412D1C2 
 108      E0
 109 00f9 269411FA 		.ascii	"&\224\021\372E0z]\250\212,\370\\\177:\360\241@UT\202"
 109      45307A5D 
 109      A88A2CF8 
 109      5C7F3AF0 
 109      A1405554 
 110 010e CF2F1F93 		.ascii	"\317/\037\223\227\362E\215\251\373\365\252,*\035&\331"
 110      97F2458D 
 110      A9FBF5AA 
 110      2C2A1D26 
 110      D9
 111 011f F86CA4E0 		.ascii	"\370l\244\340\232\214\007KB\302\012Q\245<\203EMcQ\264"
 111      9A8C074B 
 111      42C20A51 
 111      A53C8345 
ARM GAS  e:\temp\ccyQSxpm.s 			page 8


 111      4D6351B4 
 112 0133 103CB318 		.ascii	"\020<\263\030}\315\305I\2238\335\033\233\326r\314\350"
 112      7DCDC549 
 112      9338DD1B 
 112      9BD672CC 
 112      E8
 113 0144 B243F6F9 		.ascii	"\262C\366\371\015\"\336\372/q%\366\373J\276\026$\037"
 113      0D22DEFA 
 113      2F7125F6 
 113      FB4ABE16 
 113      241F
 114 0156 4B60164A 		.ascii	"K`\026J!\006\245\312E\270\015\032\316\205\357Dg\352"
 114      2106A5CA 
 114      45B80D1A 
 114      CE85EF44 
 114      67EA
 115 0168 E2329B0D 		.ascii	"\3422\233\015\310\370\220\355\321\226\255\200c[\032"
 115      C8F890ED 
 115      D196AD80 
 115      635B1A
 116 0177 1A82FF5A 		.ascii	"\032\202\377Z\200l\261R@\243M\247\315\000j9\217\256"
 116      806CB152 
 116      40A34DA7 
 116      CD006A39 
 116      8FAE
 117 0189 36DAECB4 		.ascii	"6\332\354\2649\230\251\317R\230\200f\272\3169\235b\015"
 117      3998A9CF 
 117      52988066 
 117      BACE399D 
 117      620D
 118 019b 129B911F 		.ascii	"\022\233\221\037\343G(g@\320\250\372C\211\347:\031\243"
 118      E3472867 
 118      40D0A8FA 
 118      4389E73A 
 118      19A3
 119 01ad 9B3D0536 		.ascii	"\233=\0056\346\243\205\352\331\023\014J\262\356[o0\251"
 119      E6A385EA 
 119      D9130C4A 
 119      B2EE5B6F 
 119      30A9
 120 01bf 0FC1A03F 		.ascii	"\017\301\240?\210\2237\340.\366u\207\372\202{0\004l"
 120      889337E0 
 120      2EF67587 
 120      FA827B30 
 120      046C
 121 01d1 0D025BE1 		.ascii	"\015\002[\341\317\240\004\205\322\314DB\033\246\367"
 121      CFA00485 
 121      D2CC4442 
 121      1BA6F7
 122 01e0 1AE8701F 		.ascii	"\032\350p\037\261+\300\315.\261\007\004!\247+\335\375"
 122      B12BC0CD 
 122      2EB10704 
 122      21A72BDD 
 122      FD
 123 01f1 66A25E91 		.ascii	"f\242^\221\254\001\034\033\312\244\302\357\366\250\010"
 123      AC011C1B 
 123      CAA4C2EF 
ARM GAS  e:\temp\ccyQSxpm.s 			page 9


 123      F6A808
 124 0200 05516660 		.ascii	"\005Qf`!\263l%\231<0`\016e\020\3643\374l\242A\241t3"
 124      21B36C25 
 124      993C3060 
 124      0E6510F4 
 124      33FC6CA2 
 125 0218 9FA6D492 		.ascii	"\237\246\324\222;jy\001a(\265W\271\242l\030\244\017"
 125      3B6A7901 
 125      6128B557 
 125      B9A26C18 
 125      A40F
 126 022a 391D1D75 		.ascii	"9\035\035u(5\001\363Jm+\234\311\245\264#\216\306\033"
 126      283501F3 
 126      4A6D2B9C 
 126      C9A5B423 
 126      8EC61B
 127 023d 5A1D3754 		.ascii	"Z\0357T\345Y\200\205\1779\017)\230\303Lk\377\333P\214"
 127      E5598085 
 127      7F390F29 
 127      98C34C6B 
 127      FFDB508C 
 128 0251 1A722028 		.ascii	"\032r (\321\277\236L\353\024\333\345\230_J\373n\323"
 128      D1BF9E4C 
 128      EB14DBE5 
 128      985F4AFB 
 128      6ED3
 129 0263 16D134A2 		.ascii	"\026\3214\242|\202\256\370\3661\"\230_H\212\003\015"
 129      7C82AEF8 
 129      F6312298 
 129      5F488A03 
 129      0D
 130 0274 08C7B5AF 		.ascii	"\010\307\265\257\306\333\352\365\271\333\275\215.g["
 130      C6DBEAF5 
 130      B9DBBD8D 
 130      2E675B
 131 0283 87CFE36D 		.ascii	"\207\317\343m\250u\266U\035l\250\255v:]\265\247\352"
 131      A875B655 
 131      1D6CA8AD 
 131      763A5DB5 
 131      A7EA
 132 0295 4E57BAEA 		.ascii	"NW\272\352\316\272\252N\034\257\3600\233\247\245\271"
 132      CEBAAA4E 
 132      1CAFF030 
 132      9BA7A5B9 
 133 02a5 BAE96253 		.ascii	"\272\351bS\243\327\227\217\327\243>\267\247\275\251"
 133      A3D7978F 
 133      D7A33EB7 
 133      A7BDA9
 134 02b4 ADD5DDA2 		.ascii	"\255\325\335\242\371\274\347\352\335-\372y\367\205f"
 134      F9BCE7EA 
 134      DD2DFA79 
 134      F78566
 135 02c3 3CFF0063 		.ascii	"<\377\000c\0329\255"
 135      1A39AD
 136              		.text
 137              		.section	.gnu.lto_PDSS_PORT0_RX_CLK_GetDividerRegister.624116d4,"",%progbits
 138 0000 789C2D90 		.ascii	"x\234-\220\301K\002A\024\306\3377\263\352\202\204\335"
ARM GAS  e:\temp\ccyQSxpm.s 			page 10


 138      C14B0241 
 138      14C6DF37 
 138      B3EA8284 
 138      DD
 139 0011 EBD03189 		.ascii	"\353\3201\211\242C\375\001a\324\241 q;t\020\226\260"
 139      A243FD01 
 139      61D4A120 
 139      713B7410 
 139      96B0
 140 0023 BD26489D 		.ascii	"\275&H\235]\335]\212 \350R\207@\274\004\226\225\326"
 140      5DDD5D8A 
 140      20E85287 
 140      40BC0496 
 140      95D6
 141 0035 D52E2674 		.ascii	"\325.&t\211((\210N\021\021\036:\231\031BP\333<l\340"
 141      89282888 
 141      4E11111E 
 141      3A991942 
 141      50DB3C6C 
 142 004a CD9B6FE6 		.ascii	"\315\233o\346{\357\375\030\215@\274&U\032Uy@\005$A\354"
 142      7BEFFD18 
 142      8D40BC26 
 142      551A5579 
 142      40052441 
 143 005f DC12E574 		.ascii	"\334\022\345t\001\360\301\326AY\201,\276\304\217\300"
 143      01F0C1D6 
 143      4159812C 
 143      BEC48FC0 
 144 006f 95DFAD47 		.ascii	"\225\337\255G:\302c\233\222\367\255\233B\230%\320\257"
 144      3AC2639B 
 144      92F7AD9B 
 144      429825D0 
 144      AF
 145 0080 64F9A0DA 		.ascii	"d\371\240\332\326\243%\333\316\333/^m*\347x\303\236"
 145      D6A325DB 
 145      CEDB2F5E 
 145      6D2AE778 
 145      C39E
 146 0092 14E40BC2 		.ascii	"\024\344\013\302!\006Q\302 \2178B\224\224\371\365\374"
 146      210651C2 
 146      208F3842 
 146      9494F9F5 
 146      FC
 147 00a3 77B72FE8 		.ascii	"w\267/\350\332j\015\261E\275\224\021d\244j\242n\373"
 147      DA6A0DB1 
 147      45BD9411 
 147      64A46AA2 
 147      6EFB
 148 00b5 BE63D71F 		.ascii	"\276c\327\037\302\227O\341\000\310\223R\362\246\021"
 148      C2974FE1 
 148      00C89352 
 148      F2A611
 149 00c4 B7A3960A 		.ascii	"\267\243\226\012F\373\020\202\263l\242\361\275\365X"
 149      46FB1082 
 149      B36CA2F1 
 149      BDF558
 150 00d3 4972BD23 		.ascii	"Ir\275#\245\352\275\3475\356B\314\245\201G9\335\332"
ARM GAS  e:\temp\ccyQSxpm.s 			page 11


 150      A5EABDE7 
 150      35EE42CC 
 150      A5814739 
 150      DDDA
 151 00e5 59A42737 		.ascii	"Y\244'7]\327\326\324\325\347\266\373\034*\242\220s\341"
 151      5DD7D6D4 
 151      D5E7B6FB 
 151      1C2AA290 
 151      73E1
 152 00f7 C9004E14 		.ascii	"\311\000N\024\3361\343\341\024EP\023N{\206\034\211^"
 152      DE31E3E1 
 152      14455013 
 152      4E7B861C 
 152      895E
 153 0109 BBFD8BCE 		.ascii	"\273\375\213\316u\200\353\203\320QQ\266&\362\355\215"
 153      7580EB83 
 153      D05151B6 
 153      26F2ED8D 
 154 0119 37F4066A 		.ascii	"7\364\006j\312G\357\020\377\212\277\264%\300d\212sd"
 154      CA47EF10 
 154      FF8ABFB4 
 154      25C0648A 
 154      7364
 155 012b D65AB532 		.ascii	"\326Z\2652\313k\326\212i\244\3273)+\0317\322\261\211"
 155      CB6BD68A 
 155      69A4D733 
 155      292B1937 
 155      D2B189
 156 013e 647CDA30 		.ascii	"d|\3320\314\370Bbq\334L,\231\261\371\271\261\024\375"
 156      CCF84262 
 156      71DC4C2C 
 156      99B1F9B9 
 156      B114FD
 157 0151 017F9677 		.ascii	"\001\177\226w\313"
 157      CB
 158              		.text
 159              		.section	.gnu.lto_PDSS_PORT0_RX_CLK_GetFractionalDividerRegister.624116d4,"",%progbits
 160 0000 789C6361 		.ascii	"x\234ca`d\000\201i@\254\013\304\322@\314\310\314\300"
 160      60640081 
 160      6940AC0B 
 160      C4D240CC 
 160      C8CCC0
 161 0013 C834E11C 		.ascii	"\3104\341\034\003C#\007\023##\210\321\300\301\310P\317"
 161      03432307 
 161      13232388 
 161      D1C0C1C8 
 161      50CF
 162 0025 C458CFF8 		.ascii	"\304X\317\370\225\351/\023\343\351\357'z\2704\22774"
 162      95E92F13 
 162      E3E9EF27 
 162      7AB83497 
 162      3734
 163 0037 34353C38 		.ascii	"45<8\372\330r\372\212\003\214\255\314\014\014\377\231"
 163      FAD872FA 
 163      8A038CAD 
 163      CC0C0CFF 
 163      99
ARM GAS  e:\temp\ccyQSxpm.s 			page 12


 164 0048 18188D65 		.ascii	"\030\030\215e\030\015d@F,g\324d\000*}\264\361\337T^"
 164      180D6440 
 164      462C67D4 
 164      64002A7D 
 164      B4F1DF54 
 165 005d B6960620 		.ascii	"\266\226\006 P\000)\000\312\254`d\003Y\271>\350@\303"
 165      50002900 
 165      CAAC6064 
 165      0359B93E 
 165      E840C3
 166 0070 FFFFCD0D 		.ascii	"\377\377\315\015\007\346\363\035\334\307\007\224\371"
 166      07E6F31D 
 166      DCC70794 
 166      F9
 167 007d 00C420BB 		.ascii	"\000\304 \273>21\201h\346W\214M\007v\367\361\201\324"
 167      3E323181 
 167      68E6578C 
 167      4D0776F7 
 167      F181D4
 168 0090 030D9AD6 		.ascii	"\003\015\232\326z\350<\373\027&\240=\214\014\214+\031"
 168      7AE83CFB 
 168      1726A03D 
 168      8C0C8C2B 
 168      19
 169 00a1 41760075 		.ascii	"Av\000u0\202T\002\365i\273\247\346\245\026%\226\244"
 169      30825402 
 169      F569BBA7 
 169      E6A51625 
 169      96A4
 170 00b3 A6C407E7 		.ascii	"\246\304\007\347\227\026%\247\306\004\004\347;\233\304"
 170      971625A7 
 170      C60404E7 
 170      3B9BC4
 171 00c2 04B80407 		.ascii	"\004\270\004\007\307\007\370\007\205\030\304\007E\304"
 171      C707F807 
 171      8518C407 
 171      45C4
 172 00d0 3BFB78EB 		.ascii	";\373x\353%3\000\000\313/F\000"
 172      25330000 
 172      CB2F4600 
 173              		.text
 174              		.section	.gnu.lto_.symbol_nodes.624116d4,"",%progbits
 175 0000 789C6361 		.ascii	"x\234ca`d\010g\000\002&\206z\006\206\011\347\030@\324"
 175      60640867 
 175      00022686 
 175      7A068609 
 175      E71840D4 
 176 0014 AE0645A0 		.ascii	"\256\006E\240\000c=#\252\000S=\023\252\000s=3\252\000"
 176      00633D23 
 176      AA00533D 
 176      13AA0073 
 176      3D33AA00 
 177 0028 4B3D0B8A 		.ascii	"K=\013\212\000\003\000U/\023\016"
 177      00030055 
 177      2F130E
 178              		.text
 179              		.section	.gnu.lto_.refs.624116d4,"",%progbits
ARM GAS  e:\temp\ccyQSxpm.s 			page 13


 180 0000 789C6361 		.ascii	"x\234ca`\004B \000\000\0009\000\007"
 180      60044220 
 180      00000039 
 180      0007
 181              		.text
 182              		.section	.gnu.lto_.decls.624116d4,"",%progbits
 183 0000 789C8D54 		.ascii	"x\234\215TolSU\024\277\347\275\256\260\327n#\013!\323"
 183      6F6C5355 
 183      14BFE7BD 
 183      AEB0D76E 
 183      230B21D3 
 184 0014 347112ED 		.ascii	"4q\022\355\226\230T\306\214\361\2031&\233\324D#\313"
 184      969854C6 
 184      8CF18331 
 184      269BD444 
 184      23CB
 185 0026 2A8B1F48 		.ascii	"*\213\037H\2321^\240\011\331H)F\374\342\215\023S\204"
 185      9A315EA0 
 185      09D94829 
 185      46FCE28D 
 185      135384
 186 0039 0FAB8968 		.ascii	"\017\253\211h\347\246\014\020;\266\261\002\033\254 "
 186      E7A60C10 
 186      3BB6B102 
 186      1BAC20
 187 0048 B5F2A71B 		.ascii	"\265\362\247\033c\235\373\303\022\035\221\315\315%\030"
 187      639DFBC3 
 187      121D91CD 
 187      CD2518
 188 0057 08A9B8A8 		.ascii	"\010\251\270\250\033\201\347\271\367\275\366\265\333"
 188      1B81E7B9 
 188      F7BDF6B5 
 188      DB
 189 0064 9BF1E69D 		.ascii	"\233\361\346\235\367\356=\357\234\363\373\235?\271&"
 189      F7EE3DEF 
 189      9CF3FB9D 
 189      3FB926
 190 0073 0284AD9D 		.ascii	"\002\204\255\235fB\354\270\335\205\242\340\302#\251"
 190      6642ECB8 
 190      DD85A2E0 
 190      C223A9
 191 0082 21FACA41 		.ascii	"!\372\312A\351E\351C\351G\031DI\220\345\213\331\344"
 191      E945E943 
 191      E9471944 
 191      4990E58B 
 191      D9E4
 192 0094 6ABE8528 		.ascii	"j\276\205(kQ\272QJPFP&Pn\242l\326\354A\363Y\272\372"
 192      6B51BA51 
 192      4A504650 
 192      26506EA2 
 192      6CD6EC41 
 193 00ac 34CC1A03 		.ascii	"4\314\032\003\337\224_\237\201\037\343&-\301\277\202"
 193      DF945F9F 
 193      811FE326 
 193      2DC1BF82 
 194 00bc 12CDE061 		.ascii	"\022\315\340a\304\241\337 \026\313q\325\2228+\371\017"
 194      C4A1DF20 
ARM GAS  e:\temp\ccyQSxpm.s 			page 14


 194      16CB71D5 
 194      92382BF9 
 194      0F
 195 00cd 1AF827B4 		.ascii	"\032\370'\264\177\321\014;\243\232=\022@i=\025\312\275"
 195      7FD10C3B 
 195      A39A3D12 
 195      40693D15 
 195      CABD
 196 00df 053F8300 		.ascii	"\005?\203\000ZC\010\200\372\006.D\025~\304\215\300\337"
 196      5A430880 
 196      FA062E44 
 196      157EC48D 
 196      C0DF
 197 00f1 24AD4A7F 		.ascii	"$\255J\177\010{\023\325\236\353\364`\374I}\225\324\342"
 197      087B13D5 
 197      9EEBF460 
 197      FC497D95 
 197      D4E2
 198 0103 41F4E8A0 		.ascii	"A\364\350\2409A\232\201\352\245\376\02743\242\006\027"
 198      39419A81 
 198      EAA5FE17 
 198      3433A206 
 198      17
 199 0114 74878C78 		.ascii	"t\207\214x*\335\014N\220\235\023\244\223\236:\376U\276"
 199      2ADD0C4E 
 199      909D13A4 
 199      939E3AFE 
 199      55BE
 200 0126 8831713F 		.ascii	"\2101q?\265\020\332\344\350\244\270\232(\025^\326+\363"
 200      B510DAE4 
 200      E8A4B89A 
 200      28155ED6 
 200      2BF3
 201 0138 CB407B87 		.ascii	"\313@{\2078/@\211\004,|\001\252\272\357E\026\362T\025"
 201      382F4089 
 201      042C7C01 
 201      AABAEF45 
 201      16F25415 
 202 014c B3189C9A 		.ascii	"\263\030\234\232{\220+>\313\367\243\037\205[\230u\241"
 202      7B902B3E 
 202      CBF7A31F 
 202      855B9875 
 202      A1
 203 015d 04263CFE 		.ascii	"\004&<\376\221h\236\315\307\343Z\011\212\037\011\302"
 203      91689ECD 
 203      C7E35A09 
 203      8A1F09C2 
 204 016d 58F0DE94 		.ascii	"X\360\336\224\031\244R?\245\037\322\246FZ\370:\201S"
 204      19A4523F 
 204      A51FD2A6 
 204      465AF83A 
 204      8153
 205 017f 60832EB0 		.ascii	"`\203.\260\021\010C)\213\330\016\016\002\035\250<\211"
 205      11084329 
 205      8BD80E0E 
 205      021DA83C 
 205      89
ARM GAS  e:\temp\ccyQSxpm.s 			page 15


 206 0190 CA138CD0 		.ascii	"\312\023\214\320t$\362J\204\3225\320\015\022t\202\310"
 206      7424F24A 
 206      84D235D0 
 206      0D127482 
 206      C8
 207 01a1 4D308D12 		.ascii	"M0\215\022IKc\272\247I0\011\250a\006\333LLwM\371;V\240"
 207      494B63BA 
 207      A7493009 
 207      A86106DB 
 207      4C4C774D 
 208 01b9 F210F038 		.ascii	"\362\020\3608\226\034j\265\250<\326\340q\242%9n):\314"
 208      961C6AB5 
 208      A83CD6E0 
 208      71A22539 
 208      6E293ACC 
 209 01cd 82D3465A 		.ascii	"\202\323FZ,@\315:8\213\220g\020\222@\017\024\341\373"
 209      2C40CD3A 
 209      388B9067 
 209      1092400F 
 209      14E1FB
 210 01e0 3498D4F0 		.ascii	"4\230\324\360\003\301X(w\375\021z$L\247/\305K\0167\322"
 210      03C15828 
 210      77FD117A 
 210      244CA72F 
 210      C54B0E37 
 211 01f5 10BA1533 		.ascii	"\020\272\02533\010\351lp\313>\337\302-\254v/\254G\317"
 211      3308E96C 
 211      70CB3EDF 
 211      C22DAC76 
 211      2FAC47CF 
 212 0209 F9435D77 		.ascii	"\371C]w\314\342\373\2740w\243A%oE\310\363\034r\233\206"
 212      CCE2FBBC 
 212      3077A341 
 212      256F45C8 
 212      F31C729B 
 213 021e D8DB1D9F 		.ascii	"\330\333\035\237\221T\304\330\343\270\225\216\240\317"
 213      9154C4D8 
 213      E3B8958E 
 213      A0CF
 214 022c ABCC06CE 		.ascii	"\253\314\006\316\351x\3472\361\3728\336\305\311p\247"
 214      E978E732 
 214      F1FA38DE 
 214      C5C970A7 
 215 023c 590C0007 		.ascii	"Y\014\000\007\354\336\377[\373jL\331\206}\203\214\246"
 215      ECDEFF5B 
 215      FB6A4CD9 
 215      867D838C 
 215      A6
 216 024d D9D4A605 		.ascii	"\331\324\246\005\003\263\217-b\214\333\012\343\263\035"
 216      03B38F2D 
 216      628CDB0A 
 216      E3B31D
 217 025c BF9BA054 		.ascii	"\277\233\240T\322\312}Z-w\024\253\371\235\016hc\345"
 217      D2CA7D5A 
 217      2D7714AB 
 217      F99D0E68 
 217      63E5
ARM GAS  e:\temp\ccyQSxpm.s 			page 16


 218 026e E69D4B1E 		.ascii	"\346\235K\036\245\346\"\002\3456\330\200}\273\204}\263"
 218      A5E62202 
 218      E536D880 
 218      7DBB847D 
 218      B3
 219 027f 697DBB88 		.ascii	"i}\273\210\031]\300\214\020`\356\363\257\357\232yW\242"
 219      195DC08C 
 219      1060EEF3 
 219      AFEF9A79 
 219      57A2
 220 0291 E9AE7CB3 		.ascii	"\351\256|\263\3700\311\246\303\316fI\314 eWI\205\332"
 220      F830C9A6 
 220      C3CE6649 
 220      CC206557 
 220      4985DA
 221 02a4 E2672531 		.ascii	"\342g%1\256\222\272\337\323\377S^jX\260fR)IW\014\256"
 221      AE92BADF 
 221      D3FF535E 
 221      6A58B066 
 221      52294957 
 222 02ba 22A85D03 		.ascii	"\"\250]\003\375\001\225\261\324\260\304\232\237\242"
 222      FD0195B1 
 222      D4B0C49A 
 222      9FA2
 223 02c8 025C41C8 		.ascii	"\002\\A\310\313:u\2736)C#J\310\31291\203\357\201\223"
 223      CB3A75BB 
 223      36294323 
 223      4AC8CA39 
 223      3183EF81 
 224 02dd BAB3B868 		.ascii	"\272\263\270hZ\2611q\336\230k\251Y\230i\031\272mI\315"
 224      5AB13171 
 224      DE986BA9 
 224      59986919 
 224      BA6D49CD 
 225 02f1 C2C7CE99 		.ascii	"\302\307\316\2313\224\356G?\023\263\203\210\016\030"
 225      3394EE47 
 225      3F13B383 
 225      880E18
 226 0300 C96C4E3F 		.ascii	"\311lN?oNd\230~Y &\324\346\314_\356\3743\013\224\361"
 226      6F4E6498 
 226      7E592026 
 226      D4E6CC5F 
 226      EEFC330B 
 227 0316 D151AF67 		.ascii	"\321Q\257g\215C\233\377\276\222\247\215\303\350Ak\220"
 227      8D439BFF 
 227      BE92A78D 
 227      C3E8416B 
 227      90
 228 0327 C6B01E98 		.ascii	"\306\260\036\230$Z\301\200\2169\220\2119\3101\217O~"
 228      245AC180 
 228      8E399089 
 228      39C8318F 
 228      4F7E
 229 0339 BA60111F 		.ascii	"\272`\021\037\250\230\255M\307Nf\015}4\013s(\013\363"
 229      A898AD4D 
 229      C74E660D 
 229      7D340B73 
ARM GAS  e:\temp\ccyQSxpm.s 			page 17


 229      280BF3
 230 034c 6A7B7C8E 		.ascii	"j{|\216a\206\021\263uXLc\242\025\334\3201odb&\030\246"
 230      618611B3 
 230      75584C63 
 230      A215DCD0 
 230      316F6462 
 231 0363 78ACEBE1 		.ascii	"x\254\353\341\211|\214\312\036\251\231b\367\222\212"
 231      897C8CCA 
 231      1EA99962 
 231      F7928A
 232 0372 F281A2AC 		.ascii	"\362\201\242\254\202\021\220\010W\320\300\321J\177\340"
 232      82119008 
 232      57D0C0D1 
 232      4A7FE0
 233 0381 49AEF0F3 		.ascii	"I\256\360\363+'\373* \374\017\201\037\361<\314\272\215"
 233      2B27FB2A 
 233      20FC0F81 
 233      1FF13CCC 
 233      BA8D
 234 0393 47E474E0 		.ascii	"G\344t\340\327\317&s$?c\377\177\356\016\364\270p\233"
 234      D7CF2673 
 234      243F63FF 
 234      7FEE0EF4 
 234      B8709B
 235 03a6 B6E4886D 		.ascii	"\266\344\210m\374\206\023&\016\236\377B\324\207\274"
 235      FC861326 
 235      0E9EFF42 
 235      D487BC
 236 03b5 6D4BE000 		.ascii	"mK\340\000\313\350&VaL\317h\024\2641_\0162n\014\362"
 236      CBE82656 
 236      614CCF68 
 236      14B4315F 
 236      0E326E0C 
 237 03ca D73FD70F 		.ascii	"\327?\327\017Y\255\237\244\2574\036QOe\002\254\374\346"
 237      59AD9FA4 
 237      AF341E51 
 237      4F6502AC 
 237      FCE6
 238 03dc 65DF27AA 		.ascii	"e\337'\252*].w\325\346\352\2677\270\253\337qW\274\371"
 238      2A5D2E77 
 238      D5E6EAB7 
 238      37B8ABDF 
 238      7157BCF9 
 239 03f0 86DBE5AB 		.ascii	"\206\333\345\253\365\372^{o\265\363\255-\305\025ee\304"
 239      F5FA5E7B 
 239      6FB5F3AD 
 239      2DC51565 
 239      65C4
 240 0402 BCD753EF 		.ascii	"\274\327S\357+\337\370\264S\256\227\275\265>y\273\333"
 240      2BDFF8B4 
 240      53AE97BD 
 240      B53E79BB 
 240      DB
 241 0413 D5B0D75B 		.ascii	"\325\260\327['o\255r5T\274\360|\335>\337\276\335\362"
 241      276FAD72 
 241      3554BCF0 
 241      7CDD3EDF 
ARM GAS  e:\temp\ccyQSxpm.s 			page 18


 241      BEDDF2
 242 0426 1EC74EF2 		.ascii	"\036\307N\362\234\261\305\326e\020\216:\262\316\010"
 242      9CB1C5D6 
 242      65108E3A 
 242      B2CE08
 243 0435 B761B7C3 		.ascii	"\267a\267\303@-\3736yk\353|\236\206\372\332]\225\236"
 243      402DFB36 
 243      796BEB7C 
 243      9E86FADA 
 243      5D959E
 244 0448 773DDB65 		.ascii	"w=\333eo\265\274\303\263\307'{s\030\265\2278\301\262"
 244      6FB5BCC3 
 244      B3C7277B 
 244      7318B597 
 244      38C1B2
 245 045b 179F59EE 		.ascii	"\027\237Y\356\353\224}K<\014\000\234\377\005\340\225"
 245      EB947D4B 
 245      3C0C009C 
 245      FF05E095 
 246 046b 77946FFC 		.ascii	"w\224o\374\027\251kJN"
 246      17A96B4A 
 246      4E
 247              		.text
 248              		.section	.gnu.lto_.symtab.624116d4,"",%progbits
 249 0000 50445353 		.ascii	"PDSS_PORT0_RX_CLK_StartEx\000"
 249      5F504F52 
 249      54305F52 
 249      585F434C 
 249      4B5F5374 
 250 001a 00       		.ascii	"\000"
 251 001b 00       		.ascii	"\000"
 252 001c 00       		.ascii	"\000"
 253 001d 00000000 		.ascii	"\000\000\000\000\000\000\000\000"
 253      00000000 
 254 0025 B5000000 		.ascii	"\265\000\000\000"
 255 0029 50445353 		.ascii	"PDSS_PORT0_RX_CLK_Stop\000"
 255      5F504F52 
 255      54305F52 
 255      585F434C 
 255      4B5F5374 
 256 0040 00       		.ascii	"\000"
 257 0041 00       		.ascii	"\000"
 258 0042 00       		.ascii	"\000"
 259 0043 00000000 		.ascii	"\000\000\000\000\000\000\000\000"
 259      00000000 
 260 004b B8000000 		.ascii	"\270\000\000\000"
 261 004f 50445353 		.ascii	"PDSS_PORT0_RX_CLK_SetFractionalDividerRegister\000"
 261      5F504F52 
 261      54305F52 
 261      585F434C 
 261      4B5F5365 
 262 007e 00       		.ascii	"\000"
 263 007f 00       		.ascii	"\000"
 264 0080 00       		.ascii	"\000"
 265 0081 00000000 		.ascii	"\000\000\000\000\000\000\000\000"
 265      00000000 
 266 0089 C7000000 		.ascii	"\307\000\000\000"
ARM GAS  e:\temp\ccyQSxpm.s 			page 19


 267 008d 50445353 		.ascii	"PDSS_PORT0_RX_CLK_GetDividerRegister\000"
 267      5F504F52 
 267      54305F52 
 267      585F434C 
 267      4B5F4765 
 268 00b2 00       		.ascii	"\000"
 269 00b3 00       		.ascii	"\000"
 270 00b4 00       		.ascii	"\000"
 271 00b5 00000000 		.ascii	"\000\000\000\000\000\000\000\000"
 271      00000000 
 272 00bd CA000000 		.ascii	"\312\000\000\000"
 273 00c1 50445353 		.ascii	"PDSS_PORT0_RX_CLK_GetFractionalDividerRegister\000"
 273      5F504F52 
 273      54305F52 
 273      585F434C 
 273      4B5F4765 
 274 00f0 00       		.ascii	"\000"
 275 00f1 00       		.ascii	"\000"
 276 00f2 00       		.ascii	"\000"
 277 00f3 00000000 		.ascii	"\000\000\000\000\000\000\000\000"
 277      00000000 
 278 00fb CD000000 		.ascii	"\315\000\000\000"
 279              		.text
 280              		.section	.gnu.lto_.opts,"",%progbits
 281 0000 272D666D 		.ascii	"'-fmath-errno' '-fsigned-zeros' '-ftrapping-math' '"
 281      6174682D 
 281      6572726E 
 281      6F272027 
 281      2D667369 
 282 0033 2D666E6F 		.ascii	"-fno-trapv' '-fno-openmp' '-fno-openacc' '-mcpu=cor"
 282      2D747261 
 282      70762720 
 282      272D666E 
 282      6F2D6F70 
 283 0066 7465782D 		.ascii	"tex-m0' '-mthumb' '-g' '-Os' '-Werror' '-ffunction-"
 283      6D302720 
 283      272D6D74 
 283      68756D62 
 283      2720272D 
 284 0099 73656374 		.ascii	"sections' '-ffat-lto-objects' '-finline-functions' "
 284      696F6E73 
 284      2720272D 
 284      66666174 
 284      2D6C746F 
 285 00cc 272D666C 		.ascii	"'-flto' '-fno-strict-aliasing'\000"
 285      746F2720 
 285      272D666E 
 285      6F2D7374 
 285      72696374 
 286              		.text
 287              		.cfi_sections	.debug_frame
 288              		.section	.text.PDSS_PORT0_RX_CLK_StartEx,"ax",%progbits
 289              		.align	1
 290              		.global	PDSS_PORT0_RX_CLK_StartEx
 291              		.code	16
 292              		.thumb_func
 293              		.type	PDSS_PORT0_RX_CLK_StartEx, %function
ARM GAS  e:\temp\ccyQSxpm.s 			page 20


 294              	PDSS_PORT0_RX_CLK_StartEx:
 295              	.LFB0:
 296              		.file 1 "Generated_Source\\PSoC4\\PDSS_PORT0_RX_CLK.c"
   1:Generated_Source\PSoC4/PDSS_PORT0_RX_CLK.c **** /*******************************************************************************
   2:Generated_Source\PSoC4/PDSS_PORT0_RX_CLK.c **** * File Name: PDSS_PORT0_RX_CLK.c
   3:Generated_Source\PSoC4/PDSS_PORT0_RX_CLK.c **** * Version 2.20
   4:Generated_Source\PSoC4/PDSS_PORT0_RX_CLK.c **** *
   5:Generated_Source\PSoC4/PDSS_PORT0_RX_CLK.c **** *  Description:
   6:Generated_Source\PSoC4/PDSS_PORT0_RX_CLK.c **** *   Provides system API for the clocking, interrupts and watchdog timer.
   7:Generated_Source\PSoC4/PDSS_PORT0_RX_CLK.c **** *
   8:Generated_Source\PSoC4/PDSS_PORT0_RX_CLK.c **** *  Note:
   9:Generated_Source\PSoC4/PDSS_PORT0_RX_CLK.c **** *   Documentation of the API's in this file is located in the
  10:Generated_Source\PSoC4/PDSS_PORT0_RX_CLK.c **** *   System Reference Guide provided with PSoC Creator.
  11:Generated_Source\PSoC4/PDSS_PORT0_RX_CLK.c **** *
  12:Generated_Source\PSoC4/PDSS_PORT0_RX_CLK.c **** ********************************************************************************
  13:Generated_Source\PSoC4/PDSS_PORT0_RX_CLK.c **** * Copyright 2008-2012, Cypress Semiconductor Corporation.  All rights reserved.
  14:Generated_Source\PSoC4/PDSS_PORT0_RX_CLK.c **** * You may use this file only in accordance with the license, terms, conditions,
  15:Generated_Source\PSoC4/PDSS_PORT0_RX_CLK.c **** * disclaimers, and limitations in the end user license agreement accompanying
  16:Generated_Source\PSoC4/PDSS_PORT0_RX_CLK.c **** * the software package with which this file was provided.
  17:Generated_Source\PSoC4/PDSS_PORT0_RX_CLK.c **** *******************************************************************************/
  18:Generated_Source\PSoC4/PDSS_PORT0_RX_CLK.c **** 
  19:Generated_Source\PSoC4/PDSS_PORT0_RX_CLK.c **** #include <cydevice_trm.h>
  20:Generated_Source\PSoC4/PDSS_PORT0_RX_CLK.c **** #include "PDSS_PORT0_RX_CLK.h"
  21:Generated_Source\PSoC4/PDSS_PORT0_RX_CLK.c **** 
  22:Generated_Source\PSoC4/PDSS_PORT0_RX_CLK.c **** #if defined CYREG_PERI_DIV_CMD
  23:Generated_Source\PSoC4/PDSS_PORT0_RX_CLK.c **** 
  24:Generated_Source\PSoC4/PDSS_PORT0_RX_CLK.c **** /*******************************************************************************
  25:Generated_Source\PSoC4/PDSS_PORT0_RX_CLK.c **** * Function Name: PDSS_PORT0_RX_CLK_StartEx
  26:Generated_Source\PSoC4/PDSS_PORT0_RX_CLK.c **** ********************************************************************************
  27:Generated_Source\PSoC4/PDSS_PORT0_RX_CLK.c **** *
  28:Generated_Source\PSoC4/PDSS_PORT0_RX_CLK.c **** * Summary:
  29:Generated_Source\PSoC4/PDSS_PORT0_RX_CLK.c **** *  Starts the clock, aligned to the specified running clock.
  30:Generated_Source\PSoC4/PDSS_PORT0_RX_CLK.c **** *
  31:Generated_Source\PSoC4/PDSS_PORT0_RX_CLK.c **** * Parameters:
  32:Generated_Source\PSoC4/PDSS_PORT0_RX_CLK.c **** *  alignClkDiv:  The divider to which phase alignment is performed when the
  33:Generated_Source\PSoC4/PDSS_PORT0_RX_CLK.c **** *    clock is started.
  34:Generated_Source\PSoC4/PDSS_PORT0_RX_CLK.c **** *
  35:Generated_Source\PSoC4/PDSS_PORT0_RX_CLK.c **** * Returns:
  36:Generated_Source\PSoC4/PDSS_PORT0_RX_CLK.c **** *  None
  37:Generated_Source\PSoC4/PDSS_PORT0_RX_CLK.c **** *
  38:Generated_Source\PSoC4/PDSS_PORT0_RX_CLK.c **** *******************************************************************************/
  39:Generated_Source\PSoC4/PDSS_PORT0_RX_CLK.c **** void PDSS_PORT0_RX_CLK_StartEx(uint32 alignClkDiv)
  40:Generated_Source\PSoC4/PDSS_PORT0_RX_CLK.c **** {
 297              		.loc 1 40 0
 298              		.cfi_startproc
 299              		@ args = 0, pretend = 0, frame = 0
 300              		@ frame_needed = 0, uses_anonymous_args = 0
 301              		@ link register save eliminated.
 302              	.LVL0:
  41:Generated_Source\PSoC4/PDSS_PORT0_RX_CLK.c ****     /* Make sure any previous start command has finished. */
  42:Generated_Source\PSoC4/PDSS_PORT0_RX_CLK.c ****     while((PDSS_PORT0_RX_CLK_CMD_REG & PDSS_PORT0_RX_CLK_CMD_ENABLE_MASK) != 0u)
 303              		.loc 1 42 0
 304 0000 044A     		ldr	r2, .L5
 305              	.L2:
 306              		.loc 1 42 0 is_stmt 0 discriminator 1
 307 0002 1368     		ldr	r3, [r2]
 308 0004 002B     		cmp	r3, #0
ARM GAS  e:\temp\ccyQSxpm.s 			page 21


 309 0006 FCDB     		blt	.L2
  43:Generated_Source\PSoC4/PDSS_PORT0_RX_CLK.c ****     {
  44:Generated_Source\PSoC4/PDSS_PORT0_RX_CLK.c ****     }
  45:Generated_Source\PSoC4/PDSS_PORT0_RX_CLK.c ****     
  46:Generated_Source\PSoC4/PDSS_PORT0_RX_CLK.c ****     /* Specify the target divider and it's alignment divider, and enable. */
  47:Generated_Source\PSoC4/PDSS_PORT0_RX_CLK.c ****     PDSS_PORT0_RX_CLK_CMD_REG =
  48:Generated_Source\PSoC4/PDSS_PORT0_RX_CLK.c ****         ((uint32)PDSS_PORT0_RX_CLK__DIV_ID << PDSS_PORT0_RX_CLK_CMD_DIV_SHIFT)|
  49:Generated_Source\PSoC4/PDSS_PORT0_RX_CLK.c ****         (alignClkDiv << PDSS_PORT0_RX_CLK_CMD_PA_DIV_SHIFT) |
 310              		.loc 1 49 0 is_stmt 1
 311 0008 034B     		ldr	r3, .L5+4
 312 000a 0002     		lsls	r0, r0, #8
 313              	.LVL1:
 314 000c 1843     		orrs	r0, r3
  47:Generated_Source\PSoC4/PDSS_PORT0_RX_CLK.c ****         ((uint32)PDSS_PORT0_RX_CLK__DIV_ID << PDSS_PORT0_RX_CLK_CMD_DIV_SHIFT)|
 315              		.loc 1 47 0
 316 000e 014B     		ldr	r3, .L5
  50:Generated_Source\PSoC4/PDSS_PORT0_RX_CLK.c ****         (uint32)PDSS_PORT0_RX_CLK_CMD_ENABLE_MASK;
  51:Generated_Source\PSoC4/PDSS_PORT0_RX_CLK.c **** }
 317              		.loc 1 51 0
 318              		@ sp needed
  47:Generated_Source\PSoC4/PDSS_PORT0_RX_CLK.c ****         ((uint32)PDSS_PORT0_RX_CLK__DIV_ID << PDSS_PORT0_RX_CLK_CMD_DIV_SHIFT)|
 319              		.loc 1 47 0
 320 0010 1860     		str	r0, [r3]
 321              		.loc 1 51 0
 322 0012 7047     		bx	lr
 323              	.L6:
 324              		.align	2
 325              	.L5:
 326 0014 00000140 		.word	1073807360
 327 0018 02000080 		.word	-2147483646
 328              		.cfi_endproc
 329              	.LFE0:
 330              		.size	PDSS_PORT0_RX_CLK_StartEx, .-PDSS_PORT0_RX_CLK_StartEx
 331              		.section	.text.PDSS_PORT0_RX_CLK_Stop,"ax",%progbits
 332              		.align	1
 333              		.global	PDSS_PORT0_RX_CLK_Stop
 334              		.code	16
 335              		.thumb_func
 336              		.type	PDSS_PORT0_RX_CLK_Stop, %function
 337              	PDSS_PORT0_RX_CLK_Stop:
 338              	.LFB1:
  52:Generated_Source\PSoC4/PDSS_PORT0_RX_CLK.c **** 
  53:Generated_Source\PSoC4/PDSS_PORT0_RX_CLK.c **** #else
  54:Generated_Source\PSoC4/PDSS_PORT0_RX_CLK.c **** 
  55:Generated_Source\PSoC4/PDSS_PORT0_RX_CLK.c **** /*******************************************************************************
  56:Generated_Source\PSoC4/PDSS_PORT0_RX_CLK.c **** * Function Name: PDSS_PORT0_RX_CLK_Start
  57:Generated_Source\PSoC4/PDSS_PORT0_RX_CLK.c **** ********************************************************************************
  58:Generated_Source\PSoC4/PDSS_PORT0_RX_CLK.c **** *
  59:Generated_Source\PSoC4/PDSS_PORT0_RX_CLK.c **** * Summary:
  60:Generated_Source\PSoC4/PDSS_PORT0_RX_CLK.c **** *  Starts the clock.
  61:Generated_Source\PSoC4/PDSS_PORT0_RX_CLK.c **** *
  62:Generated_Source\PSoC4/PDSS_PORT0_RX_CLK.c **** * Parameters:
  63:Generated_Source\PSoC4/PDSS_PORT0_RX_CLK.c **** *  None
  64:Generated_Source\PSoC4/PDSS_PORT0_RX_CLK.c **** *
  65:Generated_Source\PSoC4/PDSS_PORT0_RX_CLK.c **** * Returns:
  66:Generated_Source\PSoC4/PDSS_PORT0_RX_CLK.c **** *  None
  67:Generated_Source\PSoC4/PDSS_PORT0_RX_CLK.c **** *
ARM GAS  e:\temp\ccyQSxpm.s 			page 22


  68:Generated_Source\PSoC4/PDSS_PORT0_RX_CLK.c **** *******************************************************************************/
  69:Generated_Source\PSoC4/PDSS_PORT0_RX_CLK.c **** 
  70:Generated_Source\PSoC4/PDSS_PORT0_RX_CLK.c **** void PDSS_PORT0_RX_CLK_Start(void)
  71:Generated_Source\PSoC4/PDSS_PORT0_RX_CLK.c **** {
  72:Generated_Source\PSoC4/PDSS_PORT0_RX_CLK.c ****     /* Set the bit to enable the clock. */
  73:Generated_Source\PSoC4/PDSS_PORT0_RX_CLK.c ****     PDSS_PORT0_RX_CLK_ENABLE_REG |= PDSS_PORT0_RX_CLK__ENABLE_MASK;
  74:Generated_Source\PSoC4/PDSS_PORT0_RX_CLK.c **** }
  75:Generated_Source\PSoC4/PDSS_PORT0_RX_CLK.c **** 
  76:Generated_Source\PSoC4/PDSS_PORT0_RX_CLK.c **** #endif /* CYREG_PERI_DIV_CMD */
  77:Generated_Source\PSoC4/PDSS_PORT0_RX_CLK.c **** 
  78:Generated_Source\PSoC4/PDSS_PORT0_RX_CLK.c **** 
  79:Generated_Source\PSoC4/PDSS_PORT0_RX_CLK.c **** /*******************************************************************************
  80:Generated_Source\PSoC4/PDSS_PORT0_RX_CLK.c **** * Function Name: PDSS_PORT0_RX_CLK_Stop
  81:Generated_Source\PSoC4/PDSS_PORT0_RX_CLK.c **** ********************************************************************************
  82:Generated_Source\PSoC4/PDSS_PORT0_RX_CLK.c **** *
  83:Generated_Source\PSoC4/PDSS_PORT0_RX_CLK.c **** * Summary:
  84:Generated_Source\PSoC4/PDSS_PORT0_RX_CLK.c **** *  Stops the clock and returns immediately. This API does not require the
  85:Generated_Source\PSoC4/PDSS_PORT0_RX_CLK.c **** *  source clock to be running but may return before the hardware is actually
  86:Generated_Source\PSoC4/PDSS_PORT0_RX_CLK.c **** *  disabled.
  87:Generated_Source\PSoC4/PDSS_PORT0_RX_CLK.c **** *
  88:Generated_Source\PSoC4/PDSS_PORT0_RX_CLK.c **** * Parameters:
  89:Generated_Source\PSoC4/PDSS_PORT0_RX_CLK.c **** *  None
  90:Generated_Source\PSoC4/PDSS_PORT0_RX_CLK.c **** *
  91:Generated_Source\PSoC4/PDSS_PORT0_RX_CLK.c **** * Returns:
  92:Generated_Source\PSoC4/PDSS_PORT0_RX_CLK.c **** *  None
  93:Generated_Source\PSoC4/PDSS_PORT0_RX_CLK.c **** *
  94:Generated_Source\PSoC4/PDSS_PORT0_RX_CLK.c **** *******************************************************************************/
  95:Generated_Source\PSoC4/PDSS_PORT0_RX_CLK.c **** void PDSS_PORT0_RX_CLK_Stop(void)
  96:Generated_Source\PSoC4/PDSS_PORT0_RX_CLK.c **** {
 339              		.loc 1 96 0
 340              		.cfi_startproc
 341              		@ args = 0, pretend = 0, frame = 0
 342              		@ frame_needed = 0, uses_anonymous_args = 0
 343              		@ link register save eliminated.
  97:Generated_Source\PSoC4/PDSS_PORT0_RX_CLK.c **** #if defined CYREG_PERI_DIV_CMD
  98:Generated_Source\PSoC4/PDSS_PORT0_RX_CLK.c **** 
  99:Generated_Source\PSoC4/PDSS_PORT0_RX_CLK.c ****     /* Make sure any previous start command has finished. */
 100:Generated_Source\PSoC4/PDSS_PORT0_RX_CLK.c ****     while((PDSS_PORT0_RX_CLK_CMD_REG & PDSS_PORT0_RX_CLK_CMD_ENABLE_MASK) != 0u)
 344              		.loc 1 100 0
 345 0000 034A     		ldr	r2, .L10
 346              	.L8:
 347              		.loc 1 100 0 is_stmt 0 discriminator 1
 348 0002 1368     		ldr	r3, [r2]
 349 0004 002B     		cmp	r3, #0
 350 0006 FCDB     		blt	.L8
 101:Generated_Source\PSoC4/PDSS_PORT0_RX_CLK.c ****     {
 102:Generated_Source\PSoC4/PDSS_PORT0_RX_CLK.c ****     }
 103:Generated_Source\PSoC4/PDSS_PORT0_RX_CLK.c ****     
 104:Generated_Source\PSoC4/PDSS_PORT0_RX_CLK.c ****     /* Specify the target divider and it's alignment divider, and disable. */
 105:Generated_Source\PSoC4/PDSS_PORT0_RX_CLK.c ****     PDSS_PORT0_RX_CLK_CMD_REG =
 351              		.loc 1 105 0 is_stmt 1
 352 0008 024A     		ldr	r2, .L10+4
 353 000a 014B     		ldr	r3, .L10
 106:Generated_Source\PSoC4/PDSS_PORT0_RX_CLK.c ****         ((uint32)PDSS_PORT0_RX_CLK__DIV_ID << PDSS_PORT0_RX_CLK_CMD_DIV_SHIFT)|
 107:Generated_Source\PSoC4/PDSS_PORT0_RX_CLK.c ****         ((uint32)PDSS_PORT0_RX_CLK_CMD_DISABLE_MASK);
 108:Generated_Source\PSoC4/PDSS_PORT0_RX_CLK.c **** 
 109:Generated_Source\PSoC4/PDSS_PORT0_RX_CLK.c **** #else
ARM GAS  e:\temp\ccyQSxpm.s 			page 23


 110:Generated_Source\PSoC4/PDSS_PORT0_RX_CLK.c **** 
 111:Generated_Source\PSoC4/PDSS_PORT0_RX_CLK.c ****     /* Clear the bit to disable the clock. */
 112:Generated_Source\PSoC4/PDSS_PORT0_RX_CLK.c ****     PDSS_PORT0_RX_CLK_ENABLE_REG &= (uint32)(~PDSS_PORT0_RX_CLK__ENABLE_MASK);
 113:Generated_Source\PSoC4/PDSS_PORT0_RX_CLK.c ****     
 114:Generated_Source\PSoC4/PDSS_PORT0_RX_CLK.c **** #endif /* CYREG_PERI_DIV_CMD */
 115:Generated_Source\PSoC4/PDSS_PORT0_RX_CLK.c **** }
 354              		.loc 1 115 0
 355              		@ sp needed
 105:Generated_Source\PSoC4/PDSS_PORT0_RX_CLK.c ****         ((uint32)PDSS_PORT0_RX_CLK__DIV_ID << PDSS_PORT0_RX_CLK_CMD_DIV_SHIFT)|
 356              		.loc 1 105 0
 357 000c 1A60     		str	r2, [r3]
 358              		.loc 1 115 0
 359 000e 7047     		bx	lr
 360              	.L11:
 361              		.align	2
 362              	.L10:
 363 0010 00000140 		.word	1073807360
 364 0014 02000040 		.word	1073741826
 365              		.cfi_endproc
 366              	.LFE1:
 367              		.size	PDSS_PORT0_RX_CLK_Stop, .-PDSS_PORT0_RX_CLK_Stop
 368              		.section	.text.PDSS_PORT0_RX_CLK_SetFractionalDividerRegister,"ax",%progbits
 369              		.align	1
 370              		.global	PDSS_PORT0_RX_CLK_SetFractionalDividerRegister
 371              		.code	16
 372              		.thumb_func
 373              		.type	PDSS_PORT0_RX_CLK_SetFractionalDividerRegister, %function
 374              	PDSS_PORT0_RX_CLK_SetFractionalDividerRegister:
 375              	.LFB2:
 116:Generated_Source\PSoC4/PDSS_PORT0_RX_CLK.c **** 
 117:Generated_Source\PSoC4/PDSS_PORT0_RX_CLK.c **** 
 118:Generated_Source\PSoC4/PDSS_PORT0_RX_CLK.c **** /*******************************************************************************
 119:Generated_Source\PSoC4/PDSS_PORT0_RX_CLK.c **** * Function Name: PDSS_PORT0_RX_CLK_SetFractionalDividerRegister
 120:Generated_Source\PSoC4/PDSS_PORT0_RX_CLK.c **** ********************************************************************************
 121:Generated_Source\PSoC4/PDSS_PORT0_RX_CLK.c **** *
 122:Generated_Source\PSoC4/PDSS_PORT0_RX_CLK.c **** * Summary:
 123:Generated_Source\PSoC4/PDSS_PORT0_RX_CLK.c **** *  Modifies the clock divider and the fractional divider.
 124:Generated_Source\PSoC4/PDSS_PORT0_RX_CLK.c **** *
 125:Generated_Source\PSoC4/PDSS_PORT0_RX_CLK.c **** * Parameters:
 126:Generated_Source\PSoC4/PDSS_PORT0_RX_CLK.c **** *  clkDivider:  Divider register value (0-65535). This value is NOT the
 127:Generated_Source\PSoC4/PDSS_PORT0_RX_CLK.c **** *    divider; the clock hardware divides by clkDivider plus one. For example,
 128:Generated_Source\PSoC4/PDSS_PORT0_RX_CLK.c **** *    to divide the clock by 2, this parameter should be set to 1.
 129:Generated_Source\PSoC4/PDSS_PORT0_RX_CLK.c **** *  fracDivider:  Fractional Divider register value (0-31).
 130:Generated_Source\PSoC4/PDSS_PORT0_RX_CLK.c **** * Returns:
 131:Generated_Source\PSoC4/PDSS_PORT0_RX_CLK.c **** *  None
 132:Generated_Source\PSoC4/PDSS_PORT0_RX_CLK.c **** *
 133:Generated_Source\PSoC4/PDSS_PORT0_RX_CLK.c **** *******************************************************************************/
 134:Generated_Source\PSoC4/PDSS_PORT0_RX_CLK.c **** void PDSS_PORT0_RX_CLK_SetFractionalDividerRegister(uint16 clkDivider, uint8 clkFractional)
 135:Generated_Source\PSoC4/PDSS_PORT0_RX_CLK.c **** {
 376              		.loc 1 135 0
 377              		.cfi_startproc
 378              		@ args = 0, pretend = 0, frame = 0
 379              		@ frame_needed = 0, uses_anonymous_args = 0
 380              	.LVL2:
 136:Generated_Source\PSoC4/PDSS_PORT0_RX_CLK.c ****     uint32 maskVal;
 137:Generated_Source\PSoC4/PDSS_PORT0_RX_CLK.c ****     uint32 regVal;
 138:Generated_Source\PSoC4/PDSS_PORT0_RX_CLK.c ****     
ARM GAS  e:\temp\ccyQSxpm.s 			page 24


 139:Generated_Source\PSoC4/PDSS_PORT0_RX_CLK.c **** #if defined (PDSS_PORT0_RX_CLK__FRAC_MASK) || defined (CYREG_PERI_DIV_CMD)
 140:Generated_Source\PSoC4/PDSS_PORT0_RX_CLK.c ****     
 141:Generated_Source\PSoC4/PDSS_PORT0_RX_CLK.c **** 	/* get all but divider bits */
 142:Generated_Source\PSoC4/PDSS_PORT0_RX_CLK.c ****     maskVal = PDSS_PORT0_RX_CLK_DIV_REG & 
 143:Generated_Source\PSoC4/PDSS_PORT0_RX_CLK.c ****                     (uint32)(~(uint32)(PDSS_PORT0_RX_CLK_DIV_INT_MASK | PDSS_PORT0_RX_CLK_DIV_FRAC_
 144:Generated_Source\PSoC4/PDSS_PORT0_RX_CLK.c **** 	/* combine mask and new divider vals into 32-bit value */
 145:Generated_Source\PSoC4/PDSS_PORT0_RX_CLK.c ****     regVal = maskVal |
 381              		.loc 1 145 0
 382 0000 FF22     		movs	r2, #255
 383 0002 C900     		lsls	r1, r1, #3
 384              	.LVL3:
 385 0004 1140     		ands	r1, r2
 386 0006 0202     		lsls	r2, r0, #8
 387 0008 1143     		orrs	r1, r2
 388 000a 0723     		movs	r3, #7
 389 000c 0800     		movs	r0, r1
 390              	.LVL4:
 135:Generated_Source\PSoC4/PDSS_PORT0_RX_CLK.c ****     uint32 maskVal;
 391              		.loc 1 135 0
 392 000e 30B5     		push	{r4, r5, lr}
 393              		.cfi_def_cfa_offset 12
 394              		.cfi_offset 4, -12
 395              		.cfi_offset 5, -8
 396              		.cfi_offset 14, -4
 142:Generated_Source\PSoC4/PDSS_PORT0_RX_CLK.c ****                     (uint32)(~(uint32)(PDSS_PORT0_RX_CLK_DIV_INT_MASK | PDSS_PORT0_RX_CLK_DIV_FRAC_
 397              		.loc 1 142 0
 398 0010 024C     		ldr	r4, .L13
 146:Generated_Source\PSoC4/PDSS_PORT0_RX_CLK.c ****         ((uint32)((uint32)clkDivider <<  PDSS_PORT0_RX_CLK_DIV_INT_SHIFT) & PDSS_PORT0_RX_CLK_DIV_I
 147:Generated_Source\PSoC4/PDSS_PORT0_RX_CLK.c ****         ((uint32)((uint32)clkFractional << PDSS_PORT0_RX_CLK_DIV_FRAC_SHIFT) & PDSS_PORT0_RX_CLK_DI
 148:Generated_Source\PSoC4/PDSS_PORT0_RX_CLK.c ****     
 149:Generated_Source\PSoC4/PDSS_PORT0_RX_CLK.c **** #else
 150:Generated_Source\PSoC4/PDSS_PORT0_RX_CLK.c ****     /* get all but integer divider bits */
 151:Generated_Source\PSoC4/PDSS_PORT0_RX_CLK.c ****     maskVal = PDSS_PORT0_RX_CLK_DIV_REG & (uint32)(~(uint32)PDSS_PORT0_RX_CLK__DIVIDER_MASK);
 152:Generated_Source\PSoC4/PDSS_PORT0_RX_CLK.c ****     /* combine mask and new divider val into 32-bit value */
 153:Generated_Source\PSoC4/PDSS_PORT0_RX_CLK.c ****     regVal = clkDivider | maskVal;
 154:Generated_Source\PSoC4/PDSS_PORT0_RX_CLK.c ****     
 155:Generated_Source\PSoC4/PDSS_PORT0_RX_CLK.c **** #endif /* PDSS_PORT0_RX_CLK__FRAC_MASK || CYREG_PERI_DIV_CMD */
 156:Generated_Source\PSoC4/PDSS_PORT0_RX_CLK.c **** 
 157:Generated_Source\PSoC4/PDSS_PORT0_RX_CLK.c ****     PDSS_PORT0_RX_CLK_DIV_REG = regVal;
 158:Generated_Source\PSoC4/PDSS_PORT0_RX_CLK.c **** }
 399              		.loc 1 158 0
 400              		@ sp needed
 142:Generated_Source\PSoC4/PDSS_PORT0_RX_CLK.c ****                     (uint32)(~(uint32)(PDSS_PORT0_RX_CLK_DIV_INT_MASK | PDSS_PORT0_RX_CLK_DIV_FRAC_
 401              		.loc 1 142 0
 402 0012 2568     		ldr	r5, [r4]
 403              	.LVL5:
 145:Generated_Source\PSoC4/PDSS_PORT0_RX_CLK.c ****         ((uint32)((uint32)clkDivider <<  PDSS_PORT0_RX_CLK_DIV_INT_SHIFT) & PDSS_PORT0_RX_CLK_DIV_I
 404              		.loc 1 145 0
 405 0014 2B40     		ands	r3, r5
 406              	.LVL6:
 407 0016 1843     		orrs	r0, r3
 408              	.LVL7:
 157:Generated_Source\PSoC4/PDSS_PORT0_RX_CLK.c **** }
 409              		.loc 1 157 0
 410 0018 2060     		str	r0, [r4]
 411              		.loc 1 158 0
 412 001a 30BD     		pop	{r4, r5, pc}
ARM GAS  e:\temp\ccyQSxpm.s 			page 25


 413              	.L14:
 414              		.align	2
 415              	.L13:
 416 001c 08020140 		.word	1073807880
 417              		.cfi_endproc
 418              	.LFE2:
 419              		.size	PDSS_PORT0_RX_CLK_SetFractionalDividerRegister, .-PDSS_PORT0_RX_CLK_SetFractionalDividerRegi
 420              		.section	.text.PDSS_PORT0_RX_CLK_GetDividerRegister,"ax",%progbits
 421              		.align	1
 422              		.global	PDSS_PORT0_RX_CLK_GetDividerRegister
 423              		.code	16
 424              		.thumb_func
 425              		.type	PDSS_PORT0_RX_CLK_GetDividerRegister, %function
 426              	PDSS_PORT0_RX_CLK_GetDividerRegister:
 427              	.LFB3:
 159:Generated_Source\PSoC4/PDSS_PORT0_RX_CLK.c **** 
 160:Generated_Source\PSoC4/PDSS_PORT0_RX_CLK.c **** 
 161:Generated_Source\PSoC4/PDSS_PORT0_RX_CLK.c **** /*******************************************************************************
 162:Generated_Source\PSoC4/PDSS_PORT0_RX_CLK.c **** * Function Name: PDSS_PORT0_RX_CLK_GetDividerRegister
 163:Generated_Source\PSoC4/PDSS_PORT0_RX_CLK.c **** ********************************************************************************
 164:Generated_Source\PSoC4/PDSS_PORT0_RX_CLK.c **** *
 165:Generated_Source\PSoC4/PDSS_PORT0_RX_CLK.c **** * Summary:
 166:Generated_Source\PSoC4/PDSS_PORT0_RX_CLK.c **** *  Gets the clock divider register value.
 167:Generated_Source\PSoC4/PDSS_PORT0_RX_CLK.c **** *
 168:Generated_Source\PSoC4/PDSS_PORT0_RX_CLK.c **** * Parameters:
 169:Generated_Source\PSoC4/PDSS_PORT0_RX_CLK.c **** *  None
 170:Generated_Source\PSoC4/PDSS_PORT0_RX_CLK.c **** *
 171:Generated_Source\PSoC4/PDSS_PORT0_RX_CLK.c **** * Returns:
 172:Generated_Source\PSoC4/PDSS_PORT0_RX_CLK.c **** *  Divide value of the clock minus 1. For example, if the clock is set to
 173:Generated_Source\PSoC4/PDSS_PORT0_RX_CLK.c **** *  divide by 2, the return value will be 1.
 174:Generated_Source\PSoC4/PDSS_PORT0_RX_CLK.c **** *
 175:Generated_Source\PSoC4/PDSS_PORT0_RX_CLK.c **** *******************************************************************************/
 176:Generated_Source\PSoC4/PDSS_PORT0_RX_CLK.c **** uint16 PDSS_PORT0_RX_CLK_GetDividerRegister(void)
 177:Generated_Source\PSoC4/PDSS_PORT0_RX_CLK.c **** {
 428              		.loc 1 177 0
 429              		.cfi_startproc
 430              		@ args = 0, pretend = 0, frame = 0
 431              		@ frame_needed = 0, uses_anonymous_args = 0
 432              		@ link register save eliminated.
 178:Generated_Source\PSoC4/PDSS_PORT0_RX_CLK.c ****     return (uint16)((PDSS_PORT0_RX_CLK_DIV_REG & PDSS_PORT0_RX_CLK_DIV_INT_MASK)
 433              		.loc 1 178 0
 434 0000 024B     		ldr	r3, .L16
 179:Generated_Source\PSoC4/PDSS_PORT0_RX_CLK.c ****         >> PDSS_PORT0_RX_CLK_DIV_INT_SHIFT);
 180:Generated_Source\PSoC4/PDSS_PORT0_RX_CLK.c **** }
 435              		.loc 1 180 0
 436              		@ sp needed
 178:Generated_Source\PSoC4/PDSS_PORT0_RX_CLK.c ****     return (uint16)((PDSS_PORT0_RX_CLK_DIV_REG & PDSS_PORT0_RX_CLK_DIV_INT_MASK)
 437              		.loc 1 178 0
 438 0002 1868     		ldr	r0, [r3]
 439 0004 000A     		lsrs	r0, r0, #8
 440 0006 80B2     		uxth	r0, r0
 441              		.loc 1 180 0
 442 0008 7047     		bx	lr
 443              	.L17:
 444 000a C046     		.align	2
 445              	.L16:
 446 000c 08020140 		.word	1073807880
ARM GAS  e:\temp\ccyQSxpm.s 			page 26


 447              		.cfi_endproc
 448              	.LFE3:
 449              		.size	PDSS_PORT0_RX_CLK_GetDividerRegister, .-PDSS_PORT0_RX_CLK_GetDividerRegister
 450              		.section	.text.PDSS_PORT0_RX_CLK_GetFractionalDividerRegister,"ax",%progbits
 451              		.align	1
 452              		.global	PDSS_PORT0_RX_CLK_GetFractionalDividerRegister
 453              		.code	16
 454              		.thumb_func
 455              		.type	PDSS_PORT0_RX_CLK_GetFractionalDividerRegister, %function
 456              	PDSS_PORT0_RX_CLK_GetFractionalDividerRegister:
 457              	.LFB4:
 181:Generated_Source\PSoC4/PDSS_PORT0_RX_CLK.c **** 
 182:Generated_Source\PSoC4/PDSS_PORT0_RX_CLK.c **** 
 183:Generated_Source\PSoC4/PDSS_PORT0_RX_CLK.c **** /*******************************************************************************
 184:Generated_Source\PSoC4/PDSS_PORT0_RX_CLK.c **** * Function Name: PDSS_PORT0_RX_CLK_GetFractionalDividerRegister
 185:Generated_Source\PSoC4/PDSS_PORT0_RX_CLK.c **** ********************************************************************************
 186:Generated_Source\PSoC4/PDSS_PORT0_RX_CLK.c **** *
 187:Generated_Source\PSoC4/PDSS_PORT0_RX_CLK.c **** * Summary:
 188:Generated_Source\PSoC4/PDSS_PORT0_RX_CLK.c **** *  Gets the clock fractional divider register value.
 189:Generated_Source\PSoC4/PDSS_PORT0_RX_CLK.c **** *
 190:Generated_Source\PSoC4/PDSS_PORT0_RX_CLK.c **** * Parameters:
 191:Generated_Source\PSoC4/PDSS_PORT0_RX_CLK.c **** *  None
 192:Generated_Source\PSoC4/PDSS_PORT0_RX_CLK.c **** *
 193:Generated_Source\PSoC4/PDSS_PORT0_RX_CLK.c **** * Returns:
 194:Generated_Source\PSoC4/PDSS_PORT0_RX_CLK.c **** *  Fractional Divide value of the clock
 195:Generated_Source\PSoC4/PDSS_PORT0_RX_CLK.c **** *  0 if the fractional divider is not in use.
 196:Generated_Source\PSoC4/PDSS_PORT0_RX_CLK.c **** *
 197:Generated_Source\PSoC4/PDSS_PORT0_RX_CLK.c **** *******************************************************************************/
 198:Generated_Source\PSoC4/PDSS_PORT0_RX_CLK.c **** uint8 PDSS_PORT0_RX_CLK_GetFractionalDividerRegister(void)
 199:Generated_Source\PSoC4/PDSS_PORT0_RX_CLK.c **** {
 458              		.loc 1 199 0
 459              		.cfi_startproc
 460              		@ args = 0, pretend = 0, frame = 0
 461              		@ frame_needed = 0, uses_anonymous_args = 0
 462              		@ link register save eliminated.
 200:Generated_Source\PSoC4/PDSS_PORT0_RX_CLK.c **** #if defined (PDSS_PORT0_RX_CLK__FRAC_MASK)
 201:Generated_Source\PSoC4/PDSS_PORT0_RX_CLK.c ****     /* return fractional divider bits */
 202:Generated_Source\PSoC4/PDSS_PORT0_RX_CLK.c ****     return (uint8)((PDSS_PORT0_RX_CLK_DIV_REG & PDSS_PORT0_RX_CLK_DIV_FRAC_MASK)
 203:Generated_Source\PSoC4/PDSS_PORT0_RX_CLK.c ****         >> PDSS_PORT0_RX_CLK_DIV_FRAC_SHIFT);
 204:Generated_Source\PSoC4/PDSS_PORT0_RX_CLK.c **** #else
 205:Generated_Source\PSoC4/PDSS_PORT0_RX_CLK.c ****     return 0u;
 206:Generated_Source\PSoC4/PDSS_PORT0_RX_CLK.c **** #endif /* PDSS_PORT0_RX_CLK__FRAC_MASK */
 207:Generated_Source\PSoC4/PDSS_PORT0_RX_CLK.c **** }
 463              		.loc 1 207 0
 464 0000 0020     		movs	r0, #0
 465              		@ sp needed
 466 0002 7047     		bx	lr
 467              		.cfi_endproc
 468              	.LFE4:
 469              		.size	PDSS_PORT0_RX_CLK_GetFractionalDividerRegister, .-PDSS_PORT0_RX_CLK_GetFractionalDividerRegi
 470              		.text
 471              	.Letext0:
 472              		.file 2 "Generated_Source\\PSoC4/cytypes.h"
 473              		.section	.debug_info,"",%progbits
 474              	.Ldebug_info0:
 475 0000 62010000 		.4byte	0x162
 476 0004 0400     		.2byte	0x4
ARM GAS  e:\temp\ccyQSxpm.s 			page 27


 477 0006 00000000 		.4byte	.Ldebug_abbrev0
 478 000a 04       		.byte	0x4
 479 000b 01       		.uleb128 0x1
 480 000c C6000000 		.4byte	.LASF25
 481 0010 0C       		.byte	0xc
 482 0011 B1010000 		.4byte	.LASF26
 483 0015 39020000 		.4byte	.LASF27
 484 0019 00000000 		.4byte	.Ldebug_ranges0+0
 485 001d 00000000 		.4byte	0
 486 0021 00000000 		.4byte	.Ldebug_line0
 487 0025 02       		.uleb128 0x2
 488 0026 01       		.byte	0x1
 489 0027 06       		.byte	0x6
 490 0028 2D020000 		.4byte	.LASF0
 491 002c 02       		.uleb128 0x2
 492 002d 01       		.byte	0x1
 493 002e 08       		.byte	0x8
 494 002f 2E000000 		.4byte	.LASF1
 495 0033 02       		.uleb128 0x2
 496 0034 02       		.byte	0x2
 497 0035 05       		.byte	0x5
 498 0036 EF010000 		.4byte	.LASF2
 499 003a 02       		.uleb128 0x2
 500 003b 02       		.byte	0x2
 501 003c 07       		.byte	0x7
 502 003d 4E000000 		.4byte	.LASF3
 503 0041 02       		.uleb128 0x2
 504 0042 04       		.byte	0x4
 505 0043 05       		.byte	0x5
 506 0044 24020000 		.4byte	.LASF4
 507 0048 02       		.uleb128 0x2
 508 0049 04       		.byte	0x4
 509 004a 07       		.byte	0x7
 510 004b 3C000000 		.4byte	.LASF5
 511 004f 02       		.uleb128 0x2
 512 0050 08       		.byte	0x8
 513 0051 05       		.byte	0x5
 514 0052 DC010000 		.4byte	.LASF6
 515 0056 02       		.uleb128 0x2
 516 0057 08       		.byte	0x8
 517 0058 07       		.byte	0x7
 518 0059 AF000000 		.4byte	.LASF7
 519 005d 03       		.uleb128 0x3
 520 005e 04       		.byte	0x4
 521 005f 05       		.byte	0x5
 522 0060 696E7400 		.ascii	"int\000"
 523 0064 02       		.uleb128 0x2
 524 0065 04       		.byte	0x4
 525 0066 07       		.byte	0x7
 526 0067 A2000000 		.4byte	.LASF8
 527 006b 04       		.uleb128 0x4
 528 006c 1E020000 		.4byte	.LASF9
 529 0070 02       		.byte	0x2
 530 0071 E401     		.2byte	0x1e4
 531 0073 2C000000 		.4byte	0x2c
 532 0077 04       		.uleb128 0x4
 533 0078 94000000 		.4byte	.LASF10
ARM GAS  e:\temp\ccyQSxpm.s 			page 28


 534 007c 02       		.byte	0x2
 535 007d E501     		.2byte	0x1e5
 536 007f 3A000000 		.4byte	0x3a
 537 0083 04       		.uleb128 0x4
 538 0084 9B000000 		.4byte	.LASF11
 539 0088 02       		.byte	0x2
 540 0089 E601     		.2byte	0x1e6
 541 008b 48000000 		.4byte	0x48
 542 008f 02       		.uleb128 0x2
 543 0090 04       		.byte	0x4
 544 0091 04       		.byte	0x4
 545 0092 28000000 		.4byte	.LASF12
 546 0096 02       		.uleb128 0x2
 547 0097 08       		.byte	0x8
 548 0098 04       		.byte	0x4
 549 0099 6C000000 		.4byte	.LASF13
 550 009d 02       		.uleb128 0x2
 551 009e 01       		.byte	0x1
 552 009f 08       		.byte	0x8
 553 00a0 EA010000 		.4byte	.LASF14
 554 00a4 04       		.uleb128 0x4
 555 00a5 1A000000 		.4byte	.LASF15
 556 00a9 02       		.byte	0x2
 557 00aa 9002     		.2byte	0x290
 558 00ac B0000000 		.4byte	0xb0
 559 00b0 05       		.uleb128 0x5
 560 00b1 83000000 		.4byte	0x83
 561 00b5 06       		.uleb128 0x6
 562 00b6 00000000 		.4byte	.LASF16
 563 00ba 01       		.byte	0x1
 564 00bb 27       		.byte	0x27
 565 00bc 00000000 		.4byte	.LFB0
 566 00c0 1C000000 		.4byte	.LFE0-.LFB0
 567 00c4 01       		.uleb128 0x1
 568 00c5 9C       		.byte	0x9c
 569 00c6 DA000000 		.4byte	0xda
 570 00ca 07       		.uleb128 0x7
 571 00cb 7A000000 		.4byte	.LASF18
 572 00cf 01       		.byte	0x1
 573 00d0 27       		.byte	0x27
 574 00d1 83000000 		.4byte	0x83
 575 00d5 00000000 		.4byte	.LLST0
 576 00d9 00       		.byte	0
 577 00da 08       		.uleb128 0x8
 578 00db A4020000 		.4byte	.LASF28
 579 00df 01       		.byte	0x1
 580 00e0 5F       		.byte	0x5f
 581 00e1 00000000 		.4byte	.LFB1
 582 00e5 18000000 		.4byte	.LFE1-.LFB1
 583 00e9 01       		.uleb128 0x1
 584 00ea 9C       		.byte	0x9c
 585 00eb 06       		.uleb128 0x6
 586 00ec BB020000 		.4byte	.LASF17
 587 00f0 01       		.byte	0x1
 588 00f1 86       		.byte	0x86
 589 00f2 00000000 		.4byte	.LFB2
 590 00f6 20000000 		.4byte	.LFE2-.LFB2
ARM GAS  e:\temp\ccyQSxpm.s 			page 29


 591 00fa 01       		.uleb128 0x1
 592 00fb 9C       		.byte	0x9c
 593 00fc 3B010000 		.4byte	0x13b
 594 0100 07       		.uleb128 0x7
 595 0101 61000000 		.4byte	.LASF19
 596 0105 01       		.byte	0x1
 597 0106 86       		.byte	0x86
 598 0107 77000000 		.4byte	0x77
 599 010b 21000000 		.4byte	.LLST1
 600 010f 07       		.uleb128 0x7
 601 0110 86000000 		.4byte	.LASF20
 602 0114 01       		.byte	0x1
 603 0115 86       		.byte	0x86
 604 0116 6B000000 		.4byte	0x6b
 605 011a 42000000 		.4byte	.LLST2
 606 011e 09       		.uleb128 0x9
 607 011f 20000000 		.4byte	.LASF21
 608 0123 01       		.byte	0x1
 609 0124 88       		.byte	0x88
 610 0125 83000000 		.4byte	0x83
 611 0129 63000000 		.4byte	.LLST3
 612 012d 0A       		.uleb128 0xa
 613 012e 73000000 		.4byte	.LASF22
 614 0132 01       		.byte	0x1
 615 0133 89       		.byte	0x89
 616 0134 83000000 		.4byte	0x83
 617 0138 01       		.uleb128 0x1
 618 0139 50       		.byte	0x50
 619 013a 00       		.byte	0
 620 013b 0B       		.uleb128 0xb
 621 013c F9010000 		.4byte	.LASF23
 622 0140 01       		.byte	0x1
 623 0141 B0       		.byte	0xb0
 624 0142 77000000 		.4byte	0x77
 625 0146 00000000 		.4byte	.LFB3
 626 014a 10000000 		.4byte	.LFE3-.LFB3
 627 014e 01       		.uleb128 0x1
 628 014f 9C       		.byte	0x9c
 629 0150 0B       		.uleb128 0xb
 630 0151 82010000 		.4byte	.LASF24
 631 0155 01       		.byte	0x1
 632 0156 C6       		.byte	0xc6
 633 0157 6B000000 		.4byte	0x6b
 634 015b 00000000 		.4byte	.LFB4
 635 015f 04000000 		.4byte	.LFE4-.LFB4
 636 0163 01       		.uleb128 0x1
 637 0164 9C       		.byte	0x9c
 638 0165 00       		.byte	0
 639              		.section	.debug_abbrev,"",%progbits
 640              	.Ldebug_abbrev0:
 641 0000 01       		.uleb128 0x1
 642 0001 11       		.uleb128 0x11
 643 0002 01       		.byte	0x1
 644 0003 25       		.uleb128 0x25
 645 0004 0E       		.uleb128 0xe
 646 0005 13       		.uleb128 0x13
 647 0006 0B       		.uleb128 0xb
ARM GAS  e:\temp\ccyQSxpm.s 			page 30


 648 0007 03       		.uleb128 0x3
 649 0008 0E       		.uleb128 0xe
 650 0009 1B       		.uleb128 0x1b
 651 000a 0E       		.uleb128 0xe
 652 000b 55       		.uleb128 0x55
 653 000c 17       		.uleb128 0x17
 654 000d 11       		.uleb128 0x11
 655 000e 01       		.uleb128 0x1
 656 000f 10       		.uleb128 0x10
 657 0010 17       		.uleb128 0x17
 658 0011 00       		.byte	0
 659 0012 00       		.byte	0
 660 0013 02       		.uleb128 0x2
 661 0014 24       		.uleb128 0x24
 662 0015 00       		.byte	0
 663 0016 0B       		.uleb128 0xb
 664 0017 0B       		.uleb128 0xb
 665 0018 3E       		.uleb128 0x3e
 666 0019 0B       		.uleb128 0xb
 667 001a 03       		.uleb128 0x3
 668 001b 0E       		.uleb128 0xe
 669 001c 00       		.byte	0
 670 001d 00       		.byte	0
 671 001e 03       		.uleb128 0x3
 672 001f 24       		.uleb128 0x24
 673 0020 00       		.byte	0
 674 0021 0B       		.uleb128 0xb
 675 0022 0B       		.uleb128 0xb
 676 0023 3E       		.uleb128 0x3e
 677 0024 0B       		.uleb128 0xb
 678 0025 03       		.uleb128 0x3
 679 0026 08       		.uleb128 0x8
 680 0027 00       		.byte	0
 681 0028 00       		.byte	0
 682 0029 04       		.uleb128 0x4
 683 002a 16       		.uleb128 0x16
 684 002b 00       		.byte	0
 685 002c 03       		.uleb128 0x3
 686 002d 0E       		.uleb128 0xe
 687 002e 3A       		.uleb128 0x3a
 688 002f 0B       		.uleb128 0xb
 689 0030 3B       		.uleb128 0x3b
 690 0031 05       		.uleb128 0x5
 691 0032 49       		.uleb128 0x49
 692 0033 13       		.uleb128 0x13
 693 0034 00       		.byte	0
 694 0035 00       		.byte	0
 695 0036 05       		.uleb128 0x5
 696 0037 35       		.uleb128 0x35
 697 0038 00       		.byte	0
 698 0039 49       		.uleb128 0x49
 699 003a 13       		.uleb128 0x13
 700 003b 00       		.byte	0
 701 003c 00       		.byte	0
 702 003d 06       		.uleb128 0x6
 703 003e 2E       		.uleb128 0x2e
 704 003f 01       		.byte	0x1
ARM GAS  e:\temp\ccyQSxpm.s 			page 31


 705 0040 3F       		.uleb128 0x3f
 706 0041 19       		.uleb128 0x19
 707 0042 03       		.uleb128 0x3
 708 0043 0E       		.uleb128 0xe
 709 0044 3A       		.uleb128 0x3a
 710 0045 0B       		.uleb128 0xb
 711 0046 3B       		.uleb128 0x3b
 712 0047 0B       		.uleb128 0xb
 713 0048 27       		.uleb128 0x27
 714 0049 19       		.uleb128 0x19
 715 004a 11       		.uleb128 0x11
 716 004b 01       		.uleb128 0x1
 717 004c 12       		.uleb128 0x12
 718 004d 06       		.uleb128 0x6
 719 004e 40       		.uleb128 0x40
 720 004f 18       		.uleb128 0x18
 721 0050 9742     		.uleb128 0x2117
 722 0052 19       		.uleb128 0x19
 723 0053 01       		.uleb128 0x1
 724 0054 13       		.uleb128 0x13
 725 0055 00       		.byte	0
 726 0056 00       		.byte	0
 727 0057 07       		.uleb128 0x7
 728 0058 05       		.uleb128 0x5
 729 0059 00       		.byte	0
 730 005a 03       		.uleb128 0x3
 731 005b 0E       		.uleb128 0xe
 732 005c 3A       		.uleb128 0x3a
 733 005d 0B       		.uleb128 0xb
 734 005e 3B       		.uleb128 0x3b
 735 005f 0B       		.uleb128 0xb
 736 0060 49       		.uleb128 0x49
 737 0061 13       		.uleb128 0x13
 738 0062 02       		.uleb128 0x2
 739 0063 17       		.uleb128 0x17
 740 0064 00       		.byte	0
 741 0065 00       		.byte	0
 742 0066 08       		.uleb128 0x8
 743 0067 2E       		.uleb128 0x2e
 744 0068 00       		.byte	0
 745 0069 3F       		.uleb128 0x3f
 746 006a 19       		.uleb128 0x19
 747 006b 03       		.uleb128 0x3
 748 006c 0E       		.uleb128 0xe
 749 006d 3A       		.uleb128 0x3a
 750 006e 0B       		.uleb128 0xb
 751 006f 3B       		.uleb128 0x3b
 752 0070 0B       		.uleb128 0xb
 753 0071 27       		.uleb128 0x27
 754 0072 19       		.uleb128 0x19
 755 0073 11       		.uleb128 0x11
 756 0074 01       		.uleb128 0x1
 757 0075 12       		.uleb128 0x12
 758 0076 06       		.uleb128 0x6
 759 0077 40       		.uleb128 0x40
 760 0078 18       		.uleb128 0x18
 761 0079 9742     		.uleb128 0x2117
ARM GAS  e:\temp\ccyQSxpm.s 			page 32


 762 007b 19       		.uleb128 0x19
 763 007c 00       		.byte	0
 764 007d 00       		.byte	0
 765 007e 09       		.uleb128 0x9
 766 007f 34       		.uleb128 0x34
 767 0080 00       		.byte	0
 768 0081 03       		.uleb128 0x3
 769 0082 0E       		.uleb128 0xe
 770 0083 3A       		.uleb128 0x3a
 771 0084 0B       		.uleb128 0xb
 772 0085 3B       		.uleb128 0x3b
 773 0086 0B       		.uleb128 0xb
 774 0087 49       		.uleb128 0x49
 775 0088 13       		.uleb128 0x13
 776 0089 02       		.uleb128 0x2
 777 008a 17       		.uleb128 0x17
 778 008b 00       		.byte	0
 779 008c 00       		.byte	0
 780 008d 0A       		.uleb128 0xa
 781 008e 34       		.uleb128 0x34
 782 008f 00       		.byte	0
 783 0090 03       		.uleb128 0x3
 784 0091 0E       		.uleb128 0xe
 785 0092 3A       		.uleb128 0x3a
 786 0093 0B       		.uleb128 0xb
 787 0094 3B       		.uleb128 0x3b
 788 0095 0B       		.uleb128 0xb
 789 0096 49       		.uleb128 0x49
 790 0097 13       		.uleb128 0x13
 791 0098 02       		.uleb128 0x2
 792 0099 18       		.uleb128 0x18
 793 009a 00       		.byte	0
 794 009b 00       		.byte	0
 795 009c 0B       		.uleb128 0xb
 796 009d 2E       		.uleb128 0x2e
 797 009e 00       		.byte	0
 798 009f 3F       		.uleb128 0x3f
 799 00a0 19       		.uleb128 0x19
 800 00a1 03       		.uleb128 0x3
 801 00a2 0E       		.uleb128 0xe
 802 00a3 3A       		.uleb128 0x3a
 803 00a4 0B       		.uleb128 0xb
 804 00a5 3B       		.uleb128 0x3b
 805 00a6 0B       		.uleb128 0xb
 806 00a7 27       		.uleb128 0x27
 807 00a8 19       		.uleb128 0x19
 808 00a9 49       		.uleb128 0x49
 809 00aa 13       		.uleb128 0x13
 810 00ab 11       		.uleb128 0x11
 811 00ac 01       		.uleb128 0x1
 812 00ad 12       		.uleb128 0x12
 813 00ae 06       		.uleb128 0x6
 814 00af 40       		.uleb128 0x40
 815 00b0 18       		.uleb128 0x18
 816 00b1 9742     		.uleb128 0x2117
 817 00b3 19       		.uleb128 0x19
 818 00b4 00       		.byte	0
ARM GAS  e:\temp\ccyQSxpm.s 			page 33


 819 00b5 00       		.byte	0
 820 00b6 00       		.byte	0
 821              		.section	.debug_loc,"",%progbits
 822              	.Ldebug_loc0:
 823              	.LLST0:
 824 0000 00000000 		.4byte	.LVL0
 825 0004 0C000000 		.4byte	.LVL1
 826 0008 0100     		.2byte	0x1
 827 000a 50       		.byte	0x50
 828 000b 0C000000 		.4byte	.LVL1
 829 000f 1C000000 		.4byte	.LFE0
 830 0013 0400     		.2byte	0x4
 831 0015 F3       		.byte	0xf3
 832 0016 01       		.uleb128 0x1
 833 0017 50       		.byte	0x50
 834 0018 9F       		.byte	0x9f
 835 0019 00000000 		.4byte	0
 836 001d 00000000 		.4byte	0
 837              	.LLST1:
 838 0021 00000000 		.4byte	.LVL2
 839 0025 0E000000 		.4byte	.LVL4
 840 0029 0100     		.2byte	0x1
 841 002b 50       		.byte	0x50
 842 002c 0E000000 		.4byte	.LVL4
 843 0030 20000000 		.4byte	.LFE2
 844 0034 0400     		.2byte	0x4
 845 0036 F3       		.byte	0xf3
 846 0037 01       		.uleb128 0x1
 847 0038 50       		.byte	0x50
 848 0039 9F       		.byte	0x9f
 849 003a 00000000 		.4byte	0
 850 003e 00000000 		.4byte	0
 851              	.LLST2:
 852 0042 00000000 		.4byte	.LVL2
 853 0046 04000000 		.4byte	.LVL3
 854 004a 0100     		.2byte	0x1
 855 004c 51       		.byte	0x51
 856 004d 04000000 		.4byte	.LVL3
 857 0051 20000000 		.4byte	.LFE2
 858 0055 0400     		.2byte	0x4
 859 0057 F3       		.byte	0xf3
 860 0058 01       		.uleb128 0x1
 861 0059 51       		.byte	0x51
 862 005a 9F       		.byte	0x9f
 863 005b 00000000 		.4byte	0
 864 005f 00000000 		.4byte	0
 865              	.LLST3:
 866 0063 14000000 		.4byte	.LVL5
 867 0067 16000000 		.4byte	.LVL6
 868 006b 0500     		.2byte	0x5
 869 006d 75       		.byte	0x75
 870 006e 00       		.sleb128 0
 871 006f 37       		.byte	0x37
 872 0070 1A       		.byte	0x1a
 873 0071 9F       		.byte	0x9f
 874 0072 16000000 		.4byte	.LVL6
 875 0076 20000000 		.4byte	.LFE2
ARM GAS  e:\temp\ccyQSxpm.s 			page 34


 876 007a 0100     		.2byte	0x1
 877 007c 53       		.byte	0x53
 878 007d 00000000 		.4byte	0
 879 0081 00000000 		.4byte	0
 880              		.section	.debug_aranges,"",%progbits
 881 0000 3C000000 		.4byte	0x3c
 882 0004 0200     		.2byte	0x2
 883 0006 00000000 		.4byte	.Ldebug_info0
 884 000a 04       		.byte	0x4
 885 000b 00       		.byte	0
 886 000c 0000     		.2byte	0
 887 000e 0000     		.2byte	0
 888 0010 00000000 		.4byte	.LFB0
 889 0014 1C000000 		.4byte	.LFE0-.LFB0
 890 0018 00000000 		.4byte	.LFB1
 891 001c 18000000 		.4byte	.LFE1-.LFB1
 892 0020 00000000 		.4byte	.LFB2
 893 0024 20000000 		.4byte	.LFE2-.LFB2
 894 0028 00000000 		.4byte	.LFB3
 895 002c 10000000 		.4byte	.LFE3-.LFB3
 896 0030 00000000 		.4byte	.LFB4
 897 0034 04000000 		.4byte	.LFE4-.LFB4
 898 0038 00000000 		.4byte	0
 899 003c 00000000 		.4byte	0
 900              		.section	.debug_ranges,"",%progbits
 901              	.Ldebug_ranges0:
 902 0000 00000000 		.4byte	.LFB0
 903 0004 1C000000 		.4byte	.LFE0
 904 0008 00000000 		.4byte	.LFB1
 905 000c 18000000 		.4byte	.LFE1
 906 0010 00000000 		.4byte	.LFB2
 907 0014 20000000 		.4byte	.LFE2
 908 0018 00000000 		.4byte	.LFB3
 909 001c 10000000 		.4byte	.LFE3
 910 0020 00000000 		.4byte	.LFB4
 911 0024 04000000 		.4byte	.LFE4
 912 0028 00000000 		.4byte	0
 913 002c 00000000 		.4byte	0
 914              		.section	.debug_line,"",%progbits
 915              	.Ldebug_line0:
 916 0000 D9000000 		.section	.debug_str,"MS",%progbits,1
 916      02004E00 
 916      00000201 
 916      FB0E0D00 
 916      01010101 
 917              	.LASF16:
 918 0000 50445353 		.ascii	"PDSS_PORT0_RX_CLK_StartEx\000"
 918      5F504F52 
 918      54305F52 
 918      585F434C 
 918      4B5F5374 
 919              	.LASF15:
 920 001a 72656733 		.ascii	"reg32\000"
 920      3200
 921              	.LASF21:
 922 0020 6D61736B 		.ascii	"maskVal\000"
 922      56616C00 
ARM GAS  e:\temp\ccyQSxpm.s 			page 35


 923              	.LASF12:
 924 0028 666C6F61 		.ascii	"float\000"
 924      7400
 925              	.LASF1:
 926 002e 756E7369 		.ascii	"unsigned char\000"
 926      676E6564 
 926      20636861 
 926      7200
 927              	.LASF5:
 928 003c 6C6F6E67 		.ascii	"long unsigned int\000"
 928      20756E73 
 928      69676E65 
 928      6420696E 
 928      7400
 929              	.LASF3:
 930 004e 73686F72 		.ascii	"short unsigned int\000"
 930      7420756E 
 930      7369676E 
 930      65642069 
 930      6E7400
 931              	.LASF19:
 932 0061 636C6B44 		.ascii	"clkDivider\000"
 932      69766964 
 932      657200
 933              	.LASF13:
 934 006c 646F7562 		.ascii	"double\000"
 934      6C6500
 935              	.LASF22:
 936 0073 72656756 		.ascii	"regVal\000"
 936      616C00
 937              	.LASF18:
 938 007a 616C6967 		.ascii	"alignClkDiv\000"
 938      6E436C6B 
 938      44697600 
 939              	.LASF20:
 940 0086 636C6B46 		.ascii	"clkFractional\000"
 940      72616374 
 940      696F6E61 
 940      6C00
 941              	.LASF10:
 942 0094 75696E74 		.ascii	"uint16\000"
 942      313600
 943              	.LASF11:
 944 009b 75696E74 		.ascii	"uint32\000"
 944      333200
 945              	.LASF8:
 946 00a2 756E7369 		.ascii	"unsigned int\000"
 946      676E6564 
 946      20696E74 
 946      00
 947              	.LASF7:
 948 00af 6C6F6E67 		.ascii	"long long unsigned int\000"
 948      206C6F6E 
 948      6720756E 
 948      7369676E 
 948      65642069 
 949              	.LASF25:
ARM GAS  e:\temp\ccyQSxpm.s 			page 36


 950 00c6 474E5520 		.ascii	"GNU C11 5.4.1 20160609 (release) [ARM/embedded-5-br"
 950      43313120 
 950      352E342E 
 950      31203230 
 950      31363036 
 951 00f9 616E6368 		.ascii	"anch revision 237715] -mcpu=cortex-m0 -mthumb -g -O"
 951      20726576 
 951      6973696F 
 951      6E203233 
 951      37373135 
 952 012c 73202D66 		.ascii	"s -ffunction-sections -ffat-lto-objects -finline-fu"
 952      66756E63 
 952      74696F6E 
 952      2D736563 
 952      74696F6E 
 953 015f 6E637469 		.ascii	"nctions -flto -fno-strict-aliasing\000"
 953      6F6E7320 
 953      2D666C74 
 953      6F202D66 
 953      6E6F2D73 
 954              	.LASF24:
 955 0182 50445353 		.ascii	"PDSS_PORT0_RX_CLK_GetFractionalDividerRegister\000"
 955      5F504F52 
 955      54305F52 
 955      585F434C 
 955      4B5F4765 
 956              	.LASF26:
 957 01b1 47656E65 		.ascii	"Generated_Source\\PSoC4\\PDSS_PORT0_RX_CLK.c\000"
 957      72617465 
 957      645F536F 
 957      75726365 
 957      5C50536F 
 958              	.LASF6:
 959 01dc 6C6F6E67 		.ascii	"long long int\000"
 959      206C6F6E 
 959      6720696E 
 959      7400
 960              	.LASF14:
 961 01ea 63686172 		.ascii	"char\000"
 961      00
 962              	.LASF2:
 963 01ef 73686F72 		.ascii	"short int\000"
 963      7420696E 
 963      7400
 964              	.LASF23:
 965 01f9 50445353 		.ascii	"PDSS_PORT0_RX_CLK_GetDividerRegister\000"
 965      5F504F52 
 965      54305F52 
 965      585F434C 
 965      4B5F4765 
 966              	.LASF9:
 967 021e 75696E74 		.ascii	"uint8\000"
 967      3800
 968              	.LASF4:
 969 0224 6C6F6E67 		.ascii	"long int\000"
 969      20696E74 
 969      00
ARM GAS  e:\temp\ccyQSxpm.s 			page 37


 970              	.LASF0:
 971 022d 7369676E 		.ascii	"signed char\000"
 971      65642063 
 971      68617200 
 972              	.LASF27:
 973 0239 433A5C55 		.ascii	"C:\\Users\\Admin\\Desktop\\_FIRMWARE\\DBARLite\\CYP"
 973      73657273 
 973      5C41646D 
 973      696E5C44 
 973      65736B74 
 974 0266 44353232 		.ascii	"D5225\\CYPD5225-96BZXI_notebook\\CYPD5225-96BZXI_no"
 974      355C4359 
 974      50443532 
 974      32352D39 
 974      36425A58 
 975 0297 7465626F 		.ascii	"tebook.cydsn\000"
 975      6F6B2E63 
 975      7964736E 
 975      00
 976              	.LASF28:
 977 02a4 50445353 		.ascii	"PDSS_PORT0_RX_CLK_Stop\000"
 977      5F504F52 
 977      54305F52 
 977      585F434C 
 977      4B5F5374 
 978              	.LASF17:
 979 02bb 50445353 		.ascii	"PDSS_PORT0_RX_CLK_SetFractionalDividerRegister\000"
 979      5F504F52 
 979      54305F52 
 979      585F434C 
 979      4B5F5365 
 980              		.comm	__gnu_lto_v1,1,1
 981              		.ident	"GCC: (GNU Tools for ARM Embedded Processors) 5.4.1 20160609 (release) [ARM/embedded-5-bran
