ARM GAS  e:\temp\ccQyE27S.s 			page 1


   1              		.syntax unified
   2              		.cpu cortex-m0
   3              		.fpu softvfp
   4              		.eabi_attribute 20, 1
   5              		.eabi_attribute 21, 1
   6              		.eabi_attribute 23, 3
   7              		.eabi_attribute 24, 1
   8              		.eabi_attribute 25, 1
   9              		.eabi_attribute 26, 1
  10              		.eabi_attribute 30, 4
  11              		.eabi_attribute 34, 0
  12              		.eabi_attribute 18, 4
  13              		.thumb
  14              		.syntax unified
  15              		.file	"PDSS_PORT0_SWAP_CLK.c"
  16              		.text
  17              	.Ltext0:
  18              		.section	.gnu.lto_.profile.624110e4,"",%progbits
  19 0000 789C6361 		.ascii	"x\234ca`d`a`\000\222r\222\000\000\277\000B"
  19      60646061 
  19      60009272 
  19      920000BF 
  19      0042
  20              		.text
  21              		.section	.gnu.lto_.icf.624110e4,"",%progbits
  22 0000 789C6361 		.ascii	"x\234ca`d\000\001\005\006\004`e88c\323\006f\306\336"
  22      60640001 
  22      05060460 
  22      65383863 
  22      D30666C6 
  23 0015 A51B7F31 		.ascii	"\245\033\17712m?\332\370\216\203yB\317\261\327\274,"
  23      326D3FDA 
  23      F88E8379 
  23      42CFB1D7 
  23      BC2C
  24 0027 B39BE64D 		.ascii	"\263\233\346M\341a\000\000\355\343\015\371"
  24      E1610000 
  24      EDE30DF9 
  25              		.text
  26              		.section	.gnu.lto_.jmpfuncs.624110e4,"",%progbits
  27 0000 789C6361 		.ascii	"x\234ca`d\000\001q\006\004`e`dd\254\007\21231122\327"
  27      60640001 
  27      71060460 
  27      65606464 
  27      AC078A33 
  28 0019 D7333330 		.ascii	"\327330\260\000\205\001\026\322\001\263"
  28      B0008501 
  28      16D201B3 
  29              		.text
  30              		.section	.gnu.lto_.inline.624110e4,"",%progbits
  31 0000 789C458B 		.ascii	"x\234E\213\261\015\2000\014\004\337\316\007B(`\003("
  31      B10D8030 
  31      0C04DFCE 
  31      07422860 
  31      0328
  32 0012 10E33013 		.ascii	"\020\3430\023#PRf\016\246`$l!\310\027\226\375\347#\004"
  32      23505266 
ARM GAS  e:\temp\ccQyE27S.s 			page 2


  32      0EA66024 
  32      6C21C817 
  32      96FDE723 
  33 0027 9E1D3511 		.ascii	"\236\0355\021\350V\021\314\206B\272N\242)\223\202e\242"
  33      E85611CC 
  33      8642BA4E 
  33      A2299382 
  33      65A2
  34 0039 6341BB08 		.ascii	"cA\273\010\264\002\213\242\317\242\030\315\220d\203"
  34      B4028BA2 
  34      CFA218CD 
  34      906483
  35 0048 F9D85EA8 		.ascii	"\371\330^\250\367@W\223\277\005D\232j\347o\022A\255"
  35      F7405793 
  35      BF05449A 
  35      6AE76F12 
  35      41AD
  36 005a B2ED6BF0 		.ascii	"\262\355k\360\000t\\\014$"
  36      00745C0C 
  36      24
  37              		.text
  38              		.section	.gnu.lto_.pureconst.624110e4,"",%progbits
  39 0000 789C6361 		.ascii	"x\234ca`d\340f```e\220b\224b\222b\226ba\000\000\003"
  39      6064E066 
  39      60606065 
  39      90629462 
  39      92629662 
  40 0018 E40088   		.ascii	"\344\000\210"
  41              		.text
  42              		.section	.gnu.lto_PDSS_PORT0_SWAP_CLK_StartEx.624110e4,"",%progbits
  43 0000 789C5551 		.ascii	"x\234UQ=h\024Q\020\236\357\275}w\253\371\351\205\024"
  43      3D681451 
  43      109EEFBD 
  43      7D77ABF9 
  43      E98514
  44 0013 E9420A25 		.ascii	"\351B\012%\205\235U\270\240\210\202GV\260\011\034!."
  44      859D55B8 
  44      A0888247 
  44      56B0091C 
  44      212E
  45 0025 120D0904 		.ascii	"\022\015\011\004\265\365\335\355n\016EP\020S\004\345"
  45      B5F5DDED 
  45      6E0E4550 
  45      105304E5 
  46 0035 50084934 		.ascii	"P\010I4\361r\246\022\233\363D\004\301\2234\246\365\007"
  46      F172A612 
  46      9BF34404 
  46      C19334A6 
  46      F507
  47 0047 B7108B3B 		.ascii	"\267\020\213;\215\"\032=gvS\230\2017\363f\370f\346\373"
  47      8D221A3D 
  47      67765398 
  47      8137F366 
  47      F866E6FB 
  48 005b DE730824 		.ascii	"\336s\010$\326\253\210\216p<\312\007\031\202\272\331"
  48      D6AB888E 
  48      703CCA07 
ARM GAS  e:\temp\ccQyE27S.s 			page 3


  48      1982BAD9 
  49 006b 242ABA0A 		.ascii	"$*\272\012:\275he\256\277$\262\373\2350K\266\333\244"
  49      3ABD6865 
  49      AEBF24B2 
  49      FB9D304B 
  49      B6DBA4
  50 007e F5610790 		.ascii	"\365a\007\220h]\320\025\245\215\003\366\224\332w\365"
  50      685DD015 
  50      A58D03F6 
  50      94DA77F5 
  51 008e 47A1518E 		.ascii	"G\241Q\216\237\250\301%\313\366\356\323-m\227\353\210"
  51      9FA8C125 
  51      CBF6EED3 
  51      2D6D97EB 
  51      88
  52 009f 18D05129 		.ascii	"\030\320Q)\006K\030d\324f\270~Go\253H\003\016\247\355"
  52      064B1864 
  52      D466B87E 
  52      476FAB48 
  52      030EA7ED 
  53 00b3 D70B1F7B 		.ascii	"\327\013\037{%U\350\347\364\352\363\037\317\034=\004"
  53      2555E8E7 
  53      F4EAF31F 
  53      CF1C3D04 
  54 00c3 E27BED5B 		.ascii	"\342{\355[%\356\031X\264\266d\355\206o\367EZ\343\001"
  54      25EE1958 
  54      B4B664ED 
  54      866FF745 
  54      5AE301
  55 00d6 34CFC30A 		.ascii	"4\317\303\012\372\260\214>\342\022\341!\006\004\376"
  55      FAB08C3E 
  55      E212E121 
  55      0604FE
  56 00e5 A1F6F776 		.ascii	"\241\366\367vO&\224\365\375\351R\254\"#\212\253\243"
  56      4F2694F5 
  56      FDE952AC 
  56      22238AAB 
  56      A3
  57 00f6 75DBE904 		.ascii	"u\333\351\004\266^3k\332U\334\345hv\254@z\215\344\031"
  57      B65E336B 
  57      DA55DCE5 
  57      6876AC40 
  57      7A8DE419 
  58 010a 71442D6E 		.ascii	"qD-nc\315-\2458\3506\353c\305:F\343\327\265\267/\264"
  58      63CD2DA5 
  58      38E836EB 
  58      63C53A46 
  58      E3D7B5B7 
  59 0120 CC0BB448 		.ascii	"\314\013\264H\235\217\032o\262\302:\2230\275\177\357"
  59      9D8F1A6F 
  59      B2C23A93 
  59      30BD7FEF 
  60 0130 F7964953 		.ascii	"\367\226ISkC+\272\312\321\346Jw\005w\213!?B\026\217"
  60      6B432BBA 
  60      CAD1E64A 
  60      7705778B 
  60      213F4216 
ARM GAS  e:\temp\ccQyE27S.s 			page 4


  61 0145 98F01A13 		.ascii	"\230\360\032\023&TQ\001\305(}-\357\034H\007j\236I\357"
  61      26545101 
  61      C5287D2D 
  61      EF1C4807 
  61      6A9E49EF 
  62 0159 113683F3 		.ascii	"\0216\203\363\273\205\3777\030\020\326\245\223\204\236"
  62      BB85FF37 
  62      1810D6A5 
  62      93849E
  63 0168 21FE19B4 		.ascii	"!\376\031\264\225#\374b\004\255\271fl\322.\023hY\274"
  63      9523FC62 
  63      04ADB966 
  63      6CD22E13 
  63      6859BC
  64 017b F074FB55 		.ascii	"\360t\373U\302\305\205\213\03272\352\347\334N6\005\011"
  64      C2C5858B 
  64      1A3732EA 
  64      E7DC4E36 
  64      0509
  65 018d 8E413756 		.ascii	"\216A7V\027\277$\237\340@\036\314\305\343\004\330\230"
  65      17BF249F 
  65      E0401ECC 
  65      C5E304D8 
  65      98
  66 019e 6F578F0B 		.ascii	"oW\217\013p\217\200\242\265]{5l\260\006\236E\237Q\252"
  66      708F80A2 
  66      B55D7B35 
  66      6CB0069E 
  66      459F51AA 
  67 01b2 6F25EB77 		.ascii	"o%\353w\351\201i\361\023\036<\346O\373\263\343\027\375"
  67      E98169F1 
  67      131E3CE6 
  67      4FFBB3E3 
  67      17FD
  68 01c4 B3056FE6 		.ascii	"\263\005o\346\322\354\204?\226\367fr\207\307\362#\236"
  68      D2EC843F 
  68      96F76672 
  68      87C7F223 
  68      9E
  69 01d5 57C89F1A 		.ascii	"W\310\237\032==T\360\316\014\347\013\271\223'\016MP"
  69      3D3D54F0 
  69      CE0CE70B 
  69      B993270E 
  69      4D50
  70 01e7 D7F8D4E4 		.ascii	"\327\370\324\344\271\351\334\324\205\221\311\313\377"
  70      B9E9DCD4 
  70      8591C9CB 
  70      FF
  71 01f4 002729C4 		.ascii	"\000')\304i"
  71      69
  72              		.text
  73              		.section	.gnu.lto_PDSS_PORT0_SWAP_CLK_Stop.624110e4,"",%progbits
  74 0000 789C5550 		.ascii	"x\234UP;H\003A\020\235\267{\227D\215\366\202\205\255"
  74      3B480341 
  74      109DB77B 
  74      97448DF6 
  74      8285AD
ARM GAS  e:\temp\ccQyE27S.s 			page 5


  75 0013 859AC2C2 		.ascii	"\205\232\302\302V\024-\024\0149\301F8$^#h@\264v\223"
  75      56142D14 
  75      0C39C146 
  75      38245E23 
  75      6840B476 
  76 0028 DC11100B 		.ascii	"\334\021\020\013-\324F\021m\342_,\355\316\200\330)6"
  76      2DD44611 
  76      6DE25F2C 
  76      EDCE80D8 
  76      2936
  77 003a A6D58057 		.ascii	"\246\325\200W\210`\024m\374\305Y\316B\007ffw\366\355"
  77      8860146D 
  77      FCC559CE 
  77      42076666 
  77      77F6ED
  78 004d 7B8F3108 		.ascii	"{\2171\010\244c\212['\367~ND\010b\351\222(\033\023\220"
  78      A4638A5B 
  78      27F77E4E 
  78      440862E9 
  78      92281B13 
  79 0062 E1410A73 		.ascii	"\341A\012s\361\202H\325\033n\224T\334\014\347=\006\240"
  79      F18248D5 
  79      1B6E9454 
  79      DC0CE73D 
  79      06A0
  80 0074 BB8A81E6 		.ascii	"\273\212\201\346\2054\015p\2450\336\304\227@\251\020"
  80      85340D70 
  80      A530DEC4 
  80      9740A910 
  81 0084 9C8AB6A2 		.ascii	"\234\212\266\242\342\270\275\177J\250\035\037\036\003"
  81      E2B8BD7F 
  81      4AA81D1F 
  81      1E03
  82 0092 6A22C4A0 		.ascii	"j\"\304\240\2106bX\345\344{\2451\342jXk\370\210\035"
  82      88366258 
  82      E5E47BA5 
  82      31E26A58 
  82      6BF8881D 
  83 00a6 44B4B3E3 		.ascii	"D\264\263\343\224\257j\265\274\362\227\243g7QS\220'"
  83      94AF6AB5 
  83      BCF297A3 
  83      67375153 
  83      9027
  84 00b8 21B930A6 		.ascii	"!\2710\246\312\311f\252Bp\223\317,\314Vd\200\322\373"
  84      CAC966AA 
  84      427093CF 
  84      2CCC5664 
  84      80D2FB
  85 00cb 42B0DEAD 		.ascii	"B\260\336\255\011\362R{X\365JW\321W\341I\011\255\265"
  85      09F2527B 
  85      58F54A57 
  85      D157E149 
  85      09ADB5
  86 00de BDF55136 		.ascii	"\275\365Q6\303\253R\2562xT\360\256w\343\233\330\310"
  86      C3AB52AE 
  86      327854F0 
  86      AE77E39B 
ARM GAS  e:\temp\ccQyE27S.s 			page 6


  86      D8C8
  87 00f0 BAECCEC0 		.ascii	"\272\354\316\300\036Z\260\213\0266\261\217MP\200\334"
  87      1E5AB08B 
  87      1636B18F 
  87      4D5080DC 
  88 0100 4BE1B339 		.ascii	"K\341\2639$\224\314Iwp/\363\223\277\203\277\012\002"
  88      2494CC49 
  88      77702FF3 
  88      93BF83BF 
  88      0A02
  89 0112 8403FD93 		.ascii	"\204\003\375\223\264=\223xex\026\206\366\307\276^\253"
  89      B43D9378 
  89      65781686 
  89      F6C7BE5E 
  89      AB
  90 0123 8FCB75FA 		.ascii	"\217\313u\372\327?\311\254R\015\377U\017Y\225!k\225"
  90      D73FC9AC 
  90      520DFF55 
  90      0F599521 
  90      6B95
  91 0135 F38B26CD 		.ascii	"\363\213&\315\012\350\315\0308\342\327\007\344\374\362"
  91      0AE8CD18 
  91      38E2D707 
  91      E4FCF2
  92 0144 8026F915 		.ascii	"\200&\371\025\001\223\363\"\332\007\234igf|\326\231"
  92      0193F322 
  92      DA079C69 
  92      67667CD6 
  92      99
  93 0155 B0ADCCDC 		.ascii	"\260\255\314\334L\332\031KZ\231\336\256\261d\237e\331"
  93      4CDA194B 
  93      5A99DEAE 
  93      B1649F65 
  93      D9
  94 0166 C9E1D448 		.ascii	"\311\341\324H\302\266F{\222v\357\320`G\232~\000\374"
  94      C2B6467B 
  94      9276EFD0 
  94      60479A7E 
  94      00FC
  95 0178 889046   		.ascii	"\210\220F"
  96              		.text
  97              		.section	.gnu.lto_PDSS_PORT0_SWAP_CLK_SetFractionalDividerRegister.624110e4,"",%progbits
  98 0000 789C6D52 		.ascii	"x\234mR]H\223a\024~\317\373\356\347\333\217\323\333"
  98      5D489361 
  98      147ECFFB 
  98      EEE7DB8F 
  98      D3DB
  99 0012 CA0B6F44 		.ascii	"\312\013oD\274(\214\272\010\202 \224\242\037h\270\320"
  99      BC288CBA 
  99      08822094 
  99      A21F68B8 
  99      D0
 100 0023 1B618C39 		.ascii	"\033a\2149B4\205\245\335\372\316\355\2331\210DHJ\022"
 100      423485A5 
 100      DDFACEED 
 100      9B318844 
 100      484A12
ARM GAS  e:\temp\ccQyE27S.s 			page 7


 101 0036 2FC4BF69 		.ascii	"/\304\277i\272i\177\246\320\032\331\205\225a\364C7\022"
 101      BA697FA6 
 101      D01AD985 
 101      9561F443 
 101      3712
 102 0048 26062135 		.ascii	"&\006!5\3052d\266\316\371^-\204^\330\373s\366<\3179"
 102      C53264B6 
 102      CEF95E2D 
 102      845ED8FB 
 102      73F63CCF 
 103 005d E7399F89 		.ascii	"\3479\237\211\001\243\325\"\030\253\306\363\000\376"
 103      01A3D522 
 103      18ABC6F3 
 103      00FE
 104 006b 4030E01D 		.ascii	"@0\340\035\363\214\2054\016@\027\251\001k\345\320\012"
 104      F38C8534 
 104      0E4017A9 
 104      016BE5D0 
 104      0A
 105 007c 3FF83687 		.ascii	"?\3706\207t\373\312\024/\035\224\270>\315\366\035\226"
 105      74FBCA14 
 105      2F1D94B8 
 105      3ECDF61D 
 105      96
 106 008d 4329D091 		.ascii	"C)\320\221\236\343\206\022\203A(E\324ln3\225\277\301"
 106      9EE38612 
 106      83412845 
 106      D46C6E33 
 106      95BFC1
 107 00a0 750140A4 		.ascii	"u\001@\2447\231\227=\016zr(\300gt\375\303\262S\224\001"
 107      3799973D 
 107      0E7A7228 
 107      C06774FD 
 107      C3B25394 
 108 00b5 C3FB48E2 		.ascii	"\303\373H\342I,\277\244_\3126)\267}\322\254\013\001"
 108      492CBFA4 
 108      5FCA3629 
 108      B77DD2AC 
 108      0B01
 109 00c7 7110A807 		.ascii	"q\020\250\007\303P\010CP\3100\304`\004J\020\335\236"
 109      C3500843 
 109      50C830C4 
 109      60044A10 
 109      DD9E
 110 00d9 1CE87489 		.ascii	"\034\350t\211\343\006\263\377\332\326(\3540\027\236"
 110      E306B3FF 
 110      DAD628EC 
 110      30179E
 111 00e8 3B64992E 		.ascii	";d\231.L0\252\250G\012\241\214\210&\006w\241\204\320"
 111      4C30AAA8 
 111      470AA18C 
 111      88260677 
 111      A184D0
 112 00fb 0B91C41D 		.ascii	"\013\221\304\035\241*2\341s\355U\367g\227\252\250\010"
 112      A12A32E1 
 112      73ED55F7 
 112      6797AAA8 
ARM GAS  e:\temp\ccQyE27S.s 			page 8


 112      08
 113 010c 9FDFBE2C 		.ascii	"\237\337\276,\336\310\023g\014\335\357\267dAq\037\311"
 113      DEC81367 
 113      0CDDEFB7 
 113      6441711F 
 113      C9
 114 011d A62663AE 		.ascii	"\246&c\256\3332\025)\322\205\031\022Jy\034\213\032\303"
 114      DB321529 
 114      D2851912 
 114      4A791C8B 
 114      1AC3
 115 012f A2682178 		.ascii	"\242h!x|&\361\216\013\267A\034\273\236\034\263\3540"
 115      7C26F18E 
 115      0BB7411C 
 115      BB9E1CB3 
 115      EC30
 116 0141 13734ED9 		.ascii	"\023sN\331\021\322\2108\361_\342R\362\367\315<K\204"
 116      11D28838 
 116      F15FE252 
 116      F2F7CD3C 
 116      4B84
 117 0153 7C2C8249 		.ascii	"|,\202I(\206$\024+\027\341\036Xp.|7:^\231\222\271\\"
 117      28862414 
 117      2B17E11E 
 117      58702E7C 
 117      373A5E99 
 118 016a 58A67AED 		.ascii	"X\246z\355O\263v\027\307\266,h\010\376k\002\262\305"
 118      4FB37617 
 118      C7B62C68 
 118      08FE6B02 
 118      B2C5
 119 017c 4C010B6D 		.ascii	"L\001\013mV\3324\240\226mt\265\323\346\240\315\311\014"
 119      56DA34A0 
 119      966D74B5 
 119      D3E6A0CD 
 119      C90C
 120 018e 7D96C104 		.ascii	"}\226\301\0044\3235\316\351\024+\220\336\212\375\034"
 120      34D335CE 
 120      E9142B90 
 120      DE8AFD1C 
 121 019e 3E4139C3 		.ascii	">A9\303\202F\325\245\247_[\311\030\253\321\323\300\307"
 121      8246D5A5 
 121      A75F5BC9 
 121      18ABD1D3 
 121      C0C7
 122 01b0 EC844D3D 		.ascii	"\354\204M=;\"\021I\326\305_\350\263\256^\350\011Ep\362"
 122      3B221149 
 122      D6C55FE8 
 122      B3AE5EE8 
 122      094570F2 
 123 01c4 1A3CC0BE 		.ascii	"\032<\300\276\356S_\360\020z\201\255@8\033]\005%(\224"
 123      EE535FF0 
 123      107A81AD 
 123      40381B5D 
 123      05252894 
 124 01d8 E6464CDF 		.ascii	"\346FL\3374\274\267\200\025\036!v\011\270\321%\366\200"
 124      34BCB780 
ARM GAS  e:\temp\ccQyE27S.s 			page 9


 124      151E2176 
 124      09B8D125 
 124      F680
 125 01ea 20E4B4AD 		.ascii	" \344\264\255\267\277\217W)\2229\214cC\231Ltu\237\212"
 125      B7BF8F57 
 125      2992398C 
 125      6343994C 
 125      74759F8A 
 126 01fe 501065BA 		.ascii	"P\020e\272\2477\346\314$c\003\015\246P\006A\277\242"
 126      A737E6CC 
 126      2463030D 
 126      A6500641 
 126      BFA2
 127 0210 F3F11A85 		.ascii	"\363\361\032\205\262\032\371,JmqW\315\026\026\232R{"
 127      B21AF92C 
 127      4A6D7157 
 127      CD16169A 
 127      527B
 128 0222 BB53941D 		.ascii	"\273S\224\035\203\364!\257'\006\235JM\300c\245\226\215"
 128      83F421AF 
 128      27069D4A 
 128      4DC063A5 
 128      968D
 129 0234 3EDBAF40 		.ascii	">\333\257@\016\304\321x\365\345aMU\236\003\230\376\227"
 129      0EC4D178 
 129      F5E5614D 
 129      559E0398 
 129      FE97
 130 0246 F3988239 		.ascii	"\363\230\2029\215\264\216\277\015%\251!'\202\322]k\213"
 130      8DB48EBF 
 130      0D25A921 
 130      2782D25D 
 130      6B8B
 131 0258 9D368AED 		.ascii	"\2356\212\355q,$\245c\257i3h\032Q\276B[j\373,\021\214"
 131      712C24A5 
 131      63AF6933 
 131      681A51BE 
 131      425B6AFB 
 132 026f 2F24C381 		.ascii	"/$\303\201\006\204\343:x:\320\030\010\372\232\003\265"
 132      0684E33A 
 132      783AD018 
 132      08FA9A03 
 132      B5
 133 0280 5E4F534B 		.ascii	"^OSK\320\037\250q{\232\312\217\326\270+<\036\257\373"
 133      D01FA871 
 133      7B9ACA8F 
 133      D6B82B3C 
 133      1EAFFB
 134 0293 42E5C532 		.ascii	"B\345\3052\257\247\372\244\333[~\376\334!?\263\373\033"
 134      AFA7FAA4 
 134      DB5B7EFE 
 134      DC213FB3 
 134      FB1B
 135 02a5 EA2BEAAE 		.ascii	"\352+\352\256\326\325\006\202yx=\025\364\371\233\353"
 135      D6D50682 
 135      79783D15 
 135      F4F99BEB 
ARM GAS  e:\temp\ccQyE27S.s 			page 10


 136 02b5 9A1A7D0D 		.ascii	"\232\032}\015\226`\340R\225\257\301z\331w\245\036\317"
 136      9660E052 
 136      95AFC17A 
 136      D977A51E 
 136      CF
 137 02c6 3F39A839 		.ascii	"?9\2509\370"
 137      F8
 138              		.text
 139              		.section	.gnu.lto_PDSS_PORT0_SWAP_CLK_GetDividerRegister.624110e4,"",%progbits
 140 0000 789C2D90 		.ascii	"x\234-\220\275K\003A\020\305\367\355^\342I\360\2437"
 140      BD4B0341 
 140      10C5F7ED 
 140      5EE249F0 
 140      A337
 141 0012 85A529FC 		.ascii	"\205\245)\374(\364\017\010\021-\024<r\202M\340\220x"
 141      28F40F08 
 141      112D143C 
 141      72824DE0 
 141      9078
 142 0024 AD81A075 		.ascii	"\255\201\240u6\271;\004\2534Z\010!\215\030\215\232\240"
 142      36B93B04 
 142      AB345A08 
 142      218D188D 
 142      9AA0
 143 0036 A5363190 		.ascii	"\24561\220FEAA\264\023\221\024V1D\004Q\317\035\342\300"
 143      46454141 
 143      B4139114 
 143      56314404 
 143      51CF1DE2 
 144 004b ECEC63DF 		.ascii	"\354\354c\337\314\374X\215\201QL\2512\256\352\220J\010"
 144      CCFC588D 
 144      81514CA9 
 144      32AEEA90 
 144      4A08
 145 005d 069EBF61 		.ascii	"\006\236\277a,\253s\200.R\007\313pd\360\301\1778\032"
 145      2CAB7380 
 145      2E5207CB 
 145      7064F0C1 
 145      7F381A
 146 0070 FE676DA0 		.ascii	"\376gm\240\303=\262)y\327\272.\204H\002\203J\226w\253"
 146      C33DB229 
 146      79D7BA2E 
 146      84480283 
 146      4A9677AB 
 147 0084 6D3D5292 		.ascii	"m=R\2222'\237\275\263h\326\361F<\301\231\317\031\366"
 147      32279FBD 
 147      B368D6F1 
 147      463CC199 
 147      CF19F6
 148 0097 11460961 		.ascii	"\021F\011aZq\200\010S\346\227\223\337\255\276\240+U"
 148      5A718008 
 148      53E69793 
 148      DFADBEA0 
 148      2B55
 149 00a9 0C9345BD 		.ascii	"\014\223E\275\224\021$\244j\274&}\337\221\265\373\320"
 149      941124A4 
 149      6ABC267D 
ARM GAS  e:\temp\ccQyE27S.s 			page 11


 149      DF91B5FB 
 149      D0
 150 00ba C5632800 		.ascii	"\305c(\000\346\011!\350\320\030\215c-\225\204\366\316"
 150      E60921E8 
 150      D0188D63 
 150      2D9584F6 
 150      CE
 151 00cb 3955D144 		.ascii	"9U\321D\375k\363\241\222\240~G\0105{\333\253\337\366"
 151      FD6BF3A1 
 151      92A07E47 
 151      08357BDB 
 151      ABDFF6
 152 00de 1097065A 		.ascii	"\020\227\006Z\265\367\364}\332\333\225y\327\225\032"
 152      B5F7F47D 
 152      DADB9579 
 152      D7951A
 153 00ed A15E798D 		.ascii	"\241^y\215\376\"\012Y\027\236\010\340H\341\035\022\036"
 153      FE220A59 
 153      179E08E0 
 153      48E11D12 
 153      1E
 154 00fe 8E51046B 		.ascii	"\216Q\004k\302i\3170G\240;n\347\274s\031\240\376 tT"
 154      C269CF30 
 154      47A03B6E 
 154      E7BC7319 
 154      A0FE2074 
 155 0113 94AD895C 		.ascii	"\224\255\211\\{\343\025\335\205\232\362\2617\360\177"
 155      7BE315DD 
 155      859AF2B1 
 155      37F07F
 156 0122 455FDAE2 		.ascii	"E_\332\342 2\3059:k\257\332\351\3455{\3052S\353\351"
 156      2032C539 
 156      3A6BAFDA 
 156      E9E5357B 
 156      C53253EB 
 157 0137 A49D30CC 		.ascii	"\244\2350\314Tl2aL\233\246e,\304\027',s)jX\261\371\271"
 157      546C3261 
 157      4C9BA665 
 157      2CC41727 
 157      2C73296A 
 158 014f B124FB03 		.ascii	"\261$\373\003\2249x\217"
 158      9439788F 
 159              		.text
 160              		.section	.gnu.lto_PDSS_PORT0_SWAP_CLK_GetFractionalDividerRegister.624110e4,"",%progbits
 161 0000 789C6361 		.ascii	"x\234ca`d\000\201i@\254\017\304\322@\314\310\314\300"
 161      60640081 
 161      6940AC0F 
 161      C4D240CC 
 161      C8CCC0
 162 0013 C834E11C 		.ascii	"\3104\341\034\003C#\007\023##\210\321\300\301\310P\317"
 162      03432307 
 162      13232388 
 162      D1C0C1C8 
 162      50CF
 163 0025 C458CFF8 		.ascii	"\304X\317\370\225\351/\023\343\351\357'z\2704\22774"
 163      95E92F13 
 163      E3E9EF27 
ARM GAS  e:\temp\ccQyE27S.s 			page 12


 163      7AB83497 
 163      3734
 164 0037 34353C38 		.ascii	"45<8\372\330r\372\212\003\214\255\314\014\014\377\231"
 164      FAD872FA 
 164      8A038CAD 
 164      CC0C0CFF 
 164      99
 165 0048 18188D65 		.ascii	"\030\030\215e\030\015d@F,g\324d\000*}\264\361\337T^"
 165      180D6440 
 165      462C67D4 
 165      64002A7D 
 165      B4F1DF54 
 166 005d B6960620 		.ascii	"\266\226\006 P\000)\000\312\254`d\003Y\271>\350@\303"
 166      50002900 
 166      CAAC6064 
 166      0359B93E 
 166      E840C3
 167 0070 FFFFCD0D 		.ascii	"\377\377\315\015\007\346\363\035\334\307\007\224\371"
 167      07E6F31D 
 167      DCC70794 
 167      F9
 168 007d 00C420BB 		.ascii	"\000\304 \273>21\201h\346W\214M\007v\367\361\201\324"
 168      3E323181 
 168      68E6578C 
 168      4D0776F7 
 168      F181D4
 169 0090 030D9AD6 		.ascii	"\003\015\232\326z\350<\373\027&\240=\214\014\214+\031"
 169      7AE83CFB 
 169      1726A03D 
 169      8C0C8C2B 
 169      19
 170 00a1 41760075 		.ascii	"Av\000u0\202T\002\365\351\272\247\346\245\026%\226\244"
 170      30825402 
 170      F5E9BAA7 
 170      E6A51625 
 170      96A4
 171 00b3 A6C407E7 		.ascii	"\246\304\007\347\227\026%\247\306\004\004\347;\233\304"
 171      971625A7 
 171      C60404E7 
 171      3B9BC4
 172 00c2 04B80407 		.ascii	"\004\270\004\007\307\007\370\007\205\030\304\007\207"
 172      C707F807 
 172      8518C407 
 172      87
 173 00cf 3B06C43B 		.ascii	";\006\304;\373x\353%3\000\000Z\240F\225"
 173      FB78EB25 
 173      3300005A 
 173      A04695
 174              		.text
 175              		.section	.gnu.lto_.symbol_nodes.624110e4,"",%progbits
 176 0000 789C6361 		.ascii	"x\234ca`d\010g\000\002&\206z\006\206\011\347\030@\324"
 176      60640867 
 176      00022686 
 176      7A068609 
 176      E71840D4 
 177 0014 AE0645A0 		.ascii	"\256\006E\240\000c=#\252\000S=\023\252\000s=3\252\000"
 177      00633D23 
ARM GAS  e:\temp\ccQyE27S.s 			page 13


 177      AA00533D 
 177      13AA0073 
 177      3D33AA00 
 178 0028 4B3D0B8A 		.ascii	"K=\013\212\000\003\000U/\023\016"
 178      00030055 
 178      2F130E
 179              		.text
 180              		.section	.gnu.lto_.refs.624110e4,"",%progbits
 181 0000 789C6361 		.ascii	"x\234ca`\004B \000\000\0009\000\007"
 181      60044220 
 181      00000039 
 181      0007
 182              		.text
 183              		.section	.gnu.lto_.decls.624110e4,"",%progbits
 184 0000 789C8D54 		.ascii	"x\234\215T]L\034U\024\276gfY`XJC\032Ct\023\261\017\013"
 184      5D4C1C55 
 184      14BE6766 
 184      5960584A 
 184      431A4374 
 185 0018 2F223FC6 		.ascii	"/\"?\306\370\324h\300\256\211\306\222\256\245/M\010"
 185      F8D468C0 
 185      AE89C692 
 185      AEA52F4D 
 185      08
 186 0029 A513DCA4 		.ascii	"\245\023\334\244\201f\2735\366E\257\3226\324\372\260"
 186      8166BB35 
 186      F645AFD2 
 186      36D4FAB0 
 187 0039 6BB41502 		.ascii	"k\264\025\002\261\320X\227\002\005Z\332\262U\266k+?"
 187      B1D05897 
 187      02055ADA 
 187      B255B66B 
 187      2B3F
 188 004b 0516F9DB 		.ascii	"\005\026\371\333\244\332\010(\326\330@\314\212\215Z"
 188      A4DA0828 
 188      D6D840CC 
 188      8A8D5A
 189 005a 5A3A9E7B 		.ascii	"Z:\236{gvg\226\016\306\23393\367\2369\347|\337\371\311"
 189      67766796 
 189      0EC69B39 
 189      33F79E39 
 189      E77CDFF9 
 190 006f B510206C 		.ascii	"\265\020 l\325X\011)\306\355~\024\005\027\036I\005\321"
 190      D5580929 
 190      C6ED7E14 
 190      05171E49 
 190      05D1
 191 0081 570ACA25 		.ascii	"W\012\312%\224~\224a\224Q\224\010y|1\233t\3157\033e"
 191      947E9461 
 191      94519408 
 191      797C319B 
 191      74CD371B 
 192 0096 0B4A374A 		.ascii	"\013J7J\036\312$J\024e\026e\207f\017\232\317\372\325"
 192      1ECA244A 
 192      14651665 
 192      87660F9A 
 192      CFFAD5
ARM GAS  e:\temp\ccQyE27S.s 			page 14


 193 00a9 AF615698 		.ascii	"\257aV\230\370\306\375\372M\374\0307i\035\376\015\224"
 193      F8C6FDFA 
 193      4DFC1837 
 193      691DFE0D 
 193      94
 194 00ba 90818719 		.ascii	"\220\201\207\031\207a\223X,\307\324uq6\362\0375\361"
 194      87619358 
 194      2CC7D475 
 194      7136F21F 
 194      35F1
 195 00cc 8F68FF42 		.ascii	"\217h\377B\006;\263\232\255\011\240\264\234\017\244"
 195      063BB39A 
 195      AD09A0B4 
 195      9C0FA4
 196 00db DF86EF41 		.ascii	"\337\206\357A\000\255!\004@}\003\027\242\012?\342F\340"
 196      00AD2104 
 196      407D0317 
 196      A20A3FE2 
 196      46E0
 197 00ed 6F925025 		.ascii	"o\222P%>\204\275\211j\317uz0\376\304\277J|\361 zt\320"
 197      3E84BD89 
 197      6ACF757A 
 197      30FEC4BF 
 197      4A7CF120 
 198 0104 9C20C140 		.ascii	"\234 \301@\365R\377\013\232\031Q\203\013\272\203!\236"
 198      F552FF0B 
 198      9A195183 
 198      0BBA8321 
 198      9E
 199 0115 4AD7C009 		.ascii	"J\327\300\011\222s\202x\322\313]s\255Y\"\306\304\375"
 199      92738278 
 199      D2CB5D73 
 199      AD5922C6 
 199      C4FD
 200 0127 FCFDC0F6 		.ascii	"\374\375\300\366\202N\212\313G\251\260M\257\314\217"
 200      824E8ACB 
 200      47A9B04D 
 200      AFCC8F
 201 0136 23ED1DE2 		.ascii	"#\355\035\342=\001\362$`\341\263P\325\275\034\274\237"
 201      3D01F224 
 201      60E1B350 
 201      D5BD1CBC 
 201      9F
 202 0147 A9AA98C5 		.ascii	"\251\252\230\305\350\374\235\225t1\217\357\247\216\364"
 202      E8FC9D95 
 202      74318FEF 
 202      A78EF4
 203 0156 3433EB6C 		.ascii	"43\353l\011,x\374#\322\264\270\011\217[$\310]\023\204"
 203      092C78FC 
 203      23D2B4B8 
 203      098F5B24 
 203      C85D1384 
 204 016a E9C6E579 		.ascii	"\351\306\345y+H\371\015\224~@}\3654\373U\002\347\301"
 204      2B48F90D 
 204      947E407D 
 204      F534FB55 
 204      02E7C1
ARM GAS  e:\temp\ccQyE27S.s 			page 15


 205 017d 0E5D6027 		.ascii	"\016]`'\320\003\371,b;\024\020\350@\3459T\236e\204\026"
 205      D003F92C 
 205      623B1410 
 205      E840E539 
 205      549E6584 
 206 0192 0682DB82 		.ascii	"\006\202\333\202\224n\206n\220\240\023Dn\202i\344IZ"
 206      946E866E 
 206      90A01344 
 206      6E8269E4 
 206      495A
 207 01a4 EF16FA7C 		.ascii	"\357\026\372|\202E@\0153\330ka\272A\345\357p\226\312"
 207      8245400D 
 207      33D86B61 
 207      BA41E5EF 
 207      7096CA
 208 01b7 43C0E374 		.ascii	"C\300\343tl\274%C\345\261\031\217\321\346\330LF\316"
 208      6CBC2543 
 208      E5B1198F 
 208      D1E6D84C 
 208      46CE
 209 01c9 49169CD6 		.ascii	"I\026\234\326\323\\\001*\236\200\213\010y\001!\011\364"
 209      D35C012A 
 209      9E808B08 
 209      79012109 
 209      F4
 210 01da 410EBE7B 		.ascii	"A\016\276{\301\242\206_\27361&n=MO\367\320\205\251\241"
 210      C1A2865F 
 210      BB363126 
 210      6E3D4D4F 
 210      F7D085A9 
 211 01ef BC93F534 		.ascii	"\274\223\3654\200n\271\314\014\002:\033\334\262\317"
 211      806EB9CC 
 211      0C023A1B 
 211      DCB2CF
 212 01fe 97701BAB 		.ascii	"\227p\033\253}\011\266\242g[\363'\253\031\342\273\274"
 212      7D09B6A2 
 212      675BF327 
 212      AB19E2BB 
 212      BC
 213 020f 304BA146 		.ascii	"0K\241F%sC\310+\034r\257\206\330>\370\353\2614\0251"
 213      257343C8 
 213      2B1C72AF 
 213      86D83EF8 
 213      EBB13415 
 214 0224 FC68C846 		.ascii	"\374h\310F'\321\347%f\003\227u\274\313F\274~\216wd`"
 214      27D1E725 
 214      66039775 
 214      BCCB46BC 
 214      7E8E7764 
 215 0239 7EB7780A 		.ascii	"~\267x\0128^\367\321_\332\3230c;\266\015\014=\263\253"
 215      385EF7D1 
 215      5FDAD330 
 215      633BB60D 
 215      0C3DB3AB 
 216 024d 3D6BF42F 		.ascii	"=k\364/>\312\020G\270\2550\263\330q\327\002\371\222"
 216      3ECA1047 
 216      B8AD30B3 
ARM GAS  e:\temp\ccQyE27S.s 			page 16


 216      D871D702 
 216      F992
 217 025f 56ED5EB5 		.ascii	"V\355^\265\332!,\346\327:\236\235U\2337.\326F\2559\004"
 217      DA212CE6 
 217      D73A9E9D 
 217      559B372E 
 217      D646AD39 
 218 0274 4AEC5088 		.ascii	"J\354P\210m\033\300\266\331\265\266}\205\011]\305\204"
 218      6D1BC0B6 
 218      D9B5B67D 
 218      85095DC5 
 218      84
 219 0285 10E0CEA9 		.ascii	"\020\340\316\251\317\227\254\274)\241DS\276X}\020c\303"
 219      CF97ACBC 
 219      29A14453 
 219      BE587D10 
 219      63C3
 220 0297 E160A324 		.ascii	"\341`\243$\032H9TR\201\326\241\213\2228\241\222\372"
 220      1A483954 
 220      5281D6A1 
 220      8B9238A1 
 220      92FA
 221 02a9 BD6FF856 		.ascii	"\275o\370Vf|V\260dR>I\024\014\276EP\207\006\372\015"
 221      667C56B0 
 221      64523E49 
 221      140CBE45 
 221      508706FA 
 222 02be 2AC3F159 		.ascii	"*\303\361Y\0117=M\005\270\201\220\327u\352\016mP\306"
 222      09373D4D 
 222      05B88190 
 222      D775EA0E 
 222      6D50C6
 223 02d1 2795808D 		.ascii	"'\225\200\215sb\006\327\200\223\372mu\325\262a_\206"
 223      736206D7 
 223      8093FA6D 
 223      75D5B261 
 223      5F86
 224 02e3 785F06E3 		.ascii	"x_\006\343\243pw\345awV|\024\2169\177\276@\351Q\364"
 224      A37077E5 
 224      6177567C 
 224      148E397F 
 224      BE40E951 
 225 02f8 B3303B08 		.ascii	"\2630;\010\352\200Aco\206yoFZ\347z\255bTm\316\275\353"
 225      EA804163 
 225      6F86796F 
 225      465AE77A 
 225      AD62546D 
 226 030f 9D7F2681 		.ascii	"\235\177&\2012>:\352\315\244iXZ\361}\254\315_x\352\204"
 226      323E3AEA 
 226      CDA46958 
 226      5AF17DAC 
 226      CD5F78EA 
 227 0324 AD9186B1 		.ascii	"\255\221\206\261\036\230$Z\301\210\2169b\304\034\345"
 227      1E98245A 
 227      C1888E39 
 227      62C41CE5 
 228 0334 98CA6CE8 		.ascii	"\230\312l\350\375T\361\241\212\331\342;s.i\346CI\230"
ARM GAS  e:\temp\ccQyE27S.s 			page 17


 228      FD54F1A1 
 228      8AD9E23B 
 228      732E69E6 
 228      434998
 229 0347 E34998FE 		.ascii	"\343I\230\376\205\310-\226h\017b\266L\210\011L\264\202"
 229      85C82D96 
 229      680F62B6 
 229      4C88094C 
 229      B482
 230 0359 311D73CC 		.ascii	"1\035s\314\210\031a\230\342\231\256\007g7aT\366HM\024"
 230      88196198 
 230      E299AE07 
 230      67376154 
 230      F6484D14 
 231 036d BB175394 		.ascii	"\273\027S\224\367\024%\025&A\"\\A\375me\015\376'\271"
 231      F7142515 
 231      2641225C 
 231      41FD6D65 
 231      0DFE27B9 
 232 0381 A281DF38 		.ascii	"\242\201\3378\3117\001\341\177\010|\207\347\011\326"
 232      C93701E1 
 232      7F087C87 
 232      E709D6
 233 0390 6D3C22A7 		.ascii	"m<\"\247\343?}\372C\212\324\300\330\377\237\253\003"
 233      E33F7DFA 
 233      438AD4C0 
 233      D8FF9FAB 
 233      03
 234 03a1 3DAECED1 		.ascii	"=\256\316\321\346\024\261\213_pB\364\304\225\317D}\310"
 234      E614B18B 
 234      5F7042F4 
 234      C495CF44 
 234      7DC8
 235 03b3 5B77F98F 		.ascii	"[w\371\217\263\214f\261\012\323zFS\240\215\371\343 "
 235      B38C66B1 
 235      0AD37A46 
 235      53A08DF9 
 235      E320
 236 03c5 33E6207F 		.ascii	"3\346 \177\375s\363#\233\355\303\304\215\306#\352\251"
 236      FD73F323 
 236      9BEDC3C4 
 236      8DC623EA 
 236      A9
 237 03d6 44C1C62F 		.ascii	"D\301\306/^\366}\252\274\314\345\252,\337\261\363\315"
 237      5EF67DAA 
 237      BCCCE5AA 
 237      2CDFB1F3 
 237      CD
 238 03e7 C24AD7EE 		.ascii	"\302J\327\356\227\313+K_\177\255\322\345\255\362x_y"
 238      97CB2B4B 
 238      5F7FADD2 
 238      E5ADF278 
 238      5F79
 239 03f9 27CDF9C6 		.ascii	"'\315\371\306\256\334\322\242\"b=\344\256\365\226\024"
 239      AEDCD2A2 
 239      22623DE4 
 239      AEF59614 
ARM GAS  e:\temp\ccQyE27S.s 			page 18


 240 0409 3FE3946B 		.ascii	"?\343\224keO\225W\336W\351\252;\344\251\226\367\224"
 240      654F9557 
 240      DE57E9AA 
 240      3BE4A996 
 240      F794
 241 041b BBEA4A9F 		.ascii	"\273\352J\237\177\256\372\260\367\360\001\371`\301["
 241      7FAEFAB0 
 241      F7F001F9 
 241      60C15B
 242 042a E459738B 		.ascii	"\344Ys\213=& \005\325$\307\034\273\356@\241\351\017"
 242      3D262005 
 242      D524C71C 
 242      BBEE40A1 
 242      E90F
 243 043c D9BBDD53 		.ascii	"\331\273\335SU\355u\327\325V\355/s\277\355\336'{v\312"
 243      55ED75D7 
 243      D556ED2F 
 243      73BFEDDE 
 243      277B76CA 
 244 0450 35EE835E 		.ascii	"5\356\203^\331\223\302\010\276\310i\026\275\3400\363"
 244      D993C208 
 244      BEC86916 
 244      BDE030F3 
 245 0460 76CADE75 		.ascii	"v\312\336u>\246 \316\377\002\361\3105%\305\377\002\357"
 245      3EA620CE 
 245      FF02F1C8 
 245      3525C5FF 
 245      02EF
 246 0472 6E4E55   		.ascii	"nNU"
 247              		.text
 248              		.section	.gnu.lto_.symtab.624110e4,"",%progbits
 249 0000 50445353 		.ascii	"PDSS_PORT0_SWAP_CLK_StartEx\000"
 249      5F504F52 
 249      54305F53 
 249      5741505F 
 249      434C4B5F 
 250 001c 00       		.ascii	"\000"
 251 001d 00       		.ascii	"\000"
 252 001e 00       		.ascii	"\000"
 253 001f 00000000 		.ascii	"\000\000\000\000\000\000\000\000"
 253      00000000 
 254 0027 B5000000 		.ascii	"\265\000\000\000"
 255 002b 50445353 		.ascii	"PDSS_PORT0_SWAP_CLK_Stop\000"
 255      5F504F52 
 255      54305F53 
 255      5741505F 
 255      434C4B5F 
 256 0044 00       		.ascii	"\000"
 257 0045 00       		.ascii	"\000"
 258 0046 00       		.ascii	"\000"
 259 0047 00000000 		.ascii	"\000\000\000\000\000\000\000\000"
 259      00000000 
 260 004f B8000000 		.ascii	"\270\000\000\000"
 261 0053 50445353 		.ascii	"PDSS_PORT0_SWAP_CLK_SetFractionalDividerRegister\000"
 261      5F504F52 
 261      54305F53 
 261      5741505F 
ARM GAS  e:\temp\ccQyE27S.s 			page 19


 261      434C4B5F 
 262 0084 00       		.ascii	"\000"
 263 0085 00       		.ascii	"\000"
 264 0086 00       		.ascii	"\000"
 265 0087 00000000 		.ascii	"\000\000\000\000\000\000\000\000"
 265      00000000 
 266 008f C7000000 		.ascii	"\307\000\000\000"
 267 0093 50445353 		.ascii	"PDSS_PORT0_SWAP_CLK_GetDividerRegister\000"
 267      5F504F52 
 267      54305F53 
 267      5741505F 
 267      434C4B5F 
 268 00ba 00       		.ascii	"\000"
 269 00bb 00       		.ascii	"\000"
 270 00bc 00       		.ascii	"\000"
 271 00bd 00000000 		.ascii	"\000\000\000\000\000\000\000\000"
 271      00000000 
 272 00c5 CA000000 		.ascii	"\312\000\000\000"
 273 00c9 50445353 		.ascii	"PDSS_PORT0_SWAP_CLK_GetFractionalDividerRegister\000"
 273      5F504F52 
 273      54305F53 
 273      5741505F 
 273      434C4B5F 
 274 00fa 00       		.ascii	"\000"
 275 00fb 00       		.ascii	"\000"
 276 00fc 00       		.ascii	"\000"
 277 00fd 00000000 		.ascii	"\000\000\000\000\000\000\000\000"
 277      00000000 
 278 0105 CD000000 		.ascii	"\315\000\000\000"
 279              		.text
 280              		.section	.gnu.lto_.opts,"",%progbits
 281 0000 272D666D 		.ascii	"'-fmath-errno' '-fsigned-zeros' '-ftrapping-math' '"
 281      6174682D 
 281      6572726E 
 281      6F272027 
 281      2D667369 
 282 0033 2D666E6F 		.ascii	"-fno-trapv' '-fno-openmp' '-fno-openacc' '-mcpu=cor"
 282      2D747261 
 282      70762720 
 282      272D666E 
 282      6F2D6F70 
 283 0066 7465782D 		.ascii	"tex-m0' '-mthumb' '-g' '-Os' '-Werror' '-ffunction-"
 283      6D302720 
 283      272D6D74 
 283      68756D62 
 283      2720272D 
 284 0099 73656374 		.ascii	"sections' '-ffat-lto-objects' '-finline-functions' "
 284      696F6E73 
 284      2720272D 
 284      66666174 
 284      2D6C746F 
 285 00cc 272D666C 		.ascii	"'-flto' '-fno-strict-aliasing'\000"
 285      746F2720 
 285      272D666E 
 285      6F2D7374 
 285      72696374 
 286              		.text
ARM GAS  e:\temp\ccQyE27S.s 			page 20


 287              		.cfi_sections	.debug_frame
 288              		.section	.text.PDSS_PORT0_SWAP_CLK_StartEx,"ax",%progbits
 289              		.align	1
 290              		.global	PDSS_PORT0_SWAP_CLK_StartEx
 291              		.code	16
 292              		.thumb_func
 293              		.type	PDSS_PORT0_SWAP_CLK_StartEx, %function
 294              	PDSS_PORT0_SWAP_CLK_StartEx:
 295              	.LFB0:
 296              		.file 1 "Generated_Source\\PSoC4\\PDSS_PORT0_SWAP_CLK.c"
   1:Generated_Source\PSoC4/PDSS_PORT0_SWAP_CLK.c **** /*******************************************************************************
   2:Generated_Source\PSoC4/PDSS_PORT0_SWAP_CLK.c **** * File Name: PDSS_PORT0_SWAP_CLK.c
   3:Generated_Source\PSoC4/PDSS_PORT0_SWAP_CLK.c **** * Version 2.20
   4:Generated_Source\PSoC4/PDSS_PORT0_SWAP_CLK.c **** *
   5:Generated_Source\PSoC4/PDSS_PORT0_SWAP_CLK.c **** *  Description:
   6:Generated_Source\PSoC4/PDSS_PORT0_SWAP_CLK.c **** *   Provides system API for the clocking, interrupts and watchdog timer.
   7:Generated_Source\PSoC4/PDSS_PORT0_SWAP_CLK.c **** *
   8:Generated_Source\PSoC4/PDSS_PORT0_SWAP_CLK.c **** *  Note:
   9:Generated_Source\PSoC4/PDSS_PORT0_SWAP_CLK.c **** *   Documentation of the API's in this file is located in the
  10:Generated_Source\PSoC4/PDSS_PORT0_SWAP_CLK.c **** *   System Reference Guide provided with PSoC Creator.
  11:Generated_Source\PSoC4/PDSS_PORT0_SWAP_CLK.c **** *
  12:Generated_Source\PSoC4/PDSS_PORT0_SWAP_CLK.c **** ********************************************************************************
  13:Generated_Source\PSoC4/PDSS_PORT0_SWAP_CLK.c **** * Copyright 2008-2012, Cypress Semiconductor Corporation.  All rights reserved.
  14:Generated_Source\PSoC4/PDSS_PORT0_SWAP_CLK.c **** * You may use this file only in accordance with the license, terms, conditions,
  15:Generated_Source\PSoC4/PDSS_PORT0_SWAP_CLK.c **** * disclaimers, and limitations in the end user license agreement accompanying
  16:Generated_Source\PSoC4/PDSS_PORT0_SWAP_CLK.c **** * the software package with which this file was provided.
  17:Generated_Source\PSoC4/PDSS_PORT0_SWAP_CLK.c **** *******************************************************************************/
  18:Generated_Source\PSoC4/PDSS_PORT0_SWAP_CLK.c **** 
  19:Generated_Source\PSoC4/PDSS_PORT0_SWAP_CLK.c **** #include <cydevice_trm.h>
  20:Generated_Source\PSoC4/PDSS_PORT0_SWAP_CLK.c **** #include "PDSS_PORT0_SWAP_CLK.h"
  21:Generated_Source\PSoC4/PDSS_PORT0_SWAP_CLK.c **** 
  22:Generated_Source\PSoC4/PDSS_PORT0_SWAP_CLK.c **** #if defined CYREG_PERI_DIV_CMD
  23:Generated_Source\PSoC4/PDSS_PORT0_SWAP_CLK.c **** 
  24:Generated_Source\PSoC4/PDSS_PORT0_SWAP_CLK.c **** /*******************************************************************************
  25:Generated_Source\PSoC4/PDSS_PORT0_SWAP_CLK.c **** * Function Name: PDSS_PORT0_SWAP_CLK_StartEx
  26:Generated_Source\PSoC4/PDSS_PORT0_SWAP_CLK.c **** ********************************************************************************
  27:Generated_Source\PSoC4/PDSS_PORT0_SWAP_CLK.c **** *
  28:Generated_Source\PSoC4/PDSS_PORT0_SWAP_CLK.c **** * Summary:
  29:Generated_Source\PSoC4/PDSS_PORT0_SWAP_CLK.c **** *  Starts the clock, aligned to the specified running clock.
  30:Generated_Source\PSoC4/PDSS_PORT0_SWAP_CLK.c **** *
  31:Generated_Source\PSoC4/PDSS_PORT0_SWAP_CLK.c **** * Parameters:
  32:Generated_Source\PSoC4/PDSS_PORT0_SWAP_CLK.c **** *  alignClkDiv:  The divider to which phase alignment is performed when the
  33:Generated_Source\PSoC4/PDSS_PORT0_SWAP_CLK.c **** *    clock is started.
  34:Generated_Source\PSoC4/PDSS_PORT0_SWAP_CLK.c **** *
  35:Generated_Source\PSoC4/PDSS_PORT0_SWAP_CLK.c **** * Returns:
  36:Generated_Source\PSoC4/PDSS_PORT0_SWAP_CLK.c **** *  None
  37:Generated_Source\PSoC4/PDSS_PORT0_SWAP_CLK.c **** *
  38:Generated_Source\PSoC4/PDSS_PORT0_SWAP_CLK.c **** *******************************************************************************/
  39:Generated_Source\PSoC4/PDSS_PORT0_SWAP_CLK.c **** void PDSS_PORT0_SWAP_CLK_StartEx(uint32 alignClkDiv)
  40:Generated_Source\PSoC4/PDSS_PORT0_SWAP_CLK.c **** {
 297              		.loc 1 40 0
 298              		.cfi_startproc
 299              		@ args = 0, pretend = 0, frame = 0
 300              		@ frame_needed = 0, uses_anonymous_args = 0
 301              		@ link register save eliminated.
 302              	.LVL0:
  41:Generated_Source\PSoC4/PDSS_PORT0_SWAP_CLK.c ****     /* Make sure any previous start command has finished. */
ARM GAS  e:\temp\ccQyE27S.s 			page 21


  42:Generated_Source\PSoC4/PDSS_PORT0_SWAP_CLK.c ****     while((PDSS_PORT0_SWAP_CLK_CMD_REG & PDSS_PORT0_SWAP_CLK_CMD_ENABLE_MASK) != 0u)
 303              		.loc 1 42 0
 304 0000 044A     		ldr	r2, .L5
 305              	.L2:
 306              		.loc 1 42 0 is_stmt 0 discriminator 1
 307 0002 1368     		ldr	r3, [r2]
 308 0004 002B     		cmp	r3, #0
 309 0006 FCDB     		blt	.L2
  43:Generated_Source\PSoC4/PDSS_PORT0_SWAP_CLK.c ****     {
  44:Generated_Source\PSoC4/PDSS_PORT0_SWAP_CLK.c ****     }
  45:Generated_Source\PSoC4/PDSS_PORT0_SWAP_CLK.c ****     
  46:Generated_Source\PSoC4/PDSS_PORT0_SWAP_CLK.c ****     /* Specify the target divider and it's alignment divider, and enable. */
  47:Generated_Source\PSoC4/PDSS_PORT0_SWAP_CLK.c ****     PDSS_PORT0_SWAP_CLK_CMD_REG =
  48:Generated_Source\PSoC4/PDSS_PORT0_SWAP_CLK.c ****         ((uint32)PDSS_PORT0_SWAP_CLK__DIV_ID << PDSS_PORT0_SWAP_CLK_CMD_DIV_SHIFT)|
  49:Generated_Source\PSoC4/PDSS_PORT0_SWAP_CLK.c ****         (alignClkDiv << PDSS_PORT0_SWAP_CLK_CMD_PA_DIV_SHIFT) |
 310              		.loc 1 49 0 is_stmt 1
 311 0008 034B     		ldr	r3, .L5+4
 312 000a 0002     		lsls	r0, r0, #8
 313              	.LVL1:
 314 000c 1843     		orrs	r0, r3
  47:Generated_Source\PSoC4/PDSS_PORT0_SWAP_CLK.c ****         ((uint32)PDSS_PORT0_SWAP_CLK__DIV_ID << PDSS_PORT0_SWAP_CLK_CMD_DIV_SHIFT)|
 315              		.loc 1 47 0
 316 000e 014B     		ldr	r3, .L5
  50:Generated_Source\PSoC4/PDSS_PORT0_SWAP_CLK.c ****         (uint32)PDSS_PORT0_SWAP_CLK_CMD_ENABLE_MASK;
  51:Generated_Source\PSoC4/PDSS_PORT0_SWAP_CLK.c **** }
 317              		.loc 1 51 0
 318              		@ sp needed
  47:Generated_Source\PSoC4/PDSS_PORT0_SWAP_CLK.c ****         ((uint32)PDSS_PORT0_SWAP_CLK__DIV_ID << PDSS_PORT0_SWAP_CLK_CMD_DIV_SHIFT)|
 319              		.loc 1 47 0
 320 0010 1860     		str	r0, [r3]
 321              		.loc 1 51 0
 322 0012 7047     		bx	lr
 323              	.L6:
 324              		.align	2
 325              	.L5:
 326 0014 00000140 		.word	1073807360
 327 0018 04000080 		.word	-2147483644
 328              		.cfi_endproc
 329              	.LFE0:
 330              		.size	PDSS_PORT0_SWAP_CLK_StartEx, .-PDSS_PORT0_SWAP_CLK_StartEx
 331              		.section	.text.PDSS_PORT0_SWAP_CLK_Stop,"ax",%progbits
 332              		.align	1
 333              		.global	PDSS_PORT0_SWAP_CLK_Stop
 334              		.code	16
 335              		.thumb_func
 336              		.type	PDSS_PORT0_SWAP_CLK_Stop, %function
 337              	PDSS_PORT0_SWAP_CLK_Stop:
 338              	.LFB1:
  52:Generated_Source\PSoC4/PDSS_PORT0_SWAP_CLK.c **** 
  53:Generated_Source\PSoC4/PDSS_PORT0_SWAP_CLK.c **** #else
  54:Generated_Source\PSoC4/PDSS_PORT0_SWAP_CLK.c **** 
  55:Generated_Source\PSoC4/PDSS_PORT0_SWAP_CLK.c **** /*******************************************************************************
  56:Generated_Source\PSoC4/PDSS_PORT0_SWAP_CLK.c **** * Function Name: PDSS_PORT0_SWAP_CLK_Start
  57:Generated_Source\PSoC4/PDSS_PORT0_SWAP_CLK.c **** ********************************************************************************
  58:Generated_Source\PSoC4/PDSS_PORT0_SWAP_CLK.c **** *
  59:Generated_Source\PSoC4/PDSS_PORT0_SWAP_CLK.c **** * Summary:
  60:Generated_Source\PSoC4/PDSS_PORT0_SWAP_CLK.c **** *  Starts the clock.
ARM GAS  e:\temp\ccQyE27S.s 			page 22


  61:Generated_Source\PSoC4/PDSS_PORT0_SWAP_CLK.c **** *
  62:Generated_Source\PSoC4/PDSS_PORT0_SWAP_CLK.c **** * Parameters:
  63:Generated_Source\PSoC4/PDSS_PORT0_SWAP_CLK.c **** *  None
  64:Generated_Source\PSoC4/PDSS_PORT0_SWAP_CLK.c **** *
  65:Generated_Source\PSoC4/PDSS_PORT0_SWAP_CLK.c **** * Returns:
  66:Generated_Source\PSoC4/PDSS_PORT0_SWAP_CLK.c **** *  None
  67:Generated_Source\PSoC4/PDSS_PORT0_SWAP_CLK.c **** *
  68:Generated_Source\PSoC4/PDSS_PORT0_SWAP_CLK.c **** *******************************************************************************/
  69:Generated_Source\PSoC4/PDSS_PORT0_SWAP_CLK.c **** 
  70:Generated_Source\PSoC4/PDSS_PORT0_SWAP_CLK.c **** void PDSS_PORT0_SWAP_CLK_Start(void)
  71:Generated_Source\PSoC4/PDSS_PORT0_SWAP_CLK.c **** {
  72:Generated_Source\PSoC4/PDSS_PORT0_SWAP_CLK.c ****     /* Set the bit to enable the clock. */
  73:Generated_Source\PSoC4/PDSS_PORT0_SWAP_CLK.c ****     PDSS_PORT0_SWAP_CLK_ENABLE_REG |= PDSS_PORT0_SWAP_CLK__ENABLE_MASK;
  74:Generated_Source\PSoC4/PDSS_PORT0_SWAP_CLK.c **** }
  75:Generated_Source\PSoC4/PDSS_PORT0_SWAP_CLK.c **** 
  76:Generated_Source\PSoC4/PDSS_PORT0_SWAP_CLK.c **** #endif /* CYREG_PERI_DIV_CMD */
  77:Generated_Source\PSoC4/PDSS_PORT0_SWAP_CLK.c **** 
  78:Generated_Source\PSoC4/PDSS_PORT0_SWAP_CLK.c **** 
  79:Generated_Source\PSoC4/PDSS_PORT0_SWAP_CLK.c **** /*******************************************************************************
  80:Generated_Source\PSoC4/PDSS_PORT0_SWAP_CLK.c **** * Function Name: PDSS_PORT0_SWAP_CLK_Stop
  81:Generated_Source\PSoC4/PDSS_PORT0_SWAP_CLK.c **** ********************************************************************************
  82:Generated_Source\PSoC4/PDSS_PORT0_SWAP_CLK.c **** *
  83:Generated_Source\PSoC4/PDSS_PORT0_SWAP_CLK.c **** * Summary:
  84:Generated_Source\PSoC4/PDSS_PORT0_SWAP_CLK.c **** *  Stops the clock and returns immediately. This API does not require the
  85:Generated_Source\PSoC4/PDSS_PORT0_SWAP_CLK.c **** *  source clock to be running but may return before the hardware is actually
  86:Generated_Source\PSoC4/PDSS_PORT0_SWAP_CLK.c **** *  disabled.
  87:Generated_Source\PSoC4/PDSS_PORT0_SWAP_CLK.c **** *
  88:Generated_Source\PSoC4/PDSS_PORT0_SWAP_CLK.c **** * Parameters:
  89:Generated_Source\PSoC4/PDSS_PORT0_SWAP_CLK.c **** *  None
  90:Generated_Source\PSoC4/PDSS_PORT0_SWAP_CLK.c **** *
  91:Generated_Source\PSoC4/PDSS_PORT0_SWAP_CLK.c **** * Returns:
  92:Generated_Source\PSoC4/PDSS_PORT0_SWAP_CLK.c **** *  None
  93:Generated_Source\PSoC4/PDSS_PORT0_SWAP_CLK.c **** *
  94:Generated_Source\PSoC4/PDSS_PORT0_SWAP_CLK.c **** *******************************************************************************/
  95:Generated_Source\PSoC4/PDSS_PORT0_SWAP_CLK.c **** void PDSS_PORT0_SWAP_CLK_Stop(void)
  96:Generated_Source\PSoC4/PDSS_PORT0_SWAP_CLK.c **** {
 339              		.loc 1 96 0
 340              		.cfi_startproc
 341              		@ args = 0, pretend = 0, frame = 0
 342              		@ frame_needed = 0, uses_anonymous_args = 0
 343              		@ link register save eliminated.
  97:Generated_Source\PSoC4/PDSS_PORT0_SWAP_CLK.c **** #if defined CYREG_PERI_DIV_CMD
  98:Generated_Source\PSoC4/PDSS_PORT0_SWAP_CLK.c **** 
  99:Generated_Source\PSoC4/PDSS_PORT0_SWAP_CLK.c ****     /* Make sure any previous start command has finished. */
 100:Generated_Source\PSoC4/PDSS_PORT0_SWAP_CLK.c ****     while((PDSS_PORT0_SWAP_CLK_CMD_REG & PDSS_PORT0_SWAP_CLK_CMD_ENABLE_MASK) != 0u)
 344              		.loc 1 100 0
 345 0000 034A     		ldr	r2, .L10
 346              	.L8:
 347              		.loc 1 100 0 is_stmt 0 discriminator 1
 348 0002 1368     		ldr	r3, [r2]
 349 0004 002B     		cmp	r3, #0
 350 0006 FCDB     		blt	.L8
 101:Generated_Source\PSoC4/PDSS_PORT0_SWAP_CLK.c ****     {
 102:Generated_Source\PSoC4/PDSS_PORT0_SWAP_CLK.c ****     }
 103:Generated_Source\PSoC4/PDSS_PORT0_SWAP_CLK.c ****     
 104:Generated_Source\PSoC4/PDSS_PORT0_SWAP_CLK.c ****     /* Specify the target divider and it's alignment divider, and disable. */
 105:Generated_Source\PSoC4/PDSS_PORT0_SWAP_CLK.c ****     PDSS_PORT0_SWAP_CLK_CMD_REG =
ARM GAS  e:\temp\ccQyE27S.s 			page 23


 351              		.loc 1 105 0 is_stmt 1
 352 0008 024A     		ldr	r2, .L10+4
 353 000a 014B     		ldr	r3, .L10
 106:Generated_Source\PSoC4/PDSS_PORT0_SWAP_CLK.c ****         ((uint32)PDSS_PORT0_SWAP_CLK__DIV_ID << PDSS_PORT0_SWAP_CLK_CMD_DIV_SHIFT)|
 107:Generated_Source\PSoC4/PDSS_PORT0_SWAP_CLK.c ****         ((uint32)PDSS_PORT0_SWAP_CLK_CMD_DISABLE_MASK);
 108:Generated_Source\PSoC4/PDSS_PORT0_SWAP_CLK.c **** 
 109:Generated_Source\PSoC4/PDSS_PORT0_SWAP_CLK.c **** #else
 110:Generated_Source\PSoC4/PDSS_PORT0_SWAP_CLK.c **** 
 111:Generated_Source\PSoC4/PDSS_PORT0_SWAP_CLK.c ****     /* Clear the bit to disable the clock. */
 112:Generated_Source\PSoC4/PDSS_PORT0_SWAP_CLK.c ****     PDSS_PORT0_SWAP_CLK_ENABLE_REG &= (uint32)(~PDSS_PORT0_SWAP_CLK__ENABLE_MASK);
 113:Generated_Source\PSoC4/PDSS_PORT0_SWAP_CLK.c ****     
 114:Generated_Source\PSoC4/PDSS_PORT0_SWAP_CLK.c **** #endif /* CYREG_PERI_DIV_CMD */
 115:Generated_Source\PSoC4/PDSS_PORT0_SWAP_CLK.c **** }
 354              		.loc 1 115 0
 355              		@ sp needed
 105:Generated_Source\PSoC4/PDSS_PORT0_SWAP_CLK.c ****         ((uint32)PDSS_PORT0_SWAP_CLK__DIV_ID << PDSS_PORT0_SWAP_CLK_CMD_DIV_SHIFT)|
 356              		.loc 1 105 0
 357 000c 1A60     		str	r2, [r3]
 358              		.loc 1 115 0
 359 000e 7047     		bx	lr
 360              	.L11:
 361              		.align	2
 362              	.L10:
 363 0010 00000140 		.word	1073807360
 364 0014 04000040 		.word	1073741828
 365              		.cfi_endproc
 366              	.LFE1:
 367              		.size	PDSS_PORT0_SWAP_CLK_Stop, .-PDSS_PORT0_SWAP_CLK_Stop
 368              		.section	.text.PDSS_PORT0_SWAP_CLK_SetFractionalDividerRegister,"ax",%progbits
 369              		.align	1
 370              		.global	PDSS_PORT0_SWAP_CLK_SetFractionalDividerRegister
 371              		.code	16
 372              		.thumb_func
 373              		.type	PDSS_PORT0_SWAP_CLK_SetFractionalDividerRegister, %function
 374              	PDSS_PORT0_SWAP_CLK_SetFractionalDividerRegister:
 375              	.LFB2:
 116:Generated_Source\PSoC4/PDSS_PORT0_SWAP_CLK.c **** 
 117:Generated_Source\PSoC4/PDSS_PORT0_SWAP_CLK.c **** 
 118:Generated_Source\PSoC4/PDSS_PORT0_SWAP_CLK.c **** /*******************************************************************************
 119:Generated_Source\PSoC4/PDSS_PORT0_SWAP_CLK.c **** * Function Name: PDSS_PORT0_SWAP_CLK_SetFractionalDividerRegister
 120:Generated_Source\PSoC4/PDSS_PORT0_SWAP_CLK.c **** ********************************************************************************
 121:Generated_Source\PSoC4/PDSS_PORT0_SWAP_CLK.c **** *
 122:Generated_Source\PSoC4/PDSS_PORT0_SWAP_CLK.c **** * Summary:
 123:Generated_Source\PSoC4/PDSS_PORT0_SWAP_CLK.c **** *  Modifies the clock divider and the fractional divider.
 124:Generated_Source\PSoC4/PDSS_PORT0_SWAP_CLK.c **** *
 125:Generated_Source\PSoC4/PDSS_PORT0_SWAP_CLK.c **** * Parameters:
 126:Generated_Source\PSoC4/PDSS_PORT0_SWAP_CLK.c **** *  clkDivider:  Divider register value (0-65535). This value is NOT the
 127:Generated_Source\PSoC4/PDSS_PORT0_SWAP_CLK.c **** *    divider; the clock hardware divides by clkDivider plus one. For example,
 128:Generated_Source\PSoC4/PDSS_PORT0_SWAP_CLK.c **** *    to divide the clock by 2, this parameter should be set to 1.
 129:Generated_Source\PSoC4/PDSS_PORT0_SWAP_CLK.c **** *  fracDivider:  Fractional Divider register value (0-31).
 130:Generated_Source\PSoC4/PDSS_PORT0_SWAP_CLK.c **** * Returns:
 131:Generated_Source\PSoC4/PDSS_PORT0_SWAP_CLK.c **** *  None
 132:Generated_Source\PSoC4/PDSS_PORT0_SWAP_CLK.c **** *
 133:Generated_Source\PSoC4/PDSS_PORT0_SWAP_CLK.c **** *******************************************************************************/
 134:Generated_Source\PSoC4/PDSS_PORT0_SWAP_CLK.c **** void PDSS_PORT0_SWAP_CLK_SetFractionalDividerRegister(uint16 clkDivider, uint8 clkFractional)
 135:Generated_Source\PSoC4/PDSS_PORT0_SWAP_CLK.c **** {
 376              		.loc 1 135 0
ARM GAS  e:\temp\ccQyE27S.s 			page 24


 377              		.cfi_startproc
 378              		@ args = 0, pretend = 0, frame = 0
 379              		@ frame_needed = 0, uses_anonymous_args = 0
 380              	.LVL2:
 136:Generated_Source\PSoC4/PDSS_PORT0_SWAP_CLK.c ****     uint32 maskVal;
 137:Generated_Source\PSoC4/PDSS_PORT0_SWAP_CLK.c ****     uint32 regVal;
 138:Generated_Source\PSoC4/PDSS_PORT0_SWAP_CLK.c ****     
 139:Generated_Source\PSoC4/PDSS_PORT0_SWAP_CLK.c **** #if defined (PDSS_PORT0_SWAP_CLK__FRAC_MASK) || defined (CYREG_PERI_DIV_CMD)
 140:Generated_Source\PSoC4/PDSS_PORT0_SWAP_CLK.c ****     
 141:Generated_Source\PSoC4/PDSS_PORT0_SWAP_CLK.c **** 	/* get all but divider bits */
 142:Generated_Source\PSoC4/PDSS_PORT0_SWAP_CLK.c ****     maskVal = PDSS_PORT0_SWAP_CLK_DIV_REG & 
 143:Generated_Source\PSoC4/PDSS_PORT0_SWAP_CLK.c ****                     (uint32)(~(uint32)(PDSS_PORT0_SWAP_CLK_DIV_INT_MASK | PDSS_PORT0_SWAP_CLK_DIV_F
 144:Generated_Source\PSoC4/PDSS_PORT0_SWAP_CLK.c **** 	/* combine mask and new divider vals into 32-bit value */
 145:Generated_Source\PSoC4/PDSS_PORT0_SWAP_CLK.c ****     regVal = maskVal |
 381              		.loc 1 145 0
 382 0000 FF22     		movs	r2, #255
 383 0002 C900     		lsls	r1, r1, #3
 384              	.LVL3:
 385 0004 1140     		ands	r1, r2
 386 0006 0202     		lsls	r2, r0, #8
 387 0008 1143     		orrs	r1, r2
 388 000a 0723     		movs	r3, #7
 389 000c 0800     		movs	r0, r1
 390              	.LVL4:
 135:Generated_Source\PSoC4/PDSS_PORT0_SWAP_CLK.c ****     uint32 maskVal;
 391              		.loc 1 135 0
 392 000e 30B5     		push	{r4, r5, lr}
 393              		.cfi_def_cfa_offset 12
 394              		.cfi_offset 4, -12
 395              		.cfi_offset 5, -8
 396              		.cfi_offset 14, -4
 142:Generated_Source\PSoC4/PDSS_PORT0_SWAP_CLK.c ****                     (uint32)(~(uint32)(PDSS_PORT0_SWAP_CLK_DIV_INT_MASK | PDSS_PORT0_SWAP_CLK_DIV_F
 397              		.loc 1 142 0
 398 0010 024C     		ldr	r4, .L13
 146:Generated_Source\PSoC4/PDSS_PORT0_SWAP_CLK.c ****         ((uint32)((uint32)clkDivider <<  PDSS_PORT0_SWAP_CLK_DIV_INT_SHIFT) & PDSS_PORT0_SWAP_CLK_D
 147:Generated_Source\PSoC4/PDSS_PORT0_SWAP_CLK.c ****         ((uint32)((uint32)clkFractional << PDSS_PORT0_SWAP_CLK_DIV_FRAC_SHIFT) & PDSS_PORT0_SWAP_CL
 148:Generated_Source\PSoC4/PDSS_PORT0_SWAP_CLK.c ****     
 149:Generated_Source\PSoC4/PDSS_PORT0_SWAP_CLK.c **** #else
 150:Generated_Source\PSoC4/PDSS_PORT0_SWAP_CLK.c ****     /* get all but integer divider bits */
 151:Generated_Source\PSoC4/PDSS_PORT0_SWAP_CLK.c ****     maskVal = PDSS_PORT0_SWAP_CLK_DIV_REG & (uint32)(~(uint32)PDSS_PORT0_SWAP_CLK__DIVIDER_MASK);
 152:Generated_Source\PSoC4/PDSS_PORT0_SWAP_CLK.c ****     /* combine mask and new divider val into 32-bit value */
 153:Generated_Source\PSoC4/PDSS_PORT0_SWAP_CLK.c ****     regVal = clkDivider | maskVal;
 154:Generated_Source\PSoC4/PDSS_PORT0_SWAP_CLK.c ****     
 155:Generated_Source\PSoC4/PDSS_PORT0_SWAP_CLK.c **** #endif /* PDSS_PORT0_SWAP_CLK__FRAC_MASK || CYREG_PERI_DIV_CMD */
 156:Generated_Source\PSoC4/PDSS_PORT0_SWAP_CLK.c **** 
 157:Generated_Source\PSoC4/PDSS_PORT0_SWAP_CLK.c ****     PDSS_PORT0_SWAP_CLK_DIV_REG = regVal;
 158:Generated_Source\PSoC4/PDSS_PORT0_SWAP_CLK.c **** }
 399              		.loc 1 158 0
 400              		@ sp needed
 142:Generated_Source\PSoC4/PDSS_PORT0_SWAP_CLK.c ****                     (uint32)(~(uint32)(PDSS_PORT0_SWAP_CLK_DIV_INT_MASK | PDSS_PORT0_SWAP_CLK_DIV_F
 401              		.loc 1 142 0
 402 0012 2568     		ldr	r5, [r4]
 403              	.LVL5:
 145:Generated_Source\PSoC4/PDSS_PORT0_SWAP_CLK.c ****         ((uint32)((uint32)clkDivider <<  PDSS_PORT0_SWAP_CLK_DIV_INT_SHIFT) & PDSS_PORT0_SWAP_CLK_D
 404              		.loc 1 145 0
 405 0014 2B40     		ands	r3, r5
 406              	.LVL6:
ARM GAS  e:\temp\ccQyE27S.s 			page 25


 407 0016 1843     		orrs	r0, r3
 408              	.LVL7:
 157:Generated_Source\PSoC4/PDSS_PORT0_SWAP_CLK.c **** }
 409              		.loc 1 157 0
 410 0018 2060     		str	r0, [r4]
 411              		.loc 1 158 0
 412 001a 30BD     		pop	{r4, r5, pc}
 413              	.L14:
 414              		.align	2
 415              	.L13:
 416 001c 10020140 		.word	1073807888
 417              		.cfi_endproc
 418              	.LFE2:
 419              		.size	PDSS_PORT0_SWAP_CLK_SetFractionalDividerRegister, .-PDSS_PORT0_SWAP_CLK_SetFractionalDivider
 420              		.section	.text.PDSS_PORT0_SWAP_CLK_GetDividerRegister,"ax",%progbits
 421              		.align	1
 422              		.global	PDSS_PORT0_SWAP_CLK_GetDividerRegister
 423              		.code	16
 424              		.thumb_func
 425              		.type	PDSS_PORT0_SWAP_CLK_GetDividerRegister, %function
 426              	PDSS_PORT0_SWAP_CLK_GetDividerRegister:
 427              	.LFB3:
 159:Generated_Source\PSoC4/PDSS_PORT0_SWAP_CLK.c **** 
 160:Generated_Source\PSoC4/PDSS_PORT0_SWAP_CLK.c **** 
 161:Generated_Source\PSoC4/PDSS_PORT0_SWAP_CLK.c **** /*******************************************************************************
 162:Generated_Source\PSoC4/PDSS_PORT0_SWAP_CLK.c **** * Function Name: PDSS_PORT0_SWAP_CLK_GetDividerRegister
 163:Generated_Source\PSoC4/PDSS_PORT0_SWAP_CLK.c **** ********************************************************************************
 164:Generated_Source\PSoC4/PDSS_PORT0_SWAP_CLK.c **** *
 165:Generated_Source\PSoC4/PDSS_PORT0_SWAP_CLK.c **** * Summary:
 166:Generated_Source\PSoC4/PDSS_PORT0_SWAP_CLK.c **** *  Gets the clock divider register value.
 167:Generated_Source\PSoC4/PDSS_PORT0_SWAP_CLK.c **** *
 168:Generated_Source\PSoC4/PDSS_PORT0_SWAP_CLK.c **** * Parameters:
 169:Generated_Source\PSoC4/PDSS_PORT0_SWAP_CLK.c **** *  None
 170:Generated_Source\PSoC4/PDSS_PORT0_SWAP_CLK.c **** *
 171:Generated_Source\PSoC4/PDSS_PORT0_SWAP_CLK.c **** * Returns:
 172:Generated_Source\PSoC4/PDSS_PORT0_SWAP_CLK.c **** *  Divide value of the clock minus 1. For example, if the clock is set to
 173:Generated_Source\PSoC4/PDSS_PORT0_SWAP_CLK.c **** *  divide by 2, the return value will be 1.
 174:Generated_Source\PSoC4/PDSS_PORT0_SWAP_CLK.c **** *
 175:Generated_Source\PSoC4/PDSS_PORT0_SWAP_CLK.c **** *******************************************************************************/
 176:Generated_Source\PSoC4/PDSS_PORT0_SWAP_CLK.c **** uint16 PDSS_PORT0_SWAP_CLK_GetDividerRegister(void)
 177:Generated_Source\PSoC4/PDSS_PORT0_SWAP_CLK.c **** {
 428              		.loc 1 177 0
 429              		.cfi_startproc
 430              		@ args = 0, pretend = 0, frame = 0
 431              		@ frame_needed = 0, uses_anonymous_args = 0
 432              		@ link register save eliminated.
 178:Generated_Source\PSoC4/PDSS_PORT0_SWAP_CLK.c ****     return (uint16)((PDSS_PORT0_SWAP_CLK_DIV_REG & PDSS_PORT0_SWAP_CLK_DIV_INT_MASK)
 433              		.loc 1 178 0
 434 0000 024B     		ldr	r3, .L16
 179:Generated_Source\PSoC4/PDSS_PORT0_SWAP_CLK.c ****         >> PDSS_PORT0_SWAP_CLK_DIV_INT_SHIFT);
 180:Generated_Source\PSoC4/PDSS_PORT0_SWAP_CLK.c **** }
 435              		.loc 1 180 0
 436              		@ sp needed
 178:Generated_Source\PSoC4/PDSS_PORT0_SWAP_CLK.c ****     return (uint16)((PDSS_PORT0_SWAP_CLK_DIV_REG & PDSS_PORT0_SWAP_CLK_DIV_INT_MASK)
 437              		.loc 1 178 0
 438 0002 1868     		ldr	r0, [r3]
 439 0004 000A     		lsrs	r0, r0, #8
ARM GAS  e:\temp\ccQyE27S.s 			page 26


 440 0006 80B2     		uxth	r0, r0
 441              		.loc 1 180 0
 442 0008 7047     		bx	lr
 443              	.L17:
 444 000a C046     		.align	2
 445              	.L16:
 446 000c 10020140 		.word	1073807888
 447              		.cfi_endproc
 448              	.LFE3:
 449              		.size	PDSS_PORT0_SWAP_CLK_GetDividerRegister, .-PDSS_PORT0_SWAP_CLK_GetDividerRegister
 450              		.section	.text.PDSS_PORT0_SWAP_CLK_GetFractionalDividerRegister,"ax",%progbits
 451              		.align	1
 452              		.global	PDSS_PORT0_SWAP_CLK_GetFractionalDividerRegister
 453              		.code	16
 454              		.thumb_func
 455              		.type	PDSS_PORT0_SWAP_CLK_GetFractionalDividerRegister, %function
 456              	PDSS_PORT0_SWAP_CLK_GetFractionalDividerRegister:
 457              	.LFB4:
 181:Generated_Source\PSoC4/PDSS_PORT0_SWAP_CLK.c **** 
 182:Generated_Source\PSoC4/PDSS_PORT0_SWAP_CLK.c **** 
 183:Generated_Source\PSoC4/PDSS_PORT0_SWAP_CLK.c **** /*******************************************************************************
 184:Generated_Source\PSoC4/PDSS_PORT0_SWAP_CLK.c **** * Function Name: PDSS_PORT0_SWAP_CLK_GetFractionalDividerRegister
 185:Generated_Source\PSoC4/PDSS_PORT0_SWAP_CLK.c **** ********************************************************************************
 186:Generated_Source\PSoC4/PDSS_PORT0_SWAP_CLK.c **** *
 187:Generated_Source\PSoC4/PDSS_PORT0_SWAP_CLK.c **** * Summary:
 188:Generated_Source\PSoC4/PDSS_PORT0_SWAP_CLK.c **** *  Gets the clock fractional divider register value.
 189:Generated_Source\PSoC4/PDSS_PORT0_SWAP_CLK.c **** *
 190:Generated_Source\PSoC4/PDSS_PORT0_SWAP_CLK.c **** * Parameters:
 191:Generated_Source\PSoC4/PDSS_PORT0_SWAP_CLK.c **** *  None
 192:Generated_Source\PSoC4/PDSS_PORT0_SWAP_CLK.c **** *
 193:Generated_Source\PSoC4/PDSS_PORT0_SWAP_CLK.c **** * Returns:
 194:Generated_Source\PSoC4/PDSS_PORT0_SWAP_CLK.c **** *  Fractional Divide value of the clock
 195:Generated_Source\PSoC4/PDSS_PORT0_SWAP_CLK.c **** *  0 if the fractional divider is not in use.
 196:Generated_Source\PSoC4/PDSS_PORT0_SWAP_CLK.c **** *
 197:Generated_Source\PSoC4/PDSS_PORT0_SWAP_CLK.c **** *******************************************************************************/
 198:Generated_Source\PSoC4/PDSS_PORT0_SWAP_CLK.c **** uint8 PDSS_PORT0_SWAP_CLK_GetFractionalDividerRegister(void)
 199:Generated_Source\PSoC4/PDSS_PORT0_SWAP_CLK.c **** {
 458              		.loc 1 199 0
 459              		.cfi_startproc
 460              		@ args = 0, pretend = 0, frame = 0
 461              		@ frame_needed = 0, uses_anonymous_args = 0
 462              		@ link register save eliminated.
 200:Generated_Source\PSoC4/PDSS_PORT0_SWAP_CLK.c **** #if defined (PDSS_PORT0_SWAP_CLK__FRAC_MASK)
 201:Generated_Source\PSoC4/PDSS_PORT0_SWAP_CLK.c ****     /* return fractional divider bits */
 202:Generated_Source\PSoC4/PDSS_PORT0_SWAP_CLK.c ****     return (uint8)((PDSS_PORT0_SWAP_CLK_DIV_REG & PDSS_PORT0_SWAP_CLK_DIV_FRAC_MASK)
 203:Generated_Source\PSoC4/PDSS_PORT0_SWAP_CLK.c ****         >> PDSS_PORT0_SWAP_CLK_DIV_FRAC_SHIFT);
 204:Generated_Source\PSoC4/PDSS_PORT0_SWAP_CLK.c **** #else
 205:Generated_Source\PSoC4/PDSS_PORT0_SWAP_CLK.c ****     return 0u;
 206:Generated_Source\PSoC4/PDSS_PORT0_SWAP_CLK.c **** #endif /* PDSS_PORT0_SWAP_CLK__FRAC_MASK */
 207:Generated_Source\PSoC4/PDSS_PORT0_SWAP_CLK.c **** }
 463              		.loc 1 207 0
 464 0000 0020     		movs	r0, #0
 465              		@ sp needed
 466 0002 7047     		bx	lr
 467              		.cfi_endproc
 468              	.LFE4:
 469              		.size	PDSS_PORT0_SWAP_CLK_GetFractionalDividerRegister, .-PDSS_PORT0_SWAP_CLK_GetFractionalDivider
ARM GAS  e:\temp\ccQyE27S.s 			page 27


 470              		.text
 471              	.Letext0:
 472              		.file 2 "Generated_Source\\PSoC4/cytypes.h"
 473              		.section	.debug_info,"",%progbits
 474              	.Ldebug_info0:
 475 0000 62010000 		.4byte	0x162
 476 0004 0400     		.2byte	0x4
 477 0006 00000000 		.4byte	.Ldebug_abbrev0
 478 000a 04       		.byte	0x4
 479 000b 01       		.uleb128 0x1
 480 000c 62010000 		.4byte	.LASF25
 481 0010 0C       		.byte	0xc
 482 0011 E0000000 		.4byte	.LASF26
 483 0015 8B020000 		.4byte	.LASF27
 484 0019 00000000 		.4byte	.Ldebug_ranges0+0
 485 001d 00000000 		.4byte	0
 486 0021 00000000 		.4byte	.Ldebug_line0
 487 0025 02       		.uleb128 0x2
 488 0026 01       		.byte	0x1
 489 0027 06       		.byte	0x6
 490 0028 7F020000 		.4byte	.LASF0
 491 002c 02       		.uleb128 0x2
 492 002d 01       		.byte	0x1
 493 002e 08       		.byte	0x8
 494 002f 14000000 		.4byte	.LASF1
 495 0033 02       		.uleb128 0x2
 496 0034 02       		.byte	0x2
 497 0035 05       		.byte	0x5
 498 0036 4A020000 		.4byte	.LASF2
 499 003a 02       		.uleb128 0x2
 500 003b 02       		.byte	0x2
 501 003c 07       		.byte	0x7
 502 003d 34000000 		.4byte	.LASF3
 503 0041 02       		.uleb128 0x2
 504 0042 04       		.byte	0x4
 505 0043 05       		.byte	0x5
 506 0044 5A020000 		.4byte	.LASF4
 507 0048 02       		.uleb128 0x2
 508 0049 04       		.byte	0x4
 509 004a 07       		.byte	0x7
 510 004b 22000000 		.4byte	.LASF5
 511 004f 02       		.uleb128 0x2
 512 0050 08       		.byte	0x8
 513 0051 05       		.byte	0x5
 514 0052 1E020000 		.4byte	.LASF6
 515 0056 02       		.uleb128 0x2
 516 0057 08       		.byte	0x8
 517 0058 07       		.byte	0x7
 518 0059 4B010000 		.4byte	.LASF7
 519 005d 03       		.uleb128 0x3
 520 005e 04       		.byte	0x4
 521 005f 05       		.byte	0x5
 522 0060 696E7400 		.ascii	"int\000"
 523 0064 02       		.uleb128 0x2
 524 0065 04       		.byte	0x4
 525 0066 07       		.byte	0x7
 526 0067 0D010000 		.4byte	.LASF8
ARM GAS  e:\temp\ccQyE27S.s 			page 28


 527 006b 04       		.uleb128 0x4
 528 006c 54020000 		.4byte	.LASF9
 529 0070 02       		.byte	0x2
 530 0071 E401     		.2byte	0x1e4
 531 0073 2C000000 		.4byte	0x2c
 532 0077 04       		.uleb128 0x4
 533 0078 D2000000 		.4byte	.LASF10
 534 007c 02       		.byte	0x2
 535 007d E501     		.2byte	0x1e5
 536 007f 3A000000 		.4byte	0x3a
 537 0083 04       		.uleb128 0x4
 538 0084 D9000000 		.4byte	.LASF11
 539 0088 02       		.byte	0x2
 540 0089 E601     		.2byte	0x1e6
 541 008b 48000000 		.4byte	0x48
 542 008f 02       		.uleb128 0x2
 543 0090 04       		.byte	0x4
 544 0091 04       		.byte	0x4
 545 0092 0E000000 		.4byte	.LASF12
 546 0096 02       		.uleb128 0x2
 547 0097 08       		.byte	0x8
 548 0098 04       		.byte	0x4
 549 0099 83000000 		.4byte	.LASF13
 550 009d 02       		.uleb128 0x2
 551 009e 01       		.byte	0x1
 552 009f 08       		.byte	0x8
 553 00a0 2C020000 		.4byte	.LASF14
 554 00a4 04       		.uleb128 0x4
 555 00a5 00000000 		.4byte	.LASF15
 556 00a9 02       		.byte	0x2
 557 00aa 9002     		.2byte	0x290
 558 00ac B0000000 		.4byte	0xb0
 559 00b0 05       		.uleb128 0x5
 560 00b1 83000000 		.4byte	0x83
 561 00b5 06       		.uleb128 0x6
 562 00b6 63020000 		.4byte	.LASF16
 563 00ba 01       		.byte	0x1
 564 00bb 27       		.byte	0x27
 565 00bc 00000000 		.4byte	.LFB0
 566 00c0 1C000000 		.4byte	.LFE0-.LFB0
 567 00c4 01       		.uleb128 0x1
 568 00c5 9C       		.byte	0x9c
 569 00c6 DA000000 		.4byte	0xda
 570 00ca 07       		.uleb128 0x7
 571 00cb 91000000 		.4byte	.LASF18
 572 00cf 01       		.byte	0x1
 573 00d0 27       		.byte	0x27
 574 00d1 83000000 		.4byte	0x83
 575 00d5 00000000 		.4byte	.LLST0
 576 00d9 00       		.byte	0
 577 00da 08       		.uleb128 0x8
 578 00db 31020000 		.4byte	.LASF28
 579 00df 01       		.byte	0x1
 580 00e0 5F       		.byte	0x5f
 581 00e1 00000000 		.4byte	.LFB1
 582 00e5 18000000 		.4byte	.LFE1-.LFB1
 583 00e9 01       		.uleb128 0x1
ARM GAS  e:\temp\ccQyE27S.s 			page 29


 584 00ea 9C       		.byte	0x9c
 585 00eb 06       		.uleb128 0x6
 586 00ec 1A010000 		.4byte	.LASF17
 587 00f0 01       		.byte	0x1
 588 00f1 86       		.byte	0x86
 589 00f2 00000000 		.4byte	.LFB2
 590 00f6 20000000 		.4byte	.LFE2-.LFB2
 591 00fa 01       		.uleb128 0x1
 592 00fb 9C       		.byte	0x9c
 593 00fc 3B010000 		.4byte	0x13b
 594 0100 07       		.uleb128 0x7
 595 0101 78000000 		.4byte	.LASF19
 596 0105 01       		.byte	0x1
 597 0106 86       		.byte	0x86
 598 0107 77000000 		.4byte	0x77
 599 010b 21000000 		.4byte	.LLST1
 600 010f 07       		.uleb128 0x7
 601 0110 C4000000 		.4byte	.LASF20
 602 0114 01       		.byte	0x1
 603 0115 86       		.byte	0x86
 604 0116 6B000000 		.4byte	0x6b
 605 011a 42000000 		.4byte	.LLST2
 606 011e 09       		.uleb128 0x9
 607 011f 06000000 		.4byte	.LASF21
 608 0123 01       		.byte	0x1
 609 0124 88       		.byte	0x88
 610 0125 83000000 		.4byte	0x83
 611 0129 63000000 		.4byte	.LLST3
 612 012d 0A       		.uleb128 0xa
 613 012e 8A000000 		.4byte	.LASF22
 614 0132 01       		.byte	0x1
 615 0133 89       		.byte	0x89
 616 0134 83000000 		.4byte	0x83
 617 0138 01       		.uleb128 0x1
 618 0139 50       		.byte	0x50
 619 013a 00       		.byte	0
 620 013b 0B       		.uleb128 0xb
 621 013c 9D000000 		.4byte	.LASF23
 622 0140 01       		.byte	0x1
 623 0141 B0       		.byte	0xb0
 624 0142 77000000 		.4byte	0x77
 625 0146 00000000 		.4byte	.LFB3
 626 014a 10000000 		.4byte	.LFE3-.LFB3
 627 014e 01       		.uleb128 0x1
 628 014f 9C       		.byte	0x9c
 629 0150 0B       		.uleb128 0xb
 630 0151 47000000 		.4byte	.LASF24
 631 0155 01       		.byte	0x1
 632 0156 C6       		.byte	0xc6
 633 0157 6B000000 		.4byte	0x6b
 634 015b 00000000 		.4byte	.LFB4
 635 015f 04000000 		.4byte	.LFE4-.LFB4
 636 0163 01       		.uleb128 0x1
 637 0164 9C       		.byte	0x9c
 638 0165 00       		.byte	0
 639              		.section	.debug_abbrev,"",%progbits
 640              	.Ldebug_abbrev0:
ARM GAS  e:\temp\ccQyE27S.s 			page 30


 641 0000 01       		.uleb128 0x1
 642 0001 11       		.uleb128 0x11
 643 0002 01       		.byte	0x1
 644 0003 25       		.uleb128 0x25
 645 0004 0E       		.uleb128 0xe
 646 0005 13       		.uleb128 0x13
 647 0006 0B       		.uleb128 0xb
 648 0007 03       		.uleb128 0x3
 649 0008 0E       		.uleb128 0xe
 650 0009 1B       		.uleb128 0x1b
 651 000a 0E       		.uleb128 0xe
 652 000b 55       		.uleb128 0x55
 653 000c 17       		.uleb128 0x17
 654 000d 11       		.uleb128 0x11
 655 000e 01       		.uleb128 0x1
 656 000f 10       		.uleb128 0x10
 657 0010 17       		.uleb128 0x17
 658 0011 00       		.byte	0
 659 0012 00       		.byte	0
 660 0013 02       		.uleb128 0x2
 661 0014 24       		.uleb128 0x24
 662 0015 00       		.byte	0
 663 0016 0B       		.uleb128 0xb
 664 0017 0B       		.uleb128 0xb
 665 0018 3E       		.uleb128 0x3e
 666 0019 0B       		.uleb128 0xb
 667 001a 03       		.uleb128 0x3
 668 001b 0E       		.uleb128 0xe
 669 001c 00       		.byte	0
 670 001d 00       		.byte	0
 671 001e 03       		.uleb128 0x3
 672 001f 24       		.uleb128 0x24
 673 0020 00       		.byte	0
 674 0021 0B       		.uleb128 0xb
 675 0022 0B       		.uleb128 0xb
 676 0023 3E       		.uleb128 0x3e
 677 0024 0B       		.uleb128 0xb
 678 0025 03       		.uleb128 0x3
 679 0026 08       		.uleb128 0x8
 680 0027 00       		.byte	0
 681 0028 00       		.byte	0
 682 0029 04       		.uleb128 0x4
 683 002a 16       		.uleb128 0x16
 684 002b 00       		.byte	0
 685 002c 03       		.uleb128 0x3
 686 002d 0E       		.uleb128 0xe
 687 002e 3A       		.uleb128 0x3a
 688 002f 0B       		.uleb128 0xb
 689 0030 3B       		.uleb128 0x3b
 690 0031 05       		.uleb128 0x5
 691 0032 49       		.uleb128 0x49
 692 0033 13       		.uleb128 0x13
 693 0034 00       		.byte	0
 694 0035 00       		.byte	0
 695 0036 05       		.uleb128 0x5
 696 0037 35       		.uleb128 0x35
 697 0038 00       		.byte	0
ARM GAS  e:\temp\ccQyE27S.s 			page 31


 698 0039 49       		.uleb128 0x49
 699 003a 13       		.uleb128 0x13
 700 003b 00       		.byte	0
 701 003c 00       		.byte	0
 702 003d 06       		.uleb128 0x6
 703 003e 2E       		.uleb128 0x2e
 704 003f 01       		.byte	0x1
 705 0040 3F       		.uleb128 0x3f
 706 0041 19       		.uleb128 0x19
 707 0042 03       		.uleb128 0x3
 708 0043 0E       		.uleb128 0xe
 709 0044 3A       		.uleb128 0x3a
 710 0045 0B       		.uleb128 0xb
 711 0046 3B       		.uleb128 0x3b
 712 0047 0B       		.uleb128 0xb
 713 0048 27       		.uleb128 0x27
 714 0049 19       		.uleb128 0x19
 715 004a 11       		.uleb128 0x11
 716 004b 01       		.uleb128 0x1
 717 004c 12       		.uleb128 0x12
 718 004d 06       		.uleb128 0x6
 719 004e 40       		.uleb128 0x40
 720 004f 18       		.uleb128 0x18
 721 0050 9742     		.uleb128 0x2117
 722 0052 19       		.uleb128 0x19
 723 0053 01       		.uleb128 0x1
 724 0054 13       		.uleb128 0x13
 725 0055 00       		.byte	0
 726 0056 00       		.byte	0
 727 0057 07       		.uleb128 0x7
 728 0058 05       		.uleb128 0x5
 729 0059 00       		.byte	0
 730 005a 03       		.uleb128 0x3
 731 005b 0E       		.uleb128 0xe
 732 005c 3A       		.uleb128 0x3a
 733 005d 0B       		.uleb128 0xb
 734 005e 3B       		.uleb128 0x3b
 735 005f 0B       		.uleb128 0xb
 736 0060 49       		.uleb128 0x49
 737 0061 13       		.uleb128 0x13
 738 0062 02       		.uleb128 0x2
 739 0063 17       		.uleb128 0x17
 740 0064 00       		.byte	0
 741 0065 00       		.byte	0
 742 0066 08       		.uleb128 0x8
 743 0067 2E       		.uleb128 0x2e
 744 0068 00       		.byte	0
 745 0069 3F       		.uleb128 0x3f
 746 006a 19       		.uleb128 0x19
 747 006b 03       		.uleb128 0x3
 748 006c 0E       		.uleb128 0xe
 749 006d 3A       		.uleb128 0x3a
 750 006e 0B       		.uleb128 0xb
 751 006f 3B       		.uleb128 0x3b
 752 0070 0B       		.uleb128 0xb
 753 0071 27       		.uleb128 0x27
 754 0072 19       		.uleb128 0x19
ARM GAS  e:\temp\ccQyE27S.s 			page 32


 755 0073 11       		.uleb128 0x11
 756 0074 01       		.uleb128 0x1
 757 0075 12       		.uleb128 0x12
 758 0076 06       		.uleb128 0x6
 759 0077 40       		.uleb128 0x40
 760 0078 18       		.uleb128 0x18
 761 0079 9742     		.uleb128 0x2117
 762 007b 19       		.uleb128 0x19
 763 007c 00       		.byte	0
 764 007d 00       		.byte	0
 765 007e 09       		.uleb128 0x9
 766 007f 34       		.uleb128 0x34
 767 0080 00       		.byte	0
 768 0081 03       		.uleb128 0x3
 769 0082 0E       		.uleb128 0xe
 770 0083 3A       		.uleb128 0x3a
 771 0084 0B       		.uleb128 0xb
 772 0085 3B       		.uleb128 0x3b
 773 0086 0B       		.uleb128 0xb
 774 0087 49       		.uleb128 0x49
 775 0088 13       		.uleb128 0x13
 776 0089 02       		.uleb128 0x2
 777 008a 17       		.uleb128 0x17
 778 008b 00       		.byte	0
 779 008c 00       		.byte	0
 780 008d 0A       		.uleb128 0xa
 781 008e 34       		.uleb128 0x34
 782 008f 00       		.byte	0
 783 0090 03       		.uleb128 0x3
 784 0091 0E       		.uleb128 0xe
 785 0092 3A       		.uleb128 0x3a
 786 0093 0B       		.uleb128 0xb
 787 0094 3B       		.uleb128 0x3b
 788 0095 0B       		.uleb128 0xb
 789 0096 49       		.uleb128 0x49
 790 0097 13       		.uleb128 0x13
 791 0098 02       		.uleb128 0x2
 792 0099 18       		.uleb128 0x18
 793 009a 00       		.byte	0
 794 009b 00       		.byte	0
 795 009c 0B       		.uleb128 0xb
 796 009d 2E       		.uleb128 0x2e
 797 009e 00       		.byte	0
 798 009f 3F       		.uleb128 0x3f
 799 00a0 19       		.uleb128 0x19
 800 00a1 03       		.uleb128 0x3
 801 00a2 0E       		.uleb128 0xe
 802 00a3 3A       		.uleb128 0x3a
 803 00a4 0B       		.uleb128 0xb
 804 00a5 3B       		.uleb128 0x3b
 805 00a6 0B       		.uleb128 0xb
 806 00a7 27       		.uleb128 0x27
 807 00a8 19       		.uleb128 0x19
 808 00a9 49       		.uleb128 0x49
 809 00aa 13       		.uleb128 0x13
 810 00ab 11       		.uleb128 0x11
 811 00ac 01       		.uleb128 0x1
ARM GAS  e:\temp\ccQyE27S.s 			page 33


 812 00ad 12       		.uleb128 0x12
 813 00ae 06       		.uleb128 0x6
 814 00af 40       		.uleb128 0x40
 815 00b0 18       		.uleb128 0x18
 816 00b1 9742     		.uleb128 0x2117
 817 00b3 19       		.uleb128 0x19
 818 00b4 00       		.byte	0
 819 00b5 00       		.byte	0
 820 00b6 00       		.byte	0
 821              		.section	.debug_loc,"",%progbits
 822              	.Ldebug_loc0:
 823              	.LLST0:
 824 0000 00000000 		.4byte	.LVL0
 825 0004 0C000000 		.4byte	.LVL1
 826 0008 0100     		.2byte	0x1
 827 000a 50       		.byte	0x50
 828 000b 0C000000 		.4byte	.LVL1
 829 000f 1C000000 		.4byte	.LFE0
 830 0013 0400     		.2byte	0x4
 831 0015 F3       		.byte	0xf3
 832 0016 01       		.uleb128 0x1
 833 0017 50       		.byte	0x50
 834 0018 9F       		.byte	0x9f
 835 0019 00000000 		.4byte	0
 836 001d 00000000 		.4byte	0
 837              	.LLST1:
 838 0021 00000000 		.4byte	.LVL2
 839 0025 0E000000 		.4byte	.LVL4
 840 0029 0100     		.2byte	0x1
 841 002b 50       		.byte	0x50
 842 002c 0E000000 		.4byte	.LVL4
 843 0030 20000000 		.4byte	.LFE2
 844 0034 0400     		.2byte	0x4
 845 0036 F3       		.byte	0xf3
 846 0037 01       		.uleb128 0x1
 847 0038 50       		.byte	0x50
 848 0039 9F       		.byte	0x9f
 849 003a 00000000 		.4byte	0
 850 003e 00000000 		.4byte	0
 851              	.LLST2:
 852 0042 00000000 		.4byte	.LVL2
 853 0046 04000000 		.4byte	.LVL3
 854 004a 0100     		.2byte	0x1
 855 004c 51       		.byte	0x51
 856 004d 04000000 		.4byte	.LVL3
 857 0051 20000000 		.4byte	.LFE2
 858 0055 0400     		.2byte	0x4
 859 0057 F3       		.byte	0xf3
 860 0058 01       		.uleb128 0x1
 861 0059 51       		.byte	0x51
 862 005a 9F       		.byte	0x9f
 863 005b 00000000 		.4byte	0
 864 005f 00000000 		.4byte	0
 865              	.LLST3:
 866 0063 14000000 		.4byte	.LVL5
 867 0067 16000000 		.4byte	.LVL6
 868 006b 0500     		.2byte	0x5
ARM GAS  e:\temp\ccQyE27S.s 			page 34


 869 006d 75       		.byte	0x75
 870 006e 00       		.sleb128 0
 871 006f 37       		.byte	0x37
 872 0070 1A       		.byte	0x1a
 873 0071 9F       		.byte	0x9f
 874 0072 16000000 		.4byte	.LVL6
 875 0076 20000000 		.4byte	.LFE2
 876 007a 0100     		.2byte	0x1
 877 007c 53       		.byte	0x53
 878 007d 00000000 		.4byte	0
 879 0081 00000000 		.4byte	0
 880              		.section	.debug_aranges,"",%progbits
 881 0000 3C000000 		.4byte	0x3c
 882 0004 0200     		.2byte	0x2
 883 0006 00000000 		.4byte	.Ldebug_info0
 884 000a 04       		.byte	0x4
 885 000b 00       		.byte	0
 886 000c 0000     		.2byte	0
 887 000e 0000     		.2byte	0
 888 0010 00000000 		.4byte	.LFB0
 889 0014 1C000000 		.4byte	.LFE0-.LFB0
 890 0018 00000000 		.4byte	.LFB1
 891 001c 18000000 		.4byte	.LFE1-.LFB1
 892 0020 00000000 		.4byte	.LFB2
 893 0024 20000000 		.4byte	.LFE2-.LFB2
 894 0028 00000000 		.4byte	.LFB3
 895 002c 10000000 		.4byte	.LFE3-.LFB3
 896 0030 00000000 		.4byte	.LFB4
 897 0034 04000000 		.4byte	.LFE4-.LFB4
 898 0038 00000000 		.4byte	0
 899 003c 00000000 		.4byte	0
 900              		.section	.debug_ranges,"",%progbits
 901              	.Ldebug_ranges0:
 902 0000 00000000 		.4byte	.LFB0
 903 0004 1C000000 		.4byte	.LFE0
 904 0008 00000000 		.4byte	.LFB1
 905 000c 18000000 		.4byte	.LFE1
 906 0010 00000000 		.4byte	.LFB2
 907 0014 20000000 		.4byte	.LFE2
 908 0018 00000000 		.4byte	.LFB3
 909 001c 10000000 		.4byte	.LFE3
 910 0020 00000000 		.4byte	.LFB4
 911 0024 04000000 		.4byte	.LFE4
 912 0028 00000000 		.4byte	0
 913 002c 00000000 		.4byte	0
 914              		.section	.debug_line,"",%progbits
 915              	.Ldebug_line0:
 916 0000 DB000000 		.section	.debug_str,"MS",%progbits,1
 916      02005000 
 916      00000201 
 916      FB0E0D00 
 916      01010101 
 917              	.LASF15:
 918 0000 72656733 		.ascii	"reg32\000"
 918      3200
 919              	.LASF21:
 920 0006 6D61736B 		.ascii	"maskVal\000"
ARM GAS  e:\temp\ccQyE27S.s 			page 35


 920      56616C00 
 921              	.LASF12:
 922 000e 666C6F61 		.ascii	"float\000"
 922      7400
 923              	.LASF1:
 924 0014 756E7369 		.ascii	"unsigned char\000"
 924      676E6564 
 924      20636861 
 924      7200
 925              	.LASF5:
 926 0022 6C6F6E67 		.ascii	"long unsigned int\000"
 926      20756E73 
 926      69676E65 
 926      6420696E 
 926      7400
 927              	.LASF3:
 928 0034 73686F72 		.ascii	"short unsigned int\000"
 928      7420756E 
 928      7369676E 
 928      65642069 
 928      6E7400
 929              	.LASF24:
 930 0047 50445353 		.ascii	"PDSS_PORT0_SWAP_CLK_GetFractionalDividerRegister\000"
 930      5F504F52 
 930      54305F53 
 930      5741505F 
 930      434C4B5F 
 931              	.LASF19:
 932 0078 636C6B44 		.ascii	"clkDivider\000"
 932      69766964 
 932      657200
 933              	.LASF13:
 934 0083 646F7562 		.ascii	"double\000"
 934      6C6500
 935              	.LASF22:
 936 008a 72656756 		.ascii	"regVal\000"
 936      616C00
 937              	.LASF18:
 938 0091 616C6967 		.ascii	"alignClkDiv\000"
 938      6E436C6B 
 938      44697600 
 939              	.LASF23:
 940 009d 50445353 		.ascii	"PDSS_PORT0_SWAP_CLK_GetDividerRegister\000"
 940      5F504F52 
 940      54305F53 
 940      5741505F 
 940      434C4B5F 
 941              	.LASF20:
 942 00c4 636C6B46 		.ascii	"clkFractional\000"
 942      72616374 
 942      696F6E61 
 942      6C00
 943              	.LASF10:
 944 00d2 75696E74 		.ascii	"uint16\000"
 944      313600
 945              	.LASF11:
 946 00d9 75696E74 		.ascii	"uint32\000"
ARM GAS  e:\temp\ccQyE27S.s 			page 36


 946      333200
 947              	.LASF26:
 948 00e0 47656E65 		.ascii	"Generated_Source\\PSoC4\\PDSS_PORT0_SWAP_CLK.c\000"
 948      72617465 
 948      645F536F 
 948      75726365 
 948      5C50536F 
 949              	.LASF8:
 950 010d 756E7369 		.ascii	"unsigned int\000"
 950      676E6564 
 950      20696E74 
 950      00
 951              	.LASF17:
 952 011a 50445353 		.ascii	"PDSS_PORT0_SWAP_CLK_SetFractionalDividerRegister\000"
 952      5F504F52 
 952      54305F53 
 952      5741505F 
 952      434C4B5F 
 953              	.LASF7:
 954 014b 6C6F6E67 		.ascii	"long long unsigned int\000"
 954      206C6F6E 
 954      6720756E 
 954      7369676E 
 954      65642069 
 955              	.LASF25:
 956 0162 474E5520 		.ascii	"GNU C11 5.4.1 20160609 (release) [ARM/embedded-5-br"
 956      43313120 
 956      352E342E 
 956      31203230 
 956      31363036 
 957 0195 616E6368 		.ascii	"anch revision 237715] -mcpu=cortex-m0 -mthumb -g -O"
 957      20726576 
 957      6973696F 
 957      6E203233 
 957      37373135 
 958 01c8 73202D66 		.ascii	"s -ffunction-sections -ffat-lto-objects -finline-fu"
 958      66756E63 
 958      74696F6E 
 958      2D736563 
 958      74696F6E 
 959 01fb 6E637469 		.ascii	"nctions -flto -fno-strict-aliasing\000"
 959      6F6E7320 
 959      2D666C74 
 959      6F202D66 
 959      6E6F2D73 
 960              	.LASF6:
 961 021e 6C6F6E67 		.ascii	"long long int\000"
 961      206C6F6E 
 961      6720696E 
 961      7400
 962              	.LASF14:
 963 022c 63686172 		.ascii	"char\000"
 963      00
 964              	.LASF28:
 965 0231 50445353 		.ascii	"PDSS_PORT0_SWAP_CLK_Stop\000"
 965      5F504F52 
 965      54305F53 
ARM GAS  e:\temp\ccQyE27S.s 			page 37


 965      5741505F 
 965      434C4B5F 
 966              	.LASF2:
 967 024a 73686F72 		.ascii	"short int\000"
 967      7420696E 
 967      7400
 968              	.LASF9:
 969 0254 75696E74 		.ascii	"uint8\000"
 969      3800
 970              	.LASF4:
 971 025a 6C6F6E67 		.ascii	"long int\000"
 971      20696E74 
 971      00
 972              	.LASF16:
 973 0263 50445353 		.ascii	"PDSS_PORT0_SWAP_CLK_StartEx\000"
 973      5F504F52 
 973      54305F53 
 973      5741505F 
 973      434C4B5F 
 974              	.LASF0:
 975 027f 7369676E 		.ascii	"signed char\000"
 975      65642063 
 975      68617200 
 976              	.LASF27:
 977 028b 433A5C55 		.ascii	"C:\\Users\\Admin\\Desktop\\_FIRMWARE\\DBARLite\\CYP"
 977      73657273 
 977      5C41646D 
 977      696E5C44 
 977      65736B74 
 978 02b8 44353232 		.ascii	"D5225\\CYPD5225-96BZXI_notebook\\CYPD5225-96BZXI_no"
 978      355C4359 
 978      50443532 
 978      32352D39 
 978      36425A58 
 979 02e9 7465626F 		.ascii	"tebook.cydsn\000"
 979      6F6B2E63 
 979      7964736E 
 979      00
 980              		.comm	__gnu_lto_v1,1,1
 981              		.ident	"GCC: (GNU Tools for ARM Embedded Processors) 5.4.1 20160609 (release) [ARM/embedded-5-bran
