ARM GAS  e:\temp\ccaTqpML.s 			page 1


   1              		.syntax unified
   2              		.cpu cortex-m0
   3              		.fpu softvfp
   4              		.eabi_attribute 20, 1
   5              		.eabi_attribute 21, 1
   6              		.eabi_attribute 23, 3
   7              		.eabi_attribute 24, 1
   8              		.eabi_attribute 25, 1
   9              		.eabi_attribute 26, 1
  10              		.eabi_attribute 30, 4
  11              		.eabi_attribute 34, 0
  12              		.eabi_attribute 18, 4
  13              		.thumb
  14              		.syntax unified
  15              		.file	"PDSS_PORT0_FILT1_CLK.c"
  16              		.text
  17              	.Ltext0:
  18              		.section	.gnu.lto_.profile.62411a6a,"",%progbits
  19 0000 789C6361 		.ascii	"x\234ca`d`a`\000\222r\222\000\000\277\000B"
  19      60646061 
  19      60009272 
  19      920000BF 
  19      0042
  20              		.text
  21              		.section	.gnu.lto_.icf.62411a6a,"",%progbits
  22 0000 789C6361 		.ascii	"x\234ca`d\000\001\005\006\004`e\370\276\243\361\001"
  22      60640001 
  22      05060460 
  22      65F8BEA3 
  22      F101
  23 0012 27E3815F 		.ascii	"'\343\201_\217'\3623-\331yt2\027\363\376\247;\216s\261"
  23      8F27F233 
  23      2DD97974 
  23      3217F3FE 
  23      A73B8E73 
  24 0027 CC6E9A37 		.ascii	"\314n\2327\205\207\001\000\002l\016\322"
  24      85870100 
  24      026C0ED2 
  25              		.text
  26              		.section	.gnu.lto_.jmpfuncs.62411a6a,"",%progbits
  27 0000 789C6361 		.ascii	"x\234ca`d\000\001q\006\004`e`dd\254\007\21231122\327"
  27      60640001 
  27      71060460 
  27      65606464 
  27      AC078A33 
  28 0019 D7333330 		.ascii	"\327330\260\000\205\001\026\322\001\263"
  28      B0008501 
  28      16D201B3 
  29              		.text
  30              		.section	.gnu.lto_.inline.62411a6a,"",%progbits
  31 0000 789C458B 		.ascii	"x\234E\213\261\015\2000\014\004\337\316\007B(`\003("
  31      B10D8030 
  31      0C04DFCE 
  31      07422860 
  31      0328
  32 0012 10E33013 		.ascii	"\020\3430\023#PRf\016\246`$l!\310\027\226\375\347#\004"
  32      23505266 
ARM GAS  e:\temp\ccaTqpML.s 			page 2


  32      0EA66024 
  32      6C21C817 
  32      96FDE723 
  33 0027 9E1D3511 		.ascii	"\236\0355\021\350V\021\314\206B\272N\242)\223\202e\242"
  33      E85611CC 
  33      8642BA4E 
  33      A2299382 
  33      65A2
  34 0039 6341BB08 		.ascii	"cA\273\010\264\002\213\242\317\242\030\315\220d\203"
  34      B4028BA2 
  34      CFA218CD 
  34      906483
  35 0048 F9D85EA8 		.ascii	"\371\330^\250\367@W\223\277\005D\232j\347o\022A\255"
  35      F7405793 
  35      BF05449A 
  35      6AE76F12 
  35      41AD
  36 005a B2ED6BF0 		.ascii	"\262\355k\360\000t\\\014$"
  36      00745C0C 
  36      24
  37              		.text
  38              		.section	.gnu.lto_.pureconst.62411a6a,"",%progbits
  39 0000 789C6361 		.ascii	"x\234ca`d\340f```e\220b\224b\222b\226ba\000\000\003"
  39      6064E066 
  39      60606065 
  39      90629462 
  39      92629662 
  40 0018 E40088   		.ascii	"\344\000\210"
  41              		.text
  42              		.section	.gnu.lto_PDSS_PORT0_FILT1_CLK_StartEx.62411a6a,"",%progbits
  43 0000 789C5551 		.ascii	"x\234UQMh\023Q\020\236\357\275}\233\325\246=\213\364"
  43      4D681351 
  43      109EEFBD 
  43      7D9BD5A6 
  43      3D8BF4
  44 0013 D05BE9A5 		.ascii	"\320[\351\245X\360\350ER*j\301\320\364X\010\245.R--"
  44      58F0E845 
  44      522A6AC1 
  44      D0F45808 
  44      A52E522D 
  45 0028 14F5EA4B 		.ascii	"\024\365\352K\262\333\240xP\304\012E\011\012\322V\255"
  45      B2DBA078 
  45      50C40A45 
  45      090AD256 
  45      AD
  46 0039 692A1EC4 		.ascii	"i*\036\304K\032\377@4\322\213\275\372\203{\360\224h"
  46      4B1AFF40 
  46      34D28BBD 
  46      FA837BF0 
  46      9468
  47 004b 95A2689C 		.ascii	"\225\242h\234\311\366`\007v\346\315\360\315\314\367"
  47      C9F66007 
  47      76E6CDF0 
  47      CDCCF7
  48 005a CD3A0412 		.ascii	"\315:\004\022\353RD\2078\016\361\007\227\240\256\324"
  48      EB524487 
  48      380EF107 
ARM GAS  e:\temp\ccaTqpML.s 			page 3


  48      97A0AED4 
  49 006a 89729E82 		.ascii	"\211r\236\202\216\037Z\231\313\257\210\354^'H\220M\232"
  49      8E1F5A99 
  49      CBAF88EC 
  49      5E274890 
  49      4D9A
  50 007c B87ED801 		.ascii	"\270~\330\001$Z\017tAi\343\200=\305\366C\375Q\250\025"
  50      245A0F74 
  50      4169E380 
  50      3DC5F643 
  50      FD51A815 
  51 0090 A327AA6F 		.ascii	"\243'\252o\321\262}\370rM\333\245*B\006\264T\214\301"
  51      D1B27DF8 
  51      724DDBA5 
  51      2A4206B4 
  51      548CC1
  52 00a3 22FA18B5 		.ascii	"\"\372\030\265\021\254\336\324[*\324\200\303i\363\355"
  52      11ACDED4 
  52      5B2AD480 
  52      C369F3ED 
  53 00b3 C2E72E49 		.ascii	"\302\347.I\025z8\275\370\354\347\272\243\007@\374\256"
  53      157A38BD 
  53      F8ECE7BA 
  53      A30740FC 
  53      AE
  54 00c4 7C2F459D 		.ascii	"|/E\235\275w\255\315[\373\330\267{B\255q\017\232\347"
  54      BD77ADCD 
  54      5BFBD8B7 
  54      7B42AD71 
  54      0F9AE7
  55 00d7 6119DD58 		.ascii	"a\031\335XB7q\211p\037\275\002\377T\371{\275\323\015"
  55      42377189 
  55      701FBD02 
  55      FF54F97B 
  55      BDD30D
  56 00ea 647D4FBC 		.ascii	"d}O\274\024\017\340\212\342\362H\325\266Z\005[\255\230"
  56      140FE08A 
  56      E2F248D5 
  56      B65A055B 
  56      AD98
  57 00fc 15ED29EE 		.ascii	"\025\355)\356r4;V \275FrW\034Q\203\333XsC)\016\272\311"
  57      72343B56 
  57      20BD4672 
  57      571C5183 
  57      DB587343 
  58 0114 FA58B18E 		.ascii	"\372X\261\216P\373u\351\375\013-\363\012Z\244\316\207"
  58      50FB75E9 
  58      FD0B2DF3 
  58      0A5AA4CE 
  58      87
  59 0125 B5770961 		.ascii	"\265w\011a\355\266\231\336\271\375{\323\304\251\265"
  59      EDB699DE 
  59      B9FD7BD3 
  59      C4A9B5
  60 0134 81155DC5 		.ascii	"\201\025]\305pc9Y\302\255\\\300GH\340!\023^a\302\204"
  60      70633959 
  60      C2AD5CC0 
ARM GAS  e:\temp\ccaTqpML.s 			page 4


  60      4748E021 
  60      135E61C2 
  61 0149 324AA008 		.ascii	"2J\240\010\371o\3057\373\343\201\232g\322G\004\365\302"
  61      F96FC537 
  61      FBE3819A 
  61      67D24704 
  61      F5C2
  62 015b E99DC2FF 		.ascii	"\351\235\302\377\033\014\010\253\322IB\317\020\377\031"
  62      1B0C08AB 
  62      D24942CF 
  62      10FF19
  63 016a 349523FC 		.ascii	"4\225#\374\"\024\032s\365\310\304]\246\240e\361\302"
  63      22141A73 
  63      F5C8C45D 
  63      A6A065F1 
  63      C2
  64 017b D3ADD76D 		.ascii	"\323\255\327m.\036<T\270\221Q\333s\317\367\305 \301"
  64      2E1E3C54 
  64      B89151DB 
  64      73CFF7C5 
  64      20C1
  65 018d 31E8EACB 		.ascii	"1\350\352\313\033kI\0019X\347{yXk\003k\363\315\3621"
  65      1B6B4901 
  65      3958E77B 
  65      79586B03 
  65      6BF3CDF2 
  66 01a2 01EE1290 		.ascii	"\001\356\022\220\263\266c\267\206G\254\201g\321W\344"
  66      B3B663B7 
  66      8647AC81 
  66      67D157E4 
  67 01b2 AB9BEDF5 		.ascii	"\253\233\355\365;\364\300\264\370\204\375G\374i\177"
  67      3BF4C0B4 
  67      F884FD47 
  67      FC697F
  68 01c1 76FCAC7F 		.ascii	"v\374\254\1772\233\23197;\341\217\24533\251\203c\351"
  68      329B9939 
  68      373BE18F 
  68      A53333A9 
  68      8363E9
  69 01d4 C14C269B 		.ascii	"\301L&\233>12z ;ttxt \233\032>\336?A\035\343S\223\247"
  69      3E31327A 
  69      203B7474 
  69      7874209B 
  69      1A3EDE3F 
  70 01ee A6535367 		.ascii	"\246SSg\006'\317\377\003\262\031\304X"
  70      0627CFFF 
  70      03B219C4 
  70      58
  71              		.text
  72              		.section	.gnu.lto_PDSS_PORT0_FILT1_CLK_Stop.62411a6a,"",%progbits
  73 0000 789C5550 		.ascii	"x\234UP=K\003A\020\235\267{\227\304\257? )lm$\202\205"
  73      3D4B0341 
  73      109DB77B 
  73      97C4AF3F 
  73      20296C6D 
  74 0017 AD288A28 		.ascii	"\255(\212(\030\274\224B\020\275FPA\264vc\356\010\210"
  74      18BC9442 
ARM GAS  e:\temp\ccaTqpML.s 			page 5


  74      10BD4650 
  74      41B47663 
  74      EE0888
  75 002a 850A5A29 		.ascii	"\205\012Z)A\0214~b)X\\\322\330HD\013mU\360\012\021L"
  75      4111347E 
  75      6229585C 
  75      D2D84844 
  75      0B6D55F0 
  76 0041 24368AC6 		.ascii	"$6\212\306Y.\205\031\230\231\335\331\267\357=\306 \220"
  76      592E8519 
  76      9899DDD9 
  76      B7EF3DC6 
  76      2090
  77 0053 8E696E31 		.ascii	"\216in1\356\375\234\010\021\304j\221(\025\021\220\301"
  77      EEFD9C08 
  77      11C46A91 
  77      28151190 
  77      C1
  78 0064 410A73E5 		.ascii	"A\012s\345\212H5\032N\230T\263\031\314{\014@w\025\001"
  78      8A48351A 
  78      4E9854B3 
  78      19CC7B0C 
  78      40771501 
  79 0078 2D0A691A 		.ascii	"-\012i\032\340JA|\212\037\201B\306\277\020\355\373\212"
  79      E04A417C 
  79      8A1F8142 
  79      C6BF10ED 
  79      FB8A
  80 008a E3F1E53D 		.ascii	"\343\361\345=\246\016<\270\014\250\212\000\203}\264"
  80      A60E3CB8 
  80      0CA88A00 
  80      837DB4
  81 0099 13C39ECF 		.ascii	"\023\303\236\317\1777ZB\216\206\265\005\2178@H;;\033"
  81      7F375A42 
  81      8E86B505 
  81      8F384048 
  81      3B3B1B
  82 00ac F554B59A 		.ascii	"\365T\265\232V\336Z8\177\0376\005\271\022\222\013cJ"
  82      56DE5A38 
  82      7F1F3605 
  82      B912920B 
  82      634A
  83 00be 9C6CA624 		.ascii	"\234l\246$\0047Yfa\266\"}\024\276\226\375\255nM\220"
  83      04375966 
  83      61B6227D 
  83      14BE96FD 
  83      AD6E4D90 
  84 00d2 96DAC3A6 		.ascii	"\226\332\303\246[\270\011W\204+%\264\326\356\316\367"
  84      5BB80957 
  84      842B25B4 
  84      D6EECEF7 
  85 00e2 83195C95 		.ascii	"\203\031\\\225r\224\301\243\214{\233k\316b;\345\260"
  85      7294C1A3 
  85      8C7B9B6B 
  85      CE623BE5 
  85      B0
  86 00f3 3B038788 		.ascii	";\003\207\210\"\207(\2338B\026\344c\351#s\335\032\020"
ARM GAS  e:\temp\ccaTqpML.s 			page 6


  86      2287289B 
  86      384216E4 
  86      63E92373 
  86      DD1A10
  87 0106 4AE6A427 		.ascii	"J\346\244'8\305\364Tm\360_A\200p\254\177\222\266g\022"
  87      38C5F454 
  87      6DF05F41 
  87      8070AC7F 
  87      92B66712 
  88 011a AF0C6561 		.ascii	"\257\014eah\177\354\253Rz\333i\320\277\352$SJ5\325\253"
  88      687FECAB 
  88      527ADB69 
  88      D0BFEA24 
  88      534A35D5 
  89 012f 9EB02A43 		.ascii	"\236\260*C\356.\327\367\"\232\025\310\363b\014\234\362"
  89      EE2ED7F7 
  89      229A15C8 
  89      F3620C9C 
  89      F2
  90 0140 EB2B96BC 		.ascii	"\353+\226\274\207\001MR\023\001\223\363\":\006\354\031"
  90      87014D52 
  90      130193F3 
  90      223A06EC 
  90      19
  91 0151 7B6E7CDE 		.ascii	"{n|\336\236LZ\263\013s\023\366X\334\232\355\355\032"
  91      9E4C5AB3 
  91      0B7313F6 
  91      58DC9AED 
  91      ED1A
  92 0163 8BF75956 		.ascii	"\213\367YV2>2\232\210%\373\007\207\023\235\311\336\341"
  92      323E329A 
  92      8825FB07 
  92      87139DC9 
  92      DEE1
  93 0175 A18E09FA 		.ascii	"\241\216\011\372\003ke\220D"
  93      036B6590 
  93      44
  94              		.text
  95              		.section	.gnu.lto_PDSS_PORT0_FILT1_CLK_SetFractionalDividerRegister.62411a6a,"",%progbits
  96 0000 789C6D52 		.ascii	"x\234mR]H\223a\024~\317\373\356\347s\233\323\333\312"
  96      5D489361 
  96      147ECFFB 
  96      EEE7739B 
  96      D3DBCA
  97 0013 0B6F44BC 		.ascii	"\013oD\274\021\245.\272\210n\024#\0232'\322\2050\306"
  97      11A52EBA 
  97      886E1423 
  97      133227D2 
  97      8530C6
  98 0026 1C219AC2 		.ascii	"\034!\232\302\322n}\347\366\315\030\204\022%%\211\220"
  98      D26E7DE7 
  98      F6CD1884 
  98      12252589 
  98      90
  99 0037 99BFB92D 		.ascii	"\231\277\271-\3733\205\326\310.\304\214\376\357$L\214"
  99      FB3385D6 
  99      C82EC48C 
ARM GAS  e:\temp\ccaTqpML.s 			page 7


  99      FEEF244C 
  99      8C
 100 0048 226ACACA 		.ascii	"\"j\312\312\020m\235\363\275Z\010\275\260\367\347\354"
 100      106D9DF3 
 100      BD5A08BD 
 100      B0F7E7EC 
 101 0058 799E73CE 		.ascii	"y\236s\316s>\023\003F\253]0v\032\317\003\370\003\301"
 101      733E1303 
 101      46AB5D30 
 101      761ACF03 
 101      F803C1
 102 006b 80F72C32 		.ascii	"\200\367,2\026\3208\000]\244\006\254\203C\007\374\340"
 102      16D03800 
 102      5DA406AC 
 102      834307FC 
 102      E0
 103 007c DB1C925D 		.ascii	"\333\034\222]\253\323\274hX\342\37207X*G\022\240#=\303"
 103      ABD3BC68 
 103      58E2FA30 
 103      37582A47 
 103      12A0233D 
 104 0091 0D2506C3 		.ascii	"\015%\006\303P\204\250\271\314F\"'\315u\001@\244W\251"
 104      5084A8B9 
 104      CC462227 
 104      CD750140 
 104      A457A9
 105 00a4 857E3B3D 		.ascii	"\205~;=9\344\3423\274\376~\305!J\201\341}<\3668\222"
 105      39E4E233 
 105      BCFE7EC5 
 105      214A81E1 
 105      7D3CF638 
 106 00b9 53382465 		.ascii	"S8$e\247\224\031\2174\353B\300\030\010\324\203Q\310"
 106      A794198F 
 106      34EB42C0 
 106      1808D483 
 106      51C8
 107 00cb 8311C863 		.ascii	"\203\021\310c\030b0\016\205\210\356\212\337\272\344"
 107      1862300E 
 107      8588EE8A 
 107      DFBAE4
 108 00da 14470CE6 		.ascii	"\024G\014\346\320\205\315\011\330a\276~f\227%\2720\301"
 108      D085CD09 
 108      D861BE7E 
 108      669725BA 
 108      30C1
 109 00ec 84A21ECC 		.ascii	"\204\242\036\314\203\022\"\232\030\334\206BB\277\014"
 109      8312229A 
 109      18DC8642 
 109      42BF0C
 110 00fb C5AE0B55 		.ascii	"\305\256\013U\221\011\237k\317\373>:UE\371\370\374\366"
 110      91099F6B 
 110      CFFB3E3A 
 110      5545F9F8 
 110      FCF6
 111 010d 69A93B5B 		.ascii	"i\251;[T\032\272\337\257\312\334\202A\222MLE\234\327"
 111      541ABADF 
 111      AFCADC82 
ARM GAS  e:\temp\ccaTqpML.s 			page 8


 111      41924D4C 
 111      459CD7
 112 0120 642294AF 		.ascii	"d\"\224\257\0133\304\224r\024\213\232\304\242h!8:\033"
 112      0B33C494 
 112      72148B9A 
 112      C4A26821 
 112      383A1B
 113 0133 7BCBC529 		.ascii	"{\313\305)\2038y1>i\331a\306\346\035\262'\240\021\361"
 113      83387931 
 113      3E69D961 
 113      C6E61DB2 
 113      27A011F1 
 114 0147 CE7F89CB 		.ascii	"\316\177\211\313\361\337W\262-!\3621\037\246\240\000"
 114      F1DF57B2 
 114      2D21F231 
 114      1FA6A000 
 115 0157 E250A05C 		.ascii	"\342P\240\\\204\273`\301\271\360\335h\264&!3\231\240"
 115      84BB60C1 
 115      B9F0DD68 
 115      B4262133 
 115      99A0
 116 0169 4C0CD89E 		.ascii	"L\014\330\236l\331\234\034\333\262\240!\370\257\011"
 116      6CD99C1C 
 116      DBB2A021 
 116      F8AF09
 117 0178 C8163305 		.ascii	"\310\0263\005,\264Yi\323\200Z\316\242\253\2156;m\016"
 117      2CB45969 
 117      D3805ACE 
 117      A2AB8D36 
 117      3B6D0E
 118 018b 66E8B314 		.ascii	"f\350\263\024&\240\231\256qN\247X\205\344f\344\347\350"
 118      26A099AE 
 118      714EA758 
 118      85E466E4 
 118      E7E8
 119 019d 51CA1914 		.ascii	"Q\312\031\0244\252^=\371\302J\306X\215\236n>\355\216"
 119      34AA5E3D 
 119      F9C24AC6 
 119      588D9E6E 
 119      3EED8E
 120 01b0 3AD53314 		.ascii	":\3253\024\016I\262\256\377\363e\3356\000\375\201\020"
 120      0E49B2AE 
 120      FFF365DD 
 120      3600FD81 
 120      10
 121 01c1 4E5E83FB 		.ascii	"N^\203\373\330\327=\352\013\036\300\000\260U\010n\205"
 121      D8D73DEA 
 121      0B1EC000 
 121      B055086E 
 121      85
 122 01d2 BF821214 		.ascii	"\277\202\022\024J3\035\3217\014\357-`\205\207\210]\006"
 122      4A331DD1 
 122      370CEF2D 
 122      60858788 
 122      5D06
 123 01e4 6E74893D 		.ascii	"nt\211= \0109\235\353]\357\306\352\024\311\034\304\261"
 123      2008399D 
ARM GAS  e:\temp\ccaTqpML.s 			page 9


 123      EB5DEFC6 
 123      EA14C91C 
 123      C4B1
 124 01f6 A14C2A9C 		.ascii	"\241L*\234\336\247\"\024D\231\276\231\364\274\231d\262"
 124      DEA72214 
 124      4499BE99 
 124      F4BC9964 
 124      B2
 125 0207 40836994 		.ascii	"@\203i\224A\320\257\360\342X\275BY\215|\026\245\266"
 125      41D0AFF0 
 125      E258BD42 
 125      598D7C16 
 125      A5B6
 126 0219 B4AB9615 		.ascii	"\264\253\226\025\024\232R{\263S\224\015\203\364!\257"
 126      149A527B 
 126      B353940D 
 126      83F421AF 
 127 0229 C7861D4A 		.ascii	"\307\206\035JM\300#\245\266\025^\330\257@v\304\321x"
 127      4DC023A5 
 127      B6155ED8 
 127      AF4076C4 
 127      D178
 128 023b F595514D 		.ascii	"\365\225QMU\236\001\230\371\227\363\260\2029\214\264"
 128      559E0198 
 128      F997F3B0 
 128      82398CB4 
 129 024b F6BF0DC5 		.ascii	"\366\277\015\305\251!\007\202\222\275kK7\262(\266\307"
 129      A9210782 
 129      92BD6B4B 
 129      37B228B6 
 129      C7
 130 025c B18094F6 		.ascii	"\261\200\224\366\275\246\315\242iD\371\002\235\211\355"
 130      BDA6CDA2 
 130      6944F902 
 130      9D89ED
 131 026b 4A22185F 		.ascii	"J\"\030_H\212\003\015\010\307U|\314\327\342\363{\332"
 131      488A030D 
 131      08C7557C 
 131      CCD7E2F3 
 131      7BDA
 132 027d 7C0D6E57 		.ascii	"|\015nWk\273\337\353\253\257v\265\226\035\252\257.w"
 132      6BBBDFEB 
 132      ABAF76B5 
 132      961DAAAF 
 132      2E77
 133 028f B9DCD527 		.ascii	"\271\334\325'kjK\334\025\307\253jK\335eU'\212\275\314"
 133      6B6A4BDC 
 133      15C7AB6A 
 133      4BDD6555 
 133      278ABDCC 
 134 02a3 E66D6E2A 		.ascii	"\346mn*o<\337\330\340\363g\343\265\302\357\361\2665"
 134      6F3CDFD8 
 134      E0F367E3 
 134      B5C2EFF1 
 134      B635
 135 02b5 B6B6789A 		.ascii	"\266\266x\232-~\337\231:O\263\365\254\347\\\023\236"
 135      2D7EDF99 
ARM GAS  e:\temp\ccaTqpML.s 			page 10


 135      3A4FB3F5 
 135      ACE75C13 
 135      9E
 136 02c6 7F004EE1 		.ascii	"\177\000N\3419s"
 136      3973
 137              		.text
 138              		.section	.gnu.lto_PDSS_PORT0_FILT1_CLK_GetDividerRegister.62411a6a,"",%progbits
 139 0000 789C2D90 		.ascii	"x\234-\220\317K\002A\024\307\347;\263\332\222\364\343"
 139      CF4B0241 
 139      14C7E73B 
 139      B3DA92F4 
 139      E3
 140 0011 9E878E79 		.ascii	"\236\207\216y\021\203\372\003\3020\"!q=\012K\330^\023"
 140      1183FA03 
 140      C2302221 
 140      713D0A4B 
 140      D85E13
 141 0024 A4CEAEEE 		.ascii	"\244\316\256\356NA\227:T\207@\274\010\226\225\322\265"
 141      4E41973A 
 141      548740BC 
 141      089695D2 
 141      B5
 142 0035 2E267589 		.ascii	".&u\211((\210\216\021!\324\311\304\010\202\332\346a"
 142      2828888E 
 142      1121D4C9 
 142      C40882DA 
 142      E661
 143 0047 036FDE7C 		.ascii	"\003o\336|g\276\357\275\017\24310Z\323*ET\036S\001\301"
 143      67BEEFBD 
 143      0FA33130 
 143      5AD32A45 
 143      541E5301 
 144 005c C0B76F19 		.ascii	"\300\267o\031+\350\034\240\203\255\203\3459\362\370"
 144      2BE81CA0 
 144      83AD83E5 
 144      39F2F8
 145 006b E43F1C57 		.ascii	"\344?\034W\336Ws\244\307%\331\224\274\357\334\224\002"
 145      DE5773A4 
 145      C725D994 
 145      BCEFDC94 
 145      02
 146 007c 24815125 		.ascii	"$\201Q%k\225FW\017Um\273h?\313\263\231\202#'\244\340"
 146      6B954657 
 146      0F556DBB 
 146      683FCBB3 
 146      99822327 
 147 0092 CCE30C07 		.ascii	"\314\343\014\007\010\242\212 \2158D\210)\363\313\351"
 147      08A28A20 
 147      8D384488 
 147      29F3CBE9 
 148 00a2 EFEE90DF 		.ascii	"\357\356\220\337\265\325\032'\213z\251\301OH\215d\323"
 148      B5D51A27 
 148      8B7AA9C1 
 148      4F488D64 
 148      D3
 149 00b3 F63CC76E 		.ascii	"\366<\307n>\004.\236\002>0)\204\240Mc\324\216uT\020"
 149      3E042E9E 
ARM GAS  e:\temp\ccaTqpML.s 			page 11


 149      023E3029 
 149      84A04D63 
 149      D48E7554 
 150 00c8 DA07E794 		.ascii	"\332\007\347\224E\033\255\357\315\307z\232\352\035!"
 150      451BADEF 
 150      CDC77A9A 
 150      EA1D21
 151 00d7 54EF3DD9 		.ascii	"T\357=\331\272\033 .\0154\252r\271\325\030\356Kw\335"
 151      BA1B202E 
 151      0D34AA72 
 151      B9D518EE 
 151      4B77DD
 152 00ea B5357555 		.ascii	"\2655uUz\333\221\203e\224\012.\244\360\341X\341\035"
 152      7ADB9183 
 152      65940A2E 
 152      A4F0E158 
 152      E11D
 153 00fc 111E4E50 		.ascii	"\021\036NP\006k\303\351\306\230#\320o\267\177\336\273"
 153      066BC3E9 
 153      C69823D0 
 153      6FB77FDE 
 153      BB
 154 010d F651BD1F 		.ascii	"\366Q\275\037:\352\312\326F\261\273\361\212\376@M\371"
 154      3AEACAD6 
 154      46B1BBF1 
 154      8AFE404D 
 154      F9
 155 011e D83BF8BF 		.ascii	"\330;\370\277\242/\355p\020\231\342\014\317Y+Vni\325"
 155      A22FED70 
 155      1099E20C 
 155      CF592B56 
 155      6E69D5
 156 0131 5A368DEC 		.ascii	"Z6\215\354Z.c\245\023F6:\225N\314\032\206\231XL\246"
 156      5A2E63A5 
 156      1346363A 
 156      954ECC1A 
 156      8699584C 
 157 0146 22666C3E 		.ascii	"\"fl>\236\2324\243\361\205p\206\375\001\235Ix\006"
 157      9E9A34A3 
 157      F1857086 
 157      FD019D49 
 157      7806
 158              		.text
 159              		.section	.gnu.lto_PDSS_PORT0_FILT1_CLK_GetFractionalDividerRegister.62411a6a,"",%progbits
 160 0000 789C6361 		.ascii	"x\234ca`d\000\201i@l\000\304\322@\314\310\314\300\310"
 160      60640081 
 160      69406C00 
 160      C4D240CC 
 160      C8CCC0C8 
 161 0014 34E11C03 		.ascii	"4\341\034\003C#\007\023##\210\321\300\301\310P\317\304"
 161      43230713 
 161      232388D1 
 161      C0C1C850 
 161      CFC4
 162 0026 58CFF895 		.ascii	"X\317\370\225\351/\023\343\351\357'z\2704\2277445<8"
 162      E92F13E3 
 162      E9EF277A 
ARM GAS  e:\temp\ccaTqpML.s 			page 12


 162      B8349737 
 162      3434353C 
 163 003b FAD872FA 		.ascii	"\372\330r\372\212\003\214\255\314\014\014\377\231\030"
 163      8A038CAD 
 163      CC0C0CFF 
 163      9918
 164 0049 188D6518 		.ascii	"\030\215e\030\015d@F,g\324d\000*}\264\361\337T^\266"
 164      0D644046 
 164      2C67D464 
 164      002A7DB4 
 164      F1DF545E 
 165 005e 96062050 		.ascii	"\226\006 P\000)\000\312\254`d\003Y\271>\350@\303\377"
 165      002900CA 
 165      AC606403 
 165      59B93EE8 
 165      40C3FF
 166 0071 FFCD0D07 		.ascii	"\377\315\015\007\346\363\035\334\307\007\224\371\000"
 166      E6F31DDC 
 166      C70794F9 
 166      00
 167 007e C420BB3E 		.ascii	"\304 \273>21\201h\346W\214M\007v\367\361\201\324\003"
 167      32318168 
 167      E6578C4D 
 167      0776F7F1 
 167      81D403
 168 0091 0D9AD67A 		.ascii	"\015\232\326z\350<\373\027&\240=\214\014\214+\031Av"
 168      E83CFB17 
 168      26A03D8C 
 168      0C8C2B19 
 168      4176
 169 00a3 00753082 		.ascii	"\000u0\202T\002\365\351\271\247\346\245\026%\226\244"
 169      5402F5E9 
 169      B9A7E6A5 
 169      162596A4 
 170 00b3 A6C407E7 		.ascii	"\246\304\007\347\227\026%\247\306\004\004\347;\233\304"
 170      971625A7 
 170      C60404E7 
 170      3B9BC4
 171 00c2 04B80407 		.ascii	"\004\270\004\007\307\007\370\007\205\030\304\273y\372"
 171      C707F807 
 171      8518C4BB 
 171      79FA
 172 00d0 8418C63B 		.ascii	"\204\030\306;\373x\353%3\000\000\241gF\274"
 172      FB78EB25 
 172      330000A1 
 172      6746BC
 173              		.text
 174              		.section	.gnu.lto_.symbol_nodes.62411a6a,"",%progbits
 175 0000 789C6361 		.ascii	"x\234ca`d\010g\000\002&\206z\006\206\011\347\030@\324"
 175      60640867 
 175      00022686 
 175      7A068609 
 175      E71840D4 
 176 0014 AE0645A0 		.ascii	"\256\006E\240\000c=#\252\000S=\023\252\000s=3\252\000"
 176      00633D23 
 176      AA00533D 
 176      13AA0073 
ARM GAS  e:\temp\ccaTqpML.s 			page 13


 176      3D33AA00 
 177 0028 4B3D0B8A 		.ascii	"K=\013\212\000\003\000U/\023\016"
 177      00030055 
 177      2F130E
 178              		.text
 179              		.section	.gnu.lto_.refs.62411a6a,"",%progbits
 180 0000 789C6361 		.ascii	"x\234ca`\004B \000\000\0009\000\007"
 180      60044220 
 180      00000039 
 180      0007
 181              		.text
 182              		.section	.gnu.lto_.decls.62411a6a,"",%progbits
 183 0000 789C8D54 		.ascii	"x\234\215ToLSW\024\277\347\275G\205GQC\314\302\226&"
 183      6F4C5357 
 183      14BFE7BD 
 183      47854751 
 183      43CCC296 
 184 0015 632EA1FD 		.ascii	"c.\241\375\324\211\230\305O\333\022\030\33523\211(\237"
 184      D48998C5 
 184      4FDB1218 
 184      DD323389 
 184      289F
 185 0027 4C1AC417 		.ascii	"L\032\304\027%1`j5\363\323\356\30648\367\001\226\314"
 185      2531606A 
 185      35F3D3EE 
 185      C63438F7 
 185      0196CC
 186 003a 8D0EA662 		.ascii	"\215\016\246b\346\212 \255\026\025t\253\235N\376\011"
 186      E68A20AD 
 186      161574AB 
 186      9D4EFE09 
 187 004a 0E282473 		.ascii	"\016($sd\243\033\270l\323,\335f\246`\360\355\334\373"
 187      64A31BB8 
 187      6CD32CDD 
 187      66A660F0 
 187      EDDCFB
 188 005d 5EFB5EF1 		.ascii	"^\373^\361\261\354\246\347\275{\317;\347\374~\347O\257"
 188      B1ECA6E7 
 188      BD7BCF3B 
 188      E7FC7EE7 
 188      4FAF
 189 006f 4480B0B5 		.ascii	"D\200\260\265\333F\310F\334\356AQq\341\221T\021ce\241"
 189      DB46C846 
 189      DCEE4151 
 189      71E19154 
 189      116365A1 
 190 0083 5C40E945 		.ascii	"\\@\351E\031@\031F\031%O.f\223\243\373\346\243\254A"
 190      19401946 
 190      19254F2E 
 190      6693A3FB 
 190      E6A3AC41 
 191 0097 09A13851 		.ascii	"\011\2418Q\306P\246P&Q6\353\366\240\373,]\275:f\225"
 191      C650A650 
 191      265136EB 
 191      F6A0FB2C 
 191      5DBD3A66 
 192 00ac 856FCAAF 		.ascii	"\205o\312\257\327\302\217q\223\227\340_G\211\232xXq"
ARM GAS  e:\temp\ccaTqpML.s 			page 14


 192      D7C28F71 
 192      9397E05F 
 192      47899A78 
 192      5871
 193 00be 18B088C5 		.ascii	"\030\260\210\305r\\\261$\316r\376\303\026\376\243\372"
 193      725CB124 
 193      CE72FEC3 
 193      16FEA3FA 
 194 00ce B7A8C9CE 		.ascii	"\267\250\311\316\252f\213\002\250m\335\301\234i\270"
 194      AA668B02 
 194      A86DDDC1 
 194      9C69B8
 195 00dd 0D02E80D 		.ascii	"\015\002\350\015!\000\332\023\270\020M\370\0217\002"
 195      2100DA13 
 195      B8104DF8 
 195      113702
 196 00ec 7F92B42A 		.ascii	"\177\222\264*\375\"\354I4{\2563\202\361_\352\255\246"
 196      FD22EC49 
 196      347BAE33 
 196      82F15FEA 
 196      ADA6
 197 00fe 160F6244 		.ascii	"\026\017bD\007\335\011\322\0144/\355\273\240\233\021"
 197      07DD09D2 
 197      0C342FED 
 197      BBA09B11 
 198 010e 2DB86038 		.ascii	"-\270`8\230\342itM\234 3'H%}g!9\"\213\030\023\3673\363"
 198      98E26974 
 198      4D9C2033 
 198      2748257D 
 198      67213922 
 199 0128 C1727717 		.ascii	"\301rw\027\305\325D\251\360\262Q\231\037\006;:\305\373"
 199      C5D544A9 
 199      F0B25199 
 199      1F063B3A 
 199      C5FB
 200 013a 02386560 		.ascii	"\0028e`\341W\241*t\257o>OS1\213\341\231;\177\345\210"
 200      E157A12A 
 200      74AF6F3E 
 200      4F53318B 
 200      E1993B7F 
 201 0150 2EBE1F7F 		.ascii	".\276\037\177/\334\312\254\363e\220\360\370\347h`v%"
 201      2FDCCAAC 
 201      F36590F0 
 201      F8E76860 
 201      7625
 202 0162 1ED7C850 		.ascii	"\036\327\310P\270(\010\023-\367fl \273\032)}\22765\320"
 202      B8280813 
 202      2DF7666C 
 202      20BB1A29 
 202      7D973635 
 203 0177 FCD70874 		.ascii	"\374\327\010t\203\003\316\202\203@\030\\,b\007\270\011"
 203      8303CE82 
 203      8340185C 
 203      2C6207B8 
 203      09
 204 0188 74A2F20C 		.ascii	"t\242\362\014*O3B\211\253}/\365Q\272\032B C\027\210"
 204      2A4F3342 
ARM GAS  e:\temp\ccaTqpML.s 			page 15


 204      89AB7D2F 
 204      F551BA1A 
 204      42204317 
 205 019d DC04D370 		.ascii	"\334\004\323p\312z\357\022=M\202$\240\206\031\354\220"
 205      CA7AEF12 
 205      3D4D8224 
 205      A08619EC 
 205      90
 206 01ae 98EE86FA 		.ascii	"\230\356\206\372 \266J\343!\340q\"9\322\226\253\361"
 206      20B64AE3 
 206      21E07122 
 206      39D296AB 
 206      F1
 207 01bf 588DC7A9 		.ascii	"X\215\307\251\326d<\267\340\030\013N\033h\241\000UO"
 207      D6643CB7 
 207      E0180B4E 
 207      1B68A100 
 207      554F
 208 01d1 410421CF 		.ascii	"A\004!\317#$\201\036(\300\3479\220\264\360\363\311\340"
 208      2324811E 
 208      28C0E739 
 208      90B4F0F3 
 208      C9E0
 209 01e3 68CEDA13 		.ascii	"h\316\332\023\364D\230&\342\375\316c\0154\210n\205\314"
 209      F4449826 
 209      E2FDCE63 
 209      0D34886E 
 209      85CC
 210 01f5 0C82061B 		.ascii	"\014\202\006\033\334\262\327\0270\215\325\276\000k\321"
 210      DCB2D717 
 210      308DD5BE 
 210      006BD1
 211 0204 F3F7E94F 		.ascii	"\363\367\351O\237\027)\360\302\334\215\266\250y\313"
 211      9F1729F0 
 211      C2DC8DB6 
 211      A879CB
 212 0213 425EE290 		.ascii	"B^\342\220;t\304\311\241_fl\032b\354q\277\235\216\241"
 212      3B74C4C9 
 212      A15F666C 
 212      1A62EC71 
 212      BF9D8EA1 
 213 0227 CF2BCC06 		.ascii	"\317+\314\006.\032x\027\315x\275\034/r\274kQ\022\003"
 213      2E1A7817 
 213      CD78BD1C 
 213      2F72BC6B 
 213      511203
 214 023a 1A60E8D0 		.ascii	"\032`\350\320\\G6\246\354\300\276\201\251i\016\255i"
 214      5C4736A6 
 214      ECC0BE81 
 214      A9690EAD 
 214      69
 215 024b 2DCDB38F 		.ascii	"-\315\263\217s\305\021n+\304g;\177\223\300%\353\345"
 215      73C5116E 
 215      2BC4673B 
 215      7F93C025 
 215      EBE5
 216 025d 3EA7953B 		.ascii	">\247\225;\212\325\374\322\000t\260r\363\316%\333\251"
ARM GAS  e:\temp\ccaTqpML.s 			page 16


 216      8AD5FCD2 
 216      0074B072 
 216      F3CE25DB 
 216      A9
 217 026e AD804089 		.ascii	"\255\200@\211\003\326a\337\276\302\2769\364\276]\301"
 217      03D661DF 
 217      BEC2BE39 
 217      F4BE5DC1 
 218 027e 8C2E6346 		.ascii	"\214.cFl\270>>~\327\306\273\022Mw\345\363\205GI6\035"
 218      6CB83E3E 
 218      7ED7C6BB 
 218      124D77E5 
 218      F3854749 
 219 0294 456C9644 		.ascii	"El\226D\023\251\"\215T\360d\177D\026'4R\177\364\014"
 219      13A9228D 
 219      54F0647F 
 219      44162734 
 219      527FF40C 
 220 02a8 7C97971A 		.ascii	"|\227\227\032\026\254\231\354\"\351\212\3017\010Z\244"
 220      16AC99EC 
 220      22E98AC1 
 220      37085AA4 
 221 02b8 837E8DCA 		.ascii	"\203~\215\312XjXb\201g\251\000\327\021\362\232A\275"
 221      586A5862 
 221      8167A900 
 221      D711F29A 
 221      41BD
 222 02ca 489F9491 		.ascii	"H\237\224\22115h\347\234\230\301U\340\244~]X\220\226"
 222      313568E7 
 222      9C98C155 
 222      E0A47E5D 
 222      589096
 223 02dd 6D4C3F6F 		.ascii	"mL?o\314\215\324,\204\346\002\335Bj\026\016{~>O\351"
 223      CC8DD42C 
 223      84E602DD 
 223      426A160E 
 223      7B7E3E4F 
 224 02f2 21F49398 		.ascii	"!\364\223\230\035\364\031\200}\346\346\014\360\346|"
 224      1DF41980 
 224      7DE6E60C 
 224      F0E67C
 225 0301 18FF6C52 		.ascii	"\030\377lR\022ok\315\271\177\255\353\357\014P\306\307"
 225      126F6BCD 
 225      B97FADEB 
 225      EF0C50C6 
 225      C7
 226 0312 401DCA18 		.ascii	"@\035\312\030\207\360\341\246D\226>\016\343G\355-4\206"
 226      87F0E1A6 
 226      44963E0E 
 226      E347ED2D 
 226      3486
 227 0324 F5C024D1 		.ascii	"\365\300$\321\012\006\015\314A3\3460\307|\230\230{\220"
 227      0A060DCC 
 227      4133E630 
 227      C77C9898 
 227      7B90
 228 0336 27BEA3FD 		.ascii	"'\276\243\375\303\333\232N\235\311\030\372h\006\346"
ARM GAS  e:\temp\ccaTqpML.s 			page 17


 228      C3DB9A4E 
 228      9DC918FA 
 228      6806E6
 229 0345 482666E4 		.ascii	"H&f\344J{6b\206\021\263\355\226\230\306D+\270i`\336"
 229      4A7B3662 
 229      8611B3ED 
 229      9698C644 
 229      2BB86960 
 230 035a 34638E32 		.ascii	"4c\2162L\361\324\331G\247WbT\366\223\003\024\273\227"
 230      4CF1D4D9 
 230      47A75762 
 230      54F69303 
 230      14BB97
 231 036d 54D5B755 		.ascii	"T\325\267Uu\005\214\201L\270\2026\267\22756?\303\025"
 231      75058C81 
 231      4CB88236 
 231      B7973536 
 231      3FC315
 232 0380 8DFCCAC9 		.ascii	"\215\374\312\311\274\012\010\377B\340[<\337b\335\306"
 232      BC0A08FF 
 232      42E05B3C 
 232      DF62DDC6 
 233 0390 23723AF2 		.ascii	"#r:\362\323G\337g\311\215\214\375\377\271;\320\343\362"
 233      D347DF67 
 233      C98D8CFD 
 233      FFB93BD0 
 233      E3F2
 234 03a2 8FB4354B 		.ascii	"\217\2645K\214\360\374\205\251\243\227>\021\215!?\271"
 234      8CF0FC85 
 234      A9A3973E 
 234      118D213F 
 234      B9
 235 03b3 ADF908CB 		.ascii	"\255\371\010\313h\022\2530ad4\016\372\230?\011\022\267"
 235      6812AB30 
 235      6164340E 
 235      FA983F09 
 235      12B7
 236 03c5 06F9E7E1 		.ascii	"\006\371\347\341\320\007v\373\373\351+\215G4R\231\002"
 236      D00776FB 
 236      FBE92B8D 
 236      47345299 
 236      02
 237 03d6 3BBF79D9 		.ascii	";\277y\331\333QQVY\351\255\330\274e\353:o\371\353\233"
 237      DB515156 
 237      59E9ADD8 
 237      BC65EB3A 
 237      6FF9EB9B 
 238 03ea B6167B4B 		.ascii	"\266\026{K7\275\341\255\364W\373\374\257\276\225\355"
 238      37BDE1AD 
 238      F457FBFC 
 238      AFBE95ED 
 239 03fa 79735B61 		.ascii	"ys[aiq1\261\355\257\255\363\227\254\177\316\243\324"
 239      697131B1 
 239      EDAFADF3 
 239      97AC7FCE 
 239      A3D4
 240 040c 29BE6ABF 		.ascii	")\276j\277\262\323[Y\277\337W\243l\257\250\254/\335"
ARM GAS  e:\temp\ccaTqpML.s 			page 18


 240      B2D35B59 
 240      BFDF57A3 
 240      6CAFA8AC 
 240      2FDD
 241 041e F042CD41 		.ascii	"\360B\315A\377\301\275\312>\367n\342\266\266\330n\205"
 241      FFC1BDCA 
 241      3EF76EE2 
 241      B6B6D86E 
 241      85
 242 042f E2AE214F 		.ascii	"\342\256!O/\203^\277\267\330\372\213\342/\367U\327\370"
 242      2F835EBF 
 242      B7D8FA8B 
 242      E22FF755 
 242      D7F8
 243 0441 6BEBEBAA 		.ascii	"k\353\353\252\367\224\325\036\250\335\251\370\266(\273"
 243      F794D51E 
 243      A8DDA9F8 
 243      B628BB
 244 0450 6AF7F915 		.ascii	"j\367\371\025_\026\343\270\2213-~\321i\351\356Q\374"
 244      5F16E3B8 
 244      91332D7E 
 244      D169E9EE 
 244      51FC
 245 0462 4B9CAC61 		.ascii	"K\234\254a<\377\005\343Sv\225\254\377\027h\230OI"
 245      3CFF05E3 
 245      537695AC 
 245      FF176898 
 245      4F49
 246              		.text
 247              		.section	.gnu.lto_.symtab.62411a6a,"",%progbits
 248 0000 50445353 		.ascii	"PDSS_PORT0_FILT1_CLK_StartEx\000"
 248      5F504F52 
 248      54305F46 
 248      494C5431 
 248      5F434C4B 
 249 001d 00       		.ascii	"\000"
 250 001e 00       		.ascii	"\000"
 251 001f 00       		.ascii	"\000"
 252 0020 00000000 		.ascii	"\000\000\000\000\000\000\000\000"
 252      00000000 
 253 0028 B5000000 		.ascii	"\265\000\000\000"
 254 002c 50445353 		.ascii	"PDSS_PORT0_FILT1_CLK_Stop\000"
 254      5F504F52 
 254      54305F46 
 254      494C5431 
 254      5F434C4B 
 255 0046 00       		.ascii	"\000"
 256 0047 00       		.ascii	"\000"
 257 0048 00       		.ascii	"\000"
 258 0049 00000000 		.ascii	"\000\000\000\000\000\000\000\000"
 258      00000000 
 259 0051 B8000000 		.ascii	"\270\000\000\000"
 260 0055 50445353 		.ascii	"PDSS_PORT0_FILT1_CLK_SetFractionalDividerRegister\000"
 260      5F504F52 
 260      54305F46 
 260      494C5431 
 260      5F434C4B 
ARM GAS  e:\temp\ccaTqpML.s 			page 19


 261 0087 00       		.ascii	"\000"
 262 0088 00       		.ascii	"\000"
 263 0089 00       		.ascii	"\000"
 264 008a 00000000 		.ascii	"\000\000\000\000\000\000\000\000"
 264      00000000 
 265 0092 C7000000 		.ascii	"\307\000\000\000"
 266 0096 50445353 		.ascii	"PDSS_PORT0_FILT1_CLK_GetDividerRegister\000"
 266      5F504F52 
 266      54305F46 
 266      494C5431 
 266      5F434C4B 
 267 00be 00       		.ascii	"\000"
 268 00bf 00       		.ascii	"\000"
 269 00c0 00       		.ascii	"\000"
 270 00c1 00000000 		.ascii	"\000\000\000\000\000\000\000\000"
 270      00000000 
 271 00c9 CA000000 		.ascii	"\312\000\000\000"
 272 00cd 50445353 		.ascii	"PDSS_PORT0_FILT1_CLK_GetFractionalDividerRegister\000"
 272      5F504F52 
 272      54305F46 
 272      494C5431 
 272      5F434C4B 
 273 00ff 00       		.ascii	"\000"
 274 0100 00       		.ascii	"\000"
 275 0101 00       		.ascii	"\000"
 276 0102 00000000 		.ascii	"\000\000\000\000\000\000\000\000"
 276      00000000 
 277 010a CD000000 		.ascii	"\315\000\000\000"
 278              		.text
 279              		.section	.gnu.lto_.opts,"",%progbits
 280 0000 272D666D 		.ascii	"'-fmath-errno' '-fsigned-zeros' '-ftrapping-math' '"
 280      6174682D 
 280      6572726E 
 280      6F272027 
 280      2D667369 
 281 0033 2D666E6F 		.ascii	"-fno-trapv' '-fno-openmp' '-fno-openacc' '-mcpu=cor"
 281      2D747261 
 281      70762720 
 281      272D666E 
 281      6F2D6F70 
 282 0066 7465782D 		.ascii	"tex-m0' '-mthumb' '-g' '-Os' '-Werror' '-ffunction-"
 282      6D302720 
 282      272D6D74 
 282      68756D62 
 282      2720272D 
 283 0099 73656374 		.ascii	"sections' '-ffat-lto-objects' '-finline-functions' "
 283      696F6E73 
 283      2720272D 
 283      66666174 
 283      2D6C746F 
 284 00cc 272D666C 		.ascii	"'-flto' '-fno-strict-aliasing'\000"
 284      746F2720 
 284      272D666E 
 284      6F2D7374 
 284      72696374 
 285              		.text
 286              		.cfi_sections	.debug_frame
ARM GAS  e:\temp\ccaTqpML.s 			page 20


 287              		.section	.text.PDSS_PORT0_FILT1_CLK_StartEx,"ax",%progbits
 288              		.align	1
 289              		.global	PDSS_PORT0_FILT1_CLK_StartEx
 290              		.code	16
 291              		.thumb_func
 292              		.type	PDSS_PORT0_FILT1_CLK_StartEx, %function
 293              	PDSS_PORT0_FILT1_CLK_StartEx:
 294              	.LFB0:
 295              		.file 1 "Generated_Source\\PSoC4\\PDSS_PORT0_FILT1_CLK.c"
   1:Generated_Source\PSoC4/PDSS_PORT0_FILT1_CLK.c **** /*******************************************************************************
   2:Generated_Source\PSoC4/PDSS_PORT0_FILT1_CLK.c **** * File Name: PDSS_PORT0_FILT1_CLK.c
   3:Generated_Source\PSoC4/PDSS_PORT0_FILT1_CLK.c **** * Version 2.20
   4:Generated_Source\PSoC4/PDSS_PORT0_FILT1_CLK.c **** *
   5:Generated_Source\PSoC4/PDSS_PORT0_FILT1_CLK.c **** *  Description:
   6:Generated_Source\PSoC4/PDSS_PORT0_FILT1_CLK.c **** *   Provides system API for the clocking, interrupts and watchdog timer.
   7:Generated_Source\PSoC4/PDSS_PORT0_FILT1_CLK.c **** *
   8:Generated_Source\PSoC4/PDSS_PORT0_FILT1_CLK.c **** *  Note:
   9:Generated_Source\PSoC4/PDSS_PORT0_FILT1_CLK.c **** *   Documentation of the API's in this file is located in the
  10:Generated_Source\PSoC4/PDSS_PORT0_FILT1_CLK.c **** *   System Reference Guide provided with PSoC Creator.
  11:Generated_Source\PSoC4/PDSS_PORT0_FILT1_CLK.c **** *
  12:Generated_Source\PSoC4/PDSS_PORT0_FILT1_CLK.c **** ********************************************************************************
  13:Generated_Source\PSoC4/PDSS_PORT0_FILT1_CLK.c **** * Copyright 2008-2012, Cypress Semiconductor Corporation.  All rights reserved.
  14:Generated_Source\PSoC4/PDSS_PORT0_FILT1_CLK.c **** * You may use this file only in accordance with the license, terms, conditions,
  15:Generated_Source\PSoC4/PDSS_PORT0_FILT1_CLK.c **** * disclaimers, and limitations in the end user license agreement accompanying
  16:Generated_Source\PSoC4/PDSS_PORT0_FILT1_CLK.c **** * the software package with which this file was provided.
  17:Generated_Source\PSoC4/PDSS_PORT0_FILT1_CLK.c **** *******************************************************************************/
  18:Generated_Source\PSoC4/PDSS_PORT0_FILT1_CLK.c **** 
  19:Generated_Source\PSoC4/PDSS_PORT0_FILT1_CLK.c **** #include <cydevice_trm.h>
  20:Generated_Source\PSoC4/PDSS_PORT0_FILT1_CLK.c **** #include "PDSS_PORT0_FILT1_CLK.h"
  21:Generated_Source\PSoC4/PDSS_PORT0_FILT1_CLK.c **** 
  22:Generated_Source\PSoC4/PDSS_PORT0_FILT1_CLK.c **** #if defined CYREG_PERI_DIV_CMD
  23:Generated_Source\PSoC4/PDSS_PORT0_FILT1_CLK.c **** 
  24:Generated_Source\PSoC4/PDSS_PORT0_FILT1_CLK.c **** /*******************************************************************************
  25:Generated_Source\PSoC4/PDSS_PORT0_FILT1_CLK.c **** * Function Name: PDSS_PORT0_FILT1_CLK_StartEx
  26:Generated_Source\PSoC4/PDSS_PORT0_FILT1_CLK.c **** ********************************************************************************
  27:Generated_Source\PSoC4/PDSS_PORT0_FILT1_CLK.c **** *
  28:Generated_Source\PSoC4/PDSS_PORT0_FILT1_CLK.c **** * Summary:
  29:Generated_Source\PSoC4/PDSS_PORT0_FILT1_CLK.c **** *  Starts the clock, aligned to the specified running clock.
  30:Generated_Source\PSoC4/PDSS_PORT0_FILT1_CLK.c **** *
  31:Generated_Source\PSoC4/PDSS_PORT0_FILT1_CLK.c **** * Parameters:
  32:Generated_Source\PSoC4/PDSS_PORT0_FILT1_CLK.c **** *  alignClkDiv:  The divider to which phase alignment is performed when the
  33:Generated_Source\PSoC4/PDSS_PORT0_FILT1_CLK.c **** *    clock is started.
  34:Generated_Source\PSoC4/PDSS_PORT0_FILT1_CLK.c **** *
  35:Generated_Source\PSoC4/PDSS_PORT0_FILT1_CLK.c **** * Returns:
  36:Generated_Source\PSoC4/PDSS_PORT0_FILT1_CLK.c **** *  None
  37:Generated_Source\PSoC4/PDSS_PORT0_FILT1_CLK.c **** *
  38:Generated_Source\PSoC4/PDSS_PORT0_FILT1_CLK.c **** *******************************************************************************/
  39:Generated_Source\PSoC4/PDSS_PORT0_FILT1_CLK.c **** void PDSS_PORT0_FILT1_CLK_StartEx(uint32 alignClkDiv)
  40:Generated_Source\PSoC4/PDSS_PORT0_FILT1_CLK.c **** {
 296              		.loc 1 40 0
 297              		.cfi_startproc
 298              		@ args = 0, pretend = 0, frame = 0
 299              		@ frame_needed = 0, uses_anonymous_args = 0
 300              		@ link register save eliminated.
 301              	.LVL0:
  41:Generated_Source\PSoC4/PDSS_PORT0_FILT1_CLK.c ****     /* Make sure any previous start command has finished. */
  42:Generated_Source\PSoC4/PDSS_PORT0_FILT1_CLK.c ****     while((PDSS_PORT0_FILT1_CLK_CMD_REG & PDSS_PORT0_FILT1_CLK_CMD_ENABLE_MASK) != 0u)
ARM GAS  e:\temp\ccaTqpML.s 			page 21


 302              		.loc 1 42 0
 303 0000 044A     		ldr	r2, .L5
 304              	.L2:
 305              		.loc 1 42 0 is_stmt 0 discriminator 1
 306 0002 1368     		ldr	r3, [r2]
 307 0004 002B     		cmp	r3, #0
 308 0006 FCDB     		blt	.L2
  43:Generated_Source\PSoC4/PDSS_PORT0_FILT1_CLK.c ****     {
  44:Generated_Source\PSoC4/PDSS_PORT0_FILT1_CLK.c ****     }
  45:Generated_Source\PSoC4/PDSS_PORT0_FILT1_CLK.c ****     
  46:Generated_Source\PSoC4/PDSS_PORT0_FILT1_CLK.c ****     /* Specify the target divider and it's alignment divider, and enable. */
  47:Generated_Source\PSoC4/PDSS_PORT0_FILT1_CLK.c ****     PDSS_PORT0_FILT1_CLK_CMD_REG =
  48:Generated_Source\PSoC4/PDSS_PORT0_FILT1_CLK.c ****         ((uint32)PDSS_PORT0_FILT1_CLK__DIV_ID << PDSS_PORT0_FILT1_CLK_CMD_DIV_SHIFT)|
  49:Generated_Source\PSoC4/PDSS_PORT0_FILT1_CLK.c ****         (alignClkDiv << PDSS_PORT0_FILT1_CLK_CMD_PA_DIV_SHIFT) |
 309              		.loc 1 49 0 is_stmt 1
 310 0008 034B     		ldr	r3, .L5+4
 311 000a 0002     		lsls	r0, r0, #8
 312              	.LVL1:
 313 000c 1843     		orrs	r0, r3
  47:Generated_Source\PSoC4/PDSS_PORT0_FILT1_CLK.c ****         ((uint32)PDSS_PORT0_FILT1_CLK__DIV_ID << PDSS_PORT0_FILT1_CLK_CMD_DIV_SHIFT)|
 314              		.loc 1 47 0
 315 000e 014B     		ldr	r3, .L5
  50:Generated_Source\PSoC4/PDSS_PORT0_FILT1_CLK.c ****         (uint32)PDSS_PORT0_FILT1_CLK_CMD_ENABLE_MASK;
  51:Generated_Source\PSoC4/PDSS_PORT0_FILT1_CLK.c **** }
 316              		.loc 1 51 0
 317              		@ sp needed
  47:Generated_Source\PSoC4/PDSS_PORT0_FILT1_CLK.c ****         ((uint32)PDSS_PORT0_FILT1_CLK__DIV_ID << PDSS_PORT0_FILT1_CLK_CMD_DIV_SHIFT)|
 318              		.loc 1 47 0
 319 0010 1860     		str	r0, [r3]
 320              		.loc 1 51 0
 321 0012 7047     		bx	lr
 322              	.L6:
 323              		.align	2
 324              	.L5:
 325 0014 00000140 		.word	1073807360
 326 0018 41000080 		.word	-2147483583
 327              		.cfi_endproc
 328              	.LFE0:
 329              		.size	PDSS_PORT0_FILT1_CLK_StartEx, .-PDSS_PORT0_FILT1_CLK_StartEx
 330              		.section	.text.PDSS_PORT0_FILT1_CLK_Stop,"ax",%progbits
 331              		.align	1
 332              		.global	PDSS_PORT0_FILT1_CLK_Stop
 333              		.code	16
 334              		.thumb_func
 335              		.type	PDSS_PORT0_FILT1_CLK_Stop, %function
 336              	PDSS_PORT0_FILT1_CLK_Stop:
 337              	.LFB1:
  52:Generated_Source\PSoC4/PDSS_PORT0_FILT1_CLK.c **** 
  53:Generated_Source\PSoC4/PDSS_PORT0_FILT1_CLK.c **** #else
  54:Generated_Source\PSoC4/PDSS_PORT0_FILT1_CLK.c **** 
  55:Generated_Source\PSoC4/PDSS_PORT0_FILT1_CLK.c **** /*******************************************************************************
  56:Generated_Source\PSoC4/PDSS_PORT0_FILT1_CLK.c **** * Function Name: PDSS_PORT0_FILT1_CLK_Start
  57:Generated_Source\PSoC4/PDSS_PORT0_FILT1_CLK.c **** ********************************************************************************
  58:Generated_Source\PSoC4/PDSS_PORT0_FILT1_CLK.c **** *
  59:Generated_Source\PSoC4/PDSS_PORT0_FILT1_CLK.c **** * Summary:
  60:Generated_Source\PSoC4/PDSS_PORT0_FILT1_CLK.c **** *  Starts the clock.
  61:Generated_Source\PSoC4/PDSS_PORT0_FILT1_CLK.c **** *
ARM GAS  e:\temp\ccaTqpML.s 			page 22


  62:Generated_Source\PSoC4/PDSS_PORT0_FILT1_CLK.c **** * Parameters:
  63:Generated_Source\PSoC4/PDSS_PORT0_FILT1_CLK.c **** *  None
  64:Generated_Source\PSoC4/PDSS_PORT0_FILT1_CLK.c **** *
  65:Generated_Source\PSoC4/PDSS_PORT0_FILT1_CLK.c **** * Returns:
  66:Generated_Source\PSoC4/PDSS_PORT0_FILT1_CLK.c **** *  None
  67:Generated_Source\PSoC4/PDSS_PORT0_FILT1_CLK.c **** *
  68:Generated_Source\PSoC4/PDSS_PORT0_FILT1_CLK.c **** *******************************************************************************/
  69:Generated_Source\PSoC4/PDSS_PORT0_FILT1_CLK.c **** 
  70:Generated_Source\PSoC4/PDSS_PORT0_FILT1_CLK.c **** void PDSS_PORT0_FILT1_CLK_Start(void)
  71:Generated_Source\PSoC4/PDSS_PORT0_FILT1_CLK.c **** {
  72:Generated_Source\PSoC4/PDSS_PORT0_FILT1_CLK.c ****     /* Set the bit to enable the clock. */
  73:Generated_Source\PSoC4/PDSS_PORT0_FILT1_CLK.c ****     PDSS_PORT0_FILT1_CLK_ENABLE_REG |= PDSS_PORT0_FILT1_CLK__ENABLE_MASK;
  74:Generated_Source\PSoC4/PDSS_PORT0_FILT1_CLK.c **** }
  75:Generated_Source\PSoC4/PDSS_PORT0_FILT1_CLK.c **** 
  76:Generated_Source\PSoC4/PDSS_PORT0_FILT1_CLK.c **** #endif /* CYREG_PERI_DIV_CMD */
  77:Generated_Source\PSoC4/PDSS_PORT0_FILT1_CLK.c **** 
  78:Generated_Source\PSoC4/PDSS_PORT0_FILT1_CLK.c **** 
  79:Generated_Source\PSoC4/PDSS_PORT0_FILT1_CLK.c **** /*******************************************************************************
  80:Generated_Source\PSoC4/PDSS_PORT0_FILT1_CLK.c **** * Function Name: PDSS_PORT0_FILT1_CLK_Stop
  81:Generated_Source\PSoC4/PDSS_PORT0_FILT1_CLK.c **** ********************************************************************************
  82:Generated_Source\PSoC4/PDSS_PORT0_FILT1_CLK.c **** *
  83:Generated_Source\PSoC4/PDSS_PORT0_FILT1_CLK.c **** * Summary:
  84:Generated_Source\PSoC4/PDSS_PORT0_FILT1_CLK.c **** *  Stops the clock and returns immediately. This API does not require the
  85:Generated_Source\PSoC4/PDSS_PORT0_FILT1_CLK.c **** *  source clock to be running but may return before the hardware is actually
  86:Generated_Source\PSoC4/PDSS_PORT0_FILT1_CLK.c **** *  disabled.
  87:Generated_Source\PSoC4/PDSS_PORT0_FILT1_CLK.c **** *
  88:Generated_Source\PSoC4/PDSS_PORT0_FILT1_CLK.c **** * Parameters:
  89:Generated_Source\PSoC4/PDSS_PORT0_FILT1_CLK.c **** *  None
  90:Generated_Source\PSoC4/PDSS_PORT0_FILT1_CLK.c **** *
  91:Generated_Source\PSoC4/PDSS_PORT0_FILT1_CLK.c **** * Returns:
  92:Generated_Source\PSoC4/PDSS_PORT0_FILT1_CLK.c **** *  None
  93:Generated_Source\PSoC4/PDSS_PORT0_FILT1_CLK.c **** *
  94:Generated_Source\PSoC4/PDSS_PORT0_FILT1_CLK.c **** *******************************************************************************/
  95:Generated_Source\PSoC4/PDSS_PORT0_FILT1_CLK.c **** void PDSS_PORT0_FILT1_CLK_Stop(void)
  96:Generated_Source\PSoC4/PDSS_PORT0_FILT1_CLK.c **** {
 338              		.loc 1 96 0
 339              		.cfi_startproc
 340              		@ args = 0, pretend = 0, frame = 0
 341              		@ frame_needed = 0, uses_anonymous_args = 0
 342              		@ link register save eliminated.
  97:Generated_Source\PSoC4/PDSS_PORT0_FILT1_CLK.c **** #if defined CYREG_PERI_DIV_CMD
  98:Generated_Source\PSoC4/PDSS_PORT0_FILT1_CLK.c **** 
  99:Generated_Source\PSoC4/PDSS_PORT0_FILT1_CLK.c ****     /* Make sure any previous start command has finished. */
 100:Generated_Source\PSoC4/PDSS_PORT0_FILT1_CLK.c ****     while((PDSS_PORT0_FILT1_CLK_CMD_REG & PDSS_PORT0_FILT1_CLK_CMD_ENABLE_MASK) != 0u)
 343              		.loc 1 100 0
 344 0000 034A     		ldr	r2, .L10
 345              	.L8:
 346              		.loc 1 100 0 is_stmt 0 discriminator 1
 347 0002 1368     		ldr	r3, [r2]
 348 0004 002B     		cmp	r3, #0
 349 0006 FCDB     		blt	.L8
 101:Generated_Source\PSoC4/PDSS_PORT0_FILT1_CLK.c ****     {
 102:Generated_Source\PSoC4/PDSS_PORT0_FILT1_CLK.c ****     }
 103:Generated_Source\PSoC4/PDSS_PORT0_FILT1_CLK.c ****     
 104:Generated_Source\PSoC4/PDSS_PORT0_FILT1_CLK.c ****     /* Specify the target divider and it's alignment divider, and disable. */
 105:Generated_Source\PSoC4/PDSS_PORT0_FILT1_CLK.c ****     PDSS_PORT0_FILT1_CLK_CMD_REG =
 350              		.loc 1 105 0 is_stmt 1
ARM GAS  e:\temp\ccaTqpML.s 			page 23


 351 0008 024A     		ldr	r2, .L10+4
 352 000a 014B     		ldr	r3, .L10
 106:Generated_Source\PSoC4/PDSS_PORT0_FILT1_CLK.c ****         ((uint32)PDSS_PORT0_FILT1_CLK__DIV_ID << PDSS_PORT0_FILT1_CLK_CMD_DIV_SHIFT)|
 107:Generated_Source\PSoC4/PDSS_PORT0_FILT1_CLK.c ****         ((uint32)PDSS_PORT0_FILT1_CLK_CMD_DISABLE_MASK);
 108:Generated_Source\PSoC4/PDSS_PORT0_FILT1_CLK.c **** 
 109:Generated_Source\PSoC4/PDSS_PORT0_FILT1_CLK.c **** #else
 110:Generated_Source\PSoC4/PDSS_PORT0_FILT1_CLK.c **** 
 111:Generated_Source\PSoC4/PDSS_PORT0_FILT1_CLK.c ****     /* Clear the bit to disable the clock. */
 112:Generated_Source\PSoC4/PDSS_PORT0_FILT1_CLK.c ****     PDSS_PORT0_FILT1_CLK_ENABLE_REG &= (uint32)(~PDSS_PORT0_FILT1_CLK__ENABLE_MASK);
 113:Generated_Source\PSoC4/PDSS_PORT0_FILT1_CLK.c ****     
 114:Generated_Source\PSoC4/PDSS_PORT0_FILT1_CLK.c **** #endif /* CYREG_PERI_DIV_CMD */
 115:Generated_Source\PSoC4/PDSS_PORT0_FILT1_CLK.c **** }
 353              		.loc 1 115 0
 354              		@ sp needed
 105:Generated_Source\PSoC4/PDSS_PORT0_FILT1_CLK.c ****         ((uint32)PDSS_PORT0_FILT1_CLK__DIV_ID << PDSS_PORT0_FILT1_CLK_CMD_DIV_SHIFT)|
 355              		.loc 1 105 0
 356 000c 1A60     		str	r2, [r3]
 357              		.loc 1 115 0
 358 000e 7047     		bx	lr
 359              	.L11:
 360              		.align	2
 361              	.L10:
 362 0010 00000140 		.word	1073807360
 363 0014 41000040 		.word	1073741889
 364              		.cfi_endproc
 365              	.LFE1:
 366              		.size	PDSS_PORT0_FILT1_CLK_Stop, .-PDSS_PORT0_FILT1_CLK_Stop
 367              		.section	.text.PDSS_PORT0_FILT1_CLK_SetFractionalDividerRegister,"ax",%progbits
 368              		.align	1
 369              		.global	PDSS_PORT0_FILT1_CLK_SetFractionalDividerRegister
 370              		.code	16
 371              		.thumb_func
 372              		.type	PDSS_PORT0_FILT1_CLK_SetFractionalDividerRegister, %function
 373              	PDSS_PORT0_FILT1_CLK_SetFractionalDividerRegister:
 374              	.LFB2:
 116:Generated_Source\PSoC4/PDSS_PORT0_FILT1_CLK.c **** 
 117:Generated_Source\PSoC4/PDSS_PORT0_FILT1_CLK.c **** 
 118:Generated_Source\PSoC4/PDSS_PORT0_FILT1_CLK.c **** /*******************************************************************************
 119:Generated_Source\PSoC4/PDSS_PORT0_FILT1_CLK.c **** * Function Name: PDSS_PORT0_FILT1_CLK_SetFractionalDividerRegister
 120:Generated_Source\PSoC4/PDSS_PORT0_FILT1_CLK.c **** ********************************************************************************
 121:Generated_Source\PSoC4/PDSS_PORT0_FILT1_CLK.c **** *
 122:Generated_Source\PSoC4/PDSS_PORT0_FILT1_CLK.c **** * Summary:
 123:Generated_Source\PSoC4/PDSS_PORT0_FILT1_CLK.c **** *  Modifies the clock divider and the fractional divider.
 124:Generated_Source\PSoC4/PDSS_PORT0_FILT1_CLK.c **** *
 125:Generated_Source\PSoC4/PDSS_PORT0_FILT1_CLK.c **** * Parameters:
 126:Generated_Source\PSoC4/PDSS_PORT0_FILT1_CLK.c **** *  clkDivider:  Divider register value (0-65535). This value is NOT the
 127:Generated_Source\PSoC4/PDSS_PORT0_FILT1_CLK.c **** *    divider; the clock hardware divides by clkDivider plus one. For example,
 128:Generated_Source\PSoC4/PDSS_PORT0_FILT1_CLK.c **** *    to divide the clock by 2, this parameter should be set to 1.
 129:Generated_Source\PSoC4/PDSS_PORT0_FILT1_CLK.c **** *  fracDivider:  Fractional Divider register value (0-31).
 130:Generated_Source\PSoC4/PDSS_PORT0_FILT1_CLK.c **** * Returns:
 131:Generated_Source\PSoC4/PDSS_PORT0_FILT1_CLK.c **** *  None
 132:Generated_Source\PSoC4/PDSS_PORT0_FILT1_CLK.c **** *
 133:Generated_Source\PSoC4/PDSS_PORT0_FILT1_CLK.c **** *******************************************************************************/
 134:Generated_Source\PSoC4/PDSS_PORT0_FILT1_CLK.c **** void PDSS_PORT0_FILT1_CLK_SetFractionalDividerRegister(uint16 clkDivider, uint8 clkFractional)
 135:Generated_Source\PSoC4/PDSS_PORT0_FILT1_CLK.c **** {
 375              		.loc 1 135 0
 376              		.cfi_startproc
ARM GAS  e:\temp\ccaTqpML.s 			page 24


 377              		@ args = 0, pretend = 0, frame = 0
 378              		@ frame_needed = 0, uses_anonymous_args = 0
 379              	.LVL2:
 136:Generated_Source\PSoC4/PDSS_PORT0_FILT1_CLK.c ****     uint32 maskVal;
 137:Generated_Source\PSoC4/PDSS_PORT0_FILT1_CLK.c ****     uint32 regVal;
 138:Generated_Source\PSoC4/PDSS_PORT0_FILT1_CLK.c ****     
 139:Generated_Source\PSoC4/PDSS_PORT0_FILT1_CLK.c **** #if defined (PDSS_PORT0_FILT1_CLK__FRAC_MASK) || defined (CYREG_PERI_DIV_CMD)
 140:Generated_Source\PSoC4/PDSS_PORT0_FILT1_CLK.c ****     
 141:Generated_Source\PSoC4/PDSS_PORT0_FILT1_CLK.c **** 	/* get all but divider bits */
 142:Generated_Source\PSoC4/PDSS_PORT0_FILT1_CLK.c ****     maskVal = PDSS_PORT0_FILT1_CLK_DIV_REG & 
 143:Generated_Source\PSoC4/PDSS_PORT0_FILT1_CLK.c ****                     (uint32)(~(uint32)(PDSS_PORT0_FILT1_CLK_DIV_INT_MASK | PDSS_PORT0_FILT1_CLK_DIV
 144:Generated_Source\PSoC4/PDSS_PORT0_FILT1_CLK.c **** 	/* combine mask and new divider vals into 32-bit value */
 145:Generated_Source\PSoC4/PDSS_PORT0_FILT1_CLK.c ****     regVal = maskVal |
 380              		.loc 1 145 0
 381 0000 FF22     		movs	r2, #255
 382 0002 C900     		lsls	r1, r1, #3
 383              	.LVL3:
 384 0004 1140     		ands	r1, r2
 385 0006 0202     		lsls	r2, r0, #8
 386 0008 1143     		orrs	r1, r2
 387 000a 0723     		movs	r3, #7
 388 000c 0800     		movs	r0, r1
 389              	.LVL4:
 135:Generated_Source\PSoC4/PDSS_PORT0_FILT1_CLK.c ****     uint32 maskVal;
 390              		.loc 1 135 0
 391 000e 30B5     		push	{r4, r5, lr}
 392              		.cfi_def_cfa_offset 12
 393              		.cfi_offset 4, -12
 394              		.cfi_offset 5, -8
 395              		.cfi_offset 14, -4
 142:Generated_Source\PSoC4/PDSS_PORT0_FILT1_CLK.c ****                     (uint32)(~(uint32)(PDSS_PORT0_FILT1_CLK_DIV_INT_MASK | PDSS_PORT0_FILT1_CLK_DIV
 396              		.loc 1 142 0
 397 0010 024C     		ldr	r4, .L13
 146:Generated_Source\PSoC4/PDSS_PORT0_FILT1_CLK.c ****         ((uint32)((uint32)clkDivider <<  PDSS_PORT0_FILT1_CLK_DIV_INT_SHIFT) & PDSS_PORT0_FILT1_CLK
 147:Generated_Source\PSoC4/PDSS_PORT0_FILT1_CLK.c ****         ((uint32)((uint32)clkFractional << PDSS_PORT0_FILT1_CLK_DIV_FRAC_SHIFT) & PDSS_PORT0_FILT1_
 148:Generated_Source\PSoC4/PDSS_PORT0_FILT1_CLK.c ****     
 149:Generated_Source\PSoC4/PDSS_PORT0_FILT1_CLK.c **** #else
 150:Generated_Source\PSoC4/PDSS_PORT0_FILT1_CLK.c ****     /* get all but integer divider bits */
 151:Generated_Source\PSoC4/PDSS_PORT0_FILT1_CLK.c ****     maskVal = PDSS_PORT0_FILT1_CLK_DIV_REG & (uint32)(~(uint32)PDSS_PORT0_FILT1_CLK__DIVIDER_MASK);
 152:Generated_Source\PSoC4/PDSS_PORT0_FILT1_CLK.c ****     /* combine mask and new divider val into 32-bit value */
 153:Generated_Source\PSoC4/PDSS_PORT0_FILT1_CLK.c ****     regVal = clkDivider | maskVal;
 154:Generated_Source\PSoC4/PDSS_PORT0_FILT1_CLK.c ****     
 155:Generated_Source\PSoC4/PDSS_PORT0_FILT1_CLK.c **** #endif /* PDSS_PORT0_FILT1_CLK__FRAC_MASK || CYREG_PERI_DIV_CMD */
 156:Generated_Source\PSoC4/PDSS_PORT0_FILT1_CLK.c **** 
 157:Generated_Source\PSoC4/PDSS_PORT0_FILT1_CLK.c ****     PDSS_PORT0_FILT1_CLK_DIV_REG = regVal;
 158:Generated_Source\PSoC4/PDSS_PORT0_FILT1_CLK.c **** }
 398              		.loc 1 158 0
 399              		@ sp needed
 142:Generated_Source\PSoC4/PDSS_PORT0_FILT1_CLK.c ****                     (uint32)(~(uint32)(PDSS_PORT0_FILT1_CLK_DIV_INT_MASK | PDSS_PORT0_FILT1_CLK_DIV
 400              		.loc 1 142 0
 401 0012 2568     		ldr	r5, [r4]
 402              	.LVL5:
 145:Generated_Source\PSoC4/PDSS_PORT0_FILT1_CLK.c ****         ((uint32)((uint32)clkDivider <<  PDSS_PORT0_FILT1_CLK_DIV_INT_SHIFT) & PDSS_PORT0_FILT1_CLK
 403              		.loc 1 145 0
 404 0014 2B40     		ands	r3, r5
 405              	.LVL6:
 406 0016 1843     		orrs	r0, r3
ARM GAS  e:\temp\ccaTqpML.s 			page 25


 407              	.LVL7:
 157:Generated_Source\PSoC4/PDSS_PORT0_FILT1_CLK.c **** }
 408              		.loc 1 157 0
 409 0018 2060     		str	r0, [r4]
 410              		.loc 1 158 0
 411 001a 30BD     		pop	{r4, r5, pc}
 412              	.L14:
 413              		.align	2
 414              	.L13:
 415 001c 04030140 		.word	1073808132
 416              		.cfi_endproc
 417              	.LFE2:
 418              		.size	PDSS_PORT0_FILT1_CLK_SetFractionalDividerRegister, .-PDSS_PORT0_FILT1_CLK_SetFractionalDivid
 419              		.section	.text.PDSS_PORT0_FILT1_CLK_GetDividerRegister,"ax",%progbits
 420              		.align	1
 421              		.global	PDSS_PORT0_FILT1_CLK_GetDividerRegister
 422              		.code	16
 423              		.thumb_func
 424              		.type	PDSS_PORT0_FILT1_CLK_GetDividerRegister, %function
 425              	PDSS_PORT0_FILT1_CLK_GetDividerRegister:
 426              	.LFB3:
 159:Generated_Source\PSoC4/PDSS_PORT0_FILT1_CLK.c **** 
 160:Generated_Source\PSoC4/PDSS_PORT0_FILT1_CLK.c **** 
 161:Generated_Source\PSoC4/PDSS_PORT0_FILT1_CLK.c **** /*******************************************************************************
 162:Generated_Source\PSoC4/PDSS_PORT0_FILT1_CLK.c **** * Function Name: PDSS_PORT0_FILT1_CLK_GetDividerRegister
 163:Generated_Source\PSoC4/PDSS_PORT0_FILT1_CLK.c **** ********************************************************************************
 164:Generated_Source\PSoC4/PDSS_PORT0_FILT1_CLK.c **** *
 165:Generated_Source\PSoC4/PDSS_PORT0_FILT1_CLK.c **** * Summary:
 166:Generated_Source\PSoC4/PDSS_PORT0_FILT1_CLK.c **** *  Gets the clock divider register value.
 167:Generated_Source\PSoC4/PDSS_PORT0_FILT1_CLK.c **** *
 168:Generated_Source\PSoC4/PDSS_PORT0_FILT1_CLK.c **** * Parameters:
 169:Generated_Source\PSoC4/PDSS_PORT0_FILT1_CLK.c **** *  None
 170:Generated_Source\PSoC4/PDSS_PORT0_FILT1_CLK.c **** *
 171:Generated_Source\PSoC4/PDSS_PORT0_FILT1_CLK.c **** * Returns:
 172:Generated_Source\PSoC4/PDSS_PORT0_FILT1_CLK.c **** *  Divide value of the clock minus 1. For example, if the clock is set to
 173:Generated_Source\PSoC4/PDSS_PORT0_FILT1_CLK.c **** *  divide by 2, the return value will be 1.
 174:Generated_Source\PSoC4/PDSS_PORT0_FILT1_CLK.c **** *
 175:Generated_Source\PSoC4/PDSS_PORT0_FILT1_CLK.c **** *******************************************************************************/
 176:Generated_Source\PSoC4/PDSS_PORT0_FILT1_CLK.c **** uint16 PDSS_PORT0_FILT1_CLK_GetDividerRegister(void)
 177:Generated_Source\PSoC4/PDSS_PORT0_FILT1_CLK.c **** {
 427              		.loc 1 177 0
 428              		.cfi_startproc
 429              		@ args = 0, pretend = 0, frame = 0
 430              		@ frame_needed = 0, uses_anonymous_args = 0
 431              		@ link register save eliminated.
 178:Generated_Source\PSoC4/PDSS_PORT0_FILT1_CLK.c ****     return (uint16)((PDSS_PORT0_FILT1_CLK_DIV_REG & PDSS_PORT0_FILT1_CLK_DIV_INT_MASK)
 432              		.loc 1 178 0
 433 0000 024B     		ldr	r3, .L16
 179:Generated_Source\PSoC4/PDSS_PORT0_FILT1_CLK.c ****         >> PDSS_PORT0_FILT1_CLK_DIV_INT_SHIFT);
 180:Generated_Source\PSoC4/PDSS_PORT0_FILT1_CLK.c **** }
 434              		.loc 1 180 0
 435              		@ sp needed
 178:Generated_Source\PSoC4/PDSS_PORT0_FILT1_CLK.c ****     return (uint16)((PDSS_PORT0_FILT1_CLK_DIV_REG & PDSS_PORT0_FILT1_CLK_DIV_INT_MASK)
 436              		.loc 1 178 0
 437 0002 1868     		ldr	r0, [r3]
 438 0004 000A     		lsrs	r0, r0, #8
 439 0006 80B2     		uxth	r0, r0
ARM GAS  e:\temp\ccaTqpML.s 			page 26


 440              		.loc 1 180 0
 441 0008 7047     		bx	lr
 442              	.L17:
 443 000a C046     		.align	2
 444              	.L16:
 445 000c 04030140 		.word	1073808132
 446              		.cfi_endproc
 447              	.LFE3:
 448              		.size	PDSS_PORT0_FILT1_CLK_GetDividerRegister, .-PDSS_PORT0_FILT1_CLK_GetDividerRegister
 449              		.section	.text.PDSS_PORT0_FILT1_CLK_GetFractionalDividerRegister,"ax",%progbits
 450              		.align	1
 451              		.global	PDSS_PORT0_FILT1_CLK_GetFractionalDividerRegister
 452              		.code	16
 453              		.thumb_func
 454              		.type	PDSS_PORT0_FILT1_CLK_GetFractionalDividerRegister, %function
 455              	PDSS_PORT0_FILT1_CLK_GetFractionalDividerRegister:
 456              	.LFB4:
 181:Generated_Source\PSoC4/PDSS_PORT0_FILT1_CLK.c **** 
 182:Generated_Source\PSoC4/PDSS_PORT0_FILT1_CLK.c **** 
 183:Generated_Source\PSoC4/PDSS_PORT0_FILT1_CLK.c **** /*******************************************************************************
 184:Generated_Source\PSoC4/PDSS_PORT0_FILT1_CLK.c **** * Function Name: PDSS_PORT0_FILT1_CLK_GetFractionalDividerRegister
 185:Generated_Source\PSoC4/PDSS_PORT0_FILT1_CLK.c **** ********************************************************************************
 186:Generated_Source\PSoC4/PDSS_PORT0_FILT1_CLK.c **** *
 187:Generated_Source\PSoC4/PDSS_PORT0_FILT1_CLK.c **** * Summary:
 188:Generated_Source\PSoC4/PDSS_PORT0_FILT1_CLK.c **** *  Gets the clock fractional divider register value.
 189:Generated_Source\PSoC4/PDSS_PORT0_FILT1_CLK.c **** *
 190:Generated_Source\PSoC4/PDSS_PORT0_FILT1_CLK.c **** * Parameters:
 191:Generated_Source\PSoC4/PDSS_PORT0_FILT1_CLK.c **** *  None
 192:Generated_Source\PSoC4/PDSS_PORT0_FILT1_CLK.c **** *
 193:Generated_Source\PSoC4/PDSS_PORT0_FILT1_CLK.c **** * Returns:
 194:Generated_Source\PSoC4/PDSS_PORT0_FILT1_CLK.c **** *  Fractional Divide value of the clock
 195:Generated_Source\PSoC4/PDSS_PORT0_FILT1_CLK.c **** *  0 if the fractional divider is not in use.
 196:Generated_Source\PSoC4/PDSS_PORT0_FILT1_CLK.c **** *
 197:Generated_Source\PSoC4/PDSS_PORT0_FILT1_CLK.c **** *******************************************************************************/
 198:Generated_Source\PSoC4/PDSS_PORT0_FILT1_CLK.c **** uint8 PDSS_PORT0_FILT1_CLK_GetFractionalDividerRegister(void)
 199:Generated_Source\PSoC4/PDSS_PORT0_FILT1_CLK.c **** {
 457              		.loc 1 199 0
 458              		.cfi_startproc
 459              		@ args = 0, pretend = 0, frame = 0
 460              		@ frame_needed = 0, uses_anonymous_args = 0
 461              		@ link register save eliminated.
 200:Generated_Source\PSoC4/PDSS_PORT0_FILT1_CLK.c **** #if defined (PDSS_PORT0_FILT1_CLK__FRAC_MASK)
 201:Generated_Source\PSoC4/PDSS_PORT0_FILT1_CLK.c ****     /* return fractional divider bits */
 202:Generated_Source\PSoC4/PDSS_PORT0_FILT1_CLK.c ****     return (uint8)((PDSS_PORT0_FILT1_CLK_DIV_REG & PDSS_PORT0_FILT1_CLK_DIV_FRAC_MASK)
 203:Generated_Source\PSoC4/PDSS_PORT0_FILT1_CLK.c ****         >> PDSS_PORT0_FILT1_CLK_DIV_FRAC_SHIFT);
 204:Generated_Source\PSoC4/PDSS_PORT0_FILT1_CLK.c **** #else
 205:Generated_Source\PSoC4/PDSS_PORT0_FILT1_CLK.c ****     return 0u;
 206:Generated_Source\PSoC4/PDSS_PORT0_FILT1_CLK.c **** #endif /* PDSS_PORT0_FILT1_CLK__FRAC_MASK */
 207:Generated_Source\PSoC4/PDSS_PORT0_FILT1_CLK.c **** }
 462              		.loc 1 207 0
 463 0000 0020     		movs	r0, #0
 464              		@ sp needed
 465 0002 7047     		bx	lr
 466              		.cfi_endproc
 467              	.LFE4:
 468              		.size	PDSS_PORT0_FILT1_CLK_GetFractionalDividerRegister, .-PDSS_PORT0_FILT1_CLK_GetFractionalDivid
 469              		.text
ARM GAS  e:\temp\ccaTqpML.s 			page 27


 470              	.Letext0:
 471              		.file 2 "Generated_Source\\PSoC4/cytypes.h"
 472              		.section	.debug_info,"",%progbits
 473              	.Ldebug_info0:
 474 0000 62010000 		.4byte	0x162
 475 0004 0400     		.2byte	0x4
 476 0006 00000000 		.4byte	.Ldebug_abbrev0
 477 000a 04       		.byte	0x4
 478 000b 01       		.uleb128 0x1
 479 000c 2A010000 		.4byte	.LASF25
 480 0010 0C       		.byte	0xc
 481 0011 16020000 		.4byte	.LASF26
 482 0015 69020000 		.4byte	.LASF27
 483 0019 00000000 		.4byte	.Ldebug_ranges0+0
 484 001d 00000000 		.4byte	0
 485 0021 00000000 		.4byte	.Ldebug_line0
 486 0025 02       		.uleb128 0x2
 487 0026 01       		.byte	0x1
 488 0027 06       		.byte	0x6
 489 0028 5D020000 		.4byte	.LASF0
 490 002c 02       		.uleb128 0x2
 491 002d 01       		.byte	0x1
 492 002e 08       		.byte	0x8
 493 002f 60000000 		.4byte	.LASF1
 494 0033 02       		.uleb128 0x2
 495 0034 02       		.byte	0x2
 496 0035 05       		.byte	0x5
 497 0036 44020000 		.4byte	.LASF2
 498 003a 02       		.uleb128 0x2
 499 003b 02       		.byte	0x2
 500 003c 07       		.byte	0x7
 501 003d 80000000 		.4byte	.LASF3
 502 0041 02       		.uleb128 0x2
 503 0042 04       		.byte	0x4
 504 0043 05       		.byte	0x5
 505 0044 54020000 		.4byte	.LASF4
 506 0048 02       		.uleb128 0x2
 507 0049 04       		.byte	0x4
 508 004a 07       		.byte	0x7
 509 004b 6E000000 		.4byte	.LASF5
 510 004f 02       		.uleb128 0x2
 511 0050 08       		.byte	0x8
 512 0051 05       		.byte	0x5
 513 0052 03020000 		.4byte	.LASF6
 514 0056 02       		.uleb128 0x2
 515 0057 08       		.byte	0x8
 516 0058 07       		.byte	0x7
 517 0059 13010000 		.4byte	.LASF7
 518 005d 03       		.uleb128 0x3
 519 005e 04       		.byte	0x4
 520 005f 05       		.byte	0x5
 521 0060 696E7400 		.ascii	"int\000"
 522 0064 02       		.uleb128 0x2
 523 0065 04       		.byte	0x4
 524 0066 07       		.byte	0x7
 525 0067 06010000 		.4byte	.LASF8
 526 006b 04       		.uleb128 0x4
ARM GAS  e:\temp\ccaTqpML.s 			page 28


 527 006c 4E020000 		.4byte	.LASF9
 528 0070 02       		.byte	0x2
 529 0071 E401     		.2byte	0x1e4
 530 0073 2C000000 		.4byte	0x2c
 531 0077 04       		.uleb128 0x4
 532 0078 F8000000 		.4byte	.LASF10
 533 007c 02       		.byte	0x2
 534 007d E501     		.2byte	0x1e5
 535 007f 3A000000 		.4byte	0x3a
 536 0083 04       		.uleb128 0x4
 537 0084 FF000000 		.4byte	.LASF11
 538 0088 02       		.byte	0x2
 539 0089 E601     		.2byte	0x1e6
 540 008b 48000000 		.4byte	0x48
 541 008f 02       		.uleb128 0x2
 542 0090 04       		.byte	0x4
 543 0091 04       		.byte	0x4
 544 0092 5A000000 		.4byte	.LASF12
 545 0096 02       		.uleb128 0x2
 546 0097 08       		.byte	0x8
 547 0098 04       		.byte	0x4
 548 0099 D0000000 		.4byte	.LASF13
 549 009d 02       		.uleb128 0x2
 550 009e 01       		.byte	0x1
 551 009f 08       		.byte	0x8
 552 00a0 11020000 		.4byte	.LASF14
 553 00a4 04       		.uleb128 0x4
 554 00a5 00000000 		.4byte	.LASF15
 555 00a9 02       		.byte	0x2
 556 00aa 9002     		.2byte	0x290
 557 00ac B0000000 		.4byte	0xb0
 558 00b0 05       		.uleb128 0x5
 559 00b1 83000000 		.4byte	0x83
 560 00b5 06       		.uleb128 0x6
 561 00b6 E6010000 		.4byte	.LASF16
 562 00ba 01       		.byte	0x1
 563 00bb 27       		.byte	0x27
 564 00bc 00000000 		.4byte	.LFB0
 565 00c0 1C000000 		.4byte	.LFE0-.LFB0
 566 00c4 01       		.uleb128 0x1
 567 00c5 9C       		.byte	0x9c
 568 00c6 DA000000 		.4byte	0xda
 569 00ca 07       		.uleb128 0x7
 570 00cb DE000000 		.4byte	.LASF18
 571 00cf 01       		.byte	0x1
 572 00d0 27       		.byte	0x27
 573 00d1 83000000 		.4byte	0x83
 574 00d5 00000000 		.4byte	.LLST0
 575 00d9 00       		.byte	0
 576 00da 08       		.uleb128 0x8
 577 00db 06000000 		.4byte	.LASF28
 578 00df 01       		.byte	0x1
 579 00e0 5F       		.byte	0x5f
 580 00e1 00000000 		.4byte	.LFB1
 581 00e5 18000000 		.4byte	.LFE1-.LFB1
 582 00e9 01       		.uleb128 0x1
 583 00ea 9C       		.byte	0x9c
ARM GAS  e:\temp\ccaTqpML.s 			page 29


 584 00eb 06       		.uleb128 0x6
 585 00ec 93000000 		.4byte	.LASF17
 586 00f0 01       		.byte	0x1
 587 00f1 86       		.byte	0x86
 588 00f2 00000000 		.4byte	.LFB2
 589 00f6 20000000 		.4byte	.LFE2-.LFB2
 590 00fa 01       		.uleb128 0x1
 591 00fb 9C       		.byte	0x9c
 592 00fc 3B010000 		.4byte	0x13b
 593 0100 07       		.uleb128 0x7
 594 0101 C5000000 		.4byte	.LASF19
 595 0105 01       		.byte	0x1
 596 0106 86       		.byte	0x86
 597 0107 77000000 		.4byte	0x77
 598 010b 21000000 		.4byte	.LLST1
 599 010f 07       		.uleb128 0x7
 600 0110 EA000000 		.4byte	.LASF20
 601 0114 01       		.byte	0x1
 602 0115 86       		.byte	0x86
 603 0116 6B000000 		.4byte	0x6b
 604 011a 42000000 		.4byte	.LLST2
 605 011e 09       		.uleb128 0x9
 606 011f 20000000 		.4byte	.LASF21
 607 0123 01       		.byte	0x1
 608 0124 88       		.byte	0x88
 609 0125 83000000 		.4byte	0x83
 610 0129 63000000 		.4byte	.LLST3
 611 012d 0A       		.uleb128 0xa
 612 012e D7000000 		.4byte	.LASF22
 613 0132 01       		.byte	0x1
 614 0133 89       		.byte	0x89
 615 0134 83000000 		.4byte	0x83
 616 0138 01       		.uleb128 0x1
 617 0139 50       		.byte	0x50
 618 013a 00       		.byte	0
 619 013b 0B       		.uleb128 0xb
 620 013c D4020000 		.4byte	.LASF23
 621 0140 01       		.byte	0x1
 622 0141 B0       		.byte	0xb0
 623 0142 77000000 		.4byte	0x77
 624 0146 00000000 		.4byte	.LFB3
 625 014a 10000000 		.4byte	.LFE3-.LFB3
 626 014e 01       		.uleb128 0x1
 627 014f 9C       		.byte	0x9c
 628 0150 0B       		.uleb128 0xb
 629 0151 28000000 		.4byte	.LASF24
 630 0155 01       		.byte	0x1
 631 0156 C6       		.byte	0xc6
 632 0157 6B000000 		.4byte	0x6b
 633 015b 00000000 		.4byte	.LFB4
 634 015f 04000000 		.4byte	.LFE4-.LFB4
 635 0163 01       		.uleb128 0x1
 636 0164 9C       		.byte	0x9c
 637 0165 00       		.byte	0
 638              		.section	.debug_abbrev,"",%progbits
 639              	.Ldebug_abbrev0:
 640 0000 01       		.uleb128 0x1
ARM GAS  e:\temp\ccaTqpML.s 			page 30


 641 0001 11       		.uleb128 0x11
 642 0002 01       		.byte	0x1
 643 0003 25       		.uleb128 0x25
 644 0004 0E       		.uleb128 0xe
 645 0005 13       		.uleb128 0x13
 646 0006 0B       		.uleb128 0xb
 647 0007 03       		.uleb128 0x3
 648 0008 0E       		.uleb128 0xe
 649 0009 1B       		.uleb128 0x1b
 650 000a 0E       		.uleb128 0xe
 651 000b 55       		.uleb128 0x55
 652 000c 17       		.uleb128 0x17
 653 000d 11       		.uleb128 0x11
 654 000e 01       		.uleb128 0x1
 655 000f 10       		.uleb128 0x10
 656 0010 17       		.uleb128 0x17
 657 0011 00       		.byte	0
 658 0012 00       		.byte	0
 659 0013 02       		.uleb128 0x2
 660 0014 24       		.uleb128 0x24
 661 0015 00       		.byte	0
 662 0016 0B       		.uleb128 0xb
 663 0017 0B       		.uleb128 0xb
 664 0018 3E       		.uleb128 0x3e
 665 0019 0B       		.uleb128 0xb
 666 001a 03       		.uleb128 0x3
 667 001b 0E       		.uleb128 0xe
 668 001c 00       		.byte	0
 669 001d 00       		.byte	0
 670 001e 03       		.uleb128 0x3
 671 001f 24       		.uleb128 0x24
 672 0020 00       		.byte	0
 673 0021 0B       		.uleb128 0xb
 674 0022 0B       		.uleb128 0xb
 675 0023 3E       		.uleb128 0x3e
 676 0024 0B       		.uleb128 0xb
 677 0025 03       		.uleb128 0x3
 678 0026 08       		.uleb128 0x8
 679 0027 00       		.byte	0
 680 0028 00       		.byte	0
 681 0029 04       		.uleb128 0x4
 682 002a 16       		.uleb128 0x16
 683 002b 00       		.byte	0
 684 002c 03       		.uleb128 0x3
 685 002d 0E       		.uleb128 0xe
 686 002e 3A       		.uleb128 0x3a
 687 002f 0B       		.uleb128 0xb
 688 0030 3B       		.uleb128 0x3b
 689 0031 05       		.uleb128 0x5
 690 0032 49       		.uleb128 0x49
 691 0033 13       		.uleb128 0x13
 692 0034 00       		.byte	0
 693 0035 00       		.byte	0
 694 0036 05       		.uleb128 0x5
 695 0037 35       		.uleb128 0x35
 696 0038 00       		.byte	0
 697 0039 49       		.uleb128 0x49
ARM GAS  e:\temp\ccaTqpML.s 			page 31


 698 003a 13       		.uleb128 0x13
 699 003b 00       		.byte	0
 700 003c 00       		.byte	0
 701 003d 06       		.uleb128 0x6
 702 003e 2E       		.uleb128 0x2e
 703 003f 01       		.byte	0x1
 704 0040 3F       		.uleb128 0x3f
 705 0041 19       		.uleb128 0x19
 706 0042 03       		.uleb128 0x3
 707 0043 0E       		.uleb128 0xe
 708 0044 3A       		.uleb128 0x3a
 709 0045 0B       		.uleb128 0xb
 710 0046 3B       		.uleb128 0x3b
 711 0047 0B       		.uleb128 0xb
 712 0048 27       		.uleb128 0x27
 713 0049 19       		.uleb128 0x19
 714 004a 11       		.uleb128 0x11
 715 004b 01       		.uleb128 0x1
 716 004c 12       		.uleb128 0x12
 717 004d 06       		.uleb128 0x6
 718 004e 40       		.uleb128 0x40
 719 004f 18       		.uleb128 0x18
 720 0050 9742     		.uleb128 0x2117
 721 0052 19       		.uleb128 0x19
 722 0053 01       		.uleb128 0x1
 723 0054 13       		.uleb128 0x13
 724 0055 00       		.byte	0
 725 0056 00       		.byte	0
 726 0057 07       		.uleb128 0x7
 727 0058 05       		.uleb128 0x5
 728 0059 00       		.byte	0
 729 005a 03       		.uleb128 0x3
 730 005b 0E       		.uleb128 0xe
 731 005c 3A       		.uleb128 0x3a
 732 005d 0B       		.uleb128 0xb
 733 005e 3B       		.uleb128 0x3b
 734 005f 0B       		.uleb128 0xb
 735 0060 49       		.uleb128 0x49
 736 0061 13       		.uleb128 0x13
 737 0062 02       		.uleb128 0x2
 738 0063 17       		.uleb128 0x17
 739 0064 00       		.byte	0
 740 0065 00       		.byte	0
 741 0066 08       		.uleb128 0x8
 742 0067 2E       		.uleb128 0x2e
 743 0068 00       		.byte	0
 744 0069 3F       		.uleb128 0x3f
 745 006a 19       		.uleb128 0x19
 746 006b 03       		.uleb128 0x3
 747 006c 0E       		.uleb128 0xe
 748 006d 3A       		.uleb128 0x3a
 749 006e 0B       		.uleb128 0xb
 750 006f 3B       		.uleb128 0x3b
 751 0070 0B       		.uleb128 0xb
 752 0071 27       		.uleb128 0x27
 753 0072 19       		.uleb128 0x19
 754 0073 11       		.uleb128 0x11
ARM GAS  e:\temp\ccaTqpML.s 			page 32


 755 0074 01       		.uleb128 0x1
 756 0075 12       		.uleb128 0x12
 757 0076 06       		.uleb128 0x6
 758 0077 40       		.uleb128 0x40
 759 0078 18       		.uleb128 0x18
 760 0079 9742     		.uleb128 0x2117
 761 007b 19       		.uleb128 0x19
 762 007c 00       		.byte	0
 763 007d 00       		.byte	0
 764 007e 09       		.uleb128 0x9
 765 007f 34       		.uleb128 0x34
 766 0080 00       		.byte	0
 767 0081 03       		.uleb128 0x3
 768 0082 0E       		.uleb128 0xe
 769 0083 3A       		.uleb128 0x3a
 770 0084 0B       		.uleb128 0xb
 771 0085 3B       		.uleb128 0x3b
 772 0086 0B       		.uleb128 0xb
 773 0087 49       		.uleb128 0x49
 774 0088 13       		.uleb128 0x13
 775 0089 02       		.uleb128 0x2
 776 008a 17       		.uleb128 0x17
 777 008b 00       		.byte	0
 778 008c 00       		.byte	0
 779 008d 0A       		.uleb128 0xa
 780 008e 34       		.uleb128 0x34
 781 008f 00       		.byte	0
 782 0090 03       		.uleb128 0x3
 783 0091 0E       		.uleb128 0xe
 784 0092 3A       		.uleb128 0x3a
 785 0093 0B       		.uleb128 0xb
 786 0094 3B       		.uleb128 0x3b
 787 0095 0B       		.uleb128 0xb
 788 0096 49       		.uleb128 0x49
 789 0097 13       		.uleb128 0x13
 790 0098 02       		.uleb128 0x2
 791 0099 18       		.uleb128 0x18
 792 009a 00       		.byte	0
 793 009b 00       		.byte	0
 794 009c 0B       		.uleb128 0xb
 795 009d 2E       		.uleb128 0x2e
 796 009e 00       		.byte	0
 797 009f 3F       		.uleb128 0x3f
 798 00a0 19       		.uleb128 0x19
 799 00a1 03       		.uleb128 0x3
 800 00a2 0E       		.uleb128 0xe
 801 00a3 3A       		.uleb128 0x3a
 802 00a4 0B       		.uleb128 0xb
 803 00a5 3B       		.uleb128 0x3b
 804 00a6 0B       		.uleb128 0xb
 805 00a7 27       		.uleb128 0x27
 806 00a8 19       		.uleb128 0x19
 807 00a9 49       		.uleb128 0x49
 808 00aa 13       		.uleb128 0x13
 809 00ab 11       		.uleb128 0x11
 810 00ac 01       		.uleb128 0x1
 811 00ad 12       		.uleb128 0x12
ARM GAS  e:\temp\ccaTqpML.s 			page 33


 812 00ae 06       		.uleb128 0x6
 813 00af 40       		.uleb128 0x40
 814 00b0 18       		.uleb128 0x18
 815 00b1 9742     		.uleb128 0x2117
 816 00b3 19       		.uleb128 0x19
 817 00b4 00       		.byte	0
 818 00b5 00       		.byte	0
 819 00b6 00       		.byte	0
 820              		.section	.debug_loc,"",%progbits
 821              	.Ldebug_loc0:
 822              	.LLST0:
 823 0000 00000000 		.4byte	.LVL0
 824 0004 0C000000 		.4byte	.LVL1
 825 0008 0100     		.2byte	0x1
 826 000a 50       		.byte	0x50
 827 000b 0C000000 		.4byte	.LVL1
 828 000f 1C000000 		.4byte	.LFE0
 829 0013 0400     		.2byte	0x4
 830 0015 F3       		.byte	0xf3
 831 0016 01       		.uleb128 0x1
 832 0017 50       		.byte	0x50
 833 0018 9F       		.byte	0x9f
 834 0019 00000000 		.4byte	0
 835 001d 00000000 		.4byte	0
 836              	.LLST1:
 837 0021 00000000 		.4byte	.LVL2
 838 0025 0E000000 		.4byte	.LVL4
 839 0029 0100     		.2byte	0x1
 840 002b 50       		.byte	0x50
 841 002c 0E000000 		.4byte	.LVL4
 842 0030 20000000 		.4byte	.LFE2
 843 0034 0400     		.2byte	0x4
 844 0036 F3       		.byte	0xf3
 845 0037 01       		.uleb128 0x1
 846 0038 50       		.byte	0x50
 847 0039 9F       		.byte	0x9f
 848 003a 00000000 		.4byte	0
 849 003e 00000000 		.4byte	0
 850              	.LLST2:
 851 0042 00000000 		.4byte	.LVL2
 852 0046 04000000 		.4byte	.LVL3
 853 004a 0100     		.2byte	0x1
 854 004c 51       		.byte	0x51
 855 004d 04000000 		.4byte	.LVL3
 856 0051 20000000 		.4byte	.LFE2
 857 0055 0400     		.2byte	0x4
 858 0057 F3       		.byte	0xf3
 859 0058 01       		.uleb128 0x1
 860 0059 51       		.byte	0x51
 861 005a 9F       		.byte	0x9f
 862 005b 00000000 		.4byte	0
 863 005f 00000000 		.4byte	0
 864              	.LLST3:
 865 0063 14000000 		.4byte	.LVL5
 866 0067 16000000 		.4byte	.LVL6
 867 006b 0500     		.2byte	0x5
 868 006d 75       		.byte	0x75
ARM GAS  e:\temp\ccaTqpML.s 			page 34


 869 006e 00       		.sleb128 0
 870 006f 37       		.byte	0x37
 871 0070 1A       		.byte	0x1a
 872 0071 9F       		.byte	0x9f
 873 0072 16000000 		.4byte	.LVL6
 874 0076 20000000 		.4byte	.LFE2
 875 007a 0100     		.2byte	0x1
 876 007c 53       		.byte	0x53
 877 007d 00000000 		.4byte	0
 878 0081 00000000 		.4byte	0
 879              		.section	.debug_aranges,"",%progbits
 880 0000 3C000000 		.4byte	0x3c
 881 0004 0200     		.2byte	0x2
 882 0006 00000000 		.4byte	.Ldebug_info0
 883 000a 04       		.byte	0x4
 884 000b 00       		.byte	0
 885 000c 0000     		.2byte	0
 886 000e 0000     		.2byte	0
 887 0010 00000000 		.4byte	.LFB0
 888 0014 1C000000 		.4byte	.LFE0-.LFB0
 889 0018 00000000 		.4byte	.LFB1
 890 001c 18000000 		.4byte	.LFE1-.LFB1
 891 0020 00000000 		.4byte	.LFB2
 892 0024 20000000 		.4byte	.LFE2-.LFB2
 893 0028 00000000 		.4byte	.LFB3
 894 002c 10000000 		.4byte	.LFE3-.LFB3
 895 0030 00000000 		.4byte	.LFB4
 896 0034 04000000 		.4byte	.LFE4-.LFB4
 897 0038 00000000 		.4byte	0
 898 003c 00000000 		.4byte	0
 899              		.section	.debug_ranges,"",%progbits
 900              	.Ldebug_ranges0:
 901 0000 00000000 		.4byte	.LFB0
 902 0004 1C000000 		.4byte	.LFE0
 903 0008 00000000 		.4byte	.LFB1
 904 000c 18000000 		.4byte	.LFE1
 905 0010 00000000 		.4byte	.LFB2
 906 0014 20000000 		.4byte	.LFE2
 907 0018 00000000 		.4byte	.LFB3
 908 001c 10000000 		.4byte	.LFE3
 909 0020 00000000 		.4byte	.LFB4
 910 0024 04000000 		.4byte	.LFE4
 911 0028 00000000 		.4byte	0
 912 002c 00000000 		.4byte	0
 913              		.section	.debug_line,"",%progbits
 914              	.Ldebug_line0:
 915 0000 DC000000 		.section	.debug_str,"MS",%progbits,1
 915      02005100 
 915      00000201 
 915      FB0E0D00 
 915      01010101 
 916              	.LASF15:
 917 0000 72656733 		.ascii	"reg32\000"
 917      3200
 918              	.LASF28:
 919 0006 50445353 		.ascii	"PDSS_PORT0_FILT1_CLK_Stop\000"
 919      5F504F52 
ARM GAS  e:\temp\ccaTqpML.s 			page 35


 919      54305F46 
 919      494C5431 
 919      5F434C4B 
 920              	.LASF21:
 921 0020 6D61736B 		.ascii	"maskVal\000"
 921      56616C00 
 922              	.LASF24:
 923 0028 50445353 		.ascii	"PDSS_PORT0_FILT1_CLK_GetFractionalDividerRegister\000"
 923      5F504F52 
 923      54305F46 
 923      494C5431 
 923      5F434C4B 
 924              	.LASF12:
 925 005a 666C6F61 		.ascii	"float\000"
 925      7400
 926              	.LASF1:
 927 0060 756E7369 		.ascii	"unsigned char\000"
 927      676E6564 
 927      20636861 
 927      7200
 928              	.LASF5:
 929 006e 6C6F6E67 		.ascii	"long unsigned int\000"
 929      20756E73 
 929      69676E65 
 929      6420696E 
 929      7400
 930              	.LASF3:
 931 0080 73686F72 		.ascii	"short unsigned int\000"
 931      7420756E 
 931      7369676E 
 931      65642069 
 931      6E7400
 932              	.LASF17:
 933 0093 50445353 		.ascii	"PDSS_PORT0_FILT1_CLK_SetFractionalDividerRegister\000"
 933      5F504F52 
 933      54305F46 
 933      494C5431 
 933      5F434C4B 
 934              	.LASF19:
 935 00c5 636C6B44 		.ascii	"clkDivider\000"
 935      69766964 
 935      657200
 936              	.LASF13:
 937 00d0 646F7562 		.ascii	"double\000"
 937      6C6500
 938              	.LASF22:
 939 00d7 72656756 		.ascii	"regVal\000"
 939      616C00
 940              	.LASF18:
 941 00de 616C6967 		.ascii	"alignClkDiv\000"
 941      6E436C6B 
 941      44697600 
 942              	.LASF20:
 943 00ea 636C6B46 		.ascii	"clkFractional\000"
 943      72616374 
 943      696F6E61 
 943      6C00
ARM GAS  e:\temp\ccaTqpML.s 			page 36


 944              	.LASF10:
 945 00f8 75696E74 		.ascii	"uint16\000"
 945      313600
 946              	.LASF11:
 947 00ff 75696E74 		.ascii	"uint32\000"
 947      333200
 948              	.LASF8:
 949 0106 756E7369 		.ascii	"unsigned int\000"
 949      676E6564 
 949      20696E74 
 949      00
 950              	.LASF7:
 951 0113 6C6F6E67 		.ascii	"long long unsigned int\000"
 951      206C6F6E 
 951      6720756E 
 951      7369676E 
 951      65642069 
 952              	.LASF25:
 953 012a 474E5520 		.ascii	"GNU C11 5.4.1 20160609 (release) [ARM/embedded-5-br"
 953      43313120 
 953      352E342E 
 953      31203230 
 953      31363036 
 954 015d 616E6368 		.ascii	"anch revision 237715] -mcpu=cortex-m0 -mthumb -g -O"
 954      20726576 
 954      6973696F 
 954      6E203233 
 954      37373135 
 955 0190 73202D66 		.ascii	"s -ffunction-sections -ffat-lto-objects -finline-fu"
 955      66756E63 
 955      74696F6E 
 955      2D736563 
 955      74696F6E 
 956 01c3 6E637469 		.ascii	"nctions -flto -fno-strict-aliasing\000"
 956      6F6E7320 
 956      2D666C74 
 956      6F202D66 
 956      6E6F2D73 
 957              	.LASF16:
 958 01e6 50445353 		.ascii	"PDSS_PORT0_FILT1_CLK_StartEx\000"
 958      5F504F52 
 958      54305F46 
 958      494C5431 
 958      5F434C4B 
 959              	.LASF6:
 960 0203 6C6F6E67 		.ascii	"long long int\000"
 960      206C6F6E 
 960      6720696E 
 960      7400
 961              	.LASF14:
 962 0211 63686172 		.ascii	"char\000"
 962      00
 963              	.LASF26:
 964 0216 47656E65 		.ascii	"Generated_Source\\PSoC4\\PDSS_PORT0_FILT1_CLK.c\000"
 964      72617465 
 964      645F536F 
 964      75726365 
ARM GAS  e:\temp\ccaTqpML.s 			page 37


 964      5C50536F 
 965              	.LASF2:
 966 0244 73686F72 		.ascii	"short int\000"
 966      7420696E 
 966      7400
 967              	.LASF9:
 968 024e 75696E74 		.ascii	"uint8\000"
 968      3800
 969              	.LASF4:
 970 0254 6C6F6E67 		.ascii	"long int\000"
 970      20696E74 
 970      00
 971              	.LASF0:
 972 025d 7369676E 		.ascii	"signed char\000"
 972      65642063 
 972      68617200 
 973              	.LASF27:
 974 0269 433A5C55 		.ascii	"C:\\Users\\Admin\\Desktop\\_FIRMWARE\\DBARLite\\CYP"
 974      73657273 
 974      5C41646D 
 974      696E5C44 
 974      65736B74 
 975 0296 44353232 		.ascii	"D5225\\CYPD5225-96BZXI_notebook\\CYPD5225-96BZXI_no"
 975      355C4359 
 975      50443532 
 975      32352D39 
 975      36425A58 
 976 02c7 7465626F 		.ascii	"tebook.cydsn\000"
 976      6F6B2E63 
 976      7964736E 
 976      00
 977              	.LASF23:
 978 02d4 50445353 		.ascii	"PDSS_PORT0_FILT1_CLK_GetDividerRegister\000"
 978      5F504F52 
 978      54305F46 
 978      494C5431 
 978      5F434C4B 
 979              		.comm	__gnu_lto_v1,1,1
 980              		.ident	"GCC: (GNU Tools for ARM Embedded Processors) 5.4.1 20160609 (release) [ARM/embedded-5-bran
