ARM GAS  e:\temp\ccM0MeGF.s 			page 1


   1              		.syntax unified
   2              		.cpu cortex-m0
   3              		.fpu softvfp
   4              		.eabi_attribute 20, 1
   5              		.eabi_attribute 21, 1
   6              		.eabi_attribute 23, 3
   7              		.eabi_attribute 24, 1
   8              		.eabi_attribute 25, 1
   9              		.eabi_attribute 26, 1
  10              		.eabi_attribute 30, 4
  11              		.eabi_attribute 34, 0
  12              		.eabi_attribute 18, 4
  13              		.thumb
  14              		.syntax unified
  15              		.file	"PDSS_PORTX_REFGEN_CLK.c"
  16              		.text
  17              	.Ltext0:
  18              		.section	.gnu.lto_.profile.62410c5d,"",%progbits
  19 0000 789C6361 		.ascii	"x\234ca`d`a`\000\222r\222\000\000\277\000B"
  19      60646061 
  19      60009272 
  19      920000BF 
  19      0042
  20              		.text
  21              		.section	.gnu.lto_.icf.62410c5d,"",%progbits
  22 0000 789C6361 		.ascii	"x\234ca`d\000\001\005\006\004`e\230vb\307Y\026\306\345"
  22      60640001 
  22      05060460 
  22      65987662 
  22      C75916C6 
  23 0015 FF6E5FE5 		.ascii	"\377n_\345d\332\361\251\3619\027\363\233\336Y\177\330"
  23      64DAF1A9 
  23      F13917F3 
  23      9BDE597F 
  23      D8
  24 0026 596637CD 		.ascii	"Yf7\315\233\302\303\000\000\003\231\017\007"
  24      9BC2C300 
  24      0003990F 
  24      07
  25              		.text
  26              		.section	.gnu.lto_.jmpfuncs.62410c5d,"",%progbits
  27 0000 789C6361 		.ascii	"x\234ca`d\000\001q\006\004`e`dd\254\007\21231122\327"
  27      60640001 
  27      71060460 
  27      65606464 
  27      AC078A33 
  28 0019 D7333330 		.ascii	"\327330\260\000\205\001\026\322\001\263"
  28      B0008501 
  28      16D201B3 
  29              		.text
  30              		.section	.gnu.lto_.inline.62410c5d,"",%progbits
  31 0000 789C458B 		.ascii	"x\234E\213\261\015\2000\014\004\337\316\007B(`\003("
  31      B10D8030 
  31      0C04DFCE 
  31      07422860 
  31      0328
  32 0012 10E33013 		.ascii	"\020\3430\023#PRf\016\246`$l!\310\027\226\375\347#\004"
ARM GAS  e:\temp\ccM0MeGF.s 			page 2


  32      23505266 
  32      0EA66024 
  32      6C21C817 
  32      96FDE723 
  33 0027 9E1D3511 		.ascii	"\236\0355\021\350V\021\314\206B\272N\242)\223\202e\242"
  33      E85611CC 
  33      8642BA4E 
  33      A2299382 
  33      65A2
  34 0039 6341BB08 		.ascii	"cA\273\010\264\002\213\242\317\242\030\315\220d\203"
  34      B4028BA2 
  34      CFA218CD 
  34      906483
  35 0048 F9D85EA8 		.ascii	"\371\330^\250\367@W\223\277\005D\232j\347o\022A\255"
  35      F7405793 
  35      BF05449A 
  35      6AE76F12 
  35      41AD
  36 005a B2ED6BF0 		.ascii	"\262\355k\360\000t\\\014$"
  36      00745C0C 
  36      24
  37              		.text
  38              		.section	.gnu.lto_.pureconst.62410c5d,"",%progbits
  39 0000 789C6361 		.ascii	"x\234ca`d\340f```e\220b\224b\222b\226ba\000\000\003"
  39      6064E066 
  39      60606065 
  39      90629462 
  39      92629662 
  40 0018 E40088   		.ascii	"\344\000\210"
  41              		.text
  42              		.section	.gnu.lto_PDSS_PORTX_REFGEN_CLK_StartEx.62410c5d,"",%progbits
  43 0000 789C5551 		.ascii	"x\234UQ=h\024Q\020\236\357\375\354\255\346\247\026I"
  43      3D681451 
  43      109EEFFD 
  43      ECADE6A7 
  43      1649
  44 0012 912EA451 		.ascii	"\221.\244Q\020[\013\271\374\024\021=\356,,\002G\210"
  44      105B0BB9 
  44      FC14113D 
  44      EE2C2C02 
  44      4788
  45 0024 8B444302 		.ascii	"\213DC\002Am}w\273\233#\301B\020S\034\312\241 I\324"
  45      416D7D77 
  45      BB9B23C1 
  45      4210531C 
  45      CAA12049 
  46 0039 78392D44 		.ascii	"x9-Dl\316\023\021DO\322\230B\013\177p\013\261\270\323"
  46      6CCE1311 
  46      444FD298 
  46      420B7F70 
  46      0BB1B8D3 
  47 004d 28A2E839 		.ascii	"(\242\3509o7\205\031x3o\206of\276\357=E k\275\202\350"
  47      6F378519 
  47      78336F86 
  47      6F66BEEF 
  47      3D45206B 
  48 0064 10C7113E 		.ascii	"\020\307\021>p\010\342R\223\250\340\012\310\344\"\205"
ARM GAS  e:\temp\ccM0MeGF.s 			page 3


  48      7008E252 
  48      93A8E00A 
  48      C8E42285 
  49 0074 BEF88CC8 		.ascii	"\276\370\214\310\354VA\212L\267N\352\207\025`\243qA"
  49      EC56418A 
  49      4CB74EEA 
  49      871560A3 
  49      7141
  50 0086 1784D40A 		.ascii	"\027\204\324\012\354)\261\357\342\217@\243\024=\024"
  50      EC29B1EF 
  50      E28F40A3 
  50      143D14
  51 0095 83CB86ED 		.ascii	"\203\313\206\355\335\247\313\322\254\324\0212\240#\022"
  51      DDA7CBD2 
  51      ACD41132 
  51      A02312
  52 00a4 0C9631C8 		.ascii	"\014\2261\310\250\215`\375\252\334\022\241\004\024\247"
  52      A88D60FD 
  52      AADC12A1 
  52      0414A7
  53 00b3 ED97E58F 		.ascii	"\355\227\345\217\2756\025\350\347t\341\311\217\307J"
  53      BD3615E8 
  53      E774E1C9 
  53      8FC74A
  54 00c2 1E00F1BD 		.ascii	"\036\000\361\275\366\255\022\365\014\3344\246h\314\003"
  54      F6AD12F5 
  54      0CDC34A6 
  54      68CC03
  55 00d1 CFEC0AA5 		.ascii	"\317\354\012\245\304-H\236\207U\364a\005}\304%\302m"
  55      C42D489E 
  55      8755F461 
  55      057DC425 
  55      C26D
  56 00e3 0C58F887 		.ascii	"\014X\370\207\332\337+=N`\327\367'Kq\007\216U\\\315"
  56      DADF2B3D 
  56      4E60D7F7 
  56      274B7107 
  56      8E555CCD 
  57 00f7 D64DA7E3 		.ascii	"\326M\247\343\233zM\257IWp\227\222\354X\201\355\325"
  57      9B7A4DAF 
  57      49577097 
  57      92EC5881 
  57      EDD5
  58 0109 3677AC23 		.ascii	"6w\254#jq\033kn\011\301A\266Y\037+\226\021\032\277\026"
  58      6A711B6B 
  58      6E09C141 
  58      B6591F2B 
  58      96111ABF 
  59 011e 5F3F9576 		.ascii	"_?\225v\236/\255\324\245\260\361*eY;1\323\033\327\177"
  59      9E2FADD4 
  59      A5B0F12A 
  59      65593B31 
  59      D31BD77F 
  60 0132 6FEA2435 		.ascii	"o\352$5&0VW)\334X\355\256\340Z!\340GH\341.\023^c\302"
  60      26305657 
  60      29DC58ED 
  60      AEE05A21 
ARM GAS  e:\temp\ccM0MeGF.s 			page 4


  60      E04748E1 
  61 014b 842A2AA0 		.ascii	"\204**\240\010\305\257\245\267{\223\201\222g\322{\004"
  61      08C5AFA5 
  61      B77B9381 
  61      9267D27B 
  61      04
  62 015c 4DFFF476 		.ascii	"M\377\364v\341\377\015\032\204u\333I\226\236&\376\031"
  62      E1FF0D1A 
  62      8475DB49 
  62      969E26FE 
  62      19
  63 016d B485B2FC 		.ascii	"\264\205\262\374\"\370\255\371f\244\223.\355K\273\270"
  63      22F8ADF9 
  63      66A4932E 
  63      ED4BBBB8 
  64 017d FC68EB79 		.ascii	"\374h\353y\314\305\205\213\03272\352\347\374\213=\011"
  64      CCC5858B 
  64      1A3732EA 
  64      E7FC8B3D 
  64      09
  65 018e C8E218F4 		.ascii	"\310\342\030\364\245\\y\023\177\202\202\317\357\345"
  65      A55C7913 
  65      7F8282CF 
  65      EFE5
  66 019c E25E0C6C 		.ascii	"\342^\014l,\265\253c\026\270C@\301\230\256\235\032\356"
  66      2CB5AB63 
  66      16B84340 
  66      C198AE9D 
  66      1AEE
  67 01ae B3069E45 		.ascii	"\263\006\236E\237Q\254o\306\353\267\351\201i\361\023"
  67      9F51AC6F 
  67      C6EBB7E9 
  67      8169F113 
  68 01be EE1FF566 		.ascii	"\356\037\365f\274\271\211\263\336\311|n\366\334\334"
  68      BCB989B3 
  68      DEC97C6E 
  68      F6DCDC
  69 01cd A4379EC9 		.ascii	"\2447\236\311\315\246\017\216g\206r\271|\346X\366\370"
  69      CDA60F8E 
  69      678672B9 
  69      7CE658F6 
  69      F8
  70 01de 897C7678 		.ascii	"\211|vxdt\370h>}dl\337$uMLO\235\232IO\237\031\232:\377"
  70      6474F868 
  70      3E7D646C 
  70      DF24754D 
  70      4C4F9D9A 
  71 01f9 0FACE2C5 		.ascii	"\017\254\342\305\016"
  71      0E
  72              		.text
  73              		.section	.gnu.lto_PDSS_PORTX_REFGEN_CLK_Stop.62410c5d,"",%progbits
  74 0000 789C5590 		.ascii	"x\234U\220\277/CQ\024\307\317\367\336\367\332\242\376"
  74      BF2F4351 
  74      14C7CFF7 
  74      DEF7DAA2 
  74      FE
  75 0011 01E960ED 		.ascii	"\001\351`\355\342Gb\260JU\007B\323\032\014M\032\241"
ARM GAS  e:\temp\ccM0MeGF.s 			page 5


  75      E24762B0 
  75      4A550742 
  75      D31A0C4D 
  75      1AA1
  76 0023 8B8426C2 		.ascii	"\213\204&\302\354\266}/M\304\300\300D\032\226\266~\246"
  76      ECB67D2F 
  76      4DC4C0C0 
  76      441A96B6 
  76      7EA6
  77 0035 A3AD3AB0 		.ascii	"\243\255:\260\021\213.$Ht\020\211\222Z\010u\256g\340"
  77      118B2E24 
  77      48741089 
  77      925A0875 
  77      AE67E0
  78 0048 24F79E7B 		.ascii	"$\367\236{\317\375\336\363\375\344\030\004\3221\313"
  78      CFFDDEF3 
  78      FDE41804 
  78      D231CB
  79 0057 A997F310 		.ascii	"\251\227\363\020/\270\010b\365\234(\345\021\220\316"
  79      2FB80862 
  79      F59C28E5 
  79      1190CE
  80 0066 410A73E5 		.ascii	"A\012s\345\214H\265\032\226\233\224\327t\352\003\006"
  80      8C48B51A 
  80      969B94D7 
  80      74EA0306 
  81 0076 A0B3F280 		.ascii	"\240\263\362\200\226\2044\015\360NN\274\211O\201J\266"
  81      9684340D 
  81      F04E4EBC 
  81      894F814A 
  81      B6
  82 0087 762CFC79 		.ascii	"v,\374y\305q\373\360\334\243\012e\330,h\012G\203<\374"
  82      C571FBF0 
  82      DCA30A65 
  82      D82C680A 
  82      47833CFC 
  83 009b C4B2FBD2 		.ascii	"\304\262\373\322\327z\273\313\322\262N\347\021\005\270"
  83      D77ABBCB 
  83      D2B24EE7 
  83      1105B8
  84 00aa 34D951A4 		.ascii	"4\331Q\244\254\232\315\214*\257\271O\256\334\246 [B"
  84      AC9ACD8C 
  84      2AAFB94F 
  84      AEDCA620 
  84      5B42
  85 00bc F2C69A3A 		.ascii	"\362\306\232:/\206\251\013\301I\276\2601\243\310\032"
  85      2F86A90B 
  85      C149BEB0 
  85      31A3C81A 
  86 00cc 2AEFCBB5 		.ascii	"*\357\313\265\315~\335 #5\303\206]\271p7\204-%\264\327"
  86      CD7EDD20 
  86      2335C386 
  86      5DB97037 
  86      842D25B4 
  87 00e1 CEF647D5 		.ascii	"\316\366G\325t\256JY\312\340R\326\276,zs\330JYLg`\027"
  87      74AE4A59 
  87      CAE052D6 
ARM GAS  e:\temp\ccM0MeGF.s 			page 6


  87      BE2C7A73 
  87      D84A594C 
  88 00f8 3E14E163 		.ascii	">\024\341c\210=\344@5\244_\263\327\035NC\311=\351\016"
  88      883DE440 
  88      35A45FB3 
  88      D71D4E43 
  88      C93DE90E 
  89 010c D67966E6 		.ascii	"\326yf\346\267\360\327A\200\260\257\177\222\3063\211"
  89      B7F0D741 
  89      80B0AF7F 
  89      92C63389 
  90 011c 47861761 		.ascii	"G\206\027ah>\346j\324\237J-\372\327?\313\224Rm\377]"
  90      683EE66A 
  90      D49F4A2D 
  90      FAD73FCB 
  90      94526DFF 
  91 0131 0FD89525 		.ascii	"\017\330\225%7\247\205\306\017(\220\341\301\0308\344"
  91      37A785C6 
  91      0F2890E1 
  91      C11838E4 
  92 0141 D747A4CB 		.ascii	"\327G\244\313\325\220n\362k\002n\316\203\350\016%\346"
  92      D5906EF2 
  92      6B026ECE 
  92      83E80E25 
  92      E6
  93 0152 12F3930B 		.ascii	"\022\363\223\013\211\351x4\2718?\225\210\205\243\311"
  93      89E97834 
  93      B9383F95 
  93      8885A3C9 
  94 0162 405F2C3C 		.ascii	"@_,<\030\215\306\303c\221\361\211x$8\024\012\216\306"
  94      188DC6C3 
  94      6391F189 
  94      78243814 
  94      0A8EC6
  95 0175 0323C35D 		.ascii	"\003#\303]S\364\015-`\221\037"
  95      53F40D2D 
  95      60911F
  96              		.text
  97              		.section	.gnu.lto_PDSS_PORTX_REFGEN_CLK_SetFractionalDividerRegister.62410c5d,"",%progbits
  98 0000 789C6D52 		.ascii	"x\234mR]H\223a\024~\317\367n\337\276\375\370s[y\341"
  98      5D489361 
  98      147ECFF7 
  98      6EDFBEFD 
  98      F8735B79 
  99 0015 8D883765 		.ascii	"\215\2107e?\027\335\324\215\177\220Qc\013)\020\306\230"
  99      3F17DDD4 
  99      8D7F9051 
  99      630B2910 
  99      C698
 100 0027 23445358 		.ascii	"#DSX\346\255\357\334\2171\212,HJ\222]\210\251\323tS"
 100      E6ADEFDC 
 100      8F318A2C 
 100      484A925D 
 100      88A9D374 
 101 003c FB3185D6 		.ascii	"\3731\205\326\302.\244\014C\213n$L\014\"j\212e\310l"
 101      C22EA40C 
 101      438B6E24 
ARM GAS  e:\temp\ccM0MeGF.s 			page 7


 101      4C0C226A 
 101      8A65C86C 
 102 0050 9DF3BD5A 		.ascii	"\235\363\275Z\010\275\260\367\347\354y\236s\316s>\003"
 102      08BDB0F7 
 102      E7EC799E 
 102      73CE733E 
 102      03
 103 0061 0346AB95 		.ascii	"\003F\253\2253v\001\317\003\370\003\316@\351\234c\314"
 103      337601CF 
 103      03F803CE 
 103      40E99C63 
 103      CC
 104 0072 AF290074 		.ascii	"\257)\000t\021\032\2606\005\332\340\207\262\255@\252"
 104      111AB036 
 104      05DAE087 
 104      B2AD40AA 
 105 0082 63755229 		.ascii	"cuR)\351\027\270>\316\364\036\026\003I\010!=\253\350"
 105      E917B83E 
 105      CEF41E16 
 105      03490821 
 105      3DABE8
 106 0095 4A0CFAA1 		.ascii	"J\014\372\241\004Q3\331\315d\336\206\022\342\000Dz\233"
 106      045133D9 
 106      CD64DE86 
 106      12E20044 
 106      7A9B
 107 00a7 7ED563A5 		.ascii	"~\325c\245\247\002\371\370\014\257\277_\261\361#\300"
 107      A702F9F8 
 107      0CAFBF5F 
 107      B1F123C0 
 108 00b7 F03E147F 		.ascii	"\360>\024\177\026\311+\356\023\242]\210\233a\233\260"
 108      16C92BEE 
 108      13A25D88 
 108      9B619BB0 
 109 00c7 87388718 		.ascii	"\2078\207\030p\024\204A(\200\001(`\030b0\004\305\010"
 109      70148441 
 109      28800128 
 109      60186230 
 109      04C508
 110 00da EF48DCBF 		.ascii	"\357H\334\277\225\313O\350\324\276\253[\303\260C]|i"
 110      95CB4FE8 
 110      D4BEAB5B 
 110      C3B0435D 
 110      7C69
 111 00ec 15A5216E 		.ascii	"\025\245!n\200aI=Z\000\245D40x\000\305\204\236\017\306"
 111      8061493D 
 111      5A00A544 
 111      34307800 
 111      C5849E0F 
 112 0101 EF715992 		.ascii	"\357qY\222\001\237k\257\273?\345\312\222\012\361\371"
 112      019F6BAF 
 112      BB3FE5CA 
 112      920AF1F9 
 113 0111 EDF3D28D 		.ascii	"\355\363\322\215\034^\255\353~\277#\362\213zI69\036"
 113      1C5EADEB 
 113      7EBF23F2 
 113      8B7A4936 
ARM GAS  e:\temp\ccM0MeGF.s 			page 8


 113      391E
 114 0123 C9BD2B92 		.ascii	"\311\275+\222\301\302\0207B\\*\217bQ#X\024-\004\217"
 114      C1C21037 
 114      425C2A8F 
 114      62512358 
 114      142D048F 
 115 0137 4EC71715 		.ascii	"N\307\027\025\356\320\211#\327\023#\352\0163>k\023\235"
 115      EED08923 
 115      D71323EA 
 115      0E333E6B 
 115      139D
 116 0149 7E8D8863 		.ascii	"~\215\210c\377%.'~\337\316Q\203dd!\214C\021$\240H\332"
 116      FF252E27 
 116      7EDFCE51 
 116      83646421 
 116      8C431124 
 117 0160 0813A0E2 		.ascii	"\010\023\240\342`\224\335\350\250#)\262\331\200HF-\317"
 117      6094DDE8 
 117      A82329B2 
 117      D9804846 
 117      2DCF
 118 0172 33965C05 		.ascii	"3\226\\\005\333R\321\020\374\327\000d\213\221\002*m"
 118      DB52D110 
 118      FCD70064 
 118      8B91022A 
 118      6D
 119 0183 26DA34A0 		.ascii	"&\3324\240\226\315t\265\320f\245\315\306t}\226\306\004"
 119      96CD74B5 
 119      D066A5CD 
 119      C6747D96 
 119      C604
 120 0195 34D43545 		.ascii	"4\3245E\241\223\257Bj+\362s\360$\345\014p\232UW(\365"
 120      A193AF42 
 120      6A2BF273 
 120      F024E50C 
 120      709A5557 
 121 01ab C644C698 		.ascii	"\306D\306\230\364\236\006^\304\346A>\257\005\203\202"
 121      F49E065E 
 121      C4E6413E 
 121      AF058382 
 122 01bb AC8B2E4C 		.ascii	"\254\213.L|0D\241\307\037\304\321k\360\010\373zH}\301"
 122      7C3044A1 
 122      C71FC4D1 
 122      6BF008FB 
 122      7A487DC1 
 123 01cf 6388025B 		.ascii	"c\210\002[\205@&\374\025\244 \227\232\033\221\320\246"
 123      854026FC 
 123      15A42097 
 123      9A1B91D0 
 123      A6
 124 01e0 EEBD0A26 		.ascii	"\356\275\012&x\202\330eP\364.\261\007\004!\247}\275"
 124      7882D865 
 124      50F42EB1 
 124      070421A7 
 124      7DBD
 125 01f2 E35DAC46 		.ascii	"\343]\254F\222\214\001\034\033\312\244\303\231}2BA\224"
 125      928C011C 
ARM GAS  e:\temp\ccM0MeGF.s 			page 9


 125      1BCAA4C3 
 125      997D3242 
 125      4194
 126 0204 E99EDA98 		.ascii	"\351\236\332\2305\222\214\0314\230D\031\004\375\012"
 126      35928C19 
 126      34984419 
 126      04FD0A
 127 0213 CFC56A25 		.ascii	"\317\305j%\312\244\347S\245\332\322\256\2329\3005\251"
 127      CAA4E753 
 127      A5DAD2AE 
 127      9A39C035 
 127      A9
 128 0224 B6B05394 		.ascii	"\266\260S\224\005\203\364%\257\307\373mR\215\303S\251"
 128      0583F425 
 128      AFC7FB6D 
 128      528DC353 
 128      A9
 129 0235 96092FEC 		.ascii	"\226\011/\354\227 +\342h\274\241\225AMV\236\005\230"
 129      97202BE2 
 129      68BCA195 
 129      414D569E 
 129      0598
 130 0247 FA97F3B8 		.ascii	"\372\227\363\270\204\331\364\264\326\277\015%\250!\033"
 130      84D9F4B4 
 130      D6BF0D25 
 130      A8211B
 131 0256 82525D6B 		.ascii	"\202R]kKcf\212\355q\314/\204u\257i\323h\032Q\276@{r"
 131      4B63668A 
 131      ED71CC2F 
 131      8475AF69 
 131      D3681A51 
 132 026e FB1411F4 		.ascii	"\373\024\021\364/$\255\000\015\010\307u\250\312\333"
 132      2F24AD00 
 132      0D08C775 
 132      A8CADB
 133 027d E4F5B95B 		.ascii	"\344\365\271[\274u.g\363\025\237\307[kw6\227\035\253"
 133      BC752E67 
 133      F3159FC7 
 133      5B6B7736 
 133      971DAB
 134 0290 B5973B9D 		.ascii	"\265\227;\235.\373Y\307\271\363.GEeU\305\031W\331\351"
 134      2EFB59C7 
 134      B9F32E47 
 134      456555C5 
 134      1957D9E9 
 135 02a4 EA831E66 		.ascii	"\352\203\036f\36146\224\327\267\326\327y}9x\255\364"
 135      F1343694 
 135      D7B7D6D7 
 135      797D3978 
 135      ADF4
 136 02b6 B93D2DF5 		.ascii	"\271=-\365\315M\356F\325\347\275X\343n4]r_n\300\363"
 136      CD4DEE46 
 136      D5E7BD58 
 136      E36E345D 
 136      725F6EC0 
 137 02cb 0F612C3B 		.ascii	"\017a,;\030"
 137      18
ARM GAS  e:\temp\ccM0MeGF.s 			page 10


 138              		.text
 139              		.section	.gnu.lto_PDSS_PORTX_REFGEN_CLK_GetDividerRegister.62410c5d,"",%progbits
 140 0000 789C2D90 		.ascii	"x\234-\220\277KBQ\024\307\317\367\336\247=\220\250\275"
 140      BF4B4251 
 140      14C7CFF7 
 140      DEA73D90 
 140      A8BD
 141 0012 86C65C8A 		.ascii	"\206\306\\\212\240\376\2000u(J|\015\015\302#\354\255"
 141      A0FE8030 
 141      75284A7C 
 141      0D0DC223 
 141      ECAD
 142 0024 0952B34F 		.ascii	"\011R\263O\237\217 \032Zj\010\304%\320\254\224\240\251"
 142      9F8F201A 
 142      5A6A08C4 
 142      25D0AC94 
 142      A0A9
 143 0036 16335A22 		.ascii	"\0263Z\"\212~\020\265E\204C\223\211\021\004\365\272"
 143      8A7E10B5 
 143      45844393 
 143      891104F5 
 143      BA
 144 0047 07BB70EE 		.ascii	"\007\273p\356\271\337{\277\347\234\017W#\020\257\011"
 144      B9DF7BBF 
 144      E79C0F57 
 144      2310AF09 
 145 0057 95C6541E 		.ascii	"\225\306T\036P\001I\020\233\327DY]\000|\260uPF \203"
 145      50014910 
 145      9BD74459 
 145      5D007CB0 
 145      75504620 
 146 006c 4FF12370 		.ascii	"O\361#p\341}\325\373:\302e\233\222w\255\253B\200%\320"
 146      E17DD5FB 
 146      3AC2659B 
 146      9277ADAB 
 146      428025D0 
 147 0080 AF6465B7 		.ascii	"\257de\267\326\326\203%\333\316\331/\356\311d\326q\207"
 147      D6D68325 
 147      DBCED92F 
 147      EEC964D6 
 147      7187
 148 0092 5D29C813 		.ascii	"])\310\023\2042\006Q\302 \217\330C\220\224\371\365\350"
 148      84320651 
 148      C2208FD8 
 148      439094F9 
 148      F5E8
 149 00a4 77ABD79F 		.ascii	"w\253\327\237\267\325\032b\213z\251\300\317H\265x\335"
 149      B7D51A62 
 149      8B7AA9C0 
 149      CF48B578 
 149      DD
 150 00b5 F63CC7AE 		.ascii	"\366<\307\256\337\007\316\236\002>\220+\245\344M#nG"
 150      DF07CE9E 
 150      023E902B 
 150      A5E44D23 
 150      6E47
 151 00c7 2D158CF6 		.ascii	"-\025\214\366!\004g\331D\343{\375\261\232\340zGJ\325"
ARM GAS  e:\temp\ccM0MeGF.s 			page 11


 151      210467D9 
 151      44E37BFD 
 151      B19AE07A 
 151      474AD5
 152 00da 7BDB6DDC 		.ascii	"{\333m\334\3640\227\006\036U>\257\334\242+7\362y[SW"
 152      F4309706 
 152      1E553EAF 
 152      DCA22B37 
 152      F2795B53 
 153 00ef C587E367 		.ascii	"\305\207\343g\255\210B6\017W\372p\240\360\366\031\017"
 153      AD884236 
 153      0F57FA70 
 153      A0F0F619 
 153      0F
 154 0100 8728829A 		.ascii	"\207(\202\232p\332\021r$\272\355vN;\227>\256\367CGU"
 154      70DA1172 
 154      24BAED76 
 154      4E3B973E 
 154      AEF74347 
 155 0115 D99AC8B5 		.ascii	"\331\232\310\265\327\336\320\035\250)\037\275C\374+"
 155      D7DED01D 
 155      A8291FBD 
 155      43FC2B
 156 0124 FED29600 		.ascii	"\376\322\226\000\223)\316\321\250\265l\245\027W\254"
 156      9329CED1 
 156      A8B56CA5 
 156      1757AC
 157 0133 25D348AD 		.ascii	"%\323H\255\246\223V\"f\244B\343\211\330\224a\230\261"
 157      A6935622 
 157      66A442E3 
 157      89D89461 
 157      98B1
 158 0145 B9F8FC82 		.ascii	"\271\370\374\202\031\017G\242\341Y343=\222\244?t\326"
 158      190F47A2 
 158      E1593334 
 158      333D92A4 
 158      3F74D6
 159 0158 791B     		.ascii	"y\033"
 160              		.text
 161              		.section	.gnu.lto_PDSS_PORTX_REFGEN_CLK_GetFractionalDividerRegister.62410c5d,"",%progbits
 162 0000 789C6361 		.ascii	"x\234ca`d\000\201i@l\010\304\322@\314\310\314\300\310"
 162      60640081 
 162      69406C08 
 162      C4D240CC 
 162      C8CCC0C8 
 163 0014 34E11C03 		.ascii	"4\341\034\003C#\007\023##\210\321\300\301\310P\317\304"
 163      43230713 
 163      232388D1 
 163      C0C1C850 
 163      CFC4
 164 0026 58CFF895 		.ascii	"X\317\370\225\351/\023\343\351\357'z\2704\2277445<8"
 164      E92F13E3 
 164      E9EF277A 
 164      B8349737 
 164      3434353C 
 165 003b FAD872FA 		.ascii	"\372\330r\372\212\003\214\255\314\014\014\377\231\030"
 165      8A038CAD 
ARM GAS  e:\temp\ccM0MeGF.s 			page 12


 165      CC0C0CFF 
 165      9918
 166 0049 188D6518 		.ascii	"\030\215e\030\015d@F,g\324d\000*}\264\361\337T^\266"
 166      0D644046 
 166      2C67D464 
 166      002A7DB4 
 166      F1DF545E 
 167 005e 96062050 		.ascii	"\226\006 P\000)\000\312\254`d\003Y\271>\350@\303\377"
 167      002900CA 
 167      AC606403 
 167      59B93EE8 
 167      40C3FF
 168 0071 FFCD0D07 		.ascii	"\377\315\015\007\346\363\035\334\307\007\224\371\000"
 168      E6F31DDC 
 168      C70794F9 
 168      00
 169 007e C420BB3E 		.ascii	"\304 \273>21\201h\346W\214M\007v\367\361\201\324\003"
 169      32318168 
 169      E6578C4D 
 169      0776F7F1 
 169      81D403
 170 0091 0D9AD67A 		.ascii	"\015\232\326z\350<\373\027&\240=\214\014\214+\031Av"
 170      E83CFB17 
 170      26A03D8C 
 170      0C8C2B19 
 170      4176
 171 00a3 00753082 		.ascii	"\000u0\202T\002\365\351\273\247\346\245\026%\226\244"
 171      5402F5E9 
 171      BBA7E6A5 
 171      162596A4 
 172 00b3 A6C407E7 		.ascii	"\246\304\007\347\227\026%\247\306\004\004\347;\233\304"
 172      971625A7 
 172      C60404E7 
 172      3B9BC4
 173 00c2 04B80407 		.ascii	"\004\270\004\007\307\007\370\007\205D\304\007\271\272"
 173      C707F807 
 173      8544C407 
 173      B9BA
 174 00d0 B9BBFAC5 		.ascii	"\271\273\372\305;\373x\353%3\000\000\354\227G="
 174      3BFB78EB 
 174      25330000 
 174      EC97473D 
 175              		.text
 176              		.section	.gnu.lto_.symbol_nodes.62410c5d,"",%progbits
 177 0000 789C6361 		.ascii	"x\234ca`d\010g\000\002&\206z\006\206\011\347\030@\324"
 177      60640867 
 177      00022686 
 177      7A068609 
 177      E71840D4 
 178 0014 AE0645A0 		.ascii	"\256\006E\240\000c=#\252\000S=\023\252\000s=3\252\000"
 178      00633D23 
 178      AA00533D 
 178      13AA0073 
 178      3D33AA00 
 179 0028 4B3D0B8A 		.ascii	"K=\013\212\000\003\000U/\023\016"
 179      00030055 
 179      2F130E
ARM GAS  e:\temp\ccM0MeGF.s 			page 13


 180              		.text
 181              		.section	.gnu.lto_.refs.62410c5d,"",%progbits
 182 0000 789C6361 		.ascii	"x\234ca`\004B \000\000\0009\000\007"
 182      60044220 
 182      00000039 
 182      0007
 183              		.text
 184              		.section	.gnu.lto_.decls.62410c5d,"",%progbits
 185 0000 789C8D54 		.ascii	"x\234\215ToLSW\024\277\347\275R\344Q\304\020\263\020"
 185      6F4C5357 
 185      14BFE7BD 
 185      52E451C4 
 185      10B310
 186 0013 D365CC0F 		.ascii	"\323e\314\017\320}\301\001\313\262Of\011\177j\262E\011"
 186      D07DC101 
 186      CBB24F66 
 186      097F6AB2 
 186      4509
 187 0025 9D641F4C 		.ascii	"\235d\037L\032\304\027mb\300\324\272\314O\273\261hp"
 187      1AC4176D 
 187      62C0D4BA 
 187      CC4FBBB1 
 187      6870
 188 0037 EC037C98 		.ascii	"\354\003|\230\256\204f\242\321\025AA\345_u\353*\014"
 188      AE8466A2 
 188      D1154141 
 188      E55F75EB 
 188      2A0C
 189 0049 8A0858C0 		.ascii	"\212\010X\300.s\016\301\241f\013:\273i6\305`w\356}\257"
 189      2E730EC1 
 189      A1660B3A 
 189      BB6936C5 
 189      6077EE7D 
 190 005e 7D2DB6CB 		.ascii	"}-\266\313nz\336\273\367\274s\316\357w\376\364\352\010"
 190      6E7ADEBB 
 190      F7BC73CE 
 190      EF77FEF4 
 190      EA08
 191 0070 10B66C7A 		.ascii	"\020\266lzB6\343v/J\004\027\036I5\321V\032J\037\312"
 191      4236E376 
 191      2F4A0417 
 191      1E4935D1 
 191      561A4A1F 
 192 0085 204A0065 		.ascii	" J\000e\034e\222\274\272\230M\206\352\233\203\262\036"
 192      1C6592BC 
 192      BA984D86 
 192      EA9B83B2 
 192      1E
 193 0096 A51BA500 		.ascii	"\245\033\245\000%\210\022B\271\211\262M\265\007\325"
 193      25881242 
 193      B989B24D 
 193      B507D5
 194 00a5 67F51A54 		.ascii	"g\365\032T1\253\223\370F\375\006\223\3701n\322*\374"
 194      31AB93F8 
 194      46FD0693 
 194      F8316ED2 
 194      2AFC
ARM GAS  e:\temp\ccM0MeGF.s 			page 14


 195 00b7 61145F1C 		.ascii	"a\024_\034\217d\034\002Ib\261\034\323W\305I\345?\236"
 195      8F641C02 
 195      4962B11C 
 195      D357C549 
 195      E53F9E
 196 00ca C47F52FD 		.ascii	"\304\177R\375\346\213\263KV\263\025\001\"\356\363\236"
 196      E68BB34B 
 196      56B31501 
 196      22EEF39E 
 197 00da 8CDB700B 		.ascii	"\214\333p\013\004P\033B\000\224'p!\212\360#n\004\376"
 197      04501B42 
 197      00942770 
 197      218AF023 
 197      6E04FE
 198 00ed 243155EC 		.ascii	"$1U\354E\330\223(\366\\\247\005\343\277\350;\022]<\210"
 198      45D89328 
 198      F65CA705 
 198      E3BFE83B 
 198      125D3C88 
 199 0101 161D5427 		.ascii	"\026\035T'\2101P\274\224\357\202jF\224\340\202\346\020"
 199      883150BC 
 199      94EF826A 
 199      4694E082 
 199      E610
 200 0113 174FA11B 		.ascii	"\027O\241\033\307\011\022s\202h\322\256\366\245\343"
 200      C7091273 
 200      8268D2AE 
 200      F6A5E3
 201 0122 A2883171 		.ascii	"\242\2101q?\377\334SQ\330Eq5S*l\321*37\326\321)>\025"
 201      3FFFDC53 
 201      51D84571 
 201      35532A6C 
 201      D12A3337 
 202 013b A0400216 		.ascii	"\240@\002\026>\033U\335\017\275\317\263\024\025\263"
 202      3E1B55DD 
 202      0FBDCFB3 
 202      1415B3
 203 014a 189FBFFF 		.ascii	"\030\237\277\377W\206\370\026\337O7\364\2641\353\034"
 203      5786F816 
 203      DF4F37F4 
 203      B431EB1C 
 204 015a 097478FC 		.ascii	"\011tx\374s\262uq-\036\327K\220\267\"\0103\256\207\363"
 204      73B27571 
 204      2D1ED74B 
 204      90B72208 
 204      33AE87F3 
 205 016e 7A904C8D 		.ascii	"z\220L\215\224\036\242\315N\232\263\205\300y0\30290"
 205      941EA2CD 
 205      4E9AB385 
 205      C07930C2 
 205      3930
 206 0180 12E80113 		.ascii	"\022\350\001\023\213\330\001\205\004:Qy\026\225g\030"
 206      8BD80185 
 206      043A5179 
 206      16956718 
 207 0190 A18569EF 		.ascii	"\241\205i\357f/\245\353\240\033$\350\002\221\233`\032"
 207      662FA5EB 
ARM GAS  e:\temp\ccM0MeGF.s 			page 15


 207      A01B24E8 
 207      02919B60 
 207      1A
 208 01a1 0592DABB 		.ascii	"\005\222\332\273\205\336fA'\240\206\031\354\3241\335"
 208      85DE6641 
 208      27A08619 
 208      ECD431DD 
 209 01b1 48E41F7F 		.ascii	"H\344\037\177\266\302C\300\343Lx\302\235\251\360X\207"
 209      B6C243C0 
 209      E34C78C2 
 209      9DA9F058 
 209      87
 210 01c2 C7505B78 		.ascii	"\307P[x63\367\030\013N\2354O\200\352\327\340\022B^D"
 210      3633F718 
 210      0B4E9D34 
 210      4F80EAD7 
 210      E012425E 
 211 01d7 4802BD90 		.ascii	"H\002\275\220\213\317\013\240S\302\337\030v\316eo<A"
 211      8BCF0BA0 
 211      53C2DF18 
 211      76CE656F 
 211      3C41
 212 01e9 4FF4D085 		.ascii	"O\364\320\205\320h\3011'\365\240[\0363\003\217\306\006"
 212      D068C131 
 212      27F5A05B 
 212      1E33038F 
 212      C606
 213 01fb B7ECF50D 		.ascii	"\267\354\365\015\334\306j\367\301F\364|\024Xy\002\342"
 213      DCC66AF7 
 213      C146F47C 
 213      14587902 
 213      E2
 214 020c 21E09559 		.ascii	"!\340\225Y\362\271\"Y)1\0078\346N\025r\344tpB\247@\372"
 214      F2B92259 
 214      29310738 
 214      E64E1572 
 214      E4747042 
 215 0223 5F8E1A68 		.ascii	"_\216\032h\020}\336g6\320\257\001\366\307\003\016r\300"
 215      107DDE67 
 215      36D0AF01 
 215      F6C7030E 
 215      72C0
 216 0235 BEC723B7 		.ascii	"\276\307#\2672E\267\002\330}\370^\307\032\314\331\210"
 216      3245B702 
 216      D87DF85E 
 216      C71ACCD9 
 216      88
 217 0246 8D83B8AE 		.ascii	"\215\203\270\256\031\225\256\271Z\026_f\212An+\314."
 217      1995AEB9 
 217      5A165F66 
 217      8A416E2B 
 217      CC2E
 218 0258 76FEAE03 		.ascii	"v\376\256\003\223\244\326\373\202Ro\037\226\363[\015"
 218      93A4D6FB 
 218      82526F1F 
 218      96F35B0D 
 219 0268 D0C8EACD 		.ascii	"\320\310\352\315[\027>I\365\271\004J\214\36066\356;"
ARM GAS  e:\temp\ccM0MeGF.s 			page 16


 219      5B173E49 
 219      F5B9044A 
 219      8CF03636 
 219      EE3B
 220 027a 6C9C516D 		.ascii	"l\234Qm\334\025\314\3502f\204\000\367\217\177\275\244"
 220      DC15CCE8 
 220      32668400 
 220      F78F7FBD 
 220      A4
 221 028b E76DF1C5 		.ascii	"\347m\361\305\332rz\371E\230\215G>\033&1\216T\276B\312"
 221      DA727AF9 
 221      45988D47 
 221      3E1B2631 
 221      8E54BE42 
 222 02a0 D33E7A49 		.ascii	"\323>zI\022\177TH\375\321\033\370)+:-X3\311Db\025\203"
 222      127F5448 
 222      FDD11BF8 
 222      292B3A2D 
 222      5833C944 
 223 02b7 1F10345F 		.ascii	"\037\0204_\005\275\212J\177tZ\374\255oP\001\206\021"
 223      05BD8A4A 
 223      7F745AFC 
 223      AD6F5001 
 223      8611
 224 02c9 7248A39E 		.ascii	"rH\243\236\257\216\312D0\3421pN\314\340{\340\244~[^"
 224      AF8ECA44 
 224      30E23170 
 224      4ECCE07B 
 224      E0A47E5B 
 225 02de D6A56CCC 		.ascii	"\326\245l\314(o\314Ht\030f\036\265?N\217\016\303\021"
 225      286FCC48 
 225      7418661E 
 225      B53F4E8F 
 225      0EC311
 226 02f1 F3AF1729 		.ascii	"\363\257\027)=\214~:f\007^\015\320\033\337\234\000o"
 226      3D8C7E3A 
 226      66075E0D 
 226      D01BDF9C 
 226      006F
 227 0303 CE83C586 		.ascii	"\316\203\305\206!\2038\2474\347\351P\327\223\004P\306"
 227      218338A7 
 227      34E7E950 
 227      D7930450 
 227      C6
 228 0314 4743BD96 		.ascii	"GC\275\2260\016S\003\375\017\014\3528L7\031\\\324\217"
 228      300E5303 
 228      FD0F0CEA 
 228      384C3719 
 228      5CD48F
 229 0327 F5C024D1 		.ascii	"\365\300$\321\012\3064\314\261x\314q\216y\307\371\254"
 229      0AC634CC 
 229      B178CC71 
 229      8E79C7F9 
 229      AC
 230 0338 49128F28 		.ascii	"I\022\217(\177qw\363\251\263\011S\357K\300\234H\300"
 230      7F7177F3 
 230      A9B30953 
ARM GAS  e:\temp\ccM0MeGF.s 			page 17


 230      EF4BC09C 
 230      48C0
 231 034a BCD770F7 		.ascii	"\274\327p\367\027@\314\036\304tO\2111L\264\202\353\032"
 231      1740CC1E 
 231      C4744F89 
 231      314CB482 
 231      EB1A
 232 035c E6F578CC 		.ascii	"\346\365x\314I\206)\236:\367\342\314Z\214\312~R+\305"
 232      4986299E 
 232      3AF7E2CC 
 232      5A8CCA7E 
 232      522BC5
 233 036f EE852391 		.ascii	"\356\205#\221\317\"\221t\010\202D\270\202\266\234,k"
 233      CF229174 
 233      088244B8 
 233      82B69C2C 
 233      6B
 234 0380 6CD9C015 		.ascii	"l\331\300\025\215\374\316I\274\013\010\377B\340\006"
 234      8DFCCE49 
 234      BC0B08FF 
 234      42E006
 235 038f 9EA758B7 		.ascii	"\236\247X\267\361\210\234\216\336\375\362\3474\251\221"
 235      F1889C8E 
 235      DEFDF2E7 
 235      34A991
 236 039e B1FF3F97 		.ascii	"\261\377?\227\007z\\\276C\333\322D/\317_\0105\015|%"
 236      077A5CBE 
 236      43DBD244 
 236      2FCF5F08 
 236      350D7C25 
 237 03b2 6A43DEBE 		.ascii	"jC\336\276\275\345(\313\350&VaF\313h\032\3241\177\025"
 237      BDE528CB 
 237      E8265661 
 237      46CB681A 
 237      D4317F15 
 238 03c6 643639C8 		.ascii	"d69\310\337\317\256}a0|\036\273\323xD-\225\020\030\370"
 238      DFCFAE7D 
 238      61307C1E 
 238      BBD37844 
 238      2D951018 
 239 03db D5CBDEAF 		.ascii	"\325\313\336\257W\226Y,\326\312mU\037}l\255*\2570\227"
 239      5796592C 
 239      D6CA6D55 
 239      1F7D6CAD 
 239      2AAF3097 
 240 03ef 6FB5967E 		.ascii	"o\265\226~\370\201\325\342\250\261;\312?]c\336\272="
 240      F881D5E2 
 240      A8B13BCA 
 240      3F5D63DE 
 240      BA3D
 241 0401 AFB4A888 		.ascii	"\257\264\250\210\350\017\330\352\034%\305o\232\345:"
 241      E80FD8EA 
 241      1C25C56F 
 241      9AE53A
 242 0410 D95EE390 		.ascii	"\331^\343\220wY-\365\007\354\265\362\216JK}\351;\233"
 242      77592DF5 
 242      07ECB5F2 
ARM GAS  e:\temp\ccM0MeGF.s 			page 18


 242      8E4A4B7D 
 242      E93B9B
 243 0423 6A0F3A0E 		.ascii	"j\017:\016\356\223\367\027\356!\233\222[\354H\012SX"
 243      EE93F717 
 243      EE219B92 
 243      5BEC480A 
 243      5358
 244 0435 4B36A4C2 		.ascii	"K6\244\302\257\337W\234\342\223\354\250\260\327\324"
 244      AFDF579C 
 244      E293ECA8 
 244      B0D7D4
 245 0444 3A6CF575 		.ascii	":l\365u5{\313l\237\330v\311\366*y\267m\277C\266\247"
 245      357BCB6C 
 245      9FD876C9 
 245      F62A79B7 
 245      6DBF43B6 
 246 0459 319AEF71 		.ascii	"1\232\357q\262E\357\232\222\373\233e\307*\257\024@\346"
 246      B245EF9A 
 246      92FB9B65 
 246      C72AAF14 
 246      40E6
 247 046b FF02B2CB 		.ascii	"\377\002\262\313\273K\212\377\005s\202S="
 247      BB4B8AFF 
 247      05738253 
 247      3D
 248              		.text
 249              		.section	.gnu.lto_.symtab.62410c5d,"",%progbits
 250 0000 50445353 		.ascii	"PDSS_PORTX_REFGEN_CLK_StartEx\000"
 250      5F504F52 
 250      54585F52 
 250      45464745 
 250      4E5F434C 
 251 001e 00       		.ascii	"\000"
 252 001f 00       		.ascii	"\000"
 253 0020 00       		.ascii	"\000"
 254 0021 00000000 		.ascii	"\000\000\000\000\000\000\000\000"
 254      00000000 
 255 0029 B5000000 		.ascii	"\265\000\000\000"
 256 002d 50445353 		.ascii	"PDSS_PORTX_REFGEN_CLK_Stop\000"
 256      5F504F52 
 256      54585F52 
 256      45464745 
 256      4E5F434C 
 257 0048 00       		.ascii	"\000"
 258 0049 00       		.ascii	"\000"
 259 004a 00       		.ascii	"\000"
 260 004b 00000000 		.ascii	"\000\000\000\000\000\000\000\000"
 260      00000000 
 261 0053 B8000000 		.ascii	"\270\000\000\000"
 262 0057 50445353 		.ascii	"PDSS_PORTX_REFGEN_CLK_SetFractionalDividerRegister\000"
 262      5F504F52 
 262      54585F52 
 262      45464745 
 262      4E5F434C 
 263 008a 00       		.ascii	"\000"
 264 008b 00       		.ascii	"\000"
 265 008c 00       		.ascii	"\000"
ARM GAS  e:\temp\ccM0MeGF.s 			page 19


 266 008d 00000000 		.ascii	"\000\000\000\000\000\000\000\000"
 266      00000000 
 267 0095 C7000000 		.ascii	"\307\000\000\000"
 268 0099 50445353 		.ascii	"PDSS_PORTX_REFGEN_CLK_GetDividerRegister\000"
 268      5F504F52 
 268      54585F52 
 268      45464745 
 268      4E5F434C 
 269 00c2 00       		.ascii	"\000"
 270 00c3 00       		.ascii	"\000"
 271 00c4 00       		.ascii	"\000"
 272 00c5 00000000 		.ascii	"\000\000\000\000\000\000\000\000"
 272      00000000 
 273 00cd CA000000 		.ascii	"\312\000\000\000"
 274 00d1 50445353 		.ascii	"PDSS_PORTX_REFGEN_CLK_GetFractionalDividerRegister\000"
 274      5F504F52 
 274      54585F52 
 274      45464745 
 274      4E5F434C 
 275 0104 00       		.ascii	"\000"
 276 0105 00       		.ascii	"\000"
 277 0106 00       		.ascii	"\000"
 278 0107 00000000 		.ascii	"\000\000\000\000\000\000\000\000"
 278      00000000 
 279 010f CD000000 		.ascii	"\315\000\000\000"
 280              		.text
 281              		.section	.gnu.lto_.opts,"",%progbits
 282 0000 272D666D 		.ascii	"'-fmath-errno' '-fsigned-zeros' '-ftrapping-math' '"
 282      6174682D 
 282      6572726E 
 282      6F272027 
 282      2D667369 
 283 0033 2D666E6F 		.ascii	"-fno-trapv' '-fno-openmp' '-fno-openacc' '-mcpu=cor"
 283      2D747261 
 283      70762720 
 283      272D666E 
 283      6F2D6F70 
 284 0066 7465782D 		.ascii	"tex-m0' '-mthumb' '-g' '-Os' '-Werror' '-ffunction-"
 284      6D302720 
 284      272D6D74 
 284      68756D62 
 284      2720272D 
 285 0099 73656374 		.ascii	"sections' '-ffat-lto-objects' '-finline-functions' "
 285      696F6E73 
 285      2720272D 
 285      66666174 
 285      2D6C746F 
 286 00cc 272D666C 		.ascii	"'-flto' '-fno-strict-aliasing'\000"
 286      746F2720 
 286      272D666E 
 286      6F2D7374 
 286      72696374 
 287              		.text
 288              		.cfi_sections	.debug_frame
 289              		.section	.text.PDSS_PORTX_REFGEN_CLK_StartEx,"ax",%progbits
 290              		.align	1
 291              		.global	PDSS_PORTX_REFGEN_CLK_StartEx
ARM GAS  e:\temp\ccM0MeGF.s 			page 20


 292              		.code	16
 293              		.thumb_func
 294              		.type	PDSS_PORTX_REFGEN_CLK_StartEx, %function
 295              	PDSS_PORTX_REFGEN_CLK_StartEx:
 296              	.LFB0:
 297              		.file 1 "Generated_Source\\PSoC4\\PDSS_PORTX_REFGEN_CLK.c"
   1:Generated_Source\PSoC4/PDSS_PORTX_REFGEN_CLK.c **** /*******************************************************************************
   2:Generated_Source\PSoC4/PDSS_PORTX_REFGEN_CLK.c **** * File Name: PDSS_PORTX_REFGEN_CLK.c
   3:Generated_Source\PSoC4/PDSS_PORTX_REFGEN_CLK.c **** * Version 2.20
   4:Generated_Source\PSoC4/PDSS_PORTX_REFGEN_CLK.c **** *
   5:Generated_Source\PSoC4/PDSS_PORTX_REFGEN_CLK.c **** *  Description:
   6:Generated_Source\PSoC4/PDSS_PORTX_REFGEN_CLK.c **** *   Provides system API for the clocking, interrupts and watchdog timer.
   7:Generated_Source\PSoC4/PDSS_PORTX_REFGEN_CLK.c **** *
   8:Generated_Source\PSoC4/PDSS_PORTX_REFGEN_CLK.c **** *  Note:
   9:Generated_Source\PSoC4/PDSS_PORTX_REFGEN_CLK.c **** *   Documentation of the API's in this file is located in the
  10:Generated_Source\PSoC4/PDSS_PORTX_REFGEN_CLK.c **** *   System Reference Guide provided with PSoC Creator.
  11:Generated_Source\PSoC4/PDSS_PORTX_REFGEN_CLK.c **** *
  12:Generated_Source\PSoC4/PDSS_PORTX_REFGEN_CLK.c **** ********************************************************************************
  13:Generated_Source\PSoC4/PDSS_PORTX_REFGEN_CLK.c **** * Copyright 2008-2012, Cypress Semiconductor Corporation.  All rights reserved.
  14:Generated_Source\PSoC4/PDSS_PORTX_REFGEN_CLK.c **** * You may use this file only in accordance with the license, terms, conditions,
  15:Generated_Source\PSoC4/PDSS_PORTX_REFGEN_CLK.c **** * disclaimers, and limitations in the end user license agreement accompanying
  16:Generated_Source\PSoC4/PDSS_PORTX_REFGEN_CLK.c **** * the software package with which this file was provided.
  17:Generated_Source\PSoC4/PDSS_PORTX_REFGEN_CLK.c **** *******************************************************************************/
  18:Generated_Source\PSoC4/PDSS_PORTX_REFGEN_CLK.c **** 
  19:Generated_Source\PSoC4/PDSS_PORTX_REFGEN_CLK.c **** #include <cydevice_trm.h>
  20:Generated_Source\PSoC4/PDSS_PORTX_REFGEN_CLK.c **** #include "PDSS_PORTX_REFGEN_CLK.h"
  21:Generated_Source\PSoC4/PDSS_PORTX_REFGEN_CLK.c **** 
  22:Generated_Source\PSoC4/PDSS_PORTX_REFGEN_CLK.c **** #if defined CYREG_PERI_DIV_CMD
  23:Generated_Source\PSoC4/PDSS_PORTX_REFGEN_CLK.c **** 
  24:Generated_Source\PSoC4/PDSS_PORTX_REFGEN_CLK.c **** /*******************************************************************************
  25:Generated_Source\PSoC4/PDSS_PORTX_REFGEN_CLK.c **** * Function Name: PDSS_PORTX_REFGEN_CLK_StartEx
  26:Generated_Source\PSoC4/PDSS_PORTX_REFGEN_CLK.c **** ********************************************************************************
  27:Generated_Source\PSoC4/PDSS_PORTX_REFGEN_CLK.c **** *
  28:Generated_Source\PSoC4/PDSS_PORTX_REFGEN_CLK.c **** * Summary:
  29:Generated_Source\PSoC4/PDSS_PORTX_REFGEN_CLK.c **** *  Starts the clock, aligned to the specified running clock.
  30:Generated_Source\PSoC4/PDSS_PORTX_REFGEN_CLK.c **** *
  31:Generated_Source\PSoC4/PDSS_PORTX_REFGEN_CLK.c **** * Parameters:
  32:Generated_Source\PSoC4/PDSS_PORTX_REFGEN_CLK.c **** *  alignClkDiv:  The divider to which phase alignment is performed when the
  33:Generated_Source\PSoC4/PDSS_PORTX_REFGEN_CLK.c **** *    clock is started.
  34:Generated_Source\PSoC4/PDSS_PORTX_REFGEN_CLK.c **** *
  35:Generated_Source\PSoC4/PDSS_PORTX_REFGEN_CLK.c **** * Returns:
  36:Generated_Source\PSoC4/PDSS_PORTX_REFGEN_CLK.c **** *  None
  37:Generated_Source\PSoC4/PDSS_PORTX_REFGEN_CLK.c **** *
  38:Generated_Source\PSoC4/PDSS_PORTX_REFGEN_CLK.c **** *******************************************************************************/
  39:Generated_Source\PSoC4/PDSS_PORTX_REFGEN_CLK.c **** void PDSS_PORTX_REFGEN_CLK_StartEx(uint32 alignClkDiv)
  40:Generated_Source\PSoC4/PDSS_PORTX_REFGEN_CLK.c **** {
 298              		.loc 1 40 0
 299              		.cfi_startproc
 300              		@ args = 0, pretend = 0, frame = 0
 301              		@ frame_needed = 0, uses_anonymous_args = 0
 302              		@ link register save eliminated.
 303              	.LVL0:
  41:Generated_Source\PSoC4/PDSS_PORTX_REFGEN_CLK.c ****     /* Make sure any previous start command has finished. */
  42:Generated_Source\PSoC4/PDSS_PORTX_REFGEN_CLK.c ****     while((PDSS_PORTX_REFGEN_CLK_CMD_REG & PDSS_PORTX_REFGEN_CLK_CMD_ENABLE_MASK) != 0u)
 304              		.loc 1 42 0
 305 0000 044A     		ldr	r2, .L5
 306              	.L2:
ARM GAS  e:\temp\ccM0MeGF.s 			page 21


 307              		.loc 1 42 0 is_stmt 0 discriminator 1
 308 0002 1368     		ldr	r3, [r2]
 309 0004 002B     		cmp	r3, #0
 310 0006 FCDB     		blt	.L2
  43:Generated_Source\PSoC4/PDSS_PORTX_REFGEN_CLK.c ****     {
  44:Generated_Source\PSoC4/PDSS_PORTX_REFGEN_CLK.c ****     }
  45:Generated_Source\PSoC4/PDSS_PORTX_REFGEN_CLK.c ****     
  46:Generated_Source\PSoC4/PDSS_PORTX_REFGEN_CLK.c ****     /* Specify the target divider and it's alignment divider, and enable. */
  47:Generated_Source\PSoC4/PDSS_PORTX_REFGEN_CLK.c ****     PDSS_PORTX_REFGEN_CLK_CMD_REG =
  48:Generated_Source\PSoC4/PDSS_PORTX_REFGEN_CLK.c ****         ((uint32)PDSS_PORTX_REFGEN_CLK__DIV_ID << PDSS_PORTX_REFGEN_CLK_CMD_DIV_SHIFT)|
  49:Generated_Source\PSoC4/PDSS_PORTX_REFGEN_CLK.c ****         (alignClkDiv << PDSS_PORTX_REFGEN_CLK_CMD_PA_DIV_SHIFT) |
 311              		.loc 1 49 0 is_stmt 1
 312 0008 034B     		ldr	r3, .L5+4
 313 000a 0002     		lsls	r0, r0, #8
 314              	.LVL1:
 315 000c 1843     		orrs	r0, r3
  47:Generated_Source\PSoC4/PDSS_PORTX_REFGEN_CLK.c ****         ((uint32)PDSS_PORTX_REFGEN_CLK__DIV_ID << PDSS_PORTX_REFGEN_CLK_CMD_DIV_SHIFT)|
 316              		.loc 1 47 0
 317 000e 014B     		ldr	r3, .L5
  50:Generated_Source\PSoC4/PDSS_PORTX_REFGEN_CLK.c ****         (uint32)PDSS_PORTX_REFGEN_CLK_CMD_ENABLE_MASK;
  51:Generated_Source\PSoC4/PDSS_PORTX_REFGEN_CLK.c **** }
 318              		.loc 1 51 0
 319              		@ sp needed
  47:Generated_Source\PSoC4/PDSS_PORTX_REFGEN_CLK.c ****         ((uint32)PDSS_PORTX_REFGEN_CLK__DIV_ID << PDSS_PORTX_REFGEN_CLK_CMD_DIV_SHIFT)|
 320              		.loc 1 47 0
 321 0010 1860     		str	r0, [r3]
 322              		.loc 1 51 0
 323 0012 7047     		bx	lr
 324              	.L6:
 325              		.align	2
 326              	.L5:
 327 0014 00000140 		.word	1073807360
 328 0018 03000080 		.word	-2147483645
 329              		.cfi_endproc
 330              	.LFE0:
 331              		.size	PDSS_PORTX_REFGEN_CLK_StartEx, .-PDSS_PORTX_REFGEN_CLK_StartEx
 332              		.section	.text.PDSS_PORTX_REFGEN_CLK_Stop,"ax",%progbits
 333              		.align	1
 334              		.global	PDSS_PORTX_REFGEN_CLK_Stop
 335              		.code	16
 336              		.thumb_func
 337              		.type	PDSS_PORTX_REFGEN_CLK_Stop, %function
 338              	PDSS_PORTX_REFGEN_CLK_Stop:
 339              	.LFB1:
  52:Generated_Source\PSoC4/PDSS_PORTX_REFGEN_CLK.c **** 
  53:Generated_Source\PSoC4/PDSS_PORTX_REFGEN_CLK.c **** #else
  54:Generated_Source\PSoC4/PDSS_PORTX_REFGEN_CLK.c **** 
  55:Generated_Source\PSoC4/PDSS_PORTX_REFGEN_CLK.c **** /*******************************************************************************
  56:Generated_Source\PSoC4/PDSS_PORTX_REFGEN_CLK.c **** * Function Name: PDSS_PORTX_REFGEN_CLK_Start
  57:Generated_Source\PSoC4/PDSS_PORTX_REFGEN_CLK.c **** ********************************************************************************
  58:Generated_Source\PSoC4/PDSS_PORTX_REFGEN_CLK.c **** *
  59:Generated_Source\PSoC4/PDSS_PORTX_REFGEN_CLK.c **** * Summary:
  60:Generated_Source\PSoC4/PDSS_PORTX_REFGEN_CLK.c **** *  Starts the clock.
  61:Generated_Source\PSoC4/PDSS_PORTX_REFGEN_CLK.c **** *
  62:Generated_Source\PSoC4/PDSS_PORTX_REFGEN_CLK.c **** * Parameters:
  63:Generated_Source\PSoC4/PDSS_PORTX_REFGEN_CLK.c **** *  None
  64:Generated_Source\PSoC4/PDSS_PORTX_REFGEN_CLK.c **** *
ARM GAS  e:\temp\ccM0MeGF.s 			page 22


  65:Generated_Source\PSoC4/PDSS_PORTX_REFGEN_CLK.c **** * Returns:
  66:Generated_Source\PSoC4/PDSS_PORTX_REFGEN_CLK.c **** *  None
  67:Generated_Source\PSoC4/PDSS_PORTX_REFGEN_CLK.c **** *
  68:Generated_Source\PSoC4/PDSS_PORTX_REFGEN_CLK.c **** *******************************************************************************/
  69:Generated_Source\PSoC4/PDSS_PORTX_REFGEN_CLK.c **** 
  70:Generated_Source\PSoC4/PDSS_PORTX_REFGEN_CLK.c **** void PDSS_PORTX_REFGEN_CLK_Start(void)
  71:Generated_Source\PSoC4/PDSS_PORTX_REFGEN_CLK.c **** {
  72:Generated_Source\PSoC4/PDSS_PORTX_REFGEN_CLK.c ****     /* Set the bit to enable the clock. */
  73:Generated_Source\PSoC4/PDSS_PORTX_REFGEN_CLK.c ****     PDSS_PORTX_REFGEN_CLK_ENABLE_REG |= PDSS_PORTX_REFGEN_CLK__ENABLE_MASK;
  74:Generated_Source\PSoC4/PDSS_PORTX_REFGEN_CLK.c **** }
  75:Generated_Source\PSoC4/PDSS_PORTX_REFGEN_CLK.c **** 
  76:Generated_Source\PSoC4/PDSS_PORTX_REFGEN_CLK.c **** #endif /* CYREG_PERI_DIV_CMD */
  77:Generated_Source\PSoC4/PDSS_PORTX_REFGEN_CLK.c **** 
  78:Generated_Source\PSoC4/PDSS_PORTX_REFGEN_CLK.c **** 
  79:Generated_Source\PSoC4/PDSS_PORTX_REFGEN_CLK.c **** /*******************************************************************************
  80:Generated_Source\PSoC4/PDSS_PORTX_REFGEN_CLK.c **** * Function Name: PDSS_PORTX_REFGEN_CLK_Stop
  81:Generated_Source\PSoC4/PDSS_PORTX_REFGEN_CLK.c **** ********************************************************************************
  82:Generated_Source\PSoC4/PDSS_PORTX_REFGEN_CLK.c **** *
  83:Generated_Source\PSoC4/PDSS_PORTX_REFGEN_CLK.c **** * Summary:
  84:Generated_Source\PSoC4/PDSS_PORTX_REFGEN_CLK.c **** *  Stops the clock and returns immediately. This API does not require the
  85:Generated_Source\PSoC4/PDSS_PORTX_REFGEN_CLK.c **** *  source clock to be running but may return before the hardware is actually
  86:Generated_Source\PSoC4/PDSS_PORTX_REFGEN_CLK.c **** *  disabled.
  87:Generated_Source\PSoC4/PDSS_PORTX_REFGEN_CLK.c **** *
  88:Generated_Source\PSoC4/PDSS_PORTX_REFGEN_CLK.c **** * Parameters:
  89:Generated_Source\PSoC4/PDSS_PORTX_REFGEN_CLK.c **** *  None
  90:Generated_Source\PSoC4/PDSS_PORTX_REFGEN_CLK.c **** *
  91:Generated_Source\PSoC4/PDSS_PORTX_REFGEN_CLK.c **** * Returns:
  92:Generated_Source\PSoC4/PDSS_PORTX_REFGEN_CLK.c **** *  None
  93:Generated_Source\PSoC4/PDSS_PORTX_REFGEN_CLK.c **** *
  94:Generated_Source\PSoC4/PDSS_PORTX_REFGEN_CLK.c **** *******************************************************************************/
  95:Generated_Source\PSoC4/PDSS_PORTX_REFGEN_CLK.c **** void PDSS_PORTX_REFGEN_CLK_Stop(void)
  96:Generated_Source\PSoC4/PDSS_PORTX_REFGEN_CLK.c **** {
 340              		.loc 1 96 0
 341              		.cfi_startproc
 342              		@ args = 0, pretend = 0, frame = 0
 343              		@ frame_needed = 0, uses_anonymous_args = 0
 344              		@ link register save eliminated.
  97:Generated_Source\PSoC4/PDSS_PORTX_REFGEN_CLK.c **** #if defined CYREG_PERI_DIV_CMD
  98:Generated_Source\PSoC4/PDSS_PORTX_REFGEN_CLK.c **** 
  99:Generated_Source\PSoC4/PDSS_PORTX_REFGEN_CLK.c ****     /* Make sure any previous start command has finished. */
 100:Generated_Source\PSoC4/PDSS_PORTX_REFGEN_CLK.c ****     while((PDSS_PORTX_REFGEN_CLK_CMD_REG & PDSS_PORTX_REFGEN_CLK_CMD_ENABLE_MASK) != 0u)
 345              		.loc 1 100 0
 346 0000 034A     		ldr	r2, .L10
 347              	.L8:
 348              		.loc 1 100 0 is_stmt 0 discriminator 1
 349 0002 1368     		ldr	r3, [r2]
 350 0004 002B     		cmp	r3, #0
 351 0006 FCDB     		blt	.L8
 101:Generated_Source\PSoC4/PDSS_PORTX_REFGEN_CLK.c ****     {
 102:Generated_Source\PSoC4/PDSS_PORTX_REFGEN_CLK.c ****     }
 103:Generated_Source\PSoC4/PDSS_PORTX_REFGEN_CLK.c ****     
 104:Generated_Source\PSoC4/PDSS_PORTX_REFGEN_CLK.c ****     /* Specify the target divider and it's alignment divider, and disable. */
 105:Generated_Source\PSoC4/PDSS_PORTX_REFGEN_CLK.c ****     PDSS_PORTX_REFGEN_CLK_CMD_REG =
 352              		.loc 1 105 0 is_stmt 1
 353 0008 024A     		ldr	r2, .L10+4
 354 000a 014B     		ldr	r3, .L10
 106:Generated_Source\PSoC4/PDSS_PORTX_REFGEN_CLK.c ****         ((uint32)PDSS_PORTX_REFGEN_CLK__DIV_ID << PDSS_PORTX_REFGEN_CLK_CMD_DIV_SHIFT)|
ARM GAS  e:\temp\ccM0MeGF.s 			page 23


 107:Generated_Source\PSoC4/PDSS_PORTX_REFGEN_CLK.c ****         ((uint32)PDSS_PORTX_REFGEN_CLK_CMD_DISABLE_MASK);
 108:Generated_Source\PSoC4/PDSS_PORTX_REFGEN_CLK.c **** 
 109:Generated_Source\PSoC4/PDSS_PORTX_REFGEN_CLK.c **** #else
 110:Generated_Source\PSoC4/PDSS_PORTX_REFGEN_CLK.c **** 
 111:Generated_Source\PSoC4/PDSS_PORTX_REFGEN_CLK.c ****     /* Clear the bit to disable the clock. */
 112:Generated_Source\PSoC4/PDSS_PORTX_REFGEN_CLK.c ****     PDSS_PORTX_REFGEN_CLK_ENABLE_REG &= (uint32)(~PDSS_PORTX_REFGEN_CLK__ENABLE_MASK);
 113:Generated_Source\PSoC4/PDSS_PORTX_REFGEN_CLK.c ****     
 114:Generated_Source\PSoC4/PDSS_PORTX_REFGEN_CLK.c **** #endif /* CYREG_PERI_DIV_CMD */
 115:Generated_Source\PSoC4/PDSS_PORTX_REFGEN_CLK.c **** }
 355              		.loc 1 115 0
 356              		@ sp needed
 105:Generated_Source\PSoC4/PDSS_PORTX_REFGEN_CLK.c ****         ((uint32)PDSS_PORTX_REFGEN_CLK__DIV_ID << PDSS_PORTX_REFGEN_CLK_CMD_DIV_SHIFT)|
 357              		.loc 1 105 0
 358 000c 1A60     		str	r2, [r3]
 359              		.loc 1 115 0
 360 000e 7047     		bx	lr
 361              	.L11:
 362              		.align	2
 363              	.L10:
 364 0010 00000140 		.word	1073807360
 365 0014 03000040 		.word	1073741827
 366              		.cfi_endproc
 367              	.LFE1:
 368              		.size	PDSS_PORTX_REFGEN_CLK_Stop, .-PDSS_PORTX_REFGEN_CLK_Stop
 369              		.section	.text.PDSS_PORTX_REFGEN_CLK_SetFractionalDividerRegister,"ax",%progbits
 370              		.align	1
 371              		.global	PDSS_PORTX_REFGEN_CLK_SetFractionalDividerRegister
 372              		.code	16
 373              		.thumb_func
 374              		.type	PDSS_PORTX_REFGEN_CLK_SetFractionalDividerRegister, %function
 375              	PDSS_PORTX_REFGEN_CLK_SetFractionalDividerRegister:
 376              	.LFB2:
 116:Generated_Source\PSoC4/PDSS_PORTX_REFGEN_CLK.c **** 
 117:Generated_Source\PSoC4/PDSS_PORTX_REFGEN_CLK.c **** 
 118:Generated_Source\PSoC4/PDSS_PORTX_REFGEN_CLK.c **** /*******************************************************************************
 119:Generated_Source\PSoC4/PDSS_PORTX_REFGEN_CLK.c **** * Function Name: PDSS_PORTX_REFGEN_CLK_SetFractionalDividerRegister
 120:Generated_Source\PSoC4/PDSS_PORTX_REFGEN_CLK.c **** ********************************************************************************
 121:Generated_Source\PSoC4/PDSS_PORTX_REFGEN_CLK.c **** *
 122:Generated_Source\PSoC4/PDSS_PORTX_REFGEN_CLK.c **** * Summary:
 123:Generated_Source\PSoC4/PDSS_PORTX_REFGEN_CLK.c **** *  Modifies the clock divider and the fractional divider.
 124:Generated_Source\PSoC4/PDSS_PORTX_REFGEN_CLK.c **** *
 125:Generated_Source\PSoC4/PDSS_PORTX_REFGEN_CLK.c **** * Parameters:
 126:Generated_Source\PSoC4/PDSS_PORTX_REFGEN_CLK.c **** *  clkDivider:  Divider register value (0-65535). This value is NOT the
 127:Generated_Source\PSoC4/PDSS_PORTX_REFGEN_CLK.c **** *    divider; the clock hardware divides by clkDivider plus one. For example,
 128:Generated_Source\PSoC4/PDSS_PORTX_REFGEN_CLK.c **** *    to divide the clock by 2, this parameter should be set to 1.
 129:Generated_Source\PSoC4/PDSS_PORTX_REFGEN_CLK.c **** *  fracDivider:  Fractional Divider register value (0-31).
 130:Generated_Source\PSoC4/PDSS_PORTX_REFGEN_CLK.c **** * Returns:
 131:Generated_Source\PSoC4/PDSS_PORTX_REFGEN_CLK.c **** *  None
 132:Generated_Source\PSoC4/PDSS_PORTX_REFGEN_CLK.c **** *
 133:Generated_Source\PSoC4/PDSS_PORTX_REFGEN_CLK.c **** *******************************************************************************/
 134:Generated_Source\PSoC4/PDSS_PORTX_REFGEN_CLK.c **** void PDSS_PORTX_REFGEN_CLK_SetFractionalDividerRegister(uint16 clkDivider, uint8 clkFractional)
 135:Generated_Source\PSoC4/PDSS_PORTX_REFGEN_CLK.c **** {
 377              		.loc 1 135 0
 378              		.cfi_startproc
 379              		@ args = 0, pretend = 0, frame = 0
 380              		@ frame_needed = 0, uses_anonymous_args = 0
 381              	.LVL2:
ARM GAS  e:\temp\ccM0MeGF.s 			page 24


 136:Generated_Source\PSoC4/PDSS_PORTX_REFGEN_CLK.c ****     uint32 maskVal;
 137:Generated_Source\PSoC4/PDSS_PORTX_REFGEN_CLK.c ****     uint32 regVal;
 138:Generated_Source\PSoC4/PDSS_PORTX_REFGEN_CLK.c ****     
 139:Generated_Source\PSoC4/PDSS_PORTX_REFGEN_CLK.c **** #if defined (PDSS_PORTX_REFGEN_CLK__FRAC_MASK) || defined (CYREG_PERI_DIV_CMD)
 140:Generated_Source\PSoC4/PDSS_PORTX_REFGEN_CLK.c ****     
 141:Generated_Source\PSoC4/PDSS_PORTX_REFGEN_CLK.c **** 	/* get all but divider bits */
 142:Generated_Source\PSoC4/PDSS_PORTX_REFGEN_CLK.c ****     maskVal = PDSS_PORTX_REFGEN_CLK_DIV_REG & 
 143:Generated_Source\PSoC4/PDSS_PORTX_REFGEN_CLK.c ****                     (uint32)(~(uint32)(PDSS_PORTX_REFGEN_CLK_DIV_INT_MASK | PDSS_PORTX_REFGEN_CLK_D
 144:Generated_Source\PSoC4/PDSS_PORTX_REFGEN_CLK.c **** 	/* combine mask and new divider vals into 32-bit value */
 145:Generated_Source\PSoC4/PDSS_PORTX_REFGEN_CLK.c ****     regVal = maskVal |
 382              		.loc 1 145 0
 383 0000 FF22     		movs	r2, #255
 384 0002 C900     		lsls	r1, r1, #3
 385              	.LVL3:
 386 0004 1140     		ands	r1, r2
 387 0006 0202     		lsls	r2, r0, #8
 388 0008 1143     		orrs	r1, r2
 389 000a 0723     		movs	r3, #7
 390 000c 0800     		movs	r0, r1
 391              	.LVL4:
 135:Generated_Source\PSoC4/PDSS_PORTX_REFGEN_CLK.c ****     uint32 maskVal;
 392              		.loc 1 135 0
 393 000e 30B5     		push	{r4, r5, lr}
 394              		.cfi_def_cfa_offset 12
 395              		.cfi_offset 4, -12
 396              		.cfi_offset 5, -8
 397              		.cfi_offset 14, -4
 142:Generated_Source\PSoC4/PDSS_PORTX_REFGEN_CLK.c ****                     (uint32)(~(uint32)(PDSS_PORTX_REFGEN_CLK_DIV_INT_MASK | PDSS_PORTX_REFGEN_CLK_D
 398              		.loc 1 142 0
 399 0010 024C     		ldr	r4, .L13
 146:Generated_Source\PSoC4/PDSS_PORTX_REFGEN_CLK.c ****         ((uint32)((uint32)clkDivider <<  PDSS_PORTX_REFGEN_CLK_DIV_INT_SHIFT) & PDSS_PORTX_REFGEN_C
 147:Generated_Source\PSoC4/PDSS_PORTX_REFGEN_CLK.c ****         ((uint32)((uint32)clkFractional << PDSS_PORTX_REFGEN_CLK_DIV_FRAC_SHIFT) & PDSS_PORTX_REFGE
 148:Generated_Source\PSoC4/PDSS_PORTX_REFGEN_CLK.c ****     
 149:Generated_Source\PSoC4/PDSS_PORTX_REFGEN_CLK.c **** #else
 150:Generated_Source\PSoC4/PDSS_PORTX_REFGEN_CLK.c ****     /* get all but integer divider bits */
 151:Generated_Source\PSoC4/PDSS_PORTX_REFGEN_CLK.c ****     maskVal = PDSS_PORTX_REFGEN_CLK_DIV_REG & (uint32)(~(uint32)PDSS_PORTX_REFGEN_CLK__DIVIDER_MASK
 152:Generated_Source\PSoC4/PDSS_PORTX_REFGEN_CLK.c ****     /* combine mask and new divider val into 32-bit value */
 153:Generated_Source\PSoC4/PDSS_PORTX_REFGEN_CLK.c ****     regVal = clkDivider | maskVal;
 154:Generated_Source\PSoC4/PDSS_PORTX_REFGEN_CLK.c ****     
 155:Generated_Source\PSoC4/PDSS_PORTX_REFGEN_CLK.c **** #endif /* PDSS_PORTX_REFGEN_CLK__FRAC_MASK || CYREG_PERI_DIV_CMD */
 156:Generated_Source\PSoC4/PDSS_PORTX_REFGEN_CLK.c **** 
 157:Generated_Source\PSoC4/PDSS_PORTX_REFGEN_CLK.c ****     PDSS_PORTX_REFGEN_CLK_DIV_REG = regVal;
 158:Generated_Source\PSoC4/PDSS_PORTX_REFGEN_CLK.c **** }
 400              		.loc 1 158 0
 401              		@ sp needed
 142:Generated_Source\PSoC4/PDSS_PORTX_REFGEN_CLK.c ****                     (uint32)(~(uint32)(PDSS_PORTX_REFGEN_CLK_DIV_INT_MASK | PDSS_PORTX_REFGEN_CLK_D
 402              		.loc 1 142 0
 403 0012 2568     		ldr	r5, [r4]
 404              	.LVL5:
 145:Generated_Source\PSoC4/PDSS_PORTX_REFGEN_CLK.c ****         ((uint32)((uint32)clkDivider <<  PDSS_PORTX_REFGEN_CLK_DIV_INT_SHIFT) & PDSS_PORTX_REFGEN_C
 405              		.loc 1 145 0
 406 0014 2B40     		ands	r3, r5
 407              	.LVL6:
 408 0016 1843     		orrs	r0, r3
 409              	.LVL7:
 157:Generated_Source\PSoC4/PDSS_PORTX_REFGEN_CLK.c **** }
 410              		.loc 1 157 0
ARM GAS  e:\temp\ccM0MeGF.s 			page 25


 411 0018 2060     		str	r0, [r4]
 412              		.loc 1 158 0
 413 001a 30BD     		pop	{r4, r5, pc}
 414              	.L14:
 415              		.align	2
 416              	.L13:
 417 001c 0C020140 		.word	1073807884
 418              		.cfi_endproc
 419              	.LFE2:
 420              		.size	PDSS_PORTX_REFGEN_CLK_SetFractionalDividerRegister, .-PDSS_PORTX_REFGEN_CLK_SetFractionalDiv
 421              		.section	.text.PDSS_PORTX_REFGEN_CLK_GetDividerRegister,"ax",%progbits
 422              		.align	1
 423              		.global	PDSS_PORTX_REFGEN_CLK_GetDividerRegister
 424              		.code	16
 425              		.thumb_func
 426              		.type	PDSS_PORTX_REFGEN_CLK_GetDividerRegister, %function
 427              	PDSS_PORTX_REFGEN_CLK_GetDividerRegister:
 428              	.LFB3:
 159:Generated_Source\PSoC4/PDSS_PORTX_REFGEN_CLK.c **** 
 160:Generated_Source\PSoC4/PDSS_PORTX_REFGEN_CLK.c **** 
 161:Generated_Source\PSoC4/PDSS_PORTX_REFGEN_CLK.c **** /*******************************************************************************
 162:Generated_Source\PSoC4/PDSS_PORTX_REFGEN_CLK.c **** * Function Name: PDSS_PORTX_REFGEN_CLK_GetDividerRegister
 163:Generated_Source\PSoC4/PDSS_PORTX_REFGEN_CLK.c **** ********************************************************************************
 164:Generated_Source\PSoC4/PDSS_PORTX_REFGEN_CLK.c **** *
 165:Generated_Source\PSoC4/PDSS_PORTX_REFGEN_CLK.c **** * Summary:
 166:Generated_Source\PSoC4/PDSS_PORTX_REFGEN_CLK.c **** *  Gets the clock divider register value.
 167:Generated_Source\PSoC4/PDSS_PORTX_REFGEN_CLK.c **** *
 168:Generated_Source\PSoC4/PDSS_PORTX_REFGEN_CLK.c **** * Parameters:
 169:Generated_Source\PSoC4/PDSS_PORTX_REFGEN_CLK.c **** *  None
 170:Generated_Source\PSoC4/PDSS_PORTX_REFGEN_CLK.c **** *
 171:Generated_Source\PSoC4/PDSS_PORTX_REFGEN_CLK.c **** * Returns:
 172:Generated_Source\PSoC4/PDSS_PORTX_REFGEN_CLK.c **** *  Divide value of the clock minus 1. For example, if the clock is set to
 173:Generated_Source\PSoC4/PDSS_PORTX_REFGEN_CLK.c **** *  divide by 2, the return value will be 1.
 174:Generated_Source\PSoC4/PDSS_PORTX_REFGEN_CLK.c **** *
 175:Generated_Source\PSoC4/PDSS_PORTX_REFGEN_CLK.c **** *******************************************************************************/
 176:Generated_Source\PSoC4/PDSS_PORTX_REFGEN_CLK.c **** uint16 PDSS_PORTX_REFGEN_CLK_GetDividerRegister(void)
 177:Generated_Source\PSoC4/PDSS_PORTX_REFGEN_CLK.c **** {
 429              		.loc 1 177 0
 430              		.cfi_startproc
 431              		@ args = 0, pretend = 0, frame = 0
 432              		@ frame_needed = 0, uses_anonymous_args = 0
 433              		@ link register save eliminated.
 178:Generated_Source\PSoC4/PDSS_PORTX_REFGEN_CLK.c ****     return (uint16)((PDSS_PORTX_REFGEN_CLK_DIV_REG & PDSS_PORTX_REFGEN_CLK_DIV_INT_MASK)
 434              		.loc 1 178 0
 435 0000 024B     		ldr	r3, .L16
 179:Generated_Source\PSoC4/PDSS_PORTX_REFGEN_CLK.c ****         >> PDSS_PORTX_REFGEN_CLK_DIV_INT_SHIFT);
 180:Generated_Source\PSoC4/PDSS_PORTX_REFGEN_CLK.c **** }
 436              		.loc 1 180 0
 437              		@ sp needed
 178:Generated_Source\PSoC4/PDSS_PORTX_REFGEN_CLK.c ****     return (uint16)((PDSS_PORTX_REFGEN_CLK_DIV_REG & PDSS_PORTX_REFGEN_CLK_DIV_INT_MASK)
 438              		.loc 1 178 0
 439 0002 1868     		ldr	r0, [r3]
 440 0004 000A     		lsrs	r0, r0, #8
 441 0006 80B2     		uxth	r0, r0
 442              		.loc 1 180 0
 443 0008 7047     		bx	lr
 444              	.L17:
ARM GAS  e:\temp\ccM0MeGF.s 			page 26


 445 000a C046     		.align	2
 446              	.L16:
 447 000c 0C020140 		.word	1073807884
 448              		.cfi_endproc
 449              	.LFE3:
 450              		.size	PDSS_PORTX_REFGEN_CLK_GetDividerRegister, .-PDSS_PORTX_REFGEN_CLK_GetDividerRegister
 451              		.section	.text.PDSS_PORTX_REFGEN_CLK_GetFractionalDividerRegister,"ax",%progbits
 452              		.align	1
 453              		.global	PDSS_PORTX_REFGEN_CLK_GetFractionalDividerRegister
 454              		.code	16
 455              		.thumb_func
 456              		.type	PDSS_PORTX_REFGEN_CLK_GetFractionalDividerRegister, %function
 457              	PDSS_PORTX_REFGEN_CLK_GetFractionalDividerRegister:
 458              	.LFB4:
 181:Generated_Source\PSoC4/PDSS_PORTX_REFGEN_CLK.c **** 
 182:Generated_Source\PSoC4/PDSS_PORTX_REFGEN_CLK.c **** 
 183:Generated_Source\PSoC4/PDSS_PORTX_REFGEN_CLK.c **** /*******************************************************************************
 184:Generated_Source\PSoC4/PDSS_PORTX_REFGEN_CLK.c **** * Function Name: PDSS_PORTX_REFGEN_CLK_GetFractionalDividerRegister
 185:Generated_Source\PSoC4/PDSS_PORTX_REFGEN_CLK.c **** ********************************************************************************
 186:Generated_Source\PSoC4/PDSS_PORTX_REFGEN_CLK.c **** *
 187:Generated_Source\PSoC4/PDSS_PORTX_REFGEN_CLK.c **** * Summary:
 188:Generated_Source\PSoC4/PDSS_PORTX_REFGEN_CLK.c **** *  Gets the clock fractional divider register value.
 189:Generated_Source\PSoC4/PDSS_PORTX_REFGEN_CLK.c **** *
 190:Generated_Source\PSoC4/PDSS_PORTX_REFGEN_CLK.c **** * Parameters:
 191:Generated_Source\PSoC4/PDSS_PORTX_REFGEN_CLK.c **** *  None
 192:Generated_Source\PSoC4/PDSS_PORTX_REFGEN_CLK.c **** *
 193:Generated_Source\PSoC4/PDSS_PORTX_REFGEN_CLK.c **** * Returns:
 194:Generated_Source\PSoC4/PDSS_PORTX_REFGEN_CLK.c **** *  Fractional Divide value of the clock
 195:Generated_Source\PSoC4/PDSS_PORTX_REFGEN_CLK.c **** *  0 if the fractional divider is not in use.
 196:Generated_Source\PSoC4/PDSS_PORTX_REFGEN_CLK.c **** *
 197:Generated_Source\PSoC4/PDSS_PORTX_REFGEN_CLK.c **** *******************************************************************************/
 198:Generated_Source\PSoC4/PDSS_PORTX_REFGEN_CLK.c **** uint8 PDSS_PORTX_REFGEN_CLK_GetFractionalDividerRegister(void)
 199:Generated_Source\PSoC4/PDSS_PORTX_REFGEN_CLK.c **** {
 459              		.loc 1 199 0
 460              		.cfi_startproc
 461              		@ args = 0, pretend = 0, frame = 0
 462              		@ frame_needed = 0, uses_anonymous_args = 0
 463              		@ link register save eliminated.
 200:Generated_Source\PSoC4/PDSS_PORTX_REFGEN_CLK.c **** #if defined (PDSS_PORTX_REFGEN_CLK__FRAC_MASK)
 201:Generated_Source\PSoC4/PDSS_PORTX_REFGEN_CLK.c ****     /* return fractional divider bits */
 202:Generated_Source\PSoC4/PDSS_PORTX_REFGEN_CLK.c ****     return (uint8)((PDSS_PORTX_REFGEN_CLK_DIV_REG & PDSS_PORTX_REFGEN_CLK_DIV_FRAC_MASK)
 203:Generated_Source\PSoC4/PDSS_PORTX_REFGEN_CLK.c ****         >> PDSS_PORTX_REFGEN_CLK_DIV_FRAC_SHIFT);
 204:Generated_Source\PSoC4/PDSS_PORTX_REFGEN_CLK.c **** #else
 205:Generated_Source\PSoC4/PDSS_PORTX_REFGEN_CLK.c ****     return 0u;
 206:Generated_Source\PSoC4/PDSS_PORTX_REFGEN_CLK.c **** #endif /* PDSS_PORTX_REFGEN_CLK__FRAC_MASK */
 207:Generated_Source\PSoC4/PDSS_PORTX_REFGEN_CLK.c **** }
 464              		.loc 1 207 0
 465 0000 0020     		movs	r0, #0
 466              		@ sp needed
 467 0002 7047     		bx	lr
 468              		.cfi_endproc
 469              	.LFE4:
 470              		.size	PDSS_PORTX_REFGEN_CLK_GetFractionalDividerRegister, .-PDSS_PORTX_REFGEN_CLK_GetFractionalDiv
 471              		.text
 472              	.Letext0:
 473              		.file 2 "Generated_Source\\PSoC4/cytypes.h"
 474              		.section	.debug_info,"",%progbits
ARM GAS  e:\temp\ccM0MeGF.s 			page 27


 475              	.Ldebug_info0:
 476 0000 62010000 		.4byte	0x162
 477 0004 0400     		.2byte	0x4
 478 0006 00000000 		.4byte	.Ldebug_abbrev0
 479 000a 04       		.byte	0x4
 480 000b 01       		.uleb128 0x1
 481 000c 74010000 		.4byte	.LASF25
 482 0010 0C       		.byte	0xc
 483 0011 D3020000 		.4byte	.LASF26
 484 0015 68020000 		.4byte	.LASF27
 485 0019 00000000 		.4byte	.Ldebug_ranges0+0
 486 001d 00000000 		.4byte	0
 487 0021 00000000 		.4byte	.Ldebug_line0
 488 0025 02       		.uleb128 0x2
 489 0026 01       		.byte	0x1
 490 0027 06       		.byte	0x6
 491 0028 5C020000 		.4byte	.LASF0
 492 002c 02       		.uleb128 0x2
 493 002d 01       		.byte	0x1
 494 002e 08       		.byte	0x8
 495 002f BE000000 		.4byte	.LASF1
 496 0033 02       		.uleb128 0x2
 497 0034 02       		.byte	0x2
 498 0035 05       		.byte	0x5
 499 0036 43020000 		.4byte	.LASF2
 500 003a 02       		.uleb128 0x2
 501 003b 02       		.byte	0x2
 502 003c 07       		.byte	0x7
 503 003d DE000000 		.4byte	.LASF3
 504 0041 02       		.uleb128 0x2
 505 0042 04       		.byte	0x4
 506 0043 05       		.byte	0x5
 507 0044 53020000 		.4byte	.LASF4
 508 0048 02       		.uleb128 0x2
 509 0049 04       		.byte	0x4
 510 004a 07       		.byte	0x7
 511 004b CC000000 		.4byte	.LASF5
 512 004f 02       		.uleb128 0x2
 513 0050 08       		.byte	0x8
 514 0051 05       		.byte	0x5
 515 0052 30020000 		.4byte	.LASF6
 516 0056 02       		.uleb128 0x2
 517 0057 08       		.byte	0x8
 518 0058 07       		.byte	0x7
 519 0059 5D010000 		.4byte	.LASF7
 520 005d 03       		.uleb128 0x3
 521 005e 04       		.byte	0x4
 522 005f 05       		.byte	0x5
 523 0060 696E7400 		.ascii	"int\000"
 524 0064 02       		.uleb128 0x2
 525 0065 04       		.byte	0x4
 526 0066 07       		.byte	0x7
 527 0067 50010000 		.4byte	.LASF8
 528 006b 04       		.uleb128 0x4
 529 006c 4D020000 		.4byte	.LASF9
 530 0070 02       		.byte	0x2
 531 0071 E401     		.2byte	0x1e4
ARM GAS  e:\temp\ccM0MeGF.s 			page 28


 532 0073 2C000000 		.4byte	0x2c
 533 0077 04       		.uleb128 0x4
 534 0078 42010000 		.4byte	.LASF10
 535 007c 02       		.byte	0x2
 536 007d E501     		.2byte	0x1e5
 537 007f 3A000000 		.4byte	0x3a
 538 0083 04       		.uleb128 0x4
 539 0084 49010000 		.4byte	.LASF11
 540 0088 02       		.byte	0x2
 541 0089 E601     		.2byte	0x1e6
 542 008b 48000000 		.4byte	0x48
 543 008f 02       		.uleb128 0x2
 544 0090 04       		.byte	0x4
 545 0091 04       		.byte	0x4
 546 0092 B8000000 		.4byte	.LASF12
 547 0096 02       		.uleb128 0x2
 548 0097 08       		.byte	0x8
 549 0098 04       		.byte	0x4
 550 0099 FC000000 		.4byte	.LASF13
 551 009d 02       		.uleb128 0x2
 552 009e 01       		.byte	0x1
 553 009f 08       		.byte	0x8
 554 00a0 3E020000 		.4byte	.LASF14
 555 00a4 04       		.uleb128 0x4
 556 00a5 00000000 		.4byte	.LASF15
 557 00a9 02       		.byte	0x2
 558 00aa 9002     		.2byte	0x290
 559 00ac B0000000 		.4byte	0xb0
 560 00b0 05       		.uleb128 0x5
 561 00b1 83000000 		.4byte	0x83
 562 00b5 06       		.uleb128 0x6
 563 00b6 16010000 		.4byte	.LASF16
 564 00ba 01       		.byte	0x1
 565 00bb 27       		.byte	0x27
 566 00bc 00000000 		.4byte	.LFB0
 567 00c0 1C000000 		.4byte	.LFE0-.LFB0
 568 00c4 01       		.uleb128 0x1
 569 00c5 9C       		.byte	0x9c
 570 00c6 DA000000 		.4byte	0xda
 571 00ca 07       		.uleb128 0x7
 572 00cb 0A010000 		.4byte	.LASF18
 573 00cf 01       		.byte	0x1
 574 00d0 27       		.byte	0x27
 575 00d1 83000000 		.4byte	0x83
 576 00d5 00000000 		.4byte	.LLST0
 577 00d9 00       		.byte	0
 578 00da 08       		.uleb128 0x8
 579 00db 41000000 		.4byte	.LASF28
 580 00df 01       		.byte	0x1
 581 00e0 5F       		.byte	0x5f
 582 00e1 00000000 		.4byte	.LFB1
 583 00e5 18000000 		.4byte	.LFE1-.LFB1
 584 00e9 01       		.uleb128 0x1
 585 00ea 9C       		.byte	0x9c
 586 00eb 06       		.uleb128 0x6
 587 00ec 85000000 		.4byte	.LASF17
 588 00f0 01       		.byte	0x1
ARM GAS  e:\temp\ccM0MeGF.s 			page 29


 589 00f1 86       		.byte	0x86
 590 00f2 00000000 		.4byte	.LFB2
 591 00f6 20000000 		.4byte	.LFE2-.LFB2
 592 00fa 01       		.uleb128 0x1
 593 00fb 9C       		.byte	0x9c
 594 00fc 3B010000 		.4byte	0x13b
 595 0100 07       		.uleb128 0x7
 596 0101 F1000000 		.4byte	.LASF19
 597 0105 01       		.byte	0x1
 598 0106 86       		.byte	0x86
 599 0107 77000000 		.4byte	0x77
 600 010b 21000000 		.4byte	.LLST1
 601 010f 07       		.uleb128 0x7
 602 0110 34010000 		.4byte	.LASF20
 603 0114 01       		.byte	0x1
 604 0115 86       		.byte	0x86
 605 0116 6B000000 		.4byte	0x6b
 606 011a 42000000 		.4byte	.LLST2
 607 011e 09       		.uleb128 0x9
 608 011f 39000000 		.4byte	.LASF21
 609 0123 01       		.byte	0x1
 610 0124 88       		.byte	0x88
 611 0125 83000000 		.4byte	0x83
 612 0129 63000000 		.4byte	.LLST3
 613 012d 0A       		.uleb128 0xa
 614 012e 03010000 		.4byte	.LASF22
 615 0132 01       		.byte	0x1
 616 0133 89       		.byte	0x89
 617 0134 83000000 		.4byte	0x83
 618 0138 01       		.uleb128 0x1
 619 0139 50       		.byte	0x50
 620 013a 00       		.byte	0
 621 013b 0B       		.uleb128 0xb
 622 013c 5C000000 		.4byte	.LASF23
 623 0140 01       		.byte	0x1
 624 0141 B0       		.byte	0xb0
 625 0142 77000000 		.4byte	0x77
 626 0146 00000000 		.4byte	.LFB3
 627 014a 10000000 		.4byte	.LFE3-.LFB3
 628 014e 01       		.uleb128 0x1
 629 014f 9C       		.byte	0x9c
 630 0150 0B       		.uleb128 0xb
 631 0151 06000000 		.4byte	.LASF24
 632 0155 01       		.byte	0x1
 633 0156 C6       		.byte	0xc6
 634 0157 6B000000 		.4byte	0x6b
 635 015b 00000000 		.4byte	.LFB4
 636 015f 04000000 		.4byte	.LFE4-.LFB4
 637 0163 01       		.uleb128 0x1
 638 0164 9C       		.byte	0x9c
 639 0165 00       		.byte	0
 640              		.section	.debug_abbrev,"",%progbits
 641              	.Ldebug_abbrev0:
 642 0000 01       		.uleb128 0x1
 643 0001 11       		.uleb128 0x11
 644 0002 01       		.byte	0x1
 645 0003 25       		.uleb128 0x25
ARM GAS  e:\temp\ccM0MeGF.s 			page 30


 646 0004 0E       		.uleb128 0xe
 647 0005 13       		.uleb128 0x13
 648 0006 0B       		.uleb128 0xb
 649 0007 03       		.uleb128 0x3
 650 0008 0E       		.uleb128 0xe
 651 0009 1B       		.uleb128 0x1b
 652 000a 0E       		.uleb128 0xe
 653 000b 55       		.uleb128 0x55
 654 000c 17       		.uleb128 0x17
 655 000d 11       		.uleb128 0x11
 656 000e 01       		.uleb128 0x1
 657 000f 10       		.uleb128 0x10
 658 0010 17       		.uleb128 0x17
 659 0011 00       		.byte	0
 660 0012 00       		.byte	0
 661 0013 02       		.uleb128 0x2
 662 0014 24       		.uleb128 0x24
 663 0015 00       		.byte	0
 664 0016 0B       		.uleb128 0xb
 665 0017 0B       		.uleb128 0xb
 666 0018 3E       		.uleb128 0x3e
 667 0019 0B       		.uleb128 0xb
 668 001a 03       		.uleb128 0x3
 669 001b 0E       		.uleb128 0xe
 670 001c 00       		.byte	0
 671 001d 00       		.byte	0
 672 001e 03       		.uleb128 0x3
 673 001f 24       		.uleb128 0x24
 674 0020 00       		.byte	0
 675 0021 0B       		.uleb128 0xb
 676 0022 0B       		.uleb128 0xb
 677 0023 3E       		.uleb128 0x3e
 678 0024 0B       		.uleb128 0xb
 679 0025 03       		.uleb128 0x3
 680 0026 08       		.uleb128 0x8
 681 0027 00       		.byte	0
 682 0028 00       		.byte	0
 683 0029 04       		.uleb128 0x4
 684 002a 16       		.uleb128 0x16
 685 002b 00       		.byte	0
 686 002c 03       		.uleb128 0x3
 687 002d 0E       		.uleb128 0xe
 688 002e 3A       		.uleb128 0x3a
 689 002f 0B       		.uleb128 0xb
 690 0030 3B       		.uleb128 0x3b
 691 0031 05       		.uleb128 0x5
 692 0032 49       		.uleb128 0x49
 693 0033 13       		.uleb128 0x13
 694 0034 00       		.byte	0
 695 0035 00       		.byte	0
 696 0036 05       		.uleb128 0x5
 697 0037 35       		.uleb128 0x35
 698 0038 00       		.byte	0
 699 0039 49       		.uleb128 0x49
 700 003a 13       		.uleb128 0x13
 701 003b 00       		.byte	0
 702 003c 00       		.byte	0
ARM GAS  e:\temp\ccM0MeGF.s 			page 31


 703 003d 06       		.uleb128 0x6
 704 003e 2E       		.uleb128 0x2e
 705 003f 01       		.byte	0x1
 706 0040 3F       		.uleb128 0x3f
 707 0041 19       		.uleb128 0x19
 708 0042 03       		.uleb128 0x3
 709 0043 0E       		.uleb128 0xe
 710 0044 3A       		.uleb128 0x3a
 711 0045 0B       		.uleb128 0xb
 712 0046 3B       		.uleb128 0x3b
 713 0047 0B       		.uleb128 0xb
 714 0048 27       		.uleb128 0x27
 715 0049 19       		.uleb128 0x19
 716 004a 11       		.uleb128 0x11
 717 004b 01       		.uleb128 0x1
 718 004c 12       		.uleb128 0x12
 719 004d 06       		.uleb128 0x6
 720 004e 40       		.uleb128 0x40
 721 004f 18       		.uleb128 0x18
 722 0050 9742     		.uleb128 0x2117
 723 0052 19       		.uleb128 0x19
 724 0053 01       		.uleb128 0x1
 725 0054 13       		.uleb128 0x13
 726 0055 00       		.byte	0
 727 0056 00       		.byte	0
 728 0057 07       		.uleb128 0x7
 729 0058 05       		.uleb128 0x5
 730 0059 00       		.byte	0
 731 005a 03       		.uleb128 0x3
 732 005b 0E       		.uleb128 0xe
 733 005c 3A       		.uleb128 0x3a
 734 005d 0B       		.uleb128 0xb
 735 005e 3B       		.uleb128 0x3b
 736 005f 0B       		.uleb128 0xb
 737 0060 49       		.uleb128 0x49
 738 0061 13       		.uleb128 0x13
 739 0062 02       		.uleb128 0x2
 740 0063 17       		.uleb128 0x17
 741 0064 00       		.byte	0
 742 0065 00       		.byte	0
 743 0066 08       		.uleb128 0x8
 744 0067 2E       		.uleb128 0x2e
 745 0068 00       		.byte	0
 746 0069 3F       		.uleb128 0x3f
 747 006a 19       		.uleb128 0x19
 748 006b 03       		.uleb128 0x3
 749 006c 0E       		.uleb128 0xe
 750 006d 3A       		.uleb128 0x3a
 751 006e 0B       		.uleb128 0xb
 752 006f 3B       		.uleb128 0x3b
 753 0070 0B       		.uleb128 0xb
 754 0071 27       		.uleb128 0x27
 755 0072 19       		.uleb128 0x19
 756 0073 11       		.uleb128 0x11
 757 0074 01       		.uleb128 0x1
 758 0075 12       		.uleb128 0x12
 759 0076 06       		.uleb128 0x6
ARM GAS  e:\temp\ccM0MeGF.s 			page 32


 760 0077 40       		.uleb128 0x40
 761 0078 18       		.uleb128 0x18
 762 0079 9742     		.uleb128 0x2117
 763 007b 19       		.uleb128 0x19
 764 007c 00       		.byte	0
 765 007d 00       		.byte	0
 766 007e 09       		.uleb128 0x9
 767 007f 34       		.uleb128 0x34
 768 0080 00       		.byte	0
 769 0081 03       		.uleb128 0x3
 770 0082 0E       		.uleb128 0xe
 771 0083 3A       		.uleb128 0x3a
 772 0084 0B       		.uleb128 0xb
 773 0085 3B       		.uleb128 0x3b
 774 0086 0B       		.uleb128 0xb
 775 0087 49       		.uleb128 0x49
 776 0088 13       		.uleb128 0x13
 777 0089 02       		.uleb128 0x2
 778 008a 17       		.uleb128 0x17
 779 008b 00       		.byte	0
 780 008c 00       		.byte	0
 781 008d 0A       		.uleb128 0xa
 782 008e 34       		.uleb128 0x34
 783 008f 00       		.byte	0
 784 0090 03       		.uleb128 0x3
 785 0091 0E       		.uleb128 0xe
 786 0092 3A       		.uleb128 0x3a
 787 0093 0B       		.uleb128 0xb
 788 0094 3B       		.uleb128 0x3b
 789 0095 0B       		.uleb128 0xb
 790 0096 49       		.uleb128 0x49
 791 0097 13       		.uleb128 0x13
 792 0098 02       		.uleb128 0x2
 793 0099 18       		.uleb128 0x18
 794 009a 00       		.byte	0
 795 009b 00       		.byte	0
 796 009c 0B       		.uleb128 0xb
 797 009d 2E       		.uleb128 0x2e
 798 009e 00       		.byte	0
 799 009f 3F       		.uleb128 0x3f
 800 00a0 19       		.uleb128 0x19
 801 00a1 03       		.uleb128 0x3
 802 00a2 0E       		.uleb128 0xe
 803 00a3 3A       		.uleb128 0x3a
 804 00a4 0B       		.uleb128 0xb
 805 00a5 3B       		.uleb128 0x3b
 806 00a6 0B       		.uleb128 0xb
 807 00a7 27       		.uleb128 0x27
 808 00a8 19       		.uleb128 0x19
 809 00a9 49       		.uleb128 0x49
 810 00aa 13       		.uleb128 0x13
 811 00ab 11       		.uleb128 0x11
 812 00ac 01       		.uleb128 0x1
 813 00ad 12       		.uleb128 0x12
 814 00ae 06       		.uleb128 0x6
 815 00af 40       		.uleb128 0x40
 816 00b0 18       		.uleb128 0x18
ARM GAS  e:\temp\ccM0MeGF.s 			page 33


 817 00b1 9742     		.uleb128 0x2117
 818 00b3 19       		.uleb128 0x19
 819 00b4 00       		.byte	0
 820 00b5 00       		.byte	0
 821 00b6 00       		.byte	0
 822              		.section	.debug_loc,"",%progbits
 823              	.Ldebug_loc0:
 824              	.LLST0:
 825 0000 00000000 		.4byte	.LVL0
 826 0004 0C000000 		.4byte	.LVL1
 827 0008 0100     		.2byte	0x1
 828 000a 50       		.byte	0x50
 829 000b 0C000000 		.4byte	.LVL1
 830 000f 1C000000 		.4byte	.LFE0
 831 0013 0400     		.2byte	0x4
 832 0015 F3       		.byte	0xf3
 833 0016 01       		.uleb128 0x1
 834 0017 50       		.byte	0x50
 835 0018 9F       		.byte	0x9f
 836 0019 00000000 		.4byte	0
 837 001d 00000000 		.4byte	0
 838              	.LLST1:
 839 0021 00000000 		.4byte	.LVL2
 840 0025 0E000000 		.4byte	.LVL4
 841 0029 0100     		.2byte	0x1
 842 002b 50       		.byte	0x50
 843 002c 0E000000 		.4byte	.LVL4
 844 0030 20000000 		.4byte	.LFE2
 845 0034 0400     		.2byte	0x4
 846 0036 F3       		.byte	0xf3
 847 0037 01       		.uleb128 0x1
 848 0038 50       		.byte	0x50
 849 0039 9F       		.byte	0x9f
 850 003a 00000000 		.4byte	0
 851 003e 00000000 		.4byte	0
 852              	.LLST2:
 853 0042 00000000 		.4byte	.LVL2
 854 0046 04000000 		.4byte	.LVL3
 855 004a 0100     		.2byte	0x1
 856 004c 51       		.byte	0x51
 857 004d 04000000 		.4byte	.LVL3
 858 0051 20000000 		.4byte	.LFE2
 859 0055 0400     		.2byte	0x4
 860 0057 F3       		.byte	0xf3
 861 0058 01       		.uleb128 0x1
 862 0059 51       		.byte	0x51
 863 005a 9F       		.byte	0x9f
 864 005b 00000000 		.4byte	0
 865 005f 00000000 		.4byte	0
 866              	.LLST3:
 867 0063 14000000 		.4byte	.LVL5
 868 0067 16000000 		.4byte	.LVL6
 869 006b 0500     		.2byte	0x5
 870 006d 75       		.byte	0x75
 871 006e 00       		.sleb128 0
 872 006f 37       		.byte	0x37
 873 0070 1A       		.byte	0x1a
ARM GAS  e:\temp\ccM0MeGF.s 			page 34


 874 0071 9F       		.byte	0x9f
 875 0072 16000000 		.4byte	.LVL6
 876 0076 20000000 		.4byte	.LFE2
 877 007a 0100     		.2byte	0x1
 878 007c 53       		.byte	0x53
 879 007d 00000000 		.4byte	0
 880 0081 00000000 		.4byte	0
 881              		.section	.debug_aranges,"",%progbits
 882 0000 3C000000 		.4byte	0x3c
 883 0004 0200     		.2byte	0x2
 884 0006 00000000 		.4byte	.Ldebug_info0
 885 000a 04       		.byte	0x4
 886 000b 00       		.byte	0
 887 000c 0000     		.2byte	0
 888 000e 0000     		.2byte	0
 889 0010 00000000 		.4byte	.LFB0
 890 0014 1C000000 		.4byte	.LFE0-.LFB0
 891 0018 00000000 		.4byte	.LFB1
 892 001c 18000000 		.4byte	.LFE1-.LFB1
 893 0020 00000000 		.4byte	.LFB2
 894 0024 20000000 		.4byte	.LFE2-.LFB2
 895 0028 00000000 		.4byte	.LFB3
 896 002c 10000000 		.4byte	.LFE3-.LFB3
 897 0030 00000000 		.4byte	.LFB4
 898 0034 04000000 		.4byte	.LFE4-.LFB4
 899 0038 00000000 		.4byte	0
 900 003c 00000000 		.4byte	0
 901              		.section	.debug_ranges,"",%progbits
 902              	.Ldebug_ranges0:
 903 0000 00000000 		.4byte	.LFB0
 904 0004 1C000000 		.4byte	.LFE0
 905 0008 00000000 		.4byte	.LFB1
 906 000c 18000000 		.4byte	.LFE1
 907 0010 00000000 		.4byte	.LFB2
 908 0014 20000000 		.4byte	.LFE2
 909 0018 00000000 		.4byte	.LFB3
 910 001c 10000000 		.4byte	.LFE3
 911 0020 00000000 		.4byte	.LFB4
 912 0024 04000000 		.4byte	.LFE4
 913 0028 00000000 		.4byte	0
 914 002c 00000000 		.4byte	0
 915              		.section	.debug_line,"",%progbits
 916              	.Ldebug_line0:
 917 0000 DD000000 		.section	.debug_str,"MS",%progbits,1
 917      02005200 
 917      00000201 
 917      FB0E0D00 
 917      01010101 
 918              	.LASF15:
 919 0000 72656733 		.ascii	"reg32\000"
 919      3200
 920              	.LASF24:
 921 0006 50445353 		.ascii	"PDSS_PORTX_REFGEN_CLK_GetFractionalDividerRegister\000"
 921      5F504F52 
 921      54585F52 
 921      45464745 
 921      4E5F434C 
ARM GAS  e:\temp\ccM0MeGF.s 			page 35


 922              	.LASF21:
 923 0039 6D61736B 		.ascii	"maskVal\000"
 923      56616C00 
 924              	.LASF28:
 925 0041 50445353 		.ascii	"PDSS_PORTX_REFGEN_CLK_Stop\000"
 925      5F504F52 
 925      54585F52 
 925      45464745 
 925      4E5F434C 
 926              	.LASF23:
 927 005c 50445353 		.ascii	"PDSS_PORTX_REFGEN_CLK_GetDividerRegister\000"
 927      5F504F52 
 927      54585F52 
 927      45464745 
 927      4E5F434C 
 928              	.LASF17:
 929 0085 50445353 		.ascii	"PDSS_PORTX_REFGEN_CLK_SetFractionalDividerRegister\000"
 929      5F504F52 
 929      54585F52 
 929      45464745 
 929      4E5F434C 
 930              	.LASF12:
 931 00b8 666C6F61 		.ascii	"float\000"
 931      7400
 932              	.LASF1:
 933 00be 756E7369 		.ascii	"unsigned char\000"
 933      676E6564 
 933      20636861 
 933      7200
 934              	.LASF5:
 935 00cc 6C6F6E67 		.ascii	"long unsigned int\000"
 935      20756E73 
 935      69676E65 
 935      6420696E 
 935      7400
 936              	.LASF3:
 937 00de 73686F72 		.ascii	"short unsigned int\000"
 937      7420756E 
 937      7369676E 
 937      65642069 
 937      6E7400
 938              	.LASF19:
 939 00f1 636C6B44 		.ascii	"clkDivider\000"
 939      69766964 
 939      657200
 940              	.LASF13:
 941 00fc 646F7562 		.ascii	"double\000"
 941      6C6500
 942              	.LASF22:
 943 0103 72656756 		.ascii	"regVal\000"
 943      616C00
 944              	.LASF18:
 945 010a 616C6967 		.ascii	"alignClkDiv\000"
 945      6E436C6B 
 945      44697600 
 946              	.LASF16:
 947 0116 50445353 		.ascii	"PDSS_PORTX_REFGEN_CLK_StartEx\000"
ARM GAS  e:\temp\ccM0MeGF.s 			page 36


 947      5F504F52 
 947      54585F52 
 947      45464745 
 947      4E5F434C 
 948              	.LASF20:
 949 0134 636C6B46 		.ascii	"clkFractional\000"
 949      72616374 
 949      696F6E61 
 949      6C00
 950              	.LASF10:
 951 0142 75696E74 		.ascii	"uint16\000"
 951      313600
 952              	.LASF11:
 953 0149 75696E74 		.ascii	"uint32\000"
 953      333200
 954              	.LASF8:
 955 0150 756E7369 		.ascii	"unsigned int\000"
 955      676E6564 
 955      20696E74 
 955      00
 956              	.LASF7:
 957 015d 6C6F6E67 		.ascii	"long long unsigned int\000"
 957      206C6F6E 
 957      6720756E 
 957      7369676E 
 957      65642069 
 958              	.LASF25:
 959 0174 474E5520 		.ascii	"GNU C11 5.4.1 20160609 (release) [ARM/embedded-5-br"
 959      43313120 
 959      352E342E 
 959      31203230 
 959      31363036 
 960 01a7 616E6368 		.ascii	"anch revision 237715] -mcpu=cortex-m0 -mthumb -g -O"
 960      20726576 
 960      6973696F 
 960      6E203233 
 960      37373135 
 961 01da 73202D66 		.ascii	"s -ffunction-sections -ffat-lto-objects -finline-fu"
 961      66756E63 
 961      74696F6E 
 961      2D736563 
 961      74696F6E 
 962 020d 6E637469 		.ascii	"nctions -flto -fno-strict-aliasing\000"
 962      6F6E7320 
 962      2D666C74 
 962      6F202D66 
 962      6E6F2D73 
 963              	.LASF6:
 964 0230 6C6F6E67 		.ascii	"long long int\000"
 964      206C6F6E 
 964      6720696E 
 964      7400
 965              	.LASF14:
 966 023e 63686172 		.ascii	"char\000"
 966      00
 967              	.LASF2:
 968 0243 73686F72 		.ascii	"short int\000"
ARM GAS  e:\temp\ccM0MeGF.s 			page 37


 968      7420696E 
 968      7400
 969              	.LASF9:
 970 024d 75696E74 		.ascii	"uint8\000"
 970      3800
 971              	.LASF4:
 972 0253 6C6F6E67 		.ascii	"long int\000"
 972      20696E74 
 972      00
 973              	.LASF0:
 974 025c 7369676E 		.ascii	"signed char\000"
 974      65642063 
 974      68617200 
 975              	.LASF27:
 976 0268 433A5C55 		.ascii	"C:\\Users\\Admin\\Desktop\\_FIRMWARE\\DBARLite\\CYP"
 976      73657273 
 976      5C41646D 
 976      696E5C44 
 976      65736B74 
 977 0295 44353232 		.ascii	"D5225\\CYPD5225-96BZXI_notebook\\CYPD5225-96BZXI_no"
 977      355C4359 
 977      50443532 
 977      32352D39 
 977      36425A58 
 978 02c6 7465626F 		.ascii	"tebook.cydsn\000"
 978      6F6B2E63 
 978      7964736E 
 978      00
 979              	.LASF26:
 980 02d3 47656E65 		.ascii	"Generated_Source\\PSoC4\\PDSS_PORTX_REFGEN_CLK.c\000"
 980      72617465 
 980      645F536F 
 980      75726365 
 980      5C50536F 
 981              		.comm	__gnu_lto_v1,1,1
 982              		.ident	"GCC: (GNU Tools for ARM Embedded Processors) 5.4.1 20160609 (release) [ARM/embedded-5-bran
