ARM GAS  e:\temp\ccmiGHUu.s 			page 1


   1              		.syntax unified
   2              		.cpu cortex-m0
   3              		.fpu softvfp
   4              		.eabi_attribute 20, 1
   5              		.eabi_attribute 21, 1
   6              		.eabi_attribute 23, 3
   7              		.eabi_attribute 24, 1
   8              		.eabi_attribute 25, 1
   9              		.eabi_attribute 26, 1
  10              		.eabi_attribute 30, 4
  11              		.eabi_attribute 34, 0
  12              		.eabi_attribute 18, 4
  13              		.thumb
  14              		.syntax unified
  15              		.file	"PDSS_PORT0_TX_CLK.c"
  16              		.text
  17              	.Ltext0:
  18              		.section	.gnu.lto_.profile.6241038f,"",%progbits
  19 0000 789C6361 		.ascii	"x\234ca`d`a`\000\222r\222\000\000\277\000B"
  19      60646061 
  19      60009272 
  19      920000BF 
  19      0042
  20              		.text
  21              		.section	.gnu.lto_.icf.6241038f,"",%progbits
  22 0000 789C6361 		.ascii	"x\234ca`d\000\001\005\006\004`eh\355\272\325\302\313"
  22      60640001 
  22      05060460 
  22      6568EDBA 
  22      D5C2CB
  23 0013 D87E74D1 		.ascii	"\330~t\321\015N\246\366\343\355?y\231\017\376\230\276"
  23      0D4EA6F6 
  23      E3ED3F79 
  23      990FFE98 
  23      BE
  24 0024 90996576 		.ascii	"\220\231ev\323\274)<\014\000\345\036\015\250"
  24      D3BC293C 
  24      0C00E51E 
  24      0DA8
  25              		.text
  26              		.section	.gnu.lto_.jmpfuncs.6241038f,"",%progbits
  27 0000 789C6361 		.ascii	"x\234ca`d\000\001q\006\004`e`dd\254\007\21231122\327"
  27      60640001 
  27      71060460 
  27      65606464 
  27      AC078A33 
  28 0019 D7333330 		.ascii	"\327330\260\000\205\001\026\322\001\263"
  28      B0008501 
  28      16D201B3 
  29              		.text
  30              		.section	.gnu.lto_.inline.6241038f,"",%progbits
  31 0000 789C458B 		.ascii	"x\234E\213\261\015\2000\014\004\337\316\007B(`\003("
  31      B10D8030 
  31      0C04DFCE 
  31      07422860 
  31      0328
  32 0012 10E33013 		.ascii	"\020\3430\023#PRf\016\246`$l!\310\027\226\375\347#\004"
ARM GAS  e:\temp\ccmiGHUu.s 			page 2


  32      23505266 
  32      0EA66024 
  32      6C21C817 
  32      96FDE723 
  33 0027 9E1D3511 		.ascii	"\236\0355\021\350V\021\314\206B\272N\242)\223\202e\242"
  33      E85611CC 
  33      8642BA4E 
  33      A2299382 
  33      65A2
  34 0039 6341BB08 		.ascii	"cA\273\010\264\002\213\242\317\242\030\315\220d\203"
  34      B4028BA2 
  34      CFA218CD 
  34      906483
  35 0048 F9D85EA8 		.ascii	"\371\330^\250\367@W\223\277\005D\232j\347o\022A\255"
  35      F7405793 
  35      BF05449A 
  35      6AE76F12 
  35      41AD
  36 005a B2ED6BF0 		.ascii	"\262\355k\360\000t\\\014$"
  36      00745C0C 
  36      24
  37              		.text
  38              		.section	.gnu.lto_.pureconst.6241038f,"",%progbits
  39 0000 789C6361 		.ascii	"x\234ca`d\340f```e\220b\224b\222b\226ba\000\000\003"
  39      6064E066 
  39      60606065 
  39      90629462 
  39      92629662 
  40 0018 E40088   		.ascii	"\344\000\210"
  41              		.text
  42              		.section	.gnu.lto_PDSS_PORT0_TX_CLK_StartEx.6241038f,"",%progbits
  43 0000 789C5551 		.ascii	"x\234UQ=h\024Q\020\236\357\275}{\253\371\351\003)\322"
  43      3D681451 
  43      109EEFBD 
  43      7D7BABF9 
  43      E90329D2 
  44 0014 8520040B 		.ascii	"\205 \004\013\033+\221\013Z(x\344RX\004\216\020\027"
  44      1B2B910B 
  44      5A2878E4 
  44      5258048E 
  44      1017
  45 0026 89860482 		.ascii	"\211\206\004\202\332\372\356v7\207\222B\024S\004\345"
  45      DAFAEE76 
  45      37879242 
  45      145304E5 
  46 0036 5090246A 		.ascii	"P\220$j\274\234b!6\347\211\010\202'iLc\241\021\267\020"
  46      BC9C6221 
  46      36E78908 
  46      8227694C 
  46      63A111B7 
  47 004b 8B3B8D22 		.ascii	"\213;\215\"\212\2363\273)\314\300\316\274\031\276\231"
  47      8A9E33BB 
  47      29CCC0CE 
  47      BC19BE99 
  48 005b F9BE5987 		.ascii	"\371\276Y\207@b\275\212\350 \307#\374\301%\250+M\242"
  48      4062BD8A 
  48      E820C723 
ARM GAS  e:\temp\ccmiGHUu.s 			page 3


  48      FCC125A8 
  48      2B4DA2
  49 006e A2A7A0D3 		.ascii	"\242\247\240\323\207Vf\341%\221\335\353\204\031\262"
  49      875666E1 
  49      2591DDEB 
  49      8419B2
  50 007d DD26AD1F 		.ascii	"\335&\255\037v\000\211\326\003]T\3328`O\251}W\177\024"
  50      760089D6 
  50      035D54DA 
  50      38604FA9 
  50      7D577F14 
  51 0091 1AE5F889 		.ascii	"\032\345\370\211\032Z\266l\357?]\323v\245\216\210\001"
  51      1A5AB66C 
  51      EF3F5DD3 
  51      76A58E88 
  51      01
  52 00a2 1D9562B0 		.ascii	"\035\225b\260\214!Fm\204\3537\364\266\2124\340p\332"
  52      8C21466D 
  52      84EB37F4 
  52      B68A34E0 
  52      70DA
  53 00b4 7EBDF4B1 		.ascii	"~\275\364\261WR\205\001N/=\377\361\314\321\303 ~\327"
  53      57528501 
  53      4E2F3DFF 
  53      F1CCD1C3 
  53      207ED7
  54 00c7 BE55E29E 		.ascii	"\276U\342\236\301;\326\226\254\255\370vO\2445\356B\363"
  54      C13BD696 
  54      ACADF876 
  54      4FA435EE 
  54      42F3
  55 00d9 3CACA21F 		.ascii	"<\254\242\037+\350'.\021\356aP\340[\265\277\327{\334"
  55      2BE8272E 
  55      11EE6150 
  55      E05BB5BF 
  55      D77BDC
  56 00ec 50D60FA4 		.ascii	"P\326\017\244Kq\037\256(\256\216\326m\247\023\330z\315"
  56      4B711FAE 
  56      28AE8ED6 
  56      6DA713D8 
  56      7ACD
  57 00fe AC694F71 		.ascii	"\254iOq\227\243\331\261\002\3515\222\273\342\210Z\334"
  57      97A3D9B1 
  57      02E93592 
  57      BBE2885A 
  57      DC
  58 010f C69A5B4A 		.ascii	"\306\232[Jq\320m\326\307\212u\214\306\257\313o_h\231"
  58      71D06DD6 
  58      C78A758C 
  58      C6AFCB6F 
  58      5F6899
  59 0122 176891BA 		.ascii	"\027h\221\272\0305\336d\204\265\2330\275}\353\367\246"
  59      1835DE64 
  59      84B59B30 
  59      BD7DEBF7 
  59      A6
  60 0133 49536B43 		.ascii	"ISkC+\272\312\321\306jw\0057\213!\037!\203\007Lx\215"
ARM GAS  e:\temp\ccmiGHUu.s 			page 4


  60      2BBACAD1 
  60      C66A7705 
  60      378B211F 
  60      2183074C 
  61 0149 0913AAA8 		.ascii	"\011\023\252\250\200b\224\276\226\337\365\245\0035\317"
  61      806294BE 
  61      96DFF5A5 
  61      0335CF
  62 0158 A40F089B 		.ascii	"\244\017\010\233\301\231\235\302\377\033\014\010\353"
  62      C1999DC2 
  62      FF1B0C08 
  62      EB
  63 0165 D24942CF 		.ascii	"\322IB\317\020\377\031\264\225#\374b\004\255\371fl\322"
  63      10FF19B4 
  63      9523FC62 
  63      04ADF966 
  63      6CD2
  64 0177 2E136859 		.ascii	".\023hY\274\364t\373U\302\305\203\207\03272\352\347"
  64      BCF474FB 
  64      55C2C583 
  64      871A3732 
  64      EAE7
  65 0189 FC974C0A 		.ascii	"\374\227L\012\022\234\234v\353\352\343\344\352\016\352"
  65      129C9C76 
  65      EBEAE3E4 
  65      EA0EEA
  66 0198 7C2F0F0F 		.ascii	"|/\017\017\023`c\261]=$\300]\002\212\326v\355\326\360"
  66      136063B1 
  66      5D3D24C0 
  66      5D028AD6 
  66      76EDD6F0 
  67 01ac 8835F02C 		.ascii	"\2105\360,\372\214R}3Y\277C\017L\213O\270\357\250?\343"
  67      FA8C527D 
  67      3359BF43 
  67      0F4C8B4F 
  67      B8EFA83F 
  68 01c1 CF4D9CF3 		.ascii	"\317M\234\363O\025\362\263\347\347&\375\361\\~6{`<7"
  68      4F15F2B3 
  68      E7E726FD 
  68      F15C7E36 
  68      7B603C37 
  69 01d5 92CF1772 		.ascii	"\222\317\027r'F\307\366\027\306N\026\262\307\217\015"
  69      2746C7F6 
  69      17C64E16 
  69      B2C78F0D 
  70 01e5 4F52D7C4 		.ascii	"OR\327\304\364\324\351\231\354\364\331\221\251\013\377"
  70      F4D4E999 
  70      ECF4D991 
  70      A90BFF
  71 01f4 006F27C3 		.ascii	"\000o'\303\333"
  71      DB
  72              		.text
  73              		.section	.gnu.lto_PDSS_PORT0_TX_CLK_Stop.6241038f,"",%progbits
  74 0000 789C5590 		.ascii	"x\234U\220\277/\004A\024\307\337wf\367V8\177\200D\241"
  74      BF2F0441 
  74      14C7DF77 
  74      66F75638 
ARM GAS  e:\temp\ccmiGHUu.s 			page 5


  74      7F8044A1 
  75 0014 15215728 		.ascii	"\025!W(\264B(H\\\354\025\012\311F\330F\302%\027jsn7"
  75      B4422848 
  75      5CEC150A 
  75      C946D846 
  75      C225176A 
  76 002b 97888282 		.ascii	"\227\210\202\202\212\010\015\347g\224\272u\215\216h"
  76      8A080DE7 
  76      6794BA75 
  76      8D8E68
  77 003a 5C23F123 		.ascii	"\\#\361#\261\205\010wr\032\302yc\025\274d\346\315\274"
  77      B1850877 
  77      721AC279 
  77      6315BC64 
  77      E6CDBC
  78 004d F9CEFB7E 		.ascii	"\371\316\373~\362\014\002\351\230\342\324\316\271\217"
  78      F20C02E9 
  78      98E2D4CE 
  78      B98F
  79 005b 176204B1 		.ascii	"\027b\004\261tN\224\255\023\220\321A\012s\361\214H\325"
  79      744E94AD 
  79      1390D141 
  79      0A73F18C 
  79      48D5
  80 006d 1B9E452A 		.ascii	"\033\236E*nF\365n\003\320Y\325\201\346\2044\015\360"
  80      6E46F56E 
  80      03D059D5 
  80      81E68434 
  80      0DF0
  81 007f 4E51BC89 		.ascii	"NQ\274\211O\201b><\021\255\333\212\343\366\341%\241"
  81      4F81623E 
  81      3C11ADDB 
  81      8AE3F6E1 
  81      25A1
  82 0091 7602F82C 		.ascii	"v\002\370,\250\211H\203m\264\022\313\356\217\277V\032"
  82      A8894883 
  82      6DB412CB 
  82      EE8FBF56 
  82      1A
  83 00a2 639E96B5 		.ascii	"c\236\226\265D\217\330AL\223\035\015\007\252V\313\251"
  83      448FD841 
  83      4C931D0D 
  83      07AA56CB 
  83      A9
  84 00b3 60D93ABD 		.ascii	"`\331:\275\262LA\276\204\344\2155e^\014S\026\202\223"
  84      B24C41BE 
  84      84E48D35 
  84      655E0C53 
  84      168293
  85 00c6 ACB031A3 		.ascii	"\254\2601\243\310\020\305\367\205p\255K7\310I\315\260"
  85      C810C5F7 
  85      8570AD4B 
  85      37C849CD 
  85      B0
  86 00d7 EA172FAC 		.ascii	"\352\027/\254\252\360\245\204\366\332\332\374(\231\321"
  86      AAF0A584 
  86      F6DADAFC 
ARM GAS  e:\temp\ccmiGHUu.s 			page 6


  86      2899D1
  87 00e6 55294F19 		.ascii	"U)O\031\\\312\373\227\205\370\006\326\263\036\323\031"
  87      5CCAFB97 
  87      85F806D6 
  87      B31ED319 
  88 00f6 D845330A 		.ascii	"\330E3\012hf\210=l\200B\314\277\346\257\233\242\206"
  88      6866883D 
  88      6C8042CC 
  88      BFE6AF9B 
  88      A286
  89 0108 927BD21D 		.ascii	"\222{\322\035\274\363\334\344o\341\257\203\000a_\377"
  89      BCF3DCE4 
  89      6FE1AF83 
  89      00615FFF 
  90 0118 248D6712 		.ascii	"$\215g\022\217\014\025ah>\346\252\226\237*\226\376\365"
  90      8F0C1561 
  90      683EE6AA 
  90      969F2A96 
  90      FEF5
  91 012a CF32AB54 		.ascii	"\3172\253T\303\177\327\003ve\311\315\232\377\374\003"
  91      C37FD703 
  91      7665C9CD 
  91      9AFFFC03 
  92 013a 0A043C18 		.ascii	"\012\004<\030\003\207\374\372\210\371\240\324\257\233"
  92      0387FCFA 
  92      88F9A0D4 
  92      AF9B
  93 0148 FC9A809B 		.ascii	"\374\232\200\233\363 \332\372\335i736\343N8vz63\356"
  93      F320DAFA 
  93      DD693733 
  93      36E34E38 
  93      767A3633 
  94 015d 8E26ED74 		.ascii	"\216&\355tO\347h\262\327\266\235\344\320p*\341\244F"
  94      4FE768B2 
  94      D7B69DE4 
  94      D0702AE1 
  94      A446
  95 016f 9C9EC181 		.ascii	"\234\236\301\201\216q\372\006\366\270\220\015"
  95      8E71FA06 
  95      F6B8900D 
  96              		.text
  97              		.section	.gnu.lto_PDSS_PORT0_TX_CLK_SetFractionalDividerRegister.6241038f,"",%progbits
  98 0000 789C6D52 		.ascii	"x\234mR]H\223a\024~\317\373\356\347s\233\323\333\310"
  98      5D489361 
  98      147ECFFB 
  98      EEE7739B 
  98      D3DBC8
  99 0013 0B6F4424 		.ascii	"\013oD$\020\243.\352\246\033%\241\242\304\231t!\214"
  99      10A32EEA 
  99      A61B25A1 
  99      A2C49974 
  99      218C
 100 0025 314788A6 		.ascii	"1G\210\246\260\264[\337\271}3\006R\004II\"$\346\277"
 100      B0B45BDF 
 100      B97D3306 
 100      52044949 
 100      2224E6BF 
ARM GAS  e:\temp\ccmiGHUu.s 			page 7


 101 0039 6ED99F69 		.ascii	"n\331\237i4\007\026H\031E?7\"ab\020as\254,\321\3269"
 101      34071648 
 101      19453F37 
 101      22616210 
 101      6173AC2C 
 102 0050 DF3B0BA1 		.ascii	"\337;\013\241\027\366\376\234=\317s\316y\316gb\300h"
 102      17F6FE9C 
 102      3DCF73CE 
 102      79CE6762 
 102      C068
 103 0062 B509C6CE 		.ascii	"\265\011\306\316\342\271\037\177 \030\360\253\213\214"
 103      E2B91F7F 
 103      2018F0AB 
 103      8B8C
 104 0070 05340E40 		.ascii	"\0054\016@\027\251\001k\347\320\016\337\371\016\207"
 104      17A9016B 
 104      E7D00EDF 
 104      F90E87
 105 007f 44E7DA34 		.ascii	"D\347\3324/\031\224\270>\316\367\037\224Cq\320\221\236"
 105      2F1994B8 
 105      3ECEF71F 
 105      944371D0 
 105      919E
 106 0091 E1861283 		.ascii	"\341\206\022\203A(A\324|f3\236\227\346\272\000 \322"
 106      412841D4 
 106      7C66339E 
 106      97E6BA00 
 106      20D2
 107 00a3 9BE48B5E 		.ascii	"\233\344\213^;=9\344\3433\234\372\260\352\020\245\300"
 107      3B3D39E4 
 107      E3339CFA 
 107      B0EA10A5 
 107      C0
 108 00b4 F03E1A7D 		.ascii	"\360>\032}\032\311+\036\220\262C\312_\036i\326\205\200"
 108      1AC92B1E 
 108      90B243CA 
 108      5F1E69D6 
 108      8580
 109 00c6 1110A807 		.ascii	"\021\020\250\007\303P\000CP\3000\304`\024\212\021\335"
 109      C3500043 
 109      50C030C4 
 109      60148A11 
 109      DD
 110 00d7 19BB73CD 		.ascii	"\031\273s\315)\216\032\314\201\313[c\220e>yf\227e\272"
 110      298E1ACC 
 110      81CB5B63 
 110      90653E79 
 110      669765BA 
 111 00eb 30C198A2 		.ascii	"0\301\230\242\036*\2002\"\232\030\214C1\241_\207\242"
 111      1E2A8032 
 111      229A188C 
 111      4331A15F 
 111      87A2
 112 00fd B784AAC8 		.ascii	"\267\204\252\310\204\317\215\227=\237\234\252\242B|"
 112      84CF8D97 
 112      3D9F9CAA 
 112      A2427C
ARM GAS  e:\temp\ccmiGHUu.s 			page 8


 113 010c AE7F5EBE 		.ascii	"\256\177^\276\222+*\015\335o7d~Q?\311\306\247\"\316"
 113      922B2A0D 
 113      DD6F3764 
 113      7E513FC9 
 113      C6A722CE 
 114 0120 9B321E2A 		.ascii	"\2332\036*\324\205\031\242Jy\022\213\232\300\242h!x"
 114      D48519A2 
 114      4A79128B 
 114      9AC0A268 
 114      2178
 115 0132 7236FA8E 		.ascii	"r6\372\216\213\323\006q\242+6a\3112\243\013\016y5\240"
 115      8BD30671 
 115      A22B3661 
 115      C932A30B 
 115      0E7935A0 
 116 0146 11F1EE7F 		.ascii	"\021\361\356\177\211+\261\337\327s-!\362\261\020\246"
 116      892BB1DF 
 116      D7732D21 
 116      F2B110A6 
 117 0156 A0086250 		.ascii	"\240\010bP\244\\\204{`\301\271\360\335\350du\\f2A\031"
 117      A45C847B 
 117      60C1B9F0 
 117      DDE86475 
 117      5C663241 
 118 016b EFB3CD6D 		.ascii	"\357\263\315m\333\234\034\333\262\240!\370\257\011\310"
 118      DB9C1CDB 
 118      B2A021F8 
 118      AF09C8
 119 017a 1633052C 		.ascii	"\0263\005,\264Yi\323\200Z\316\241\253\2156;m\016f\350"
 119      B45969D3 
 119      805ACEA1 
 119      AB8D363B 
 119      6D0E66E8 
 120 018e B32426A0 		.ascii	"\263$&\240\231npN\247X\203\304V\344\307\3601\312\031"
 120      996E704E 
 120      A75883C4 
 120      56E4C7F0 
 120      31CA19
 121 01a1 1434AA6E 		.ascii	"\0244\252n=\361\312J\306X\215\236\026\226\346n\347\251"
 121      3DF1CA4A 
 121      C6588D9E 
 121      1696E66E 
 121      E7A9
 122 01b3 A70C8724 		.ascii	"\247\014\207$Y\267\3365\376\334\331\007\275\201\020"
 122      59B7DE35 
 122      FEDCD907 
 122      BD8110
 123 01c2 4E5E8307 		.ascii	"N^\203\007\330\327}\352\013\036B\037\2605\010n\207\277"
 123      D8D77DEA 
 123      0B1E421F 
 123      B035086E 
 123      87BF
 124 01d4 8212144A 		.ascii	"\202\022\024J3\035\3217\015\357-`\205G\210]\001nt\211"
 124      331DD137 
 124      0DEF2D60 
 124      8547885D 
 124      016E7489 
ARM GAS  e:\temp\ccmiGHUu.s 			page 9


 125 01e8 3D200839 		.ascii	"= \0109\035\251\316\367#\265\212d\016\342\330P&\031"
 125      1DA9CEF7 
 125      23B58A64 
 125      0EE2D850 
 125      2619
 126 01fa 5EDAA722 		.ascii	"^\332\247\"\024D\231\236\231\364\202\231dr@\203i\224"
 126      1444999E 
 126      99F48299 
 126      64724083 
 126      6994
 127 020c 41D0CFF0 		.ascii	"A\320\317\360\342H\235BY\215|\026\245\266\274\253\226"
 127      E2489D42 
 127      598D7C16 
 127      A5B6BCAB 
 127      96
 128 021d 13149A52 		.ascii	"\023\024\232R{\233-\312\206A\372\220S\321A\207R\023"
 128      7B9B2DCA 
 128      8641FA90 
 128      53D14187 
 128      5213
 129 022f F058A96D 		.ascii	"\360X\251m\207\323\331\224v\304\321x\365\325aMU\236"
 129      87D3D994 
 129      76C4D178 
 129      F5D5614D 
 129      559E
 130 0241 0198F997 		.ascii	"\001\230\371\227\363\210\2029\214\264\366\277\015\305"
 130      F3888239 
 130      8CB4F6BF 
 130      0DC5
 131 024f A8210782 		.ascii	"\250!\007\202\022\335\033\313)+\305\3668\026\220\322"
 131      12DD1BCB 
 131      292BC5F6 
 131      381690D2 
 132 025f BED7B459 		.ascii	"\276\327\264Y4\215(_\240#\276s\202\010\306\027\222\344"
 132      348D285F 
 132      A023BE73 
 132      8208C617 
 132      92E4
 133 0271 4003C271 		.ascii	"@\003\302q\035\250\3645\373\374\236V_\275\333\325\322"
 133      1DA8F435 
 133      FBFC9E56 
 133      5FBDDBD5 
 133      D2
 134 0282 E6F7FAEA 		.ascii	"\346\367\372\352\252\\-\345\207\353\252*\\.w\325\231"
 134      AA5C2DE5 
 134      87EBAA2A 
 134      5C2E77D5 
 134      99
 135 0293 EA9A3277 		.ascii	"\352\2322w\3159w\371\251\223\245^f\36365V4\\j\250\367"
 135      CD3977F9 
 135      A993A55E 
 135      66F33635 
 135      56345C6A 
 136 02a9 F973F17A 		.ascii	"\371s\361z\334\357\361\2666\2644{\232,~\337\371ZO\223"
 136      DCEFF1B6 
 136      36B4347B 
 136      9A2C7EDF 
ARM GAS  e:\temp\ccmiGHUu.s 			page 10


 136      F95A4F93 
 137 02bd F582E762 		.ascii	"\365\202\347b#\236\177\000\313\0339\366"
 137      239E7F00 
 137      CB1B39F6 
 138              		.text
 139              		.section	.gnu.lto_PDSS_PORT0_TX_CLK_GetDividerRegister.6241038f,"",%progbits
 140 0000 789C2D90 		.ascii	"x\234-\220\301KBA\020\306\347\333}\332\003)\273\347"
 140      C14B4241 
 140      10C6E7DB 
 140      7DDA0329 
 140      BBE7
 141 0012 A1631245 		.ascii	"\241c\022E\207\372\003\302\250CA\342\363\320A\2200\257"
 141      87FA03C2 
 141      A84341E2 
 141      F3D04190 
 141      30AF
 142 0024 09526757 		.ascii	"\011RgW\237\257 \010\272\324!\020!\002\313R\351Z\027"
 142      9FAF2008 
 142      BAD42110 
 142      2102CB52 
 142      E95A17
 143 0037 15229028 		.ascii	"\025\"\220((\210\016\035\"\302C\20701\202\240l\007["
 143      28880E1D 
 143      22C24387 
 143      303182A0 
 143      6C075B
 144 004a 989DFD76 		.ascii	"\230\235\375v\277\231\371\261\006\201xM\3514\246\363"
 144      BF99F9B1 
 144      0681784D 
 144      E934A6F3 
 145 005a 900E4882 		.ascii	"\220\016H\202\330\271!J\233\002\340\2032A)\201\024>"
 145      D8B9214A 
 145      9B02E083 
 145      32412981 
 145      143E
 146 006c C58FC065 		.ascii	"\305\217\300e\367\253\352\355\010\207mZ\336\265\256"
 146      F7ABEAED 
 146      08876D5A 
 146      DEB5AE
 147 007b 731E96C0 		.ascii	"s\036\226\300\240\226\305\303J\333\364\027\224\312\250"
 147      A096C5C3 
 147      4ADBF417 
 147      94CAA8
 148 008a 67E77C3A 		.ascii	"g\347|:m;#\216\024\324\025\204#\370P\200\217G\034\303"
 148      6D3B238E 
 148      14D41584 
 148      23F85080 
 148      8F471CC3 
 149 009e 4FDAFC72 		.ascii	"O\332\374r\366\273\333\357\316*\275\206\331\242_\212"
 149      F6BBDBEF 
 149      CE2ABD86 
 149      D9A25F8A 
 150 00ae 70335225 		.ascii	"p3R%TU\335\256\255\252\367\236\332\243\307\005r\244"
 150      5455DDAE 
 150      ADAAF79E 
 150      DAA3C705 
 150      72A4
ARM GAS  e:\temp\ccmiGHUu.s 			page 11


 151 00c0 94BC19C4 		.ascii	"\224\274\031\304\355\250\245\203\321>\204\340,\233\250"
 151      EDA8A583 
 151      D13E84E0 
 151      2C9BA8
 152 00cf 7F6F3D94 		.ascii	"\177o=\224#\\oK\251{\3579\365\333>\3462\300\243\032"
 152      235C6F4B 
 152      A97BEF39 
 152      F5DB3EE6 
 152      32C0A31A 
 153 00e3 4FB5036F 		.ascii	"O\265\003oO\252\215\2542\364\325\373v\351j \217\\:\013"
 153      4FAA8DAC 
 153      32F4D5FB 
 153      76E96A20 
 153      8F5C3A0B 
 154 00f7 47BA70AA 		.ascii	"G\272p\252\361N\030\017%\344AM\330\355Y\262%z\355\366"
 154      F14E180F 
 154      25E4414D 
 154      D8ED59B2 
 154      257AEDF6 
 155 010b 2F3A0D17 		.ascii	"/:\015\027\327\273a\242\254mMd\332\233\257\350\0154"
 155      D7BB61A2 
 155      AC6D4D64 
 155      DA9BAFE8 
 155      0D34
 156 011d B48FDE20 		.ascii	"\264\217\336 \376\025\177iK\200\3114\347\350\\|5\236"
 156      FE157F69 
 156      4B80C934 
 156      E7E85C7C 
 156      359E
 157 012f 5C5E8BAF 		.ascii	"\\^\213\257D\255\304z2\026\217\004\255D`2\022\234\261"
 157      44ADC47A 
 157      32168F04 
 157      AD446032 
 157      129CB1
 158 0142 AC687031 		.ascii	"\254hp1\024\236\210\206\227\242\201\205\371\361\030"
 158      149E8886 
 158      97A28185 
 158      F9F118
 159 0151 FD019FBF 		.ascii	"\375\001\237\277x\000"
 159      7800
 160              		.text
 161              		.section	.gnu.lto_PDSS_PORT0_TX_CLK_GetFractionalDividerRegister.6241038f,"",%progbits
 162 0000 789C6361 		.ascii	"x\234ca`d\000\201i@\254\013\304\322@\314\310\314\300"
 162      60640081 
 162      6940AC0B 
 162      C4D240CC 
 162      C8CCC0
 163 0013 C834E11C 		.ascii	"\3104\341\034\003C#\007\023##\210\321\300\301\310P\317"
 163      03432307 
 163      13232388 
 163      D1C0C1C8 
 163      50CF
 164 0025 C458CFF8 		.ascii	"\304X\317\370\225\351/\023\343\351\357'z\2704\22774"
 164      95E92F13 
 164      E3E9EF27 
 164      7AB83497 
 164      3734
ARM GAS  e:\temp\ccmiGHUu.s 			page 12


 165 0037 34353C38 		.ascii	"45<8\372\330r\372\212\003\214\255\314\014\014\377\231"
 165      FAD872FA 
 165      8A038CAD 
 165      CC0C0CFF 
 165      99
 166 0048 18188D65 		.ascii	"\030\030\215e\030\015d@F,g\324d\000*}\264\361\337T^"
 166      180D6440 
 166      462C67D4 
 166      64002A7D 
 166      B4F1DF54 
 167 005d B6960620 		.ascii	"\266\226\006 P\000)\000\312\254`d\003Y\271>\350@\303"
 167      50002900 
 167      CAAC6064 
 167      0359B93E 
 167      E840C3
 168 0070 FFFFCD0D 		.ascii	"\377\377\315\015\007\346\363\035\334\307\007\224\371"
 168      07E6F31D 
 168      DCC70794 
 168      F9
 169 007d 00C420BB 		.ascii	"\000\304 \273>21\201h\346W\214M\007v\367\361\201\324"
 169      3E323181 
 169      68E6578C 
 169      4D0776F7 
 169      F181D4
 170 0090 030D9AD6 		.ascii	"\003\015\232\326z\350<\373\027&\240=\214\014\214+\031"
 170      7AE83CFB 
 170      1726A03D 
 170      8C0C8C2B 
 170      19
 171 00a1 41760075 		.ascii	"Av\000u0\202T\002\365i\273\247\346\245\026%\226\244"
 171      30825402 
 171      F569BBA7 
 171      E6A51625 
 171      96A4
 172 00b3 A6C407E7 		.ascii	"\246\304\007\347\227\026%\247\306\004\004\347;\233\304"
 172      971625A7 
 172      C60404E7 
 172      3B9BC4
 173 00c2 04B80407 		.ascii	"\004\270\004\007\307\007\370\007\205\030\304\207D\304"
 173      C707F807 
 173      8518C487 
 173      44C4
 174 00d0 3BFB78EB 		.ascii	";\373x\353%3\000\000\313AF\002"
 174      25330000 
 174      CB414602 
 175              		.text
 176              		.section	.gnu.lto_.symbol_nodes.6241038f,"",%progbits
 177 0000 789C6361 		.ascii	"x\234ca`d\010g\000\002&\206z\006\206\011\347\030@\324"
 177      60640867 
 177      00022686 
 177      7A068609 
 177      E71840D4 
 178 0014 AE0645A0 		.ascii	"\256\006E\240\000c=#\252\000S=\023\252\000s=3\252\000"
 178      00633D23 
 178      AA00533D 
 178      13AA0073 
 178      3D33AA00 
ARM GAS  e:\temp\ccmiGHUu.s 			page 13


 179 0028 4B3D0B8A 		.ascii	"K=\013\212\000\003\000U/\023\016"
 179      00030055 
 179      2F130E
 180              		.text
 181              		.section	.gnu.lto_.refs.6241038f,"",%progbits
 182 0000 789C6361 		.ascii	"x\234ca`\004B \000\000\0009\000\007"
 182      60044220 
 182      00000039 
 182      0007
 183              		.text
 184              		.section	.gnu.lto_.decls.6241038f,"",%progbits
 185 0000 789C8D54 		.ascii	"x\234\215ToL[U\024\277\347\275\322\301\243\260\205,"
 185      6F4C5B55 
 185      14BFE7BD 
 185      D2C1A3B0 
 185      852C
 186 0012 0B9A26E2 		.ascii	"\013\232&\342\242\205\304\244\216a\214\037\2141\001"
 186      A285C4A4 
 186      8E618C1F 
 186      8C3101
 187 0021 D7251A47 		.ascii	"\327%\032G\306F\374\260\244a\354\005I\026X\272\3168"
 187      C646FCB0 
 187      A461EC05 
 187      491658BA 
 187      CE38
 188 0033 BF781D62 		.ascii	"\277x\035b\212\354\003\375\260\271\"dc\304Y\006\254"
 188      8AEC03FD 
 188      B0B92264 
 188      63C45906 
 188      AC
 189 0044 6C0346E7 		.ascii	"l\003F\347\250u\223\026\030E\376&\352\"\240\035Q\263"
 189      A8759316 
 189      1845FE26 
 189      EA22A01D 
 189      51B3
 190 0056 C5D4B9A8 		.ascii	"\305\324\271\250cn\365\334\373^\373Zx\030o\336y\357"
 190      636EF5DC 
 190      FB5EFB5A 
 190      78186FDE 
 190      79EF
 191 0068 DEF3CE39 		.ascii	"\336\363\3169\277\337\371\223k @\330\2521\022b\301\355"
 191      BFDFF993 
 191      6B2040D8 
 191      AA311262 
 191      C1ED
 192 007a 4194382E 		.ascii	"A\2248.<\222J\242\255\014\224\001\224!\2240\3128J\204"
 192      3C924AA2 
 192      AD0C9401 
 192      94219430 
 192      CA384A84 
 193 008e AC5DCC26 		.ascii	"\254]\314&K\365\315C\331\214\342C)D\231B\231G\231C\331"
 193      4BF5CD43 
 193      D98CE243 
 193      29449942 
 193      99479943 
 194 00a3 A5DA83EA 		.ascii	"\245\332\203\352\263z\015\251\230\225:\276\011\277!"
 194      B37A0DA9 
ARM GAS  e:\temp\ccmiGHUu.s 			page 14


 194      98953ABE 
 194      09BF21
 195 00b2 1D3FC64D 		.ascii	"\035?\306MZ\205\177\003%\220\302C\217CX'\026\313q\303"
 195      5A857F03 
 195      2590C243 
 195      8F435827 
 195      16CB71C3 
 196 00c6 AA38EBF9 		.ascii	"\2528\353\371\217\353\370G\324\177\201\024;\275\232"
 196      8FEBF847 
 196      D47F8114 
 196      3BBD9A
 197 00d5 3D1220DE 		.ascii	"=\022 \336~\301\233u\013\276\003\001\324\206\020\000"
 197      7EC19B75 
 197      0BBE0301 
 197      D4861000 
 198 00e5 E50D5C88 		.ascii	"\345\015\\\210\"\374\210\033\201\277IR\225\374\020\366"
 198      22FC881B 
 198      81BF4952 
 198      95FC10F6 
 199 00f5 268A3DD7 		.ascii	"&\212=\327i\301\370\223\370\306\023\213\007\321\242"
 199      69C1F893 
 199      F8C6138B 
 199      07D1A2
 200 0104 83EA0449 		.ascii	"\203\352\004I\006\212\227\362_P\315\210\022\\\320\034"
 200      068A97F2 
 200      5F50CD88 
 200      125CD01C 
 201 0114 52E22974 		.ascii	"R\342)tS8AzN\220H\272u\341\323^\203\2101q\277\370\300"
 201      5338417A 
 201      4E9048BA 
 201      75E1D35E 
 201      83883171 
 202 012b BBC3DA43 		.ascii	"\273\303\332Cq\265P*\274\254U\346\207\321\256n\361\276"
 202      71B5502A 
 202      BCAC55E6 
 202      87D1AE6E 
 202      F1BE
 203 013d 008512B0 		.ascii	"\000\205\022\260\360\033Q\345\273\353\177\220\243\250"
 203      F01B51E5 
 203      BBEB7F90 
 203      A3A8
 204 014b 98C5F8E2 		.ascii	"\230\305\370\342\362\275,\361Y\276\237\376\260\257\215"
 204      F2BD2CF1 
 204      59BE9FFE 
 204      B0AF8D
 205 015a 59E74960 		.ascii	"Y\347I`\300\343\357\221\326h.\0367KP\360H\020f<w\027"
 205      C0E3EF91 
 205      D6682E1E 
 205      374B50F0 
 205      4810663C 
 206 0170 8D2015B9 		.ascii	"\215 \025\271(=F[\032h\336N\002\027\300\014\275`&\320"
 206      283D465B 
 206      1A68DE4E 
 206      0217C00C 
 206      BD6026D0 
 207 0184 07452C62 		.ascii	"\007E,b\027X\011t\243\362<*\3171BK~\377+~J7\201\017"
 207      17580974 
ARM GAS  e:\temp\ccmiGHUu.s 			page 15


 207      A3F23C2A 
 207      CF31424B 
 207      7EFF2B7E 
 208 019c 24E80191 		.ascii	"$\350\001\221\233`\032\205\222\332\273\245\376\026\301"
 208      9B601A85 
 208      92DABBA5 
 208      FE16C1
 209 01ab 20A08619 		.ascii	" \240\206\031\35470\335H\374\257\340F\205\207\200\307"
 209      EC3730DD 
 209      48FCAFE0 
 209      46858780 
 209      C7
 210 01bc 99D8447B 		.ascii	"\231\330D{\266\302c\023\036\347\333b\263\331\371'Yp"
 210      B6C26313 
 210      1EE7DB62 
 210      B3D9F927 
 210      5970
 211 01ce DA400B04 		.ascii	"\332@\013\004\250\334\002\227\021\362\022B\022\350\207"
 211      A8DC0297 
 211      11F21242 
 211      12E887
 212 01dd 7C7C5F04 		.ascii	"||_\004\203\022>\374\317@\324\260\365\014=\323G\227"
 212      83123EFC 
 212      CF40D4B0 
 212      F50C3DD3 
 212      4797
 213 01ef 86438527 		.ascii	"\206C\205'\033\250\027\335\012\230\031x56\270e\237\317"
 213      1BA817DD 
 213      0A981978 
 213      3536B865 
 213      9FCF
 214 0201 E116567B 		.ascii	"\341\026V{\000\266\242\347\330\340\007K\271\342{\274"
 214      00B6A2E7 
 214      D8E0074B 
 214      B9E27BBC 
 215 0211 3077029E 		.ascii	"0w\002\236x\316\272\220W8\344~\025\361\270g\366D\246"
 215      78CEBA90 
 215      5738E47E 
 215      15F1B867 
 215      F644A6
 216 0224 82187C1C 		.ascii	"\202\030|\0342\321)\364y\225\331\300\240\2067\230\212"
 216      32D129F4 
 216      7995D9C0 
 216      A0863798 
 216      8A
 217 0235 37C4F1E6 		.ascii	"7\304\361\346\\\307\232%\321\015\034\320\327x\273+\023"
 217      5CC79A25 
 217      D10D1CD0 
 217      D778BB2B 
 217      13
 218 0246 533663DF 		.ascii	"S6c\337 \245if\245i\036w\364q\266\030\344\266\302l\264"
 218      20A56966 
 218      A5691E77 
 218      F471B618 
 218      E4B6C26C 
 219 025b FB570314 		.ascii	"\373W\003\024Ij\271/*\345\016`5\257i\200fVn\336\271"
 219      496AB92F 
ARM GAS  e:\temp\ccmiGHUu.s 			page 16


 219      2AE50E60 
 219      35AF6980 
 219      66566EDE 
 220 0270 D8596ACC 		.ascii	"\330Yj\314'Pb\206m\330\267a\354\233Y\355\333\027\230"
 220      27506286 
 220      6DD8B761 
 220      EC9B59ED 
 220      DB1798
 221 0283 D155CC08 		.ascii	"\321U\314\010\001\226?9}\307\310\273\022Hv\345\263\225"
 221      01963F39 
 221      7DC7C8BB 
 221      124876E5 
 221      B395
 222 0295 8731361D 		.ascii	"\20716\035\0266Kb\012)\213B\312\333\021\272,\211!\205"
 222      16364B62 
 222      0A298B42 
 222      CADB11BA 
 222      2C892185 
 223 02a9 D46FFDE1 		.ascii	"\324o\375\341os\022\303\2025\223\212H\262b\3605\202"
 223      6F7312C3 
 223      8235938A 
 223      48B262F0 
 223      3582
 224 02bb 5A54D0AF 		.ascii	"ZT\320\257P\031L\014K\260\365)*\300\015\204\274\256"
 224      50194C0C 
 224      4BB0F529 
 224      2AC00D84 
 224      BCAE
 225 02cd 51B7A893 		.ascii	"Q\267\250\22321\025\367\2328'f\360%pR\277\254\254\030"
 225      323115F7 
 225      9A382766 
 225      F0257052 
 225      BFACAC18 
 226 02e1 D66D4C88 		.ascii	"\326mL\2107f$1\013\276\345\316\333Rb\026>\262\375t\211"
 226      37662431 
 226      0BBEE5CE 
 226      DB526216 
 226      3EB2FD74 
 227 02f6 D246F433 		.ascii	"\322F\36430;\360k\200\376\324\346\204ys&\007:\215bD"
 227      303BF06B 
 227      80FED4E6 
 227      84797326 
 227      073A8D62 
 228 030b E9CDFDEB 		.ascii	"\351\315\375\353=\177\244a2:\032\350X\3324\014/\214"
 228      3D7FA461 
 228      323A1AE8 
 228      58DA340C 
 228      2F8C
 229 031d 341BD569 		.ascii	"4\033\325i\230n6yh\020\313\2019\242\025\214j\220\243"
 229      986E3679 
 229      6810CB81 
 229      39A2158C 
 229      6A90A3
 230 0330 A990E31C 		.ascii	"\251\220\343\034\2621z\355g\243xO\301lo\351<\2376\363"
 230      B2317AED 
 230      67A3784F 
 230      C16C6FE9 
ARM GAS  e:\temp\ccmiGHUu.s 			page 17


 230      3C9F36F3 
 231 0344 8134CC89 		.ascii	"\2014\314\2114\314\336\246\351\323Y\210\331\207\230"
 231      34CCDEA6 
 231      E9D35988 
 231      D98798
 232 0353 ED936212 		.ascii	"\355\223b\022\023\255\340\246\206y3\0253\3020\305\316"
 232      13ADE0A6 
 232      86793315 
 232      33C230C5 
 232      CE
 233 0364 DE87E772 		.ascii	"\336\207\347r1*{\244V\212\315\213\305\343\357\307\343"
 233      312A7BA4 
 233      568ACD8B 
 233      C5E3EFC7 
 233      E3
 234 0375 1B600A24 		.ascii	"\033`\012$\302\025\324}\266\314\345~\222+\\\374\306"
 234      C215D47D 
 234      B6CCE57E 
 234      922B5CFC 
 234      C6
 235 0386 49BF0908 		.ascii	"I\277\011\010\377C\340\033<O\262f\343\02195\375x\342"
 235      FF43E01B 
 235      3C4FB266 
 235      E3113935 
 235      FD78E2
 236 0399 FB0CC9C5 		.ascii	"\373\014\311\305\330\377\237\253\003=\256.\320\266\014"
 236      D8FF9FAB 
 236      033DAE2E 
 236      D0B60C
 237 03a8 B1835F70 		.ascii	"\261\203_p\302|\363\225S\2426\343\035{\335M,\2439\254"
 237      C27CF395 
 237      53A236E3 
 237      1D7BDD4D 
 237      2CA339AC 
 238 03bc C28C96D1 		.ascii	"\302\214\226\3214\250S\276\026dV\037\344\317\277\307"
 238      34A853BE 
 238      1664561F 
 238      E4CFBFC7 
 239 03cc 8E9B4C1F 		.ascii	"\216\233L\037'o4\036QKe\036L\374\342e\337'\312\313*"
 239      276F341E 
 239      514B651E 
 239      4CFCE265 
 239      DF27CACB 
 240 03e1 2AECE5BB 		.ascii	"*\354\345\273v\357\331f\337\363\226\275\364\215\327"
 240      76EFD966 
 240      DFF396BD 
 240      F48DD7
 241 03f0 ED15CE2A 		.ascii	"\355\025\316*\207\363\265w3mo\356-(-.&\306#\265u\316"
 241      87F3B577 
 241      336D6FEE 
 241      2D282D2E 
 241      26C623B5 
 242 0406 92ED4FDB 		.ascii	"\222\355O\333\344:\331Q\345\224\017\330+\352\2178\252"
 242      E43AD951 
 242      E5940FD8 
 242      2BEA8F38 
 242      AA
ARM GAS  e:\temp\ccmiGHUu.s 			page 18


 243 0417 E57DE515 		.ascii	"\345}\345\025\365\245/<_}\324y\364\220|\330\3726yN\337"
 243      F5A52F3C 
 243      5F7DD479 
 243      F4907CD8 
 243      FA36794E 
 244 042c 62DF1A08 		.ascii	"b\337\032\010k5\331\242\207[\177\310\252\243\226\235"
 244      6B35D9A2 
 244      875B7FC8 
 244      AAA3969D 
 245 043c 3B1C55D5 		.ascii	";\034U\325\316\332\372\272\252\203e\265\357\324\036"
 245      CEDAFABA 
 245      AA8365B5 
 245      EFD41E
 246 044b 901DBBE5 		.ascii	"\220\035\273\345\232\332\303N\331\221\301\250\275\304"
 246      9ADAC34E 
 246      D991C1A8 
 246      BDC4
 247 0459 0916BFF8 		.ascii	"\011\026\277\370\314Z_\233\354\\\345\241\003`\373/\000"
 247      CC5A5F9B 
 247      EC5CE5A1 
 247      0360FB2F 
 247      00
 248 046a 875C53B2 		.ascii	"\207\\S\262\375_,\210H\014"
 248      FD5F2C88 
 248      480C
 249              		.text
 250              		.section	.gnu.lto_.symtab.6241038f,"",%progbits
 251 0000 50445353 		.ascii	"PDSS_PORT0_TX_CLK_StartEx\000"
 251      5F504F52 
 251      54305F54 
 251      585F434C 
 251      4B5F5374 
 252 001a 00       		.ascii	"\000"
 253 001b 00       		.ascii	"\000"
 254 001c 00       		.ascii	"\000"
 255 001d 00000000 		.ascii	"\000\000\000\000\000\000\000\000"
 255      00000000 
 256 0025 B5000000 		.ascii	"\265\000\000\000"
 257 0029 50445353 		.ascii	"PDSS_PORT0_TX_CLK_Stop\000"
 257      5F504F52 
 257      54305F54 
 257      585F434C 
 257      4B5F5374 
 258 0040 00       		.ascii	"\000"
 259 0041 00       		.ascii	"\000"
 260 0042 00       		.ascii	"\000"
 261 0043 00000000 		.ascii	"\000\000\000\000\000\000\000\000"
 261      00000000 
 262 004b B8000000 		.ascii	"\270\000\000\000"
 263 004f 50445353 		.ascii	"PDSS_PORT0_TX_CLK_SetFractionalDividerRegister\000"
 263      5F504F52 
 263      54305F54 
 263      585F434C 
 263      4B5F5365 
 264 007e 00       		.ascii	"\000"
 265 007f 00       		.ascii	"\000"
 266 0080 00       		.ascii	"\000"
ARM GAS  e:\temp\ccmiGHUu.s 			page 19


 267 0081 00000000 		.ascii	"\000\000\000\000\000\000\000\000"
 267      00000000 
 268 0089 C7000000 		.ascii	"\307\000\000\000"
 269 008d 50445353 		.ascii	"PDSS_PORT0_TX_CLK_GetDividerRegister\000"
 269      5F504F52 
 269      54305F54 
 269      585F434C 
 269      4B5F4765 
 270 00b2 00       		.ascii	"\000"
 271 00b3 00       		.ascii	"\000"
 272 00b4 00       		.ascii	"\000"
 273 00b5 00000000 		.ascii	"\000\000\000\000\000\000\000\000"
 273      00000000 
 274 00bd CA000000 		.ascii	"\312\000\000\000"
 275 00c1 50445353 		.ascii	"PDSS_PORT0_TX_CLK_GetFractionalDividerRegister\000"
 275      5F504F52 
 275      54305F54 
 275      585F434C 
 275      4B5F4765 
 276 00f0 00       		.ascii	"\000"
 277 00f1 00       		.ascii	"\000"
 278 00f2 00       		.ascii	"\000"
 279 00f3 00000000 		.ascii	"\000\000\000\000\000\000\000\000"
 279      00000000 
 280 00fb CD000000 		.ascii	"\315\000\000\000"
 281              		.text
 282              		.section	.gnu.lto_.opts,"",%progbits
 283 0000 272D666D 		.ascii	"'-fmath-errno' '-fsigned-zeros' '-ftrapping-math' '"
 283      6174682D 
 283      6572726E 
 283      6F272027 
 283      2D667369 
 284 0033 2D666E6F 		.ascii	"-fno-trapv' '-fno-openmp' '-fno-openacc' '-mcpu=cor"
 284      2D747261 
 284      70762720 
 284      272D666E 
 284      6F2D6F70 
 285 0066 7465782D 		.ascii	"tex-m0' '-mthumb' '-g' '-Os' '-Werror' '-ffunction-"
 285      6D302720 
 285      272D6D74 
 285      68756D62 
 285      2720272D 
 286 0099 73656374 		.ascii	"sections' '-ffat-lto-objects' '-finline-functions' "
 286      696F6E73 
 286      2720272D 
 286      66666174 
 286      2D6C746F 
 287 00cc 272D666C 		.ascii	"'-flto' '-fno-strict-aliasing'\000"
 287      746F2720 
 287      272D666E 
 287      6F2D7374 
 287      72696374 
 288              		.text
 289              		.cfi_sections	.debug_frame
 290              		.section	.text.PDSS_PORT0_TX_CLK_StartEx,"ax",%progbits
 291              		.align	1
 292              		.global	PDSS_PORT0_TX_CLK_StartEx
ARM GAS  e:\temp\ccmiGHUu.s 			page 20


 293              		.code	16
 294              		.thumb_func
 295              		.type	PDSS_PORT0_TX_CLK_StartEx, %function
 296              	PDSS_PORT0_TX_CLK_StartEx:
 297              	.LFB0:
 298              		.file 1 "Generated_Source\\PSoC4\\PDSS_PORT0_TX_CLK.c"
   1:Generated_Source\PSoC4/PDSS_PORT0_TX_CLK.c **** /*******************************************************************************
   2:Generated_Source\PSoC4/PDSS_PORT0_TX_CLK.c **** * File Name: PDSS_PORT0_TX_CLK.c
   3:Generated_Source\PSoC4/PDSS_PORT0_TX_CLK.c **** * Version 2.20
   4:Generated_Source\PSoC4/PDSS_PORT0_TX_CLK.c **** *
   5:Generated_Source\PSoC4/PDSS_PORT0_TX_CLK.c **** *  Description:
   6:Generated_Source\PSoC4/PDSS_PORT0_TX_CLK.c **** *   Provides system API for the clocking, interrupts and watchdog timer.
   7:Generated_Source\PSoC4/PDSS_PORT0_TX_CLK.c **** *
   8:Generated_Source\PSoC4/PDSS_PORT0_TX_CLK.c **** *  Note:
   9:Generated_Source\PSoC4/PDSS_PORT0_TX_CLK.c **** *   Documentation of the API's in this file is located in the
  10:Generated_Source\PSoC4/PDSS_PORT0_TX_CLK.c **** *   System Reference Guide provided with PSoC Creator.
  11:Generated_Source\PSoC4/PDSS_PORT0_TX_CLK.c **** *
  12:Generated_Source\PSoC4/PDSS_PORT0_TX_CLK.c **** ********************************************************************************
  13:Generated_Source\PSoC4/PDSS_PORT0_TX_CLK.c **** * Copyright 2008-2012, Cypress Semiconductor Corporation.  All rights reserved.
  14:Generated_Source\PSoC4/PDSS_PORT0_TX_CLK.c **** * You may use this file only in accordance with the license, terms, conditions,
  15:Generated_Source\PSoC4/PDSS_PORT0_TX_CLK.c **** * disclaimers, and limitations in the end user license agreement accompanying
  16:Generated_Source\PSoC4/PDSS_PORT0_TX_CLK.c **** * the software package with which this file was provided.
  17:Generated_Source\PSoC4/PDSS_PORT0_TX_CLK.c **** *******************************************************************************/
  18:Generated_Source\PSoC4/PDSS_PORT0_TX_CLK.c **** 
  19:Generated_Source\PSoC4/PDSS_PORT0_TX_CLK.c **** #include <cydevice_trm.h>
  20:Generated_Source\PSoC4/PDSS_PORT0_TX_CLK.c **** #include "PDSS_PORT0_TX_CLK.h"
  21:Generated_Source\PSoC4/PDSS_PORT0_TX_CLK.c **** 
  22:Generated_Source\PSoC4/PDSS_PORT0_TX_CLK.c **** #if defined CYREG_PERI_DIV_CMD
  23:Generated_Source\PSoC4/PDSS_PORT0_TX_CLK.c **** 
  24:Generated_Source\PSoC4/PDSS_PORT0_TX_CLK.c **** /*******************************************************************************
  25:Generated_Source\PSoC4/PDSS_PORT0_TX_CLK.c **** * Function Name: PDSS_PORT0_TX_CLK_StartEx
  26:Generated_Source\PSoC4/PDSS_PORT0_TX_CLK.c **** ********************************************************************************
  27:Generated_Source\PSoC4/PDSS_PORT0_TX_CLK.c **** *
  28:Generated_Source\PSoC4/PDSS_PORT0_TX_CLK.c **** * Summary:
  29:Generated_Source\PSoC4/PDSS_PORT0_TX_CLK.c **** *  Starts the clock, aligned to the specified running clock.
  30:Generated_Source\PSoC4/PDSS_PORT0_TX_CLK.c **** *
  31:Generated_Source\PSoC4/PDSS_PORT0_TX_CLK.c **** * Parameters:
  32:Generated_Source\PSoC4/PDSS_PORT0_TX_CLK.c **** *  alignClkDiv:  The divider to which phase alignment is performed when the
  33:Generated_Source\PSoC4/PDSS_PORT0_TX_CLK.c **** *    clock is started.
  34:Generated_Source\PSoC4/PDSS_PORT0_TX_CLK.c **** *
  35:Generated_Source\PSoC4/PDSS_PORT0_TX_CLK.c **** * Returns:
  36:Generated_Source\PSoC4/PDSS_PORT0_TX_CLK.c **** *  None
  37:Generated_Source\PSoC4/PDSS_PORT0_TX_CLK.c **** *
  38:Generated_Source\PSoC4/PDSS_PORT0_TX_CLK.c **** *******************************************************************************/
  39:Generated_Source\PSoC4/PDSS_PORT0_TX_CLK.c **** void PDSS_PORT0_TX_CLK_StartEx(uint32 alignClkDiv)
  40:Generated_Source\PSoC4/PDSS_PORT0_TX_CLK.c **** {
 299              		.loc 1 40 0
 300              		.cfi_startproc
 301              		@ args = 0, pretend = 0, frame = 0
 302              		@ frame_needed = 0, uses_anonymous_args = 0
 303              		@ link register save eliminated.
 304              	.LVL0:
  41:Generated_Source\PSoC4/PDSS_PORT0_TX_CLK.c ****     /* Make sure any previous start command has finished. */
  42:Generated_Source\PSoC4/PDSS_PORT0_TX_CLK.c ****     while((PDSS_PORT0_TX_CLK_CMD_REG & PDSS_PORT0_TX_CLK_CMD_ENABLE_MASK) != 0u)
 305              		.loc 1 42 0
 306 0000 044A     		ldr	r2, .L5
 307              	.L2:
ARM GAS  e:\temp\ccmiGHUu.s 			page 21


 308              		.loc 1 42 0 is_stmt 0 discriminator 1
 309 0002 1368     		ldr	r3, [r2]
 310 0004 002B     		cmp	r3, #0
 311 0006 FCDB     		blt	.L2
  43:Generated_Source\PSoC4/PDSS_PORT0_TX_CLK.c ****     {
  44:Generated_Source\PSoC4/PDSS_PORT0_TX_CLK.c ****     }
  45:Generated_Source\PSoC4/PDSS_PORT0_TX_CLK.c ****     
  46:Generated_Source\PSoC4/PDSS_PORT0_TX_CLK.c ****     /* Specify the target divider and it's alignment divider, and enable. */
  47:Generated_Source\PSoC4/PDSS_PORT0_TX_CLK.c ****     PDSS_PORT0_TX_CLK_CMD_REG =
  48:Generated_Source\PSoC4/PDSS_PORT0_TX_CLK.c ****         ((uint32)PDSS_PORT0_TX_CLK__DIV_ID << PDSS_PORT0_TX_CLK_CMD_DIV_SHIFT)|
  49:Generated_Source\PSoC4/PDSS_PORT0_TX_CLK.c ****         (alignClkDiv << PDSS_PORT0_TX_CLK_CMD_PA_DIV_SHIFT) |
 312              		.loc 1 49 0 is_stmt 1
 313 0008 034B     		ldr	r3, .L5+4
 314 000a 0002     		lsls	r0, r0, #8
 315              	.LVL1:
 316 000c 1843     		orrs	r0, r3
  47:Generated_Source\PSoC4/PDSS_PORT0_TX_CLK.c ****         ((uint32)PDSS_PORT0_TX_CLK__DIV_ID << PDSS_PORT0_TX_CLK_CMD_DIV_SHIFT)|
 317              		.loc 1 47 0
 318 000e 014B     		ldr	r3, .L5
  50:Generated_Source\PSoC4/PDSS_PORT0_TX_CLK.c ****         (uint32)PDSS_PORT0_TX_CLK_CMD_ENABLE_MASK;
  51:Generated_Source\PSoC4/PDSS_PORT0_TX_CLK.c **** }
 319              		.loc 1 51 0
 320              		@ sp needed
  47:Generated_Source\PSoC4/PDSS_PORT0_TX_CLK.c ****         ((uint32)PDSS_PORT0_TX_CLK__DIV_ID << PDSS_PORT0_TX_CLK_CMD_DIV_SHIFT)|
 321              		.loc 1 47 0
 322 0010 1860     		str	r0, [r3]
 323              		.loc 1 51 0
 324 0012 7047     		bx	lr
 325              	.L6:
 326              		.align	2
 327              	.L5:
 328 0014 00000140 		.word	1073807360
 329 0018 40000080 		.word	-2147483584
 330              		.cfi_endproc
 331              	.LFE0:
 332              		.size	PDSS_PORT0_TX_CLK_StartEx, .-PDSS_PORT0_TX_CLK_StartEx
 333              		.section	.text.PDSS_PORT0_TX_CLK_Stop,"ax",%progbits
 334              		.align	1
 335              		.global	PDSS_PORT0_TX_CLK_Stop
 336              		.code	16
 337              		.thumb_func
 338              		.type	PDSS_PORT0_TX_CLK_Stop, %function
 339              	PDSS_PORT0_TX_CLK_Stop:
 340              	.LFB1:
  52:Generated_Source\PSoC4/PDSS_PORT0_TX_CLK.c **** 
  53:Generated_Source\PSoC4/PDSS_PORT0_TX_CLK.c **** #else
  54:Generated_Source\PSoC4/PDSS_PORT0_TX_CLK.c **** 
  55:Generated_Source\PSoC4/PDSS_PORT0_TX_CLK.c **** /*******************************************************************************
  56:Generated_Source\PSoC4/PDSS_PORT0_TX_CLK.c **** * Function Name: PDSS_PORT0_TX_CLK_Start
  57:Generated_Source\PSoC4/PDSS_PORT0_TX_CLK.c **** ********************************************************************************
  58:Generated_Source\PSoC4/PDSS_PORT0_TX_CLK.c **** *
  59:Generated_Source\PSoC4/PDSS_PORT0_TX_CLK.c **** * Summary:
  60:Generated_Source\PSoC4/PDSS_PORT0_TX_CLK.c **** *  Starts the clock.
  61:Generated_Source\PSoC4/PDSS_PORT0_TX_CLK.c **** *
  62:Generated_Source\PSoC4/PDSS_PORT0_TX_CLK.c **** * Parameters:
  63:Generated_Source\PSoC4/PDSS_PORT0_TX_CLK.c **** *  None
  64:Generated_Source\PSoC4/PDSS_PORT0_TX_CLK.c **** *
ARM GAS  e:\temp\ccmiGHUu.s 			page 22


  65:Generated_Source\PSoC4/PDSS_PORT0_TX_CLK.c **** * Returns:
  66:Generated_Source\PSoC4/PDSS_PORT0_TX_CLK.c **** *  None
  67:Generated_Source\PSoC4/PDSS_PORT0_TX_CLK.c **** *
  68:Generated_Source\PSoC4/PDSS_PORT0_TX_CLK.c **** *******************************************************************************/
  69:Generated_Source\PSoC4/PDSS_PORT0_TX_CLK.c **** 
  70:Generated_Source\PSoC4/PDSS_PORT0_TX_CLK.c **** void PDSS_PORT0_TX_CLK_Start(void)
  71:Generated_Source\PSoC4/PDSS_PORT0_TX_CLK.c **** {
  72:Generated_Source\PSoC4/PDSS_PORT0_TX_CLK.c ****     /* Set the bit to enable the clock. */
  73:Generated_Source\PSoC4/PDSS_PORT0_TX_CLK.c ****     PDSS_PORT0_TX_CLK_ENABLE_REG |= PDSS_PORT0_TX_CLK__ENABLE_MASK;
  74:Generated_Source\PSoC4/PDSS_PORT0_TX_CLK.c **** }
  75:Generated_Source\PSoC4/PDSS_PORT0_TX_CLK.c **** 
  76:Generated_Source\PSoC4/PDSS_PORT0_TX_CLK.c **** #endif /* CYREG_PERI_DIV_CMD */
  77:Generated_Source\PSoC4/PDSS_PORT0_TX_CLK.c **** 
  78:Generated_Source\PSoC4/PDSS_PORT0_TX_CLK.c **** 
  79:Generated_Source\PSoC4/PDSS_PORT0_TX_CLK.c **** /*******************************************************************************
  80:Generated_Source\PSoC4/PDSS_PORT0_TX_CLK.c **** * Function Name: PDSS_PORT0_TX_CLK_Stop
  81:Generated_Source\PSoC4/PDSS_PORT0_TX_CLK.c **** ********************************************************************************
  82:Generated_Source\PSoC4/PDSS_PORT0_TX_CLK.c **** *
  83:Generated_Source\PSoC4/PDSS_PORT0_TX_CLK.c **** * Summary:
  84:Generated_Source\PSoC4/PDSS_PORT0_TX_CLK.c **** *  Stops the clock and returns immediately. This API does not require the
  85:Generated_Source\PSoC4/PDSS_PORT0_TX_CLK.c **** *  source clock to be running but may return before the hardware is actually
  86:Generated_Source\PSoC4/PDSS_PORT0_TX_CLK.c **** *  disabled.
  87:Generated_Source\PSoC4/PDSS_PORT0_TX_CLK.c **** *
  88:Generated_Source\PSoC4/PDSS_PORT0_TX_CLK.c **** * Parameters:
  89:Generated_Source\PSoC4/PDSS_PORT0_TX_CLK.c **** *  None
  90:Generated_Source\PSoC4/PDSS_PORT0_TX_CLK.c **** *
  91:Generated_Source\PSoC4/PDSS_PORT0_TX_CLK.c **** * Returns:
  92:Generated_Source\PSoC4/PDSS_PORT0_TX_CLK.c **** *  None
  93:Generated_Source\PSoC4/PDSS_PORT0_TX_CLK.c **** *
  94:Generated_Source\PSoC4/PDSS_PORT0_TX_CLK.c **** *******************************************************************************/
  95:Generated_Source\PSoC4/PDSS_PORT0_TX_CLK.c **** void PDSS_PORT0_TX_CLK_Stop(void)
  96:Generated_Source\PSoC4/PDSS_PORT0_TX_CLK.c **** {
 341              		.loc 1 96 0
 342              		.cfi_startproc
 343              		@ args = 0, pretend = 0, frame = 0
 344              		@ frame_needed = 0, uses_anonymous_args = 0
 345              		@ link register save eliminated.
  97:Generated_Source\PSoC4/PDSS_PORT0_TX_CLK.c **** #if defined CYREG_PERI_DIV_CMD
  98:Generated_Source\PSoC4/PDSS_PORT0_TX_CLK.c **** 
  99:Generated_Source\PSoC4/PDSS_PORT0_TX_CLK.c ****     /* Make sure any previous start command has finished. */
 100:Generated_Source\PSoC4/PDSS_PORT0_TX_CLK.c ****     while((PDSS_PORT0_TX_CLK_CMD_REG & PDSS_PORT0_TX_CLK_CMD_ENABLE_MASK) != 0u)
 346              		.loc 1 100 0
 347 0000 034A     		ldr	r2, .L10
 348              	.L8:
 349              		.loc 1 100 0 is_stmt 0 discriminator 1
 350 0002 1368     		ldr	r3, [r2]
 351 0004 002B     		cmp	r3, #0
 352 0006 FCDB     		blt	.L8
 101:Generated_Source\PSoC4/PDSS_PORT0_TX_CLK.c ****     {
 102:Generated_Source\PSoC4/PDSS_PORT0_TX_CLK.c ****     }
 103:Generated_Source\PSoC4/PDSS_PORT0_TX_CLK.c ****     
 104:Generated_Source\PSoC4/PDSS_PORT0_TX_CLK.c ****     /* Specify the target divider and it's alignment divider, and disable. */
 105:Generated_Source\PSoC4/PDSS_PORT0_TX_CLK.c ****     PDSS_PORT0_TX_CLK_CMD_REG =
 353              		.loc 1 105 0 is_stmt 1
 354 0008 024A     		ldr	r2, .L10+4
 355 000a 014B     		ldr	r3, .L10
 106:Generated_Source\PSoC4/PDSS_PORT0_TX_CLK.c ****         ((uint32)PDSS_PORT0_TX_CLK__DIV_ID << PDSS_PORT0_TX_CLK_CMD_DIV_SHIFT)|
ARM GAS  e:\temp\ccmiGHUu.s 			page 23


 107:Generated_Source\PSoC4/PDSS_PORT0_TX_CLK.c ****         ((uint32)PDSS_PORT0_TX_CLK_CMD_DISABLE_MASK);
 108:Generated_Source\PSoC4/PDSS_PORT0_TX_CLK.c **** 
 109:Generated_Source\PSoC4/PDSS_PORT0_TX_CLK.c **** #else
 110:Generated_Source\PSoC4/PDSS_PORT0_TX_CLK.c **** 
 111:Generated_Source\PSoC4/PDSS_PORT0_TX_CLK.c ****     /* Clear the bit to disable the clock. */
 112:Generated_Source\PSoC4/PDSS_PORT0_TX_CLK.c ****     PDSS_PORT0_TX_CLK_ENABLE_REG &= (uint32)(~PDSS_PORT0_TX_CLK__ENABLE_MASK);
 113:Generated_Source\PSoC4/PDSS_PORT0_TX_CLK.c ****     
 114:Generated_Source\PSoC4/PDSS_PORT0_TX_CLK.c **** #endif /* CYREG_PERI_DIV_CMD */
 115:Generated_Source\PSoC4/PDSS_PORT0_TX_CLK.c **** }
 356              		.loc 1 115 0
 357              		@ sp needed
 105:Generated_Source\PSoC4/PDSS_PORT0_TX_CLK.c ****         ((uint32)PDSS_PORT0_TX_CLK__DIV_ID << PDSS_PORT0_TX_CLK_CMD_DIV_SHIFT)|
 358              		.loc 1 105 0
 359 000c 1A60     		str	r2, [r3]
 360              		.loc 1 115 0
 361 000e 7047     		bx	lr
 362              	.L11:
 363              		.align	2
 364              	.L10:
 365 0010 00000140 		.word	1073807360
 366 0014 40000040 		.word	1073741888
 367              		.cfi_endproc
 368              	.LFE1:
 369              		.size	PDSS_PORT0_TX_CLK_Stop, .-PDSS_PORT0_TX_CLK_Stop
 370              		.section	.text.PDSS_PORT0_TX_CLK_SetFractionalDividerRegister,"ax",%progbits
 371              		.align	1
 372              		.global	PDSS_PORT0_TX_CLK_SetFractionalDividerRegister
 373              		.code	16
 374              		.thumb_func
 375              		.type	PDSS_PORT0_TX_CLK_SetFractionalDividerRegister, %function
 376              	PDSS_PORT0_TX_CLK_SetFractionalDividerRegister:
 377              	.LFB2:
 116:Generated_Source\PSoC4/PDSS_PORT0_TX_CLK.c **** 
 117:Generated_Source\PSoC4/PDSS_PORT0_TX_CLK.c **** 
 118:Generated_Source\PSoC4/PDSS_PORT0_TX_CLK.c **** /*******************************************************************************
 119:Generated_Source\PSoC4/PDSS_PORT0_TX_CLK.c **** * Function Name: PDSS_PORT0_TX_CLK_SetFractionalDividerRegister
 120:Generated_Source\PSoC4/PDSS_PORT0_TX_CLK.c **** ********************************************************************************
 121:Generated_Source\PSoC4/PDSS_PORT0_TX_CLK.c **** *
 122:Generated_Source\PSoC4/PDSS_PORT0_TX_CLK.c **** * Summary:
 123:Generated_Source\PSoC4/PDSS_PORT0_TX_CLK.c **** *  Modifies the clock divider and the fractional divider.
 124:Generated_Source\PSoC4/PDSS_PORT0_TX_CLK.c **** *
 125:Generated_Source\PSoC4/PDSS_PORT0_TX_CLK.c **** * Parameters:
 126:Generated_Source\PSoC4/PDSS_PORT0_TX_CLK.c **** *  clkDivider:  Divider register value (0-65535). This value is NOT the
 127:Generated_Source\PSoC4/PDSS_PORT0_TX_CLK.c **** *    divider; the clock hardware divides by clkDivider plus one. For example,
 128:Generated_Source\PSoC4/PDSS_PORT0_TX_CLK.c **** *    to divide the clock by 2, this parameter should be set to 1.
 129:Generated_Source\PSoC4/PDSS_PORT0_TX_CLK.c **** *  fracDivider:  Fractional Divider register value (0-31).
 130:Generated_Source\PSoC4/PDSS_PORT0_TX_CLK.c **** * Returns:
 131:Generated_Source\PSoC4/PDSS_PORT0_TX_CLK.c **** *  None
 132:Generated_Source\PSoC4/PDSS_PORT0_TX_CLK.c **** *
 133:Generated_Source\PSoC4/PDSS_PORT0_TX_CLK.c **** *******************************************************************************/
 134:Generated_Source\PSoC4/PDSS_PORT0_TX_CLK.c **** void PDSS_PORT0_TX_CLK_SetFractionalDividerRegister(uint16 clkDivider, uint8 clkFractional)
 135:Generated_Source\PSoC4/PDSS_PORT0_TX_CLK.c **** {
 378              		.loc 1 135 0
 379              		.cfi_startproc
 380              		@ args = 0, pretend = 0, frame = 0
 381              		@ frame_needed = 0, uses_anonymous_args = 0
 382              	.LVL2:
ARM GAS  e:\temp\ccmiGHUu.s 			page 24


 136:Generated_Source\PSoC4/PDSS_PORT0_TX_CLK.c ****     uint32 maskVal;
 137:Generated_Source\PSoC4/PDSS_PORT0_TX_CLK.c ****     uint32 regVal;
 138:Generated_Source\PSoC4/PDSS_PORT0_TX_CLK.c ****     
 139:Generated_Source\PSoC4/PDSS_PORT0_TX_CLK.c **** #if defined (PDSS_PORT0_TX_CLK__FRAC_MASK) || defined (CYREG_PERI_DIV_CMD)
 140:Generated_Source\PSoC4/PDSS_PORT0_TX_CLK.c ****     
 141:Generated_Source\PSoC4/PDSS_PORT0_TX_CLK.c **** 	/* get all but divider bits */
 142:Generated_Source\PSoC4/PDSS_PORT0_TX_CLK.c ****     maskVal = PDSS_PORT0_TX_CLK_DIV_REG & 
 143:Generated_Source\PSoC4/PDSS_PORT0_TX_CLK.c ****                     (uint32)(~(uint32)(PDSS_PORT0_TX_CLK_DIV_INT_MASK | PDSS_PORT0_TX_CLK_DIV_FRAC_
 144:Generated_Source\PSoC4/PDSS_PORT0_TX_CLK.c **** 	/* combine mask and new divider vals into 32-bit value */
 145:Generated_Source\PSoC4/PDSS_PORT0_TX_CLK.c ****     regVal = maskVal |
 383              		.loc 1 145 0
 384 0000 FF22     		movs	r2, #255
 385 0002 C900     		lsls	r1, r1, #3
 386              	.LVL3:
 387 0004 1140     		ands	r1, r2
 388 0006 0202     		lsls	r2, r0, #8
 389 0008 1143     		orrs	r1, r2
 390 000a 0723     		movs	r3, #7
 391 000c 0800     		movs	r0, r1
 392              	.LVL4:
 135:Generated_Source\PSoC4/PDSS_PORT0_TX_CLK.c ****     uint32 maskVal;
 393              		.loc 1 135 0
 394 000e 30B5     		push	{r4, r5, lr}
 395              		.cfi_def_cfa_offset 12
 396              		.cfi_offset 4, -12
 397              		.cfi_offset 5, -8
 398              		.cfi_offset 14, -4
 142:Generated_Source\PSoC4/PDSS_PORT0_TX_CLK.c ****                     (uint32)(~(uint32)(PDSS_PORT0_TX_CLK_DIV_INT_MASK | PDSS_PORT0_TX_CLK_DIV_FRAC_
 399              		.loc 1 142 0
 400 0010 024C     		ldr	r4, .L13
 146:Generated_Source\PSoC4/PDSS_PORT0_TX_CLK.c ****         ((uint32)((uint32)clkDivider <<  PDSS_PORT0_TX_CLK_DIV_INT_SHIFT) & PDSS_PORT0_TX_CLK_DIV_I
 147:Generated_Source\PSoC4/PDSS_PORT0_TX_CLK.c ****         ((uint32)((uint32)clkFractional << PDSS_PORT0_TX_CLK_DIV_FRAC_SHIFT) & PDSS_PORT0_TX_CLK_DI
 148:Generated_Source\PSoC4/PDSS_PORT0_TX_CLK.c ****     
 149:Generated_Source\PSoC4/PDSS_PORT0_TX_CLK.c **** #else
 150:Generated_Source\PSoC4/PDSS_PORT0_TX_CLK.c ****     /* get all but integer divider bits */
 151:Generated_Source\PSoC4/PDSS_PORT0_TX_CLK.c ****     maskVal = PDSS_PORT0_TX_CLK_DIV_REG & (uint32)(~(uint32)PDSS_PORT0_TX_CLK__DIVIDER_MASK);
 152:Generated_Source\PSoC4/PDSS_PORT0_TX_CLK.c ****     /* combine mask and new divider val into 32-bit value */
 153:Generated_Source\PSoC4/PDSS_PORT0_TX_CLK.c ****     regVal = clkDivider | maskVal;
 154:Generated_Source\PSoC4/PDSS_PORT0_TX_CLK.c ****     
 155:Generated_Source\PSoC4/PDSS_PORT0_TX_CLK.c **** #endif /* PDSS_PORT0_TX_CLK__FRAC_MASK || CYREG_PERI_DIV_CMD */
 156:Generated_Source\PSoC4/PDSS_PORT0_TX_CLK.c **** 
 157:Generated_Source\PSoC4/PDSS_PORT0_TX_CLK.c ****     PDSS_PORT0_TX_CLK_DIV_REG = regVal;
 158:Generated_Source\PSoC4/PDSS_PORT0_TX_CLK.c **** }
 401              		.loc 1 158 0
 402              		@ sp needed
 142:Generated_Source\PSoC4/PDSS_PORT0_TX_CLK.c ****                     (uint32)(~(uint32)(PDSS_PORT0_TX_CLK_DIV_INT_MASK | PDSS_PORT0_TX_CLK_DIV_FRAC_
 403              		.loc 1 142 0
 404 0012 2568     		ldr	r5, [r4]
 405              	.LVL5:
 145:Generated_Source\PSoC4/PDSS_PORT0_TX_CLK.c ****         ((uint32)((uint32)clkDivider <<  PDSS_PORT0_TX_CLK_DIV_INT_SHIFT) & PDSS_PORT0_TX_CLK_DIV_I
 406              		.loc 1 145 0
 407 0014 2B40     		ands	r3, r5
 408              	.LVL6:
 409 0016 1843     		orrs	r0, r3
 410              	.LVL7:
 157:Generated_Source\PSoC4/PDSS_PORT0_TX_CLK.c **** }
 411              		.loc 1 157 0
ARM GAS  e:\temp\ccmiGHUu.s 			page 25


 412 0018 2060     		str	r0, [r4]
 413              		.loc 1 158 0
 414 001a 30BD     		pop	{r4, r5, pc}
 415              	.L14:
 416              		.align	2
 417              	.L13:
 418 001c 00030140 		.word	1073808128
 419              		.cfi_endproc
 420              	.LFE2:
 421              		.size	PDSS_PORT0_TX_CLK_SetFractionalDividerRegister, .-PDSS_PORT0_TX_CLK_SetFractionalDividerRegi
 422              		.section	.text.PDSS_PORT0_TX_CLK_GetDividerRegister,"ax",%progbits
 423              		.align	1
 424              		.global	PDSS_PORT0_TX_CLK_GetDividerRegister
 425              		.code	16
 426              		.thumb_func
 427              		.type	PDSS_PORT0_TX_CLK_GetDividerRegister, %function
 428              	PDSS_PORT0_TX_CLK_GetDividerRegister:
 429              	.LFB3:
 159:Generated_Source\PSoC4/PDSS_PORT0_TX_CLK.c **** 
 160:Generated_Source\PSoC4/PDSS_PORT0_TX_CLK.c **** 
 161:Generated_Source\PSoC4/PDSS_PORT0_TX_CLK.c **** /*******************************************************************************
 162:Generated_Source\PSoC4/PDSS_PORT0_TX_CLK.c **** * Function Name: PDSS_PORT0_TX_CLK_GetDividerRegister
 163:Generated_Source\PSoC4/PDSS_PORT0_TX_CLK.c **** ********************************************************************************
 164:Generated_Source\PSoC4/PDSS_PORT0_TX_CLK.c **** *
 165:Generated_Source\PSoC4/PDSS_PORT0_TX_CLK.c **** * Summary:
 166:Generated_Source\PSoC4/PDSS_PORT0_TX_CLK.c **** *  Gets the clock divider register value.
 167:Generated_Source\PSoC4/PDSS_PORT0_TX_CLK.c **** *
 168:Generated_Source\PSoC4/PDSS_PORT0_TX_CLK.c **** * Parameters:
 169:Generated_Source\PSoC4/PDSS_PORT0_TX_CLK.c **** *  None
 170:Generated_Source\PSoC4/PDSS_PORT0_TX_CLK.c **** *
 171:Generated_Source\PSoC4/PDSS_PORT0_TX_CLK.c **** * Returns:
 172:Generated_Source\PSoC4/PDSS_PORT0_TX_CLK.c **** *  Divide value of the clock minus 1. For example, if the clock is set to
 173:Generated_Source\PSoC4/PDSS_PORT0_TX_CLK.c **** *  divide by 2, the return value will be 1.
 174:Generated_Source\PSoC4/PDSS_PORT0_TX_CLK.c **** *
 175:Generated_Source\PSoC4/PDSS_PORT0_TX_CLK.c **** *******************************************************************************/
 176:Generated_Source\PSoC4/PDSS_PORT0_TX_CLK.c **** uint16 PDSS_PORT0_TX_CLK_GetDividerRegister(void)
 177:Generated_Source\PSoC4/PDSS_PORT0_TX_CLK.c **** {
 430              		.loc 1 177 0
 431              		.cfi_startproc
 432              		@ args = 0, pretend = 0, frame = 0
 433              		@ frame_needed = 0, uses_anonymous_args = 0
 434              		@ link register save eliminated.
 178:Generated_Source\PSoC4/PDSS_PORT0_TX_CLK.c ****     return (uint16)((PDSS_PORT0_TX_CLK_DIV_REG & PDSS_PORT0_TX_CLK_DIV_INT_MASK)
 435              		.loc 1 178 0
 436 0000 024B     		ldr	r3, .L16
 179:Generated_Source\PSoC4/PDSS_PORT0_TX_CLK.c ****         >> PDSS_PORT0_TX_CLK_DIV_INT_SHIFT);
 180:Generated_Source\PSoC4/PDSS_PORT0_TX_CLK.c **** }
 437              		.loc 1 180 0
 438              		@ sp needed
 178:Generated_Source\PSoC4/PDSS_PORT0_TX_CLK.c ****     return (uint16)((PDSS_PORT0_TX_CLK_DIV_REG & PDSS_PORT0_TX_CLK_DIV_INT_MASK)
 439              		.loc 1 178 0
 440 0002 1868     		ldr	r0, [r3]
 441 0004 000A     		lsrs	r0, r0, #8
 442 0006 80B2     		uxth	r0, r0
 443              		.loc 1 180 0
 444 0008 7047     		bx	lr
 445              	.L17:
ARM GAS  e:\temp\ccmiGHUu.s 			page 26


 446 000a C046     		.align	2
 447              	.L16:
 448 000c 00030140 		.word	1073808128
 449              		.cfi_endproc
 450              	.LFE3:
 451              		.size	PDSS_PORT0_TX_CLK_GetDividerRegister, .-PDSS_PORT0_TX_CLK_GetDividerRegister
 452              		.section	.text.PDSS_PORT0_TX_CLK_GetFractionalDividerRegister,"ax",%progbits
 453              		.align	1
 454              		.global	PDSS_PORT0_TX_CLK_GetFractionalDividerRegister
 455              		.code	16
 456              		.thumb_func
 457              		.type	PDSS_PORT0_TX_CLK_GetFractionalDividerRegister, %function
 458              	PDSS_PORT0_TX_CLK_GetFractionalDividerRegister:
 459              	.LFB4:
 181:Generated_Source\PSoC4/PDSS_PORT0_TX_CLK.c **** 
 182:Generated_Source\PSoC4/PDSS_PORT0_TX_CLK.c **** 
 183:Generated_Source\PSoC4/PDSS_PORT0_TX_CLK.c **** /*******************************************************************************
 184:Generated_Source\PSoC4/PDSS_PORT0_TX_CLK.c **** * Function Name: PDSS_PORT0_TX_CLK_GetFractionalDividerRegister
 185:Generated_Source\PSoC4/PDSS_PORT0_TX_CLK.c **** ********************************************************************************
 186:Generated_Source\PSoC4/PDSS_PORT0_TX_CLK.c **** *
 187:Generated_Source\PSoC4/PDSS_PORT0_TX_CLK.c **** * Summary:
 188:Generated_Source\PSoC4/PDSS_PORT0_TX_CLK.c **** *  Gets the clock fractional divider register value.
 189:Generated_Source\PSoC4/PDSS_PORT0_TX_CLK.c **** *
 190:Generated_Source\PSoC4/PDSS_PORT0_TX_CLK.c **** * Parameters:
 191:Generated_Source\PSoC4/PDSS_PORT0_TX_CLK.c **** *  None
 192:Generated_Source\PSoC4/PDSS_PORT0_TX_CLK.c **** *
 193:Generated_Source\PSoC4/PDSS_PORT0_TX_CLK.c **** * Returns:
 194:Generated_Source\PSoC4/PDSS_PORT0_TX_CLK.c **** *  Fractional Divide value of the clock
 195:Generated_Source\PSoC4/PDSS_PORT0_TX_CLK.c **** *  0 if the fractional divider is not in use.
 196:Generated_Source\PSoC4/PDSS_PORT0_TX_CLK.c **** *
 197:Generated_Source\PSoC4/PDSS_PORT0_TX_CLK.c **** *******************************************************************************/
 198:Generated_Source\PSoC4/PDSS_PORT0_TX_CLK.c **** uint8 PDSS_PORT0_TX_CLK_GetFractionalDividerRegister(void)
 199:Generated_Source\PSoC4/PDSS_PORT0_TX_CLK.c **** {
 460              		.loc 1 199 0
 461              		.cfi_startproc
 462              		@ args = 0, pretend = 0, frame = 0
 463              		@ frame_needed = 0, uses_anonymous_args = 0
 464              		@ link register save eliminated.
 200:Generated_Source\PSoC4/PDSS_PORT0_TX_CLK.c **** #if defined (PDSS_PORT0_TX_CLK__FRAC_MASK)
 201:Generated_Source\PSoC4/PDSS_PORT0_TX_CLK.c ****     /* return fractional divider bits */
 202:Generated_Source\PSoC4/PDSS_PORT0_TX_CLK.c ****     return (uint8)((PDSS_PORT0_TX_CLK_DIV_REG & PDSS_PORT0_TX_CLK_DIV_FRAC_MASK)
 203:Generated_Source\PSoC4/PDSS_PORT0_TX_CLK.c ****         >> PDSS_PORT0_TX_CLK_DIV_FRAC_SHIFT);
 204:Generated_Source\PSoC4/PDSS_PORT0_TX_CLK.c **** #else
 205:Generated_Source\PSoC4/PDSS_PORT0_TX_CLK.c ****     return 0u;
 206:Generated_Source\PSoC4/PDSS_PORT0_TX_CLK.c **** #endif /* PDSS_PORT0_TX_CLK__FRAC_MASK */
 207:Generated_Source\PSoC4/PDSS_PORT0_TX_CLK.c **** }
 465              		.loc 1 207 0
 466 0000 0020     		movs	r0, #0
 467              		@ sp needed
 468 0002 7047     		bx	lr
 469              		.cfi_endproc
 470              	.LFE4:
 471              		.size	PDSS_PORT0_TX_CLK_GetFractionalDividerRegister, .-PDSS_PORT0_TX_CLK_GetFractionalDividerRegi
 472              		.text
 473              	.Letext0:
 474              		.file 2 "Generated_Source\\PSoC4/cytypes.h"
 475              		.section	.debug_info,"",%progbits
ARM GAS  e:\temp\ccmiGHUu.s 			page 27


 476              	.Ldebug_info0:
 477 0000 62010000 		.4byte	0x162
 478 0004 0400     		.2byte	0x4
 479 0006 00000000 		.4byte	.Ldebug_abbrev0
 480 000a 04       		.byte	0x4
 481 000b 01       		.uleb128 0x1
 482 000c 8B010000 		.4byte	.LASF25
 483 0010 0C       		.byte	0xc
 484 0011 97000000 		.4byte	.LASF26
 485 0015 7F020000 		.4byte	.LASF27
 486 0019 00000000 		.4byte	.Ldebug_ranges0+0
 487 001d 00000000 		.4byte	0
 488 0021 00000000 		.4byte	.Ldebug_line0
 489 0025 02       		.uleb128 0x2
 490 0026 01       		.byte	0x1
 491 0027 06       		.byte	0x6
 492 0028 73020000 		.4byte	.LASF0
 493 002c 02       		.uleb128 0x2
 494 002d 01       		.byte	0x1
 495 002e 08       		.byte	0x8
 496 002f 89000000 		.4byte	.LASF1
 497 0033 02       		.uleb128 0x2
 498 0034 02       		.byte	0x2
 499 0035 05       		.byte	0x5
 500 0036 5A020000 		.4byte	.LASF2
 501 003a 02       		.uleb128 0x2
 502 003b 02       		.byte	0x2
 503 003c 07       		.byte	0x7
 504 003d C2000000 		.4byte	.LASF3
 505 0041 02       		.uleb128 0x2
 506 0042 04       		.byte	0x4
 507 0043 05       		.byte	0x5
 508 0044 6A020000 		.4byte	.LASF4
 509 0048 02       		.uleb128 0x2
 510 0049 04       		.byte	0x4
 511 004a 07       		.byte	0x7
 512 004b 26010000 		.4byte	.LASF5
 513 004f 02       		.uleb128 0x2
 514 0050 08       		.byte	0x8
 515 0051 05       		.byte	0x5
 516 0052 47020000 		.4byte	.LASF6
 517 0056 02       		.uleb128 0x2
 518 0057 08       		.byte	0x8
 519 0058 07       		.byte	0x7
 520 0059 74010000 		.4byte	.LASF7
 521 005d 03       		.uleb128 0x3
 522 005e 04       		.byte	0x4
 523 005f 05       		.byte	0x5
 524 0060 696E7400 		.ascii	"int\000"
 525 0064 02       		.uleb128 0x2
 526 0065 04       		.byte	0x4
 527 0066 07       		.byte	0x7
 528 0067 67010000 		.4byte	.LASF8
 529 006b 04       		.uleb128 0x4
 530 006c 64020000 		.4byte	.LASF9
 531 0070 02       		.byte	0x2
 532 0071 E401     		.2byte	0x1e4
ARM GAS  e:\temp\ccmiGHUu.s 			page 28


 533 0073 2C000000 		.4byte	0x2c
 534 0077 04       		.uleb128 0x4
 535 0078 59010000 		.4byte	.LASF10
 536 007c 02       		.byte	0x2
 537 007d E501     		.2byte	0x1e5
 538 007f 3A000000 		.4byte	0x3a
 539 0083 04       		.uleb128 0x4
 540 0084 60010000 		.4byte	.LASF11
 541 0088 02       		.byte	0x2
 542 0089 E601     		.2byte	0x1e6
 543 008b 48000000 		.4byte	0x48
 544 008f 02       		.uleb128 0x2
 545 0090 04       		.byte	0x4
 546 0091 04       		.byte	0x4
 547 0092 83000000 		.4byte	.LASF12
 548 0096 02       		.uleb128 0x2
 549 0097 08       		.byte	0x8
 550 0098 04       		.byte	0x4
 551 0099 28000000 		.4byte	.LASF13
 552 009d 02       		.uleb128 0x2
 553 009e 01       		.byte	0x1
 554 009f 08       		.byte	0x8
 555 00a0 55020000 		.4byte	.LASF14
 556 00a4 04       		.uleb128 0x4
 557 00a5 00000000 		.4byte	.LASF15
 558 00a9 02       		.byte	0x2
 559 00aa 9002     		.2byte	0x290
 560 00ac B0000000 		.4byte	0xb0
 561 00b0 05       		.uleb128 0x5
 562 00b1 83000000 		.4byte	0x83
 563 00b5 06       		.uleb128 0x6
 564 00b6 0E000000 		.4byte	.LASF16
 565 00ba 01       		.byte	0x1
 566 00bb 27       		.byte	0x27
 567 00bc 00000000 		.4byte	.LFB0
 568 00c0 1C000000 		.4byte	.LFE0-.LFB0
 569 00c4 01       		.uleb128 0x1
 570 00c5 9C       		.byte	0x9c
 571 00c6 DA000000 		.4byte	0xda
 572 00ca 07       		.uleb128 0x7
 573 00cb 3F010000 		.4byte	.LASF18
 574 00cf 01       		.byte	0x1
 575 00d0 27       		.byte	0x27
 576 00d1 83000000 		.4byte	0x83
 577 00d5 00000000 		.4byte	.LLST0
 578 00d9 00       		.byte	0
 579 00da 08       		.uleb128 0x8
 580 00db D5000000 		.4byte	.LASF28
 581 00df 01       		.byte	0x1
 582 00e0 5F       		.byte	0x5f
 583 00e1 00000000 		.4byte	.LFB1
 584 00e5 18000000 		.4byte	.LFE1-.LFB1
 585 00e9 01       		.uleb128 0x1
 586 00ea 9C       		.byte	0x9c
 587 00eb 06       		.uleb128 0x6
 588 00ec 2F000000 		.4byte	.LASF17
 589 00f0 01       		.byte	0x1
ARM GAS  e:\temp\ccmiGHUu.s 			page 29


 590 00f1 86       		.byte	0x86
 591 00f2 00000000 		.4byte	.LFB2
 592 00f6 20000000 		.4byte	.LFE2-.LFB2
 593 00fa 01       		.uleb128 0x1
 594 00fb 9C       		.byte	0x9c
 595 00fc 3B010000 		.4byte	0x13b
 596 0100 07       		.uleb128 0x7
 597 0101 1B010000 		.4byte	.LASF19
 598 0105 01       		.byte	0x1
 599 0106 86       		.byte	0x86
 600 0107 77000000 		.4byte	0x77
 601 010b 21000000 		.4byte	.LLST1
 602 010f 07       		.uleb128 0x7
 603 0110 4B010000 		.4byte	.LASF20
 604 0114 01       		.byte	0x1
 605 0115 86       		.byte	0x86
 606 0116 6B000000 		.4byte	0x6b
 607 011a 42000000 		.4byte	.LLST2
 608 011e 09       		.uleb128 0x9
 609 011f 06000000 		.4byte	.LASF21
 610 0123 01       		.byte	0x1
 611 0124 88       		.byte	0x88
 612 0125 83000000 		.4byte	0x83
 613 0129 63000000 		.4byte	.LLST3
 614 012d 0A       		.uleb128 0xa
 615 012e 38010000 		.4byte	.LASF22
 616 0132 01       		.byte	0x1
 617 0133 89       		.byte	0x89
 618 0134 83000000 		.4byte	0x83
 619 0138 01       		.uleb128 0x1
 620 0139 50       		.byte	0x50
 621 013a 00       		.byte	0
 622 013b 0B       		.uleb128 0xb
 623 013c 5E000000 		.4byte	.LASF23
 624 0140 01       		.byte	0x1
 625 0141 B0       		.byte	0xb0
 626 0142 77000000 		.4byte	0x77
 627 0146 00000000 		.4byte	.LFB3
 628 014a 10000000 		.4byte	.LFE3-.LFB3
 629 014e 01       		.uleb128 0x1
 630 014f 9C       		.byte	0x9c
 631 0150 0B       		.uleb128 0xb
 632 0151 EC000000 		.4byte	.LASF24
 633 0155 01       		.byte	0x1
 634 0156 C6       		.byte	0xc6
 635 0157 6B000000 		.4byte	0x6b
 636 015b 00000000 		.4byte	.LFB4
 637 015f 04000000 		.4byte	.LFE4-.LFB4
 638 0163 01       		.uleb128 0x1
 639 0164 9C       		.byte	0x9c
 640 0165 00       		.byte	0
 641              		.section	.debug_abbrev,"",%progbits
 642              	.Ldebug_abbrev0:
 643 0000 01       		.uleb128 0x1
 644 0001 11       		.uleb128 0x11
 645 0002 01       		.byte	0x1
 646 0003 25       		.uleb128 0x25
ARM GAS  e:\temp\ccmiGHUu.s 			page 30


 647 0004 0E       		.uleb128 0xe
 648 0005 13       		.uleb128 0x13
 649 0006 0B       		.uleb128 0xb
 650 0007 03       		.uleb128 0x3
 651 0008 0E       		.uleb128 0xe
 652 0009 1B       		.uleb128 0x1b
 653 000a 0E       		.uleb128 0xe
 654 000b 55       		.uleb128 0x55
 655 000c 17       		.uleb128 0x17
 656 000d 11       		.uleb128 0x11
 657 000e 01       		.uleb128 0x1
 658 000f 10       		.uleb128 0x10
 659 0010 17       		.uleb128 0x17
 660 0011 00       		.byte	0
 661 0012 00       		.byte	0
 662 0013 02       		.uleb128 0x2
 663 0014 24       		.uleb128 0x24
 664 0015 00       		.byte	0
 665 0016 0B       		.uleb128 0xb
 666 0017 0B       		.uleb128 0xb
 667 0018 3E       		.uleb128 0x3e
 668 0019 0B       		.uleb128 0xb
 669 001a 03       		.uleb128 0x3
 670 001b 0E       		.uleb128 0xe
 671 001c 00       		.byte	0
 672 001d 00       		.byte	0
 673 001e 03       		.uleb128 0x3
 674 001f 24       		.uleb128 0x24
 675 0020 00       		.byte	0
 676 0021 0B       		.uleb128 0xb
 677 0022 0B       		.uleb128 0xb
 678 0023 3E       		.uleb128 0x3e
 679 0024 0B       		.uleb128 0xb
 680 0025 03       		.uleb128 0x3
 681 0026 08       		.uleb128 0x8
 682 0027 00       		.byte	0
 683 0028 00       		.byte	0
 684 0029 04       		.uleb128 0x4
 685 002a 16       		.uleb128 0x16
 686 002b 00       		.byte	0
 687 002c 03       		.uleb128 0x3
 688 002d 0E       		.uleb128 0xe
 689 002e 3A       		.uleb128 0x3a
 690 002f 0B       		.uleb128 0xb
 691 0030 3B       		.uleb128 0x3b
 692 0031 05       		.uleb128 0x5
 693 0032 49       		.uleb128 0x49
 694 0033 13       		.uleb128 0x13
 695 0034 00       		.byte	0
 696 0035 00       		.byte	0
 697 0036 05       		.uleb128 0x5
 698 0037 35       		.uleb128 0x35
 699 0038 00       		.byte	0
 700 0039 49       		.uleb128 0x49
 701 003a 13       		.uleb128 0x13
 702 003b 00       		.byte	0
 703 003c 00       		.byte	0
ARM GAS  e:\temp\ccmiGHUu.s 			page 31


 704 003d 06       		.uleb128 0x6
 705 003e 2E       		.uleb128 0x2e
 706 003f 01       		.byte	0x1
 707 0040 3F       		.uleb128 0x3f
 708 0041 19       		.uleb128 0x19
 709 0042 03       		.uleb128 0x3
 710 0043 0E       		.uleb128 0xe
 711 0044 3A       		.uleb128 0x3a
 712 0045 0B       		.uleb128 0xb
 713 0046 3B       		.uleb128 0x3b
 714 0047 0B       		.uleb128 0xb
 715 0048 27       		.uleb128 0x27
 716 0049 19       		.uleb128 0x19
 717 004a 11       		.uleb128 0x11
 718 004b 01       		.uleb128 0x1
 719 004c 12       		.uleb128 0x12
 720 004d 06       		.uleb128 0x6
 721 004e 40       		.uleb128 0x40
 722 004f 18       		.uleb128 0x18
 723 0050 9742     		.uleb128 0x2117
 724 0052 19       		.uleb128 0x19
 725 0053 01       		.uleb128 0x1
 726 0054 13       		.uleb128 0x13
 727 0055 00       		.byte	0
 728 0056 00       		.byte	0
 729 0057 07       		.uleb128 0x7
 730 0058 05       		.uleb128 0x5
 731 0059 00       		.byte	0
 732 005a 03       		.uleb128 0x3
 733 005b 0E       		.uleb128 0xe
 734 005c 3A       		.uleb128 0x3a
 735 005d 0B       		.uleb128 0xb
 736 005e 3B       		.uleb128 0x3b
 737 005f 0B       		.uleb128 0xb
 738 0060 49       		.uleb128 0x49
 739 0061 13       		.uleb128 0x13
 740 0062 02       		.uleb128 0x2
 741 0063 17       		.uleb128 0x17
 742 0064 00       		.byte	0
 743 0065 00       		.byte	0
 744 0066 08       		.uleb128 0x8
 745 0067 2E       		.uleb128 0x2e
 746 0068 00       		.byte	0
 747 0069 3F       		.uleb128 0x3f
 748 006a 19       		.uleb128 0x19
 749 006b 03       		.uleb128 0x3
 750 006c 0E       		.uleb128 0xe
 751 006d 3A       		.uleb128 0x3a
 752 006e 0B       		.uleb128 0xb
 753 006f 3B       		.uleb128 0x3b
 754 0070 0B       		.uleb128 0xb
 755 0071 27       		.uleb128 0x27
 756 0072 19       		.uleb128 0x19
 757 0073 11       		.uleb128 0x11
 758 0074 01       		.uleb128 0x1
 759 0075 12       		.uleb128 0x12
 760 0076 06       		.uleb128 0x6
ARM GAS  e:\temp\ccmiGHUu.s 			page 32


 761 0077 40       		.uleb128 0x40
 762 0078 18       		.uleb128 0x18
 763 0079 9742     		.uleb128 0x2117
 764 007b 19       		.uleb128 0x19
 765 007c 00       		.byte	0
 766 007d 00       		.byte	0
 767 007e 09       		.uleb128 0x9
 768 007f 34       		.uleb128 0x34
 769 0080 00       		.byte	0
 770 0081 03       		.uleb128 0x3
 771 0082 0E       		.uleb128 0xe
 772 0083 3A       		.uleb128 0x3a
 773 0084 0B       		.uleb128 0xb
 774 0085 3B       		.uleb128 0x3b
 775 0086 0B       		.uleb128 0xb
 776 0087 49       		.uleb128 0x49
 777 0088 13       		.uleb128 0x13
 778 0089 02       		.uleb128 0x2
 779 008a 17       		.uleb128 0x17
 780 008b 00       		.byte	0
 781 008c 00       		.byte	0
 782 008d 0A       		.uleb128 0xa
 783 008e 34       		.uleb128 0x34
 784 008f 00       		.byte	0
 785 0090 03       		.uleb128 0x3
 786 0091 0E       		.uleb128 0xe
 787 0092 3A       		.uleb128 0x3a
 788 0093 0B       		.uleb128 0xb
 789 0094 3B       		.uleb128 0x3b
 790 0095 0B       		.uleb128 0xb
 791 0096 49       		.uleb128 0x49
 792 0097 13       		.uleb128 0x13
 793 0098 02       		.uleb128 0x2
 794 0099 18       		.uleb128 0x18
 795 009a 00       		.byte	0
 796 009b 00       		.byte	0
 797 009c 0B       		.uleb128 0xb
 798 009d 2E       		.uleb128 0x2e
 799 009e 00       		.byte	0
 800 009f 3F       		.uleb128 0x3f
 801 00a0 19       		.uleb128 0x19
 802 00a1 03       		.uleb128 0x3
 803 00a2 0E       		.uleb128 0xe
 804 00a3 3A       		.uleb128 0x3a
 805 00a4 0B       		.uleb128 0xb
 806 00a5 3B       		.uleb128 0x3b
 807 00a6 0B       		.uleb128 0xb
 808 00a7 27       		.uleb128 0x27
 809 00a8 19       		.uleb128 0x19
 810 00a9 49       		.uleb128 0x49
 811 00aa 13       		.uleb128 0x13
 812 00ab 11       		.uleb128 0x11
 813 00ac 01       		.uleb128 0x1
 814 00ad 12       		.uleb128 0x12
 815 00ae 06       		.uleb128 0x6
 816 00af 40       		.uleb128 0x40
 817 00b0 18       		.uleb128 0x18
ARM GAS  e:\temp\ccmiGHUu.s 			page 33


 818 00b1 9742     		.uleb128 0x2117
 819 00b3 19       		.uleb128 0x19
 820 00b4 00       		.byte	0
 821 00b5 00       		.byte	0
 822 00b6 00       		.byte	0
 823              		.section	.debug_loc,"",%progbits
 824              	.Ldebug_loc0:
 825              	.LLST0:
 826 0000 00000000 		.4byte	.LVL0
 827 0004 0C000000 		.4byte	.LVL1
 828 0008 0100     		.2byte	0x1
 829 000a 50       		.byte	0x50
 830 000b 0C000000 		.4byte	.LVL1
 831 000f 1C000000 		.4byte	.LFE0
 832 0013 0400     		.2byte	0x4
 833 0015 F3       		.byte	0xf3
 834 0016 01       		.uleb128 0x1
 835 0017 50       		.byte	0x50
 836 0018 9F       		.byte	0x9f
 837 0019 00000000 		.4byte	0
 838 001d 00000000 		.4byte	0
 839              	.LLST1:
 840 0021 00000000 		.4byte	.LVL2
 841 0025 0E000000 		.4byte	.LVL4
 842 0029 0100     		.2byte	0x1
 843 002b 50       		.byte	0x50
 844 002c 0E000000 		.4byte	.LVL4
 845 0030 20000000 		.4byte	.LFE2
 846 0034 0400     		.2byte	0x4
 847 0036 F3       		.byte	0xf3
 848 0037 01       		.uleb128 0x1
 849 0038 50       		.byte	0x50
 850 0039 9F       		.byte	0x9f
 851 003a 00000000 		.4byte	0
 852 003e 00000000 		.4byte	0
 853              	.LLST2:
 854 0042 00000000 		.4byte	.LVL2
 855 0046 04000000 		.4byte	.LVL3
 856 004a 0100     		.2byte	0x1
 857 004c 51       		.byte	0x51
 858 004d 04000000 		.4byte	.LVL3
 859 0051 20000000 		.4byte	.LFE2
 860 0055 0400     		.2byte	0x4
 861 0057 F3       		.byte	0xf3
 862 0058 01       		.uleb128 0x1
 863 0059 51       		.byte	0x51
 864 005a 9F       		.byte	0x9f
 865 005b 00000000 		.4byte	0
 866 005f 00000000 		.4byte	0
 867              	.LLST3:
 868 0063 14000000 		.4byte	.LVL5
 869 0067 16000000 		.4byte	.LVL6
 870 006b 0500     		.2byte	0x5
 871 006d 75       		.byte	0x75
 872 006e 00       		.sleb128 0
 873 006f 37       		.byte	0x37
 874 0070 1A       		.byte	0x1a
ARM GAS  e:\temp\ccmiGHUu.s 			page 34


 875 0071 9F       		.byte	0x9f
 876 0072 16000000 		.4byte	.LVL6
 877 0076 20000000 		.4byte	.LFE2
 878 007a 0100     		.2byte	0x1
 879 007c 53       		.byte	0x53
 880 007d 00000000 		.4byte	0
 881 0081 00000000 		.4byte	0
 882              		.section	.debug_aranges,"",%progbits
 883 0000 3C000000 		.4byte	0x3c
 884 0004 0200     		.2byte	0x2
 885 0006 00000000 		.4byte	.Ldebug_info0
 886 000a 04       		.byte	0x4
 887 000b 00       		.byte	0
 888 000c 0000     		.2byte	0
 889 000e 0000     		.2byte	0
 890 0010 00000000 		.4byte	.LFB0
 891 0014 1C000000 		.4byte	.LFE0-.LFB0
 892 0018 00000000 		.4byte	.LFB1
 893 001c 18000000 		.4byte	.LFE1-.LFB1
 894 0020 00000000 		.4byte	.LFB2
 895 0024 20000000 		.4byte	.LFE2-.LFB2
 896 0028 00000000 		.4byte	.LFB3
 897 002c 10000000 		.4byte	.LFE3-.LFB3
 898 0030 00000000 		.4byte	.LFB4
 899 0034 04000000 		.4byte	.LFE4-.LFB4
 900 0038 00000000 		.4byte	0
 901 003c 00000000 		.4byte	0
 902              		.section	.debug_ranges,"",%progbits
 903              	.Ldebug_ranges0:
 904 0000 00000000 		.4byte	.LFB0
 905 0004 1C000000 		.4byte	.LFE0
 906 0008 00000000 		.4byte	.LFB1
 907 000c 18000000 		.4byte	.LFE1
 908 0010 00000000 		.4byte	.LFB2
 909 0014 20000000 		.4byte	.LFE2
 910 0018 00000000 		.4byte	.LFB3
 911 001c 10000000 		.4byte	.LFE3
 912 0020 00000000 		.4byte	.LFB4
 913 0024 04000000 		.4byte	.LFE4
 914 0028 00000000 		.4byte	0
 915 002c 00000000 		.4byte	0
 916              		.section	.debug_line,"",%progbits
 917              	.Ldebug_line0:
 918 0000 D9000000 		.section	.debug_str,"MS",%progbits,1
 918      02004E00 
 918      00000201 
 918      FB0E0D00 
 918      01010101 
 919              	.LASF15:
 920 0000 72656733 		.ascii	"reg32\000"
 920      3200
 921              	.LASF21:
 922 0006 6D61736B 		.ascii	"maskVal\000"
 922      56616C00 
 923              	.LASF16:
 924 000e 50445353 		.ascii	"PDSS_PORT0_TX_CLK_StartEx\000"
 924      5F504F52 
ARM GAS  e:\temp\ccmiGHUu.s 			page 35


 924      54305F54 
 924      585F434C 
 924      4B5F5374 
 925              	.LASF13:
 926 0028 646F7562 		.ascii	"double\000"
 926      6C6500
 927              	.LASF17:
 928 002f 50445353 		.ascii	"PDSS_PORT0_TX_CLK_SetFractionalDividerRegister\000"
 928      5F504F52 
 928      54305F54 
 928      585F434C 
 928      4B5F5365 
 929              	.LASF23:
 930 005e 50445353 		.ascii	"PDSS_PORT0_TX_CLK_GetDividerRegister\000"
 930      5F504F52 
 930      54305F54 
 930      585F434C 
 930      4B5F4765 
 931              	.LASF12:
 932 0083 666C6F61 		.ascii	"float\000"
 932      7400
 933              	.LASF1:
 934 0089 756E7369 		.ascii	"unsigned char\000"
 934      676E6564 
 934      20636861 
 934      7200
 935              	.LASF26:
 936 0097 47656E65 		.ascii	"Generated_Source\\PSoC4\\PDSS_PORT0_TX_CLK.c\000"
 936      72617465 
 936      645F536F 
 936      75726365 
 936      5C50536F 
 937              	.LASF3:
 938 00c2 73686F72 		.ascii	"short unsigned int\000"
 938      7420756E 
 938      7369676E 
 938      65642069 
 938      6E7400
 939              	.LASF28:
 940 00d5 50445353 		.ascii	"PDSS_PORT0_TX_CLK_Stop\000"
 940      5F504F52 
 940      54305F54 
 940      585F434C 
 940      4B5F5374 
 941              	.LASF24:
 942 00ec 50445353 		.ascii	"PDSS_PORT0_TX_CLK_GetFractionalDividerRegister\000"
 942      5F504F52 
 942      54305F54 
 942      585F434C 
 942      4B5F4765 
 943              	.LASF19:
 944 011b 636C6B44 		.ascii	"clkDivider\000"
 944      69766964 
 944      657200
 945              	.LASF5:
 946 0126 6C6F6E67 		.ascii	"long unsigned int\000"
 946      20756E73 
ARM GAS  e:\temp\ccmiGHUu.s 			page 36


 946      69676E65 
 946      6420696E 
 946      7400
 947              	.LASF22:
 948 0138 72656756 		.ascii	"regVal\000"
 948      616C00
 949              	.LASF18:
 950 013f 616C6967 		.ascii	"alignClkDiv\000"
 950      6E436C6B 
 950      44697600 
 951              	.LASF20:
 952 014b 636C6B46 		.ascii	"clkFractional\000"
 952      72616374 
 952      696F6E61 
 952      6C00
 953              	.LASF10:
 954 0159 75696E74 		.ascii	"uint16\000"
 954      313600
 955              	.LASF11:
 956 0160 75696E74 		.ascii	"uint32\000"
 956      333200
 957              	.LASF8:
 958 0167 756E7369 		.ascii	"unsigned int\000"
 958      676E6564 
 958      20696E74 
 958      00
 959              	.LASF7:
 960 0174 6C6F6E67 		.ascii	"long long unsigned int\000"
 960      206C6F6E 
 960      6720756E 
 960      7369676E 
 960      65642069 
 961              	.LASF25:
 962 018b 474E5520 		.ascii	"GNU C11 5.4.1 20160609 (release) [ARM/embedded-5-br"
 962      43313120 
 962      352E342E 
 962      31203230 
 962      31363036 
 963 01be 616E6368 		.ascii	"anch revision 237715] -mcpu=cortex-m0 -mthumb -g -O"
 963      20726576 
 963      6973696F 
 963      6E203233 
 963      37373135 
 964 01f1 73202D66 		.ascii	"s -ffunction-sections -ffat-lto-objects -finline-fu"
 964      66756E63 
 964      74696F6E 
 964      2D736563 
 964      74696F6E 
 965 0224 6E637469 		.ascii	"nctions -flto -fno-strict-aliasing\000"
 965      6F6E7320 
 965      2D666C74 
 965      6F202D66 
 965      6E6F2D73 
 966              	.LASF6:
 967 0247 6C6F6E67 		.ascii	"long long int\000"
 967      206C6F6E 
 967      6720696E 
ARM GAS  e:\temp\ccmiGHUu.s 			page 37


 967      7400
 968              	.LASF14:
 969 0255 63686172 		.ascii	"char\000"
 969      00
 970              	.LASF2:
 971 025a 73686F72 		.ascii	"short int\000"
 971      7420696E 
 971      7400
 972              	.LASF9:
 973 0264 75696E74 		.ascii	"uint8\000"
 973      3800
 974              	.LASF4:
 975 026a 6C6F6E67 		.ascii	"long int\000"
 975      20696E74 
 975      00
 976              	.LASF0:
 977 0273 7369676E 		.ascii	"signed char\000"
 977      65642063 
 977      68617200 
 978              	.LASF27:
 979 027f 433A5C55 		.ascii	"C:\\Users\\Admin\\Desktop\\_FIRMWARE\\DBARLite\\CYP"
 979      73657273 
 979      5C41646D 
 979      696E5C44 
 979      65736B74 
 980 02ac 44353232 		.ascii	"D5225\\CYPD5225-96BZXI_notebook\\CYPD5225-96BZXI_no"
 980      355C4359 
 980      50443532 
 980      32352D39 
 980      36425A58 
 981 02dd 7465626F 		.ascii	"tebook.cydsn\000"
 981      6F6B2E63 
 981      7964736E 
 981      00
 982              		.comm	__gnu_lto_v1,1,1
 983              		.ident	"GCC: (GNU Tools for ARM Embedded Processors) 5.4.1 20160609 (release) [ARM/embedded-5-bran
