ARM GAS  e:\temp\ccZwXawz.s 			page 1


   1              		.syntax unified
   2              		.cpu cortex-m0
   3              		.fpu softvfp
   4              		.eabi_attribute 20, 1
   5              		.eabi_attribute 21, 1
   6              		.eabi_attribute 23, 3
   7              		.eabi_attribute 24, 1
   8              		.eabi_attribute 25, 1
   9              		.eabi_attribute 26, 1
  10              		.eabi_attribute 30, 4
  11              		.eabi_attribute 34, 0
  12              		.eabi_attribute 18, 4
  13              		.thumb
  14              		.syntax unified
  15              		.file	"Bootloadable_1.c"
  16              		.text
  17              	.Ltext0:
  18              		.section	.gnu.lto_.profile.62409c6b,"",%progbits
  19 0000 789C6361 		.ascii	"x\234ca`d`a`\000\222jB\000\000\310\000C"
  19      60646061 
  19      6000926A 
  19      420000C8 
  19      0043
  20              		.text
  21              		.section	.gnu.lto_.icf.62409c6b,"",%progbits
  22 0000 789C6361 		.ascii	"x\234ca`d\000\001>\006\004`b\270\334\371\351+?\323\273"
  22      60640001 
  22      3E060460 
  22      62B8DCF9 
  22      E92B3FD3 
  23 0015 A9EF1FF2 		.ascii	"\251\357\037\3621\000\0003\250\006\313"
  23      31000033 
  23      A806CB
  24              		.text
  25              		.section	.gnu.lto_.jmpfuncs.62409c6b,"",%progbits
  26 0000 789C6361 		.ascii	"x\234ca`d\000\0011\006\004`\002\023L\214\214\314\365"
  26      60640001 
  26      31060460 
  26      02134C8C 
  26      8CCCF5
  27 0013 F52C6011 		.ascii	"\365,`\021F \005\000\0209\001."
  27      46200500 
  27      1039012E 
  28              		.text
  29              		.section	.gnu.lto_.inline.62409c6b,"",%progbits
  30 0000 789C6361 		.ascii	"x\234ca`d\000\001g\006\004`b``\345ed`b\272\300\317\300"
  30      60640001 
  30      67060460 
  30      626060E5 
  30      65646062 
  31 0018 B6409E09 		.ascii	"\266@\236\011$\306\310\005\222h`\022|\316\302\310\310"
  31      24C6C805 
  31      92686012 
  31      7CCEC2C8 
  31      C8
  32 0029 A000D4C4 		.ascii	"\240\000\324\304\3147\341\203\007D\236\343\200\035\013"
  32      CC37E183 
ARM GAS  e:\temp\ccZwXawz.s 			page 2


  32      07449EE3 
  32      801D0B
  33 0038 509A8581 		.ascii	"P\232\205\201\231\007\250h\202\037\003\003\000\021\023"
  33      9907A868 
  33      821F0303 
  33      001113
  34 0047 0853     		.ascii	"\010S"
  35              		.text
  36              		.section	.gnu.lto_.pureconst.62409c6b,"",%progbits
  37 0000 789C6361 		.ascii	"x\234ca`d`e```b\220b\222\004\000\000\356\000B"
  37      60646065 
  37      60606062 
  37      90629204 
  37      0000EE00 
  38              		.text
  39              		.section	.gnu.lto_Bootloadable_1_Load.62409c6b,"",%progbits
  40 0000 789C654F 		.ascii	"x\234eO=K\003Q\020\334\331w\371\200 h\255\205\245\261"
  40      3D4B0351 
  40      10DCD977 
  40      F9802068 
  40      AD85A5B1 
  41 0014 10047F81 		.ascii	"\020\004\177\201\026\266b\332@\210\311u\301\203\020"
  41      16B662DA 
  41      4088C975 
  41      C18310
  42 0023 EB7BF172 		.ascii	"\353{\361r\250\205`c:\011\010\222h\374,,\016\004\217"
  42      A8856063 
  42      3A090892 
  42      68FC2C2C 
  42      0E048F
  43 0036 FB01F107 		.ascii	"\373\001\361\007\330H\212 \222\"B\264\213\347\276X\272"
  43      D8488A20 
  43      922242B4 
  43      8BE7BE58 
  43      BA
  44 0047 F0D86566 		.ascii	"\360\330ef\230\231g\021\310\314\234\254e\331\363\362"
  44      98996711 
  44      C8CC9CAC 
  44      65D9F3F2 
  45 0057 A0087CD2 		.ascii	"\240\010|\322#\252\247\0310\207N\203\\\206\213/\236"
  45      23AAA719 
  45      30874E83 
  45      5C868B2F 
  45      9E
  46 0068 30A28341 		.ascii	"0\242\203A\300\331\266\226y\273h*\335\011\341+\242\230"
  46      C0D9B696 
  46      79BB682A 
  46      DD09E12B 
  46      A298
  47 007a A74E8436 		.ascii	"\247N\2046\262$\262\376\303\317\351L\262ad\213\177$"
  47      B224B2FE 
  47      C3CFE94C 
  47      B261648B 
  47      7F24
  48 008c 3A489AB8 		.ascii	":H\232\270\273\355P\307\261\247\303\307\304\204-\242"
  48      BBED50C7 
  48      B1A7C3C7 
ARM GAS  e:\temp\ccZwXawz.s 			page 3


  48      C4842DA2 
  49 009c 919026E6 		.ascii	"\221\220&\346\223\331l5@4\276\277M\030\271\3704\375"
  49      93D96C35 
  49      4034BEBF 
  49      4D18B9F8 
  49      34FD
  50 00ae E8253566 		.ascii	"\350%5f_\001\3066\010\206\257)w\242\017\265\236\025"
  50      5F01C636 
  50      0886AF29 
  50      77A20FB5 
  50      9E15
  51 00c0 EC48920D 		.ascii	"\354H\222\015<l\364{\231\026\316\352\272np\306\225\324"
  51      3C6CF47B 
  51      9916CEEA 
  51      BA6E70C6 
  51      95D4
  52 00d2 BDC482A4 		.ascii	"\275\304\202\244v\321\202(\316\277\275\343\214\361a"
  52      76D18228 
  52      CEBFBDE3 
  52      8CF161
  53 00e1 84846BA1 		.ascii	"\204\204k\241\336\341\205O01\377\215U\314R\0257p\311"
  53      DEE1854F 
  53      3031FF8D 
  53      55CC5215 
  53      3770C9
  54 00f4 57167D60 		.ascii	"W\026}`?|\2366\232\376q$\2444\225\336K\233\366\256]"
  54      3F7C9E36 
  54      9AFE7124 
  54      A43495DE 
  54      4B9BF6AE 
  55 0109 2DD6EC72 		.ascii	"-\326\354r!\347\354UKv~+\347l\254\345\327\035\247Vq"
  55      21E7EC55 
  55      4B767E2B 
  55      E76CACE5 
  55      D71DA756 
  56 011e 8AE5E24E 		.ascii	"\212\345\342N\305.\254\256\224\350\0274Mpe"
  56      C52EACAE 
  56      94E81734 
  56      4D7065
  57              		.text
  58              		.section	.gnu.lto_Bootloadable_1_SetFlashByte.62409c6b,"",%progbits
  59 0000 789C6D54 		.ascii	"x\234mT]L\\E\024\236s\347\336\335\273?\354nL\243/<\360"
  59      5D4C5C45 
  59      149E73E7 
  59      DEDDBB3F 
  59      EC6E4CA3 
  60 0017 42B0311A 		.ascii	"B\2601\032I}\300\370`\374\211\372\244\245511\325f[\326"
  60      497DC0F8 
  60      60FC89FA 
  60      A4A53531 
  60      31D5665B 
  61 002c C404BB66 		.ascii	"\304\004\273f\201h\323\207\035v\271\300\203\311V\023"
  61      8168D387 
  61      1D76B9C0 
  61      83C95613 
  62 003c B1569080 		.ascii	"\261V\220\200i)\026\201-\375a\333\002\227-\245\212\224"
  62      69291681 
ARM GAS  e:\temp\ccZwXawz.s 			page 4


  62      2DFD61DB 
  62      02972DA5 
  62      8A94
  63 004e ADAD2169 		.ascii	"\255\255!iZ\261E\012\204VY\360\247\206\012\35393k\213"
  63      5AB1450A 
  63      845659F0 
  63      A7860AEB 
  63      39336B8B 
  64 0062 0993DCB9 		.ascii	"\011\223\334\2713\347\236\357;\347\233s\346\352\014"
  64      33E79EEF 
  64      3BE79B73 
  64      E6EA0C
  65 0071 188D4183 		.ascii	"\030\215A\203\261\267\361]\216\0178\030h\373'\030\253"
  65      B1B7F15D 
  65      8E0F3818 
  65      68FB2718 
  65      AB
  66 0082 3535D0D5 		.ascii	"55\320\325\202\253\305\260\251k\274\353\"c\302m\314"
  66      82ABC5B0 
  66      A96BBCEB 
  66      2263C26D 
  66      CC
  67 0093 E0EC3500 		.ascii	"\340\3545\000\310.L`Q\215\353\006D5\235\201\255\203"
  67      C82E4C60 
  67      518DEB06 
  67      44359D81 
  67      AD83
  68 00a5 D0D44CE4 		.ascii	"\320\324L\344\177j\253\032\244\033fS\332\346\016\201"
  68      7F6AAB1A 
  68      A41B6653 
  68      DAE60E81 
  69 00b5 E386F57B 		.ascii	"\343\206\365{\2518b\203\305\031\313I\017\014\332\001"
  69      A9386283 
  69      C519CB49 
  69      0F0CDA01 
  70 00c5 9BD1EB87 		.ascii	"\233\321\353\207\272\336f\376\207fq\000\035\267K\027"
  70      BADE66FE 
  70      87667100 
  70      1DB74B17 
  71 00d5 0FFEE2A3 		.ascii	"\017\376\342\243\255\006E\270\3751\2718\241\361\307"
  71      AD0645B8 
  71      FD31B938 
  71      A1F1C7
  72 00e4 80E1FAE8 		.ascii	"\200\341\372\350o\243W\314\222CB\304\204\350\013\011"
  72      6FA357CC 
  72      924342C4 
  72      84E80B09 
  73 00f4 97C5397C 		.ascii	"\227\3059|\015\034\371\240\023\012\341\010\0242418\012"
  73      0D1CF9A0 
  73      130AE108 
  73      14323431 
  73      380A
  74 0106 25E89DED 		.ascii	"%\350\235\355\230\232s\363-\022\331\366\321\235ZG\036"
  74      989A73F3 
  74      2D12D9F6 
  74      D19D5A47 
  74      1E
ARM GAS  e:\temp\ccZwXawz.s 			page 5


  75 0117 B9F496E0 		.ascii	"\271\364\226\340\026\327\241K!\267\024\302\223\204C"
  75      16D7A14B 
  75      21B714C2 
  75      938443
  76 0126 0DDF4009 		.ascii	"\015\337@\0119\237\317\335\265\375*!Rq9;\336\342Q\011"
  76      399FCFDD 
  76      B5FD2A21 
  76      5271393B 
  76      DEE25109 
  77 013a 0570BBB8 		.ascii	"\005p\273\270\260\260\254\363g$\355\265\343]\223z\361"
  77      B0B0ACF3 
  77      6724EDB5 
  77      E35D937A 
  77      F1
  78 014b 57446B5F 		.ascii	"WDk_M\370\016\010;Vdq\003z\025u\017&\325\215I\321\240"
  78      4DF80E08 
  78      3B566471 
  78      037A1575 
  78      0F26D58D 
  79 0162 E3E8EE99 		.ascii	"\343\350\356\231\343\374Y\211\374\370\247\216)O\036"
  79      E3FC5989 
  79      FCF8A78E 
  79      294F1E
  80 0171 3999F18A 		.ascii	"9\231\361\212\375\265&\2519\366\1775y\340g\255\207o"
  80      FDB526A9 
  80      39F67F35 
  80      79E067AD 
  80      876F
  81 0183 79F82B12 		.ascii	"y\370+\022x)\226\356\376/\344@b\323\375\220\3077\014"
  81      782996EE 
  81      FE2FE440 
  81      62D3FD90 
  81      C7370C
  82 0196 D93D3FD4 		.ascii	"\331=?\324\354VR\004i\371u\374V\273\256\264\010\022"
  82      EC565204 
  82      69F975FC 
  82      56BBAEB4 
  82      0812
  83 01a8 3376EFEF 		.ascii	"3v\357\357\303n\376\232d\036mj\377\322\217\314\266\020"
  83      C36EFE9A 
  83      641E6D6A 
  83      FFD28FCC 
  83      B610
  84 01ba 766BC257 		.ascii	"vk\302W+\354:dv@\277b>\205\314'\0370O\236;u\314\301"
  84      2BEC3A64 
  84      7640BF62 
  84      3E85CC27 
  84      1F304F9E 
  85 01d2 DFC8E774 		.ascii	"\337\310\347ti\320\233\317\251\371\201\230\323\033\212"
  85      69D09BCF 
  85      A9F98198 
  85      D31B8A
  86 01e1 994EAE7D 		.ascii	"\231N\256}Z\340\250\243\246(\2023P\014)|N\340\323\207"
  86      5AE0A8A3 
  86      A6288233 
  86      500C297C 
  86      4EE0D387 
ARM GAS  e:\temp\ccZwXawz.s 			page 6


  87 01f5 4F128A55 		.ascii	"O\022\212U{\300Yp`\233r\3715\377\245g\233-r\271\270"
  87      7BC05970 
  87      609B72F9 
  87      35FFA567 
  87      9B2D72B9 
  88 020a B0BFF00F 		.ascii	"\260\277\360\017\367?\264\011\030\031Q\031\226[\307"
  88      F73FB409 
  88      18195119 
  88      965BC7
  89 0219 023A0D46 		.ascii	"\002:\015F\236\016Z\2328\231.Z\271i\362\340\344\362"
  89      9E0E5A9A 
  89      38992E5A 
  89      B969F2E0 
  89      E4F2
  90 022b E2E4F649 		.ascii	"\342\344\366I\220\237\214\001\220\005gY\214\207\215"
  90      909F8C01 
  90      90056759 
  90      8C878D
  91 023a BDA469F8 		.ascii	"\275\244i\370\342\323\020\263[\022>\031\037\263\213"
  91      E2D310B3 
  91      5B123E19 
  91      1FB38B
  92 0249 633FCD42 		.ascii	"c?\315B\274\267\376\257\201~ c\234\353h[\177\264Nj\374"
  92      BCB7FEAF 
  92      817E2063 
  92      9CEB685B 
  92      7FB44E6A 
  93 025e 01148850 		.ascii	"\001\024\210PQ.\201(\007=\346n\237\251\334\267\027\213"
  93      512E8128 
  93      073DE66E 
  93      9FA9DCB7 
  93      178B
  94 0270 83183233 		.ascii	"\203\03023\030\204}\304\366O\375\324`\231\"3\024\331"
  94      18847DC4 
  94      F64FFDD4 
  94      60992233 
  94      14D9
  95 0282 F4E2ED15 		.ascii	"\364\342\355\025\236'[\313\345\3740$\3714\311\326Gi"
  95      9E275BCB 
  95      E5FC3024 
  95      F934C9D6 
  95      4769
  96 0294 18446FFF 		.ascii	"\030Do\377\234\360KSR\006h\262\322\031'\241\014<\013"
  96      9CF04B53 
  96      520668B2 
  96      D21927A1 
  96      0C3C0B
  97 02a7 5B1EF192 		.ascii	"[\036\361\222\306\031^V>\013\261\345\206\211\241\255"
  97      C6195E56 
  97      3E0BB1E5 
  97      8689A1AD 
  98 02b7 2A8A19E7 		.ascii	"*\212\031\347\300\244i\204+\213KY\342M\016\265w\313"
  98      C0A46984 
  98      2B8B4B59 
  98      E24D0EB5 
  98      77CB
  99 02c9 545CD2C9 		.ascii	"T\\\322\311\251L\036\264\322~\305\255\366\336\365\021"
ARM GAS  e:\temp\ccZwXawz.s 			page 7


  99      A94C1EB4 
  99      D27EC5AD 
  99      F6DEF511 
 100 02d9 5DB2F077 		.ascii	"]\262\360w/\2145z[\241\005\2575\236\212\007\206)\007"
 100      2F8C357A 
 100      5BA105AF 
 100      359E8A07 
 100      862907
 101 02ec 4843AB8C 		.ascii	"HC\253\214\326\324\366\010!\321\257=q\275\313Q\332C"
 101      D6D4F608 
 101      21D1AF3D 
 101      71BDCB51 
 101      DA43
 102 02fe 3517E574 		.ascii	"5\027\345t\367R$\311\224?\201sP\212\3342\227\372\265"
 102      F75224C9 
 102      943F8173 
 102      508ADC32 
 102      97FAB5
 103 0311 C1CBF943 		.ascii	"\301\313\371C\366a~\010<\3210\236t+\205\000#\353\316"
 103      F6617E08 
 103      3CD1309E 
 103      742B8500 
 103      23EBCE
 104 0324 2449043E 		.ascii	"$I\004>)Xg\370;\242\272\005\2302\003\273\011u\231\370"
 104      295867F8 
 104      3BA2BA05 
 104      983203BB 
 104      097599F8 
 105 0338 C38A8968 		.ascii	"\303\212\211h\256\304G2\\\321\344\000\316\253f\\FJ<"
 105      AEC44732 
 105      5CD1E400 
 105      CEAB665C 
 105      464A3C
 106 034b 346D9E23 		.ascii	"4m\236#\023?P\200T\006u\200*\320\320\233\012\356W\005"
 106      133F5080 
 106      54067580 
 106      2AD0D09B 
 106      0AEE5705 
 107 035f EAB1663A 		.ascii	"\352\261f:MU d\030E\006\024x\360\346\343\033\010|\372"
 107      4D552064 
 107      18450614 
 107      78F0E6E3 
 107      1B087CFA 
 108 0373 BE40BF14 		.ascii	"\276@\277\024x\201\004\006d\335_bqN\035\204\210C+\367"
 108      78810406 
 108      64DD5F62 
 108      714E1D84 
 108      88432BF7 
 109 0387 B2F98AE7 		.ascii	"\262\371\212\347r\034\276E\306y\260\354\325\214W\266"
 109      721CBE45 
 109      C679B0EC 
 109      D58C57B6 
 110 0397 0A7AA452 		.ascii	"\012z\244Rw\2569\243\253\242Q\210\200\305=9\015\357"
 110      77AE39A3 
 110      ABA25188 
 110      80C53D39 
 110      0DEF
ARM GAS  e:\temp\ccZwXawz.s 			page 8


 111 03a9 037C0751 		.ascii	"\003|\007Q\342\300\317\247\317\266u\372\3603\215\253"
 111      E2C0CFA7 
 111      CFB675FA 
 111      F0338DAB 
 112 03b9 5800AFBC 		.ascii	"X\000\257\274*\262\315\306 j\361\002\214\230\276n\310"
 112      2AB2CDC6 
 112      206AF102 
 112      8C98BE6E 
 112      C8
 113 03ca D34AC976 		.ascii	"\323J\311v\371\374\206\375\211QvR4\2427z}\017el\001"
 113      F9FC86FD 
 113      89517652 
 113      34A2377A 
 113      7D0F656C 
 114 03df 7B2AB54D 		.ascii	"{*\265M\242hd1\306\014\303\373\360\350\313\241=\241"
 114      A2686431 
 114      C60CC3FB 
 114      F0E8CBA1 
 114      3DA1
 115 03f1 48B03A54 		.ascii	"H\260:T\261s{\270&\262;\264c\353\366\360\013O\355x>"
 115      B1737BB8 
 115      26B23BB4 
 115      63EBF6F0 
 115      0B4FED78 
 116 0406 1CAEAE0C 		.ascii	"\034\256\256\014\007+\202\273*C;K\237\330\315\234\301"
 116      072B82BB 
 116      2A433B4B 
 116      9FD8CD9C 
 116      C1
 117 0417 8A8A48A8 		.ascii	"\212\212H\250\252\312\031\251\331\363\372\336\367C\374"
 117      AACA19A9 
 117      D9F3FADE 
 117      F743FC
 118 0426 DD8A0FCD 		.ascii	"\335\212\017\315]\301\252\320shwD\302\037\274Z\363\236"
 118      5DC1AAD0 
 118      73687744 
 118      C21FBC5A 
 118      F39E
 119 0438 135F2F06 		.ascii	"\023_/\006\253\203\316w*\253\310\374/(\231\002\015"
 119      AB83CE77 
 119      2AABC8FC 
 119      2F289902 
 119      0D
 120              		.text
 121              		.section	.gnu.lto_.symbol_nodes.62409c6b,"",%progbits
 122 0000 789C6361 		.ascii	"x\234ca`d\310e\000\002&\306z\006\206\011\347\030\030"
 122      6064C865 
 122      000226C6 
 122      7A068609 
 122      E71818
 123 0013 80D4AE06 		.ascii	"\200\324\256\006E\006\006V\006\006\005\006\275\244\374"
 123      45060656 
 123      06060506 
 123      BDA4FC
 124 0022 FC929CFC 		.ascii	"\374\222\234\374\304\224\324\242\242\322\274\222\312"
 124      C494D4A2 
 124      A2D2BC92 
ARM GAS  e:\temp\ccZwXawz.s 			page 9


 124      CA
 125 002f 8254A04A 		.ascii	"\202T\240J\246zF\024\225\214\314\365L`\001\006\206\206"
 125      A67A4614 
 125      958CCCF5 
 125      4C600106 
 125      8686
 126 0041 0605209F 		.ascii	"\006\005 \237\245\236\031\231\317\014\204G\036\374c"
 126      A59E1999 
 126      CF0C8447 
 126      1EFC63
 127 0050 64666261 		.ascii	"dfbaX\322\375F\236\001\000\276O\032r"
 127      58D2FD46 
 127      9E0100BE 
 127      4F1A72
 128              		.text
 129              		.section	.gnu.lto_.refs.62409c6b,"",%progbits
 130 0000 789C6361 		.ascii	"x\234ca`d`c`\000\222\214\214\214\014\000\000\235\000"
 130      60646063 
 130      6000928C 
 130      8C8C0C00 
 130      009D00
 131 0013 10       		.ascii	"\020"
 132              		.text
 133              		.section	.gnu.lto_.decls.62409c6b,"",%progbits
 134 0000 789C8D55 		.ascii	"x\234\215UiLTW\024~\347\275\031\226\007\014\315`\032"
 134      694C5457 
 134      147EE7BD 
 134      1996070C 
 134      CD601A
 135 0013 934E2A98 		.ascii	"\223N*\230\010\374\242E\233\246?\372\243\221T\375aZ"
 135      08FCA245 
 135      9BA63FFA 
 135      A39154FD 
 135      615A
 136 0025 23ADFE31 		.ascii	"#\255\37611,\317@B\230f\030b\346W/\213b\215\266\250"
 136      312CCF40 
 136      42986618 
 136      62E6572F 
 136      8B628DB6 
 137 003a 55C4A502 		.ascii	"U\304\245\002n \210\254Z(\302\010\262\270PEk\331\212"
 137      6E2088AC 
 137      5A28C208 
 137      B2B85045 
 137      6BD98A
 138 004d 8C85D12A 		.ascii	"\214\205\321*V\251\332\252h;=w\031\336\033SRo\346\274"
 138      56A9DAAA 
 138      683B3D77 
 138      19DE1B53 
 138      526FE6BC 
 139 0061 7BEFB967 		.ascii	"{\357\271g\373\3169\367\216I\002\211\216\217C$i-.\207"
 139      FBCE39F7 
 139      8E490289 
 139      8E8F4324 
 139      692D2E87 
 140 0075 70EDC3A1 		.ascii	"p\355\303\241\340\274F\322\207\011\351$R;\222\033\251"
 140      E0BC46D2 
 140      8709E924 
ARM GAS  e:\temp\ccZwXawz.s 			page 10


 140      523B921B 
 140      A9
 141 0086 17896A0E 		.ascii	"\027\211j\016I\201\203\312\230\205\3560\322 \322\010"
 141      498183CA 
 141      9885EE30 
 141      D220D208 
 142 0096 528D3897 		.ascii	"R\2158\227\205\214{\016}j\337\"\364\255H\363\220Z\221"
 142      858C7B0E 
 142      7D6ADF22 
 142      F4AD48F3 
 142      905A91
 143 00a9 1A916E22 		.ascii	"\032\221n\"M\"\305!\255B\362\"\331\220n#\335A\3521\370"
 143      4D22C521 
 143      AD42F222 
 143      D9906E23 
 143      DD41EA31 
 144 00be 681731BE 		.ascii	"h\0271\276:\376\226\301w\260\2662t\024\206A\006\001"
 144      3AFE96C1 
 144      77B0B632 
 144      74148641 
 144      0601
 145 00d0 5E02E05F 		.ascii	"^\002\340_`$qb[\\\310\354+\315\262f'\211~%.\317x\272"
 145      60247162 
 145      5B5CC8EC 
 145      2BCDB266 
 145      27897E25 
 146 00e8 31F6F3CF 		.ascii	"1\366\363\317>\377`Ft\353 \224`6\002\256\305\317e!&"
 146      3EFF6046 
 146      74EB2094 
 146      603602AE 
 146      C5CF6521 
 147 00fd 71E3B2AE 		.ascii	"q\343\262\256`\260\307\3035\304\004\201\230\300\017"
 147      60B0C7C3 
 147      35C40481 
 147      98C00F
 148 010c 3AEFBB43 		.ascii	":\357\273C\307\302\025\264\211\353\361\347\225\313\022"
 148      C7C215B4 
 148      89EBF1E7 
 148      95CB12
 149 011b 6A088E62 		.ascii	"j\010\216bB\344\004=3\335\276\247\356\310'2XU\220q{"
 149      42E4043D 
 149      33DDBEA7 
 149      EEC82732 
 149      58559071 
 150 0130 6DFAF2C1 		.ascii	"m\372\362\3010\334\316S\341\015\334N\265\227\372\"\346"
 150      30DCCE53 
 150      E10DDC4E 
 150      B597FA22 
 150      E6
 151 0141 EFA17AA4 		.ascii	"\357\241z\244\200D\313\260\346M\250\006\033\234\000"
 151      8044CBB0 
 151      E64DA806 
 151      1B9C00
 152 0150 2C02D4C0 		.ascii	",\002\324\300|\374\246\232\270\245\226\206\316\035a"
 152      7CFCA69A 
 152      B8A59686 
 152      CE1D61
ARM GAS  e:\temp\ccZwXawz.s 			page 11


 153 015f 0BCB4859 		.ascii	"\013\313HY\035\361\370&\027\227\022w>j\311T\012*A\201"
 153      1DF1F826 
 153      17971277 
 153      3E6AC954 
 153      0A2A4181 
 154 0173 2AA06EE9 		.ascii	"*\240n\351\222N\307a\024\303>\011\013Q\263\254\357b"
 154      924EC761 
 154      14C33E09 
 154      0B51B3AC 
 154      EF62
 155 0185 B55959C1 		.ascii	"\265YY\301\002=\265i\262*\004\003\260\251\340\003\272"
 155      023DB569 
 155      B22A0403 
 155      B0A9E003 
 155      BA
 156 0196 BFDFF23C 		.ascii	"\277\337\362<\202\357\351q\351\216\211\177\302\224t"
 156      82EFE971 
 156      E98E897F 
 156      C29474
 157 01a5 BA96AF4F 		.ascii	"\272\226\257OT\3375A\274z\214F\347i.\332PRD\3755\202"
 157      54DF3541 
 157      BC7A8C46 
 157      E7692EDA 
 157      505244FD 
 158 01bb 0AF5BA3F 		.ascii	"\012\365\272?\233\212\337-\204\344\223\351\012\0224"
 158      9B8ADF2D 
 158      84E493E9 
 158      0A1234
 159 01ca 5F822536 		.ascii	"_\202%6x\327&A\003\304S\243T\012\352\020\322)\204\204"
 159      78D72641 
 159      03C453A3 
 159      540AEA10 
 159      D2298484 
 160 01de 0EBC2587 		.ascii	"\016\274%\207\246\202L\330N\314\016bC\336X_U\265\202"
 160      A6824CD8 
 160      4ECC0E62 
 160      43DE585F 
 160      55B582
 161 01f1 31C4614C 		.ascii	"1\304aL8\"\015a\305\361\260.\216{\037\205*\333\200m"
 161      38220D61 
 161      C5F1B02E 
 161      8E7B1F85 
 161      2ADB806D 
 162 0205 060AEB0E 		.ascii	"\006\012\353\016(<\245&\334\376\321\277o\302\302S\032"
 162      283CA526 
 162      DCFED1BF 
 162      6FC2C253 
 162      1A
 163 0216 8D515F2B 		.ascii	"\215Q_+\275?\036\004j<\013\251\270\200XWH\320\202\376"
 163      BD3F1E04 
 163      6A3C0BA9 
 163      B8805857 
 163      48D082FE 
 164 022a BF47FFF0 		.ascii	"\277G\377\360\003\006\025'\202:\215\314fd2x\356\003"
 164      03061527 
 164      823A8DCC 
 164      66643278 
ARM GAS  e:\temp\ccZwXawz.s 			page 12


 164      EE03
 165 023c 0B105A2B 		.ascii	"\013\020Z+\206tF\207\026\247\362\314_\361\036)4\261"
 165      86744687 
 165      16A7F2CC 
 165      5FF11E29 
 165      34B1
 166 024e 98A94013 		.ascii	"\230\251@\023\260\240K\313;\356\205\316Y\272\263\254"
 166      B0A04BCB 
 166      3BEE85CE 
 166      59BAB3AC 
 167 025e 746D206A 		.ascii	"tm j7\330\331w2\304_\273\272\267\367\024\220JT\213\246"
 167      37D8D977 
 167      32C45FBB 
 167      BAB7F714 
 167      904A548B 
 168 0273 6250AB3B 		.ascii	"bP\253;\2545\326\256\235\325\256k`j\302\254\354\342"
 168      AC35D6AE 
 168      9DD5AE6B 
 168      606AC2AC 
 168      ECE2
 169 0285 C89F5FD9 		.ascii	"\310\237_\331\342\013B3\036B\312J.)\245\244\223\227"
 169      E20B4233 
 169      1E42CA4A 
 169      2E29A5A4 
 169      9397
 170 0297 BF4337D1 		.ascii	"\277C7\321\301L\340\302\315\324_\346\265\267\252J\027"
 170      C14CE0C2 
 170      CDD45FE6 
 170      B5B7AA4A 
 170      17
 171 02a8 579FAEF2 		.ascii	"W\237\256\362=\211TE\255\212\377\277V\247+\356\2367"
 171      3D895445 
 171      AD8AFFBF 
 171      56A72BEE 
 171      9E37
 172 02ba 876F9D4D 		.ascii	"\207o\235M$t\"|\177.%\350\202p\321\344\017\213\352o"
 172      2474227C 
 172      7F2E25E8 
 172      8270D1E4 
 172      0F8BEA6F 
 173 02ce 44B20421 		.ascii	"D\262\004!O\024\265\365\316\370\250\236\264\363<i7\267"
 173      4F14B5F5 
 173      CEF8A89E 
 173      B4F33C69 
 173      37B7
 174 02e0 3E3A116C 		.ascii	">:\021lL\032=\323\263\326\303\262\326\355\317Zw\307"
 174      4C1A3DD3 
 174      B3D6C3B2 
 174      D6EDCF5A 
 174      77C7
 175 02f2 E66F055C 		.ascii	"\346o\005\\\317\330\327\237\346\035\336\354^\305\204"
 175      CFD8D79F 
 175      E61DDEEC 
 175      5EC584
 176 0301 E09C0EF8 		.ascii	"\340\234\016\370\234\037p/\003\374\347\341\243\371A"
 176      9C1F702F 
 176      03FCE7E1 
ARM GAS  e:\temp\ccZwXawz.s 			page 13


 176      A3F941
 177 0310 CA330EB8 		.ascii	"\3123\016\270\336\363\262\315\304;\305\212\333\241\251"
 177      DEF3B2CD 
 177      C43BC58A 
 177      DBA1A9
 178 031f C7BB548A 		.ascii	"\307\273T\212\237\010<V#\234\213\200\345\206wlp\201"
 178      9F083C56 
 178      239C8B80 
 178      E586776C 
 178      7081
 179 0331 A37FD2B2 		.ascii	"\243\177\322\262y\306\302\225\243p{!\177\373\361p\336"
 179      79C6C295 
 179      A3707B21 
 179      7FFBF170 
 179      DE
 180 0342 667BE9C5 		.ascii	"f{\351\305\271\361\354\354L\270R\304\256\277\2511\177"
 180      B9F1ECEC 
 180      4CB852C4 
 180      AEBFA931 
 180      7F
 181 0353 BCDC02F1 		.ascii	"\274\334\002\3616@k\300/\014}\007$\030@|\375\"B\034"
 181      36406BC0 
 181      2F0C7D07 
 181      2418407C 
 181      FD22421C 
 182 0367 FB087A9F 		.ascii	"\373\010z\237\376\222\262q\035\302\346\377\270;?b=\250"
 182      FE92B271 
 182      1DC2E6FF 
 182      B83B3F62 
 182      3DA8
 183 0379 262BC855 		.ascii	"&+\310U\264y\205\207tub\2577\314Z,\314\177\004L\350"
 183      B4798587 
 183      747562AF 
 183      37CC5A2C 
 183      CC7F044C 
 184 038e 329E5F62 		.ascii	"2\236_b\010\256\201\325\217\203\335\223\3763\345\226"
 184      08AE81D5 
 184      8F83DD93 
 184      FE33E596 
 185 039e 986DF221 		.ascii	"\230m\362!\2627\232\235!\257\251mf\214_\277\353\020"
 185      B2379A9D 
 185      21AFA96D 
 185      668C5FBF 
 185      EB10
 186 03b0 C3A4BC79 		.ascii	"\303\244\274y=%\021J\031\177\306\276)|\2725\024\217"
 186      3D25114A 
 186      197FC6BE 
 186      297CBA35 
 186      148F
 187 03c2 E10626F8 		.ascii	"\341\006&\370'Z\007d~uk\367\210\231\246\255\340\265"
 187      275A0764 
 187      7E756BF7 
 187      8899A6AD 
 187      E0B5
 188 03d4 EE13B5B9 		.ascii	"\356\023\265\271o\373_a\213\016\223#\005\304S\277\353"
 188      6FFB5F61 
 188      8B0E9323 
ARM GAS  e:\temp\ccZwXawz.s 			page 14


 188      05C453BF 
 188      EB
 189 03e5 C3B60652 		.ascii	"\303\266\006R\030\012\203\030k\037\257\233\337\000\374"
 189      180A8318 
 189      6B1FAF9B 
 189      DF00FC
 190 03f4 8C2E2813 		.ascii	"\214.(\023\343\031\202E\250\371\342\341\365\341\020"
 190      E3198245 
 190      A8F9E2E1 
 190      F5E110
 191 0403 63CB0D06 		.ascii	"c\313\015\006\264\3340o9:\243\360\316\335\005\307\203"
 191      B4DC306F 
 191      393AA3F0 
 191      CEDD05C7 
 191      83
 192 0414 8DC2F42E 		.ascii	"\215\302\364.\350\302#\330\213\242IF\230\374\321\231"
 192      E8C223D8 
 192      8BA24946 
 192      98FCD199 
 193 0424 17D3F4E1 		.ascii	"\027\323\364\341\210\245\357\214bxeb\371+SY\336\323"
 193      88A5EF8C 
 193      62786562 
 193      F92B5359 
 193      DED3
 194 0436 A82A032C 		.ascii	"\250*\003,\025\362\203\246\336\241\010\377;\202\320"
 194      15F283A6 
 194      DEA108FF 
 194      3B82D0
 195 0445 D57869B6 		.ascii	"\325xi\266Sa\034q\307\012\334\277 s\324\377\216x\232"
 195      53611C71 
 195      C70ADCBF 
 195      2073D4FF 
 195      8E789A
 196 0458 7BC53379 		.ascii	"{\3053y\023\003\037\323\3334\226\026\2052\015o\260U"
 196      13031FD3 
 196      DB349616 
 196      85320D6F 
 196      B055
 197 046a BCC1FBAB 		.ascii	"\274\301\373\253\033\036\233\347\354\313[\376\276\364"
 197      1B1E9BE7 
 197      ECCB5BFE 
 197      BEF4
 198 0478 F0E4D6FE 		.ascii	"\360\344\326\376\326q@\345\332\204\376\245\374~\331"
 198      D67140E5 
 198      DA84FEA5 
 198      FC7ED9
 199 0487 5B61E28D 		.ascii	"[a\342\215I\350\177\312\246jO\221\311\330$\364\241\235"
 199      49E87FCA 
 199      A66A4F91 
 199      C9D824F4 
 199      A19D
 200 0499 4073BF32 		.ascii	"@s\2772s\223\254I\230Q\266\241\177d\373\313wF\032\363"
 200      7393AC49 
 200      9851B6A1 
 200      7F64FBCB 
 200      77461AF3 
 201 04ad D8189074 		.ascii	"\330\030\220t\257H\272\227%\361\336\340\331\007\026"
ARM GAS  e:\temp\ccZwXawz.s 			page 15


 201      AF48BA97 
 201      25F1DEE0 
 201      D90716
 202 04bc A3704F40 		.ascii	"\243pO@\322o\013\341\333L\370a\315\271c\001\302\350"
 202      D26F0BE1 
 202      DB4CF861 
 202      CDB96301 
 202      C2E8
 203 04ce D0207C47 		.ascii	"\320 |G\010\3239j\251\335\356\314\262\247\244\247\244"
 203      08D3396A 
 203      A9DDEECC 
 203      B2A7A4A7 
 203      A4
 204 04df 6669EB13 		.ascii	"fi\353\023\327\257\304e\310\362O>\217NJL\224\342\227"
 204      D7AFC465 
 204      C8F24F3E 
 204      8F4E4A4C 
 204      94E297
 205 04f2 6BD99A23 		.ascii	"k\331\232#\305\251\245\257O\266\347:\322\264u\253\222"
 205      C5A9A5AF 
 205      4FB6E73A 
 205      D2B475AB 
 205      92
 206 0503 ED49EFAD 		.ascii	"\355I\357\255\013\324IH\223\336z\305J\262\346\\\226"
 206      0BD44948 
 206      93DE7AC5 
 206      4AB2E65C 
 206      96
 207 0514 959293B1 		.ascii	"\225\222\223\261\324\345\324\314\271\231\331\316\017"
 207      D4E5D4CC 
 207      B999D9CE 
 207      0F
 208 0521 62E63095 		.ascii	"b\3460\225\346r\272\276\320r\0222\244 *\267dqd\222+"
 208      E672BABE 
 208      D0721232 
 208      A4202AB7 
 208      64716492 
 209 0536 D9BEC1B9 		.ascii	"\331\276\301\2711\305\241\255\326r4\347\2029\024\223"
 209      31C5A1AD 
 209      D67234E7 
 209      82391493 
 210 0546 5C2B3353 		.ascii	"\\+3SQ\315\212\362\256\034\346m\255#\323\251\255\266"
 210      51CD8AF2 
 210      AE1CE66D 
 210      AD23D3A9 
 210      ADB6
 211 0558 6F9CCB57 		.ascii	"o\234\313W\222\213\211\241\222%\315\265\324\231\225"
 211      928B89A1 
 211      9225CDB5 
 211      D49995
 212 0567 EE589D9B 		.ascii	"\356X\235\233\375\031\2727\245e\2448\242\022R\005\010"
 212      FD19BA37 
 212      A565A438 
 212      A2125205 
 212      08
 213 0578 CDE1C8CD 		.ascii	"\315\341\310\315\246aI\3019Z\2323\323\236\375\232\211"
 213      A66149C1 
ARM GAS  e:\temp\ccZwXawz.s 			page 16


 213      395A9A33 
 213      D39EFD9A 
 213      89
 214 0589 102012DF 		.ascii	"\020 \022\337\377\027\271\332\342A"
 214      FF17B9DA 
 214      E241
 215              		.text
 216              		.section	.gnu.lto_.symtab.62409c6b,"",%progbits
 217 0000 426F6F74 		.ascii	"Bootloadable_1_Load\000"
 217      6C6F6164 
 217      61626C65 
 217      5F315F4C 
 217      6F616400 
 218 0014 00       		.ascii	"\000"
 219 0015 00       		.ascii	"\000"
 220 0016 00       		.ascii	"\000"
 221 0017 00000000 		.ascii	"\000\000\000\000\000\000\000\000"
 221      00000000 
 222 001f AD000000 		.ascii	"\255\000\000\000"
 223 0023 426F6F74 		.ascii	"Bootloadable_1_SetFlashByte\000"
 223      6C6F6164 
 223      61626C65 
 223      5F315F53 
 223      6574466C 
 224 003f 00       		.ascii	"\000"
 225 0040 00       		.ascii	"\000"
 226 0041 00       		.ascii	"\000"
 227 0042 00000000 		.ascii	"\000\000\000\000\000\000\000\000"
 227      00000000 
 228 004a BE000000 		.ascii	"\276\000\000\000"
 229 004e 63794274 		.ascii	"cyBtldrRunType\000"
 229      6C647252 
 229      756E5479 
 229      706500
 230 005d 00       		.ascii	"\000"
 231 005e 02       		.ascii	"\002"
 232 005f 00       		.ascii	"\000"
 233 0060 00000000 		.ascii	"\000\000\000\000\000\000\000\000"
 233      00000000 
 234 0068 D8000000 		.ascii	"\330\000\000\000"
 235 006c 4379536F 		.ascii	"CySoftwareReset\000"
 235      66747761 
 235      72655265 
 235      73657400 
 236 007c 00       		.ascii	"\000"
 237 007d 02       		.ascii	"\002"
 238 007e 00       		.ascii	"\000"
 239 007f 00000000 		.ascii	"\000\000\000\000\000\000\000\000"
 239      00000000 
 240 0087 C0000000 		.ascii	"\300\000\000\000"
 241 008b 43795379 		.ascii	"CySysFlashWriteRow\000"
 241      73466C61 
 241      73685772 
 241      69746552 
 241      6F7700
 242 009e 00       		.ascii	"\000"
 243 009f 02       		.ascii	"\002"
ARM GAS  e:\temp\ccZwXawz.s 			page 17


 244 00a0 00       		.ascii	"\000"
 245 00a1 00000000 		.ascii	"\000\000\000\000\000\000\000\000"
 245      00000000 
 246 00a9 C7000000 		.ascii	"\307\000\000\000"
 247              		.text
 248              		.section	.gnu.lto_.opts,"",%progbits
 249 0000 272D666D 		.ascii	"'-fmath-errno' '-fsigned-zeros' '-ftrapping-math' '"
 249      6174682D 
 249      6572726E 
 249      6F272027 
 249      2D667369 
 250 0033 2D666E6F 		.ascii	"-fno-trapv' '-fno-openmp' '-fno-openacc' '-mcpu=cor"
 250      2D747261 
 250      70762720 
 250      272D666E 
 250      6F2D6F70 
 251 0066 7465782D 		.ascii	"tex-m0' '-mthumb' '-g' '-Os' '-Werror' '-ffunction-"
 251      6D302720 
 251      272D6D74 
 251      68756D62 
 251      2720272D 
 252 0099 73656374 		.ascii	"sections' '-ffat-lto-objects' '-finline-functions' "
 252      696F6E73 
 252      2720272D 
 252      66666174 
 252      2D6C746F 
 253 00cc 272D666C 		.ascii	"'-flto' '-fno-strict-aliasing'\000"
 253      746F2720 
 253      272D666E 
 253      6F2D7374 
 253      72696374 
 254              		.text
 255              		.cfi_sections	.debug_frame
 256              		.section	.text.Bootloadable_1_Load,"ax",%progbits
 257              		.align	1
 258              		.global	Bootloadable_1_Load
 259              		.code	16
 260              		.thumb_func
 261              		.type	Bootloadable_1_Load, %function
 262              	Bootloadable_1_Load:
 263              	.LFB0:
 264              		.file 1 "Generated_Source\\PSoC4\\Bootloadable_1.c"
   1:Generated_Source\PSoC4/Bootloadable_1.c **** /****************************************************************************//**
   2:Generated_Source\PSoC4/Bootloadable_1.c **** * \file Bootloadable_1.c
   3:Generated_Source\PSoC4/Bootloadable_1.c **** * \version 1.60
   4:Generated_Source\PSoC4/Bootloadable_1.c **** *
   5:Generated_Source\PSoC4/Bootloadable_1.c **** * \brief
   6:Generated_Source\PSoC4/Bootloadable_1.c **** *   Provides an API for the Bootloadable application.
   7:Generated_Source\PSoC4/Bootloadable_1.c **** *
   8:Generated_Source\PSoC4/Bootloadable_1.c **** ********************************************************************************
   9:Generated_Source\PSoC4/Bootloadable_1.c **** * \copyright
  10:Generated_Source\PSoC4/Bootloadable_1.c **** * Copyright 2008-2015, Cypress Semiconductor Corporation.  All rights reserved.
  11:Generated_Source\PSoC4/Bootloadable_1.c **** * You may use this file only in accordance with the license, terms, conditions,
  12:Generated_Source\PSoC4/Bootloadable_1.c **** * disclaimers, and limitations in the end user license agreement accompanying
  13:Generated_Source\PSoC4/Bootloadable_1.c **** * the software package with which this file was provided.
  14:Generated_Source\PSoC4/Bootloadable_1.c **** *******************************************************************************/
  15:Generated_Source\PSoC4/Bootloadable_1.c **** 
ARM GAS  e:\temp\ccZwXawz.s 			page 18


  16:Generated_Source\PSoC4/Bootloadable_1.c **** #include "Bootloadable_1.h"
  17:Generated_Source\PSoC4/Bootloadable_1.c **** 
  18:Generated_Source\PSoC4/Bootloadable_1.c **** /**
  19:Generated_Source\PSoC4/Bootloadable_1.c ****  \defgroup functions_group Functions
  20:Generated_Source\PSoC4/Bootloadable_1.c ****  @{
  21:Generated_Source\PSoC4/Bootloadable_1.c **** */
  22:Generated_Source\PSoC4/Bootloadable_1.c **** 
  23:Generated_Source\PSoC4/Bootloadable_1.c **** #if (CYDEV_PROJ_TYPE == CYDEV_PROJ_TYPE_LOADABLEANDBOOTLOADER)
  24:Generated_Source\PSoC4/Bootloadable_1.c **** static cystatus Bootloadable_1_WriteFlashByte(const uint32 address, const uint8 inputValue) CYLARGE
  25:Generated_Source\PSoC4/Bootloadable_1.c ****                                ;
  26:Generated_Source\PSoC4/Bootloadable_1.c **** #endif /*(CYDEV_PROJ_TYPE == CYDEV_PROJ_TYPE_LOADABLEANDBOOTLOADER)*/
  27:Generated_Source\PSoC4/Bootloadable_1.c **** 
  28:Generated_Source\PSoC4/Bootloadable_1.c **** /*******************************************************************************
  29:Generated_Source\PSoC4/Bootloadable_1.c **** * Function Name: Bootloadable_1_Load
  30:Generated_Source\PSoC4/Bootloadable_1.c **** ****************************************************************************//**
  31:Generated_Source\PSoC4/Bootloadable_1.c **** *
  32:Generated_Source\PSoC4/Bootloadable_1.c **** * \brief
  33:Generated_Source\PSoC4/Bootloadable_1.c **** *  Schedules the Bootloader/Launcher to be launched and then performs
  34:Generated_Source\PSoC4/Bootloadable_1.c **** *  a software reset to launch it
  35:Generated_Source\PSoC4/Bootloadable_1.c **** *
  36:Generated_Source\PSoC4/Bootloadable_1.c **** * \return
  37:Generated_Source\PSoC4/Bootloadable_1.c **** *  This method will never return. It will load a new application and reset
  38:Generated_Source\PSoC4/Bootloadable_1.c **** *  the device.
  39:Generated_Source\PSoC4/Bootloadable_1.c **** *
  40:Generated_Source\PSoC4/Bootloadable_1.c **** *******************************************************************************/
  41:Generated_Source\PSoC4/Bootloadable_1.c **** void Bootloadable_1_Load(void) 
  42:Generated_Source\PSoC4/Bootloadable_1.c **** {
 265              		.loc 1 42 0
 266              		.cfi_startproc
 267              		@ args = 0, pretend = 0, frame = 0
 268              		@ frame_needed = 0, uses_anonymous_args = 0
  43:Generated_Source\PSoC4/Bootloadable_1.c ****     /* Schedule Bootloader to start after reset */
  44:Generated_Source\PSoC4/Bootloadable_1.c ****     Bootloadable_1_SET_RUN_TYPE(Bootloadable_1_SCHEDULE_BTLDR);
 269              		.loc 1 44 0
 270 0000 4022     		movs	r2, #64
  42:Generated_Source\PSoC4/Bootloadable_1.c ****     /* Schedule Bootloader to start after reset */
 271              		.loc 1 42 0
 272 0002 10B5     		push	{r4, lr}
 273              		.cfi_def_cfa_offset 8
 274              		.cfi_offset 4, -8
 275              		.cfi_offset 14, -4
 276              		.loc 1 44 0
 277 0004 024B     		ldr	r3, .L2
  45:Generated_Source\PSoC4/Bootloadable_1.c **** 
  46:Generated_Source\PSoC4/Bootloadable_1.c ****     CySoftwareReset();
  47:Generated_Source\PSoC4/Bootloadable_1.c **** }
 278              		.loc 1 47 0
 279              		@ sp needed
  44:Generated_Source\PSoC4/Bootloadable_1.c **** 
 280              		.loc 1 44 0
 281 0006 1A60     		str	r2, [r3]
  46:Generated_Source\PSoC4/Bootloadable_1.c **** }
 282              		.loc 1 46 0
 283 0008 FFF7FEFF 		bl	CySoftwareReset
 284              	.LVL0:
 285              		.loc 1 47 0
 286 000c 10BD     		pop	{r4, pc}
ARM GAS  e:\temp\ccZwXawz.s 			page 19


 287              	.L3:
 288 000e C046     		.align	2
 289              	.L2:
 290 0010 00000000 		.word	cyBtldrRunType
 291              		.cfi_endproc
 292              	.LFE0:
 293              		.size	Bootloadable_1_Load, .-Bootloadable_1_Load
 294              		.section	.text.Bootloadable_1_SetFlashByte,"ax",%progbits
 295              		.align	1
 296              		.global	Bootloadable_1_SetFlashByte
 297              		.code	16
 298              		.thumb_func
 299              		.type	Bootloadable_1_SetFlashByte, %function
 300              	Bootloadable_1_SetFlashByte:
 301              	.LFB1:
  48:Generated_Source\PSoC4/Bootloadable_1.c **** 
  49:Generated_Source\PSoC4/Bootloadable_1.c **** #if (CYDEV_PROJ_TYPE == CYDEV_PROJ_TYPE_LOADABLEANDBOOTLOADER)
  50:Generated_Source\PSoC4/Bootloadable_1.c **** /*******************************************************************************
  51:Generated_Source\PSoC4/Bootloadable_1.c **** * Function Name: Bootloadable_1_GetActiveApplication
  52:Generated_Source\PSoC4/Bootloadable_1.c **** ****************************************************************************//**
  53:Generated_Source\PSoC4/Bootloadable_1.c **** *
  54:Generated_Source\PSoC4/Bootloadable_1.c **** * \brief
  55:Generated_Source\PSoC4/Bootloadable_1.c **** *   Gets the application which will be loaded after a next reset event.
  56:Generated_Source\PSoC4/Bootloadable_1.c **** *   NOTE Intended for the combination project type ONLY!
  57:Generated_Source\PSoC4/Bootloadable_1.c **** *
  58:Generated_Source\PSoC4/Bootloadable_1.c **** * \return 
  59:Generated_Source\PSoC4/Bootloadable_1.c **** *  A number of the current active application set in the metadata section.
  60:Generated_Source\PSoC4/Bootloadable_1.c **** *  \n  0 - app#0 is set as active.
  61:Generated_Source\PSoC4/Bootloadable_1.c **** *  \n  1 - app#1 is set as active.
  62:Generated_Source\PSoC4/Bootloadable_1.c **** *
  63:Generated_Source\PSoC4/Bootloadable_1.c **** * \note If neither of the applications is set active, then the API returns 0x02.
  64:Generated_Source\PSoC4/Bootloadable_1.c **** *
  65:Generated_Source\PSoC4/Bootloadable_1.c **** *******************************************************************************/
  66:Generated_Source\PSoC4/Bootloadable_1.c **** uint8 Bootloadable_1_GetActiveApplication(void) CYSMALL \
  67:Generated_Source\PSoC4/Bootloadable_1.c ****                           
  68:Generated_Source\PSoC4/Bootloadable_1.c **** {   
  69:Generated_Source\PSoC4/Bootloadable_1.c ****     uint8 result = Bootloadable_1_MD_BTLDB_ACTIVE_NONE;
  70:Generated_Source\PSoC4/Bootloadable_1.c ****     
  71:Generated_Source\PSoC4/Bootloadable_1.c ****     if (0u != Bootloadable_1_GET_CODE_DATA( \
  72:Generated_Source\PSoC4/Bootloadable_1.c ****               Bootloadable_1_MD_BTLDB_ACTIVE_OFFSET(Bootloadable_1_MD_BTLDB_ACTIVE_0))) 
  73:Generated_Source\PSoC4/Bootloadable_1.c ****     {
  74:Generated_Source\PSoC4/Bootloadable_1.c ****         result = Bootloadable_1_MD_BTLDB_ACTIVE_0;
  75:Generated_Source\PSoC4/Bootloadable_1.c ****     }
  76:Generated_Source\PSoC4/Bootloadable_1.c ****     else if (0u != Bootloadable_1_GET_CODE_DATA( \
  77:Generated_Source\PSoC4/Bootloadable_1.c ****                    Bootloadable_1_MD_BTLDB_ACTIVE_OFFSET(Bootloadable_1_MD_BTLDB_ACTIVE_1)))
  78:Generated_Source\PSoC4/Bootloadable_1.c ****     {
  79:Generated_Source\PSoC4/Bootloadable_1.c ****         result = Bootloadable_1_MD_BTLDB_ACTIVE_1;    
  80:Generated_Source\PSoC4/Bootloadable_1.c ****     }
  81:Generated_Source\PSoC4/Bootloadable_1.c ****     else
  82:Generated_Source\PSoC4/Bootloadable_1.c ****     {
  83:Generated_Source\PSoC4/Bootloadable_1.c ****         /*Do nothing, result is none*/
  84:Generated_Source\PSoC4/Bootloadable_1.c ****     }
  85:Generated_Source\PSoC4/Bootloadable_1.c ****     
  86:Generated_Source\PSoC4/Bootloadable_1.c ****     return (result);
  87:Generated_Source\PSoC4/Bootloadable_1.c **** }
  88:Generated_Source\PSoC4/Bootloadable_1.c **** 
  89:Generated_Source\PSoC4/Bootloadable_1.c **** /*******************************************************************************
ARM GAS  e:\temp\ccZwXawz.s 			page 20


  90:Generated_Source\PSoC4/Bootloadable_1.c **** * Function Name: Bootloadable_1_SetActiveApplication
  91:Generated_Source\PSoC4/Bootloadable_1.c **** ****************************************************************************//**
  92:Generated_Source\PSoC4/Bootloadable_1.c **** *
  93:Generated_Source\PSoC4/Bootloadable_1.c **** * \brief 
  94:Generated_Source\PSoC4/Bootloadable_1.c **** *   Sets the application which will be loaded after a next reset event.          
  95:Generated_Source\PSoC4/Bootloadable_1.c **** *   
  96:Generated_Source\PSoC4/Bootloadable_1.c **** * \details
  97:Generated_Source\PSoC4/Bootloadable_1.c **** * Theory: 
  98:Generated_Source\PSoC4/Bootloadable_1.c **** *   This API sets in the Flash (metadata section) the given active application 
  99:Generated_Source\PSoC4/Bootloadable_1.c **** *   number.
 100:Generated_Source\PSoC4/Bootloadable_1.c **** *          
 101:Generated_Source\PSoC4/Bootloadable_1.c **** *   NOTE The active application number is not set directly, but the boolean 
 102:Generated_Source\PSoC4/Bootloadable_1.c **** *   mark instead means that the application is active or not for the relative 
 103:Generated_Source\PSoC4/Bootloadable_1.c **** *   metadata. Both metadata sections are updated. For example, if the second 
 104:Generated_Source\PSoC4/Bootloadable_1.c **** *   application is to be set active, then in the metadata section for the first 
 105:Generated_Source\PSoC4/Bootloadable_1.c **** *   application there will be a "0" written, which means that it is not active, and 
 106:Generated_Source\PSoC4/Bootloadable_1.c **** *   for the second metadata section there will be a "1" written, which means that it is 
 107:Generated_Source\PSoC4/Bootloadable_1.c **** *   active. 
 108:Generated_Source\PSoC4/Bootloadable_1.c **** *
 109:Generated_Source\PSoC4/Bootloadable_1.c **** *   NOTE Intended for the combination project type ONLY!
 110:Generated_Source\PSoC4/Bootloadable_1.c **** *
 111:Generated_Source\PSoC4/Bootloadable_1.c **** * \param appId  
 112:Generated_Source\PSoC4/Bootloadable_1.c **** *   The active application number to be written to flash (metadata section) 
 113:Generated_Source\PSoC4/Bootloadable_1.c **** *   NOTE Possible values are:
 114:Generated_Source\PSoC4/Bootloadable_1.c **** *   0 - for the first application
 115:Generated_Source\PSoC4/Bootloadable_1.c **** *   1 - for the second application.
 116:Generated_Source\PSoC4/Bootloadable_1.c **** *   Any other number is considered invalid. 
 117:Generated_Source\PSoC4/Bootloadable_1.c **** *
 118:Generated_Source\PSoC4/Bootloadable_1.c **** * \return 
 119:Generated_Source\PSoC4/Bootloadable_1.c **** *   A status of writing to flash operation.
 120:Generated_Source\PSoC4/Bootloadable_1.c **** *   \n CYRET_SUCCESS - Returned if appId was successfully changed. 
 121:Generated_Source\PSoC4/Bootloadable_1.c **** *   \n CYRET_BAD_PARAM - Returned if the parameter appID passed to the function has the 
 122:Generated_Source\PSoC4/Bootloadable_1.c **** *                       same value as the active application ID. 
 123:Generated_Source\PSoC4/Bootloadable_1.c **** *   \note - The other non-zero value is considered as a failure during writing to flash.  
 124:Generated_Source\PSoC4/Bootloadable_1.c **** *
 125:Generated_Source\PSoC4/Bootloadable_1.c **** *   \note - This API does not update Bootloader_activeApp variable.
 126:Generated_Source\PSoC4/Bootloadable_1.c **** *
 127:Generated_Source\PSoC4/Bootloadable_1.c **** *******************************************************************************/
 128:Generated_Source\PSoC4/Bootloadable_1.c **** cystatus Bootloadable_1_SetActiveApplication(uint8 appId) CYSMALL \
 129:Generated_Source\PSoC4/Bootloadable_1.c ****                 
 130:Generated_Source\PSoC4/Bootloadable_1.c **** {
 131:Generated_Source\PSoC4/Bootloadable_1.c ****     cystatus result = CYRET_SUCCESS;
 132:Generated_Source\PSoC4/Bootloadable_1.c **** 
 133:Generated_Source\PSoC4/Bootloadable_1.c ****     uint8 CYDATA idx;
 134:Generated_Source\PSoC4/Bootloadable_1.c ****     
 135:Generated_Source\PSoC4/Bootloadable_1.c ****     /* If invalid application number */
 136:Generated_Source\PSoC4/Bootloadable_1.c ****     if (appId > Bootloadable_1_MD_BTLDB_ACTIVE_1)
 137:Generated_Source\PSoC4/Bootloadable_1.c ****     {
 138:Generated_Source\PSoC4/Bootloadable_1.c ****         result = CYRET_BAD_PARAM;
 139:Generated_Source\PSoC4/Bootloadable_1.c ****     }
 140:Generated_Source\PSoC4/Bootloadable_1.c ****     else
 141:Generated_Source\PSoC4/Bootloadable_1.c ****     {
 142:Generated_Source\PSoC4/Bootloadable_1.c ****         /* If appID has same value as active application ID */
 143:Generated_Source\PSoC4/Bootloadable_1.c ****         if (1u == Bootloadable_1_GET_CODE_DATA(Bootloadable_1_MD_BTLDB_ACTIVE_OFFSET(appId)))
 144:Generated_Source\PSoC4/Bootloadable_1.c ****         {
 145:Generated_Source\PSoC4/Bootloadable_1.c ****             result = CYRET_BAD_PARAM;
 146:Generated_Source\PSoC4/Bootloadable_1.c ****         }
ARM GAS  e:\temp\ccZwXawz.s 			page 21


 147:Generated_Source\PSoC4/Bootloadable_1.c ****         else
 148:Generated_Source\PSoC4/Bootloadable_1.c ****         {
 149:Generated_Source\PSoC4/Bootloadable_1.c ****             /* Updating metadata section */
 150:Generated_Source\PSoC4/Bootloadable_1.c ****             for(idx = 0u; idx < Bootloadable_1_MAX_NUM_OF_BTLDB; idx++)
 151:Generated_Source\PSoC4/Bootloadable_1.c ****             {
 152:Generated_Source\PSoC4/Bootloadable_1.c ****                 result |= Bootloadable_1_WriteFlashByte((uint32) Bootloadable_1_MD_BTLDB_ACTIVE_OFF
 153:Generated_Source\PSoC4/Bootloadable_1.c ****                                                                                             (uint8)
 154:Generated_Source\PSoC4/Bootloadable_1.c ****             }
 155:Generated_Source\PSoC4/Bootloadable_1.c ****         }
 156:Generated_Source\PSoC4/Bootloadable_1.c ****     }
 157:Generated_Source\PSoC4/Bootloadable_1.c ****     
 158:Generated_Source\PSoC4/Bootloadable_1.c ****     return (result);
 159:Generated_Source\PSoC4/Bootloadable_1.c **** }
 160:Generated_Source\PSoC4/Bootloadable_1.c **** 
 161:Generated_Source\PSoC4/Bootloadable_1.c **** /*******************************************************************************
 162:Generated_Source\PSoC4/Bootloadable_1.c **** * Function Name: Bootloadable_1_WriteFlashByte
 163:Generated_Source\PSoC4/Bootloadable_1.c **** ****************************************************************************//**
 164:Generated_Source\PSoC4/Bootloadable_1.c **** *
 165:Generated_Source\PSoC4/Bootloadable_1.c **** * \brief 
 166:Generated_Source\PSoC4/Bootloadable_1.c **** *   This API writes to flash the specified data.
 167:Generated_Source\PSoC4/Bootloadable_1.c **** *
 168:Generated_Source\PSoC4/Bootloadable_1.c **** * \param address 
 169:Generated_Source\PSoC4/Bootloadable_1.c **** *   The address in flash.
 170:Generated_Source\PSoC4/Bootloadable_1.c **** *
 171:Generated_Source\PSoC4/Bootloadable_1.c **** * \param inputValue 
 172:Generated_Source\PSoC4/Bootloadable_1.c **** *   One-byte data.
 173:Generated_Source\PSoC4/Bootloadable_1.c **** *
 174:Generated_Source\PSoC4/Bootloadable_1.c **** * \return 
 175:Generated_Source\PSoC4/Bootloadable_1.c **** *   A status of the writing to flash procedure.
 176:Generated_Source\PSoC4/Bootloadable_1.c **** *
 177:Generated_Source\PSoC4/Bootloadable_1.c **** *******************************************************************************/
 178:Generated_Source\PSoC4/Bootloadable_1.c **** static cystatus Bootloadable_1_WriteFlashByte(const uint32 address, const uint8 inputValue) CYLARGE
 179:Generated_Source\PSoC4/Bootloadable_1.c ****                                
 180:Generated_Source\PSoC4/Bootloadable_1.c **** {
 181:Generated_Source\PSoC4/Bootloadable_1.c ****     cystatus result = CYRET_SUCCESS;
 182:Generated_Source\PSoC4/Bootloadable_1.c ****     uint32 flsAddr = address - CYDEV_FLASH_BASE;
 183:Generated_Source\PSoC4/Bootloadable_1.c ****     uint8  rowData[CYDEV_FLS_ROW_SIZE];
 184:Generated_Source\PSoC4/Bootloadable_1.c **** 
 185:Generated_Source\PSoC4/Bootloadable_1.c ****     #if !(CY_PSOC4)
 186:Generated_Source\PSoC4/Bootloadable_1.c ****         uint8 arrayId = ( uint8 )(flsAddr / CYDEV_FLS_SECTOR_SIZE);
 187:Generated_Source\PSoC4/Bootloadable_1.c ****     #endif  /* !(CY_PSOC4) */
 188:Generated_Source\PSoC4/Bootloadable_1.c **** 
 189:Generated_Source\PSoC4/Bootloadable_1.c ****     #if (CY_PSOC4)
 190:Generated_Source\PSoC4/Bootloadable_1.c ****         uint16 rowNum = ( uint16 )(flsAddr / CYDEV_FLS_ROW_SIZE);
 191:Generated_Source\PSoC4/Bootloadable_1.c ****     #else
 192:Generated_Source\PSoC4/Bootloadable_1.c ****         uint16 rowNum = ( uint16 )((flsAddr % CYDEV_FLS_SECTOR_SIZE) / CYDEV_FLS_ROW_SIZE);
 193:Generated_Source\PSoC4/Bootloadable_1.c ****     #endif  /* (CY_PSOC4) */
 194:Generated_Source\PSoC4/Bootloadable_1.c **** 
 195:Generated_Source\PSoC4/Bootloadable_1.c ****     uint32 baseAddr = address - (address % CYDEV_FLS_ROW_SIZE);
 196:Generated_Source\PSoC4/Bootloadable_1.c ****     uint16 idx;
 197:Generated_Source\PSoC4/Bootloadable_1.c **** 
 198:Generated_Source\PSoC4/Bootloadable_1.c ****     for(idx = 0u; idx < CYDEV_FLS_ROW_SIZE; idx++)
 199:Generated_Source\PSoC4/Bootloadable_1.c ****     {
 200:Generated_Source\PSoC4/Bootloadable_1.c ****         rowData[idx] = (uint8)Bootloadable_1_GET_CODE_DATA(baseAddr + idx);
 201:Generated_Source\PSoC4/Bootloadable_1.c ****     }
 202:Generated_Source\PSoC4/Bootloadable_1.c **** 
 203:Generated_Source\PSoC4/Bootloadable_1.c ****     rowData[address % CYDEV_FLS_ROW_SIZE] = inputValue;
ARM GAS  e:\temp\ccZwXawz.s 			page 22


 204:Generated_Source\PSoC4/Bootloadable_1.c **** 
 205:Generated_Source\PSoC4/Bootloadable_1.c ****     #if(CY_PSOC4)
 206:Generated_Source\PSoC4/Bootloadable_1.c ****         result = CySysFlashWriteRow((uint32) rowNum, rowData);
 207:Generated_Source\PSoC4/Bootloadable_1.c ****     #else
 208:Generated_Source\PSoC4/Bootloadable_1.c ****         result = CyWriteRowData(arrayId, rowNum, rowData);
 209:Generated_Source\PSoC4/Bootloadable_1.c ****     #endif  /* (CY_PSOC4) */
 210:Generated_Source\PSoC4/Bootloadable_1.c **** 
 211:Generated_Source\PSoC4/Bootloadable_1.c ****     #if(CY_PSOC5)
 212:Generated_Source\PSoC4/Bootloadable_1.c ****         /***************************************************************************
 213:Generated_Source\PSoC4/Bootloadable_1.c ****         * When writing to flash, data in the instruction cache can become stale.
 214:Generated_Source\PSoC4/Bootloadable_1.c ****         * Therefore, the cache data does not correlate to the data just written to
 215:Generated_Source\PSoC4/Bootloadable_1.c ****         * flash. A call to CyFlushCache() is required to invalidate the data in the
 216:Generated_Source\PSoC4/Bootloadable_1.c ****         * cache and force fresh information to be loaded from flash.
 217:Generated_Source\PSoC4/Bootloadable_1.c ****         ***************************************************************************/
 218:Generated_Source\PSoC4/Bootloadable_1.c ****         CyFlushCache();
 219:Generated_Source\PSoC4/Bootloadable_1.c ****     #endif /* (CY_PSOC5) */
 220:Generated_Source\PSoC4/Bootloadable_1.c ****     return (result);
 221:Generated_Source\PSoC4/Bootloadable_1.c **** }
 222:Generated_Source\PSoC4/Bootloadable_1.c **** #endif /*(CYDEV_PROJ_TYPE == CYDEV_PROJ_TYPE_LOADABLEANDBOOTLOADER)*/
 223:Generated_Source\PSoC4/Bootloadable_1.c **** /** @} functions_group */
 224:Generated_Source\PSoC4/Bootloadable_1.c **** 
 225:Generated_Source\PSoC4/Bootloadable_1.c **** /*******************************************************************************
 226:Generated_Source\PSoC4/Bootloadable_1.c **** * The following code is OBSOLETE and must not be used.
 227:Generated_Source\PSoC4/Bootloadable_1.c **** *******************************************************************************/
 228:Generated_Source\PSoC4/Bootloadable_1.c **** void Bootloadable_1_SetFlashByte(uint32 address, uint8 runType) 
 229:Generated_Source\PSoC4/Bootloadable_1.c **** {
 302              		.loc 1 229 0
 303              		.cfi_startproc
 304              		@ args = 0, pretend = 0, frame = 256
 305              		@ frame_needed = 0, uses_anonymous_args = 0
 306              	.LVL1:
 307 0000 F0B5     		push	{r4, r5, r6, r7, lr}
 308              		.cfi_def_cfa_offset 20
 309              		.cfi_offset 4, -20
 310              		.cfi_offset 5, -16
 311              		.cfi_offset 6, -12
 312              		.cfi_offset 7, -8
 313              		.cfi_offset 14, -4
 230:Generated_Source\PSoC4/Bootloadable_1.c ****     uint32 flsAddr = address - CYDEV_FLASH_BASE;
 231:Generated_Source\PSoC4/Bootloadable_1.c ****     uint8  rowData[CYDEV_FLS_ROW_SIZE];
 232:Generated_Source\PSoC4/Bootloadable_1.c **** 
 233:Generated_Source\PSoC4/Bootloadable_1.c ****     #if !(CY_PSOC4)
 234:Generated_Source\PSoC4/Bootloadable_1.c ****         uint8 arrayId = ( uint8 )(flsAddr / CYDEV_FLS_SECTOR_SIZE);
 235:Generated_Source\PSoC4/Bootloadable_1.c ****     #endif  /* !(CY_PSOC4) */
 236:Generated_Source\PSoC4/Bootloadable_1.c **** 
 237:Generated_Source\PSoC4/Bootloadable_1.c ****     #if (CY_PSOC4)
 238:Generated_Source\PSoC4/Bootloadable_1.c ****         uint16 rowNum = ( uint16 )(flsAddr / CYDEV_FLS_ROW_SIZE);
 239:Generated_Source\PSoC4/Bootloadable_1.c ****     #else
 240:Generated_Source\PSoC4/Bootloadable_1.c ****         uint16 rowNum = ( uint16 )((flsAddr % CYDEV_FLS_SECTOR_SIZE) / CYDEV_FLS_ROW_SIZE);
 241:Generated_Source\PSoC4/Bootloadable_1.c ****     #endif  /* (CY_PSOC4) */
 242:Generated_Source\PSoC4/Bootloadable_1.c **** 
 243:Generated_Source\PSoC4/Bootloadable_1.c ****     uint32 baseAddr = address - (address % CYDEV_FLS_ROW_SIZE);
 314              		.loc 1 243 0
 315 0002 FF23     		movs	r3, #255
 229:Generated_Source\PSoC4/Bootloadable_1.c ****     uint32 flsAddr = address - CYDEV_FLASH_BASE;
 316              		.loc 1 229 0
 317 0004 0C00     		movs	r4, r1
ARM GAS  e:\temp\ccZwXawz.s 			page 23


 318              		.loc 1 243 0
 319 0006 0100     		movs	r1, r0
 320              	.LVL2:
 229:Generated_Source\PSoC4/Bootloadable_1.c ****     uint32 flsAddr = address - CYDEV_FLASH_BASE;
 321              		.loc 1 229 0
 322 0008 C1B0     		sub	sp, sp, #260
 323              		.cfi_def_cfa_offset 280
 324              		.loc 1 243 0
 325 000a 9943     		bics	r1, r3
 326 000c 0B00     		movs	r3, r1
 327 000e 4D1C     		adds	r5, r1, #1
 244:Generated_Source\PSoC4/Bootloadable_1.c ****     uint16 idx;
 245:Generated_Source\PSoC4/Bootloadable_1.c **** 
 246:Generated_Source\PSoC4/Bootloadable_1.c **** 
 247:Generated_Source\PSoC4/Bootloadable_1.c ****     for (idx = 0u; idx < CYDEV_FLS_ROW_SIZE; idx++)
 248:Generated_Source\PSoC4/Bootloadable_1.c ****     {
 249:Generated_Source\PSoC4/Bootloadable_1.c ****         rowData[idx] = Bootloadable_1_GET_CODE_DATA(baseAddr + idx);
 328              		.loc 1 249 0
 329 0010 6946     		mov	r1, sp
 238:Generated_Source\PSoC4/Bootloadable_1.c ****     #else
 330              		.loc 1 238 0
 331 0012 020A     		lsrs	r2, r0, #8
 332              	.LVL3:
 333 0014 FF35     		adds	r5, r5, #255
 334              		.loc 1 249 0
 335 0016 CE1A     		subs	r6, r1, r3
 336              	.LVL4:
 337              	.L5:
 338              		.loc 1 249 0 is_stmt 0 discriminator 3
 339 0018 1F78     		ldrb	r7, [r3]
 340 001a F754     		strb	r7, [r6, r3]
 341 001c 0133     		adds	r3, r3, #1
 247:Generated_Source\PSoC4/Bootloadable_1.c ****     {
 342              		.loc 1 247 0 is_stmt 1 discriminator 3
 343 001e AB42     		cmp	r3, r5
 344 0020 FAD1     		bne	.L5
 250:Generated_Source\PSoC4/Bootloadable_1.c ****     }
 251:Generated_Source\PSoC4/Bootloadable_1.c ****     rowData[address % CYDEV_FLS_ROW_SIZE] = runType;
 345              		.loc 1 251 0
 346 0022 C0B2     		uxtb	r0, r0
 347              	.LVL5:
 348 0024 0C54     		strb	r4, [r1, r0]
 252:Generated_Source\PSoC4/Bootloadable_1.c **** 
 253:Generated_Source\PSoC4/Bootloadable_1.c ****     #if(CY_PSOC4)
 254:Generated_Source\PSoC4/Bootloadable_1.c ****         (void) CySysFlashWriteRow((uint32) rowNum, rowData);
 349              		.loc 1 254 0
 350 0026 90B2     		uxth	r0, r2
 351 0028 FFF7FEFF 		bl	CySysFlashWriteRow
 352              	.LVL6:
 255:Generated_Source\PSoC4/Bootloadable_1.c ****     #else
 256:Generated_Source\PSoC4/Bootloadable_1.c ****         (void) CyWriteRowData(arrayId, rowNum, rowData);
 257:Generated_Source\PSoC4/Bootloadable_1.c ****     #endif  /* (CY_PSOC4) */
 258:Generated_Source\PSoC4/Bootloadable_1.c **** 
 259:Generated_Source\PSoC4/Bootloadable_1.c ****     #if(CY_PSOC5)
 260:Generated_Source\PSoC4/Bootloadable_1.c ****         /***************************************************************************
 261:Generated_Source\PSoC4/Bootloadable_1.c ****         * When writing to flash, data in the instruction cache can become obsolete.
 262:Generated_Source\PSoC4/Bootloadable_1.c ****         * Therefore, the cache data does not correlate to the data just written to
ARM GAS  e:\temp\ccZwXawz.s 			page 24


 263:Generated_Source\PSoC4/Bootloadable_1.c ****         * flash. A call to CyFlushCache() is required to invalidate the data in the
 264:Generated_Source\PSoC4/Bootloadable_1.c ****         * cache and force fresh information to be loaded from flash.
 265:Generated_Source\PSoC4/Bootloadable_1.c ****         ***************************************************************************/
 266:Generated_Source\PSoC4/Bootloadable_1.c ****         CyFlushCache();
 267:Generated_Source\PSoC4/Bootloadable_1.c ****     #endif /* (CY_PSOC5) */
 268:Generated_Source\PSoC4/Bootloadable_1.c **** }
 353              		.loc 1 268 0
 354 002c 41B0     		add	sp, sp, #260
 355              		@ sp needed
 356 002e F0BD     		pop	{r4, r5, r6, r7, pc}
 357              		.cfi_endproc
 358              	.LFE1:
 359              		.size	Bootloadable_1_SetFlashByte, .-Bootloadable_1_SetFlashByte
 360              		.text
 361              	.Letext0:
 362              		.file 2 "Generated_Source\\PSoC4\\cytypes.h"
 363              		.file 3 "Generated_Source\\PSoC4\\CyLib.h"
 364              		.file 4 "Generated_Source\\PSoC4\\CyFlash.h"
 365              		.file 5 "Generated_Source\\PSoC4\\Bootloadable_1.h"
 366              		.section	.debug_info,"",%progbits
 367              	.Ldebug_info0:
 368 0000 9C010000 		.4byte	0x19c
 369 0004 0400     		.2byte	0x4
 370 0006 00000000 		.4byte	.Ldebug_abbrev0
 371 000a 04       		.byte	0x4
 372 000b 01       		.uleb128 0x1
 373 000c 41010000 		.4byte	.LASF26
 374 0010 0C       		.byte	0xc
 375 0011 2A020000 		.4byte	.LASF27
 376 0015 1A000000 		.4byte	.LASF28
 377 0019 00000000 		.4byte	.Ldebug_ranges0+0
 378 001d 00000000 		.4byte	0
 379 0021 00000000 		.4byte	.Ldebug_line0
 380 0025 02       		.uleb128 0x2
 381 0026 01       		.byte	0x1
 382 0027 06       		.byte	0x6
 383 0028 81020000 		.4byte	.LASF0
 384 002c 02       		.uleb128 0x2
 385 002d 01       		.byte	0x1
 386 002e 08       		.byte	0x8
 387 002f 9B000000 		.4byte	.LASF1
 388 0033 02       		.uleb128 0x2
 389 0034 02       		.byte	0x2
 390 0035 05       		.byte	0x5
 391 0036 52020000 		.4byte	.LASF2
 392 003a 02       		.uleb128 0x2
 393 003b 02       		.byte	0x2
 394 003c 07       		.byte	0x7
 395 003d 07000000 		.4byte	.LASF3
 396 0041 02       		.uleb128 0x2
 397 0042 04       		.byte	0x4
 398 0043 05       		.byte	0x5
 399 0044 6C020000 		.4byte	.LASF4
 400 0048 02       		.uleb128 0x2
 401 0049 04       		.byte	0x4
 402 004a 07       		.byte	0x7
 403 004b B1000000 		.4byte	.LASF5
ARM GAS  e:\temp\ccZwXawz.s 			page 25


 404 004f 02       		.uleb128 0x2
 405 0050 08       		.byte	0x8
 406 0051 05       		.byte	0x5
 407 0052 17020000 		.4byte	.LASF6
 408 0056 02       		.uleb128 0x2
 409 0057 08       		.byte	0x8
 410 0058 07       		.byte	0x7
 411 0059 2A010000 		.4byte	.LASF7
 412 005d 03       		.uleb128 0x3
 413 005e 04       		.byte	0x4
 414 005f 05       		.byte	0x5
 415 0060 696E7400 		.ascii	"int\000"
 416 0064 02       		.uleb128 0x2
 417 0065 04       		.byte	0x4
 418 0066 07       		.byte	0x7
 419 0067 F9000000 		.4byte	.LASF8
 420 006b 04       		.uleb128 0x4
 421 006c C3000000 		.4byte	.LASF9
 422 0070 02       		.byte	0x2
 423 0071 E401     		.2byte	0x1e4
 424 0073 2C000000 		.4byte	0x2c
 425 0077 04       		.uleb128 0x4
 426 0078 EB000000 		.4byte	.LASF10
 427 007c 02       		.byte	0x2
 428 007d E501     		.2byte	0x1e5
 429 007f 3A000000 		.4byte	0x3a
 430 0083 04       		.uleb128 0x4
 431 0084 F2000000 		.4byte	.LASF11
 432 0088 02       		.byte	0x2
 433 0089 E601     		.2byte	0x1e6
 434 008b 48000000 		.4byte	0x48
 435 008f 02       		.uleb128 0x2
 436 0090 04       		.byte	0x4
 437 0091 04       		.byte	0x4
 438 0092 95000000 		.4byte	.LASF12
 439 0096 02       		.uleb128 0x2
 440 0097 08       		.byte	0x8
 441 0098 04       		.byte	0x4
 442 0099 C9000000 		.4byte	.LASF13
 443 009d 02       		.uleb128 0x2
 444 009e 01       		.byte	0x1
 445 009f 08       		.byte	0x8
 446 00a0 25020000 		.4byte	.LASF14
 447 00a4 05       		.uleb128 0x5
 448 00a5 83000000 		.4byte	0x83
 449 00a9 02       		.uleb128 0x2
 450 00aa 08       		.byte	0x8
 451 00ab 04       		.byte	0x4
 452 00ac 75020000 		.4byte	.LASF15
 453 00b0 02       		.uleb128 0x2
 454 00b1 04       		.byte	0x4
 455 00b2 07       		.byte	0x7
 456 00b3 0E020000 		.4byte	.LASF16
 457 00b7 06       		.uleb128 0x6
 458 00b8 9C020000 		.4byte	.LASF17
 459 00bc 01       		.byte	0x1
 460 00bd 29       		.byte	0x29
ARM GAS  e:\temp\ccZwXawz.s 			page 26


 461 00be 00000000 		.4byte	.LFB0
 462 00c2 14000000 		.4byte	.LFE0-.LFB0
 463 00c6 01       		.uleb128 0x1
 464 00c7 9C       		.byte	0x9c
 465 00c8 D6000000 		.4byte	0xd6
 466 00cc 07       		.uleb128 0x7
 467 00cd 0C000000 		.4byte	.LVL0
 468 00d1 89010000 		.4byte	0x189
 469 00d5 00       		.byte	0
 470 00d6 06       		.uleb128 0x6
 471 00d7 06010000 		.4byte	.LASF18
 472 00db 01       		.byte	0x1
 473 00dc E4       		.byte	0xe4
 474 00dd 00000000 		.4byte	.LFB1
 475 00e1 30000000 		.4byte	.LFE1-.LFB1
 476 00e5 01       		.uleb128 0x1
 477 00e6 9C       		.byte	0x9c
 478 00e7 6E010000 		.4byte	0x16e
 479 00eb 08       		.uleb128 0x8
 480 00ec 22010000 		.4byte	.LASF19
 481 00f0 01       		.byte	0x1
 482 00f1 E4       		.byte	0xe4
 483 00f2 83000000 		.4byte	0x83
 484 00f6 00000000 		.4byte	.LLST0
 485 00fa 08       		.uleb128 0x8
 486 00fb FD010000 		.4byte	.LASF20
 487 00ff 01       		.byte	0x1
 488 0100 E4       		.byte	0xe4
 489 0101 6B000000 		.4byte	0x6b
 490 0105 21000000 		.4byte	.LLST1
 491 0109 09       		.uleb128 0x9
 492 010a E3000000 		.4byte	.LASF21
 493 010e 01       		.byte	0x1
 494 010f E6       		.byte	0xe6
 495 0110 83000000 		.4byte	0x83
 496 0114 42000000 		.4byte	.LLST2
 497 0118 0A       		.uleb128 0xa
 498 0119 A9000000 		.4byte	.LASF22
 499 011d 01       		.byte	0x1
 500 011e E7       		.byte	0xe7
 501 011f 6E010000 		.4byte	0x16e
 502 0123 03       		.uleb128 0x3
 503 0124 91       		.byte	0x91
 504 0125 E87D     		.sleb128 -280
 505 0127 09       		.uleb128 0x9
 506 0128 00000000 		.4byte	.LASF23
 507 012c 01       		.byte	0x1
 508 012d EE       		.byte	0xee
 509 012e 77000000 		.4byte	0x77
 510 0132 63000000 		.4byte	.LLST3
 511 0136 0B       		.uleb128 0xb
 512 0137 05020000 		.4byte	.LASF29
 513 013b 01       		.byte	0x1
 514 013c F3       		.byte	0xf3
 515 013d 83000000 		.4byte	0x83
 516 0141 0C       		.uleb128 0xc
 517 0142 69647800 		.ascii	"idx\000"
ARM GAS  e:\temp\ccZwXawz.s 			page 27


 518 0146 01       		.byte	0x1
 519 0147 F4       		.byte	0xf4
 520 0148 77000000 		.4byte	0x77
 521 014c 86000000 		.4byte	.LLST4
 522 0150 0D       		.uleb128 0xd
 523 0151 2C000000 		.4byte	.LVL6
 524 0155 94010000 		.4byte	0x194
 525 0159 0E       		.uleb128 0xe
 526 015a 01       		.uleb128 0x1
 527 015b 50       		.byte	0x50
 528 015c 09       		.uleb128 0x9
 529 015d F3       		.byte	0xf3
 530 015e 01       		.uleb128 0x1
 531 015f 50       		.byte	0x50
 532 0160 38       		.byte	0x38
 533 0161 25       		.byte	0x25
 534 0162 0A       		.byte	0xa
 535 0163 FFFF     		.2byte	0xffff
 536 0165 1A       		.byte	0x1a
 537 0166 0E       		.uleb128 0xe
 538 0167 01       		.uleb128 0x1
 539 0168 51       		.byte	0x51
 540 0169 02       		.uleb128 0x2
 541 016a 7D       		.byte	0x7d
 542 016b 00       		.sleb128 0
 543 016c 00       		.byte	0
 544 016d 00       		.byte	0
 545 016e 0F       		.uleb128 0xf
 546 016f 6B000000 		.4byte	0x6b
 547 0173 7E010000 		.4byte	0x17e
 548 0177 10       		.uleb128 0x10
 549 0178 B0000000 		.4byte	0xb0
 550 017c FF       		.byte	0xff
 551 017d 00       		.byte	0
 552 017e 11       		.uleb128 0x11
 553 017f 8D020000 		.4byte	.LASF30
 554 0183 05       		.byte	0x5
 555 0184 38       		.byte	0x38
 556 0185 A4000000 		.4byte	0xa4
 557 0189 12       		.uleb128 0x12
 558 018a 5C020000 		.4byte	.LASF24
 559 018e 5C020000 		.4byte	.LASF24
 560 0192 03       		.byte	0x3
 561 0193 E4       		.byte	0xe4
 562 0194 12       		.uleb128 0x12
 563 0195 D0000000 		.4byte	.LASF25
 564 0199 D0000000 		.4byte	.LASF25
 565 019d 04       		.byte	0x4
 566 019e 4E       		.byte	0x4e
 567 019f 00       		.byte	0
 568              		.section	.debug_abbrev,"",%progbits
 569              	.Ldebug_abbrev0:
 570 0000 01       		.uleb128 0x1
 571 0001 11       		.uleb128 0x11
 572 0002 01       		.byte	0x1
 573 0003 25       		.uleb128 0x25
 574 0004 0E       		.uleb128 0xe
ARM GAS  e:\temp\ccZwXawz.s 			page 28


 575 0005 13       		.uleb128 0x13
 576 0006 0B       		.uleb128 0xb
 577 0007 03       		.uleb128 0x3
 578 0008 0E       		.uleb128 0xe
 579 0009 1B       		.uleb128 0x1b
 580 000a 0E       		.uleb128 0xe
 581 000b 55       		.uleb128 0x55
 582 000c 17       		.uleb128 0x17
 583 000d 11       		.uleb128 0x11
 584 000e 01       		.uleb128 0x1
 585 000f 10       		.uleb128 0x10
 586 0010 17       		.uleb128 0x17
 587 0011 00       		.byte	0
 588 0012 00       		.byte	0
 589 0013 02       		.uleb128 0x2
 590 0014 24       		.uleb128 0x24
 591 0015 00       		.byte	0
 592 0016 0B       		.uleb128 0xb
 593 0017 0B       		.uleb128 0xb
 594 0018 3E       		.uleb128 0x3e
 595 0019 0B       		.uleb128 0xb
 596 001a 03       		.uleb128 0x3
 597 001b 0E       		.uleb128 0xe
 598 001c 00       		.byte	0
 599 001d 00       		.byte	0
 600 001e 03       		.uleb128 0x3
 601 001f 24       		.uleb128 0x24
 602 0020 00       		.byte	0
 603 0021 0B       		.uleb128 0xb
 604 0022 0B       		.uleb128 0xb
 605 0023 3E       		.uleb128 0x3e
 606 0024 0B       		.uleb128 0xb
 607 0025 03       		.uleb128 0x3
 608 0026 08       		.uleb128 0x8
 609 0027 00       		.byte	0
 610 0028 00       		.byte	0
 611 0029 04       		.uleb128 0x4
 612 002a 16       		.uleb128 0x16
 613 002b 00       		.byte	0
 614 002c 03       		.uleb128 0x3
 615 002d 0E       		.uleb128 0xe
 616 002e 3A       		.uleb128 0x3a
 617 002f 0B       		.uleb128 0xb
 618 0030 3B       		.uleb128 0x3b
 619 0031 05       		.uleb128 0x5
 620 0032 49       		.uleb128 0x49
 621 0033 13       		.uleb128 0x13
 622 0034 00       		.byte	0
 623 0035 00       		.byte	0
 624 0036 05       		.uleb128 0x5
 625 0037 35       		.uleb128 0x35
 626 0038 00       		.byte	0
 627 0039 49       		.uleb128 0x49
 628 003a 13       		.uleb128 0x13
 629 003b 00       		.byte	0
 630 003c 00       		.byte	0
 631 003d 06       		.uleb128 0x6
ARM GAS  e:\temp\ccZwXawz.s 			page 29


 632 003e 2E       		.uleb128 0x2e
 633 003f 01       		.byte	0x1
 634 0040 3F       		.uleb128 0x3f
 635 0041 19       		.uleb128 0x19
 636 0042 03       		.uleb128 0x3
 637 0043 0E       		.uleb128 0xe
 638 0044 3A       		.uleb128 0x3a
 639 0045 0B       		.uleb128 0xb
 640 0046 3B       		.uleb128 0x3b
 641 0047 0B       		.uleb128 0xb
 642 0048 27       		.uleb128 0x27
 643 0049 19       		.uleb128 0x19
 644 004a 11       		.uleb128 0x11
 645 004b 01       		.uleb128 0x1
 646 004c 12       		.uleb128 0x12
 647 004d 06       		.uleb128 0x6
 648 004e 40       		.uleb128 0x40
 649 004f 18       		.uleb128 0x18
 650 0050 9742     		.uleb128 0x2117
 651 0052 19       		.uleb128 0x19
 652 0053 01       		.uleb128 0x1
 653 0054 13       		.uleb128 0x13
 654 0055 00       		.byte	0
 655 0056 00       		.byte	0
 656 0057 07       		.uleb128 0x7
 657 0058 898201   		.uleb128 0x4109
 658 005b 00       		.byte	0
 659 005c 11       		.uleb128 0x11
 660 005d 01       		.uleb128 0x1
 661 005e 31       		.uleb128 0x31
 662 005f 13       		.uleb128 0x13
 663 0060 00       		.byte	0
 664 0061 00       		.byte	0
 665 0062 08       		.uleb128 0x8
 666 0063 05       		.uleb128 0x5
 667 0064 00       		.byte	0
 668 0065 03       		.uleb128 0x3
 669 0066 0E       		.uleb128 0xe
 670 0067 3A       		.uleb128 0x3a
 671 0068 0B       		.uleb128 0xb
 672 0069 3B       		.uleb128 0x3b
 673 006a 0B       		.uleb128 0xb
 674 006b 49       		.uleb128 0x49
 675 006c 13       		.uleb128 0x13
 676 006d 02       		.uleb128 0x2
 677 006e 17       		.uleb128 0x17
 678 006f 00       		.byte	0
 679 0070 00       		.byte	0
 680 0071 09       		.uleb128 0x9
 681 0072 34       		.uleb128 0x34
 682 0073 00       		.byte	0
 683 0074 03       		.uleb128 0x3
 684 0075 0E       		.uleb128 0xe
 685 0076 3A       		.uleb128 0x3a
 686 0077 0B       		.uleb128 0xb
 687 0078 3B       		.uleb128 0x3b
 688 0079 0B       		.uleb128 0xb
ARM GAS  e:\temp\ccZwXawz.s 			page 30


 689 007a 49       		.uleb128 0x49
 690 007b 13       		.uleb128 0x13
 691 007c 02       		.uleb128 0x2
 692 007d 17       		.uleb128 0x17
 693 007e 00       		.byte	0
 694 007f 00       		.byte	0
 695 0080 0A       		.uleb128 0xa
 696 0081 34       		.uleb128 0x34
 697 0082 00       		.byte	0
 698 0083 03       		.uleb128 0x3
 699 0084 0E       		.uleb128 0xe
 700 0085 3A       		.uleb128 0x3a
 701 0086 0B       		.uleb128 0xb
 702 0087 3B       		.uleb128 0x3b
 703 0088 0B       		.uleb128 0xb
 704 0089 49       		.uleb128 0x49
 705 008a 13       		.uleb128 0x13
 706 008b 02       		.uleb128 0x2
 707 008c 18       		.uleb128 0x18
 708 008d 00       		.byte	0
 709 008e 00       		.byte	0
 710 008f 0B       		.uleb128 0xb
 711 0090 34       		.uleb128 0x34
 712 0091 00       		.byte	0
 713 0092 03       		.uleb128 0x3
 714 0093 0E       		.uleb128 0xe
 715 0094 3A       		.uleb128 0x3a
 716 0095 0B       		.uleb128 0xb
 717 0096 3B       		.uleb128 0x3b
 718 0097 0B       		.uleb128 0xb
 719 0098 49       		.uleb128 0x49
 720 0099 13       		.uleb128 0x13
 721 009a 00       		.byte	0
 722 009b 00       		.byte	0
 723 009c 0C       		.uleb128 0xc
 724 009d 34       		.uleb128 0x34
 725 009e 00       		.byte	0
 726 009f 03       		.uleb128 0x3
 727 00a0 08       		.uleb128 0x8
 728 00a1 3A       		.uleb128 0x3a
 729 00a2 0B       		.uleb128 0xb
 730 00a3 3B       		.uleb128 0x3b
 731 00a4 0B       		.uleb128 0xb
 732 00a5 49       		.uleb128 0x49
 733 00a6 13       		.uleb128 0x13
 734 00a7 02       		.uleb128 0x2
 735 00a8 17       		.uleb128 0x17
 736 00a9 00       		.byte	0
 737 00aa 00       		.byte	0
 738 00ab 0D       		.uleb128 0xd
 739 00ac 898201   		.uleb128 0x4109
 740 00af 01       		.byte	0x1
 741 00b0 11       		.uleb128 0x11
 742 00b1 01       		.uleb128 0x1
 743 00b2 31       		.uleb128 0x31
 744 00b3 13       		.uleb128 0x13
 745 00b4 00       		.byte	0
ARM GAS  e:\temp\ccZwXawz.s 			page 31


 746 00b5 00       		.byte	0
 747 00b6 0E       		.uleb128 0xe
 748 00b7 8A8201   		.uleb128 0x410a
 749 00ba 00       		.byte	0
 750 00bb 02       		.uleb128 0x2
 751 00bc 18       		.uleb128 0x18
 752 00bd 9142     		.uleb128 0x2111
 753 00bf 18       		.uleb128 0x18
 754 00c0 00       		.byte	0
 755 00c1 00       		.byte	0
 756 00c2 0F       		.uleb128 0xf
 757 00c3 01       		.uleb128 0x1
 758 00c4 01       		.byte	0x1
 759 00c5 49       		.uleb128 0x49
 760 00c6 13       		.uleb128 0x13
 761 00c7 01       		.uleb128 0x1
 762 00c8 13       		.uleb128 0x13
 763 00c9 00       		.byte	0
 764 00ca 00       		.byte	0
 765 00cb 10       		.uleb128 0x10
 766 00cc 21       		.uleb128 0x21
 767 00cd 00       		.byte	0
 768 00ce 49       		.uleb128 0x49
 769 00cf 13       		.uleb128 0x13
 770 00d0 2F       		.uleb128 0x2f
 771 00d1 0B       		.uleb128 0xb
 772 00d2 00       		.byte	0
 773 00d3 00       		.byte	0
 774 00d4 11       		.uleb128 0x11
 775 00d5 34       		.uleb128 0x34
 776 00d6 00       		.byte	0
 777 00d7 03       		.uleb128 0x3
 778 00d8 0E       		.uleb128 0xe
 779 00d9 3A       		.uleb128 0x3a
 780 00da 0B       		.uleb128 0xb
 781 00db 3B       		.uleb128 0x3b
 782 00dc 0B       		.uleb128 0xb
 783 00dd 49       		.uleb128 0x49
 784 00de 13       		.uleb128 0x13
 785 00df 3F       		.uleb128 0x3f
 786 00e0 19       		.uleb128 0x19
 787 00e1 3C       		.uleb128 0x3c
 788 00e2 19       		.uleb128 0x19
 789 00e3 00       		.byte	0
 790 00e4 00       		.byte	0
 791 00e5 12       		.uleb128 0x12
 792 00e6 2E       		.uleb128 0x2e
 793 00e7 00       		.byte	0
 794 00e8 3F       		.uleb128 0x3f
 795 00e9 19       		.uleb128 0x19
 796 00ea 3C       		.uleb128 0x3c
 797 00eb 19       		.uleb128 0x19
 798 00ec 6E       		.uleb128 0x6e
 799 00ed 0E       		.uleb128 0xe
 800 00ee 03       		.uleb128 0x3
 801 00ef 0E       		.uleb128 0xe
 802 00f0 3A       		.uleb128 0x3a
ARM GAS  e:\temp\ccZwXawz.s 			page 32


 803 00f1 0B       		.uleb128 0xb
 804 00f2 3B       		.uleb128 0x3b
 805 00f3 0B       		.uleb128 0xb
 806 00f4 00       		.byte	0
 807 00f5 00       		.byte	0
 808 00f6 00       		.byte	0
 809              		.section	.debug_loc,"",%progbits
 810              	.Ldebug_loc0:
 811              	.LLST0:
 812 0000 00000000 		.4byte	.LVL1
 813 0004 24000000 		.4byte	.LVL5
 814 0008 0100     		.2byte	0x1
 815 000a 50       		.byte	0x50
 816 000b 24000000 		.4byte	.LVL5
 817 000f 30000000 		.4byte	.LFE1
 818 0013 0400     		.2byte	0x4
 819 0015 F3       		.byte	0xf3
 820 0016 01       		.uleb128 0x1
 821 0017 50       		.byte	0x50
 822 0018 9F       		.byte	0x9f
 823 0019 00000000 		.4byte	0
 824 001d 00000000 		.4byte	0
 825              	.LLST1:
 826 0021 00000000 		.4byte	.LVL1
 827 0025 08000000 		.4byte	.LVL2
 828 0029 0100     		.2byte	0x1
 829 002b 51       		.byte	0x51
 830 002c 08000000 		.4byte	.LVL2
 831 0030 30000000 		.4byte	.LFE1
 832 0034 0400     		.2byte	0x4
 833 0036 F3       		.byte	0xf3
 834 0037 01       		.uleb128 0x1
 835 0038 51       		.byte	0x51
 836 0039 9F       		.byte	0x9f
 837 003a 00000000 		.4byte	0
 838 003e 00000000 		.4byte	0
 839              	.LLST2:
 840 0042 00000000 		.4byte	.LVL1
 841 0046 24000000 		.4byte	.LVL5
 842 004a 0100     		.2byte	0x1
 843 004c 50       		.byte	0x50
 844 004d 24000000 		.4byte	.LVL5
 845 0051 30000000 		.4byte	.LFE1
 846 0055 0400     		.2byte	0x4
 847 0057 F3       		.byte	0xf3
 848 0058 01       		.uleb128 0x1
 849 0059 50       		.byte	0x50
 850 005a 9F       		.byte	0x9f
 851 005b 00000000 		.4byte	0
 852 005f 00000000 		.4byte	0
 853              	.LLST3:
 854 0063 14000000 		.4byte	.LVL3
 855 0067 2B000000 		.4byte	.LVL6-1
 856 006b 0100     		.2byte	0x1
 857 006d 52       		.byte	0x52
 858 006e 2B000000 		.4byte	.LVL6-1
 859 0072 30000000 		.4byte	.LFE1
ARM GAS  e:\temp\ccZwXawz.s 			page 33


 860 0076 0600     		.2byte	0x6
 861 0078 F3       		.byte	0xf3
 862 0079 01       		.uleb128 0x1
 863 007a 50       		.byte	0x50
 864 007b 38       		.byte	0x38
 865 007c 25       		.byte	0x25
 866 007d 9F       		.byte	0x9f
 867 007e 00000000 		.4byte	0
 868 0082 00000000 		.4byte	0
 869              	.LLST4:
 870 0086 14000000 		.4byte	.LVL3
 871 008a 18000000 		.4byte	.LVL4
 872 008e 0200     		.2byte	0x2
 873 0090 30       		.byte	0x30
 874 0091 9F       		.byte	0x9f
 875 0092 00000000 		.4byte	0
 876 0096 00000000 		.4byte	0
 877              		.section	.debug_aranges,"",%progbits
 878 0000 24000000 		.4byte	0x24
 879 0004 0200     		.2byte	0x2
 880 0006 00000000 		.4byte	.Ldebug_info0
 881 000a 04       		.byte	0x4
 882 000b 00       		.byte	0
 883 000c 0000     		.2byte	0
 884 000e 0000     		.2byte	0
 885 0010 00000000 		.4byte	.LFB0
 886 0014 14000000 		.4byte	.LFE0-.LFB0
 887 0018 00000000 		.4byte	.LFB1
 888 001c 30000000 		.4byte	.LFE1-.LFB1
 889 0020 00000000 		.4byte	0
 890 0024 00000000 		.4byte	0
 891              		.section	.debug_ranges,"",%progbits
 892              	.Ldebug_ranges0:
 893 0000 00000000 		.4byte	.LFB0
 894 0004 14000000 		.4byte	.LFE0
 895 0008 00000000 		.4byte	.LFB1
 896 000c 30000000 		.4byte	.LFE1
 897 0010 00000000 		.4byte	0
 898 0014 00000000 		.4byte	0
 899              		.section	.debug_line,"",%progbits
 900              	.Ldebug_line0:
 901 0000 CA000000 		.section	.debug_str,"MS",%progbits,1
 901      02007700 
 901      00000201 
 901      FB0E0D00 
 901      01010101 
 902              	.LASF23:
 903 0000 726F774E 		.ascii	"rowNum\000"
 903      756D00
 904              	.LASF3:
 905 0007 73686F72 		.ascii	"short unsigned int\000"
 905      7420756E 
 905      7369676E 
 905      65642069 
 905      6E7400
 906              	.LASF28:
 907 001a 433A5C55 		.ascii	"C:\\Users\\Admin\\Desktop\\_FIRMWARE\\DBARLite\\CYP"
ARM GAS  e:\temp\ccZwXawz.s 			page 34


 907      73657273 
 907      5C41646D 
 907      696E5C44 
 907      65736B74 
 908 0047 44353232 		.ascii	"D5225\\CYPD5225-96BZXI_notebook\\CYPD5225-96BZXI_no"
 908      355C4359 
 908      50443532 
 908      32352D39 
 908      36425A58 
 909 0078 7465626F 		.ascii	"tebook.cydsn\\backup_fw.cydsn\000"
 909      6F6B2E63 
 909      7964736E 
 909      5C626163 
 909      6B75705F 
 910              	.LASF12:
 911 0095 666C6F61 		.ascii	"float\000"
 911      7400
 912              	.LASF1:
 913 009b 756E7369 		.ascii	"unsigned char\000"
 913      676E6564 
 913      20636861 
 913      7200
 914              	.LASF22:
 915 00a9 726F7744 		.ascii	"rowData\000"
 915      61746100 
 916              	.LASF5:
 917 00b1 6C6F6E67 		.ascii	"long unsigned int\000"
 917      20756E73 
 917      69676E65 
 917      6420696E 
 917      7400
 918              	.LASF9:
 919 00c3 75696E74 		.ascii	"uint8\000"
 919      3800
 920              	.LASF13:
 921 00c9 646F7562 		.ascii	"double\000"
 921      6C6500
 922              	.LASF25:
 923 00d0 43795379 		.ascii	"CySysFlashWriteRow\000"
 923      73466C61 
 923      73685772 
 923      69746552 
 923      6F7700
 924              	.LASF21:
 925 00e3 666C7341 		.ascii	"flsAddr\000"
 925      64647200 
 926              	.LASF10:
 927 00eb 75696E74 		.ascii	"uint16\000"
 927      313600
 928              	.LASF11:
 929 00f2 75696E74 		.ascii	"uint32\000"
 929      333200
 930              	.LASF8:
 931 00f9 756E7369 		.ascii	"unsigned int\000"
 931      676E6564 
 931      20696E74 
 931      00
ARM GAS  e:\temp\ccZwXawz.s 			page 35


 932              	.LASF18:
 933 0106 426F6F74 		.ascii	"Bootloadable_1_SetFlashByte\000"
 933      6C6F6164 
 933      61626C65 
 933      5F315F53 
 933      6574466C 
 934              	.LASF19:
 935 0122 61646472 		.ascii	"address\000"
 935      65737300 
 936              	.LASF7:
 937 012a 6C6F6E67 		.ascii	"long long unsigned int\000"
 937      206C6F6E 
 937      6720756E 
 937      7369676E 
 937      65642069 
 938              	.LASF26:
 939 0141 474E5520 		.ascii	"GNU C11 5.4.1 20160609 (release) [ARM/embedded-5-br"
 939      43313120 
 939      352E342E 
 939      31203230 
 939      31363036 
 940 0174 616E6368 		.ascii	"anch revision 237715] -mcpu=cortex-m0 -mthumb -g -O"
 940      20726576 
 940      6973696F 
 940      6E203233 
 940      37373135 
 941 01a7 73202D66 		.ascii	"s -ffunction-sections -ffat-lto-objects -finline-fu"
 941      66756E63 
 941      74696F6E 
 941      2D736563 
 941      74696F6E 
 942 01da 6E637469 		.ascii	"nctions -flto -fno-strict-aliasing\000"
 942      6F6E7320 
 942      2D666C74 
 942      6F202D66 
 942      6E6F2D73 
 943              	.LASF20:
 944 01fd 72756E54 		.ascii	"runType\000"
 944      79706500 
 945              	.LASF29:
 946 0205 62617365 		.ascii	"baseAddr\000"
 946      41646472 
 946      00
 947              	.LASF16:
 948 020e 73697A65 		.ascii	"sizetype\000"
 948      74797065 
 948      00
 949              	.LASF6:
 950 0217 6C6F6E67 		.ascii	"long long int\000"
 950      206C6F6E 
 950      6720696E 
 950      7400
 951              	.LASF14:
 952 0225 63686172 		.ascii	"char\000"
 952      00
 953              	.LASF27:
 954 022a 47656E65 		.ascii	"Generated_Source\\PSoC4\\Bootloadable_1.c\000"
ARM GAS  e:\temp\ccZwXawz.s 			page 36


 954      72617465 
 954      645F536F 
 954      75726365 
 954      5C50536F 
 955              	.LASF2:
 956 0252 73686F72 		.ascii	"short int\000"
 956      7420696E 
 956      7400
 957              	.LASF24:
 958 025c 4379536F 		.ascii	"CySoftwareReset\000"
 958      66747761 
 958      72655265 
 958      73657400 
 959              	.LASF4:
 960 026c 6C6F6E67 		.ascii	"long int\000"
 960      20696E74 
 960      00
 961              	.LASF15:
 962 0275 6C6F6E67 		.ascii	"long double\000"
 962      20646F75 
 962      626C6500 
 963              	.LASF0:
 964 0281 7369676E 		.ascii	"signed char\000"
 964      65642063 
 964      68617200 
 965              	.LASF30:
 966 028d 63794274 		.ascii	"cyBtldrRunType\000"
 966      6C647252 
 966      756E5479 
 966      706500
 967              	.LASF17:
 968 029c 426F6F74 		.ascii	"Bootloadable_1_Load\000"
 968      6C6F6164 
 968      61626C65 
 968      5F315F4C 
 968      6F616400 
 969              		.comm	__gnu_lto_v1,1,1
 970              		.ident	"GCC: (GNU Tools for ARM Embedded Processors) 5.4.1 20160609 (release) [ARM/embedded-5-bran
