ARM GAS  e:\temp\cc2EiSpi.s 			page 1


   1              		.syntax unified
   2              		.cpu cortex-m0
   3              		.fpu softvfp
   4              		.eabi_attribute 20, 1
   5              		.eabi_attribute 21, 1
   6              		.eabi_attribute 23, 3
   7              		.eabi_attribute 24, 1
   8              		.eabi_attribute 25, 1
   9              		.eabi_attribute 26, 1
  10              		.eabi_attribute 30, 4
  11              		.eabi_attribute 34, 0
  12              		.eabi_attribute 18, 4
  13              		.thumb
  14              		.syntax unified
  15              		.file	"cymetadata.c"
  16              		.text
  17              	.Ltext0:
  18              		.section	.gnu.lto_.profile.6240bfae,"",%progbits
  19 0000 789C6361 		.ascii	"x\234ca`\004B \000\000\0009\000\007"
  19      60044220 
  19      00000039 
  19      0007
  20              		.text
  21              		.section	.gnu.lto_.icf.6240bfae,"",%progbits
  22 0000 789C6361 		.ascii	"x\234ca`d\000\001\016\006\004`d\3702\347|\013\023\003"
  22      60640001 
  22      0E060460 
  22      64F832E7 
  22      7C0B1303 
  23 0014 000EDE02 		.ascii	"\000\016\336\002\364"
  23      F4
  24              		.text
  25              		.section	.gnu.lto_.jmpfuncs.6240bfae,"",%progbits
  26 0000 789C6361 		.ascii	"x\234ca`d\000\001&\006d\000\000\000\236\000\010"
  26      60640001 
  26      26066400 
  26      00009E00 
  26      08
  27              		.text
  28              		.section	.gnu.lto_.inline.6240bfae,"",%progbits
  29 0000 789C6361 		.ascii	"x\234ca`d\000\001&\006d\000\000\000\236\000\010"
  29      60640001 
  29      26066400 
  29      00009E00 
  29      08
  30              		.text
  31              		.section	.gnu.lto_.pureconst.6240bfae,"",%progbits
  32 0000 789C6361 		.ascii	"x\234ca`\004B \000\000\0009\000\007"
  32      60044220 
  32      00000039 
  32      0007
  33              		.text
  34              		.section	.gnu.lto_cy_meta_loadable.6240bfae,"",%progbits
  35 0000 789C4D93 		.ascii	"x\234M\223\371SRQ\030\206\271 .\271\265\257\266\357"
  35      F9535251 
  35      1886B920 
  35      2EB9B5AF 
ARM GAS  e:\temp\cc2EiSpi.s 			page 2


  35      B6EF
  36 0012 7B6A8BED 		.ascii	"{j\213\355\277\326?U0\202\2436\232c:6\2453\3452H*\242"
  36      BFD63F55 
  36      3082A336 
  36      9A633A36 
  36      A533E532 
  37 0029 A6781197 		.ascii	"\246x\021\227T\\JE\\Rb\221D\005MM\0057\334\372N\347"
  37      545C4A45 
  37      5C526291 
  37      44054D4D 
  37      0537DCFA 
  38 003f 6D2666BE 		.ascii	"m&f\276yx\370\016\367\234\363\236sC$\202\204}\026\345"
  38      7978F80E 
  38      F79CF39E 
  38      73432482 
  38      847D16E5 
  39 0053 127C9348 		.ascii	"\022|\223H\266\244B\345\254\270\036\035\220\252e\364"
  39      B6A442E5 
  39      ACB81E1D 
  39      90AA65F4 
  40 0063 23E97872 		.ascii	"#\351xr\266\"\212\251 <%\025\263\232\226c\271>!M\321"
  40      B6228AA9 
  40      203C2515 
  40      B39A9663 
  40      B93E214D 
  41 0078 3ABAC2B8 		.ascii	":\272\302\270>&}\235\354z\301\355\021kZr\247c\270>$"
  41      3E267D9D 
  41      EC7AC1ED 
  41      116B5A72 
  41      A763B83E 
  42 008d ADB1AD8D 		.ascii	"\255\261\255\215\204p}@:j\366\025I\271\336'-\235\312"
  42      84707D40 
  42      3A6AF615 
  42      49B9DE27 
  42      2D9DCA
  43 00a0 CFC43C49 		.ascii	"\317\304<I\244\255\366\306T9\327{\244\256\334\340\000"
  43      A4ADF6C6 
  43      5439D77B 
  43      A4AEDCE0 
  43      00
  44 00b1 F42EE9D8 		.ascii	"\364.\351\330\2207_\306\365\016\351H\377\3703n\267\311"
  44      90375FC6 
  44      F50EE948 
  44      FFF8336E 
  44      B7C9
  45 00c3 B27FFDB6 		.ascii	"\262\177\375\266`M\211\244\265Si\212h\256\011\244\205"
  45      604D89A4 
  45      B553698A 
  45      68AE09A4 
  45      85
  46 00d4 CD7D2FB9 		.ascii	"\315}/\271\305\2235\030L\035x\356-\322.{FS(\327\233"
  46      C5933518 
  46      4C1D78EE 
  46      2DD22E7B 
  46      465328D7 
  47 00e9 A47AB753 		.ascii	"\244z\267S\011\275A\352\367\032\3460\353uRUA\226\005"
  47      09BD41EA 
ARM GAS  e:\temp\cc2EiSpi.s 			page 3


  47      F71AE630 
  47      EB755255 
  47      419605
  48 00fc 1BB846DA 		.ascii	"\033\270F\332\351\367\015Fp\275J\252\261\346\274BPW"
  48      E9F70D46 
  48      70BD4AAA 
  48      B1E6BC42 
  48      5057
  49 010e 4883A2B3 		.ascii	"H\203\242\263\020\233\277L\372\336\357\234\306\340K"
  49      109BBF4C 
  49      FADEEF9C 
  49      C6E04B
  50 011d A42506DB 		.ascii	"\244%\006\333sn\027\311V\262\224\031\230\347\002\333"
  50      736E17C9 
  50      56B29419 
  50      98E702DB 
  51 012d 7B4BDF28 		.ascii	"{K\337(Vq\236t\315d-\304\264\347\330\371\350W\034\030"
  51      56719E74 
  51      CD642DC4 
  51      B4E7D8F9 
  51      E8571C18 
  52 0141 7C966D3E 		.ascii	"|\226m>\323\220\215\356\031\322T\373l\000\251\236&]"
  52      D3908DEE 
  52      19D254FB 
  52      6C00A99E 
  52      265D
  53 0153 EC7DE7C1 		.ascii	"\354}\347\301\211\234\"}S\254\023\021\315IRcr\231\036"
  53      899C227D 
  53      53AC1311 
  53      CD495263 
  53      72991E
  54 0166 7A8225E5 		.ascii	"z\202%\345\353\355F6\307I\353\033\347\022\270\305\261"
  54      EBED4636 
  54      C749EB1B 
  54      E712B8C5 
  54      B1
  55 0177 E332B71A 		.ascii	"\3432\267\032\004\256\307H\275\336\2179\230\347(i \257"
  55      04AEC748 
  55      BDDE8F39 
  55      98E72869 
  55      20AF
  56 0189 C786CD1F 		.ascii	"\307\206\315\037!5\357\254\266\304\362+%%\235WM\272"
  56      2135EFAC 
  56      B6C4F22B 
  56      25259D57 
  56      4DBA
  57 019b 2379F730 		.ascii	"#y\3670\351\322\320L5\272m\354\306\371\363\324i\341"
  57      E9D2D04C 
  57      35BA6DEC 
  57      C6F9F3D4 
  57      69E1
  58 01ad BC7D8874 		.ascii	"\274}\210t\365mP+\347m\033k/\257\247\317#\272\203\354"
  58      F56D502B 
  58      E76D1B6B 
  58      2FAFA7CF 
  58      23BA83EC 
  59 01c1 BAAA27B4 		.ascii	"\272\252'\264\341\274\275#\220{4\333yH\353\000\333\361"
ARM GAS  e:\temp\cc2EiSpi.s 			page 4


  59      E1BCBD23 
  59      907B34DB 
  59      7948EB00 
  59      DBF1
  60 01d3 668101A3 		.ascii	"f\201\001\243\367\263\205\211)A\004\260\217\264\312"
  60      F7B38589 
  60      294104B0 
  60      8FB4CA
  61 01e2 BD69C2A9 		.ascii	"\275i\302\251\354eiu\272\206\261\251=\244\003\013=\005"
  61      EC656975 
  61      BA86B1A9 
  61      3DA4030B 
  61      3D05
  62 01f4 58E76E52 		.ascii	"X\347nR\335R@\207'\307\222n9\224\333H:\206\264hFlCZ"
  62      DD524087 
  62      27C7926E 
  62      3994DB48 
  62      3A86B468 
  63 020c D1A41BBE 		.ascii	"\321\244\033\276\034\033\036\025\305n\250M%B#\331\177"
  63      1C1B1E15 
  63      C56EA84D 
  63      254223D9 
  63      7F
  64 021d 17FAB710 		.ascii	"\027\372\267\020\327.\322\262\272\022#\272\021l\221"
  64      D72ED2B2 
  64      BA1223BA 
  64      116C91
  65 022c E9EA551C 		.ascii	"\351\352U\034i\030\351\304F\205\021k\016%\355.6n\342"
  65      6918E9C4 
  65      4685116B 
  65      0E25ED2E 
  65      366EE2
  66 023f BF7252AB 		.ascii	"\277rR\253J\377\357U\010a\357\315\222^\203\256\354\377"
  66      4AFFEF55 
  66      0861EFCD 
  66      925E83AE 
  66      ECFF
  67 0251 E485BFC9 		.ascii	"\344\205\277\311\227{\006\225aIu\212\324\017\012E\274"
  67      977B0695 
  67      6149758A 
  67      D40F0A45 
  67      BC
  68 0262 5A2615E2 		.ascii	"Z&\025\342\343\004\215\020'$p\370\004N/8\005N\202\023"
  68      E3048D10 
  68      272470F8 
  68      044E2F38 
  68      054E8213 
  69 0276 A0074CE4 		.ascii	"\240\007L\344\030\207\376\004\335\340\030\350\002\235"
  69      1887FE04 
  69      DDE018E8 
  69      029D
  70 0284 A003B483 		.ascii	"\240\003\264\203?@\0338\012\216P\015S}\007\207\250\006"
  70      3F401B38 
  70      0A8E500D 
  70      537D0787 
  70      A806
  71 0296 A906A8AC 		.ascii	"\251\006\250\254T\375T\026\252>\214\357\005{\300o\340"
ARM GAS  e:\temp\cc2EiSpi.s 			page 5


  71      54FD5416 
  71      AA3E8CEF 
  71      057BC06F 
  71      E0
  72 02a7 57B01BEC 		.ascii	"W\260\033\354\002;\301\016\320\014\266\203m`+\370\005"
  72      023BC10E 
  72      D00CB683 
  72      6D602BF8 
  72      05
  73 02b8 6C019BC1 		.ascii	"l\001\233\301&\260\0214\201\015\240\021\024\301z\320"
  73      26B01134 
  73      810DA011 
  73      14C17AD0 
  74 02c8 00D681B5 		.ascii	"\000\326\201\265\340g\260\006\254\006\253@=X\011\352"
  74      E067B006 
  74      AC06AB40 
  74      3D5809EA 
  75 02d8 C00AB01C 		.ascii	"\300\012\260\034,\003?\201Z\260\224S\"L\013I\222?\036"
  75      2C033F81 
  75      5AB09453 
  75      224C0B49 
  75      923F1E
  76 02eb 24ED3D   		.ascii	"$\355="
  77              		.text
  78              		.section	.gnu.lto_.symbol_nodes.6240bfae,"",%progbits
  79 0000 789C6361 		.ascii	"x\234ca`d\220d\000\002V\006\206V!\006\275\344\312\234"
  79      60649064 
  79      00025606 
  79      86562106 
  79      BDE4CA9C 
  80 0014 FCC494C4 		.ascii	"\374\304\224\304\244\234\324\334\324\222D\2408\000O"
  80      A49CD4DC 
  80      D49244A0 
  80      38004F
  81 0023 D806A0   		.ascii	"\330\006\240"
  82              		.text
  83              		.section	.gnu.lto_.refs.6240bfae,"",%progbits
  84 0000 789C6361 		.ascii	"x\234ca`\004B \000\000\0009\000\007"
  84      60044220 
  84      00000039 
  84      0007
  85              		.text
  86              		.section	.gnu.lto_.decls.6240bfae,"",%progbits
  87 0000 789CB552 		.ascii	"x\234\265R]H\024Q\024\236\263\263\330:\376\264l>H\014"
  87      5D481451 
  87      149EB3B3 
  87      D83AFEB4 
  87      6C3E480C 
  88 0014 65506090 		.ascii	"eP`\220[\226A\364R T\364\020\201\326\323\3000\316\336"
  88      5B9641F4 
  88      522054F4 
  88      1081D6D3 
  88      C030CEDE 
  89 0028 72C1DD91 		.ascii	"r\301\335\221\235\331\207\355\245i+\360!b\213\300\212"
  89      9DD987ED 
  89      A5692BF0 
  89      21628BC0 
ARM GAS  e:\temp\cc2EiSpi.s 			page 6


  89      8A
  90 0039 44FBC19F 		.ascii	"D\373\301\237v]5SS\323\254t\375\301 +\037\354!\305\244"
  90      765D3553 
  90      53D3AC74 
  90      FDC1202B 
  90      1FEC21C5 
  91 004e 1ED2D0DA 		.ascii	"\036\322\320\332\207\014\302\316\235\331M\215\254\247"
  91      870CC2CE 
  91      9DD94D8D 
  91      ACA7
  92 005c 2EECCEF9 		.ascii	".\354\316\371\3169\367\373\356=\337\2652\300\320U\307"
  92      CE39F7FB 
  92      EE3DDFB5 
  92      32C0D055 
  92      C7
  93 006d 32CC510C 		.ascii	"2\314Q\014\2131^\302e\301\357If\365\242\235#\277\345"
  93      8B315EC2 
  93      65C1EF49 
  93      66F5A29D 
  93      23BFE5
  94 0080 28C6AD0C 		.ascii	"(\306\255\014\217\277,\374\0153k\257\037\026h\211\264"
  94      8FBF2CFC 
  94      0D336BAF 
  94      1F166889 
  94      B4
  95 0091 EE602D40 		.ascii	"\356`-@\303\350\227x4%n\001\007\007\353\021\216]h\276"
  95      C3E89778 
  95      34256E01 
  95      0707EB11 
  95      8E5D68BE 
  96 00a5 C59AD08A 		.ascii	"\305\232\320\212p\341\305\315\367\231\010\2638\310A"
  96      70E1C5CD 
  96      F79908B3 
  96      38C841
  97 00b4 D8138B3F 		.ascii	"\330\023\213?\007\256B\307\025:\257;\216\320\266\373"
  97      07AE42C7 
  97      153AAF3B 
  97      8ED0B6FB 
  98 00c4 C04303A0 		.ascii	"\300C\003\2400\204\201\303\377\235<\324#\304\356W\363"
  98      308481C3 
  98      FF9D3CD4 
  98      23C4EE57 
  98      F3
  99 00d5 A3556926 		.ascii	"\243Ui&\227\035a\373\207\341\030gr\351\200x\374[\317"
  99      971D61FB 
  99      87E11867 
  99      72E98078 
  99      FC5BCF
 100 00e8 F7747603 		.ascii	"\367tv\003=\205\26558y;\023ry@2\340j\015\001]\2670\360"
 100      3D85B535 
 100      38793B13 
 100      72794032 
 100      E06A0D01 
 101 0100 00388802 		.ascii	"\0008\210\002\233<\373M\035\305\347\317\3224\3066\343"
 101      9B3CFB4D 
 101      1DC5E7CF 
 101      D234C636 
ARM GAS  e:\temp\cc2EiSpi.s 			page 7


 101      E3
 102 0111 8B99A03E 		.ascii	"\213\231\240>\177GO\311f`\017\017\273x\006\232 \327"
 102      7F474FC9 
 102      66600F0F 
 102      BB78069A 
 102      20D7
 103 0123 2831D082 		.ascii	"(1\320\202\204\315\346qF\243/\357\257s\204\022\334\007"
 103      84CDE671 
 103      46A32FEF 
 103      AF738412 
 103      DC07
 104 0135 C1E06EC4 		.ascii	"\301\340n\304z\3048}+8\222w\240\335\375\023\025\243"
 104      7AC4387D 
 104      2B389277 
 104      A0DDFD13 
 104      15A3
 105 0147 DC96EC6A 		.ascii	"\334\226\354j\375z\216Q\302T[\370v\265\305\212\226\300"
 105      FD7A8E51 
 105      C2545BF8 
 105      76B5C58A 
 105      96C0
 106 0159 43D86234 		.ascii	"C\330b4u\306\336\264\261\354vc\220\367\026\206jS\260"
 106      75C6DEB4 
 106      B1EC7663 
 106      90F71686 
 106      6A53B0
 107 016c 0AEDC042 		.ascii	"\012\355\300B\033X\215\206\310\263\033#i\354^\243\341"
 107      1B588D86 
 107      C8B31B23 
 107      69EC5EA3 
 107      E1
 108 017d 4AD7B941 		.ascii	"J\327\271A\2266<\302\373@\007v`\262\343s\270#\303\234"
 108      96363CC2 
 108      FB400776 
 108      60B2E373 
 108      B823C39C 
 109 0191 511FC595 		.ascii	"Q\037\305\225s\213\033\0233\242\363\237\\\254?\344\214"
 109      738B1B13 
 109      33A2F39F 
 109      5CAC3FE4 
 109      8C
 110 01a2 24C77166 		.ascii	"$\307qf\331\301\351\363W\365ts\337\001\204\263\361K"
 110      D9C1E9F3 
 110      57F57473 
 110      DF0184B3 
 110      F14B
 111 01b4 6F6D6B1A 		.ascii	"omk\032\323\2334\246\307\234D\323\305\231\006\033n\346"
 111      D39B34A6 
 111      C79C44D3 
 111      C599061B 
 111      6EE6
 112 01c6 3958A24E 		.ascii	"9X\242N4\315v.f\230\230\226\037\366}m\264\262\2054\266"
 112      34CD762E 
 112      66989896 
 112      1FF67D6D 
 112      B4B28534 
 113 01db 8CB54E0C 		.ascii	"\214\265N\014\244B\256i\311Twl\323#]\267\003>\002x\212"
ARM GAS  e:\temp\cc2EiSpi.s 			page 8


 113      A442AE69 
 113      C954776C 
 113      D3235DB7 
 113      033E0278 
 114 01f0 D77C0C4E 		.ascii	"\327|\014N\372 y:\263?\330\360\014m@N\332\005}x\232"
 114      FA20793A 
 114      B33FD8F0 
 114      0C6D404E 
 114      DA057D78 
 115 0205 27A67C43 		.ascii	"'\246|Cu}\177\006\333\015\206\300\334\265O\025\354/"
 115      757D7F06 
 115      DB0D86C0 
 115      DCB54F15 
 115      EC2F
 116 0217 81CACB7C 		.ascii	"\201\312\313|\230\012\304P\240\177Y\3409\254\2410\360"
 116      980AC450 
 116      A07F59E0 
 116      39ACA130 
 116      F0
 117 0228 67857733 		.ascii	"g\205w3\361\026\333J\253)_7\326\273\214y\014\032V\367"
 117      F116DB4A 
 117      AB295F37 
 117      D6BB8C79 
 117      0C1A56F7 
 118 023c 26ADAE1A 		.ascii	"&\255\256\032\237\016\245r\011\366\320\277\331\227j"
 118      9F0EA572 
 118      09F6D0BF 
 118      D9976A
 119 024b 3E76712B 		.ascii	">vq+\331\207\376\306\336\374\345\202\262\355\256\336"
 119      D987FEC6 
 119      DEFCE582 
 119      B2EDAEDE 
 120 025b 5CA34F55 		.ascii	"\\\243OU\275\336\\\035\324\203,\014\203\003\352\314"
 120      BDDE5C1D 
 120      D4832C0C 
 120      8303EACC 
 121 026b EB253742 		.ascii	"\353%7B'>\010#Y\214Od\004\2661v9 z\210&\211e\212\344"
 121      273E0823 
 121      598C4F64 
 121      04B63176 
 121      39207A88 
 122 0284 924ACA88 		.ascii	"\222J\312\210U.\225|v\247\034H&h\225I\023E\225\310\232"
 122      552E957C 
 122      76A71C48 
 122      26689549 
 122      134595C8 
 123 0299 5BF18AA2 		.ascii	"[\361\212\242\325\257\022\227\355\360\261\0239\205\371"
 123      D5AF1297 
 123      EDF0B113 
 123      3985F9
 124 02a8 F94CAA28 		.ascii	"\371L\252(\372\335^m\237\250y\310~A\016\224\373\210"
 124      FADD5E6D 
 124      9FA879C8 
 124      7E410E94 
 124      FB88
 125 02ba AA0AE5AA 		.ascii	"\252\012\345\252\"\347\310>\"i\212O(p\356^\235p{\312"
 125      22E7C83E 
ARM GAS  e:\temp\cc2EiSpi.s 			page 9


 125      22698A4F 
 125      2870EE5E 
 125      9D707BCA 
 126 02ce 159F269C 		.ascii	"\025\237&\234\366\372\005\311\347\021\366:\013\234\371"
 126      F6FA05C9 
 126      E711F63A 
 126      0B9CF9
 127 02dd 34CAF32A 		.ascii	"4\312\363*^\222G\244\022\267\340\366\312e~\027\021<"
 127      5E9247A4 
 127      12B7E0F6 
 127      CA657E17 
 127      113C
 128 02ef 925CEAF6 		.ascii	"\222\\\352\366\022At\221S\222\277L\023\265@9Q\235\245"
 128      12417491 
 128      5392BF4C 
 128      13B54039 
 128      519DA5
 129 0302 CCBA846A 		.ascii	"\314\272\204j\311\377PU\003\252 \252\232\013%Pj\353"
 129      C9FF5055 
 129      03AA20AA 
 129      9A0B2550 
 129      6AEB
 130 0314 61E2253E 		.ascii	"a\342%>I#.\261H\361\373d\"\034/R\012\013P\226\316\306"
 130      49232EB1 
 130      48F1FB64 
 130      221C2F52 
 130      0A0B5096 
 131 032a 25699253 		.ascii	"%i\222Sf~\002\261\352\223\364"
 131      667E02B1 
 131      EA93F4
 132              		.text
 133              		.section	.gnu.lto_.symtab.6240bfae,"",%progbits
 134 0000 63795F6D 		.ascii	"cy_meta_loadable\000"
 134      6574615F 
 134      6C6F6164 
 134      61626C65 
 134      00
 135 0011 00       		.ascii	"\000"
 136 0012 00       		.ascii	"\000"
 137 0013 00       		.ascii	"\000"
 138 0014 00000000 		.ascii	"\000\000\000\000\000\000\000\000"
 138      00000000 
 139 001c CA000000 		.ascii	"\312\000\000\000"
 140              		.text
 141              		.section	.gnu.lto_.opts,"",%progbits
 142 0000 272D666D 		.ascii	"'-fmath-errno' '-fsigned-zeros' '-ftrapping-math' '"
 142      6174682D 
 142      6572726E 
 142      6F272027 
 142      2D667369 
 143 0033 2D666E6F 		.ascii	"-fno-trapv' '-fno-openmp' '-fno-openacc' '-mcpu=cor"
 143      2D747261 
 143      70762720 
 143      272D666E 
 143      6F2D6F70 
 144 0066 7465782D 		.ascii	"tex-m0' '-mthumb' '-g' '-Os' '-Werror' '-ffunction-"
 144      6D302720 
ARM GAS  e:\temp\cc2EiSpi.s 			page 10


 144      272D6D74 
 144      68756D62 
 144      2720272D 
 145 0099 73656374 		.ascii	"sections' '-ffat-lto-objects' '-finline-functions' "
 145      696F6E73 
 145      2720272D 
 145      66666174 
 145      2D6C746F 
 146 00cc 272D666C 		.ascii	"'-flto' '-fno-strict-aliasing'\000"
 146      746F2720 
 146      272D666E 
 146      6F2D7374 
 146      72696374 
 147              		.text
 148              		.cfi_sections	.debug_frame
 149              		.global	cy_meta_loadable
 150              		.section	.cyloadablemeta,"a",%progbits
 151              		.type	cy_meta_loadable, %object
 152              		.size	cy_meta_loadable, 64
 153              	cy_meta_loadable:
 154 0000 00       		.byte	0
 155 0001 00       		.byte	0
 156 0002 00       		.byte	0
 157 0003 00       		.byte	0
 158 0004 00       		.byte	0
 159 0005 00       		.byte	0
 160 0006 00       		.byte	0
 161 0007 00       		.byte	0
 162 0008 00       		.byte	0
 163 0009 00       		.byte	0
 164 000a 00       		.byte	0
 165 000b 00       		.byte	0
 166 000c 00       		.byte	0
 167 000d 00       		.byte	0
 168 000e 00       		.byte	0
 169 000f 00       		.byte	0
 170 0010 00       		.byte	0
 171 0011 00       		.byte	0
 172 0012 00       		.byte	0
 173 0013 00       		.byte	0
 174 0014 FF       		.byte	-1
 175 0015 FF       		.byte	-1
 176 0016 59       		.byte	89
 177 0017 43       		.byte	67
 178 0018 02       		.byte	2
 179 0019 00       		.byte	0
 180 001a 00       		.byte	0
 181 001b 00       		.byte	0
 182 001c 00       		.byte	0
 183 001d 00       		.byte	0
 184 001e 00       		.byte	0
 185 001f 00       		.byte	0
 186 0020 00       		.byte	0
 187 0021 00       		.byte	0
 188 0022 00       		.byte	0
 189 0023 00       		.byte	0
 190 0024 00       		.byte	0
ARM GAS  e:\temp\cc2EiSpi.s 			page 11


 191 0025 00       		.byte	0
 192 0026 00       		.byte	0
 193 0027 00       		.byte	0
 194 0028 00       		.byte	0
 195 0029 00       		.byte	0
 196 002a 00       		.byte	0
 197 002b 00       		.byte	0
 198 002c 00       		.byte	0
 199 002d 00       		.byte	0
 200 002e 00       		.byte	0
 201 002f 00       		.byte	0
 202 0030 00       		.byte	0
 203 0031 00       		.byte	0
 204 0032 00       		.byte	0
 205 0033 00       		.byte	0
 206 0034 00       		.byte	0
 207 0035 00       		.byte	0
 208 0036 00       		.byte	0
 209 0037 00       		.byte	0
 210 0038 00       		.byte	0
 211 0039 00       		.byte	0
 212 003a 00       		.byte	0
 213 003b 00       		.byte	0
 214 003c 00       		.byte	0
 215 003d 00       		.byte	0
 216 003e 00       		.byte	0
 217 003f 00       		.byte	0
 218              		.text
 219              	.Letext0:
 220              		.file 1 "e:\\cypress\\psoc creator\\4.2\\psoc creator\\import\\gnu\\arm\\5.4.1\\arm-none-eabi\\inc
 221              		.file 2 "e:\\cypress\\psoc creator\\4.2\\psoc creator\\import\\gnu\\arm\\5.4.1\\arm-none-eabi\\inc
 222              		.file 3 "Generated_Source\\PSoC4\\cymetadata.c"
 223              		.section	.debug_info,"",%progbits
 224              	.Ldebug_info0:
 225 0000 A8000000 		.4byte	0xa8
 226 0004 0400     		.2byte	0x4
 227 0006 00000000 		.4byte	.Ldebug_abbrev0
 228 000a 04       		.byte	0x4
 229 000b 01       		.uleb128 0x1
 230 000c 08010000 		.4byte	.LASF12
 231 0010 0C       		.byte	0xc
 232 0011 93000000 		.4byte	.LASF13
 233 0015 0A000000 		.4byte	.LASF14
 234 0019 00000000 		.4byte	.Ldebug_line0
 235 001d 02       		.uleb128 0x2
 236 001e 01       		.byte	0x1
 237 001f 06       		.byte	0x6
 238 0020 FF010000 		.4byte	.LASF0
 239 0024 03       		.uleb128 0x3
 240 0025 00000000 		.4byte	.LASF9
 241 0029 01       		.byte	0x1
 242 002a 1D       		.byte	0x1d
 243 002b 2F000000 		.4byte	0x2f
 244 002f 02       		.uleb128 0x2
 245 0030 01       		.byte	0x1
 246 0031 08       		.byte	0x8
 247 0032 85000000 		.4byte	.LASF1
ARM GAS  e:\temp\cc2EiSpi.s 			page 12


 248 0036 02       		.uleb128 0x2
 249 0037 02       		.byte	0x2
 250 0038 05       		.byte	0x5
 251 0039 EC010000 		.4byte	.LASF2
 252 003d 02       		.uleb128 0x2
 253 003e 02       		.byte	0x2
 254 003f 07       		.byte	0x7
 255 0040 C9000000 		.4byte	.LASF3
 256 0044 02       		.uleb128 0x2
 257 0045 04       		.byte	0x4
 258 0046 05       		.byte	0x5
 259 0047 F6010000 		.4byte	.LASF4
 260 004b 02       		.uleb128 0x2
 261 004c 04       		.byte	0x4
 262 004d 07       		.byte	0x7
 263 004e B7000000 		.4byte	.LASF5
 264 0052 02       		.uleb128 0x2
 265 0053 08       		.byte	0x8
 266 0054 05       		.byte	0x5
 267 0055 DE010000 		.4byte	.LASF6
 268 0059 02       		.uleb128 0x2
 269 005a 08       		.byte	0x8
 270 005b 07       		.byte	0x7
 271 005c E9000000 		.4byte	.LASF7
 272 0060 04       		.uleb128 0x4
 273 0061 04       		.byte	0x4
 274 0062 05       		.byte	0x5
 275 0063 696E7400 		.ascii	"int\000"
 276 0067 02       		.uleb128 0x2
 277 0068 04       		.byte	0x4
 278 0069 07       		.byte	0x7
 279 006a DC000000 		.4byte	.LASF8
 280 006e 03       		.uleb128 0x3
 281 006f 00010000 		.4byte	.LASF10
 282 0073 02       		.byte	0x2
 283 0074 18       		.byte	0x18
 284 0075 24000000 		.4byte	0x24
 285 0079 05       		.uleb128 0x5
 286 007a 90000000 		.4byte	0x90
 287 007e 89000000 		.4byte	0x89
 288 0082 06       		.uleb128 0x6
 289 0083 89000000 		.4byte	0x89
 290 0087 3F       		.byte	0x3f
 291 0088 00       		.byte	0
 292 0089 02       		.uleb128 0x2
 293 008a 04       		.byte	0x4
 294 008b 07       		.byte	0x7
 295 008c D5010000 		.4byte	.LASF11
 296 0090 07       		.uleb128 0x7
 297 0091 6E000000 		.4byte	0x6e
 298 0095 08       		.uleb128 0x8
 299 0096 C4010000 		.4byte	.LASF15
 300 009a 03       		.byte	0x3
 301 009b 1F       		.byte	0x1f
 302 009c A6000000 		.4byte	0xa6
 303 00a0 05       		.uleb128 0x5
 304 00a1 03       		.byte	0x3
ARM GAS  e:\temp\cc2EiSpi.s 			page 13


 305 00a2 00000000 		.4byte	cy_meta_loadable
 306 00a6 07       		.uleb128 0x7
 307 00a7 79000000 		.4byte	0x79
 308 00ab 00       		.byte	0
 309              		.section	.debug_abbrev,"",%progbits
 310              	.Ldebug_abbrev0:
 311 0000 01       		.uleb128 0x1
 312 0001 11       		.uleb128 0x11
 313 0002 01       		.byte	0x1
 314 0003 25       		.uleb128 0x25
 315 0004 0E       		.uleb128 0xe
 316 0005 13       		.uleb128 0x13
 317 0006 0B       		.uleb128 0xb
 318 0007 03       		.uleb128 0x3
 319 0008 0E       		.uleb128 0xe
 320 0009 1B       		.uleb128 0x1b
 321 000a 0E       		.uleb128 0xe
 322 000b 10       		.uleb128 0x10
 323 000c 17       		.uleb128 0x17
 324 000d 00       		.byte	0
 325 000e 00       		.byte	0
 326 000f 02       		.uleb128 0x2
 327 0010 24       		.uleb128 0x24
 328 0011 00       		.byte	0
 329 0012 0B       		.uleb128 0xb
 330 0013 0B       		.uleb128 0xb
 331 0014 3E       		.uleb128 0x3e
 332 0015 0B       		.uleb128 0xb
 333 0016 03       		.uleb128 0x3
 334 0017 0E       		.uleb128 0xe
 335 0018 00       		.byte	0
 336 0019 00       		.byte	0
 337 001a 03       		.uleb128 0x3
 338 001b 16       		.uleb128 0x16
 339 001c 00       		.byte	0
 340 001d 03       		.uleb128 0x3
 341 001e 0E       		.uleb128 0xe
 342 001f 3A       		.uleb128 0x3a
 343 0020 0B       		.uleb128 0xb
 344 0021 3B       		.uleb128 0x3b
 345 0022 0B       		.uleb128 0xb
 346 0023 49       		.uleb128 0x49
 347 0024 13       		.uleb128 0x13
 348 0025 00       		.byte	0
 349 0026 00       		.byte	0
 350 0027 04       		.uleb128 0x4
 351 0028 24       		.uleb128 0x24
 352 0029 00       		.byte	0
 353 002a 0B       		.uleb128 0xb
 354 002b 0B       		.uleb128 0xb
 355 002c 3E       		.uleb128 0x3e
 356 002d 0B       		.uleb128 0xb
 357 002e 03       		.uleb128 0x3
 358 002f 08       		.uleb128 0x8
 359 0030 00       		.byte	0
 360 0031 00       		.byte	0
 361 0032 05       		.uleb128 0x5
ARM GAS  e:\temp\cc2EiSpi.s 			page 14


 362 0033 01       		.uleb128 0x1
 363 0034 01       		.byte	0x1
 364 0035 49       		.uleb128 0x49
 365 0036 13       		.uleb128 0x13
 366 0037 01       		.uleb128 0x1
 367 0038 13       		.uleb128 0x13
 368 0039 00       		.byte	0
 369 003a 00       		.byte	0
 370 003b 06       		.uleb128 0x6
 371 003c 21       		.uleb128 0x21
 372 003d 00       		.byte	0
 373 003e 49       		.uleb128 0x49
 374 003f 13       		.uleb128 0x13
 375 0040 2F       		.uleb128 0x2f
 376 0041 0B       		.uleb128 0xb
 377 0042 00       		.byte	0
 378 0043 00       		.byte	0
 379 0044 07       		.uleb128 0x7
 380 0045 26       		.uleb128 0x26
 381 0046 00       		.byte	0
 382 0047 49       		.uleb128 0x49
 383 0048 13       		.uleb128 0x13
 384 0049 00       		.byte	0
 385 004a 00       		.byte	0
 386 004b 08       		.uleb128 0x8
 387 004c 34       		.uleb128 0x34
 388 004d 00       		.byte	0
 389 004e 03       		.uleb128 0x3
 390 004f 0E       		.uleb128 0xe
 391 0050 3A       		.uleb128 0x3a
 392 0051 0B       		.uleb128 0xb
 393 0052 3B       		.uleb128 0x3b
 394 0053 0B       		.uleb128 0xb
 395 0054 49       		.uleb128 0x49
 396 0055 13       		.uleb128 0x13
 397 0056 3F       		.uleb128 0x3f
 398 0057 19       		.uleb128 0x19
 399 0058 02       		.uleb128 0x2
 400 0059 18       		.uleb128 0x18
 401 005a 00       		.byte	0
 402 005b 00       		.byte	0
 403 005c 00       		.byte	0
 404              		.section	.debug_aranges,"",%progbits
 405 0000 14000000 		.4byte	0x14
 406 0004 0200     		.2byte	0x2
 407 0006 00000000 		.4byte	.Ldebug_info0
 408 000a 04       		.byte	0x4
 409 000b 00       		.byte	0
 410 000c 0000     		.2byte	0
 411 000e 0000     		.2byte	0
 412 0010 00000000 		.4byte	0
 413 0014 00000000 		.4byte	0
 414              		.section	.debug_line,"",%progbits
 415              	.Ldebug_line0:
 416 0000 15010000 		.section	.debug_str,"MS",%progbits,1
 416      02000F01 
 416      00000201 
ARM GAS  e:\temp\cc2EiSpi.s 			page 15


 416      FB0E0D00 
 416      01010101 
 417              	.LASF9:
 418 0000 5F5F7569 		.ascii	"__uint8_t\000"
 418      6E74385F 
 418      7400
 419              	.LASF14:
 420 000a 433A5C55 		.ascii	"C:\\Users\\Admin\\Desktop\\_FIRMWARE\\DBARLite\\CYP"
 420      73657273 
 420      5C41646D 
 420      696E5C44 
 420      65736B74 
 421 0037 44353232 		.ascii	"D5225\\CYPD5225-96BZXI_notebook\\CYPD5225-96BZXI_no"
 421      355C4359 
 421      50443532 
 421      32352D39 
 421      36425A58 
 422 0068 7465626F 		.ascii	"tebook.cydsn\\backup_fw.cydsn\000"
 422      6F6B2E63 
 422      7964736E 
 422      5C626163 
 422      6B75705F 
 423              	.LASF1:
 424 0085 756E7369 		.ascii	"unsigned char\000"
 424      676E6564 
 424      20636861 
 424      7200
 425              	.LASF13:
 426 0093 47656E65 		.ascii	"Generated_Source\\PSoC4\\cymetadata.c\000"
 426      72617465 
 426      645F536F 
 426      75726365 
 426      5C50536F 
 427              	.LASF5:
 428 00b7 6C6F6E67 		.ascii	"long unsigned int\000"
 428      20756E73 
 428      69676E65 
 428      6420696E 
 428      7400
 429              	.LASF3:
 430 00c9 73686F72 		.ascii	"short unsigned int\000"
 430      7420756E 
 430      7369676E 
 430      65642069 
 430      6E7400
 431              	.LASF8:
 432 00dc 756E7369 		.ascii	"unsigned int\000"
 432      676E6564 
 432      20696E74 
 432      00
 433              	.LASF7:
 434 00e9 6C6F6E67 		.ascii	"long long unsigned int\000"
 434      206C6F6E 
 434      6720756E 
 434      7369676E 
 434      65642069 
 435              	.LASF10:
ARM GAS  e:\temp\cc2EiSpi.s 			page 16


 436 0100 75696E74 		.ascii	"uint8_t\000"
 436      385F7400 
 437              	.LASF12:
 438 0108 474E5520 		.ascii	"GNU C11 5.4.1 20160609 (release) [ARM/embedded-5-br"
 438      43313120 
 438      352E342E 
 438      31203230 
 438      31363036 
 439 013b 616E6368 		.ascii	"anch revision 237715] -mcpu=cortex-m0 -mthumb -g -O"
 439      20726576 
 439      6973696F 
 439      6E203233 
 439      37373135 
 440 016e 73202D66 		.ascii	"s -ffunction-sections -ffat-lto-objects -finline-fu"
 440      66756E63 
 440      74696F6E 
 440      2D736563 
 440      74696F6E 
 441 01a1 6E637469 		.ascii	"nctions -flto -fno-strict-aliasing\000"
 441      6F6E7320 
 441      2D666C74 
 441      6F202D66 
 441      6E6F2D73 
 442              	.LASF15:
 443 01c4 63795F6D 		.ascii	"cy_meta_loadable\000"
 443      6574615F 
 443      6C6F6164 
 443      61626C65 
 443      00
 444              	.LASF11:
 445 01d5 73697A65 		.ascii	"sizetype\000"
 445      74797065 
 445      00
 446              	.LASF6:
 447 01de 6C6F6E67 		.ascii	"long long int\000"
 447      206C6F6E 
 447      6720696E 
 447      7400
 448              	.LASF2:
 449 01ec 73686F72 		.ascii	"short int\000"
 449      7420696E 
 449      7400
 450              	.LASF4:
 451 01f6 6C6F6E67 		.ascii	"long int\000"
 451      20696E74 
 451      00
 452              	.LASF0:
 453 01ff 7369676E 		.ascii	"signed char\000"
 453      65642063 
 453      68617200 
 454              		.comm	__gnu_lto_v1,1,1
 455              		.ident	"GCC: (GNU Tools for ARM Embedded Processors) 5.4.1 20160609 (release) [ARM/embedded-5-bran
