ARM GAS  e:\temp\cczJcxHc.s 			page 1


   1              		.syntax unified
   2              		.cpu cortex-m0
   3              		.fpu softvfp
   4              		.eabi_attribute 20, 1
   5              		.eabi_attribute 21, 1
   6              		.eabi_attribute 23, 3
   7              		.eabi_attribute 24, 1
   8              		.eabi_attribute 25, 1
   9              		.eabi_attribute 26, 1
  10              		.eabi_attribute 30, 4
  11              		.eabi_attribute 34, 0
  12              		.eabi_attribute 18, 4
  13              		.thumb
  14              		.syntax unified
  15              		.file	"DP_HPD_P2.c"
  16              		.text
  17              	.Ltext0:
  18              		.section	.gnu.lto_.profile.6240b39e,"",%progbits
  19 0000 789C6361 		.ascii	"x\234ca`d`a`\000\222\352\212\000\000\331\000S"
  19      60646061 
  19      600092EA 
  19      8A0000D9 
  19      0053
  20              		.text
  21              		.section	.gnu.lto_.icf.6240b39e,"",%progbits
  22 0000 789C6361 		.ascii	"x\234ca`d\000\0015\006\004`c\230\372\376`#\027\343\272"
  22      60640001 
  22      35060460 
  22      6398FAFE 
  22      602317E3 
  23 0015 861B4BD9 		.ascii	"\206\033K\331\231\236\235?\260\217\221\371@\333\337"
  23      999E9D3F 
  23      B08F91F9 
  23      40DBDF
  24 0024 06669683 		.ascii	"\006f\226\203'\037|bb\375}e\326-F\006\000`\221\022_"
  24      271F7C62 
  24      62FD7D65 
  24      D62D4606 
  24      00609112 
  25              		.text
  26              		.section	.gnu.lto_.jmpfuncs.6240b39e,"",%progbits
  27 0000 789C45C9 		.ascii	"x\234E\311\261\001\000 \010\300\260\026\320+\374\225"
  27      B1010020 
  27      08C0B016 
  27      D02BFC95 
  28 0010 D795C90C 		.ascii	"\327\225\311\014]Z\3108|\033\265\235\004$Thv\257\367"
  28      5D5AC838 
  28      7C1BB59D 
  28      04245468 
  28      76AFF7
  29 0023 2E215502 		.ascii	".!U\002@"
  29      40
  30              		.text
  31              		.section	.gnu.lto_.inline.6240b39e,"",%progbits
  32 0000 789C658D 		.ascii	"x\234e\215\311\015\2000\014\004\327\216\343\030\011"
  32      C90D8030 
  32      0C04D78E 
ARM GAS  e:\temp\cczJcxHc.s 			page 2


  32      E31809
  33 000f 093A4807 		.ascii	"\011:H\007\224@\245<R\012%P\012%`\203\004B\231\307>"
  33      9440A53C 
  33      520A2550 
  33      0A256083 
  33      044299C7 
  34 0024 767C0808 		.ascii	"v|\010\010\301\206\017\005\254\020\301\\%\333Wh\253"
  34      C1860F05 
  34      AC10C15C 
  34      25DB5768 
  34      AB
  35 0035 0C3E2609 		.ascii	"\014>&\011K\030\254\223\322\352-\031\232\011\254\347"
  35      4B18AC93 
  35      D2EA2D19 
  35      9A09ACE7 
  36 0045 F2F44EEA 		.ascii	"\362\364N\352+\211\023\214\331OP\204\374\237x\2141\226"
  36      2B89138C 
  36      D94F5084 
  36      FC9F788C 
  36      3196
  37 0057 51D4375F 		.ascii	"Q\3247_\031\\\353\300\017\342"
  37      195CEBC0 
  37      0FE2
  38              		.text
  39              		.section	.gnu.lto_.pureconst.6240b39e,"",%progbits
  40 0000 789C6361 		.ascii	"x\234ca`d\340e```c\220b\224b\222b\226b\221b\225\002"
  40      6064E065 
  40      60606063 
  40      90629462 
  40      92629662 
  41 0018 00059500 		.ascii	"\000\005\225\000\304"
  41      C4
  42              		.text
  43              		.section	.gnu.lto_DP_HPD_P2_SetDriveMode.6240b39e,"",%progbits
  44 0000 789C7D51 		.ascii	"x\234}Q\317K\033A\030\375\336\314fc[m\256\2029\010\005"
  44      CF4B1B41 
  44      18FDDECC 
  44      66635B6D 
  44      AE823908 
  45 0015 833D1451 		.ascii	"\203=\024Q\377\203\012\365\270\350U\011E\367\250\201"
  45      FF830AF5 
  45      B8E85509 
  45      45F7A881 
  46 0025 50CF4EB2 		.ascii	"P\317N\262n\025O\026k\240\005\011\010Q[\265\261H\025"
  46      6E154F16 
  46      6BA00509 
  46      08515BB5 
  46      B14815
  47 0038 6F31628F 		.ascii	"o1b\217)\275\024\274\224\342a\221\342!\376(\024\253"
  47      29BD14BC 
  47      94E26191 
  47      E221FE28 
  47      14AB
  48 004a AEDFB7C9 		.ascii	"\256\337\267\311\271\003\363}\337<\336{\274\231\261"
  48      B903F37D 
  48      DF3CDE7B 
  48      BC99B1
ARM GAS  e:\temp\cczJcxHc.s 			page 3


  49 0059 0824EB90 		.ascii	"\010$\353\220\333S\356\035\274\241\011j\241F\224kQ\200"
  49      DB53EE1D 
  49      BCA1096A 
  49      A146946B 
  49      5180
  50 006b 0CA60534 		.ascii	"\014\246\0054\2550\215?\352V\241:\033\354\253\3565\303"
  50      AD308D3F 
  50      EA56A13A 
  50      1BECABEE 
  50      35C3
  51 007d EB971F38 		.ascii	"\353\227\03789\343\267\373\232(T\221\023a\015\335\314"
  51      39E3B7FB 
  51      9A285491 
  51      13610DDD 
  51      CC
  52 008e BADC292D 		.ascii	"\272\334)->\322] \236\317k\365\237\217S%c\362\306\024"
  52      3ED25D20 
  52      9ECF6BF5 
  52      9F8F5325 
  52      63F2C614 
  53 00a2 478DF635 		.ascii	"G\215\3665\260\016\315\012\364%\321\223$\006\010\037"
  53      B00ECD0A 
  53      F425D193 
  53      2406081F 
  54 00b2 9012F2C9 		.ascii	"\220\022\362\311\347\273\2456{F\354;\033\246\370\010"
  54      E7BBA536 
  54      7B46EC3B 
  54      1BA6F808 
  55 00c2 5B629687 		.ascii	"[b\226\207*&\014=S\331\261\217v\355\007\212eJK\261 "
  55      2A260C3D 
  55      53D9B18F 
  55      76ED078A 
  55      654A4BB1 
  56 00d7 E2988CB6 		.ascii	"\342\230\214\266\224\270\024\242:o\211\177\256\224t"
  56      94B814A2 
  56      3A6F897F 
  56      AE9474
  57 00e6 1DA07A3D 		.ascii	"\035\240z=\377\343\235-~\236\226\253\024\374\352\267"
  57      FFE39D2D 
  57      7E9E96AB 
  57      14FCEAB7 
  58 00f6 F895F2B5 		.ascii	"\370\225\362\265\216r\336\356\226\337?l\034\347^/\030"
  58      8E72DEEE 
  58      96DF3F6C 
  58      1CE75E2F 
  58      18
  59 0107 8BA12F2B 		.ascii	"\213\241/+o\226P\304rn\006\276\266\260\211$6\220\344"
  59      6F9650C4 
  59      726E06BE 
  59      B6B08924 
  59      3690E4
  60 011a 4C5B8C52 		.ascii	"L[\214R\000\357\246i\247\033\216g\253\007\337\023b\241"
  60      00EFA669 
  60      A71B8E67 
  60      AB07DF13 
  60      62A1
  61 012c 1016EFC2 		.ascii	"\020\026\357\302\004>1;@\376\"\336\240\305<m\211\254"
ARM GAS  e:\temp\cczJcxHc.s 			page 4


  61      043E313B 
  61      40FE22DE 
  61      A0C53C6D 
  61      89AC
  62 013e DE9409C4 		.ascii	"\336\224\011\304\262\177\247o\217!\262\030ZQ\216$\336"
  62      B27FA76F 
  62      8F21B218 
  62      5A518E24 
  62      DE
  63 014f DF26251E 		.ascii	"\337&%\036\231\333\014U\013\020\350\177\261\266\031"
  63      99DB0C55 
  63      0B10E87F 
  63      B1B619
  64 015e 6509FD46 		.ascii	"e\011\375F\276\262\367U\011=\372\225\272\202\274\001"
  64      BEB2F755 
  64      093DFA95 
  64      BA82BC01 
  65 016e BFC89317 		.ascii	"\277\310\223\027\356\244\233}\371\312\035O\017g\246"
  65      EEA49B7D 
  65      F9CA1D4F 
  65      0F67A6
  66 017d B263EE88 		.ascii	"\262c\356\2103\234y\336?2\340\244\007\235\201\264\323"
  66      339C79DE 
  66      3F32E0A4 
  66      079D81B4 
  66      D3
  67 018e FB6C8CAC 		.ascii	"\373l\214\254\211\314\270{\017\325\374\236\003"
  67      89CCB87B 
  67      0FD5FC9E 
  67      03
  68              		.text
  69              		.section	.gnu.lto_DP_HPD_P2_Write.6240b39e,"",%progbits
  70 0000 789C5551 		.ascii	"x\234UQKk\023Q\030\375\316\275\363*\261\340\306U\263"
  70      4B6B1351 
  70      18FDCEBD 
  70      F32AB1E0 
  70      C655B3
  71 0013 28482D05 		.ascii	"(H-\005\221\372\370\007\026\3522X\020\027\301\020\332"
  71      91FAF807 
  71      16EA3258 
  71      1017C110 
  71      DA
  72 0024 AC0C1682 		.ascii	"\254\014\026\202\355\2667o\320M\245\264n4UDZ\255\332"
  72      EDB6376F 
  72      D04DA5B4 
  72      6E345544 
  72      5AADDA
  73 0037 44411045 		.ascii	"DA\020E\306\331\024\021+E\221\012E\244\320\210n\214"
  73      C6D91411 
  73      2B45910A 
  73      45A4D088 
  73      6E8C
  74 0049 D6E2836A 		.ascii	"\326\342\203j\374\276\231\215\271\314}\314\231s\316"
  74      FCBE998D 
  74      B9CC7DCC 
  74      9973CE
  75 0058 3DDF3716 		.ascii	"=\3377\026\201d\234UD\207y\357\341\011MP\323\253DyO"
ARM GAS  e:\temp\cczJcxHc.s 			page 5


  75      81649C55 
  75      448779EF 
  75      E1094D50 
  75      D3AB4479 
  76 006d 0172301E 		.ascii	"\001r0\036hJa\012;\352\217BPm>R\003\013\206\307\207"
  76      684A610A 
  76      3BEA8F42 
  76      506D3E52 
  76      030B86C7 
  77 0082 AD1F8366 		.ascii	"\255\037\203f\321GY\023\265U\350DX\300\000\263>>\251"
  77      D1475913 
  77      B555E844 
  77      58C000B3 
  77      3E3EA9
  78 0095 BE813E00 		.ascii	"\276\201>\000\342s%\330i\305\372o\032S0\346W\322\350"
  78      E27325D8 
  78      69C5FA6F 
  78      1A5330E6 
  78      57D2E8
  79 00a8 B20616A1 		.ascii	"\262\006\026\241Y\201\243q\014\306\211\001\302-\364"
  79      5981A371 
  79      0CC68901 
  79      C22DF4
  80 00b7 0BF95370 		.ascii	"\013\371Sp1\253\017\206\272\225\207\227\332\350\273"
  80      31AB0F86 
  80      BA958797 
  80      DAE8BB
  81 00c6 213AFFF5 		.ascii	"!:\377\365J\367e\343\347{E{\373\177\255\014\346n6\376"
  81      4AF765E3 
  81      E77B457B 
  81      FB7FAD0C 
  81      E66E36FE 
  82 00da CE763B25 		.ascii	"\316v;%I\325\213%\364Eyp\007\016W\010A\226O\372\246"
  82      49D58B25 
  82      F4457970 
  82      070E5708 
  82      41964FFA 
  83 00ef DD2E1A7F 		.ascii	"\335.\032\177\315}\266\356\306\024\337\2524/\332\"\371"
  83      CD7DB6EE 
  83      C614DFAA 
  83      342FDA22 
  83      F9
  84 0100 6C431238 		.ascii	"lC\0228\002\270\262x!\332%,\242\026O\351\304W\245d\327"
  84      02B8B278 
  84      21DA252C 
  84      A2164FE9 
  84      C457A564 
  85 0115 4D04BF2F 		.ascii	"M\004\277/\254\326&\305\277\250\245+s\345\340\225\373"
  85      ACD626C5 
  85      BFA8A52B 
  85      73E5E095 
  85      FB
  86 0126 5D95B515 		.ascii	"]\225\265\025F\337\2766\373|O\364j*\323\306b\350\345"
  86      46DFBE36 
  86      FB7C4FF4 
  86      6A2AD3C6 
  86      62E8E5
ARM GAS  e:\temp\cczJcxHc.s 			page 6


  87 0139 D2D32D6F 		.ascii	"\322\323-o\036W\363%\356\227\215{\210\343.8?\2261\017"
  87      1E57F325 
  87      EE978D7B 
  87      88E32E38 
  87      3F96310F 
  88 014d 6AA2F0AD 		.ascii	"j\242\360\255\272\241\"C\315\236\214\024w+\033\210\020"
  88      BAA12243 
  88      CD9E8C14 
  88      772B1B88 
  88      10
  89 015e 8B41F658 		.ascii	"\213A\366Xo\314\324m\261\325\370\002\324Y\276\211P#"
  89      6FCCD46D 
  89      B1D5F802 
  89      D459BE89 
  89      5023
  90 0170 599925A2 		.ascii	"Y\231%\242V\345m\355L\244\342\307f\325Z\251~E\213\312"
  90      56E56DED 
  90      4CA4E2C7 
  90      66D55AA9 
  90      7E458BCA 
  91 0184 8185068B 		.ascii	"\201\205\006\213:\254]\3461\351\361\366\356\013%$`/"
  91      3AAC5DE6 
  91      31E9F1F6 
  91      EE0B2524 
  91      602F
  92 0196 EE47A49F 		.ascii	"\356G\244\237ND\361\302\000n\347e^\224\371}\355tD\352"
  92      4E44F1C2 
  92      006EE765 
  92      5E94F97D 
  92      ED7444EA 
  93 01aa 8AA060EE 		.ascii	"\212\240`\356\372>\001:*\316\033\023\353,\372\001\027"
  93      FA3E013A 
  93      2ACE1B13 
  93      EB2CFA01 
  93      17
  94 01bb CD1AFA8C 		.ascii	"\315\032\372\214\202\377nX\004\341\237l)H\203\271\335"
  94      82FF6E58 
  94      04E19F6C 
  94      294883B9 
  94      DD
  95 01cc FB8733E7 		.ascii	"\373\2073\3472\271\364\371\314Xjd|\"7\232I&F\306\217"
  95      32B9F4F9 
  95      CC586A64 
  95      7C22379A 
  95      492646C6 
  96 01e1 1F4B0E25 		.ascii	"\037K\016%R'\022C\251\304\221C\243dO\246\263\023\031"
  96      52271243 
  96      A9C49143 
  96      A3644FA6 
  96      B31319
  97 01f4 7B2C772A 		.ascii	"{,w*\235\375\007f\306\324\235"
  97      9DFD0766 
  97      C6D49D
  98              		.text
  99              		.section	.gnu.lto_DP_HPD_P2_Read.6240b39e,"",%progbits
 100 0000 789C2D4F 		.ascii	"x\234-O\277KBQ\024>\337\275O\023\243\277 \207 \032\\"
 100      BF4B4251 
ARM GAS  e:\temp\cczJcxHc.s 			page 7


 100      143EDFBD 
 100      4F13A3BF 
 100      2087201A 
 101 0015 22AAA5A9 		.ascii	"\"\252\245\251!\251\306Gn!H\330[\023\244f\257\276\367"
 101      21A9C647 
 101      6E2148D8 
 101      5B13A466 
 101      AFBEF7
 102 0028 0CA2A1A5 		.ascii	"\014\242\241\245\202(\334R\373Ae\341l\022\024\004\375"
 102      8228DC52 
 102      FB4165E1 
 102      6C121404 
 102      FD
 103 0039 585A5A22 		.ascii	"XZZ\"\304\241)\245\020\242\262s}\035\270\347\334s\316"
 103      C4A129A5 
 103      10A2B273 
 103      7D1DB8E7 
 103      DC73CE
 104 004c 77BEEF1C 		.ascii	"w\276\357\034\203@\332&9\014q\354\347\007I\020\033w"
 104      8340DA26 
 104      390C71EC 
 104      E7074910 
 104      1B77
 105 005e 44998000 		.ascii	"D\231\200\000\364G\005@i\2014>\305\217\300m\373f=\030"
 105      F4470540 
 105      6981343E 
 105      C58FC06D 
 105      FB663D18 
 106 0072 2E289555 		.ascii	".(\225U/\356\376\304v\261\012W\022u\004a,\204\221\220"
 106      2FEEFEC4 
 106      76B10A57 
 106      12750461 
 106      2C849190 
 107 0086 A628204C 		.ascii	"\246( L\014}=\373\335\354\363;\212m@\003\270S\204_K"
 107      0C7D3DFB 
 107      DDECF33B 
 107      8A6D4003 
 107      B853845F 
 108 009b 9ECC5555 		.ascii	"\236\314UU\247c\253\352y\360\262\022\344\222+Y\227\235"
 108      A763ABEA 
 108      79F0B212 
 108      E4922B59 
 108      979D
 109 00ad A19D8F34 		.ascii	"\241\235\2174#\275\363\204\326o\012\241\243l\240\366"
 109      23BDF384 
 109      D66F0AA1 
 109      A36CA0F6 
 110 00bd B5F6549A 		.ascii	"\265\366T\232\327$\266\224,\260\345\326\356{>\204+\005"
 110      D724B694 
 110      2CB0E5D6 
 110      EE7B3E84 
 110      2B05
 111 00cf B4DE43B3 		.ascii	"\264\336C\263R\016x\251\223\333P\006\227\332\345\235"
 111      520E78A9 
 111      93DB5006 
 111      97DAE59D 
 112 00df E7DE3CF6 		.ascii	"\347\336<\3662\016o)q\200\020J\340\035q\210<\250\001"
ARM GAS  e:\temp\cczJcxHc.s 			page 8


 112      320E6F29 
 112      7180104A 
 112      E01D7188 
 112      3CA801
 113 00f2 BB354DB6 		.ascii	"\2735M\266\204G\367\350\234\356J=o\300\300\021\303\270"
 113      8447F7E8 
 113      9CEE4A3D 
 113      6FC0C011 
 113      C3B8
 114 0104 FF9DABFB 		.ascii	"\377\235\253\373=A\203q\014\272\270\272\316uE\300v\334"
 114      3D418371 
 114      0CBAB8BA 
 114      CE7545C0 
 114      76DC
 115 0116 05655BAB 		.ascii	"\005e[\253ux \037\343\350\015\342?\243\356\031\320\353"
 115      7578201F 
 115      E3E80DE2 
 115      3FA3EE19 
 115      D0EB
 116 0128 F3318333 		.ascii	"\3631\2033\326\222\225ZX\266\026\343\321\344J*a\305"
 116      D692955A 
 116      58B616E3 
 116      D1E44A2A 
 116      61C5
 117 013a CC68726A 		.ascii	"\314hrj<\0261\343\263f$n\216\016'\350\017\221Nt\251"
 117      3C1631E3 
 117      B366246E 
 117      8E0E27E8 
 117      0F914E74 
 118              		.text
 119              		.section	.gnu.lto_DP_HPD_P2_ReadDataReg.6240b39e,"",%progbits
 120 0000 789C2D8F 		.ascii	"x\234-\217MKBA\024\206\317;s\265K\326/\310E\020-\334"
 120      4D4B4241 
 120      1486CF3B 
 120      73B54BD6 
 120      2FC84510 
 121 0016 44549B56 		.ascii	"DT\233V-\222jy\311]\010\022v\267\011RkG\257\327 Z\270"
 121      2D926A79 
 121      C95D0812 
 121      76B70952 
 121      6B47AFD7 
 122 002d B1167DD8 		.ascii	"\261\026}\330NK\243\242\326a\022TDE\377 \302\\\264*"
 122      4E4BA3A2 
 122      D6611254 
 122      4445FF20 
 122      C25CB42A 
 123 0041 FB82A8EC 		.ascii	"\373\202\250\354\214v`\316\2319\363\314\373\2361\010"
 123      8C7660CE 
 123      9939F3CC 
 123      FB9E3108 
 124 0051 A4638C4B 		.ascii	"\244c\214K?\327\036^\220\004\221\275!J\232\002\320\033"
 124      3FD71E5E 
 124      900491BD 
 124      214A9A02 
 124      D01B
 125 0063 65821202 		.ascii	"e\202\022\002\011\274\213\037\201\253\317\213\225\316"
 125      09BC8B1F 
ARM GAS  e:\temp\cczJcxHc.s 			page 9


 125      81ABCF8B 
 125      95CE
 126 0071 4041A994 		.ascii	"@A\251\224\272w\217F\327\212\025\270\222\250)\010\303"
 126      BA778F46 
 126      D78A15B8 
 126      92A82908 
 126      C3
 127 0082 7E0CFAB5 		.ascii	"~\014\372\265D\001\001b\364\341\3607\327\355M+\216^"
 127      44010162 
 127      F4E1F037 
 127      D7ED4D2B 
 127      8E5E
 128 0094 0DF04D11 		.ascii	"\015\360M\021^m\271?]Q\315\246\243*\353\276\323-\037"
 128      5E6DB93F 
 128      5D51CDA6 
 128      A32AEBBE 
 128      D32D1F
 129 00a7 B75CC9BE 		.ascii	"\267\\\311\276\234\014\235<\244\025\351\231_h\377\027"
 129      9C0C9D3C 
 129      A415E999 
 129      5F68FF17 
 130 00b7 21749575 		.ascii	"!t\225uT\277\226?\3123Z\304\221\222\015V\335\352m\307"
 130      54BF963F 
 130      CA335AC4 
 130      91920D56 
 130      DDEA6DC7 
 131 00cb 9B70A580 		.ascii	"\233p\245\200\366{\335\316]v\265\217*\223U\006\267\256"
 131      F67BDDCE 
 131      5D76B58F 
 131      2A935506 
 131      B7AE
 132 00dd 4B278F66 		.ascii	"K'\217f\036\233\3114O)\261\013?v\3003\242\204<\250\016"
 132      1E9BC934 
 132      4F29B10B 
 132      3F76C033 
 132      A2843CA8 
 133 00f2 A731418E 		.ascii	"\2471A\216D[\356.}\260!\365{\003\006\312\214\361\375"
 133      445BEE2E 
 133      7DB021F5 
 133      7B0306CA 
 133      8CF1FD
 134 0105 77A6E66D 		.ascii	"w\246\346m\033\032\3141t|v\23615\004\216\275\026\224"
 134      1B1ACC31 
 134      747C769E 
 134      3135048E 
 134      BD1694
 135 0118 6A2CD5D0 		.ascii	"j,\325\320\206<\314\321\023\304\377\211Z\337\200\036"
 135      863CCCD1 
 135      13C4FF89 
 135      5ADF801E 
 136 0128 9F3FD337 		.ascii	"\237?\3237i\317\333\361\331\005{.\022\212-\306\243v"
 136      69CFDBF1 
 136      D9057B2E 
 136      128A2DC6 
 136      A376
 137 013a D80AC5C6 		.ascii	"\330\012\305\306G\302A+2e\005#\326\320@\224\376\000"
 137      47C2412B 
ARM GAS  e:\temp\cczJcxHc.s 			page 10


 137      32650523 
 137      D6D04094 
 137      FE00
 138 014c 615B746D 		.ascii	"a[tm"
 139              		.text
 140              		.section	.gnu.lto_DP_HPD_P2_SetInterruptMode.6240b39e,"",%progbits
 141 0000 789C6D51 		.ascii	"x\234mQMh\023A\024~of\223\335$m\364\346\301\036\002"
 141      4D681341 
 141      147E6F66 
 141      93DD246D 
 141      F4E6C11E 
 142 0015 52432F8A 		.ascii	"RC/\212\322\233\307\026\364$\301^\013\241\264Qr0\221"
 142      D29BC716 
 142      F424C15E 
 142      0BA1B451 
 142      723091
 143 0028 18CF9D64 		.ascii	"\030\317\235d\223\024\212\225\242\030\260X\202\312\322"
 143      93148A95 
 143      A218B058 
 143      82CAD2
 144 0037 68D5366D 		.ascii	"h\3256mU\354i\015zP\264RE\374E\244\245)\324\036\322"
 144      55EC690D 
 144      7A50B452 
 144      45FC45A4 
 144      A529D41E 
 145 004c 1F51441B 		.ascii	"\037QD\033\337\333\315\245\340\300\356\314\373\370\276"
 145      DFDBCDA5 
 145      E0C0EECC 
 145      FBF8BE
 146 005b 6FBEF746 		.ascii	"o\276\367F\003\004^e\001p\214\366\375\364\241\004\024"
 146      03045E65 
 146      01708CF6 
 146      FDF4A104 
 146      14
 147 006c A30B0019 		.ascii	"\243\013\000\031C \362A\031\010\203\002\007\361\207"
 147      4320F241 
 147      19088302 
 147      07F187
 148 007b F82BB03A 		.ascii	"\370+\260:T{,:&\024\255o+\253GT\331\306\274\004h\010"
 148      547B2C3A 
 148      2614AD6F 
 148      2BAB4754 
 148      D9C6BC04 
 149 0091 C7097002 		.ascii	"\307\011p\002;\210\365\254\361\323\336\263-\362\022"
 149      3B88F5AC 
 149      F1D3DEB3 
 149      2DF212
 150 00a0 91456FEA 		.ascii	"\221Eo\352/\307\003\\\012\334K\345\330\232U\014\312"
 150      2FC7035C 
 150      0ADC4BE5 
 150      D89A550C 
 150      CA
 151 00b1 8308745E 		.ascii	"\203\010t^\235\273\371\336\037\266\224\312*U\351S\236"
 151      9DBBF9DE 
 151      1FB694CA 
 151      2A55E953 
 151      9E
ARM GAS  e:\temp\cczJcxHc.s 			page 11


 152 00c2 BC947807 		.ascii	"\274\224x\007%\371\341ml\3032\266\001A\200\223\030&"
 152      25F9E16D 
 152      6CC332B6 
 152      01418093 
 152      1826
 153 00d4 F6D6AC75 		.ascii	"\366\326\254u% \017;\312M\3232[\232\312\255\246\362"
 153      25200F3B 
 153      CA4DD332 
 153      5B9ACAAD 
 153      A6F2
 154 00e6 EE7F94F7 		.ascii	"\356\177\224\3670\314\364\305\334\364u\351F\322\250"
 154      30CCF4C5 
 154      DCF475E9 
 154      46D2A8
 155 00f5 DC7835B6 		.ascii	"\334x5\266\034t#\205\250\234\264\336YBv:\306\303\037"
 155      1C742385 
 155      A89CB4DE 
 155      5942763A 
 155      C6C31F
 156 0108 2FCFB4B6 		.ascii	"/\317\264\266\337bc\373\355\245\3405e\347By\251\341"
 156      DF6263FB 
 156      EDA5E035 
 156      65E74279 
 156      A9E1
 157 011a B46B3E45 		.ascii	"\264k>E\346\367\311\234\027\261\227*;W[\2759\036H\010"
 157      E6F7C99C 
 157      17B1972A 
 157      3B575BBD 
 157      391E4808 
 158 012e 2BD8EE8E 		.ascii	"+\330\356\216\002g\320K\303EF\246N\331\252\3210\225"
 158      0267D04B 
 158      C34546A6 
 158      4ED9AAD1 
 158      3095
 159 0140 BD187CF2 		.ascii	"\275\030|\362)\330\"(\226\207RPG\032\037=\374\363\002"
 159      29D82228 
 159      96875250 
 159      471A1F3D 
 159      FCF302
 160 0153 3375E4B4 		.ascii	"3u\344\264\006\001^\037\243~\376\001\324\311\221_bC"
 160      06015E1F 
 160      A37EFE01 
 160      D4C9915F 
 160      6243
 161 0165 08DE650D 		.ascii	"\010\336e\015\253\277\207\277\316G\370\022S\362\200"
 161      ABBF87BF 
 161      CE47F812 
 161      53F280
 162 0174 8BF9EA6B 		.ascii	"\213\371\352k\235\273\321\235\016^\224\226\027\244["
 162      9DBBD19D 
 162      0E5E9496 
 162      17A45B
 163 0183 5E2C8C2A 		.ascii	"^,\214*\356\367\373\310\363GZ\011\30739z/\003\347\250"
 163      EEF7FBC8 
 163      F3475A09 
 163      C733397A 
 163      2F03E7A8 
ARM GAS  e:\temp\cczJcxHc.s 			page 12


 164 0197 89596E02 		.ascii	"\211Yn\002\037`\011\241\206\331\315\241u\217k\250\231"
 164      1F6009A1 
 164      86D9CDA1 
 164      758F6BA8 
 164      99
 165 01a8 34364276 		.ascii	"46Bv\012_4\027\361\020H\210\371\247\260\216.\302\367"
 165      0A5F3417 
 165      F1104888 
 165      F9A7B08E 
 165      2EC2F7
 166 01bb 120E4B28 		.ascii	"\022\016K(\234V)<\201.\2476\377\241\3112\310\311\224"
 166      9C56293C 
 166      812EA736 
 166      FFA1C932 
 166      C8C994
 167 01ce BA63AFBB 		.ascii	"\272c\257\273\220\217P\246\375*<m\232\373\0357\037\201"
 167      908F50A6 
 167      FD2A3C6D 
 167      9AFB1D37 
 167      1F81
 168 01e0 D5E28D7D 		.ascii	"\325\342\215}\214\355\212\233Q*\260;\361CJL2X\303\254"
 168      8CED8A9B 
 168      512AB03B 
 168      F1434A4C 
 168      3258C3AC 
 169 01f4 FDF9240B 		.ascii	"\375\371$\013\234\267\250\013\344\351\320\254\016\034"
 169      9CB7A80B 
 169      E4E9D0AC 
 169      0E1C
 170 0202 8F2562A9 		.ascii	"\217%b\251\276tl \332\223\274\220\352\217\365Fz\222"
 170      BE746C20 
 170      DA93BC90 
 170      EA8FF546 
 170      7A92
 171 0214 5D9DBDDD 		.ascii	"]\235\275\335\221\350\211Hw4r\364P?\030\347\222\347"
 171      91E88948 
 171      773472F4 
 171      503F18E7 
 171      92E7
 172 0226 E3E97832 		.ascii	"\343\351x2\241\235M\016\304\364x\"\235\352:}\346\037"
 172      A19D4D0E 
 172      C4F47822 
 172      9DEA3A7D 
 172      E61F
 173 0238 94CAEE03 		.ascii	"\224\312\356\003"
 174              		.text
 175              		.section	.gnu.lto_DP_HPD_P2_ClearInterrupt.6240b39e,"",%progbits
 176 0000 789C5590 		.ascii	"x\234U\220?H\233A\030\306\337\347\356\213\011\376Aw"
 176      3F489B41 
 176      18C6DFE7 
 176      EE8B09FE 
 176      4177
 177 0012 3308A2E0 		.ascii	"3\010\242\340\"\242\016:W\250c0\213\203\020\202~\223"
 177      22A20E3A 
 177      57A86330 
 177      8B831082 
 177      7E93
ARM GAS  e:\temp\cczJcxHc.s 			page 13


 178 0024 B482C6B5 		.ascii	"\264\202\306\265^L\276\024Dh\026\315bp\020\214\377\377"
 178      5E4CBE14 
 178      446816CD 
 178      6270108C 
 178      FFFF
 179 0036 0C4E12FD 		.ascii	"\014N\022\375L\213\010\255\226:\264SAT\034\204\202\225"
 179      4C8B08AD 
 179      963AB453 
 179      41541C84 
 179      8295
 180 0048 5669ABC6 		.ascii	"Vi\253\306\367\315\327A\017\216\273{\356}~\367\274g"
 180      F7CDD741 
 180      0F8EBB7B 
 180      EE7D7EF7 
 180      BC67
 181 005a 1148C677 		.ascii	"\021H\306w^Zy\255\345\011MP\351#\242x@\001\2621\001"
 181      5E5A79AD 
 181      E5094D50 
 181      E923A278 
 181      4001B231 
 182 006f D098C218 		.ascii	"\320\230\302\030~\253{\205\217\267\007\223\345M9c\306"
 182      7EAB7B85 
 182      8FB70793 
 182      E54D3963 
 182      C6
 183 0080 CD8973DB 		.ascii	"\315\211s\333\231Yp\341h\242\242\"\264\005\321\022\024"
 183      995970E1 
 183      68A2A222 
 183      B405D112 
 183      14
 184 0091 440E4DC4 		.ascii	"D\016M\304\245gk\377rU\272\021\262?\234\377\261\205"
 184      A5676BFF 
 184      7255BA11 
 184      B23F9CFF 
 184      B185
 185 00a3 8639B1B9 		.ascii	"\2069\261\271\371w\225\031\343\306\353\330\207\005\350"
 185      F9779519 
 185      E3C6EBD8 
 185      8705E8
 186 00b2 A75692DA 		.ascii	"\247V\222\332\323\315\207\251\252\262\244\341Q\207E"
 186      D3CD87A9 
 186      AAB2A4E1 
 186      518745
 187 00c1 34089CA9 		.ascii	"4\010\234\251K(\343\234\020e\275\3075\305b\302\270\333"
 187      4B28E39C 
 187      1065BDC7 
 187      35C562C2 
 187      B8DB
 188 00d3 D57BC7D5 		.ascii	"\325{\307\325\001E\216\346\334\216V\026\311\265O\316"
 188      01458EE6 
 188      DC8E5616 
 188      C9B54FCE 
 189 00e3 7E925C74 		.ascii	"~\222\\t\305^\351\342\247R\262\352\013\024\376N\334"
 189      C55EE9E2 
 189      A752B2EA 
 189      0B14FE4E 
 189      DC
ARM GAS  e:\temp\cczJcxHc.s 			page 14


 190 00f4 E4DF082E 		.ascii	"\344\337\010.\241\245\243i\247\360\331\377K9Z\227\222"
 190      A1A5A369 
 190      A7F0D9FF 
 190      4B395A97 
 190      92
 191 0105 7E7DBF9B 		.ascii	"~}\277\233-\367\216\351T\332X,\3759\374v\216Yd\343I"
 191      2DF78EE9 
 191      54DA582C 
 191      FD39FC76 
 191      8E5964E3 
 192 011a EED5C20A 		.ascii	"\356\325\302\012\202X\006\307\305*\253t\201\361\353"
 192      825806C7 
 192      C52AAB74 
 192      81F1EB
 193 0129 B777CA03 		.ascii	"\267w\312\003jf\262\222\270K}\200\247X,2\343\370\352"
 193      6A66B292 
 193      B84B7D80 
 193      A7582C32 
 193      E3F8EA
 194 013c 53B642B0 		.ascii	"S\266B\260\0125Xc\367)J\026\311\313E\036\345!\337\353"
 194      0A355863 
 194      F7294A16 
 194      C9CB451E 
 194      E521DFEB 
 195 0150 997C9E54 		.ascii	"\231|\236T\230.A\236E\210\033\343{\236b\235/\330\"\317"
 195      982E419E 
 195      45881BE3 
 195      7B9E629D 
 195      2FD822CF 
 196 0164 5EA7F677 		.ascii	"^\247\366w:<\204\237\021l\374\222\334\230\321\362\256"
 196      3A3C849F 
 196      116CFC92 
 196      DC98D1F2 
 196      AE
 197 0175 0F1636B8 		.ascii	"\017\0266\270\376\022\377\243\372\251\364=\220o\341"
 197      FE12FFA3 
 197      FAA9F43D 
 197      906FE1
 198 0184 4FAA7F69 		.ascii	"O\252\177i\277\266\207\2431{ \022\036\032\035\356\267"
 198      BFB687A3 
 198      317B2012 
 198      1E1A1DEE 
 198      B7
 199 0195 FB42E1A1 		.ascii	"\373B\341\241\027\355}]\241Hw\250+\022jm\356\247\312"
 199      17ED7D5D 
 199      A14877A8 
 199      2B126A6D 
 199      EEA7CA
 200 01a8 57D19141 		.ascii	"W\321\221A{ \034\213\306FG\036\001\027.\254\252"
 200      7B201C8B 
 200      C646471E 
 200      01172EAC 
 200      AA
 201              		.text
 202              		.section	.gnu.lto_.symbol_nodes.6240b39e,"",%progbits
 203 0000 789C6361 		.ascii	"x\234ca`d\310`\000\002&\206z\006\206\011\347\030@\324"
 203      6064C860 
ARM GAS  e:\temp\cczJcxHc.s 			page 15


 203      00022686 
 203      7A068609 
 203      E71840D4 
 204 0014 AE0645A0 		.ascii	"\256\006E\240\000c=#\252\000S=\023\252\000s=3\252\000"
 204      00633D23 
 204      AA00533D 
 204      13AA0073 
 204      3D33AA00 
 205 0028 4B3D0BAA 		.ascii	"K=\013\252\000k=+\212\000\003\000\305\333\026\342"
 205      006B3D2B 
 205      8A000300 
 205      C5DB16E2 
 206              		.text
 207              		.section	.gnu.lto_.refs.6240b39e,"",%progbits
 208 0000 789C6361 		.ascii	"x\234ca`\004B \000\000\0009\000\007"
 208      60044220 
 208      00000039 
 208      0007
 209              		.text
 210              		.section	.gnu.lto_.decls.6240b39e,"",%progbits
 211 0000 789C8D54 		.ascii	"x\234\215ToL[U\024\277\347\275\266\203G;\0262\027b\372"
 211      6F4C5B55 
 211      14BFE7BD 
 211      B683473B 
 211      16321762 
 212 0015 013129FD 		.ascii	"\0011)\375D\004\214\321/\306\004\3420QGF\234_\226\220"
 212      44048CD1 
 212      2FC604E2 
 212      30514746 
 212      9C5F9690 
 213 0029 0E5E2689 		.ascii	"\016^&\211\201\245\026\223}1\327\261\215\375q\031&N"
 213      81A51693 
 213      7D31D7B1 
 213      8DFD7119 
 213      264E
 214 003b C18C38D6 		.ascii	"\301\2148\326M\3717\240\203\002\355\334\3506\3126\350"
 214      4DF937A0 
 214      8302EDDC 
 214      E836CA36 
 214      E8
 215 004c C65A5DB2 		.ascii	"\306Z]\262\2718@d*\233\212\213N\247\231\317s\357}\355"
 215      B9384064 
 215      2A9B8A8B 
 215      4EA799CF 
 215      73EF7DED 
 216 0060 7B6C2572 		.ascii	"{l%r\323s\357;\367\235\363;\277\363{'\265\020 liVB\026"
 216      D373EF3B 
 216      F79DF33B 
 216      BFF37B27 
 216      B510206C 
 217 0078 F0EC4157 		.ascii	"\360\354AW\303\265\012\2377\021c\331\320\006\320\202"
 217      C3B50A9F 
 217      371163D9 
 217      D006D082 
 218 0088 68236861 		.ascii	"h#ha\2641\264q\362\370\032\320\343Y~/Z\001Z\002-\216"
 218      B431B471 
 218      F2F81AD0 
ARM GAS  e:\temp\cczJcxHc.s 			page 16


 218      E3597E2F 
 218      5A015A02 
 219 009e B6418F01 		.ascii	"\266A\217\001=\356\321\305\360W=\222\353\\&?\230&\237"
 219      3DEED1C5 
 219      F0573D92 
 219      EB5C263F 
 219      98269F
 220 00b1 71B3FE4F 		.ascii	"q\263\376O\335\2214y\341\025\344\205\323\3441\0152u"
 220      DD913479 
 220      E115E485 
 220      D3E4310D 
 220      3275
 221 00c3 BE39686B 		.ascii	"\2769hk\321F\321b:\216\313\204\225\304\031K\203\303"
 221      D146D162 
 221      3A8ECB84 
 221      95C4194B 
 221      83C3
 222 00d5 74B4ADA0 		.ascii	"t\264\255\240\347tz?\224@k\353\355\310\274\0117@\002"
 222      E7747A3F 
 222      94406BEB 
 222      EDC8BC09 
 222      374002
 223 00e8 FD831200 		.ascii	"\375\203\022\000\261\0037\"\214\273\370 \361\235\244"
 223      B1033722 
 223      8CBBF820 
 223      F19DA4
 224 00f7 AE520761 		.ascii	"\256R\007a;\021\361\374\316\000\343\277\344\251%\027"
 224      3B11F1FC 
 224      CE00E3BF 
 224      E4A92517 
 225 0107 0731D041 		.ascii	"\0071\320AO\202\024\003\221%\336Kz\030\021\340\222\221"
 225      4F821403 
 225      9125DE4B 
 225      7A1811E0 
 225      9291
 226 0119 60C21374 		.ascii	"`\302\023tM\234`iO\220l\272\361\372\302>EFL|\236~\320"
 226      4D9C6069 
 226      4F906CBA 
 226      F1FAC23E 
 226      45464C7C 
 227 0130 F172610F 		.ascii	"\361ra\017\305\325L\251\364\202\241L\337\256\357;3~"
 227      C5D54CA9 
 227      F482A14C 
 227      DFAEEF3B 
 227      337E
 228 0142 97C0A980 		.ascii	"\227\300\251\200\006\314\277\033z\340\020>{\335\372"
 228      06CCBF1B 
 228      7AE0103E 
 228      7BDDFA
 229 0151 E1DCBF59 		.ascii	"\341\334\277Yr>{\226\276\232\353\376\311\002n\345s\006"
 229      723E7B96 
 229      BE9AEBFE 
 229      C9026EE5 
 229      7306
 230 0163 331308BC 		.ascii	"3\023\010\274\030\242t\015\364\202\002= C'\024\262\342"
 230      18A2740D 
 230      F482023D 
ARM GAS  e:\temp\cczJcxHc.s 			page 17


 230      20432714 
 230      B2E2
 231 0175 4E05F73D 		.ascii	"N\005\367=\224\356\240\213G\251-\227@\211\023\236q\022"
 231      94EEA08B 
 231      47A92D97 
 231      4089139E 
 231      7112
 232 0187 38016E86 		.ascii	"8\001n\206\311\242\240\033\234\320\005N\206?\377\311"
 232      C9A2A01B 
 232      9CD0054E 
 232      863FFFC9 
 233 0197 67776C16 		.ascii	"gwl\026\011\023\031\316\026\013\273\213j\177F\262\221"
 233      091319CE 
 233      160BBB8B 
 233      6A7F46B2 
 233      91
 234 01a8 428E0212 		.ascii	"B\216\002\022\272\211\305X[\026\272k\025X\203\356\225"
 234      BA89C558 
 234      5B16BA6B 
 234      155883EE 
 234      95
 235 01b9 8F6E2420 		.ascii	"\217n$ \367c\306\2016\322<\0116\255\203\000\002\366"
 235      F763C681 
 235      36D23C09 
 235      36AD8300 
 235      02F6
 236 01cb 23208193 		.ascii	"# \201\223\220\213{\037XDw\275_G\177\265\347\037\241"
 236      908B7B1F 
 236      584477BD 
 236      5F477FB5 
 236      E71FA1
 237 01de 47FAE94C 		.ascii	"G\372\351Lp\367\253\355\376\335\364*\346\275\304\003"
 237      70F7ABED 
 237      FEDDF42A 
 237      E6BDC403 
 238 01ee A1C3A08D 		.ascii	"\241\303\240\215\217\354\370\002n\242\230\003\220\217"
 238      8FECF802 
 238      6EA29803 
 238      908F
 239 01fc B9C199F6 		.ascii	"\271\301\231\366)\207\\\307e\210\1777u\314\"p\"\243"
 239      29875CC7 
 239      65887F37 
 239      75CC2270 
 239      22A3
 240 020e 4D722B8D 		.ascii	"Mr+\215\354@\030\211\243\014\032(\203f\224 G\361Oj\307"
 240      EC401889 
 240      A30C1A28 
 240      83669420 
 240      47F14F6A 
 241 0223 1CF27B1C 		.ascii	"\034\362{\034\245\255\331\337\225e\246\316z6\270\017"
 241      A5ADD9DF 
 241      9565A6CE 
 241      7A36B80F 
 242 0233 73EE5B74 		.ascii	"s\356[t\352\357\037\2707\"\351%\003\023FI\214\202!\243"
 242      EAEF1FB8 
 242      3722E925 
 242      03134649 
ARM GAS  e:\temp\cczJcxHc.s 			page 18


 242      8C8221A3 
 243 0247 E490B9E4 		.ascii	"\344\220\271\344\010/\331?|\372\007\213|\000x\315\331"
 243      082FD93F 
 243      7CFA078B 
 243      7C0078CD 
 243      D9
 244 0258 AEE301AB 		.ascii	"\256\343\001\253\016\3232i\027\355s\220\220\001\022"
 244      0ED33269 
 244      17ED7390 
 244      900112
 245 0267 32838439 		.ascii	"2\203\2049\310\303\330\037\3733d\277\0009\376\367?\213"
 245      C8C3D81F 
 245      FB3364BF 
 245      0039FEF7 
 245      3F8B
 246 0279 327E0217 		.ascii	"2~\002\027\016\211&\233\246\304%\246\244\243}|@\221"
 246      0E89269B 
 246      A6C425A6 
 246      A4A37D7C 
 246      4091
 247 028b CFF060E9 		.ascii	"\317\360`\351\227\301\013\327\035\240\270\371\020`\237"
 247      97C10BD7 
 247      1DA0B8F9 
 247      10609F
 248 029a 8A9BA49A 		.ascii	"\212\233\244\232\204\010\216\201K\037\203\323x\371%"
 248      84088E81 
 248      4B1F83D3 
 248      78F925
 249 02a9 5EEAF314 		.ascii	"^\352\363\024\024\3634\212\232\2341\250\271\024!G\213"
 249      14F3348A 
 249      9A9C31A8 
 249      B9142147 
 249      8B
 250 02ba FFA09BCF 		.ascii	"\377\240\233\317\311hjN\316\236\270\035SRwg\201_\036"
 250      C9686A4E 
 250      CE9EB81D 
 250      53527767 
 250      815F1E
 251 02cd FDF1CE90 		.ascii	"\375\361\316\220c\331\3618\317%>\227\034\217\203\327"
 251      63D9F138 
 251      CF253E97 
 251      1C8F83D7 
 252 02dd 160E3992 		.ascii	"\026\0169\222\3431\276a\356$\245\2730\317\302\342\340"
 252      E331BE61 
 252      EE24A5BB 
 252      30CFC2E2 
 252      E0
 253 02ee 9441E294 		.ascii	"\224A\342\224Y\2371\256\317\375\246\246Y\220\243B\237"
 253      599F31AE 
 253      CFFDA6A6 
 253      5990A342 
 253      9F
 254 02ff BEDB7B7F 		.ascii	"\276\333{\177\316\320E\016M-\375VQ\003&j\206\031\347"
 254      CED0450E 
 254      4D2DFD56 
 254      5103266A 
 254      8619E7
ARM GAS  e:\temp\cczJcxHc.s 			page 19


 255 0312 30F19DFD 		.ascii	"0\361\235\375\207e1\353\026t\177\273\374\351\334j1\353"
 255      876531EB 
 255      16747FBB 
 255      FCE9DC6A 
 255      31EB
 256 0324 79E87E7B 		.ascii	"y\350~{\261\263\233\275-`\272kZ\266I\371\002\241\374"
 256      B1B39BBD 
 256      2D60BA6B 
 256      5AB649F9 
 256      02A1FC
 257 0337 C4F4FCBD 		.ascii	"\304\364\374\275L\371\226P>\321zw\332\226T\276\271\221"
 257      4CF99650 
 257      3ED17A77 
 257      DA9654BE 
 257      B991
 258 0349 E69413B8 		.ascii	"\346\224\023\270\210\275_`\312_F\345\013t\345'\360\362"
 258      88BD5F60 
 258      CA5F46E5 
 258      0B74E527 
 258      F0F2
 259 035b 92A17C48 		.ascii	"\222\241|H(\037C\025'\015\266\005\272\362{g\017}cU\366"
 259      281F4315 
 259      270DB605 
 259      BAF27B67 
 259      0F7D6355 
 260 0370 30395782 		.ascii	"09W\202\211\031\341[\364\260U\236\027\244\256\355\037"
 260      8919E15B 
 260      F4B0559E 
 260      17A4AEED 
 260      1F
 261 0381 6E9193FF 		.ascii	"n\221\223\377\032\221\370B\371NJ\001\342Xk\312\250u"
 261      1A91F842 
 261      F94E4A01 
 261      E2586BCA 
 261      A875
 262 0393 05F4BF8D 		.ascii	"\005\364\277\215\307k\\M_\343\376_\227>\260\333\367"
 262      C76B5C4D 
 262      5FE3FE5F 
 262      973EB0DB 
 262      F7
 263 03a4 A53AE588 		.ascii	"\245:\345\210\311$\002\011\260\363?Dv\256+\253\250*"
 263      C9240209 
 263      B0F33F44 
 263      76AE2BAB 
 263      A82A
 264 03b6 AF28ABAA 		.ascii	"\257(\253\252(\256\252T}e\336\332w\325\327\352k\324"
 264      28AEAA54 
 264      7D65DEDA 
 264      77D5D7EA 
 264      6BD4
 265 03c8 8CF5AFBF 		.ascii	"\214\365\257\277\221WZTD\254\015\265u\276\347\237Z\257"
 265      91575A54 
 265      44AC0DB5 
 265      75BEE79F 
 265      5AAF
 266 03da D6A95E8F 		.ascii	"\326\251^\217O\255\251\252\254o\360V\253\233+*\353K"
 266      4FADA9AA 
ARM GAS  e:\temp\cczJcxHc.s 			page 20


 266      AC6FF056 
 266      AB9B2B2A 
 266      EB4B
 267 03ec 9FDD5CBD 		.ascii	"\237\335\\\275\335\267}\233\372N\341[\344\351e\"R\360"
 267      DDB77D9B 
 267      FA4EE15B 
 267      E4E96522 
 267      52F0
 268 03fe 85D524DB 		.ascii	"\205\325$\333\250\365\246\267\326\247\2566\374\215\252"
 268      A8F5A6B7 
 268      D6A7AE36 
 268      FC8DAA
 269 040d A7E689A5 		.ascii	"\247\346\211\245n\231\307\347\331\250n}r\011\301W\352"
 269      6E99C7E7 
 269      D9A86E7D 
 269      7209C157 
 269      EA
 270 041e 7CAAD7DB 		.ascii	"|\252\327\333\260\315\307H\332\030\267\242\347r\215"
 270      B0CDC748 
 270      DA18B7A2 
 270      E7728D
 271 042d 88D2B755 		.ascii	"\210\322\267U\2177\025\303\337\227\024[\275\352\326"
 271      8F3715C3 
 271      DF97145B 
 271      BDEAD6
 272 043c 92E2FF00 		.ascii	"\222\342\377\000z\\\035\356"
 272      7A5C1DEE 
 273              		.text
 274              		.section	.gnu.lto_.symtab.6240b39e,"",%progbits
 275 0000 44505F48 		.ascii	"DP_HPD_P2_SetDriveMode\000"
 275      50445F50 
 275      325F5365 
 275      74447269 
 275      76654D6F 
 276 0017 00       		.ascii	"\000"
 277 0018 00       		.ascii	"\000"
 278 0019 00       		.ascii	"\000"
 279 001a 00000000 		.ascii	"\000\000\000\000\000\000\000\000"
 279      00000000 
 280 0022 B3000000 		.ascii	"\263\000\000\000"
 281 0026 44505F48 		.ascii	"DP_HPD_P2_Write\000"
 281      50445F50 
 281      325F5772 
 281      69746500 
 282 0036 00       		.ascii	"\000"
 283 0037 00       		.ascii	"\000"
 284 0038 00       		.ascii	"\000"
 285 0039 00000000 		.ascii	"\000\000\000\000\000\000\000\000"
 285      00000000 
 286 0041 B5000000 		.ascii	"\265\000\000\000"
 287 0045 44505F48 		.ascii	"DP_HPD_P2_Read\000"
 287      50445F50 
 287      325F5265 
 287      616400
 288 0054 00       		.ascii	"\000"
 289 0055 00       		.ascii	"\000"
 290 0056 00       		.ascii	"\000"
ARM GAS  e:\temp\cczJcxHc.s 			page 21


 291 0057 00000000 		.ascii	"\000\000\000\000\000\000\000\000"
 291      00000000 
 292 005f B8000000 		.ascii	"\270\000\000\000"
 293 0063 44505F48 		.ascii	"DP_HPD_P2_ReadDataReg\000"
 293      50445F50 
 293      325F5265 
 293      61644461 
 293      74615265 
 294 0079 00       		.ascii	"\000"
 295 007a 00       		.ascii	"\000"
 296 007b 00       		.ascii	"\000"
 297 007c 00000000 		.ascii	"\000\000\000\000\000\000\000\000"
 297      00000000 
 298 0084 BA000000 		.ascii	"\272\000\000\000"
 299 0088 44505F48 		.ascii	"DP_HPD_P2_SetInterruptMode\000"
 299      50445F50 
 299      325F5365 
 299      74496E74 
 299      65727275 
 300 00a3 00       		.ascii	"\000"
 301 00a4 00       		.ascii	"\000"
 302 00a5 00       		.ascii	"\000"
 303 00a6 00000000 		.ascii	"\000\000\000\000\000\000\000\000"
 303      00000000 
 304 00ae C4000000 		.ascii	"\304\000\000\000"
 305 00b2 44505F48 		.ascii	"DP_HPD_P2_ClearInterrupt\000"
 305      50445F50 
 305      325F436C 
 305      65617249 
 305      6E746572 
 306 00cb 00       		.ascii	"\000"
 307 00cc 00       		.ascii	"\000"
 308 00cd 00       		.ascii	"\000"
 309 00ce 00000000 		.ascii	"\000\000\000\000\000\000\000\000"
 309      00000000 
 310 00d6 C6000000 		.ascii	"\306\000\000\000"
 311              		.text
 312              		.section	.gnu.lto_.opts,"",%progbits
 313 0000 272D666D 		.ascii	"'-fmath-errno' '-fsigned-zeros' '-ftrapping-math' '"
 313      6174682D 
 313      6572726E 
 313      6F272027 
 313      2D667369 
 314 0033 2D666E6F 		.ascii	"-fno-trapv' '-fno-openmp' '-fno-openacc' '-mcpu=cor"
 314      2D747261 
 314      70762720 
 314      272D666E 
 314      6F2D6F70 
 315 0066 7465782D 		.ascii	"tex-m0' '-mthumb' '-g' '-Os' '-Werror' '-ffunction-"
 315      6D302720 
 315      272D6D74 
 315      68756D62 
 315      2720272D 
 316 0099 73656374 		.ascii	"sections' '-ffat-lto-objects' '-finline-functions' "
 316      696F6E73 
 316      2720272D 
 316      66666174 
ARM GAS  e:\temp\cczJcxHc.s 			page 22


 316      2D6C746F 
 317 00cc 272D666C 		.ascii	"'-flto' '-fno-strict-aliasing'\000"
 317      746F2720 
 317      272D666E 
 317      6F2D7374 
 317      72696374 
 318              		.text
 319              		.cfi_sections	.debug_frame
 320              		.section	.text.DP_HPD_P2_SetDriveMode,"ax",%progbits
 321              		.align	1
 322              		.global	DP_HPD_P2_SetDriveMode
 323              		.code	16
 324              		.thumb_func
 325              		.type	DP_HPD_P2_SetDriveMode, %function
 326              	DP_HPD_P2_SetDriveMode:
 327              	.LFB0:
 328              		.file 1 "Generated_Source\\PSoC4\\DP_HPD_P2.c"
   1:Generated_Source\PSoC4/DP_HPD_P2.c **** /*******************************************************************************
   2:Generated_Source\PSoC4/DP_HPD_P2.c **** * File Name: DP_HPD_P2.c  
   3:Generated_Source\PSoC4/DP_HPD_P2.c **** * Version 2.20
   4:Generated_Source\PSoC4/DP_HPD_P2.c **** *
   5:Generated_Source\PSoC4/DP_HPD_P2.c **** * Description:
   6:Generated_Source\PSoC4/DP_HPD_P2.c **** *  This file contains API to enable firmware control of a Pins component.
   7:Generated_Source\PSoC4/DP_HPD_P2.c **** *
   8:Generated_Source\PSoC4/DP_HPD_P2.c **** ********************************************************************************
   9:Generated_Source\PSoC4/DP_HPD_P2.c **** * Copyright 2008-2015, Cypress Semiconductor Corporation.  All rights reserved.
  10:Generated_Source\PSoC4/DP_HPD_P2.c **** * You may use this file only in accordance with the license, terms, conditions, 
  11:Generated_Source\PSoC4/DP_HPD_P2.c **** * disclaimers, and limitations in the end user license agreement accompanying 
  12:Generated_Source\PSoC4/DP_HPD_P2.c **** * the software package with which this file was provided.
  13:Generated_Source\PSoC4/DP_HPD_P2.c **** *******************************************************************************/
  14:Generated_Source\PSoC4/DP_HPD_P2.c **** 
  15:Generated_Source\PSoC4/DP_HPD_P2.c **** #include "cytypes.h"
  16:Generated_Source\PSoC4/DP_HPD_P2.c **** #include "DP_HPD_P2.h"
  17:Generated_Source\PSoC4/DP_HPD_P2.c **** 
  18:Generated_Source\PSoC4/DP_HPD_P2.c **** 
  19:Generated_Source\PSoC4/DP_HPD_P2.c **** #if defined(DP_HPD_P2__PC)
  20:Generated_Source\PSoC4/DP_HPD_P2.c ****     #define DP_HPD_P2_SetP4PinDriveMode(shift, mode)  \
  21:Generated_Source\PSoC4/DP_HPD_P2.c ****     do { \
  22:Generated_Source\PSoC4/DP_HPD_P2.c ****         DP_HPD_P2_PC =   (DP_HPD_P2_PC & \
  23:Generated_Source\PSoC4/DP_HPD_P2.c ****                                 (uint32)(~(uint32)(DP_HPD_P2_DRIVE_MODE_IND_MASK << \
  24:Generated_Source\PSoC4/DP_HPD_P2.c ****                                 (DP_HPD_P2_DRIVE_MODE_BITS * (shift))))) | \
  25:Generated_Source\PSoC4/DP_HPD_P2.c ****                                 (uint32)((uint32)(mode) << \
  26:Generated_Source\PSoC4/DP_HPD_P2.c ****                                 (DP_HPD_P2_DRIVE_MODE_BITS * (shift))); \
  27:Generated_Source\PSoC4/DP_HPD_P2.c ****     } while (0)
  28:Generated_Source\PSoC4/DP_HPD_P2.c **** #else
  29:Generated_Source\PSoC4/DP_HPD_P2.c ****     #if (CY_PSOC4_4200L)
  30:Generated_Source\PSoC4/DP_HPD_P2.c ****         #define DP_HPD_P2_SetP4PinDriveMode(shift, mode)  \
  31:Generated_Source\PSoC4/DP_HPD_P2.c ****         do { \
  32:Generated_Source\PSoC4/DP_HPD_P2.c ****             DP_HPD_P2_USBIO_CTRL_REG = (DP_HPD_P2_USBIO_CTRL_REG & \
  33:Generated_Source\PSoC4/DP_HPD_P2.c ****                                     (uint32)(~(uint32)(DP_HPD_P2_DRIVE_MODE_IND_MASK << \
  34:Generated_Source\PSoC4/DP_HPD_P2.c ****                                     (DP_HPD_P2_DRIVE_MODE_BITS * (shift))))) | \
  35:Generated_Source\PSoC4/DP_HPD_P2.c ****                                     (uint32)((uint32)(mode) << \
  36:Generated_Source\PSoC4/DP_HPD_P2.c ****                                     (DP_HPD_P2_DRIVE_MODE_BITS * (shift))); \
  37:Generated_Source\PSoC4/DP_HPD_P2.c ****         } while (0)
  38:Generated_Source\PSoC4/DP_HPD_P2.c ****     #endif
  39:Generated_Source\PSoC4/DP_HPD_P2.c **** #endif
  40:Generated_Source\PSoC4/DP_HPD_P2.c ****   
ARM GAS  e:\temp\cczJcxHc.s 			page 23


  41:Generated_Source\PSoC4/DP_HPD_P2.c **** 
  42:Generated_Source\PSoC4/DP_HPD_P2.c **** #if defined(DP_HPD_P2__PC) || (CY_PSOC4_4200L) 
  43:Generated_Source\PSoC4/DP_HPD_P2.c ****     /*******************************************************************************
  44:Generated_Source\PSoC4/DP_HPD_P2.c ****     * Function Name: DP_HPD_P2_SetDriveMode
  45:Generated_Source\PSoC4/DP_HPD_P2.c ****     ****************************************************************************//**
  46:Generated_Source\PSoC4/DP_HPD_P2.c ****     *
  47:Generated_Source\PSoC4/DP_HPD_P2.c ****     * \brief Sets the drive mode for each of the Pins component's pins.
  48:Generated_Source\PSoC4/DP_HPD_P2.c ****     * 
  49:Generated_Source\PSoC4/DP_HPD_P2.c ****     * <b>Note</b> This affects all pins in the Pins component instance. Use the
  50:Generated_Source\PSoC4/DP_HPD_P2.c ****     * Per-Pin APIs if you wish to control individual pin's drive modes.
  51:Generated_Source\PSoC4/DP_HPD_P2.c ****     *
  52:Generated_Source\PSoC4/DP_HPD_P2.c ****     * <b>Note</b> USBIOs have limited drive functionality. Refer to the Drive Mode
  53:Generated_Source\PSoC4/DP_HPD_P2.c ****     * parameter for more information.
  54:Generated_Source\PSoC4/DP_HPD_P2.c ****     *
  55:Generated_Source\PSoC4/DP_HPD_P2.c ****     * \param mode
  56:Generated_Source\PSoC4/DP_HPD_P2.c ****     *  Mode for the selected signals. Valid options are documented in 
  57:Generated_Source\PSoC4/DP_HPD_P2.c ****     *  \ref driveMode.
  58:Generated_Source\PSoC4/DP_HPD_P2.c ****     *
  59:Generated_Source\PSoC4/DP_HPD_P2.c ****     * \return
  60:Generated_Source\PSoC4/DP_HPD_P2.c ****     *  None
  61:Generated_Source\PSoC4/DP_HPD_P2.c ****     *
  62:Generated_Source\PSoC4/DP_HPD_P2.c ****     * \sideeffect
  63:Generated_Source\PSoC4/DP_HPD_P2.c ****     *  If you use read-modify-write operations that are not atomic, the ISR can
  64:Generated_Source\PSoC4/DP_HPD_P2.c ****     *  cause corruption of this function. An ISR that interrupts this function 
  65:Generated_Source\PSoC4/DP_HPD_P2.c ****     *  and performs writes to the Pins component Drive Mode registers can cause 
  66:Generated_Source\PSoC4/DP_HPD_P2.c ****     *  corrupted port data. To avoid this issue, you should either use the Per-Pin
  67:Generated_Source\PSoC4/DP_HPD_P2.c ****     *  APIs (primary method) or disable interrupts around this function.
  68:Generated_Source\PSoC4/DP_HPD_P2.c ****     *
  69:Generated_Source\PSoC4/DP_HPD_P2.c ****     * \funcusage
  70:Generated_Source\PSoC4/DP_HPD_P2.c ****     *  \snippet DP_HPD_P2_SUT.c usage_DP_HPD_P2_SetDriveMode
  71:Generated_Source\PSoC4/DP_HPD_P2.c ****     *******************************************************************************/
  72:Generated_Source\PSoC4/DP_HPD_P2.c ****     void DP_HPD_P2_SetDriveMode(uint8 mode)
  73:Generated_Source\PSoC4/DP_HPD_P2.c ****     {
 329              		.loc 1 73 0
 330              		.cfi_startproc
 331              		@ args = 0, pretend = 0, frame = 0
 332              		@ frame_needed = 0, uses_anonymous_args = 0
 333              		@ link register save eliminated.
 334              	.LVL0:
  74:Generated_Source\PSoC4/DP_HPD_P2.c **** 		DP_HPD_P2_SetP4PinDriveMode(DP_HPD_P2__0__SHIFT, mode);
 335              		.loc 1 74 0
 336 0000 034A     		ldr	r2, .L2
 337 0002 044B     		ldr	r3, .L2+4
 338 0004 1168     		ldr	r1, [r2]
 339 0006 0003     		lsls	r0, r0, #12
 340              	.LVL1:
 341 0008 0B40     		ands	r3, r1
 342 000a 1843     		orrs	r0, r3
 343 000c 1060     		str	r0, [r2]
  75:Generated_Source\PSoC4/DP_HPD_P2.c ****     }
 344              		.loc 1 75 0
 345              		@ sp needed
 346 000e 7047     		bx	lr
 347              	.L3:
 348              		.align	2
 349              	.L2:
 350 0010 08030440 		.word	1074004744
ARM GAS  e:\temp\cczJcxHc.s 			page 24


 351 0014 FF8FFFFF 		.word	-28673
 352              		.cfi_endproc
 353              	.LFE0:
 354              		.size	DP_HPD_P2_SetDriveMode, .-DP_HPD_P2_SetDriveMode
 355              		.section	.text.DP_HPD_P2_Write,"ax",%progbits
 356              		.align	1
 357              		.global	DP_HPD_P2_Write
 358              		.code	16
 359              		.thumb_func
 360              		.type	DP_HPD_P2_Write, %function
 361              	DP_HPD_P2_Write:
 362              	.LFB1:
  76:Generated_Source\PSoC4/DP_HPD_P2.c **** #endif
  77:Generated_Source\PSoC4/DP_HPD_P2.c **** 
  78:Generated_Source\PSoC4/DP_HPD_P2.c **** 
  79:Generated_Source\PSoC4/DP_HPD_P2.c **** /*******************************************************************************
  80:Generated_Source\PSoC4/DP_HPD_P2.c **** * Function Name: DP_HPD_P2_Write
  81:Generated_Source\PSoC4/DP_HPD_P2.c **** ****************************************************************************//**
  82:Generated_Source\PSoC4/DP_HPD_P2.c **** *
  83:Generated_Source\PSoC4/DP_HPD_P2.c **** * \brief Writes the value to the physical port (data output register), masking
  84:Generated_Source\PSoC4/DP_HPD_P2.c **** *  and shifting the bits appropriately. 
  85:Generated_Source\PSoC4/DP_HPD_P2.c **** *
  86:Generated_Source\PSoC4/DP_HPD_P2.c **** * The data output register controls the signal applied to the physical pin in 
  87:Generated_Source\PSoC4/DP_HPD_P2.c **** * conjunction with the drive mode parameter. This function avoids changing 
  88:Generated_Source\PSoC4/DP_HPD_P2.c **** * other bits in the port by using the appropriate method (read-modify-write or
  89:Generated_Source\PSoC4/DP_HPD_P2.c **** * bit banding).
  90:Generated_Source\PSoC4/DP_HPD_P2.c **** *
  91:Generated_Source\PSoC4/DP_HPD_P2.c **** * <b>Note</b> This function should not be used on a hardware digital output pin 
  92:Generated_Source\PSoC4/DP_HPD_P2.c **** * as it is driven by the hardware signal attached to it.
  93:Generated_Source\PSoC4/DP_HPD_P2.c **** *
  94:Generated_Source\PSoC4/DP_HPD_P2.c **** * \param value
  95:Generated_Source\PSoC4/DP_HPD_P2.c **** *  Value to write to the component instance.
  96:Generated_Source\PSoC4/DP_HPD_P2.c **** *
  97:Generated_Source\PSoC4/DP_HPD_P2.c **** * \return 
  98:Generated_Source\PSoC4/DP_HPD_P2.c **** *  None 
  99:Generated_Source\PSoC4/DP_HPD_P2.c **** *
 100:Generated_Source\PSoC4/DP_HPD_P2.c **** * \sideeffect
 101:Generated_Source\PSoC4/DP_HPD_P2.c **** *  If you use read-modify-write operations that are not atomic; the Interrupt 
 102:Generated_Source\PSoC4/DP_HPD_P2.c **** *  Service Routines (ISR) can cause corruption of this function. An ISR that 
 103:Generated_Source\PSoC4/DP_HPD_P2.c **** *  interrupts this function and performs writes to the Pins component data 
 104:Generated_Source\PSoC4/DP_HPD_P2.c **** *  register can cause corrupted port data. To avoid this issue, you should 
 105:Generated_Source\PSoC4/DP_HPD_P2.c **** *  either use the Per-Pin APIs (primary method) or disable interrupts around 
 106:Generated_Source\PSoC4/DP_HPD_P2.c **** *  this function.
 107:Generated_Source\PSoC4/DP_HPD_P2.c **** *
 108:Generated_Source\PSoC4/DP_HPD_P2.c **** * \funcusage
 109:Generated_Source\PSoC4/DP_HPD_P2.c **** *  \snippet DP_HPD_P2_SUT.c usage_DP_HPD_P2_Write
 110:Generated_Source\PSoC4/DP_HPD_P2.c **** *******************************************************************************/
 111:Generated_Source\PSoC4/DP_HPD_P2.c **** void DP_HPD_P2_Write(uint8 value)
 112:Generated_Source\PSoC4/DP_HPD_P2.c **** {
 363              		.loc 1 112 0
 364              		.cfi_startproc
 365              		@ args = 0, pretend = 0, frame = 0
 366              		@ frame_needed = 0, uses_anonymous_args = 0
 367              		@ link register save eliminated.
 368              	.LVL2:
 113:Generated_Source\PSoC4/DP_HPD_P2.c ****     uint8 drVal = (uint8)(DP_HPD_P2_DR & (uint8)(~DP_HPD_P2_MASK));
 369              		.loc 1 113 0
ARM GAS  e:\temp\cczJcxHc.s 			page 25


 370 0000 1023     		movs	r3, #16
 371 0002 0449     		ldr	r1, .L5
 114:Generated_Source\PSoC4/DP_HPD_P2.c ****     drVal = (drVal | ((uint8)(value << DP_HPD_P2_SHIFT) & DP_HPD_P2_MASK));
 115:Generated_Source\PSoC4/DP_HPD_P2.c ****     DP_HPD_P2_DR = (uint32)drVal;
 372              		.loc 1 115 0
 373 0004 0001     		lsls	r0, r0, #4
 374              	.LVL3:
 113:Generated_Source\PSoC4/DP_HPD_P2.c ****     uint8 drVal = (uint8)(DP_HPD_P2_DR & (uint8)(~DP_HPD_P2_MASK));
 375              		.loc 1 113 0
 376 0006 0A68     		ldr	r2, [r1]
 116:Generated_Source\PSoC4/DP_HPD_P2.c **** }
 377              		.loc 1 116 0
 378              		@ sp needed
 113:Generated_Source\PSoC4/DP_HPD_P2.c ****     uint8 drVal = (uint8)(DP_HPD_P2_DR & (uint8)(~DP_HPD_P2_MASK));
 379              		.loc 1 113 0
 380 0008 9A43     		bics	r2, r3
 381 000a D2B2     		uxtb	r2, r2
 115:Generated_Source\PSoC4/DP_HPD_P2.c **** }
 382              		.loc 1 115 0
 383 000c 0340     		ands	r3, r0
 384 000e 1343     		orrs	r3, r2
 385 0010 0B60     		str	r3, [r1]
 386              		.loc 1 116 0
 387 0012 7047     		bx	lr
 388              	.L6:
 389              		.align	2
 390              	.L5:
 391 0014 00030440 		.word	1074004736
 392              		.cfi_endproc
 393              	.LFE1:
 394              		.size	DP_HPD_P2_Write, .-DP_HPD_P2_Write
 395              		.section	.text.DP_HPD_P2_Read,"ax",%progbits
 396              		.align	1
 397              		.global	DP_HPD_P2_Read
 398              		.code	16
 399              		.thumb_func
 400              		.type	DP_HPD_P2_Read, %function
 401              	DP_HPD_P2_Read:
 402              	.LFB2:
 117:Generated_Source\PSoC4/DP_HPD_P2.c **** 
 118:Generated_Source\PSoC4/DP_HPD_P2.c **** 
 119:Generated_Source\PSoC4/DP_HPD_P2.c **** /*******************************************************************************
 120:Generated_Source\PSoC4/DP_HPD_P2.c **** * Function Name: DP_HPD_P2_Read
 121:Generated_Source\PSoC4/DP_HPD_P2.c **** ****************************************************************************//**
 122:Generated_Source\PSoC4/DP_HPD_P2.c **** *
 123:Generated_Source\PSoC4/DP_HPD_P2.c **** * \brief Reads the associated physical port (pin status register) and masks 
 124:Generated_Source\PSoC4/DP_HPD_P2.c **** *  the required bits according to the width and bit position of the component
 125:Generated_Source\PSoC4/DP_HPD_P2.c **** *  instance. 
 126:Generated_Source\PSoC4/DP_HPD_P2.c **** *
 127:Generated_Source\PSoC4/DP_HPD_P2.c **** * The pin's status register returns the current logic level present on the 
 128:Generated_Source\PSoC4/DP_HPD_P2.c **** * physical pin.
 129:Generated_Source\PSoC4/DP_HPD_P2.c **** *
 130:Generated_Source\PSoC4/DP_HPD_P2.c **** * \return 
 131:Generated_Source\PSoC4/DP_HPD_P2.c **** *  The current value for the pins in the component as a right justified number.
 132:Generated_Source\PSoC4/DP_HPD_P2.c **** *
 133:Generated_Source\PSoC4/DP_HPD_P2.c **** * \funcusage
 134:Generated_Source\PSoC4/DP_HPD_P2.c **** *  \snippet DP_HPD_P2_SUT.c usage_DP_HPD_P2_Read  
ARM GAS  e:\temp\cczJcxHc.s 			page 26


 135:Generated_Source\PSoC4/DP_HPD_P2.c **** *******************************************************************************/
 136:Generated_Source\PSoC4/DP_HPD_P2.c **** uint8 DP_HPD_P2_Read(void)
 137:Generated_Source\PSoC4/DP_HPD_P2.c **** {
 403              		.loc 1 137 0
 404              		.cfi_startproc
 405              		@ args = 0, pretend = 0, frame = 0
 406              		@ frame_needed = 0, uses_anonymous_args = 0
 407              		@ link register save eliminated.
 138:Generated_Source\PSoC4/DP_HPD_P2.c ****     return (uint8)((DP_HPD_P2_PS & DP_HPD_P2_MASK) >> DP_HPD_P2_SHIFT);
 408              		.loc 1 138 0
 409 0000 024B     		ldr	r3, .L8
 139:Generated_Source\PSoC4/DP_HPD_P2.c **** }
 410              		.loc 1 139 0
 411              		@ sp needed
 138:Generated_Source\PSoC4/DP_HPD_P2.c ****     return (uint8)((DP_HPD_P2_PS & DP_HPD_P2_MASK) >> DP_HPD_P2_SHIFT);
 412              		.loc 1 138 0
 413 0002 1868     		ldr	r0, [r3]
 414 0004 C006     		lsls	r0, r0, #27
 415 0006 C00F     		lsrs	r0, r0, #31
 416              		.loc 1 139 0
 417 0008 7047     		bx	lr
 418              	.L9:
 419 000a C046     		.align	2
 420              	.L8:
 421 000c 04030440 		.word	1074004740
 422              		.cfi_endproc
 423              	.LFE2:
 424              		.size	DP_HPD_P2_Read, .-DP_HPD_P2_Read
 425              		.section	.text.DP_HPD_P2_ReadDataReg,"ax",%progbits
 426              		.align	1
 427              		.global	DP_HPD_P2_ReadDataReg
 428              		.code	16
 429              		.thumb_func
 430              		.type	DP_HPD_P2_ReadDataReg, %function
 431              	DP_HPD_P2_ReadDataReg:
 432              	.LFB3:
 140:Generated_Source\PSoC4/DP_HPD_P2.c **** 
 141:Generated_Source\PSoC4/DP_HPD_P2.c **** 
 142:Generated_Source\PSoC4/DP_HPD_P2.c **** /*******************************************************************************
 143:Generated_Source\PSoC4/DP_HPD_P2.c **** * Function Name: DP_HPD_P2_ReadDataReg
 144:Generated_Source\PSoC4/DP_HPD_P2.c **** ****************************************************************************//**
 145:Generated_Source\PSoC4/DP_HPD_P2.c **** *
 146:Generated_Source\PSoC4/DP_HPD_P2.c **** * \brief Reads the associated physical port's data output register and masks 
 147:Generated_Source\PSoC4/DP_HPD_P2.c **** *  the correct bits according to the width and bit position of the component 
 148:Generated_Source\PSoC4/DP_HPD_P2.c **** *  instance. 
 149:Generated_Source\PSoC4/DP_HPD_P2.c **** *
 150:Generated_Source\PSoC4/DP_HPD_P2.c **** * The data output register controls the signal applied to the physical pin in 
 151:Generated_Source\PSoC4/DP_HPD_P2.c **** * conjunction with the drive mode parameter. This is not the same as the 
 152:Generated_Source\PSoC4/DP_HPD_P2.c **** * preferred DP_HPD_P2_Read() API because the 
 153:Generated_Source\PSoC4/DP_HPD_P2.c **** * DP_HPD_P2_ReadDataReg() reads the data register instead of the status 
 154:Generated_Source\PSoC4/DP_HPD_P2.c **** * register. For output pins this is a useful function to determine the value 
 155:Generated_Source\PSoC4/DP_HPD_P2.c **** * just written to the pin.
 156:Generated_Source\PSoC4/DP_HPD_P2.c **** *
 157:Generated_Source\PSoC4/DP_HPD_P2.c **** * \return 
 158:Generated_Source\PSoC4/DP_HPD_P2.c **** *  The current value of the data register masked and shifted into a right 
 159:Generated_Source\PSoC4/DP_HPD_P2.c **** *  justified number for the component instance.
 160:Generated_Source\PSoC4/DP_HPD_P2.c **** *
ARM GAS  e:\temp\cczJcxHc.s 			page 27


 161:Generated_Source\PSoC4/DP_HPD_P2.c **** * \funcusage
 162:Generated_Source\PSoC4/DP_HPD_P2.c **** *  \snippet DP_HPD_P2_SUT.c usage_DP_HPD_P2_ReadDataReg 
 163:Generated_Source\PSoC4/DP_HPD_P2.c **** *******************************************************************************/
 164:Generated_Source\PSoC4/DP_HPD_P2.c **** uint8 DP_HPD_P2_ReadDataReg(void)
 165:Generated_Source\PSoC4/DP_HPD_P2.c **** {
 433              		.loc 1 165 0
 434              		.cfi_startproc
 435              		@ args = 0, pretend = 0, frame = 0
 436              		@ frame_needed = 0, uses_anonymous_args = 0
 437              		@ link register save eliminated.
 166:Generated_Source\PSoC4/DP_HPD_P2.c ****     return (uint8)((DP_HPD_P2_DR & DP_HPD_P2_MASK) >> DP_HPD_P2_SHIFT);
 438              		.loc 1 166 0
 439 0000 024B     		ldr	r3, .L11
 167:Generated_Source\PSoC4/DP_HPD_P2.c **** }
 440              		.loc 1 167 0
 441              		@ sp needed
 166:Generated_Source\PSoC4/DP_HPD_P2.c ****     return (uint8)((DP_HPD_P2_DR & DP_HPD_P2_MASK) >> DP_HPD_P2_SHIFT);
 442              		.loc 1 166 0
 443 0002 1868     		ldr	r0, [r3]
 444 0004 C006     		lsls	r0, r0, #27
 445 0006 C00F     		lsrs	r0, r0, #31
 446              		.loc 1 167 0
 447 0008 7047     		bx	lr
 448              	.L12:
 449 000a C046     		.align	2
 450              	.L11:
 451 000c 00030440 		.word	1074004736
 452              		.cfi_endproc
 453              	.LFE3:
 454              		.size	DP_HPD_P2_ReadDataReg, .-DP_HPD_P2_ReadDataReg
 455              		.section	.text.DP_HPD_P2_SetInterruptMode,"ax",%progbits
 456              		.align	1
 457              		.global	DP_HPD_P2_SetInterruptMode
 458              		.code	16
 459              		.thumb_func
 460              		.type	DP_HPD_P2_SetInterruptMode, %function
 461              	DP_HPD_P2_SetInterruptMode:
 462              	.LFB4:
 168:Generated_Source\PSoC4/DP_HPD_P2.c **** 
 169:Generated_Source\PSoC4/DP_HPD_P2.c **** 
 170:Generated_Source\PSoC4/DP_HPD_P2.c **** /*******************************************************************************
 171:Generated_Source\PSoC4/DP_HPD_P2.c **** * Function Name: DP_HPD_P2_SetInterruptMode
 172:Generated_Source\PSoC4/DP_HPD_P2.c **** ****************************************************************************//**
 173:Generated_Source\PSoC4/DP_HPD_P2.c **** *
 174:Generated_Source\PSoC4/DP_HPD_P2.c **** * \brief Configures the interrupt mode for each of the Pins component's
 175:Generated_Source\PSoC4/DP_HPD_P2.c **** *  pins. Alternatively you may set the interrupt mode for all the pins
 176:Generated_Source\PSoC4/DP_HPD_P2.c **** *  specified in the Pins component.
 177:Generated_Source\PSoC4/DP_HPD_P2.c **** *
 178:Generated_Source\PSoC4/DP_HPD_P2.c **** *  <b>Note</b> The interrupt is port-wide and therefore any enabled pin
 179:Generated_Source\PSoC4/DP_HPD_P2.c **** *  interrupt may trigger it.
 180:Generated_Source\PSoC4/DP_HPD_P2.c **** *
 181:Generated_Source\PSoC4/DP_HPD_P2.c **** * \param position
 182:Generated_Source\PSoC4/DP_HPD_P2.c **** *  The pin position as listed in the Pins component. You may OR these to be 
 183:Generated_Source\PSoC4/DP_HPD_P2.c **** *  able to configure the interrupt mode of multiple pins within a Pins 
 184:Generated_Source\PSoC4/DP_HPD_P2.c **** *  component. Or you may use DP_HPD_P2_INTR_ALL to configure the
 185:Generated_Source\PSoC4/DP_HPD_P2.c **** *  interrupt mode of all the pins in the Pins component.       
 186:Generated_Source\PSoC4/DP_HPD_P2.c **** *  - DP_HPD_P2_0_INTR       (First pin in the list)
ARM GAS  e:\temp\cczJcxHc.s 			page 28


 187:Generated_Source\PSoC4/DP_HPD_P2.c **** *  - DP_HPD_P2_1_INTR       (Second pin in the list)
 188:Generated_Source\PSoC4/DP_HPD_P2.c **** *  - ...
 189:Generated_Source\PSoC4/DP_HPD_P2.c **** *  - DP_HPD_P2_INTR_ALL     (All pins in Pins component)
 190:Generated_Source\PSoC4/DP_HPD_P2.c **** *
 191:Generated_Source\PSoC4/DP_HPD_P2.c **** * \param mode
 192:Generated_Source\PSoC4/DP_HPD_P2.c **** *  Interrupt mode for the selected pins. Valid options are documented in
 193:Generated_Source\PSoC4/DP_HPD_P2.c **** *  \ref intrMode.
 194:Generated_Source\PSoC4/DP_HPD_P2.c **** *
 195:Generated_Source\PSoC4/DP_HPD_P2.c **** * \return 
 196:Generated_Source\PSoC4/DP_HPD_P2.c **** *  None
 197:Generated_Source\PSoC4/DP_HPD_P2.c **** *  
 198:Generated_Source\PSoC4/DP_HPD_P2.c **** * \sideeffect
 199:Generated_Source\PSoC4/DP_HPD_P2.c **** *  It is recommended that the interrupt be disabled before calling this 
 200:Generated_Source\PSoC4/DP_HPD_P2.c **** *  function to avoid unintended interrupt requests. Note that the interrupt
 201:Generated_Source\PSoC4/DP_HPD_P2.c **** *  type is port wide, and therefore will trigger for any enabled pin on the 
 202:Generated_Source\PSoC4/DP_HPD_P2.c **** *  port.
 203:Generated_Source\PSoC4/DP_HPD_P2.c **** *
 204:Generated_Source\PSoC4/DP_HPD_P2.c **** * \funcusage
 205:Generated_Source\PSoC4/DP_HPD_P2.c **** *  \snippet DP_HPD_P2_SUT.c usage_DP_HPD_P2_SetInterruptMode
 206:Generated_Source\PSoC4/DP_HPD_P2.c **** *******************************************************************************/
 207:Generated_Source\PSoC4/DP_HPD_P2.c **** void DP_HPD_P2_SetInterruptMode(uint16 position, uint16 mode)
 208:Generated_Source\PSoC4/DP_HPD_P2.c **** {
 463              		.loc 1 208 0
 464              		.cfi_startproc
 465              		@ args = 0, pretend = 0, frame = 0
 466              		@ frame_needed = 0, uses_anonymous_args = 0
 467              		@ link register save eliminated.
 468              	.LVL4:
 209:Generated_Source\PSoC4/DP_HPD_P2.c ****     uint32 intrCfg;
 210:Generated_Source\PSoC4/DP_HPD_P2.c ****     
 211:Generated_Source\PSoC4/DP_HPD_P2.c ****     intrCfg =  DP_HPD_P2_INTCFG & (uint32)(~(uint32)position);
 469              		.loc 1 211 0
 470 0000 034A     		ldr	r2, .L14
 212:Generated_Source\PSoC4/DP_HPD_P2.c ****     DP_HPD_P2_INTCFG = intrCfg | ((uint32)position & (uint32)mode);
 213:Generated_Source\PSoC4/DP_HPD_P2.c **** }
 471              		.loc 1 213 0
 472              		@ sp needed
 211:Generated_Source\PSoC4/DP_HPD_P2.c ****     DP_HPD_P2_INTCFG = intrCfg | ((uint32)position & (uint32)mode);
 473              		.loc 1 211 0
 474 0002 1368     		ldr	r3, [r2]
 475              	.LVL5:
 212:Generated_Source\PSoC4/DP_HPD_P2.c ****     DP_HPD_P2_INTCFG = intrCfg | ((uint32)position & (uint32)mode);
 476              		.loc 1 212 0
 477 0004 8343     		bics	r3, r0
 478              	.LVL6:
 479 0006 0840     		ands	r0, r1
 480              	.LVL7:
 481 0008 1843     		orrs	r0, r3
 482 000a 1060     		str	r0, [r2]
 483              		.loc 1 213 0
 484 000c 7047     		bx	lr
 485              	.L15:
 486 000e C046     		.align	2
 487              	.L14:
 488 0010 0C030440 		.word	1074004748
 489              		.cfi_endproc
 490              	.LFE4:
ARM GAS  e:\temp\cczJcxHc.s 			page 29


 491              		.size	DP_HPD_P2_SetInterruptMode, .-DP_HPD_P2_SetInterruptMode
 492              		.section	.text.DP_HPD_P2_ClearInterrupt,"ax",%progbits
 493              		.align	1
 494              		.global	DP_HPD_P2_ClearInterrupt
 495              		.code	16
 496              		.thumb_func
 497              		.type	DP_HPD_P2_ClearInterrupt, %function
 498              	DP_HPD_P2_ClearInterrupt:
 499              	.LFB5:
 214:Generated_Source\PSoC4/DP_HPD_P2.c **** 
 215:Generated_Source\PSoC4/DP_HPD_P2.c **** 
 216:Generated_Source\PSoC4/DP_HPD_P2.c **** /*******************************************************************************
 217:Generated_Source\PSoC4/DP_HPD_P2.c **** * Function Name: DP_HPD_P2_ClearInterrupt
 218:Generated_Source\PSoC4/DP_HPD_P2.c **** ****************************************************************************//**
 219:Generated_Source\PSoC4/DP_HPD_P2.c **** *
 220:Generated_Source\PSoC4/DP_HPD_P2.c **** * \brief Clears any active interrupts attached with the component and returns 
 221:Generated_Source\PSoC4/DP_HPD_P2.c **** *  the value of the interrupt status register allowing determination of which
 222:Generated_Source\PSoC4/DP_HPD_P2.c **** *  pins generated an interrupt event.
 223:Generated_Source\PSoC4/DP_HPD_P2.c **** *
 224:Generated_Source\PSoC4/DP_HPD_P2.c **** * \return 
 225:Generated_Source\PSoC4/DP_HPD_P2.c **** *  The right-shifted current value of the interrupt status register. Each pin 
 226:Generated_Source\PSoC4/DP_HPD_P2.c **** *  has one bit set if it generated an interrupt event. For example, bit 0 is 
 227:Generated_Source\PSoC4/DP_HPD_P2.c **** *  for pin 0 and bit 1 is for pin 1 of the Pins component.
 228:Generated_Source\PSoC4/DP_HPD_P2.c **** *  
 229:Generated_Source\PSoC4/DP_HPD_P2.c **** * \sideeffect
 230:Generated_Source\PSoC4/DP_HPD_P2.c **** *  Clears all bits of the physical port's interrupt status register, not just
 231:Generated_Source\PSoC4/DP_HPD_P2.c **** *  those associated with the Pins component.
 232:Generated_Source\PSoC4/DP_HPD_P2.c **** *
 233:Generated_Source\PSoC4/DP_HPD_P2.c **** * \funcusage
 234:Generated_Source\PSoC4/DP_HPD_P2.c **** *  \snippet DP_HPD_P2_SUT.c usage_DP_HPD_P2_ClearInterrupt
 235:Generated_Source\PSoC4/DP_HPD_P2.c **** *******************************************************************************/
 236:Generated_Source\PSoC4/DP_HPD_P2.c **** uint8 DP_HPD_P2_ClearInterrupt(void)
 237:Generated_Source\PSoC4/DP_HPD_P2.c **** {
 500              		.loc 1 237 0
 501              		.cfi_startproc
 502              		@ args = 0, pretend = 0, frame = 0
 503              		@ frame_needed = 0, uses_anonymous_args = 0
 504              		@ link register save eliminated.
 238:Generated_Source\PSoC4/DP_HPD_P2.c **** 	uint8 maskedStatus = (uint8)(DP_HPD_P2_INTSTAT & DP_HPD_P2_MASK);
 505              		.loc 1 238 0
 506 0000 1023     		movs	r3, #16
 507 0002 034A     		ldr	r2, .L17
 239:Generated_Source\PSoC4/DP_HPD_P2.c **** 	DP_HPD_P2_INTSTAT = maskedStatus;
 240:Generated_Source\PSoC4/DP_HPD_P2.c ****     return maskedStatus >> DP_HPD_P2_SHIFT;
 241:Generated_Source\PSoC4/DP_HPD_P2.c **** }
 508              		.loc 1 241 0
 509              		@ sp needed
 238:Generated_Source\PSoC4/DP_HPD_P2.c **** 	uint8 maskedStatus = (uint8)(DP_HPD_P2_INTSTAT & DP_HPD_P2_MASK);
 510              		.loc 1 238 0
 511 0004 1068     		ldr	r0, [r2]
 512 0006 1840     		ands	r0, r3
 513              	.LVL8:
 239:Generated_Source\PSoC4/DP_HPD_P2.c **** 	DP_HPD_P2_INTSTAT = maskedStatus;
 514              		.loc 1 239 0
 515 0008 1060     		str	r0, [r2]
 240:Generated_Source\PSoC4/DP_HPD_P2.c **** }
 516              		.loc 1 240 0
ARM GAS  e:\temp\cczJcxHc.s 			page 30


 517 000a 0009     		lsrs	r0, r0, #4
 518              	.LVL9:
 519 000c C0B2     		uxtb	r0, r0
 520              		.loc 1 241 0
 521 000e 7047     		bx	lr
 522              	.L18:
 523              		.align	2
 524              	.L17:
 525 0010 10030440 		.word	1074004752
 526              		.cfi_endproc
 527              	.LFE5:
 528              		.size	DP_HPD_P2_ClearInterrupt, .-DP_HPD_P2_ClearInterrupt
 529              		.text
 530              	.Letext0:
 531              		.file 2 "Generated_Source\\PSoC4\\cytypes.h"
 532              		.section	.debug_info,"",%progbits
 533              	.Ldebug_info0:
 534 0000 97010000 		.4byte	0x197
 535 0004 0400     		.2byte	0x4
 536 0006 00000000 		.4byte	.Ldebug_abbrev0
 537 000a 04       		.byte	0x4
 538 000b 01       		.uleb128 0x1
 539 000c 41010000 		.4byte	.LASF27
 540 0010 0C       		.byte	0xc
 541 0011 8A020000 		.4byte	.LASF28
 542 0015 2E000000 		.4byte	.LASF29
 543 0019 00000000 		.4byte	.Ldebug_ranges0+0
 544 001d 00000000 		.4byte	0
 545 0021 00000000 		.4byte	.Ldebug_line0
 546 0025 02       		.uleb128 0x2
 547 0026 01       		.byte	0x1
 548 0027 06       		.byte	0x6
 549 0028 AD020000 		.4byte	.LASF0
 550 002c 02       		.uleb128 0x2
 551 002d 01       		.byte	0x1
 552 002e 08       		.byte	0x8
 553 002f BE000000 		.4byte	.LASF1
 554 0033 02       		.uleb128 0x2
 555 0034 02       		.byte	0x2
 556 0035 05       		.byte	0x5
 557 0036 4D020000 		.4byte	.LASF2
 558 003a 02       		.uleb128 0x2
 559 003b 02       		.byte	0x2
 560 003c 07       		.byte	0x7
 561 003d E4000000 		.4byte	.LASF3
 562 0041 02       		.uleb128 0x2
 563 0042 04       		.byte	0x4
 564 0043 05       		.byte	0x5
 565 0044 0C000000 		.4byte	.LASF4
 566 0048 02       		.uleb128 0x2
 567 0049 04       		.byte	0x4
 568 004a 07       		.byte	0x7
 569 004b D2000000 		.4byte	.LASF5
 570 004f 02       		.uleb128 0x2
 571 0050 08       		.byte	0x8
 572 0051 05       		.byte	0x5
 573 0052 2D020000 		.4byte	.LASF6
ARM GAS  e:\temp\cczJcxHc.s 			page 31


 574 0056 02       		.uleb128 0x2
 575 0057 08       		.byte	0x8
 576 0058 07       		.byte	0x7
 577 0059 2A010000 		.4byte	.LASF7
 578 005d 03       		.uleb128 0x3
 579 005e 04       		.byte	0x4
 580 005f 05       		.byte	0x5
 581 0060 696E7400 		.ascii	"int\000"
 582 0064 02       		.uleb128 0x2
 583 0065 04       		.byte	0x4
 584 0066 07       		.byte	0x7
 585 0067 1D010000 		.4byte	.LASF8
 586 006b 04       		.uleb128 0x4
 587 006c 57020000 		.4byte	.LASF9
 588 0070 02       		.byte	0x2
 589 0071 E401     		.2byte	0x1e4
 590 0073 2C000000 		.4byte	0x2c
 591 0077 04       		.uleb128 0x4
 592 0078 FE000000 		.4byte	.LASF10
 593 007c 02       		.byte	0x2
 594 007d E501     		.2byte	0x1e5
 595 007f 3A000000 		.4byte	0x3a
 596 0083 04       		.uleb128 0x4
 597 0084 0E010000 		.4byte	.LASF11
 598 0088 02       		.byte	0x2
 599 0089 E601     		.2byte	0x1e6
 600 008b 48000000 		.4byte	0x48
 601 008f 02       		.uleb128 0x2
 602 0090 04       		.byte	0x4
 603 0091 04       		.byte	0x4
 604 0092 B8000000 		.4byte	.LASF12
 605 0096 02       		.uleb128 0x2
 606 0097 08       		.byte	0x8
 607 0098 04       		.byte	0x4
 608 0099 F7000000 		.4byte	.LASF13
 609 009d 02       		.uleb128 0x2
 610 009e 01       		.byte	0x1
 611 009f 08       		.byte	0x8
 612 00a0 48020000 		.4byte	.LASF14
 613 00a4 04       		.uleb128 0x4
 614 00a5 00000000 		.4byte	.LASF15
 615 00a9 02       		.byte	0x2
 616 00aa 9002     		.2byte	0x290
 617 00ac B0000000 		.4byte	0xb0
 618 00b0 05       		.uleb128 0x5
 619 00b1 83000000 		.4byte	0x83
 620 00b5 06       		.uleb128 0x6
 621 00b6 5D020000 		.4byte	.LASF16
 622 00ba 01       		.byte	0x1
 623 00bb 48       		.byte	0x48
 624 00bc 00000000 		.4byte	.LFB0
 625 00c0 18000000 		.4byte	.LFE0-.LFB0
 626 00c4 01       		.uleb128 0x1
 627 00c5 9C       		.byte	0x9c
 628 00c6 DA000000 		.4byte	0xda
 629 00ca 07       		.uleb128 0x7
 630 00cb 0D020000 		.4byte	.LASF18
ARM GAS  e:\temp\cczJcxHc.s 			page 32


 631 00cf 01       		.byte	0x1
 632 00d0 48       		.byte	0x48
 633 00d1 6B000000 		.4byte	0x6b
 634 00d5 00000000 		.4byte	.LLST0
 635 00d9 00       		.byte	0
 636 00da 06       		.uleb128 0x6
 637 00db FD010000 		.4byte	.LASF17
 638 00df 01       		.byte	0x1
 639 00e0 6F       		.byte	0x6f
 640 00e1 00000000 		.4byte	.LFB1
 641 00e5 18000000 		.4byte	.LFE1-.LFB1
 642 00e9 01       		.uleb128 0x1
 643 00ea 9C       		.byte	0x9c
 644 00eb 0A010000 		.4byte	0x10a
 645 00ef 07       		.uleb128 0x7
 646 00f0 06000000 		.4byte	.LASF19
 647 00f4 01       		.byte	0x1
 648 00f5 6F       		.byte	0x6f
 649 00f6 6B000000 		.4byte	0x6b
 650 00fa 21000000 		.4byte	.LLST1
 651 00fe 08       		.uleb128 0x8
 652 00ff CC000000 		.4byte	.LASF30
 653 0103 01       		.byte	0x1
 654 0104 71       		.byte	0x71
 655 0105 6B000000 		.4byte	0x6b
 656 0109 00       		.byte	0
 657 010a 09       		.uleb128 0x9
 658 010b A9000000 		.4byte	.LASF20
 659 010f 01       		.byte	0x1
 660 0110 88       		.byte	0x88
 661 0111 6B000000 		.4byte	0x6b
 662 0115 00000000 		.4byte	.LFB2
 663 0119 10000000 		.4byte	.LFE2-.LFB2
 664 011d 01       		.uleb128 0x1
 665 011e 9C       		.byte	0x9c
 666 011f 09       		.uleb128 0x9
 667 0120 74020000 		.4byte	.LASF21
 668 0124 01       		.byte	0x1
 669 0125 A4       		.byte	0xa4
 670 0126 6B000000 		.4byte	0x6b
 671 012a 00000000 		.4byte	.LFB3
 672 012e 10000000 		.4byte	.LFE3-.LFB3
 673 0132 01       		.uleb128 0x1
 674 0133 9C       		.byte	0x9c
 675 0134 06       		.uleb128 0x6
 676 0135 12020000 		.4byte	.LASF22
 677 0139 01       		.byte	0x1
 678 013a CF       		.byte	0xcf
 679 013b 00000000 		.4byte	.LFB4
 680 013f 14000000 		.4byte	.LFE4-.LFB4
 681 0143 01       		.uleb128 0x1
 682 0144 9C       		.byte	0x9c
 683 0145 75010000 		.4byte	0x175
 684 0149 07       		.uleb128 0x7
 685 014a 05010000 		.4byte	.LASF23
 686 014e 01       		.byte	0x1
 687 014f CF       		.byte	0xcf
ARM GAS  e:\temp\cczJcxHc.s 			page 33


 688 0150 77000000 		.4byte	0x77
 689 0154 42000000 		.4byte	.LLST2
 690 0158 0A       		.uleb128 0xa
 691 0159 0D020000 		.4byte	.LASF18
 692 015d 01       		.byte	0x1
 693 015e CF       		.byte	0xcf
 694 015f 77000000 		.4byte	0x77
 695 0163 01       		.uleb128 0x1
 696 0164 51       		.byte	0x51
 697 0165 0B       		.uleb128 0xb
 698 0166 15010000 		.4byte	.LASF25
 699 016a 01       		.byte	0x1
 700 016b D1       		.byte	0xd1
 701 016c 83000000 		.4byte	0x83
 702 0170 63000000 		.4byte	.LLST3
 703 0174 00       		.byte	0
 704 0175 0C       		.uleb128 0xc
 705 0176 15000000 		.4byte	.LASF24
 706 017a 01       		.byte	0x1
 707 017b EC       		.byte	0xec
 708 017c 6B000000 		.4byte	0x6b
 709 0180 00000000 		.4byte	.LFB5
 710 0184 14000000 		.4byte	.LFE5-.LFB5
 711 0188 01       		.uleb128 0x1
 712 0189 9C       		.byte	0x9c
 713 018a 0B       		.uleb128 0xb
 714 018b 3B020000 		.4byte	.LASF26
 715 018f 01       		.byte	0x1
 716 0190 EE       		.byte	0xee
 717 0191 6B000000 		.4byte	0x6b
 718 0195 80000000 		.4byte	.LLST4
 719 0199 00       		.byte	0
 720 019a 00       		.byte	0
 721              		.section	.debug_abbrev,"",%progbits
 722              	.Ldebug_abbrev0:
 723 0000 01       		.uleb128 0x1
 724 0001 11       		.uleb128 0x11
 725 0002 01       		.byte	0x1
 726 0003 25       		.uleb128 0x25
 727 0004 0E       		.uleb128 0xe
 728 0005 13       		.uleb128 0x13
 729 0006 0B       		.uleb128 0xb
 730 0007 03       		.uleb128 0x3
 731 0008 0E       		.uleb128 0xe
 732 0009 1B       		.uleb128 0x1b
 733 000a 0E       		.uleb128 0xe
 734 000b 55       		.uleb128 0x55
 735 000c 17       		.uleb128 0x17
 736 000d 11       		.uleb128 0x11
 737 000e 01       		.uleb128 0x1
 738 000f 10       		.uleb128 0x10
 739 0010 17       		.uleb128 0x17
 740 0011 00       		.byte	0
 741 0012 00       		.byte	0
 742 0013 02       		.uleb128 0x2
 743 0014 24       		.uleb128 0x24
 744 0015 00       		.byte	0
ARM GAS  e:\temp\cczJcxHc.s 			page 34


 745 0016 0B       		.uleb128 0xb
 746 0017 0B       		.uleb128 0xb
 747 0018 3E       		.uleb128 0x3e
 748 0019 0B       		.uleb128 0xb
 749 001a 03       		.uleb128 0x3
 750 001b 0E       		.uleb128 0xe
 751 001c 00       		.byte	0
 752 001d 00       		.byte	0
 753 001e 03       		.uleb128 0x3
 754 001f 24       		.uleb128 0x24
 755 0020 00       		.byte	0
 756 0021 0B       		.uleb128 0xb
 757 0022 0B       		.uleb128 0xb
 758 0023 3E       		.uleb128 0x3e
 759 0024 0B       		.uleb128 0xb
 760 0025 03       		.uleb128 0x3
 761 0026 08       		.uleb128 0x8
 762 0027 00       		.byte	0
 763 0028 00       		.byte	0
 764 0029 04       		.uleb128 0x4
 765 002a 16       		.uleb128 0x16
 766 002b 00       		.byte	0
 767 002c 03       		.uleb128 0x3
 768 002d 0E       		.uleb128 0xe
 769 002e 3A       		.uleb128 0x3a
 770 002f 0B       		.uleb128 0xb
 771 0030 3B       		.uleb128 0x3b
 772 0031 05       		.uleb128 0x5
 773 0032 49       		.uleb128 0x49
 774 0033 13       		.uleb128 0x13
 775 0034 00       		.byte	0
 776 0035 00       		.byte	0
 777 0036 05       		.uleb128 0x5
 778 0037 35       		.uleb128 0x35
 779 0038 00       		.byte	0
 780 0039 49       		.uleb128 0x49
 781 003a 13       		.uleb128 0x13
 782 003b 00       		.byte	0
 783 003c 00       		.byte	0
 784 003d 06       		.uleb128 0x6
 785 003e 2E       		.uleb128 0x2e
 786 003f 01       		.byte	0x1
 787 0040 3F       		.uleb128 0x3f
 788 0041 19       		.uleb128 0x19
 789 0042 03       		.uleb128 0x3
 790 0043 0E       		.uleb128 0xe
 791 0044 3A       		.uleb128 0x3a
 792 0045 0B       		.uleb128 0xb
 793 0046 3B       		.uleb128 0x3b
 794 0047 0B       		.uleb128 0xb
 795 0048 27       		.uleb128 0x27
 796 0049 19       		.uleb128 0x19
 797 004a 11       		.uleb128 0x11
 798 004b 01       		.uleb128 0x1
 799 004c 12       		.uleb128 0x12
 800 004d 06       		.uleb128 0x6
 801 004e 40       		.uleb128 0x40
ARM GAS  e:\temp\cczJcxHc.s 			page 35


 802 004f 18       		.uleb128 0x18
 803 0050 9742     		.uleb128 0x2117
 804 0052 19       		.uleb128 0x19
 805 0053 01       		.uleb128 0x1
 806 0054 13       		.uleb128 0x13
 807 0055 00       		.byte	0
 808 0056 00       		.byte	0
 809 0057 07       		.uleb128 0x7
 810 0058 05       		.uleb128 0x5
 811 0059 00       		.byte	0
 812 005a 03       		.uleb128 0x3
 813 005b 0E       		.uleb128 0xe
 814 005c 3A       		.uleb128 0x3a
 815 005d 0B       		.uleb128 0xb
 816 005e 3B       		.uleb128 0x3b
 817 005f 0B       		.uleb128 0xb
 818 0060 49       		.uleb128 0x49
 819 0061 13       		.uleb128 0x13
 820 0062 02       		.uleb128 0x2
 821 0063 17       		.uleb128 0x17
 822 0064 00       		.byte	0
 823 0065 00       		.byte	0
 824 0066 08       		.uleb128 0x8
 825 0067 34       		.uleb128 0x34
 826 0068 00       		.byte	0
 827 0069 03       		.uleb128 0x3
 828 006a 0E       		.uleb128 0xe
 829 006b 3A       		.uleb128 0x3a
 830 006c 0B       		.uleb128 0xb
 831 006d 3B       		.uleb128 0x3b
 832 006e 0B       		.uleb128 0xb
 833 006f 49       		.uleb128 0x49
 834 0070 13       		.uleb128 0x13
 835 0071 00       		.byte	0
 836 0072 00       		.byte	0
 837 0073 09       		.uleb128 0x9
 838 0074 2E       		.uleb128 0x2e
 839 0075 00       		.byte	0
 840 0076 3F       		.uleb128 0x3f
 841 0077 19       		.uleb128 0x19
 842 0078 03       		.uleb128 0x3
 843 0079 0E       		.uleb128 0xe
 844 007a 3A       		.uleb128 0x3a
 845 007b 0B       		.uleb128 0xb
 846 007c 3B       		.uleb128 0x3b
 847 007d 0B       		.uleb128 0xb
 848 007e 27       		.uleb128 0x27
 849 007f 19       		.uleb128 0x19
 850 0080 49       		.uleb128 0x49
 851 0081 13       		.uleb128 0x13
 852 0082 11       		.uleb128 0x11
 853 0083 01       		.uleb128 0x1
 854 0084 12       		.uleb128 0x12
 855 0085 06       		.uleb128 0x6
 856 0086 40       		.uleb128 0x40
 857 0087 18       		.uleb128 0x18
 858 0088 9742     		.uleb128 0x2117
ARM GAS  e:\temp\cczJcxHc.s 			page 36


 859 008a 19       		.uleb128 0x19
 860 008b 00       		.byte	0
 861 008c 00       		.byte	0
 862 008d 0A       		.uleb128 0xa
 863 008e 05       		.uleb128 0x5
 864 008f 00       		.byte	0
 865 0090 03       		.uleb128 0x3
 866 0091 0E       		.uleb128 0xe
 867 0092 3A       		.uleb128 0x3a
 868 0093 0B       		.uleb128 0xb
 869 0094 3B       		.uleb128 0x3b
 870 0095 0B       		.uleb128 0xb
 871 0096 49       		.uleb128 0x49
 872 0097 13       		.uleb128 0x13
 873 0098 02       		.uleb128 0x2
 874 0099 18       		.uleb128 0x18
 875 009a 00       		.byte	0
 876 009b 00       		.byte	0
 877 009c 0B       		.uleb128 0xb
 878 009d 34       		.uleb128 0x34
 879 009e 00       		.byte	0
 880 009f 03       		.uleb128 0x3
 881 00a0 0E       		.uleb128 0xe
 882 00a1 3A       		.uleb128 0x3a
 883 00a2 0B       		.uleb128 0xb
 884 00a3 3B       		.uleb128 0x3b
 885 00a4 0B       		.uleb128 0xb
 886 00a5 49       		.uleb128 0x49
 887 00a6 13       		.uleb128 0x13
 888 00a7 02       		.uleb128 0x2
 889 00a8 17       		.uleb128 0x17
 890 00a9 00       		.byte	0
 891 00aa 00       		.byte	0
 892 00ab 0C       		.uleb128 0xc
 893 00ac 2E       		.uleb128 0x2e
 894 00ad 01       		.byte	0x1
 895 00ae 3F       		.uleb128 0x3f
 896 00af 19       		.uleb128 0x19
 897 00b0 03       		.uleb128 0x3
 898 00b1 0E       		.uleb128 0xe
 899 00b2 3A       		.uleb128 0x3a
 900 00b3 0B       		.uleb128 0xb
 901 00b4 3B       		.uleb128 0x3b
 902 00b5 0B       		.uleb128 0xb
 903 00b6 27       		.uleb128 0x27
 904 00b7 19       		.uleb128 0x19
 905 00b8 49       		.uleb128 0x49
 906 00b9 13       		.uleb128 0x13
 907 00ba 11       		.uleb128 0x11
 908 00bb 01       		.uleb128 0x1
 909 00bc 12       		.uleb128 0x12
 910 00bd 06       		.uleb128 0x6
 911 00be 40       		.uleb128 0x40
 912 00bf 18       		.uleb128 0x18
 913 00c0 9742     		.uleb128 0x2117
 914 00c2 19       		.uleb128 0x19
 915 00c3 00       		.byte	0
ARM GAS  e:\temp\cczJcxHc.s 			page 37


 916 00c4 00       		.byte	0
 917 00c5 00       		.byte	0
 918              		.section	.debug_loc,"",%progbits
 919              	.Ldebug_loc0:
 920              	.LLST0:
 921 0000 00000000 		.4byte	.LVL0
 922 0004 08000000 		.4byte	.LVL1
 923 0008 0100     		.2byte	0x1
 924 000a 50       		.byte	0x50
 925 000b 08000000 		.4byte	.LVL1
 926 000f 18000000 		.4byte	.LFE0
 927 0013 0400     		.2byte	0x4
 928 0015 F3       		.byte	0xf3
 929 0016 01       		.uleb128 0x1
 930 0017 50       		.byte	0x50
 931 0018 9F       		.byte	0x9f
 932 0019 00000000 		.4byte	0
 933 001d 00000000 		.4byte	0
 934              	.LLST1:
 935 0021 00000000 		.4byte	.LVL2
 936 0025 06000000 		.4byte	.LVL3
 937 0029 0100     		.2byte	0x1
 938 002b 50       		.byte	0x50
 939 002c 06000000 		.4byte	.LVL3
 940 0030 18000000 		.4byte	.LFE1
 941 0034 0400     		.2byte	0x4
 942 0036 F3       		.byte	0xf3
 943 0037 01       		.uleb128 0x1
 944 0038 50       		.byte	0x50
 945 0039 9F       		.byte	0x9f
 946 003a 00000000 		.4byte	0
 947 003e 00000000 		.4byte	0
 948              	.LLST2:
 949 0042 00000000 		.4byte	.LVL4
 950 0046 08000000 		.4byte	.LVL7
 951 004a 0100     		.2byte	0x1
 952 004c 50       		.byte	0x50
 953 004d 08000000 		.4byte	.LVL7
 954 0051 14000000 		.4byte	.LFE4
 955 0055 0400     		.2byte	0x4
 956 0057 F3       		.byte	0xf3
 957 0058 01       		.uleb128 0x1
 958 0059 50       		.byte	0x50
 959 005a 9F       		.byte	0x9f
 960 005b 00000000 		.4byte	0
 961 005f 00000000 		.4byte	0
 962              	.LLST3:
 963 0063 04000000 		.4byte	.LVL5
 964 0067 06000000 		.4byte	.LVL6
 965 006b 0B00     		.2byte	0xb
 966 006d 70       		.byte	0x70
 967 006e 00       		.sleb128 0
 968 006f 0A       		.byte	0xa
 969 0070 FFFF     		.2byte	0xffff
 970 0072 1A       		.byte	0x1a
 971 0073 20       		.byte	0x20
 972 0074 73       		.byte	0x73
ARM GAS  e:\temp\cczJcxHc.s 			page 38


 973 0075 00       		.sleb128 0
 974 0076 1A       		.byte	0x1a
 975 0077 9F       		.byte	0x9f
 976 0078 00000000 		.4byte	0
 977 007c 00000000 		.4byte	0
 978              	.LLST4:
 979 0080 08000000 		.4byte	.LVL8
 980 0084 0C000000 		.4byte	.LVL9
 981 0088 0100     		.2byte	0x1
 982 008a 50       		.byte	0x50
 983 008b 0C000000 		.4byte	.LVL9
 984 008f 14000000 		.4byte	.LFE5
 985 0093 0400     		.2byte	0x4
 986 0095 72       		.byte	0x72
 987 0096 00       		.sleb128 0
 988 0097 06       		.byte	0x6
 989 0098 9F       		.byte	0x9f
 990 0099 00000000 		.4byte	0
 991 009d 00000000 		.4byte	0
 992              		.section	.debug_aranges,"",%progbits
 993 0000 44000000 		.4byte	0x44
 994 0004 0200     		.2byte	0x2
 995 0006 00000000 		.4byte	.Ldebug_info0
 996 000a 04       		.byte	0x4
 997 000b 00       		.byte	0
 998 000c 0000     		.2byte	0
 999 000e 0000     		.2byte	0
 1000 0010 00000000 		.4byte	.LFB0
 1001 0014 18000000 		.4byte	.LFE0-.LFB0
 1002 0018 00000000 		.4byte	.LFB1
 1003 001c 18000000 		.4byte	.LFE1-.LFB1
 1004 0020 00000000 		.4byte	.LFB2
 1005 0024 10000000 		.4byte	.LFE2-.LFB2
 1006 0028 00000000 		.4byte	.LFB3
 1007 002c 10000000 		.4byte	.LFE3-.LFB3
 1008 0030 00000000 		.4byte	.LFB4
 1009 0034 14000000 		.4byte	.LFE4-.LFB4
 1010 0038 00000000 		.4byte	.LFB5
 1011 003c 14000000 		.4byte	.LFE5-.LFB5
 1012 0040 00000000 		.4byte	0
 1013 0044 00000000 		.4byte	0
 1014              		.section	.debug_ranges,"",%progbits
 1015              	.Ldebug_ranges0:
 1016 0000 00000000 		.4byte	.LFB0
 1017 0004 18000000 		.4byte	.LFE0
 1018 0008 00000000 		.4byte	.LFB1
 1019 000c 18000000 		.4byte	.LFE1
 1020 0010 00000000 		.4byte	.LFB2
 1021 0014 10000000 		.4byte	.LFE2
 1022 0018 00000000 		.4byte	.LFB3
 1023 001c 10000000 		.4byte	.LFE3
 1024 0020 00000000 		.4byte	.LFB4
 1025 0024 14000000 		.4byte	.LFE4
 1026 0028 00000000 		.4byte	.LFB5
 1027 002c 14000000 		.4byte	.LFE5
 1028 0030 00000000 		.4byte	0
 1029 0034 00000000 		.4byte	0
ARM GAS  e:\temp\cczJcxHc.s 			page 39


 1030              		.section	.debug_line,"",%progbits
 1031              	.Ldebug_line0:
 1032 0000 C8000000 		.section	.debug_str,"MS",%progbits,1
 1032      02004600 
 1032      00000201 
 1032      FB0E0D00 
 1032      01010101 
 1033              	.LASF15:
 1034 0000 72656733 		.ascii	"reg32\000"
 1034      3200
 1035              	.LASF19:
 1036 0006 76616C75 		.ascii	"value\000"
 1036      6500
 1037              	.LASF4:
 1038 000c 6C6F6E67 		.ascii	"long int\000"
 1038      20696E74 
 1038      00
 1039              	.LASF24:
 1040 0015 44505F48 		.ascii	"DP_HPD_P2_ClearInterrupt\000"
 1040      50445F50 
 1040      325F436C 
 1040      65617249 
 1040      6E746572 
 1041              	.LASF29:
 1042 002e 433A5C55 		.ascii	"C:\\Users\\Admin\\Desktop\\_FIRMWARE\\DBARLite\\CYP"
 1042      73657273 
 1042      5C41646D 
 1042      696E5C44 
 1042      65736B74 
 1043 005b 44353232 		.ascii	"D5225\\CYPD5225-96BZXI_notebook\\CYPD5225-96BZXI_no"
 1043      355C4359 
 1043      50443532 
 1043      32352D39 
 1043      36425A58 
 1044 008c 7465626F 		.ascii	"tebook.cydsn\\backup_fw.cydsn\000"
 1044      6F6B2E63 
 1044      7964736E 
 1044      5C626163 
 1044      6B75705F 
 1045              	.LASF20:
 1046 00a9 44505F48 		.ascii	"DP_HPD_P2_Read\000"
 1046      50445F50 
 1046      325F5265 
 1046      616400
 1047              	.LASF12:
 1048 00b8 666C6F61 		.ascii	"float\000"
 1048      7400
 1049              	.LASF1:
 1050 00be 756E7369 		.ascii	"unsigned char\000"
 1050      676E6564 
 1050      20636861 
 1050      7200
 1051              	.LASF30:
 1052 00cc 64725661 		.ascii	"drVal\000"
 1052      6C00
 1053              	.LASF5:
 1054 00d2 6C6F6E67 		.ascii	"long unsigned int\000"
ARM GAS  e:\temp\cczJcxHc.s 			page 40


 1054      20756E73 
 1054      69676E65 
 1054      6420696E 
 1054      7400
 1055              	.LASF3:
 1056 00e4 73686F72 		.ascii	"short unsigned int\000"
 1056      7420756E 
 1056      7369676E 
 1056      65642069 
 1056      6E7400
 1057              	.LASF13:
 1058 00f7 646F7562 		.ascii	"double\000"
 1058      6C6500
 1059              	.LASF10:
 1060 00fe 75696E74 		.ascii	"uint16\000"
 1060      313600
 1061              	.LASF23:
 1062 0105 706F7369 		.ascii	"position\000"
 1062      74696F6E 
 1062      00
 1063              	.LASF11:
 1064 010e 75696E74 		.ascii	"uint32\000"
 1064      333200
 1065              	.LASF25:
 1066 0115 696E7472 		.ascii	"intrCfg\000"
 1066      43666700 
 1067              	.LASF8:
 1068 011d 756E7369 		.ascii	"unsigned int\000"
 1068      676E6564 
 1068      20696E74 
 1068      00
 1069              	.LASF7:
 1070 012a 6C6F6E67 		.ascii	"long long unsigned int\000"
 1070      206C6F6E 
 1070      6720756E 
 1070      7369676E 
 1070      65642069 
 1071              	.LASF27:
 1072 0141 474E5520 		.ascii	"GNU C11 5.4.1 20160609 (release) [ARM/embedded-5-br"
 1072      43313120 
 1072      352E342E 
 1072      31203230 
 1072      31363036 
 1073 0174 616E6368 		.ascii	"anch revision 237715] -mcpu=cortex-m0 -mthumb -g -O"
 1073      20726576 
 1073      6973696F 
 1073      6E203233 
 1073      37373135 
 1074 01a7 73202D66 		.ascii	"s -ffunction-sections -ffat-lto-objects -finline-fu"
 1074      66756E63 
 1074      74696F6E 
 1074      2D736563 
 1074      74696F6E 
 1075 01da 6E637469 		.ascii	"nctions -flto -fno-strict-aliasing\000"
 1075      6F6E7320 
 1075      2D666C74 
 1075      6F202D66 
ARM GAS  e:\temp\cczJcxHc.s 			page 41


 1075      6E6F2D73 
 1076              	.LASF17:
 1077 01fd 44505F48 		.ascii	"DP_HPD_P2_Write\000"
 1077      50445F50 
 1077      325F5772 
 1077      69746500 
 1078              	.LASF18:
 1079 020d 6D6F6465 		.ascii	"mode\000"
 1079      00
 1080              	.LASF22:
 1081 0212 44505F48 		.ascii	"DP_HPD_P2_SetInterruptMode\000"
 1081      50445F50 
 1081      325F5365 
 1081      74496E74 
 1081      65727275 
 1082              	.LASF6:
 1083 022d 6C6F6E67 		.ascii	"long long int\000"
 1083      206C6F6E 
 1083      6720696E 
 1083      7400
 1084              	.LASF26:
 1085 023b 6D61736B 		.ascii	"maskedStatus\000"
 1085      65645374 
 1085      61747573 
 1085      00
 1086              	.LASF14:
 1087 0248 63686172 		.ascii	"char\000"
 1087      00
 1088              	.LASF2:
 1089 024d 73686F72 		.ascii	"short int\000"
 1089      7420696E 
 1089      7400
 1090              	.LASF9:
 1091 0257 75696E74 		.ascii	"uint8\000"
 1091      3800
 1092              	.LASF16:
 1093 025d 44505F48 		.ascii	"DP_HPD_P2_SetDriveMode\000"
 1093      50445F50 
 1093      325F5365 
 1093      74447269 
 1093      76654D6F 
 1094              	.LASF21:
 1095 0274 44505F48 		.ascii	"DP_HPD_P2_ReadDataReg\000"
 1095      50445F50 
 1095      325F5265 
 1095      61644461 
 1095      74615265 
 1096              	.LASF28:
 1097 028a 47656E65 		.ascii	"Generated_Source\\PSoC4\\DP_HPD_P2.c\000"
 1097      72617465 
 1097      645F536F 
 1097      75726365 
 1097      5C50536F 
 1098              	.LASF0:
 1099 02ad 7369676E 		.ascii	"signed char\000"
 1099      65642063 
 1099      68617200 
ARM GAS  e:\temp\cczJcxHc.s 			page 42


 1100              		.comm	__gnu_lto_v1,1,1
 1101              		.ident	"GCC: (GNU Tools for ARM Embedded Processors) 5.4.1 20160609 (release) [ARM/embedded-5-bran
