ARM GAS  e:\temp\ccxCXBEb.s 			page 1


   1              		.syntax unified
   2              		.cpu cortex-m0
   3              		.fpu softvfp
   4              		.eabi_attribute 20, 1
   5              		.eabi_attribute 21, 1
   6              		.eabi_attribute 23, 3
   7              		.eabi_attribute 24, 1
   8              		.eabi_attribute 25, 1
   9              		.eabi_attribute 26, 1
  10              		.eabi_attribute 30, 4
  11              		.eabi_attribute 34, 0
  12              		.eabi_attribute 18, 4
  13              		.thumb
  14              		.syntax unified
  15              		.file	"EC_INT.c"
  16              		.text
  17              	.Ltext0:
  18              		.section	.gnu.lto_.profile.6240a41c,"",%progbits
  19 0000 789C6361 		.ascii	"x\234ca`d`a`\000\222\352\212\000\000\331\000S"
  19      60646061 
  19      600092EA 
  19      8A0000D9 
  19      0053
  20              		.text
  21              		.section	.gnu.lto_.icf.6240a41c,"",%progbits
  22 0000 789C6361 		.ascii	"x\234ca`d\000\0015\006\004`ch\230w}\026#\343\362{7'"
  22      60640001 
  22      35060460 
  22      63689877 
  22      7D1623E3 
  23 0018 70331D5E 		.ascii	"p3\035^\326=\203\223y\303\323\307\023\031Y\2367-\335"
  23      D63D8393 
  23      79C3D3C7 
  23      1319599E 
  23      372DDD
  24 002b CCC3FAFC 		.ascii	"\314\303\372\374\373\345\251\\\014\000Q\003\021\206"
  24      FBE5A95C 
  24      0C005103 
  24      1186
  25              		.text
  26              		.section	.gnu.lto_.jmpfuncs.6240a41c,"",%progbits
  27 0000 789C45C9 		.ascii	"x\234E\311\261\001\000 \010\300\260\026\320+\374\225"
  27      B1010020 
  27      08C0B016 
  27      D02BFC95 
  28 0010 D795C90C 		.ascii	"\327\225\311\014]Z\3108|\033\265\235\004$Thv\257\367"
  28      5D5AC838 
  28      7C1BB59D 
  28      04245468 
  28      76AFF7
  29 0023 2E215502 		.ascii	".!U\002@"
  29      40
  30              		.text
  31              		.section	.gnu.lto_.inline.6240a41c,"",%progbits
  32 0000 789C658D 		.ascii	"x\234e\215\311\015\2000\014\004\327\216\343\030\011"
  32      C90D8030 
  32      0C04D78E 
ARM GAS  e:\temp\ccxCXBEb.s 			page 2


  32      E31809
  33 000f 093A4807 		.ascii	"\011:H\007\224@\245<R\012%P\012%`\203\004B\231\307>"
  33      9440A53C 
  33      520A2550 
  33      0A256083 
  33      044299C7 
  34 0024 767C0808 		.ascii	"v|\010\010\301\206\017\005\254\020\301\\%\333Wh\253"
  34      C1860F05 
  34      AC10C15C 
  34      25DB5768 
  34      AB
  35 0035 0C3E2609 		.ascii	"\014>&\011K\030\254\223\322\352-\031\232\011\254\347"
  35      4B18AC93 
  35      D2EA2D19 
  35      9A09ACE7 
  36 0045 F2F44EEA 		.ascii	"\362\364N\352+\211\023\214\331OP\204\374\237x\2141\226"
  36      2B89138C 
  36      D94F5084 
  36      FC9F788C 
  36      3196
  37 0057 51D4375F 		.ascii	"Q\3247_\031\\\353\300\017\342"
  37      195CEBC0 
  37      0FE2
  38              		.text
  39              		.section	.gnu.lto_.pureconst.6240a41c,"",%progbits
  40 0000 789C6361 		.ascii	"x\234ca`d\340e```c\220b\224b\222b\226b\221b\225\002"
  40      6064E065 
  40      60606063 
  40      90629462 
  40      92629662 
  41 0018 00059500 		.ascii	"\000\005\225\000\304"
  41      C4
  42              		.text
  43              		.section	.gnu.lto_EC_INT_SetDriveMode.6240a41c,"",%progbits
  44 0000 789C7D51 		.ascii	"x\234}Q\317+DQ\030\375\316\275o\336\220\260Uf1e1\331"
  44      CF2B4451 
  44      18FDCEBD 
  44      6FDE90B0 
  44      55663165 
  45 0016 48F11F48 		.ascii	"H\361\037H\262\221\260$\211\267dJ\254\347\316\274y\221"
  45      B291B024 
  45      89B7644A 
  45      ACE7CEBC 
  45      7991
  46 0028 D594280B 		.ascii	"\325\224(\013Y\311\357\031Rd7\215X\262\223\225\244<"
  46      59C9EF19 
  46      5264378D 
  46      58B29395 
  46      A43C
  47 003a 65353328 		.ascii	"e53(\011\317\367\275\231\265[\367\373\276{:\347t\356"
  47      09CFF7BD 
  47      99B55BF7 
  47      FBBE7B3A 
  47      E774EE
  48 004d BD168164 		.ascii	"\275\026\201d]rKpo\347\015MP\271\033\242t\203\002d0"
  48      5D724B70 
  48      6FE70D4D 
ARM GAS  e:\temp\ccxCXBEb.s 			page 3


  48      50B91BA2 
  48      74830264 
  49 0062 0DA09442 		.ascii	"\015\240\224B\012\037\352G\241\264\344_\250\316\035"
  49      0A1FEA47 
  49      A1B4E45F 
  49      A8CE1D
  50 0071 C3EBD1F3 		.ascii	"\303\353\321\363\207\323\306k\3634Q\240B'\302\016:\231"
  50      87D3C66B 
  50      F33451A0 
  50      4227C20E 
  50      3A99
  51 0083 F576BABD 		.ascii	"\365v\272\275\332\244;@<Wn\312\017-\211mc2\306lL\030"
  51      DAA43B40 
  51      3C576ECA 
  51      0F2D896D 
  51      6332C66C 
  52 0099 ED696017 		.ascii	"\355i`\027\232\025\350\211\241;F\014\020\366\220\020"
  52      9A15E889 
  52      A13B460C 
  52      10F69010 
  53 00a9 F2D3C9EF 		.ascii	"\362\323\311\357Z\263\235\025\373x\315\024\373\260%"
  53      5AB39D15 
  53      FB78CD14 
  53      FBB025
  54 00b8 6661A468 		.ascii	"fa\244h\202\3005\305S\373\352\314nT,SZ\212\005\021G"
  54      82C035C5 
  54      53FBEACC 
  54      6E542C53 
  54      5A8A0511 
  55 00cd 64B4A544 		.ascii	"d\264\245D\245\020\225yK\374\212R\322\265\217\322\327"
  55      A5109579 
  55      4BFC8A52 
  55      D2B58FD2 
  55      D7
  56 00de CADD862D 		.ascii	"\312\335\206-~\256\226\253\254{\245\333\350\273\362"
  56      7EAE96AB 
  56      AC7BA5DB 
  56      E8BBF2
  57 00ed B40E739E 		.ascii	"\264\016s\236_\246_T\355\270\234\315\031\213\241\334"
  57      5FA65F54 
  57      EDB89CCD 
  57      198BA1DC 
  58 00fd E789B1B6 		.ascii	"\347\211\261\266\260\231\316\302\323\026\016\021\303"
  58      B099CEC2 
  58      D3160E11 
  58      C3
  59 010a 01629CE9 		.ascii	"\001b\234\351\010[ \037\356w\335N\327\034\367\237\357"
  59      085B201F 
  59      EE77DD4E 
  59      D71CF79F 
  59      EF
  60 011b 8F21160A 		.ascii	"\217!\026\012AP\011Z\221g\266\217L5Z\243E\\m\211\254"
  60      4150095A 
  60      9167B68F 
  60      4C355AA3 
  60      455C6D89 
  61 0130 5C9709C4 		.ascii	"\\\227\011\304\262|\365=o\213,\202V\024B\211\373Y\247"
ARM GAS  e:\temp\ccxCXBEb.s 			page 4


  61      B27CF53D 
  61      6F8B2C82 
  61      56144289 
  61      FB59A7
  62 0143 4443739B 		.ascii	"DCs\233\241\322:\004\372/\3261\307b\011\275\"S<\277"
  62      A1D23A04 
  62      FA2FD631 
  62      C76209BD 
  62      22533CBF 
  63 0157 56420F7F 		.ascii	"VB\017\177\245\254 o\300/\022\037p\346\234\371\251\005"
  63      A5AC206F 
  63      C02F121F 
  63      70E69CF9 
  63      A905
  64 0169 67667234 		.ascii	"gfr4\2718?\355\214\017\217&\373z\307\373\373&\007\207"
  64      B9383FED 
  64      8C0F8F26 
  64      FB7AC7FB 
  64      FB260787 
  65 017d C6BAA6C9 		.ascii	"\306\272\246\311\232M\3168\1778\344\235\242"
  65      9A4DCE38 
  65      7F38E49D 
  65      A2
  66              		.text
  67              		.section	.gnu.lto_EC_INT_Write.6240a41c,"",%progbits
  68 0000 789C5551 		.ascii	"x\234UQKk\023a\024\275\347\373\346Ub\360\007\230E@J"
  68      4B6B1361 
  68      14BDE7FB 
  68      E65562F0 
  68      07984540 
  69 0015 C9A614F4 		.ascii	"\311\246\024\364\037\024)nDZq\025,\241\235\225\301B"
  69      1F14296E 
  69      445A7115 
  69      2CA19D95 
  69      C142
  70 0027 B0DDF6CB 		.ascii	"\260\335\366\313\033tS\027\326\205\230\202\017\032\237"
  70      1B745317 
  70      D6859882 
  70      0F1A9F
  71 0036 B58A0545 		.ascii	"\265\212\005Ea\234Mq\023\021E\024\352\253`\244\335\230"
  71      619C4D71 
  71      13114514 
  71      EAAB60A4 
  71      DD98
  72 0048 6A8BA2D5 		.ascii	"j\213\242\325x\357\314\306\\\346{\314\231s\356=\367"
  72      78EFCCC6 
  72      5CE67BCC 
  72      9973EE3D 
  72      F7
  73 0059 8E452089 		.ascii	"\216E \211\223\212h\220\317}\274\240\011j\256ET\364"
  73      938A6890 
  73      CF7DBCA0 
  73      096AAE45 
  73      54F4
  74 006b 142017E3 		.ascii	"\024 \027\343\201f\025f\261\243\376(\204\365\366C\225"
  74      81661566 
  74      B1A3FE28 
ARM GAS  e:\temp\ccxCXBEb.s 			page 5


  74      84F5F643 
  74      95
  75 007c 59341C1F 		.ascii	"Y4\034\037?\377\0302\315\000UM\324UQ&\302\"2\314\372"
  75      3FFF1832 
  75      CD00554D 
  75      D4555126 
  75      C22232CC 
  76 0091 F2B8FE0A 		.ascii	"\362\270\376\012z?\210\357\265p\247\223\030\270fL\311"
  76      7A3F88EF 
  76      B570A793 
  76      18B8664C 
  76      C9
  77 00a2 98EF59A3 		.ascii	"\230\357Y\243\253\032hB\263\002\007R\030J\021\003\204"
  77      AB1A6842 
  77      B3020752 
  77      184A1103 
  77      84
  78 00b3 EB1810F2 		.ascii	"\353\030\020\362Fx6\2573\221nu\345\\\027\375WD\027\274"
  78      467836AF 
  78      33916E75 
  78      E55C17FD 
  78      574417BC 
  79 00c7 5C4D5E30 		.ascii	"\\M^0A1-\332\033\377k%\230\273\276\374\367|\322\251"
  79      41312DDA 
  79      1BFF6B25 
  79      98BBBEFC 
  79      F77CD2A9 
  80 00db 88AB346E 		.ascii	"\210\2534n\242?\366\203[p\270C\010\2624\032\230n\267"
  80      A23FF683 
  80      5B70B843 
  80      08B2341A 
  80      986EB7
  81 00ee 6C8217EE 		.ascii	"l\202\027\356\3237nBqU\245y\323\026\311g\033\342\300"
  81      D3376E42 
  81      7155A579 
  81      D316C967 
  81      1BE2C0
  82 0101 11C095CD 		.ascii	"\021\300\225\315\213\320>a\021ux\311$\266\224\222S\267"
  82      8BD03E61 
  82      117578C9 
  82      24B69492 
  82      53B7
  83 0113 11FE3AD3 		.ascii	"\021\376:\323j\314H\376\262\226\251\314W\303\347\356"
  83      6ACC48FE 
  83      B296A9CC 
  83      57C3E7EE 
  84 0123 B6AA6A2B 		.ascii	"\266\252j+\262\376\273\265\3755\021\277\232\312\234"
  84      B2FEBBB5 
  84      FD3511BF 
  84      9ACA9C
  85 0132 B118BAF8 		.ascii	"\261\030\272\370`\345]r\001\227\212\025\236\227\215"
  85      60E55D72 
  85      01978A15 
  85      9E978D
  86 0141 3B48E136 		.ascii	";H\3416\330?\226\260\000j\243\364\255\276\246\342\204"
  86      D83F96B0 
  86      006AA3F4 
ARM GAS  e:\temp\ccxCXBEb.s 			page 6


  86      ADBEA6E2 
  86      84
  87 0152 9A733252 		.ascii	"\232s2R\336\255\255!F,\0069\307\346\326\345fTE\343\003"
  87      DEADAD21 
  87      462C0639 
  87      C7E6D6E5 
  87      665445E3 
  88 0167 7097E5EB 		.ascii	"p\227\345\353\2104\342\225Y\"\352\324^7N\304*~lV=\273"
  88      8834E295 
  88      5922EAD4 
  88      5E374EC4 
  88      2A7E6C56 
  89 017d FA68778F 		.ascii	"\372hw\217\250\034\330XfQOj\227yL\252o\230'\226\220"
  89      A81CD858 
  89      66514F6A 
  89      97794CAA 
  89      6F982796 
  90 0192 8034EEC5 		.ascii	"\2004\356\305\244\237NL\361\"\003no1/\366\374\2761\032"
  90      A49F4E4C 
  90      F122036E 
  90      6F312FF6 
  90      FCBE311A 
  91 01a6 93FA6228 		.ascii	"\223\372b(\234\377\264W\200\236\216\213\306$z\233\276"
  91      9CFFB457 
  91      809E8E8B 
  91      C6247A9B 
  91      BE
  92 01b7 CF4DB386 		.ascii	"\317M\263\2066Q\012\336\216\210 \372\223\035\005\031"
  92      36510ADE 
  92      8E8820FA 
  92      931D0519 
  93 01c7 308F3B3D 		.ascii	"0\217;=\342\237\362\013\271\323\376\344\370\330\324"
  93      E29FF20B 
  93      B9D3FEE4 
  93      F8D8D4
  94 01d6 7461C2CF 		.ascii	"ta\302\317\036\035\233\032>\230=4<~\370\310\261\301"
  94      1E1D9B1A 
  94      3E983D34 
  94      3C7EF8C8 
  94      B1C1
  95 01e8 09B26772 		.ascii	"\011\262gr\371i\337\236,\034\317\345\377\001\317\242"
  95      F969DF9E 
  95      2C1CCFE5 
  95      FF01CFA2 
  96 01f8 D454     		.ascii	"\324T"
  97              		.text
  98              		.section	.gnu.lto_EC_INT_Read.6240a41c,"",%progbits
  99 0000 789C2D8F 		.ascii	"x\234-\217\277KBQ\024\307\317\367\336\367L\036\365\027"
  99      BF4B4251 
  99      14C7CFF7 
  99      DEF74C1E 
  99      F517
 100 0012 E4206D2E 		.ascii	"\344 m.\021\324\322\324 \025-\021\331\024\202\204\275"
 100      11D4D2D4 
 100      20152D11 
 100      D9148284 
 100      BD
ARM GAS  e:\temp\ccxCXBEb.s 			page 7


 101 0023 35416AF6 		.ascii	"5Aj\366\351{\317 \032\\J\032\302%R\373AD\341\340\020"
 101      E97BCF20 
 101      1A5C4A1A 
 101      C22552FB 
 101      4144E1E0 
 102 0038 26414590 		.ascii	"&AE\220[[\020\021\016M&F\020\226\235\353\353\300=\347"
 102      5B5B1011 
 102      0E4D2646 
 102      10969DEB 
 102      EBC03DE7 
 103 004c DE733FF7 		.ascii	"\336s?\367\373=W#\220\212).#\\\207yA\022D\356\221(\355"
 103      FB3D5723 
 103      908A292E 
 103      235C8779 
 103      411244EE 
 104 0063 1780DA58 		.ascii	"\027\200\332X~PJ \205O\361#\360\360u\267m\204\212\226"
 104      7E504A20 
 104      854FF123 
 104      F0F075B7 
 104      6D848A96 
 105 0077 95B15EDC 		.ascii	"\225\261^\334\303\311|\251\006W\022\365\004a<\200\261"
 105      C3C97CA9 
 105      065712F5 
 105      04613C80 
 105      B1
 106 0088 80922822 		.ascii	"\200\222(\"D\214\276\236\377\356\014\371\034\213#\250"
 106      448CBE9E 
 106      FFEE0CF9 
 106      1C8B23A8 
 107 0098 00BE29C1 		.ascii	"\000\276)\301\247,\317\026kV\257g[\265\013\343\272b"
 107      A72CCF16 
 107      6B56AF67 
 107      5BB50BE3 
 107      BA62
 108 00aa 70CB95EC 		.ascii	"p\313\225\354\313ISI'\245H-~\241\374?\204PU6Q\377\336"
 108      CB495349 
 108      27A5482D 
 108      7EA1FC3F 
 108      84505536 
 109 00c1 7A2A2F2B 		.ascii	"z*/+\021[J6\330u\353\215\201\216p\245\200\362\253\346"
 109      115B4A36 
 109      D875EB8D 
 109      818E70A5 
 109      80F2ABE6 
 110 00d5 2B57D23B 		.ascii	"+W\322;:N\316\322\270\325x\336k\031\005\354\247\035"
 110      3A4ECED2 
 110      B8D578DE 
 110      6B1905EC 
 110      A71D
 111 00e7 9E52E208 		.ascii	"\236R\342\010\001\224\3013\342\030\005P\023v{\206l\011"
 111      0194C133 
 111      E2180550 
 111      13767B86 
 111      6C09
 112 00f9 4FEEFEA0 		.ascii	"O\356\376\240\332\035T\3575\3508a\214\357\273\331\216"
 112      DA1D54EF 
 112      35E83861 
ARM GAS  e:\temp\ccxCXBEb.s 			page 8


 112      8CEFBBD9 
 112      8E
 113 010a EE196ACC 		.ascii	"\356\031j\3141tys\233\365+\010\034\247}(\323\336|\203"
 113      31747973 
 113      9BF52B08 
 113      1CA77D28 
 113      D3DE7C83 
 114 011e 07E9CCD1 		.ascii	"\007\351\314\321;\304\377\211\372\337\200\032\237?\023"
 114      3BC4FF89 
 114      FADF801A 
 114      9F3F13
 115 012d 9C35D7CC 		.ascii	"\2345\327\314\344\312\272\271\032\213$6\222q3\272\020"
 115      E4CABAB9 
 115      1A8B2436 
 115      927133BA 
 115      10
 116 013e 498427A2 		.ascii	"I\204'\242\323\341\330\334\374\322h\234\376\0007\214"
 116      D3E1D8DC 
 116      FCD2689C 
 116      FE00378C 
 117 014e 740B     		.ascii	"t\013"
 118              		.text
 119              		.section	.gnu.lto_EC_INT_ReadDataReg.6240a41c,"",%progbits
 120 0000 789C2D8F 		.ascii	"x\234-\217\277KBQ\024\307\317\367\336\367J2\377\202"
 120      BF4B4251 
 120      14C7CFF7 
 120      DEF74A32 
 120      FF82
 121 0012 1CA4CD25 		.ascii	"\034\244\315%\202Z\232\032\244\242%\"\233B\220\260\267"
 121      825A9A1A 
 121      A4A22522 
 121      9B4290B0 
 121      B7
 122 0023 2648CD5E 		.ascii	"&H\315^}>\203hp\251\006)\227@+#\242\037C\223IP\021\330"
 122      7D3E8368 
 122      70A90629 
 122      97402B23 
 122      A21F4393 
 123 003b 5F104484 		.ascii	"_\020D\204CK%VP\226\235\353\353\300=\347\336s?\367\373"
 123      434B2556 
 123      50969DEB 
 123      EBC03DE7 
 123      DE733FF7 
 124 0050 3DD72090 		.ascii	"=\327 \220\216Q.\375\\\373xA\022D\256F\224\362\010@"
 124      8E512EFD 
 124      5CFB7841 
 124      1244AE46 
 124      94F20840 
 125 0064 6F940794 		.ascii	"o\224\007\224\024H\342]\374\010\334~^\257\365\004\213"
 125      1448E25D 
 125      FC08DC7E 
 125      5EAFF504 
 125      8B
 126 0075 4AA5D583 		.ascii	"J\245\325\203s<\262Y\252\300\221DmA\030\362c\320\257"
 126      733CB259 
 126      AAC09144 
 126      6D4118F2 
ARM GAS  e:\temp\ccxCXBEb.s 			page 9


 126      63D0AF
 127 0088 258A0812 		.ascii	"%\212\010\022\243\217G\277\353\276\256\214\342\010h"
 127      A38F47BF 
 127      EBBEAE8C 
 127      E20868
 128 0097 806F4AE8 		.ascii	"\200oJ\350\322\226\2073\025\325n\333\252\222\367^l{"
 128      D2968733 
 128      15D56EDB 
 128      AA92F75E 
 128      6C7B
 129 00a9 B9E548F6 		.ascii	"\271\345H\366\345d\350d\222V\244W~\241\375\337\204\320"
 129      E564E864 
 129      9256A457 
 129      7EA1FDDF 
 129      84D0
 130 00bb 55D651FD 		.ascii	"U\326Q\375Z\375(\317i\021[J6\330p\252w\335M\341H\001"
 130      5AFD28CF 
 130      69115B4A 
 130      36D870AA 
 130      77DD4DE1 
 131 00d1 EDF75D6B 		.ascii	"\355\367]k\276x\335\243\312\344\224\301\255\374\351"
 131      BE78DDA3 
 131      CAE494C1 
 131      ADFCE9
 132 00e0 D9BDAF80 		.ascii	"\331\275\257\200\255T\206\247\224\330\203\037\273\340"
 132      AD5486A7 
 132      94D8831F 
 132      BBE0
 133 00ee 19B18F02 		.ascii	"\031\261\217\002\250\016\2731N\266\204+w\263s\336\352"
 133      A80EBB31 
 133      4EB6842B 
 133      77B373DE 
 133      EA
 134 00ff D5EF0D98 		.ascii	"\325\357\015\230(3\306\367\255l\323t\015\015\346\030"
 134      2833C6F7 
 134      AD6CD374 
 134      0D0DE618 
 135 010f 3AB9BCCA 		.ascii	":\271\274\312z4\004\216\203\016\224n\254<\301\205L\346"
 135      7A34048E 
 135      830E946E 
 135      AC3CC185 
 135      4CE6
 136 0121 E819E2FF 		.ascii	"\350\031\342\377D\235o@\217\317\237\011LX\213Vb~\311"
 136      449D6F40 
 136      8FCF9F09 
 136      4C588B56 
 136      627EC9
 137 0134 5A8886E3 		.ascii	"Z\210\206\343\313\211\230\025\231\016\307C\303\221\261"
 137      CB899815 
 137      990EC743 
 137      C391B1
 138 0143 5074726A 		.ascii	"Ptrjv F\177\260\334t\251"
 138      7620467F 
 138      B0DC74A9 
 139              		.text
 140              		.section	.gnu.lto_EC_INT_SetInterruptMode.6240a41c,"",%progbits
 141 0000 789C6D91 		.ascii	"x\234m\221Mh\023A\024\307\347\315\354f7I\273z\361d\017"
ARM GAS  e:\temp\ccxCXBEb.s 			page 10


 141      4D681341 
 141      14C7E7CD 
 141      EC663749 
 141      BB7AF164 
 142 0015 0129A120 		.ascii	"\001)\241 B\301\203g\203\210\227R\254\307B)\355*9\230"
 142      42C18367 
 142      83889752 
 142      ACC74229 
 142      ED2A3998 
 143 0029 488CE74E 		.ascii	"H\214\347N\262\233\024\212HQ\014X\015\005eI\265j?-\330"
 143      B29B148A 
 143      48510C58 
 143      0D056549 
 143      B56A3F2D 
 144 003e D31A140F 		.ascii	"\323\032\024\017~\321Z\021\025E+\246PzH\253\242\024"
 144      7ED15A11 
 144      15452BA6 
 144      507A48AB 
 144      A214
 145 0050 6D7C6F27 		.ascii	"m|o'\227\202\003\2733\357\307{\377\371\2777\032\003"
 145      978203BB 
 145      33EFC77B 
 145      FFF9BF37 
 145      1A03
 146 0062 46ABC219 		.ascii	"F\253\302\031;\202\373~\374@0\340\243/\031\313\231\034"
 146      3B82FB7E 
 146      FC4030E0 
 146      A32F19CB 
 146      991C
 147 0074 800ED204 		.ascii	"\200\016\322\0046\304a\010~\362\277\034\252\303\265"
 147      36C46108 
 147      7EF2BF1C 
 147      AAC3B5
 148 0083 87BCA322 		.ascii	"\207\274\243\"q}\376\266\326)'|(\010\306\032<PbP\201"
 148      717DFEB6 
 148      D629277C 
 148      2808C61A 
 148      3C506250 
 149 0098 0ECC7AD2 		.ascii	"\016\314z\322\370\345\357\371\301\013\002\200\212\226"
 149      F8E5EFF9 
 149      C10B0280 
 149      8A96
 150 00a6 EBCFCB51 		.ascii	"\353\317\313Q\0129\354\305pl\335+Y\342\0000<\257\315"
 150      0A39ECC5 
 150      706CDD2B 
 150      59E20030 
 150      3CAFCD
 151 00b9 DF7C1B89 		.ascii	"\337|\033\211{R\346\245\274\336/\365\202\020p\007\004"
 151      7B52E6A5 
 151      BCDE2FF5 
 151      82107007 
 151      04
 152 00ca EAC16D68 		.ascii	"\352\301mh\203\011hc\210\030LB\034\263\277\317yW\242"
 152      83096863 
 152      88184C42 
 152      1CB3BFCF 
 152      7957A2
ARM GAS  e:\temp\ccxCXBEb.s 			page 11


 153 00dd E26050B9 		.ascii	"\342`P\271\345xNK\263\362c\263\362\356\177*\357A\234"
 153      E5784E4B 
 153      B3F263B3 
 153      F2EE7F2A 
 153      EF419C
 154 00f0 D297DCE9 		.ascii	"\322\227\334\351\033BY\3220\334|1\366\325R\226b\030"
 154      1B4259D2 
 154      30DC7C31 
 154      F6D55296 
 154      6218
 155 0102 4E7A6F3C 		.ascii	"Nzo<.:\003\341\221w\227g[\333o\221\260\377\372\222u"
 155      2E3A03E1 
 155      91779767 
 155      5BDB6F91 
 155      B0FFFA92 
 156 0117 4DFA6EAC 		.ascii	"M\372n\254 4\230V\342S(~\037\305ia\366\352\314\316\325"
 156      20349856 
 156      E253287E 
 156      1FC56961 
 156      F6EACCCE 
 157 012c D6904B03 		.ascii	"\326\220K\003\211\301\014\264\253Q\300,\204p\270@d\352"
 157      89C10CB4 
 157      AB51C02C 
 157      8470B840 
 157      64EA
 158 013e A42F1B0D 		.ascii	"\244/\033\015G\372K\326\243\367V\013G[:\272\300\216"
 158      47FA4BD6 
 158      A3F7560B 
 158      475B3ABA 
 158      C08E
 159 0150 343AEAF4 		.ascii	"4:\352\364\0131\3124\200\334\232\010Ba\242\021\3721"
 159      0B31CA34 
 159      80DC9A08 
 159      4261A211 
 159      FA31
 160 0162 5647457A 		.ascii	"VGEz\211M\316i\0275\250n\217|Z\354\246K\034A\003.\025"
 160      894DCE69 
 160      1735A86E 
 160      8F7C5AEC 
 160      A64B1C41 
 161 0179 AAAF0CEA 		.ascii	"\252\257\014\352\306\010:(\273O\217\252\350\242;*\251"
 161      C6083A28 
 161      BB4F8FAA 
 161      E8A23B2A 
 161      A9
 162 018a DD672B0B 		.ascii	"\335g+\013\333\3268\224s.>\227\011\363\330\303\034\365"
 162      DBD63894 
 162      732E3E97 
 162      09F3D8C3 
 162      1CF5
 163 019c 000F601C 		.ascii	"\000\017`\034X\015\362[\303+\272\322\323\034\234\032"
 163      580DF25B 
 163      C32BBAD2 
 163      D31C9C1A 
 164 01ac 929DE263 		.ascii	"\222\235\342cM\021\035!\022\347Oq\003\024\241k\221\263"
 164      4D111D21 
 164      12E74F71 
ARM GAS  e:\temp\ccxCXBEb.s 			page 12


 164      0314A16B 
 164      91B3
 165 01be 55E041A7 		.ascii	"U\340A\247\350\035\241\312\251-.7\263LTr\204\021\310"
 165      E81DA1CA 
 165      A92D2E37 
 165      B34C5472 
 165      8411C8
 166 01d1 1B0A8591 		.ascii	"\033\012\205\221R\332\357\342\206P$\022\250\205\021"
 166      52DAEFE2 
 166      86502412 
 166      A88511
 167 01e0 564B5FF6 		.ascii	"VK_\366\021\333e7'et\267\343\005t\214el\035\362\376"
 167      11DB6537 
 167      276574B7 
 167      E305748C 
 167      656C1DF2 
 168 01f5 872E2A08 		.ascii	"\207.*\010\236\242\316\201\206\203\243\212\035\267S"
 168      9EA2CE81 
 168      8683A38A 
 168      1DB753
 169 0204 76A63F6B 		.ascii	"v\246?k\017\366\365\244/d\006\354\336\356\236t\342p"
 169      0FF6F5A4 
 169      2F6406EC 
 169      DEEE9E74 
 169      E270
 170 0216 EFB144DF 		.ascii	"\357\261D\337\211\256S\207\006\230y.}>\231M\246S\332"
 170      89AE5387 
 170      0698792E 
 170      7D3E994D 
 170      A653DA
 171 0229 D9F4A06D 		.ascii	"\331\364\240m$S\331L\342\364\231\177)$\354\345"
 171      2453D94C 
 171      E2F4997F 
 171      2924ECE5 
 172              		.text
 173              		.section	.gnu.lto_EC_INT_ClearInterrupt.6240a41c,"",%progbits
 174 0000 789C5590 		.ascii	"x\234U\220\315K[A\024\305\357\231y\317D\211\372\007"
 174      CD4B5B41 
 174      14C5EF99 
 174      79CF4489 
 174      FA07
 175 0012 9845A0B8 		.ascii	"\230E\240\270p\243B\273\320\265HqS\304\270\024B\320"
 175      70A342BB 
 175      D0B54871 
 175      53C4B814 
 175      42D0
 176 0024 B7122B68 		.ascii	"\267\022+h\334\352\304\344\331R\012\315\246\012\202"
 176      DCEAC4E4 
 176      D9520ACD 
 176      A60A82
 177 0033 282826F5 		.ascii	"((&\365\263]\270Q\"\257A\304\017l\241{\241(\270\020"
 177      B35DB851 
 177      22AF41C4 
 177      0F6CA17B 
 177      A128B810 
 178 0047 0A55FC00 		.ascii	"\012U\374\000MM\357\315s\241\003\217\2319\357\236\337"
 178      4D4DEFCD 
ARM GAS  e:\temp\ccxCXBEb.s 			page 13


 178      73A1038F 
 178      9939EF9E 
 178      DF
 179 0058 9C7B2D02 		.ascii	"\234{-\002\311:\346\255\211\367:\376\240\011*\363\203"
 179      C93AE6AD 
 179      89F73AFE 
 179      A0092AF3 
 179      83
 180 0069 28195480 		.ascii	"(\031T\200\034L\0204\2460\206k\365O\341\360v\357cUC"
 180      1C4C1034 
 180      A630866B 
 180      F54FE1F0 
 180      76EF6355 
 181 007e D69871F3 		.ascii	"\326\230q\363\333\275m\235\312yp5QI\021^\206\321\034"
 181      DBBD6D9D 
 181      CA797035 
 181      5149115E 
 181      86D11C
 182 0091 1644160D 		.ascii	"\026D\026\015\304\245\247k\367\331j\375\002r>Z\374\263"
 182      C4A5A76B 
 182      F7D96AFD 
 182      02723E5A 
 182      FCB3
 183 00a3 81FA79B1 		.ascii	"\201\372y\261y\371O\241)\343%#\354C\016\372\251\225"
 183      79F94FA1 
 183      29E32523 
 183      EC430EFA 
 183      A995
 184 00b5 A4F6E4DB 		.ascii	"\244\366\344\333\303\347\352\212\264\341\025\301\027"
 184      C3E7EA8A 
 184      B4E115C1 
 184      17
 185 00c2 D40B9CA9 		.ascii	"\324\013\234\251K\250\340\234\020e\275\3133\245R\312"
 185      4BA8E09C 
 185      1065BDCB 
 185      33A552CA 
 186 00d2 785BB5DF 		.ascii	"x[\265\337\177\325\006\025\271\232s\273ZY$\277m\271"
 186      7FD50615 
 186      B99A73BB 
 186      5A5924BF 
 186      6DB9
 187 00e4 074872D1 		.ascii	"\007Hr\321_\366J\027\027J\311\256\317P\270\373p\223"
 187      5FF64A17 
 187      174AC9AE 
 187      CF50B8FB 
 187      7093
 188 00f6 1F155C4A 		.ascii	"\037\025\\JKG\223n\341g\340J\271Z\227\223N\337\317\275"
 188      4B47936E 
 188      E167E04A 
 188      B95A9793 
 188      4EDFCFBD 
 189 010a 877FCDA4 		.ascii	"\207\177\315\2443\306b\311=\310\036V\316b&\231\346^"
 189      33C662C9 
 189      3DC81E56 
 189      CE622699 
 189      E65E
 190 011c 2DAC208C 		.ascii	"-\254 \214ep\\\254b\026t\206\361\313wE\345\00353YI\025"
ARM GAS  e:\temp\ccxCXBEb.s 			page 14


 190      65705CAC 
 190      62167486 
 190      F1CB7745 
 190      E5033533 
 191 0133 2776E02B 		.ascii	"'v\340+\026\213\314\2708\232>\255\021\254B\004k\354"
 191      168BCCB8 
 191      389A3EAD 
 191      11AC4204 
 191      6BEC
 192 0145 3E41D922 		.ascii	">A\331\"y\271\310\247<\344\273|\223\355K\205\3112\344"
 192      79B9C8A7 
 192      3CE4BB7C 
 192      93ED4B85 
 192      C932E4
 193 0158 5984A431 		.ascii	"Y\204\2441\366\363\024\353\234\202-\362\354\345\304"
 193      F6F314EB 
 193      9C822DF2 
 193      ECE5C4
 194 0167 EE768B8F 		.ascii	"\356v\213\217\0100\202\215\373\013\233\305\220\274k"
 194      0830828D 
 194      FB0B9BC5 
 194      90BC6B
 195 0176 C3C657AE 		.ascii	"\303\306W\256?\307c\324\000\225\307\003\031\013\017"
 195      3FC763D4 
 195      0095C703 
 195      190B0F
 196 0185 29F2DA79 		.ascii	")\362\332y\353\014\305\023N_,:82\324\353\364tF\007\333"
 196      EB0CC513 
 196      4E5F2C3A 
 196      3832D4EB 
 196      F4744607 
 197 019a 5EF5B4B7 		.ascii	"^\365\264\267\305:\336t7\366Rh >\334\357\364E\023\361"
 197      C53ADE74 
 197      37F65268 
 197      203EDCEF 
 197      F44513F1 
 198 01ae C4C8F07F 		.ascii	"\304\310\360\177\324\257\252\271"
 198      D4AFAAB9 
 199              		.text
 200              		.section	.gnu.lto_.symbol_nodes.6240a41c,"",%progbits
 201 0000 789C6361 		.ascii	"x\234ca`d\310`\000\002&\206z\006\206\011\347\030@\324"
 201      6064C860 
 201      00022686 
 201      7A068609 
 201      E71840D4 
 202 0014 AE0645A0 		.ascii	"\256\006E\240\000c=#\252\000S=\023\252\000s=3\252\000"
 202      00633D23 
 202      AA00533D 
 202      13AA0073 
 202      3D33AA00 
 203 0028 4B3D0BAA 		.ascii	"K=\013\252\000k=+\212\000\003\000\305\333\026\342"
 203      006B3D2B 
 203      8A000300 
 203      C5DB16E2 
 204              		.text
 205              		.section	.gnu.lto_.refs.6240a41c,"",%progbits
 206 0000 789C6361 		.ascii	"x\234ca`\004B \000\000\0009\000\007"
ARM GAS  e:\temp\ccxCXBEb.s 			page 15


 206      60044220 
 206      00000039 
 206      0007
 207              		.text
 208              		.section	.gnu.lto_.decls.6240a41c,"",%progbits
 209 0000 789C8D54 		.ascii	"x\234\215TmL\223W\024\276\347\275m\205\2272\015s\033"
 209      6D4C9357 
 209      14BEE7BD 
 209      6D859732 
 209      0D731B
 210 0013 3F9A8CF9 		.ascii	"?\232\214\371\243\364\027\031b\226\3752KpS\223M\027"
 210      A3F41719 
 210      6296FD32 
 210      4B705393 
 210      4D17
 211 0025 D9DC1F13 		.ascii	"\331\334\037\023R\341\215\222,`jY\342\277\253(\350\266"
 211      52E18D92 
 211      2C606A59 
 211      E2BFAB28 
 211      E8B6
 212 0037 64CCE806 		.ascii	"d\314\350\006\012\361\2038\300\"\202\245H\213\033u\003"
 212      0AF18338 
 212      C02282A5 
 212      488B1B75 
 212      03
 213 0048 940F15BA 		.ascii	"\224\017\025\272\220\301\334\206\013s\363;l1\333\304"
 213      90C1DC86 
 213      0B73F33B 
 213      6C31DBC4 
 214 0058 6877EE47 		.ascii	"hw\356G\373\276j\311\270\351\271\237\347<\3479\317{"
 214      FBBE6AC9 
 214      B8E9B99F 
 214      E73CE739 
 214      CF7B
 215 006a 521B01C2 		.ascii	"R\033\001\302\307c;!\023\270\266\3411\216c\021\3567"
 215      C7633B21 
 215      13B8B6E1 
 215      318E6311 
 215      EE37
 216 007c 127338D0 		.ascii	"\022s8\320\202h!\264\036\264\010Z?\332 yv\004\225?\217"
 216      826821B4 
 216      1EB4085A 
 216      3FDA2079 
 216      7604953F 
 217 0091 6F47CB45 		.ascii	"oG\313E\213\241\215\243\255W>\240\374\236\036\034\177"
 217      8BA18DA3 
 217      AD573EA0 
 217      FC9E1E1C 
 217      7F
 218 00a2 D153B1AE 		.ascii	"\321S\261\256y\342C)\34297\373\377\344\355I\021\027"
 218      79E24329 
 218      E23937FB 
 218      FFE4ED49 
 218      1117
 219 00b4 59405C24 		.ascii	"Y@\\$E\034\327 ]\361\315B[\212\326\2076\252p\334\026"
 219      451CD720 
 219      5DF1CD42 
ARM GAS  e:\temp\ccxCXBEb.s 			page 16


 219      5B8AD687 
 219      36AA70DC 
 220 00c9 AC044E7F 		.ascii	"\254\004N\177\012\034\256\243c\0015\247\322\373\221"
 220      0A1CAEA3 
 220      630135A7 
 220      D2FB91
 221 00d8 06F1C6F6 		.ascii	"\006\361\306\366\226\364\2530\005\032\250\017J\000\344"
 221      96F4AB30 
 221      051AA80F 
 221      4A00E4
 222 00e7 0CC28834 		.ascii	"\014\302\2104q\304\215&f\222\274J.\204\317D\372\213"
 222      71C48D26 
 222      6692BC4A 
 222      2E84CF44 
 222      FA8B
 223 00f9 3B134CFC 		.ascii	";\023L\374\022k<1\004\210\211\016*\010\222\014d\224"
 223      126B3C31 
 223      0488890E 
 223      2A08920C 
 223      6494
 224 010b 7CD7941B 		.ascii	"|\327\224\033\221\340\232\031`\301\223t-\234\340\311"
 224      91E09A19 
 224      60C19374 
 224      2D9CE0C9 
 225 011b 9A2051F4 		.ascii	"\232 Q\364\316\246\303\373\323(b\342~\372A\313[ym\014"
 225      CEA6C3FB 
 225      D32862E2 
 225      7EFA41CB 
 225      5B796D0C 
 226 012f 472D635A 		.ascii	"G-cZ\236\251\314\351=\277\265\246\335\327\300\245C\034"
 226      9EA9CCE9 
 226      3DBFB5A6 
 226      DDD7C0A5 
 226      431C
 227 0141 F8F94EF8 		.ascii	"\370\371N\370A\246<\363\347\372\317g\036g\320\227\371"
 227      41A63CF3 
 227      E7FACF67 
 227      1E67D097 
 227      F9
 228 0152 5EFB7E26 		.ascii	"^\373~&p\323\006\036\375+\016s\355p\347\3120cK\240\035"
 228      70D3061E 
 228      FD2B0E73 
 228      ED70E7CA 
 228      30634BA0 
 229 0167 7468030A 		.ascii	"th\003\012\255\300Q1\016\347\275\214\355b\263\307\231"
 229      ADC05131 
 229      0EE7BD8C 
 229      ED62B3C7 
 229      99
 230 0178 239B4081 		.ascii	"#\233@\201\013^u\0218\005\036\216\311\275 \000.8\011"
 230      0B5E7511 
 230      38051E8E 
 230      C9BD2000 
 230      2E3809
 231 018b 2E8E7FFD 		.ascii	".\216\177\375\313#\267\0356\015\0039\316f\033\277\033"
 231      CB23B71D 
 231      360D0339 
ARM GAS  e:\temp\ccxCXBEb.s 			page 17


 231      CE661BBF 
 231      1B
 232 019c 88FF135D 		.ascii	"\210\377\023]\214\024\262t\320\360\030\233\035m\314"
 232      8C14B274 
 232      D0F0189B 
 232      1D6DCC
 233 01ab C0E3521D 		.ascii	"\300\343R\035\226\340\361\362\201\251\030d\177\3019"
 233      96E0F1F2 
 233      81A91864 
 233      7FC139
 234 01ba B02A96A3 		.ascii	"\260*\226\243\301\306\027\241\023\001;\020\220\300\031"
 234      C1C617A1 
 234      13013B10 
 234      90C019
 235 01c9 C8C6F934 		.ascii	"\310\306\3714\330du#\241\237\356\246-;\312\216v\260"
 235      D8647523 
 235      A19FEEA6 
 235      2D3BCA8E 
 235      76B0
 236 01db 6B47AADF 		.ascii	"kG\252\337>\326T\315\3060\356\015\341\010-&m\334\362"
 236      3ED654CD 
 236      C630EE0D 
 236      E1082D26 
 236      6DDCF2
 237 01ee A519AEA2 		.ascii	"\245\031\256\242\230AX\206\261\373\036\336\013\333\350"
 237      98415886 
 237      B1FB1EDE 
 237      0BDBE8
 238 01fd 5621C3C1 		.ascii	"V!\303\301\232\300J\011\023\355\253\241\365,\272\013"
 238      9AC04A09 
 238      13EDABA1 
 238      F52CBA0B 
 239 020d 513401D2 		.ascii	"Q4\001\322e\202tYAB\002$4\327\333Li\245\000i\254m:\231"
 239      65827459 
 239      41420224 
 239      34D7DB4C 
 239      69A50069 
 240 0225 6165CE4B 		.ascii	"ae\316K6\251\237\025\3247+\346\177T\005\366\247\253"
 240      36A99F15 
 240      D4372BE6 
 240      7F5405F6 
 240      A7AB
 241 0237 949DC366 		.ascii	"\224\235\303fJ\364\202n3e\2675e\217H990YC\351N\0209"
 241      4AF4826E 
 241      3365B735 
 241      658F4839 
 241      39305943 
 242 024f 6FDEBA11 		.ascii	"o\336\272\021\266+\230\272\021\247\254^\200\204M\220"
 242      B62B98BA 
 242      11A7AC5E 
 242      80844D90 
 243 025f B0152422 		.ascii	"\260\025$\"@z\246\232\357f\322\003\022\344\304\334\303"
 243      407AA69A 
 243      EF66D203 
 243      12E4C4DC 
 243      C3
 244 0270 598A5FC0 		.ascii	"Y\212_\300\215=\022\247\226&q\313&i96\030\324i\233p"
ARM GAS  e:\temp\ccxCXBEb.s 			page 18


 244      8D3D12A7 
 244      962671CB 
 244      26693936 
 244      18D4699B 
 245 0285 D6EE755D 		.ascii	"\326\356u]\230\314\004\335#z\000\353\324=$Y$D\261\013"
 245      98CC04DD 
 245      237A00EB 
 245      D43D2459 
 245      2444B10B 
 246 0299 DCAA0BBE 		.ascii	"\334\252\013\276\306\313sx\251\332)$\333\251\0175\371"
 246      C6CB7378 
 246      A9DA2924 
 246      DBA90F35 
 246      F9
 247 02aa C6A4E6D6 		.ascii	"\306\244\346\326\245\034uM\237yD\233\364%\333\344\374"
 247      A51C754D 
 247      9F79449B 
 247      F425DBE4 
 247      FC
 248 02bb A9DF47F5 		.ascii	"\251\337G\365\344\335y\020\227\307o\334\356\316\234"
 248      E4DD7910 
 248      97C76FDC 
 248      EECE9C
 249 02ca B73BBE13 		.ascii	"\267;\276\023\022\177\233\350\216G\015\325\2354\321"
 249      127F9BE8 
 249      8E470DD5 
 249      9D34D1
 250 02d9 1D83EB67 		.ascii	"\035\203\353g\3160\266\007\343l\334\017zM\022\275V}"
 250      CE30B607 
 250      E36CDC0F 
 250      7A4D12BD 
 250      567D
 251 02eb FA853E87 		.ascii	"\372\205>\207N\3740a\243A\251Oh\356~7(\221\303W\236"
 251      4EFC3061 
 251      A341A94F 
 251      68EE7E37 
 251      2891C357 
 252 0300 FC560326 		.ascii	"\374V\003&\314\200\025fP\300\214\357\356h\240\262\325"
 252      CC801566 
 252      50C08CEF 
 252      EE68A0B2 
 252      D5
 253 0311 6D78FCF3 		.ascii	"mx\374\363\322\241\231\347d\253\347\340\361\347\213"
 253      D2A199E7 
 253      64ABE7E0 
 253      F1E78B
 254 0320 AD01FE9A 		.ascii	"\255\001\376\232\313u\217\307\027[\224\317\225\312\017"
 254      CB758FC7 
 254      175B94CF 
 254      95CA0F
 255 032f 4F5FFF2B 		.ascii	"O_\377+\235\016I\345c\365w\246\035\011\345k\253X\326"
 255      9D0E49E5 
 255      63F577A6 
 255      1D09E56B 
 255      AB58D6
 256 0342 1A0217B1 		.ascii	"\032\002\027\261\366\013\\\371K\250|\256R~\030/\207"
 256      F60B5CF9 
ARM GAS  e:\temp\ccxCXBEb.s 			page 19


 256      4BA87CAE 
 256      527E182F 
 256      87
 257 0353 4CE5C352 		.ascii	"L\345\303R\371QTq\304d\233\253\224\337\367\353\301\037"
 257      F9515471 
 257      C4649BAB 
 257      94DFF7EB 
 257      C11F
 258 0365 EDFA5E2E 		.ascii	"\355\372^.\347B01\"\362\013k\260\3231Ij\342\223\263"
 258      E7423031 
 258      22F20B6B 
 258      B0D33149 
 258      6AE293B3 
 259 0379 7534F1A7 		.ascii	"u4\361\247\021\035\277\265f7c\000\343\230\353\212\231"
 259      111DBFB5 
 259      66376300 
 259      E398EB8A 
 259      99
 260 038a EB32A87F 		.ascii	"\3532\250\177\215gs\214\245\316\361\367\277C\237:\235"
 260      8D67738C 
 260      A5CEF1F7 
 260      BF439F3A 
 260      9D
 261 039b 1F272B15 		.ascii	"\037'+\025\210\211 \0021p\212\377C\276>\377fa\361\332"
 261      88892002 
 261      31708AFF 
 261      43BE3EFF 
 261      6661F1DA 
 262 03af 75EF1517 		.ascii	"u\357\025\027\031\376U\276\262\217\214w*J\215\264\325"
 262      19FE55BE 
 262      B28F8C77 
 262      2A4A8DB4 
 262      D5
 263 03c0 EBDECF29 		.ascii	"\353\336\317)\314\317'\366\312\262r\377\353\257\254"
 263      CCCF27F6 
 263      CAB272FF 
 263      EBAFAC
 264 03cf 36CA0D9F 		.ascii	"6\312\015\237\327o\224\026\027UT\372J\214M\357\026U"
 264      D76F9416 
 264      175554FA 
 264      4A8C4DEF 
 264      1655
 265 03e1 14AED854 		.ascii	"\024\256\330T\262\303\277c\233\261=o+\311\231\307Cb"
 265      B2C3BF63 
 265      9BB13D6F 
 265      2BC999C7 
 265      4362
 266 03f3 E79510A7 		.ascii	"\347\225\020\247\312\362\201\257\314od\250\303\006\303"
 266      CAF281AF 
 266      CC6F64A8 
 266      C306C3
 267 0402 5B9A65D9 		.ascii	"[\232e\331\257\362\372\275\033\214-/\231\214\326\226"
 267      AFF2FABD 
 267      1B8C2D2F 
 267      998CD696 
 268 0412 FB0D9FAF 		.ascii	"\373\015\237\257r\233\237\263rp2\371\257\275\240\236"
 268      729B9FB3 
ARM GAS  e:\temp\ccxCXBEb.s 			page 20


 268      727032F9 
 268      AFBDA09E 
 269 0422 0B3F34BC 		.ascii	"\013?4\274\276\244\203x,Xn\367\031[\012\226\377\007"
 269      BEA48378 
 269      2C586EF7 
 269      195B0A96 
 269      FF07
 270 0434 5EE015C7 		.ascii	"^\340\025\307"
 271              		.text
 272              		.section	.gnu.lto_.symtab.6240a41c,"",%progbits
 273 0000 45435F49 		.ascii	"EC_INT_SetDriveMode\000"
 273      4E545F53 
 273      65744472 
 273      6976654D 
 273      6F646500 
 274 0014 00       		.ascii	"\000"
 275 0015 00       		.ascii	"\000"
 276 0016 00       		.ascii	"\000"
 277 0017 00000000 		.ascii	"\000\000\000\000\000\000\000\000"
 277      00000000 
 278 001f B3000000 		.ascii	"\263\000\000\000"
 279 0023 45435F49 		.ascii	"EC_INT_Write\000"
 279      4E545F57 
 279      72697465 
 279      00
 280 0030 00       		.ascii	"\000"
 281 0031 00       		.ascii	"\000"
 282 0032 00       		.ascii	"\000"
 283 0033 00000000 		.ascii	"\000\000\000\000\000\000\000\000"
 283      00000000 
 284 003b B5000000 		.ascii	"\265\000\000\000"
 285 003f 45435F49 		.ascii	"EC_INT_Read\000"
 285      4E545F52 
 285      65616400 
 286 004b 00       		.ascii	"\000"
 287 004c 00       		.ascii	"\000"
 288 004d 00       		.ascii	"\000"
 289 004e 00000000 		.ascii	"\000\000\000\000\000\000\000\000"
 289      00000000 
 290 0056 B8000000 		.ascii	"\270\000\000\000"
 291 005a 45435F49 		.ascii	"EC_INT_ReadDataReg\000"
 291      4E545F52 
 291      65616444 
 291      61746152 
 291      656700
 292 006d 00       		.ascii	"\000"
 293 006e 00       		.ascii	"\000"
 294 006f 00       		.ascii	"\000"
 295 0070 00000000 		.ascii	"\000\000\000\000\000\000\000\000"
 295      00000000 
 296 0078 BA000000 		.ascii	"\272\000\000\000"
 297 007c 45435F49 		.ascii	"EC_INT_SetInterruptMode\000"
 297      4E545F53 
 297      6574496E 
 297      74657272 
 297      7570744D 
 298 0094 00       		.ascii	"\000"
ARM GAS  e:\temp\ccxCXBEb.s 			page 21


 299 0095 00       		.ascii	"\000"
 300 0096 00       		.ascii	"\000"
 301 0097 00000000 		.ascii	"\000\000\000\000\000\000\000\000"
 301      00000000 
 302 009f C4000000 		.ascii	"\304\000\000\000"
 303 00a3 45435F49 		.ascii	"EC_INT_ClearInterrupt\000"
 303      4E545F43 
 303      6C656172 
 303      496E7465 
 303      72727570 
 304 00b9 00       		.ascii	"\000"
 305 00ba 00       		.ascii	"\000"
 306 00bb 00       		.ascii	"\000"
 307 00bc 00000000 		.ascii	"\000\000\000\000\000\000\000\000"
 307      00000000 
 308 00c4 C6000000 		.ascii	"\306\000\000\000"
 309              		.text
 310              		.section	.gnu.lto_.opts,"",%progbits
 311 0000 272D666D 		.ascii	"'-fmath-errno' '-fsigned-zeros' '-ftrapping-math' '"
 311      6174682D 
 311      6572726E 
 311      6F272027 
 311      2D667369 
 312 0033 2D666E6F 		.ascii	"-fno-trapv' '-fno-openmp' '-fno-openacc' '-mcpu=cor"
 312      2D747261 
 312      70762720 
 312      272D666E 
 312      6F2D6F70 
 313 0066 7465782D 		.ascii	"tex-m0' '-mthumb' '-g' '-Os' '-Werror' '-ffunction-"
 313      6D302720 
 313      272D6D74 
 313      68756D62 
 313      2720272D 
 314 0099 73656374 		.ascii	"sections' '-ffat-lto-objects' '-finline-functions' "
 314      696F6E73 
 314      2720272D 
 314      66666174 
 314      2D6C746F 
 315 00cc 272D666C 		.ascii	"'-flto' '-fno-strict-aliasing'\000"
 315      746F2720 
 315      272D666E 
 315      6F2D7374 
 315      72696374 
 316              		.text
 317              		.cfi_sections	.debug_frame
 318              		.section	.text.EC_INT_SetDriveMode,"ax",%progbits
 319              		.align	1
 320              		.global	EC_INT_SetDriveMode
 321              		.code	16
 322              		.thumb_func
 323              		.type	EC_INT_SetDriveMode, %function
 324              	EC_INT_SetDriveMode:
 325              	.LFB0:
 326              		.file 1 "Generated_Source\\PSoC4\\EC_INT.c"
   1:Generated_Source\PSoC4/EC_INT.c **** /*******************************************************************************
   2:Generated_Source\PSoC4/EC_INT.c **** * File Name: EC_INT.c  
   3:Generated_Source\PSoC4/EC_INT.c **** * Version 2.20
ARM GAS  e:\temp\ccxCXBEb.s 			page 22


   4:Generated_Source\PSoC4/EC_INT.c **** *
   5:Generated_Source\PSoC4/EC_INT.c **** * Description:
   6:Generated_Source\PSoC4/EC_INT.c **** *  This file contains API to enable firmware control of a Pins component.
   7:Generated_Source\PSoC4/EC_INT.c **** *
   8:Generated_Source\PSoC4/EC_INT.c **** ********************************************************************************
   9:Generated_Source\PSoC4/EC_INT.c **** * Copyright 2008-2015, Cypress Semiconductor Corporation.  All rights reserved.
  10:Generated_Source\PSoC4/EC_INT.c **** * You may use this file only in accordance with the license, terms, conditions, 
  11:Generated_Source\PSoC4/EC_INT.c **** * disclaimers, and limitations in the end user license agreement accompanying 
  12:Generated_Source\PSoC4/EC_INT.c **** * the software package with which this file was provided.
  13:Generated_Source\PSoC4/EC_INT.c **** *******************************************************************************/
  14:Generated_Source\PSoC4/EC_INT.c **** 
  15:Generated_Source\PSoC4/EC_INT.c **** #include "cytypes.h"
  16:Generated_Source\PSoC4/EC_INT.c **** #include "EC_INT.h"
  17:Generated_Source\PSoC4/EC_INT.c **** 
  18:Generated_Source\PSoC4/EC_INT.c **** 
  19:Generated_Source\PSoC4/EC_INT.c **** #if defined(EC_INT__PC)
  20:Generated_Source\PSoC4/EC_INT.c ****     #define EC_INT_SetP4PinDriveMode(shift, mode)  \
  21:Generated_Source\PSoC4/EC_INT.c ****     do { \
  22:Generated_Source\PSoC4/EC_INT.c ****         EC_INT_PC =   (EC_INT_PC & \
  23:Generated_Source\PSoC4/EC_INT.c ****                                 (uint32)(~(uint32)(EC_INT_DRIVE_MODE_IND_MASK << \
  24:Generated_Source\PSoC4/EC_INT.c ****                                 (EC_INT_DRIVE_MODE_BITS * (shift))))) | \
  25:Generated_Source\PSoC4/EC_INT.c ****                                 (uint32)((uint32)(mode) << \
  26:Generated_Source\PSoC4/EC_INT.c ****                                 (EC_INT_DRIVE_MODE_BITS * (shift))); \
  27:Generated_Source\PSoC4/EC_INT.c ****     } while (0)
  28:Generated_Source\PSoC4/EC_INT.c **** #else
  29:Generated_Source\PSoC4/EC_INT.c ****     #if (CY_PSOC4_4200L)
  30:Generated_Source\PSoC4/EC_INT.c ****         #define EC_INT_SetP4PinDriveMode(shift, mode)  \
  31:Generated_Source\PSoC4/EC_INT.c ****         do { \
  32:Generated_Source\PSoC4/EC_INT.c ****             EC_INT_USBIO_CTRL_REG = (EC_INT_USBIO_CTRL_REG & \
  33:Generated_Source\PSoC4/EC_INT.c ****                                     (uint32)(~(uint32)(EC_INT_DRIVE_MODE_IND_MASK << \
  34:Generated_Source\PSoC4/EC_INT.c ****                                     (EC_INT_DRIVE_MODE_BITS * (shift))))) | \
  35:Generated_Source\PSoC4/EC_INT.c ****                                     (uint32)((uint32)(mode) << \
  36:Generated_Source\PSoC4/EC_INT.c ****                                     (EC_INT_DRIVE_MODE_BITS * (shift))); \
  37:Generated_Source\PSoC4/EC_INT.c ****         } while (0)
  38:Generated_Source\PSoC4/EC_INT.c ****     #endif
  39:Generated_Source\PSoC4/EC_INT.c **** #endif
  40:Generated_Source\PSoC4/EC_INT.c ****   
  41:Generated_Source\PSoC4/EC_INT.c **** 
  42:Generated_Source\PSoC4/EC_INT.c **** #if defined(EC_INT__PC) || (CY_PSOC4_4200L) 
  43:Generated_Source\PSoC4/EC_INT.c ****     /*******************************************************************************
  44:Generated_Source\PSoC4/EC_INT.c ****     * Function Name: EC_INT_SetDriveMode
  45:Generated_Source\PSoC4/EC_INT.c ****     ****************************************************************************//**
  46:Generated_Source\PSoC4/EC_INT.c ****     *
  47:Generated_Source\PSoC4/EC_INT.c ****     * \brief Sets the drive mode for each of the Pins component's pins.
  48:Generated_Source\PSoC4/EC_INT.c ****     * 
  49:Generated_Source\PSoC4/EC_INT.c ****     * <b>Note</b> This affects all pins in the Pins component instance. Use the
  50:Generated_Source\PSoC4/EC_INT.c ****     * Per-Pin APIs if you wish to control individual pin's drive modes.
  51:Generated_Source\PSoC4/EC_INT.c ****     *
  52:Generated_Source\PSoC4/EC_INT.c ****     * <b>Note</b> USBIOs have limited drive functionality. Refer to the Drive Mode
  53:Generated_Source\PSoC4/EC_INT.c ****     * parameter for more information.
  54:Generated_Source\PSoC4/EC_INT.c ****     *
  55:Generated_Source\PSoC4/EC_INT.c ****     * \param mode
  56:Generated_Source\PSoC4/EC_INT.c ****     *  Mode for the selected signals. Valid options are documented in 
  57:Generated_Source\PSoC4/EC_INT.c ****     *  \ref driveMode.
  58:Generated_Source\PSoC4/EC_INT.c ****     *
  59:Generated_Source\PSoC4/EC_INT.c ****     * \return
  60:Generated_Source\PSoC4/EC_INT.c ****     *  None
ARM GAS  e:\temp\ccxCXBEb.s 			page 23


  61:Generated_Source\PSoC4/EC_INT.c ****     *
  62:Generated_Source\PSoC4/EC_INT.c ****     * \sideeffect
  63:Generated_Source\PSoC4/EC_INT.c ****     *  If you use read-modify-write operations that are not atomic, the ISR can
  64:Generated_Source\PSoC4/EC_INT.c ****     *  cause corruption of this function. An ISR that interrupts this function 
  65:Generated_Source\PSoC4/EC_INT.c ****     *  and performs writes to the Pins component Drive Mode registers can cause 
  66:Generated_Source\PSoC4/EC_INT.c ****     *  corrupted port data. To avoid this issue, you should either use the Per-Pin
  67:Generated_Source\PSoC4/EC_INT.c ****     *  APIs (primary method) or disable interrupts around this function.
  68:Generated_Source\PSoC4/EC_INT.c ****     *
  69:Generated_Source\PSoC4/EC_INT.c ****     * \funcusage
  70:Generated_Source\PSoC4/EC_INT.c ****     *  \snippet EC_INT_SUT.c usage_EC_INT_SetDriveMode
  71:Generated_Source\PSoC4/EC_INT.c ****     *******************************************************************************/
  72:Generated_Source\PSoC4/EC_INT.c ****     void EC_INT_SetDriveMode(uint8 mode)
  73:Generated_Source\PSoC4/EC_INT.c ****     {
 327              		.loc 1 73 0
 328              		.cfi_startproc
 329              		@ args = 0, pretend = 0, frame = 0
 330              		@ frame_needed = 0, uses_anonymous_args = 0
 331              		@ link register save eliminated.
 332              	.LVL0:
  74:Generated_Source\PSoC4/EC_INT.c **** 		EC_INT_SetP4PinDriveMode(EC_INT__0__SHIFT, mode);
 333              		.loc 1 74 0
 334 0000 034A     		ldr	r2, .L2
 335 0002 044B     		ldr	r3, .L2+4
 336 0004 1168     		ldr	r1, [r2]
 337 0006 C003     		lsls	r0, r0, #15
 338              	.LVL1:
 339 0008 0B40     		ands	r3, r1
 340 000a 1843     		orrs	r0, r3
 341 000c 1060     		str	r0, [r2]
  75:Generated_Source\PSoC4/EC_INT.c ****     }
 342              		.loc 1 75 0
 343              		@ sp needed
 344 000e 7047     		bx	lr
 345              	.L3:
 346              		.align	2
 347              	.L2:
 348 0010 08020440 		.word	1074004488
 349 0014 FF7FFCFF 		.word	-229377
 350              		.cfi_endproc
 351              	.LFE0:
 352              		.size	EC_INT_SetDriveMode, .-EC_INT_SetDriveMode
 353              		.section	.text.EC_INT_Write,"ax",%progbits
 354              		.align	1
 355              		.global	EC_INT_Write
 356              		.code	16
 357              		.thumb_func
 358              		.type	EC_INT_Write, %function
 359              	EC_INT_Write:
 360              	.LFB1:
  76:Generated_Source\PSoC4/EC_INT.c **** #endif
  77:Generated_Source\PSoC4/EC_INT.c **** 
  78:Generated_Source\PSoC4/EC_INT.c **** 
  79:Generated_Source\PSoC4/EC_INT.c **** /*******************************************************************************
  80:Generated_Source\PSoC4/EC_INT.c **** * Function Name: EC_INT_Write
  81:Generated_Source\PSoC4/EC_INT.c **** ****************************************************************************//**
  82:Generated_Source\PSoC4/EC_INT.c **** *
  83:Generated_Source\PSoC4/EC_INT.c **** * \brief Writes the value to the physical port (data output register), masking
ARM GAS  e:\temp\ccxCXBEb.s 			page 24


  84:Generated_Source\PSoC4/EC_INT.c **** *  and shifting the bits appropriately. 
  85:Generated_Source\PSoC4/EC_INT.c **** *
  86:Generated_Source\PSoC4/EC_INT.c **** * The data output register controls the signal applied to the physical pin in 
  87:Generated_Source\PSoC4/EC_INT.c **** * conjunction with the drive mode parameter. This function avoids changing 
  88:Generated_Source\PSoC4/EC_INT.c **** * other bits in the port by using the appropriate method (read-modify-write or
  89:Generated_Source\PSoC4/EC_INT.c **** * bit banding).
  90:Generated_Source\PSoC4/EC_INT.c **** *
  91:Generated_Source\PSoC4/EC_INT.c **** * <b>Note</b> This function should not be used on a hardware digital output pin 
  92:Generated_Source\PSoC4/EC_INT.c **** * as it is driven by the hardware signal attached to it.
  93:Generated_Source\PSoC4/EC_INT.c **** *
  94:Generated_Source\PSoC4/EC_INT.c **** * \param value
  95:Generated_Source\PSoC4/EC_INT.c **** *  Value to write to the component instance.
  96:Generated_Source\PSoC4/EC_INT.c **** *
  97:Generated_Source\PSoC4/EC_INT.c **** * \return 
  98:Generated_Source\PSoC4/EC_INT.c **** *  None 
  99:Generated_Source\PSoC4/EC_INT.c **** *
 100:Generated_Source\PSoC4/EC_INT.c **** * \sideeffect
 101:Generated_Source\PSoC4/EC_INT.c **** *  If you use read-modify-write operations that are not atomic; the Interrupt 
 102:Generated_Source\PSoC4/EC_INT.c **** *  Service Routines (ISR) can cause corruption of this function. An ISR that 
 103:Generated_Source\PSoC4/EC_INT.c **** *  interrupts this function and performs writes to the Pins component data 
 104:Generated_Source\PSoC4/EC_INT.c **** *  register can cause corrupted port data. To avoid this issue, you should 
 105:Generated_Source\PSoC4/EC_INT.c **** *  either use the Per-Pin APIs (primary method) or disable interrupts around 
 106:Generated_Source\PSoC4/EC_INT.c **** *  this function.
 107:Generated_Source\PSoC4/EC_INT.c **** *
 108:Generated_Source\PSoC4/EC_INT.c **** * \funcusage
 109:Generated_Source\PSoC4/EC_INT.c **** *  \snippet EC_INT_SUT.c usage_EC_INT_Write
 110:Generated_Source\PSoC4/EC_INT.c **** *******************************************************************************/
 111:Generated_Source\PSoC4/EC_INT.c **** void EC_INT_Write(uint8 value)
 112:Generated_Source\PSoC4/EC_INT.c **** {
 361              		.loc 1 112 0
 362              		.cfi_startproc
 363              		@ args = 0, pretend = 0, frame = 0
 364              		@ frame_needed = 0, uses_anonymous_args = 0
 365              		@ link register save eliminated.
 366              	.LVL2:
 113:Generated_Source\PSoC4/EC_INT.c ****     uint8 drVal = (uint8)(EC_INT_DR & (uint8)(~EC_INT_MASK));
 367              		.loc 1 113 0
 368 0000 2023     		movs	r3, #32
 369 0002 0449     		ldr	r1, .L5
 114:Generated_Source\PSoC4/EC_INT.c ****     drVal = (drVal | ((uint8)(value << EC_INT_SHIFT) & EC_INT_MASK));
 115:Generated_Source\PSoC4/EC_INT.c ****     EC_INT_DR = (uint32)drVal;
 370              		.loc 1 115 0
 371 0004 4001     		lsls	r0, r0, #5
 372              	.LVL3:
 113:Generated_Source\PSoC4/EC_INT.c ****     uint8 drVal = (uint8)(EC_INT_DR & (uint8)(~EC_INT_MASK));
 373              		.loc 1 113 0
 374 0006 0A68     		ldr	r2, [r1]
 116:Generated_Source\PSoC4/EC_INT.c **** }
 375              		.loc 1 116 0
 376              		@ sp needed
 113:Generated_Source\PSoC4/EC_INT.c ****     uint8 drVal = (uint8)(EC_INT_DR & (uint8)(~EC_INT_MASK));
 377              		.loc 1 113 0
 378 0008 9A43     		bics	r2, r3
 379 000a D2B2     		uxtb	r2, r2
 115:Generated_Source\PSoC4/EC_INT.c **** }
 380              		.loc 1 115 0
 381 000c 0340     		ands	r3, r0
ARM GAS  e:\temp\ccxCXBEb.s 			page 25


 382 000e 1343     		orrs	r3, r2
 383 0010 0B60     		str	r3, [r1]
 384              		.loc 1 116 0
 385 0012 7047     		bx	lr
 386              	.L6:
 387              		.align	2
 388              	.L5:
 389 0014 00020440 		.word	1074004480
 390              		.cfi_endproc
 391              	.LFE1:
 392              		.size	EC_INT_Write, .-EC_INT_Write
 393              		.section	.text.EC_INT_Read,"ax",%progbits
 394              		.align	1
 395              		.global	EC_INT_Read
 396              		.code	16
 397              		.thumb_func
 398              		.type	EC_INT_Read, %function
 399              	EC_INT_Read:
 400              	.LFB2:
 117:Generated_Source\PSoC4/EC_INT.c **** 
 118:Generated_Source\PSoC4/EC_INT.c **** 
 119:Generated_Source\PSoC4/EC_INT.c **** /*******************************************************************************
 120:Generated_Source\PSoC4/EC_INT.c **** * Function Name: EC_INT_Read
 121:Generated_Source\PSoC4/EC_INT.c **** ****************************************************************************//**
 122:Generated_Source\PSoC4/EC_INT.c **** *
 123:Generated_Source\PSoC4/EC_INT.c **** * \brief Reads the associated physical port (pin status register) and masks 
 124:Generated_Source\PSoC4/EC_INT.c **** *  the required bits according to the width and bit position of the component
 125:Generated_Source\PSoC4/EC_INT.c **** *  instance. 
 126:Generated_Source\PSoC4/EC_INT.c **** *
 127:Generated_Source\PSoC4/EC_INT.c **** * The pin's status register returns the current logic level present on the 
 128:Generated_Source\PSoC4/EC_INT.c **** * physical pin.
 129:Generated_Source\PSoC4/EC_INT.c **** *
 130:Generated_Source\PSoC4/EC_INT.c **** * \return 
 131:Generated_Source\PSoC4/EC_INT.c **** *  The current value for the pins in the component as a right justified number.
 132:Generated_Source\PSoC4/EC_INT.c **** *
 133:Generated_Source\PSoC4/EC_INT.c **** * \funcusage
 134:Generated_Source\PSoC4/EC_INT.c **** *  \snippet EC_INT_SUT.c usage_EC_INT_Read  
 135:Generated_Source\PSoC4/EC_INT.c **** *******************************************************************************/
 136:Generated_Source\PSoC4/EC_INT.c **** uint8 EC_INT_Read(void)
 137:Generated_Source\PSoC4/EC_INT.c **** {
 401              		.loc 1 137 0
 402              		.cfi_startproc
 403              		@ args = 0, pretend = 0, frame = 0
 404              		@ frame_needed = 0, uses_anonymous_args = 0
 405              		@ link register save eliminated.
 138:Generated_Source\PSoC4/EC_INT.c ****     return (uint8)((EC_INT_PS & EC_INT_MASK) >> EC_INT_SHIFT);
 406              		.loc 1 138 0
 407 0000 024B     		ldr	r3, .L8
 139:Generated_Source\PSoC4/EC_INT.c **** }
 408              		.loc 1 139 0
 409              		@ sp needed
 138:Generated_Source\PSoC4/EC_INT.c ****     return (uint8)((EC_INT_PS & EC_INT_MASK) >> EC_INT_SHIFT);
 410              		.loc 1 138 0
 411 0002 1868     		ldr	r0, [r3]
 412 0004 8006     		lsls	r0, r0, #26
 413 0006 C00F     		lsrs	r0, r0, #31
 414              		.loc 1 139 0
ARM GAS  e:\temp\ccxCXBEb.s 			page 26


 415 0008 7047     		bx	lr
 416              	.L9:
 417 000a C046     		.align	2
 418              	.L8:
 419 000c 04020440 		.word	1074004484
 420              		.cfi_endproc
 421              	.LFE2:
 422              		.size	EC_INT_Read, .-EC_INT_Read
 423              		.section	.text.EC_INT_ReadDataReg,"ax",%progbits
 424              		.align	1
 425              		.global	EC_INT_ReadDataReg
 426              		.code	16
 427              		.thumb_func
 428              		.type	EC_INT_ReadDataReg, %function
 429              	EC_INT_ReadDataReg:
 430              	.LFB3:
 140:Generated_Source\PSoC4/EC_INT.c **** 
 141:Generated_Source\PSoC4/EC_INT.c **** 
 142:Generated_Source\PSoC4/EC_INT.c **** /*******************************************************************************
 143:Generated_Source\PSoC4/EC_INT.c **** * Function Name: EC_INT_ReadDataReg
 144:Generated_Source\PSoC4/EC_INT.c **** ****************************************************************************//**
 145:Generated_Source\PSoC4/EC_INT.c **** *
 146:Generated_Source\PSoC4/EC_INT.c **** * \brief Reads the associated physical port's data output register and masks 
 147:Generated_Source\PSoC4/EC_INT.c **** *  the correct bits according to the width and bit position of the component 
 148:Generated_Source\PSoC4/EC_INT.c **** *  instance. 
 149:Generated_Source\PSoC4/EC_INT.c **** *
 150:Generated_Source\PSoC4/EC_INT.c **** * The data output register controls the signal applied to the physical pin in 
 151:Generated_Source\PSoC4/EC_INT.c **** * conjunction with the drive mode parameter. This is not the same as the 
 152:Generated_Source\PSoC4/EC_INT.c **** * preferred EC_INT_Read() API because the 
 153:Generated_Source\PSoC4/EC_INT.c **** * EC_INT_ReadDataReg() reads the data register instead of the status 
 154:Generated_Source\PSoC4/EC_INT.c **** * register. For output pins this is a useful function to determine the value 
 155:Generated_Source\PSoC4/EC_INT.c **** * just written to the pin.
 156:Generated_Source\PSoC4/EC_INT.c **** *
 157:Generated_Source\PSoC4/EC_INT.c **** * \return 
 158:Generated_Source\PSoC4/EC_INT.c **** *  The current value of the data register masked and shifted into a right 
 159:Generated_Source\PSoC4/EC_INT.c **** *  justified number for the component instance.
 160:Generated_Source\PSoC4/EC_INT.c **** *
 161:Generated_Source\PSoC4/EC_INT.c **** * \funcusage
 162:Generated_Source\PSoC4/EC_INT.c **** *  \snippet EC_INT_SUT.c usage_EC_INT_ReadDataReg 
 163:Generated_Source\PSoC4/EC_INT.c **** *******************************************************************************/
 164:Generated_Source\PSoC4/EC_INT.c **** uint8 EC_INT_ReadDataReg(void)
 165:Generated_Source\PSoC4/EC_INT.c **** {
 431              		.loc 1 165 0
 432              		.cfi_startproc
 433              		@ args = 0, pretend = 0, frame = 0
 434              		@ frame_needed = 0, uses_anonymous_args = 0
 435              		@ link register save eliminated.
 166:Generated_Source\PSoC4/EC_INT.c ****     return (uint8)((EC_INT_DR & EC_INT_MASK) >> EC_INT_SHIFT);
 436              		.loc 1 166 0
 437 0000 024B     		ldr	r3, .L11
 167:Generated_Source\PSoC4/EC_INT.c **** }
 438              		.loc 1 167 0
 439              		@ sp needed
 166:Generated_Source\PSoC4/EC_INT.c ****     return (uint8)((EC_INT_DR & EC_INT_MASK) >> EC_INT_SHIFT);
 440              		.loc 1 166 0
 441 0002 1868     		ldr	r0, [r3]
 442 0004 8006     		lsls	r0, r0, #26
ARM GAS  e:\temp\ccxCXBEb.s 			page 27


 443 0006 C00F     		lsrs	r0, r0, #31
 444              		.loc 1 167 0
 445 0008 7047     		bx	lr
 446              	.L12:
 447 000a C046     		.align	2
 448              	.L11:
 449 000c 00020440 		.word	1074004480
 450              		.cfi_endproc
 451              	.LFE3:
 452              		.size	EC_INT_ReadDataReg, .-EC_INT_ReadDataReg
 453              		.section	.text.EC_INT_SetInterruptMode,"ax",%progbits
 454              		.align	1
 455              		.global	EC_INT_SetInterruptMode
 456              		.code	16
 457              		.thumb_func
 458              		.type	EC_INT_SetInterruptMode, %function
 459              	EC_INT_SetInterruptMode:
 460              	.LFB4:
 168:Generated_Source\PSoC4/EC_INT.c **** 
 169:Generated_Source\PSoC4/EC_INT.c **** 
 170:Generated_Source\PSoC4/EC_INT.c **** /*******************************************************************************
 171:Generated_Source\PSoC4/EC_INT.c **** * Function Name: EC_INT_SetInterruptMode
 172:Generated_Source\PSoC4/EC_INT.c **** ****************************************************************************//**
 173:Generated_Source\PSoC4/EC_INT.c **** *
 174:Generated_Source\PSoC4/EC_INT.c **** * \brief Configures the interrupt mode for each of the Pins component's
 175:Generated_Source\PSoC4/EC_INT.c **** *  pins. Alternatively you may set the interrupt mode for all the pins
 176:Generated_Source\PSoC4/EC_INT.c **** *  specified in the Pins component.
 177:Generated_Source\PSoC4/EC_INT.c **** *
 178:Generated_Source\PSoC4/EC_INT.c **** *  <b>Note</b> The interrupt is port-wide and therefore any enabled pin
 179:Generated_Source\PSoC4/EC_INT.c **** *  interrupt may trigger it.
 180:Generated_Source\PSoC4/EC_INT.c **** *
 181:Generated_Source\PSoC4/EC_INT.c **** * \param position
 182:Generated_Source\PSoC4/EC_INT.c **** *  The pin position as listed in the Pins component. You may OR these to be 
 183:Generated_Source\PSoC4/EC_INT.c **** *  able to configure the interrupt mode of multiple pins within a Pins 
 184:Generated_Source\PSoC4/EC_INT.c **** *  component. Or you may use EC_INT_INTR_ALL to configure the
 185:Generated_Source\PSoC4/EC_INT.c **** *  interrupt mode of all the pins in the Pins component.       
 186:Generated_Source\PSoC4/EC_INT.c **** *  - EC_INT_0_INTR       (First pin in the list)
 187:Generated_Source\PSoC4/EC_INT.c **** *  - EC_INT_1_INTR       (Second pin in the list)
 188:Generated_Source\PSoC4/EC_INT.c **** *  - ...
 189:Generated_Source\PSoC4/EC_INT.c **** *  - EC_INT_INTR_ALL     (All pins in Pins component)
 190:Generated_Source\PSoC4/EC_INT.c **** *
 191:Generated_Source\PSoC4/EC_INT.c **** * \param mode
 192:Generated_Source\PSoC4/EC_INT.c **** *  Interrupt mode for the selected pins. Valid options are documented in
 193:Generated_Source\PSoC4/EC_INT.c **** *  \ref intrMode.
 194:Generated_Source\PSoC4/EC_INT.c **** *
 195:Generated_Source\PSoC4/EC_INT.c **** * \return 
 196:Generated_Source\PSoC4/EC_INT.c **** *  None
 197:Generated_Source\PSoC4/EC_INT.c **** *  
 198:Generated_Source\PSoC4/EC_INT.c **** * \sideeffect
 199:Generated_Source\PSoC4/EC_INT.c **** *  It is recommended that the interrupt be disabled before calling this 
 200:Generated_Source\PSoC4/EC_INT.c **** *  function to avoid unintended interrupt requests. Note that the interrupt
 201:Generated_Source\PSoC4/EC_INT.c **** *  type is port wide, and therefore will trigger for any enabled pin on the 
 202:Generated_Source\PSoC4/EC_INT.c **** *  port.
 203:Generated_Source\PSoC4/EC_INT.c **** *
 204:Generated_Source\PSoC4/EC_INT.c **** * \funcusage
 205:Generated_Source\PSoC4/EC_INT.c **** *  \snippet EC_INT_SUT.c usage_EC_INT_SetInterruptMode
 206:Generated_Source\PSoC4/EC_INT.c **** *******************************************************************************/
ARM GAS  e:\temp\ccxCXBEb.s 			page 28


 207:Generated_Source\PSoC4/EC_INT.c **** void EC_INT_SetInterruptMode(uint16 position, uint16 mode)
 208:Generated_Source\PSoC4/EC_INT.c **** {
 461              		.loc 1 208 0
 462              		.cfi_startproc
 463              		@ args = 0, pretend = 0, frame = 0
 464              		@ frame_needed = 0, uses_anonymous_args = 0
 465              		@ link register save eliminated.
 466              	.LVL4:
 209:Generated_Source\PSoC4/EC_INT.c ****     uint32 intrCfg;
 210:Generated_Source\PSoC4/EC_INT.c ****     
 211:Generated_Source\PSoC4/EC_INT.c ****     intrCfg =  EC_INT_INTCFG & (uint32)(~(uint32)position);
 467              		.loc 1 211 0
 468 0000 034A     		ldr	r2, .L14
 212:Generated_Source\PSoC4/EC_INT.c ****     EC_INT_INTCFG = intrCfg | ((uint32)position & (uint32)mode);
 213:Generated_Source\PSoC4/EC_INT.c **** }
 469              		.loc 1 213 0
 470              		@ sp needed
 211:Generated_Source\PSoC4/EC_INT.c ****     EC_INT_INTCFG = intrCfg | ((uint32)position & (uint32)mode);
 471              		.loc 1 211 0
 472 0002 1368     		ldr	r3, [r2]
 473              	.LVL5:
 212:Generated_Source\PSoC4/EC_INT.c ****     EC_INT_INTCFG = intrCfg | ((uint32)position & (uint32)mode);
 474              		.loc 1 212 0
 475 0004 8343     		bics	r3, r0
 476              	.LVL6:
 477 0006 0840     		ands	r0, r1
 478              	.LVL7:
 479 0008 1843     		orrs	r0, r3
 480 000a 1060     		str	r0, [r2]
 481              		.loc 1 213 0
 482 000c 7047     		bx	lr
 483              	.L15:
 484 000e C046     		.align	2
 485              	.L14:
 486 0010 0C020440 		.word	1074004492
 487              		.cfi_endproc
 488              	.LFE4:
 489              		.size	EC_INT_SetInterruptMode, .-EC_INT_SetInterruptMode
 490              		.section	.text.EC_INT_ClearInterrupt,"ax",%progbits
 491              		.align	1
 492              		.global	EC_INT_ClearInterrupt
 493              		.code	16
 494              		.thumb_func
 495              		.type	EC_INT_ClearInterrupt, %function
 496              	EC_INT_ClearInterrupt:
 497              	.LFB5:
 214:Generated_Source\PSoC4/EC_INT.c **** 
 215:Generated_Source\PSoC4/EC_INT.c **** 
 216:Generated_Source\PSoC4/EC_INT.c **** /*******************************************************************************
 217:Generated_Source\PSoC4/EC_INT.c **** * Function Name: EC_INT_ClearInterrupt
 218:Generated_Source\PSoC4/EC_INT.c **** ****************************************************************************//**
 219:Generated_Source\PSoC4/EC_INT.c **** *
 220:Generated_Source\PSoC4/EC_INT.c **** * \brief Clears any active interrupts attached with the component and returns 
 221:Generated_Source\PSoC4/EC_INT.c **** *  the value of the interrupt status register allowing determination of which
 222:Generated_Source\PSoC4/EC_INT.c **** *  pins generated an interrupt event.
 223:Generated_Source\PSoC4/EC_INT.c **** *
 224:Generated_Source\PSoC4/EC_INT.c **** * \return 
ARM GAS  e:\temp\ccxCXBEb.s 			page 29


 225:Generated_Source\PSoC4/EC_INT.c **** *  The right-shifted current value of the interrupt status register. Each pin 
 226:Generated_Source\PSoC4/EC_INT.c **** *  has one bit set if it generated an interrupt event. For example, bit 0 is 
 227:Generated_Source\PSoC4/EC_INT.c **** *  for pin 0 and bit 1 is for pin 1 of the Pins component.
 228:Generated_Source\PSoC4/EC_INT.c **** *  
 229:Generated_Source\PSoC4/EC_INT.c **** * \sideeffect
 230:Generated_Source\PSoC4/EC_INT.c **** *  Clears all bits of the physical port's interrupt status register, not just
 231:Generated_Source\PSoC4/EC_INT.c **** *  those associated with the Pins component.
 232:Generated_Source\PSoC4/EC_INT.c **** *
 233:Generated_Source\PSoC4/EC_INT.c **** * \funcusage
 234:Generated_Source\PSoC4/EC_INT.c **** *  \snippet EC_INT_SUT.c usage_EC_INT_ClearInterrupt
 235:Generated_Source\PSoC4/EC_INT.c **** *******************************************************************************/
 236:Generated_Source\PSoC4/EC_INT.c **** uint8 EC_INT_ClearInterrupt(void)
 237:Generated_Source\PSoC4/EC_INT.c **** {
 498              		.loc 1 237 0
 499              		.cfi_startproc
 500              		@ args = 0, pretend = 0, frame = 0
 501              		@ frame_needed = 0, uses_anonymous_args = 0
 502              		@ link register save eliminated.
 238:Generated_Source\PSoC4/EC_INT.c **** 	uint8 maskedStatus = (uint8)(EC_INT_INTSTAT & EC_INT_MASK);
 503              		.loc 1 238 0
 504 0000 2023     		movs	r3, #32
 505 0002 034A     		ldr	r2, .L17
 239:Generated_Source\PSoC4/EC_INT.c **** 	EC_INT_INTSTAT = maskedStatus;
 240:Generated_Source\PSoC4/EC_INT.c ****     return maskedStatus >> EC_INT_SHIFT;
 241:Generated_Source\PSoC4/EC_INT.c **** }
 506              		.loc 1 241 0
 507              		@ sp needed
 238:Generated_Source\PSoC4/EC_INT.c **** 	uint8 maskedStatus = (uint8)(EC_INT_INTSTAT & EC_INT_MASK);
 508              		.loc 1 238 0
 509 0004 1068     		ldr	r0, [r2]
 510 0006 1840     		ands	r0, r3
 511              	.LVL8:
 239:Generated_Source\PSoC4/EC_INT.c **** 	EC_INT_INTSTAT = maskedStatus;
 512              		.loc 1 239 0
 513 0008 1060     		str	r0, [r2]
 240:Generated_Source\PSoC4/EC_INT.c **** }
 514              		.loc 1 240 0
 515 000a 4009     		lsrs	r0, r0, #5
 516              	.LVL9:
 517 000c C0B2     		uxtb	r0, r0
 518              		.loc 1 241 0
 519 000e 7047     		bx	lr
 520              	.L18:
 521              		.align	2
 522              	.L17:
 523 0010 10020440 		.word	1074004496
 524              		.cfi_endproc
 525              	.LFE5:
 526              		.size	EC_INT_ClearInterrupt, .-EC_INT_ClearInterrupt
 527              		.text
 528              	.Letext0:
 529              		.file 2 "Generated_Source\\PSoC4\\cytypes.h"
 530              		.section	.debug_info,"",%progbits
 531              	.Ldebug_info0:
 532 0000 97010000 		.4byte	0x197
 533 0004 0400     		.2byte	0x4
 534 0006 00000000 		.4byte	.Ldebug_abbrev0
ARM GAS  e:\temp\ccxCXBEb.s 			page 30


 535 000a 04       		.byte	0x4
 536 000b 01       		.uleb128 0x1
 537 000c 49010000 		.4byte	.LASF27
 538 0010 0C       		.byte	0xc
 539 0011 4D020000 		.4byte	.LASF28
 540 0015 19000000 		.4byte	.LASF29
 541 0019 00000000 		.4byte	.Ldebug_ranges0+0
 542 001d 00000000 		.4byte	0
 543 0021 00000000 		.4byte	.Ldebug_line0
 544 0025 02       		.uleb128 0x2
 545 0026 01       		.byte	0x1
 546 0027 06       		.byte	0x6
 547 0028 98020000 		.4byte	.LASF0
 548 002c 02       		.uleb128 0x2
 549 002d 01       		.byte	0x1
 550 002e 08       		.byte	0x8
 551 002f 9A000000 		.4byte	.LASF1
 552 0033 02       		.uleb128 0x2
 553 0034 02       		.byte	0x2
 554 0035 05       		.byte	0x5
 555 0036 7F020000 		.4byte	.LASF2
 556 003a 02       		.uleb128 0x2
 557 003b 02       		.byte	0x2
 558 003c 07       		.byte	0x7
 559 003d D8000000 		.4byte	.LASF3
 560 0041 02       		.uleb128 0x2
 561 0042 04       		.byte	0x4
 562 0043 05       		.byte	0x5
 563 0044 8F020000 		.4byte	.LASF4
 564 0048 02       		.uleb128 0x2
 565 0049 04       		.byte	0x4
 566 004a 07       		.byte	0x7
 567 004b C6000000 		.4byte	.LASF5
 568 004f 02       		.uleb128 0x2
 569 0050 08       		.byte	0x8
 570 0051 05       		.byte	0x5
 571 0052 3F020000 		.4byte	.LASF6
 572 0056 02       		.uleb128 0x2
 573 0057 08       		.byte	0x8
 574 0058 07       		.byte	0x7
 575 0059 32010000 		.4byte	.LASF7
 576 005d 03       		.uleb128 0x3
 577 005e 04       		.byte	0x4
 578 005f 05       		.byte	0x5
 579 0060 696E7400 		.ascii	"int\000"
 580 0064 02       		.uleb128 0x2
 581 0065 04       		.byte	0x4
 582 0066 07       		.byte	0x7
 583 0067 25010000 		.4byte	.LASF8
 584 006b 04       		.uleb128 0x4
 585 006c 89020000 		.4byte	.LASF9
 586 0070 02       		.byte	0x2
 587 0071 E401     		.2byte	0x1e4
 588 0073 2C000000 		.4byte	0x2c
 589 0077 04       		.uleb128 0x4
 590 0078 06010000 		.4byte	.LASF10
 591 007c 02       		.byte	0x2
ARM GAS  e:\temp\ccxCXBEb.s 			page 31


 592 007d E501     		.2byte	0x1e5
 593 007f 3A000000 		.4byte	0x3a
 594 0083 04       		.uleb128 0x4
 595 0084 16010000 		.4byte	.LASF11
 596 0088 02       		.byte	0x2
 597 0089 E601     		.2byte	0x1e6
 598 008b 48000000 		.4byte	0x48
 599 008f 02       		.uleb128 0x2
 600 0090 04       		.byte	0x4
 601 0091 04       		.byte	0x4
 602 0092 94000000 		.4byte	.LASF12
 603 0096 02       		.uleb128 0x2
 604 0097 08       		.byte	0x8
 605 0098 04       		.byte	0x4
 606 0099 EB000000 		.4byte	.LASF13
 607 009d 02       		.uleb128 0x2
 608 009e 01       		.byte	0x1
 609 009f 08       		.byte	0x8
 610 00a0 6D020000 		.4byte	.LASF14
 611 00a4 04       		.uleb128 0x4
 612 00a5 00000000 		.4byte	.LASF15
 613 00a9 02       		.byte	0x2
 614 00aa 9002     		.2byte	0x290
 615 00ac B0000000 		.4byte	0xb0
 616 00b0 05       		.uleb128 0x5
 617 00b1 83000000 		.4byte	0x83
 618 00b5 06       		.uleb128 0x6
 619 00b6 F2000000 		.4byte	.LASF16
 620 00ba 01       		.byte	0x1
 621 00bb 48       		.byte	0x48
 622 00bc 00000000 		.4byte	.LFB0
 623 00c0 18000000 		.4byte	.LFE0-.LFB0
 624 00c4 01       		.uleb128 0x1
 625 00c5 9C       		.byte	0x9c
 626 00c6 DA000000 		.4byte	0xda
 627 00ca 07       		.uleb128 0x7
 628 00cb 3A020000 		.4byte	.LASF18
 629 00cf 01       		.byte	0x1
 630 00d0 48       		.byte	0x48
 631 00d1 6B000000 		.4byte	0x6b
 632 00d5 00000000 		.4byte	.LLST0
 633 00d9 00       		.byte	0
 634 00da 06       		.uleb128 0x6
 635 00db 72020000 		.4byte	.LASF17
 636 00df 01       		.byte	0x1
 637 00e0 6F       		.byte	0x6f
 638 00e1 00000000 		.4byte	.LFB1
 639 00e5 18000000 		.4byte	.LFE1-.LFB1
 640 00e9 01       		.uleb128 0x1
 641 00ea 9C       		.byte	0x9c
 642 00eb 0A010000 		.4byte	0x10a
 643 00ef 07       		.uleb128 0x7
 644 00f0 13000000 		.4byte	.LASF19
 645 00f4 01       		.byte	0x1
 646 00f5 6F       		.byte	0x6f
 647 00f6 6B000000 		.4byte	0x6b
 648 00fa 21000000 		.4byte	.LLST1
ARM GAS  e:\temp\ccxCXBEb.s 			page 32


 649 00fe 08       		.uleb128 0x8
 650 00ff A8000000 		.4byte	.LASF30
 651 0103 01       		.byte	0x1
 652 0104 71       		.byte	0x71
 653 0105 6B000000 		.4byte	0x6b
 654 0109 00       		.byte	0
 655 010a 09       		.uleb128 0x9
 656 010b 18020000 		.4byte	.LASF20
 657 010f 01       		.byte	0x1
 658 0110 88       		.byte	0x88
 659 0111 6B000000 		.4byte	0x6b
 660 0115 00000000 		.4byte	.LFB2
 661 0119 10000000 		.4byte	.LFE2-.LFB2
 662 011d 01       		.uleb128 0x1
 663 011e 9C       		.byte	0x9c
 664 011f 09       		.uleb128 0x9
 665 0120 05020000 		.4byte	.LASF21
 666 0124 01       		.byte	0x1
 667 0125 A4       		.byte	0xa4
 668 0126 6B000000 		.4byte	0x6b
 669 012a 00000000 		.4byte	.LFB3
 670 012e 10000000 		.4byte	.LFE3-.LFB3
 671 0132 01       		.uleb128 0x1
 672 0133 9C       		.byte	0x9c
 673 0134 06       		.uleb128 0x6
 674 0135 AE000000 		.4byte	.LASF22
 675 0139 01       		.byte	0x1
 676 013a CF       		.byte	0xcf
 677 013b 00000000 		.4byte	.LFB4
 678 013f 14000000 		.4byte	.LFE4-.LFB4
 679 0143 01       		.uleb128 0x1
 680 0144 9C       		.byte	0x9c
 681 0145 75010000 		.4byte	0x175
 682 0149 07       		.uleb128 0x7
 683 014a 0D010000 		.4byte	.LASF23
 684 014e 01       		.byte	0x1
 685 014f CF       		.byte	0xcf
 686 0150 77000000 		.4byte	0x77
 687 0154 42000000 		.4byte	.LLST2
 688 0158 0A       		.uleb128 0xa
 689 0159 3A020000 		.4byte	.LASF18
 690 015d 01       		.byte	0x1
 691 015e CF       		.byte	0xcf
 692 015f 77000000 		.4byte	0x77
 693 0163 01       		.uleb128 0x1
 694 0164 51       		.byte	0x51
 695 0165 0B       		.uleb128 0xb
 696 0166 1D010000 		.4byte	.LASF25
 697 016a 01       		.byte	0x1
 698 016b D1       		.byte	0xd1
 699 016c 83000000 		.4byte	0x83
 700 0170 63000000 		.4byte	.LLST3
 701 0174 00       		.byte	0
 702 0175 0C       		.uleb128 0xc
 703 0176 24020000 		.4byte	.LASF24
 704 017a 01       		.byte	0x1
 705 017b EC       		.byte	0xec
ARM GAS  e:\temp\ccxCXBEb.s 			page 33


 706 017c 6B000000 		.4byte	0x6b
 707 0180 00000000 		.4byte	.LFB5
 708 0184 14000000 		.4byte	.LFE5-.LFB5
 709 0188 01       		.uleb128 0x1
 710 0189 9C       		.byte	0x9c
 711 018a 0B       		.uleb128 0xb
 712 018b 06000000 		.4byte	.LASF26
 713 018f 01       		.byte	0x1
 714 0190 EE       		.byte	0xee
 715 0191 6B000000 		.4byte	0x6b
 716 0195 80000000 		.4byte	.LLST4
 717 0199 00       		.byte	0
 718 019a 00       		.byte	0
 719              		.section	.debug_abbrev,"",%progbits
 720              	.Ldebug_abbrev0:
 721 0000 01       		.uleb128 0x1
 722 0001 11       		.uleb128 0x11
 723 0002 01       		.byte	0x1
 724 0003 25       		.uleb128 0x25
 725 0004 0E       		.uleb128 0xe
 726 0005 13       		.uleb128 0x13
 727 0006 0B       		.uleb128 0xb
 728 0007 03       		.uleb128 0x3
 729 0008 0E       		.uleb128 0xe
 730 0009 1B       		.uleb128 0x1b
 731 000a 0E       		.uleb128 0xe
 732 000b 55       		.uleb128 0x55
 733 000c 17       		.uleb128 0x17
 734 000d 11       		.uleb128 0x11
 735 000e 01       		.uleb128 0x1
 736 000f 10       		.uleb128 0x10
 737 0010 17       		.uleb128 0x17
 738 0011 00       		.byte	0
 739 0012 00       		.byte	0
 740 0013 02       		.uleb128 0x2
 741 0014 24       		.uleb128 0x24
 742 0015 00       		.byte	0
 743 0016 0B       		.uleb128 0xb
 744 0017 0B       		.uleb128 0xb
 745 0018 3E       		.uleb128 0x3e
 746 0019 0B       		.uleb128 0xb
 747 001a 03       		.uleb128 0x3
 748 001b 0E       		.uleb128 0xe
 749 001c 00       		.byte	0
 750 001d 00       		.byte	0
 751 001e 03       		.uleb128 0x3
 752 001f 24       		.uleb128 0x24
 753 0020 00       		.byte	0
 754 0021 0B       		.uleb128 0xb
 755 0022 0B       		.uleb128 0xb
 756 0023 3E       		.uleb128 0x3e
 757 0024 0B       		.uleb128 0xb
 758 0025 03       		.uleb128 0x3
 759 0026 08       		.uleb128 0x8
 760 0027 00       		.byte	0
 761 0028 00       		.byte	0
 762 0029 04       		.uleb128 0x4
ARM GAS  e:\temp\ccxCXBEb.s 			page 34


 763 002a 16       		.uleb128 0x16
 764 002b 00       		.byte	0
 765 002c 03       		.uleb128 0x3
 766 002d 0E       		.uleb128 0xe
 767 002e 3A       		.uleb128 0x3a
 768 002f 0B       		.uleb128 0xb
 769 0030 3B       		.uleb128 0x3b
 770 0031 05       		.uleb128 0x5
 771 0032 49       		.uleb128 0x49
 772 0033 13       		.uleb128 0x13
 773 0034 00       		.byte	0
 774 0035 00       		.byte	0
 775 0036 05       		.uleb128 0x5
 776 0037 35       		.uleb128 0x35
 777 0038 00       		.byte	0
 778 0039 49       		.uleb128 0x49
 779 003a 13       		.uleb128 0x13
 780 003b 00       		.byte	0
 781 003c 00       		.byte	0
 782 003d 06       		.uleb128 0x6
 783 003e 2E       		.uleb128 0x2e
 784 003f 01       		.byte	0x1
 785 0040 3F       		.uleb128 0x3f
 786 0041 19       		.uleb128 0x19
 787 0042 03       		.uleb128 0x3
 788 0043 0E       		.uleb128 0xe
 789 0044 3A       		.uleb128 0x3a
 790 0045 0B       		.uleb128 0xb
 791 0046 3B       		.uleb128 0x3b
 792 0047 0B       		.uleb128 0xb
 793 0048 27       		.uleb128 0x27
 794 0049 19       		.uleb128 0x19
 795 004a 11       		.uleb128 0x11
 796 004b 01       		.uleb128 0x1
 797 004c 12       		.uleb128 0x12
 798 004d 06       		.uleb128 0x6
 799 004e 40       		.uleb128 0x40
 800 004f 18       		.uleb128 0x18
 801 0050 9742     		.uleb128 0x2117
 802 0052 19       		.uleb128 0x19
 803 0053 01       		.uleb128 0x1
 804 0054 13       		.uleb128 0x13
 805 0055 00       		.byte	0
 806 0056 00       		.byte	0
 807 0057 07       		.uleb128 0x7
 808 0058 05       		.uleb128 0x5
 809 0059 00       		.byte	0
 810 005a 03       		.uleb128 0x3
 811 005b 0E       		.uleb128 0xe
 812 005c 3A       		.uleb128 0x3a
 813 005d 0B       		.uleb128 0xb
 814 005e 3B       		.uleb128 0x3b
 815 005f 0B       		.uleb128 0xb
 816 0060 49       		.uleb128 0x49
 817 0061 13       		.uleb128 0x13
 818 0062 02       		.uleb128 0x2
 819 0063 17       		.uleb128 0x17
ARM GAS  e:\temp\ccxCXBEb.s 			page 35


 820 0064 00       		.byte	0
 821 0065 00       		.byte	0
 822 0066 08       		.uleb128 0x8
 823 0067 34       		.uleb128 0x34
 824 0068 00       		.byte	0
 825 0069 03       		.uleb128 0x3
 826 006a 0E       		.uleb128 0xe
 827 006b 3A       		.uleb128 0x3a
 828 006c 0B       		.uleb128 0xb
 829 006d 3B       		.uleb128 0x3b
 830 006e 0B       		.uleb128 0xb
 831 006f 49       		.uleb128 0x49
 832 0070 13       		.uleb128 0x13
 833 0071 00       		.byte	0
 834 0072 00       		.byte	0
 835 0073 09       		.uleb128 0x9
 836 0074 2E       		.uleb128 0x2e
 837 0075 00       		.byte	0
 838 0076 3F       		.uleb128 0x3f
 839 0077 19       		.uleb128 0x19
 840 0078 03       		.uleb128 0x3
 841 0079 0E       		.uleb128 0xe
 842 007a 3A       		.uleb128 0x3a
 843 007b 0B       		.uleb128 0xb
 844 007c 3B       		.uleb128 0x3b
 845 007d 0B       		.uleb128 0xb
 846 007e 27       		.uleb128 0x27
 847 007f 19       		.uleb128 0x19
 848 0080 49       		.uleb128 0x49
 849 0081 13       		.uleb128 0x13
 850 0082 11       		.uleb128 0x11
 851 0083 01       		.uleb128 0x1
 852 0084 12       		.uleb128 0x12
 853 0085 06       		.uleb128 0x6
 854 0086 40       		.uleb128 0x40
 855 0087 18       		.uleb128 0x18
 856 0088 9742     		.uleb128 0x2117
 857 008a 19       		.uleb128 0x19
 858 008b 00       		.byte	0
 859 008c 00       		.byte	0
 860 008d 0A       		.uleb128 0xa
 861 008e 05       		.uleb128 0x5
 862 008f 00       		.byte	0
 863 0090 03       		.uleb128 0x3
 864 0091 0E       		.uleb128 0xe
 865 0092 3A       		.uleb128 0x3a
 866 0093 0B       		.uleb128 0xb
 867 0094 3B       		.uleb128 0x3b
 868 0095 0B       		.uleb128 0xb
 869 0096 49       		.uleb128 0x49
 870 0097 13       		.uleb128 0x13
 871 0098 02       		.uleb128 0x2
 872 0099 18       		.uleb128 0x18
 873 009a 00       		.byte	0
 874 009b 00       		.byte	0
 875 009c 0B       		.uleb128 0xb
 876 009d 34       		.uleb128 0x34
ARM GAS  e:\temp\ccxCXBEb.s 			page 36


 877 009e 00       		.byte	0
 878 009f 03       		.uleb128 0x3
 879 00a0 0E       		.uleb128 0xe
 880 00a1 3A       		.uleb128 0x3a
 881 00a2 0B       		.uleb128 0xb
 882 00a3 3B       		.uleb128 0x3b
 883 00a4 0B       		.uleb128 0xb
 884 00a5 49       		.uleb128 0x49
 885 00a6 13       		.uleb128 0x13
 886 00a7 02       		.uleb128 0x2
 887 00a8 17       		.uleb128 0x17
 888 00a9 00       		.byte	0
 889 00aa 00       		.byte	0
 890 00ab 0C       		.uleb128 0xc
 891 00ac 2E       		.uleb128 0x2e
 892 00ad 01       		.byte	0x1
 893 00ae 3F       		.uleb128 0x3f
 894 00af 19       		.uleb128 0x19
 895 00b0 03       		.uleb128 0x3
 896 00b1 0E       		.uleb128 0xe
 897 00b2 3A       		.uleb128 0x3a
 898 00b3 0B       		.uleb128 0xb
 899 00b4 3B       		.uleb128 0x3b
 900 00b5 0B       		.uleb128 0xb
 901 00b6 27       		.uleb128 0x27
 902 00b7 19       		.uleb128 0x19
 903 00b8 49       		.uleb128 0x49
 904 00b9 13       		.uleb128 0x13
 905 00ba 11       		.uleb128 0x11
 906 00bb 01       		.uleb128 0x1
 907 00bc 12       		.uleb128 0x12
 908 00bd 06       		.uleb128 0x6
 909 00be 40       		.uleb128 0x40
 910 00bf 18       		.uleb128 0x18
 911 00c0 9742     		.uleb128 0x2117
 912 00c2 19       		.uleb128 0x19
 913 00c3 00       		.byte	0
 914 00c4 00       		.byte	0
 915 00c5 00       		.byte	0
 916              		.section	.debug_loc,"",%progbits
 917              	.Ldebug_loc0:
 918              	.LLST0:
 919 0000 00000000 		.4byte	.LVL0
 920 0004 08000000 		.4byte	.LVL1
 921 0008 0100     		.2byte	0x1
 922 000a 50       		.byte	0x50
 923 000b 08000000 		.4byte	.LVL1
 924 000f 18000000 		.4byte	.LFE0
 925 0013 0400     		.2byte	0x4
 926 0015 F3       		.byte	0xf3
 927 0016 01       		.uleb128 0x1
 928 0017 50       		.byte	0x50
 929 0018 9F       		.byte	0x9f
 930 0019 00000000 		.4byte	0
 931 001d 00000000 		.4byte	0
 932              	.LLST1:
 933 0021 00000000 		.4byte	.LVL2
ARM GAS  e:\temp\ccxCXBEb.s 			page 37


 934 0025 06000000 		.4byte	.LVL3
 935 0029 0100     		.2byte	0x1
 936 002b 50       		.byte	0x50
 937 002c 06000000 		.4byte	.LVL3
 938 0030 18000000 		.4byte	.LFE1
 939 0034 0400     		.2byte	0x4
 940 0036 F3       		.byte	0xf3
 941 0037 01       		.uleb128 0x1
 942 0038 50       		.byte	0x50
 943 0039 9F       		.byte	0x9f
 944 003a 00000000 		.4byte	0
 945 003e 00000000 		.4byte	0
 946              	.LLST2:
 947 0042 00000000 		.4byte	.LVL4
 948 0046 08000000 		.4byte	.LVL7
 949 004a 0100     		.2byte	0x1
 950 004c 50       		.byte	0x50
 951 004d 08000000 		.4byte	.LVL7
 952 0051 14000000 		.4byte	.LFE4
 953 0055 0400     		.2byte	0x4
 954 0057 F3       		.byte	0xf3
 955 0058 01       		.uleb128 0x1
 956 0059 50       		.byte	0x50
 957 005a 9F       		.byte	0x9f
 958 005b 00000000 		.4byte	0
 959 005f 00000000 		.4byte	0
 960              	.LLST3:
 961 0063 04000000 		.4byte	.LVL5
 962 0067 06000000 		.4byte	.LVL6
 963 006b 0B00     		.2byte	0xb
 964 006d 70       		.byte	0x70
 965 006e 00       		.sleb128 0
 966 006f 0A       		.byte	0xa
 967 0070 FFFF     		.2byte	0xffff
 968 0072 1A       		.byte	0x1a
 969 0073 20       		.byte	0x20
 970 0074 73       		.byte	0x73
 971 0075 00       		.sleb128 0
 972 0076 1A       		.byte	0x1a
 973 0077 9F       		.byte	0x9f
 974 0078 00000000 		.4byte	0
 975 007c 00000000 		.4byte	0
 976              	.LLST4:
 977 0080 08000000 		.4byte	.LVL8
 978 0084 0C000000 		.4byte	.LVL9
 979 0088 0100     		.2byte	0x1
 980 008a 50       		.byte	0x50
 981 008b 0C000000 		.4byte	.LVL9
 982 008f 14000000 		.4byte	.LFE5
 983 0093 0400     		.2byte	0x4
 984 0095 72       		.byte	0x72
 985 0096 00       		.sleb128 0
 986 0097 06       		.byte	0x6
 987 0098 9F       		.byte	0x9f
 988 0099 00000000 		.4byte	0
 989 009d 00000000 		.4byte	0
 990              		.section	.debug_aranges,"",%progbits
ARM GAS  e:\temp\ccxCXBEb.s 			page 38


 991 0000 44000000 		.4byte	0x44
 992 0004 0200     		.2byte	0x2
 993 0006 00000000 		.4byte	.Ldebug_info0
 994 000a 04       		.byte	0x4
 995 000b 00       		.byte	0
 996 000c 0000     		.2byte	0
 997 000e 0000     		.2byte	0
 998 0010 00000000 		.4byte	.LFB0
 999 0014 18000000 		.4byte	.LFE0-.LFB0
 1000 0018 00000000 		.4byte	.LFB1
 1001 001c 18000000 		.4byte	.LFE1-.LFB1
 1002 0020 00000000 		.4byte	.LFB2
 1003 0024 10000000 		.4byte	.LFE2-.LFB2
 1004 0028 00000000 		.4byte	.LFB3
 1005 002c 10000000 		.4byte	.LFE3-.LFB3
 1006 0030 00000000 		.4byte	.LFB4
 1007 0034 14000000 		.4byte	.LFE4-.LFB4
 1008 0038 00000000 		.4byte	.LFB5
 1009 003c 14000000 		.4byte	.LFE5-.LFB5
 1010 0040 00000000 		.4byte	0
 1011 0044 00000000 		.4byte	0
 1012              		.section	.debug_ranges,"",%progbits
 1013              	.Ldebug_ranges0:
 1014 0000 00000000 		.4byte	.LFB0
 1015 0004 18000000 		.4byte	.LFE0
 1016 0008 00000000 		.4byte	.LFB1
 1017 000c 18000000 		.4byte	.LFE1
 1018 0010 00000000 		.4byte	.LFB2
 1019 0014 10000000 		.4byte	.LFE2
 1020 0018 00000000 		.4byte	.LFB3
 1021 001c 10000000 		.4byte	.LFE3
 1022 0020 00000000 		.4byte	.LFB4
 1023 0024 14000000 		.4byte	.LFE4
 1024 0028 00000000 		.4byte	.LFB5
 1025 002c 14000000 		.4byte	.LFE5
 1026 0030 00000000 		.4byte	0
 1027 0034 00000000 		.4byte	0
 1028              		.section	.debug_line,"",%progbits
 1029              	.Ldebug_line0:
 1030 0000 C5000000 		.section	.debug_str,"MS",%progbits,1
 1030      02004300 
 1030      00000201 
 1030      FB0E0D00 
 1030      01010101 
 1031              	.LASF15:
 1032 0000 72656733 		.ascii	"reg32\000"
 1032      3200
 1033              	.LASF26:
 1034 0006 6D61736B 		.ascii	"maskedStatus\000"
 1034      65645374 
 1034      61747573 
 1034      00
 1035              	.LASF19:
 1036 0013 76616C75 		.ascii	"value\000"
 1036      6500
 1037              	.LASF29:
 1038 0019 433A5C55 		.ascii	"C:\\Users\\Admin\\Desktop\\_FIRMWARE\\DBARLite\\CYP"
ARM GAS  e:\temp\ccxCXBEb.s 			page 39


 1038      73657273 
 1038      5C41646D 
 1038      696E5C44 
 1038      65736B74 
 1039 0046 44353232 		.ascii	"D5225\\CYPD5225-96BZXI_notebook\\CYPD5225-96BZXI_no"
 1039      355C4359 
 1039      50443532 
 1039      32352D39 
 1039      36425A58 
 1040 0077 7465626F 		.ascii	"tebook.cydsn\\backup_fw.cydsn\000"
 1040      6F6B2E63 
 1040      7964736E 
 1040      5C626163 
 1040      6B75705F 
 1041              	.LASF12:
 1042 0094 666C6F61 		.ascii	"float\000"
 1042      7400
 1043              	.LASF1:
 1044 009a 756E7369 		.ascii	"unsigned char\000"
 1044      676E6564 
 1044      20636861 
 1044      7200
 1045              	.LASF30:
 1046 00a8 64725661 		.ascii	"drVal\000"
 1046      6C00
 1047              	.LASF22:
 1048 00ae 45435F49 		.ascii	"EC_INT_SetInterruptMode\000"
 1048      4E545F53 
 1048      6574496E 
 1048      74657272 
 1048      7570744D 
 1049              	.LASF5:
 1050 00c6 6C6F6E67 		.ascii	"long unsigned int\000"
 1050      20756E73 
 1050      69676E65 
 1050      6420696E 
 1050      7400
 1051              	.LASF3:
 1052 00d8 73686F72 		.ascii	"short unsigned int\000"
 1052      7420756E 
 1052      7369676E 
 1052      65642069 
 1052      6E7400
 1053              	.LASF13:
 1054 00eb 646F7562 		.ascii	"double\000"
 1054      6C6500
 1055              	.LASF16:
 1056 00f2 45435F49 		.ascii	"EC_INT_SetDriveMode\000"
 1056      4E545F53 
 1056      65744472 
 1056      6976654D 
 1056      6F646500 
 1057              	.LASF10:
 1058 0106 75696E74 		.ascii	"uint16\000"
 1058      313600
 1059              	.LASF23:
 1060 010d 706F7369 		.ascii	"position\000"
ARM GAS  e:\temp\ccxCXBEb.s 			page 40


 1060      74696F6E 
 1060      00
 1061              	.LASF11:
 1062 0116 75696E74 		.ascii	"uint32\000"
 1062      333200
 1063              	.LASF25:
 1064 011d 696E7472 		.ascii	"intrCfg\000"
 1064      43666700 
 1065              	.LASF8:
 1066 0125 756E7369 		.ascii	"unsigned int\000"
 1066      676E6564 
 1066      20696E74 
 1066      00
 1067              	.LASF7:
 1068 0132 6C6F6E67 		.ascii	"long long unsigned int\000"
 1068      206C6F6E 
 1068      6720756E 
 1068      7369676E 
 1068      65642069 
 1069              	.LASF27:
 1070 0149 474E5520 		.ascii	"GNU C11 5.4.1 20160609 (release) [ARM/embedded-5-br"
 1070      43313120 
 1070      352E342E 
 1070      31203230 
 1070      31363036 
 1071 017c 616E6368 		.ascii	"anch revision 237715] -mcpu=cortex-m0 -mthumb -g -O"
 1071      20726576 
 1071      6973696F 
 1071      6E203233 
 1071      37373135 
 1072 01af 73202D66 		.ascii	"s -ffunction-sections -ffat-lto-objects -finline-fu"
 1072      66756E63 
 1072      74696F6E 
 1072      2D736563 
 1072      74696F6E 
 1073 01e2 6E637469 		.ascii	"nctions -flto -fno-strict-aliasing\000"
 1073      6F6E7320 
 1073      2D666C74 
 1073      6F202D66 
 1073      6E6F2D73 
 1074              	.LASF21:
 1075 0205 45435F49 		.ascii	"EC_INT_ReadDataReg\000"
 1075      4E545F52 
 1075      65616444 
 1075      61746152 
 1075      656700
 1076              	.LASF20:
 1077 0218 45435F49 		.ascii	"EC_INT_Read\000"
 1077      4E545F52 
 1077      65616400 
 1078              	.LASF24:
 1079 0224 45435F49 		.ascii	"EC_INT_ClearInterrupt\000"
 1079      4E545F43 
 1079      6C656172 
 1079      496E7465 
 1079      72727570 
 1080              	.LASF18:
ARM GAS  e:\temp\ccxCXBEb.s 			page 41


 1081 023a 6D6F6465 		.ascii	"mode\000"
 1081      00
 1082              	.LASF6:
 1083 023f 6C6F6E67 		.ascii	"long long int\000"
 1083      206C6F6E 
 1083      6720696E 
 1083      7400
 1084              	.LASF28:
 1085 024d 47656E65 		.ascii	"Generated_Source\\PSoC4\\EC_INT.c\000"
 1085      72617465 
 1085      645F536F 
 1085      75726365 
 1085      5C50536F 
 1086              	.LASF14:
 1087 026d 63686172 		.ascii	"char\000"
 1087      00
 1088              	.LASF17:
 1089 0272 45435F49 		.ascii	"EC_INT_Write\000"
 1089      4E545F57 
 1089      72697465 
 1089      00
 1090              	.LASF2:
 1091 027f 73686F72 		.ascii	"short int\000"
 1091      7420696E 
 1091      7400
 1092              	.LASF9:
 1093 0289 75696E74 		.ascii	"uint8\000"
 1093      3800
 1094              	.LASF4:
 1095 028f 6C6F6E67 		.ascii	"long int\000"
 1095      20696E74 
 1095      00
 1096              	.LASF0:
 1097 0298 7369676E 		.ascii	"signed char\000"
 1097      65642063 
 1097      68617200 
 1098              		.comm	__gnu_lto_v1,1,1
 1099              		.ident	"GCC: (GNU Tools for ARM Embedded Processors) 5.4.1 20160609 (release) [ARM/embedded-5-bran
