ARM GAS  e:\temp\ccujx88u.s 			page 1


   1              		.syntax unified
   2              		.cpu cortex-m0
   3              		.fpu softvfp
   4              		.eabi_attribute 20, 1
   5              		.eabi_attribute 21, 1
   6              		.eabi_attribute 23, 3
   7              		.eabi_attribute 24, 1
   8              		.eabi_attribute 25, 1
   9              		.eabi_attribute 26, 1
  10              		.eabi_attribute 30, 4
  11              		.eabi_attribute 34, 0
  12              		.eabi_attribute 18, 4
  13              		.thumb
  14              		.syntax unified
  15              		.file	"HPI_IF_sda.c"
  16              		.text
  17              	.Ltext0:
  18              		.section	.gnu.lto_.profile.6240b3c0,"",%progbits
  19 0000 789C6361 		.ascii	"x\234ca`d`a`\000\222J2\000\000\312\000I"
  19      60646061 
  19      6000924A 
  19      320000CA 
  19      0049
  20              		.text
  21              		.section	.gnu.lto_.icf.6240b3c0,"",%progbits
  22 0000 789C6361 		.ascii	"x\234ca`d\000\001\025\006\004`c\2704iw\015\343\234'"
  22      60640001 
  22      15060460 
  22      63B83469 
  22      770DE39C 
  23 0015 CFFE3033 		.ascii	"\317\376035ny\227\300|w\353\222\373\234,O\276\266\276"
  23      356E7997 
  23      C07C77EB 
  23      92FB9C2C 
  23      4FBEB6BE 
  24 0029 6662BD36 		.ascii	"fb\2756\357\354Sv\006\000U\350\022X"
  24      EFEC5376 
  24      060055E8 
  24      1258
  25              		.text
  26              		.section	.gnu.lto_.jmpfuncs.6240b3c0,"",%progbits
  27 0000 789C45C9 		.ascii	"x\234E\311\261\001\000 \010\300\260\026\320+\374\225"
  27      B1010020 
  27      08C0B016 
  27      D02BFC95 
  28 0010 D795C90C 		.ascii	"\327\225\311\014]Z\3108|\033\265\235\004$Thv\257\367"
  28      5D5AC838 
  28      7C1BB59D 
  28      04245468 
  28      76AFF7
  29 0023 2E215502 		.ascii	".!U\002@"
  29      40
  30              		.text
  31              		.section	.gnu.lto_.inline.6240b3c0,"",%progbits
  32 0000 789C658C 		.ascii	"x\234e\214\313\015\2000\014C\2354M\213\204\004\033t"
  32      CB0D8030 
  32      0C439D34 
ARM GAS  e:\temp\ccujx88u.s 			page 2


  32      4D8B8404 
  32      1B74
  33 0012 0346E89A 		.ascii	"\003F\350\232\\;\012#0\012#\220H(\010\341\203\017\317"
  33      5C3B0A23 
  33      300A2390 
  33      482808E1 
  33      830FCF
  34 0025 1F01C1B5 		.ascii	"\037\001\301\265\343\225\002E\211P-\342zt\350h\354\201"
  34      E3950245 
  34      89502DE2 
  34      7A74E868 
  34      EC81
  35 0037 A1F2F014 		.ascii	"\241\362\360\024\234\317E<dd!\260\214\026\375\364G\202"
  35      9CCF453C 
  35      646421B0 
  35      8C16FDF4 
  35      4782
  36 0049 A91263B5 		.ascii	"\251\022c\265\013r\223\357\217\331\354\265\014\315\266"
  36      0B7293EF 
  36      8FD9ECB5 
  36      0CCDB6
  37 0058 D46B8B25 		.ascii	"\324k\213%n2B\016g"
  37      6E32420E 
  37      67
  38              		.text
  39              		.section	.gnu.lto_.pureconst.6240b3c0,"",%progbits
  40 0000 789C6361 		.ascii	"x\234ca`d\340e```c\220b\224b\222b\226b\221b\225\002"
  40      6064E065 
  40      60606063 
  40      90629462 
  40      92629662 
  41 0018 00059500 		.ascii	"\000\005\225\000\304"
  41      C4
  42              		.text
  43              		.section	.gnu.lto_HPI_IF_sda_SetDriveMode.6240b3c0,"",%progbits
  44 0000 789C7D50 		.ascii	"x\234}P\313+Da\024?\277\357\273s\215\204\2552\013\013"
  44      CB2B4461 
  44      143FBFEF 
  44      BB738D84 
  44      AD320B0B 
  45 0014 354949F1 		.ascii	"5II\361\037(\217\335\304\226\246\311\334%S\036k\337"
  45      1F288FDD 
  45      C496A6C9 
  45      DC25531E 
  45      6BDF
  46 0026 3C6E240B 		.ascii	"<n$\013\021%dC\343-)\262\233\246X\262\221\254$\213["
  46      11256443 
  46      E32D29B2 
  46      9BA658B2 
  46      91AC248B 
  47 003b ACC6ABE4 		.ascii	"\254\306\253\344u\2353\327\332\251\363\370N\277\337"
  47      759D33D7 
  47      DAA9F3F8 
  47      4EBFDF
  48 004a EF9CF359 		.ascii	"\357\234\363Y\004\022[\346\324\314\271\236\035\232\240"
  48      04125BE6 
  48      D4CCB99E 
ARM GAS  e:\temp\ccujx88u.s 			page 3


  48      1D9AA0
  49 0059 662F88D2 		.ascii	"f/\210\322a\005Ha\302\240\011\205\011\274\251o\205\342"
  49      61054861 
  49      C2A00985 
  49      09BCA96F 
  49      85E2
  50 006b A477AA9A 		.ascii	"\244w\252\232\362\206\355\316\365bi\343\326\271\232"
  50      F286EDCE 
  50      F56269E3 
  50      D6B99A
  51 007a C8576525 		.ascii	"\310We%B\036M\214z9\332\230\257\322Q\020\327O\027\245"
  51      421E4D8C 
  51      7A39DA98 
  51      AFD25110 
  51      D74F17A5 
  52 008e DB9AE886 		.ascii	"\333\232\350\2061\031c\016\007\214v5\260\011\315\014"
  52      3119630E 
  52      078C7635 
  52      B009CD0C 
  53 009e B445D01A 		.ascii	"\264E\320\032!n\020\266\020\025\360\375\341\317B\265"
  53      216E10B6 
  53      1015F0FD 
  53      E1CF42B5 
  54 00ae 9D13F986 		.ascii	"\235\023\371\206@\024\333\260e\315\203\336\202\361\375"
  54      4014DBB0 
  54      65CD83DE 
  54      82F1FD
  55 00bd AC291CD9 		.ascii	"\254)\034\331g\307vX1Mi\011\026\204\034\222\322\226"
  55      67C77658 
  55      314D6909 
  55      16841C92 
  55      D296
  56 00cf 40546297 		.ascii	"@Tb\227\315\237\224\222\254=\024?\246\257\227l\221\312"
  56      CD9F9492 
  56      AC3D143F 
  56      A6AF976C 
  56      91CA
  57 00e1 6AB962D1 		.ascii	"j\271b\321-^V\274*W\353\362\212w\351\207\271\312\340"
  57      2D5E56BC 
  57      2A57EBF2 
  57      8A77E987 
  57      B9CAE0
  58 00f4 39353D6B 		.ascii	"95=k,n\315|\336\254\3505\254\246sp\265\205]D\260\203"
  58      2C6ECD7C 
  58      DEACE835 
  58      ACA67370 
  58      B5855D44 
  59 010a 08AFB387 		.ascii	"\010\257\263\2075\220\207\354\327\237\234\016\024\257"
  59      359087EC 
  59      D79F9C0E 
  59      14AF
  60 0118 72EBB765 		.ascii	"r\353\267e\011\205w\337\367k\261\317h\017\231\347\212"
  60      098577DF 
  60      F76BB1CF 
  60      680F99E7 
  60      8A
  61 0129 0016CA6A 		.ascii	"\000\026\312jKh\357\177\264\200\031\342Vq\021\322\372"
ARM GAS  e:\temp\ccujx88u.s 			page 4


  61      4B68EF7F 
  61      B48019E2 
  61      567111D2 
  61      FA
  62 013a 6FE601CF 		.ascii	"o\346\001\317d\012=\"S89W\002/\377vIA\016\344s\033\273"
  62      640A3D22 
  62      53383957 
  62      022FFF76 
  62      49410EE4 
  63 0151 9C616724 		.ascii	"\234ag$1\346$\343}\251\361\221A\247?\326\227\352h\357"
  63      31E624E3 
  63      7DA9F191 
  63      41A73FD6 
  63      97EA68EF 
  64 0165 EF8EF5C4 		.ascii	"\357\216\365\304{:\343\243\311D\313 YC\251\244\363\013"
  64      7B3AE3A3 
  64      C944CB20 
  64      5943A9A4 
  64      F30B
  65 0177 A0F69426 		.ascii	"\240\366\224&"
  66              		.text
  67              		.section	.gnu.lto_HPI_IF_sda_Write.6240b3c0,"",%progbits
  68 0000 789C5551 		.ascii	"x\234UQMk\023Q\024\275\347\275\371\010\015Y\2722H\027"
  68      4D6B1351 
  68      14BDE7BD 
  68      F9080D59 
  68      BA324817 
  69 0014 96D08552 		.ascii	"\226\320\205R\324\037 \010\326\356\212\005\027\022\010"
  69      D41F2008 
  69      D6EE8A05 
  69      171208
  70 0023 A1995DB0 		.ascii	"\241\231]\260\020m\267}I\232\006\352\246\012\266\013"
  70      106DB77D 
  70      499A06EA 
  70      A60AB60B 
  71 0033 B115445A 		.ascii	"\261\025DZ\255\232FP\020\\\214\263\351B\251X]T(\242"
  71      AD9A4650 
  71      105C8CB3 
  71      E942A958 
  71      5D5428A2 
  72 0047 0523EAC2 		.ascii	"\005#\352\302(V\305\217\306{\347m\232\313\274yo\316"
  72      2856C58F 
  72      C67BE76D 
  72      9ACBBC79 
  72      6FCE
  73 0059 9C73E6DC 		.ascii	"\234s\346\334;\016\201\244\216+\242#\274\357\347\005"
  73      3B0E81A4 
  73      8E2BA223 
  73      BCEFE705 
  74 0069 4D50B3EB 		.ascii	"MP\263\353D\345\204\002\344`\022\240I\205I\354\250\177"
  74      44E58402 
  74      E46012A0 
  74      498549EC 
  74      A87F
  75 007b 0A51BDF5 		.ascii	"\012Q\275\365H\365/\031\256\267\357\177\016\230\345"
  75      48F52F19 
  75      AEB7EF7F 
ARM GAS  e:\temp\ccujx88u.s 			page 5


  75      0E98E5
  76 008a 10354DD4 		.ascii	"\0205M\324Q\261\023a\011\375\314\372\360\270\376\012"
  76      51B11361 
  76      09FDCCFA 
  76      F0B8FE0A 
  77 009a 3A03E2F3 		.ascii	":\003\342\363t\264\323Nfn\032S1\346O\326\350\232\006"
  77      74B4D34E 
  77      666E1A53 
  77      31E64FD6 
  77      E89A06
  78 00ad 96A15981 		.ascii	"\226\241Y\201\243i\014\244\211\001\302-d\204\3741\272"
  78      A3690CA4 
  78      8901C22D 
  78      6484FC31 
  78      BA
  79 00be 58D48762 		.ascii	"X\324\207b\335\332\303K\035\364\335\020]\370r-5o\302"
  79      DDDAC34B 
  79      1DF4DD10 
  79      5DF8722D 
  79      356FC2
  80 00d1 72AF686F 		.ascii	"r\257ho\357\325J1w\273\271{%\345MI\252^\254\240\317"
  80      EFD54A31 
  80      77BBB97B 
  80      25E54D49 
  80      AA5EACA0 
  81 00e6 E6C11D78 		.ascii	"\346\301\035x\334!\004i\234\016M\247S5\341\013\377\311"
  81      DC210469 
  81      9C0E4DA7 
  81      5335E10B 
  81      FFC9
  82 00f8 A6DFA3F8 		.ascii	"\246\337\243\370\253J\363M;$\257]H\002O\000?\006\022"
  82      AB4AF34D 
  82      3B24AF5D 
  82      48024F00 
  82      3F0612
  83 010b 42206AF3 		.ascii	"B j\363\222!|UJv\335B\364{f}aB\254\253Z\0062W\213\236"
  83      92217C55 
  83      4A76DD42 
  83      F47B667D 
  83      6142ACAB 
  84 0125 FBDF554D 		.ascii	"\373\337UM;q\352\325/\227\257z\366\321\314\314\032\207"
  84      3B71EAD5 
  84      2F97AF7A 
  84      F6D1CCCC 
  84      1A87
  85 0137 A1EB2B8D 		.ascii	"\241\353+\215\037\251E\\+O\361\250\\\334C\032w\301\321"
  85      1FA9455C 
  85      2B4FF1A8 
  85      5CDC431A 
  85      77C1D1
  86 014a D1C022A8 		.ascii	"\321\300\"\250\205\312\267\372\226\262\206\232=\031"
  86      85CAB7FA 
  86      96B2869A 
  86      3D19
  87 0158 A9FE9DDE 		.ascii	"\251\376\235\336\202E\034\006\331c\363\363\306\323\244"
  87      82451C06 
  87      D963F3F3 
ARM GAS  e:\temp\ccujx88u.s 			page 6


  87      C6D3A4
  88 0167 D86AEC02 		.ascii	"\330j\354\002\253,\337F\254\221\254\314\262\242\215"
  88      AB2CDF46 
  88      AC91ACCC 
  88      B2A28D
  89 0176 0356C497 		.ascii	"\003V\304\227\313\242\007\365g\315\036\021\201\253\311"
  89      CBA207F5 
  89      67CD1E11 
  89      81ABC9
  90 0185 1A26FDF2 		.ascii	"\032&\375\362,\305\217\255\275n\033\337\246y\263p\326"
  90      2CC58FAD 
  90      BD6E1BDF 
  90      A679B370 
  90      D6
  91 0196 9212168A 		.ascii	"\222\022\026\212\346\336\355\023\240\253\227\2621\311"
  91      E6DEED13 
  91      A0AB97B2 
  91      31C9
  92 01a4 EE76EE73 		.ascii	"\356v\356s;\254\241O\250\204\257\007E\020\377\236\266"
  92      3BACA14F 
  92      A884AF07 
  92      4510FF9E 
  92      B6
  93 01b5 828C8E07 		.ascii	"\202\214\216\007yp08\027\224\362\027\202Bndl\2744\032"
  93      79703038 
  93      1794F217 
  93      82426E64 
  93      6CBC341A 
  94 01c9 648747C6 		.ascii	"d\207G\306N\034\313\236\032\036\312\015\235\314\235"
  94      4E1CCB9E 
  94      1A1ECA0D 
  94      9DCC9D
  95 01d8 2FE40F8F 		.ascii	"/\344\017\217\222;\221/\216\007n\241t&_\374\017\226"
  95      923B912F 
  95      8E076EA1 
  95      74265FFC 
  95      0F96
  96 01ea 92C7DE   		.ascii	"\222\307\336"
  97              		.text
  98              		.section	.gnu.lto_HPI_IF_sda_Read.6240b3c0,"",%progbits
  99 0000 789C2D4E 		.ascii	"x\234-N=HBa\024\275\347\373^\366x\320\036\344\320\020"
  99      3D484261 
  99      14BDE7FB 
  99      5EF678D0 
  99      1EE4D010 
 100 0014 814B04B5 		.ascii	"\201K\004\2654\007\225\233\344&\202\210\2765\301j\366"
 100      3407959B 
 100      E4268288 
 100      BE35C16A 
 100      F6
 101 0025 D3F71E82 		.ascii	"\323\367\036\2024\270TC\204[j\005!Q\015-\352\024\024"
 101      34B85443 
 101      845B6A05 
 101      21510D2D 
 101      EA1414
 102 0038 B5354784 		.ascii	"\2655G\204CSE\021\364g\367f\027>\316\275\367;\367\234"
 102      43534511 
ARM GAS  e:\temp\ccujx88u.s 			page 7


 102      F467F766 
 102      173ECEBD 
 102      F73BF79C 
 103 004c 6311486A 		.ascii	"c\021Hj\224a\222q\214\0374AU\257\211\212\266\002\244"
 103      94619271 
 103      8C1F3441 
 103      55AF898A 
 103      B602A4
 104 005f 3136A8A0 		.ascii	"16\250\240P\300\233\372V\270|\277\330p\"ucJ\346.\330"
 104      50C09BFA 
 104      56B87CBF 
 104      D8702275 
 104      634AE62E 
 105 0074 9BDB6EB4 		.ascii	"\233\333n\264\021h\242\276\"\314\2041\035\026\211:\""
 105      1168A2BE 
 105      22CC8431 
 105      1D16893A 
 105      22
 106 0085 C4D4FBD6 		.ascii	"\304\324\373\326\317\346H\3107\\\343B\340\237\006Bb"
 106      CFE648C8 
 106      375CE342 
 106      E09F0642 
 106      62
 107 0096 79B4DC36 		.ascii	"y\264\3346\375\276g\332\307N\347\324\031R\024h\366\015"
 107      FDBE67DA 
 107      C74EE7D4 
 107      19521468 
 107      F60D
 108 00a8 B4B248C4 		.ascii	"\264\262H\304\350\211\311b\375\254\224\240\356\241\373"
 108      E889C962 
 108      FDAC94A0 
 108      EEA1FB
 109 00b7 51B96D26 		.ascii	"Q\271m&\344\336\323\022c+\350\336\014\277\252@k\210"
 109      E4DED312 
 109      632BE8DE 
 109      0CBFAA40 
 109      6B88
 110 00c9 D5E7CE59 		.ascii	"\325\347\316Y\313\036\214~\245j,a\234w\352N\015\273"
 110      CB1E8C7E 
 110      A56A2C61 
 110      9C77EA4E 
 110      0DBB
 111 00db 459F035A 		.ascii	"E\237\003Z\330G\030Mp<\034\240\006\352\241\364R~\300"
 111      D847184D 
 111      703C1CA0 
 111      06EAA1F4 
 111      527EC0
 112 00ee 4050B326 		.ascii	"@P\263&o\274\257\320`\266x\305\012'\345\253\226#\242"
 112      6FBCAFD0 
 112      60B678C5 
 112      0A27E5AB 
 112      9623A2
 113 0101 04E0906F 		.ascii	"\004\340\220o\037\241\376\011\364\027\022\022\216\243"
 113      1FA1FE09 
 113      F4171212 
 113      8EA3
 114 010f 4E2CBA2B 		.ascii	"N,\272+n>\275\346fS\361\334z>\343&c\361\334\374lr)\026"
ARM GAS  e:\temp\ccujx88u.s 			page 8


 114      6E3EBDE6 
 114      6653F1DC 
 114      7A3EE326 
 114      63F1DCFC 
 115 0127 4D451752 		.ascii	"ME\027R\253\331\364T\206~\001\324\020i\002"
 115      ABD9F454 
 115      867E01D4 
 115      106902
 116              		.text
 117              		.section	.gnu.lto_HPI_IF_sda_ReadDataReg.6240b3c0,"",%progbits
 118 0000 789C2D4E 		.ascii	"x\234-N\277K\202Q\024\275\347\275\257/Q\334\203\034"
 118      BF4B8251 
 118      14BDE7BD 
 118      AF2F51DC 
 118      831C
 119 0012 1A227089 		.ascii	"\032\"p\211\240\226\346\240r\223\334B\020\321oM\260"
 119      A096E6A0 
 119      7293DC42 
 119      10D16F4D 
 119      B0
 120 0023 9A7DFEF8 		.ascii	"\232}\376\370\020\244A\202j\220\322MK\301$\332\315)"
 120      10A44182 
 120      6A90D24D 
 120      4BC124DA 
 120      CD29
 121 0035 28EA5F88 		.ascii	"(\352_\210\010\207\226~P\006Q\331\275\331\205\307\275"
 121      0887967E 
 121      500651D9 
 121      BDD985C7 
 121      BD
 122 0046 F7BC73CF 		.ascii	"\367\274s\3179\026\201\244&\270\315p\237\344\007MP\345"
 122      391681A4 
 122      26B8CD70 
 122      9FE4074D 
 122      50E5
 123 0058 1BA2AC47 		.ascii	"\033\242\254G\0012\030\017(\243\220\301\273\372V\270"
 123      0132180F 
 123      28A390C1 
 123      BBFA56B8 
 124 0068 FAB8DCF1 		.ascii	"\372\270\334\361\006\353\306\344\314\235{\266x\320\350"
 124      06EBC6E4 
 124      CC9D7BB6 
 124      78D0E8
 125 0077 C2D54443 		.ascii	"\302\325DCE\230\017`. \022u\004\211\251\367\235\237"
 125      45980F60 
 125      2E201275 
 125      0489A9F7 
 125      9D9F
 126 0089 3DBF5D30 		.ascii	"=\277]0\\SB\340\237\006l\261l\257u\315p\2307\335\212"
 126      5C5342E0 
 126      9F066CB1 
 126      6CAF75CD 
 126      709837DD 
 127 009e EFE2C837 		.ascii	"\357\342\3107\246\310\325\354\353je\221\210\3213\223"
 127      A6C8D5EC 
 127      EB6A6591 
 127      88D13393 
ARM GAS  e:\temp\ccujx88u.s 			page 9


 128 00ae C5FA4529 		.ascii	"\305\372E)\351\272\217\336gi\320Z\227\373\274\226\030"
 128      E9BA8FDE 
 128      6769D05A 
 128      97FBBC96 
 128      18
 129 00bf FB6EEF76 		.ascii	"\373n\357v\374M\271ZC\254N\237v+\366h5\245\262\261\030"
 129      FC4DB95A 
 129      43AC4E9F 
 129      762BF668 
 129      35A5B2B1 
 130 00d4 AA35DB03 		.ascii	"\2525\333\003\177\025\207\331\002\007\264p\202\000\216"
 130      7F1587D9 
 130      0207B470 
 130      82008E
 131 00e3 C1F1D044 		.ascii	"\301\361\320D\025\324G\356\265\370\200\221\240fMF\362"
 131      15D447EE 
 131      B5F88091 
 131      A0664D46 
 131      F2
 132 00f4 5FF668B7 		.ascii	"_\366h\267\030b\205\363\342u\307+\242\004\240\305\267"
 132      186285F3 
 132      E275C72B 
 132      A204A0C5 
 132      B7
 133 0105 8F50FF04 		.ascii	"\217P\377\004\372\013\011\011\307Q\247W\234\015'\035"
 133      FA0B0909 
 133      C751A757 
 133      9C0D271D 
 134 0115 DF7292B1 		.ascii	"\337r\222\261Hj;\235p\242\341Hji!\272\032\016\305B\313"
 134      486A3B9D 
 134      70A2E148 
 134      6A6921BA 
 134      1A0EC542 
 135 012a B1CD647C 		.ascii	"\261\315d|6A\277\320\016i\006"
 135      3641BFD0 
 135      0E6906
 136              		.text
 137              		.section	.gnu.lto_HPI_IF_sda_SetInterruptMode.6240b3c0,"",%progbits
 138 0000 789C6D51 		.ascii	"x\234mQAh\023A\024\235?\263\311n\222v\365\346\301\036"
 138      41681341 
 138      149D3FB3 
 138      C96E9276 
 138      F5E6C11E 
 139 0014 72B0845E 		.ascii	"r\260\204^DAo\336\012j/\022\354\265\020B\263J\016f%"
 139      44416FDE 
 139      0A6A2F12 
 139      ECB51042 
 139      B34A0E66 
 140 0029 8DE74EB2 		.ascii	"\215\347N\262I\012AJQ\014X,Eei\264j\233\246\026\354"
 140      490A414A 
 140      510C582C 
 140      456569B4 
 140      6A9BA616 
 141 003e 690D78AB 		.ascii	"i\015x\253J+\"V\020\255\232B\351!M[\024\321\306\377"
 141      4A2B2256 
 141      10AD9A42 
 141      E9214D5B 
ARM GAS  e:\temp\ccujx88u.s 			page 10


 141      14D1C6FF 
 142 0052 77732938 		.ascii	"ws)8\260;\363\037\357\275y\377\217\302\200\321\252p"
 142      B03BF31F 
 142      EFBD79FF 
 142      8FC280D1 
 142      AA70
 143 0064 C6CEE17E 		.ascii	"\306\316\341~\034?\020\014\370\304\033\306\262\032\007"
 143      1C3F100C 
 143      F8C41BC6 
 143      B21A07
 144 0073 A083D480 		.ascii	"\240\203\324\200\215r\030\205}\376\227C}\254\361\202"
 144      8D721885 
 144      7DFE9743 
 144      7DACF182 
 145 0083 F7CD485C 		.ascii	"\367\315H\\_~l\236\226\025\007\012\202\2616w\235\030"
 145      5F7E6C9E 
 145      9615070A 
 145      82B13677 
 145      9D18
 146 0095 CC401FB2 		.ascii	"\314@\037\262^\265\177:G\366xA\000\220h\255\2712\025"
 146      5EB57F3A 
 146      47F67841 
 146      009068AD 
 146      B93215
 147 00a8 A292C351 		.ascii	"\242\222\303Q,'\267\354\262.\"\300\360\274\271\370\340"
 147      2C27B7EC 
 147      B22E22C0 
 147      F0BCB9F8 
 147      E0
 148 00b9 4330624B 		.ascii	"C0bK\231\223\262\026\227\276\202\020\360\030\004\372"
 148      9993B216 
 148      97BE8210 
 148      F01804FA 
 149 00c9 C123E881 		.ascii	"\301#\350\201\012\3640\204\030\314B\004\331\2735\373"
 149      0AF43084 
 149      18CC4204 
 149      D9BB35FB 
 150 00d9 76489C72 		.ascii	"vH\234r\225-\313\266\272:\312\375\216\362\311\177\224"
 150      952DCBB6 
 150      BA3ACAFD 
 150      8EF2C97F 
 150      94
 151 00ea 4F2142F4 		.ascii	"O!B\364\325\374\374=\341ER\260\334y=\371M\367\"\205"
 151      D5FCFC3D 
 151      E14552B0 
 151      DC793DF9 
 151      4DF72285 
 152 00fe B19CB5DF 		.ascii	"\261\234\265\337\333\\\234u\215K\037o-t\367>$c\347\335"
 152      DB5C9C75 
 152      8D4B1F6F 
 152      2D74F73E 
 152      2463E7DD 
 153 0112 B87E573A 		.ascii	"\270~W:\371pA(0\357\231\317\241\37134\247\205\354\215"
 153      F9704128 
 153      30EF99CF 
 153      A1F93334 
 153      A785EC8D 
ARM GAS  e:\temp\ccujx88u.s 			page 11


 154 0126 EAC19D6E 		.ascii	"\352\301\235n\177\236\006\022\206*\364z\243\200\005"
 154      7F9E0612 
 154      862AF47A 
 154      A38005
 155 0135 F0E37081 		.ascii	"\360\343p\201\220\271\313\216l\267-\351\254\352/\327"
 155      90B9CB8E 
 155      6CB72DE9 
 155      ACEA2FD7 
 156 0145 F52E8EB1 		.ascii	"\365.\216\261|\230\002;R\350\350\243\237\237\021S\005"
 156      7C98023B 
 156      52E8E8A3 
 156      9F9F1153 
 156      05
 157 0156 4AAB21E0 		.ascii	"J\253!\340\017\020\032\244\037cMt\244\227\330\341\234"
 157      0F101AA4 
 157      1F634D74 
 157      A497D8E1 
 157      9C
 158 0167 76D180FA 		.ascii	"v\321\200\372\357\322\347\345(]b\011\032p\271P\177\253"
 158      EFD2E7E5 
 158      285D6209 
 158      1A70B950 
 158      7FAB
 159 0179 5237AADB 		.ascii	"R7\252\333\301Z\271:\356\367\312\233\245\011I\375\356"
 159      C15AB93A 
 159      EEF7CA9B 
 159      A50949FD 
 159      EE
 160 018a B696EE87 		.ascii	"\266\226\356\207\246a*\233\307\367\322`\021\233\250"
 160      A6612A9B 
 160      C7F7D260 
 160      119BA8
 161 0199 5113F01C 		.ascii	"Q\023\360\034\246\2015 \327\032\333\363y\206\212\205"
 161      A6813520 
 161      D71ADBF3 
 161      79868A85 
 162 01a9 6343E4A0 		.ascii	"cC\344\240\370]\361\020\037\202\210X\177\212\333\340"
 162      F85DF110 
 162      1F828858 
 162      7F8ADBE0 
 163 01b9 21742FE2 		.ascii	"!t/\342l\003\270\333*\206G\320\3434\226\327;,\015\235"
 163      6C03B8DB 
 163      2A8647D0 
 163      E33496D7 
 163      3B2C0D9D 
 164 01cd 2CA1BAF6 		.ascii	",\241\272\366\252\007\005\020%\332\257\342J\307<\350"
 164      AA070510 
 164      25DAAFE2 
 164      4AC73CE8 
 165 01dd BA0510AC 		.ascii	"\272\005\020\254\227\277\036#\354P\334\254\224\241\303"
 165      97BF1E23 
 165      EC50DCAC 
 165      94A1C3
 166 01ec 89973031 		.ascii	"\211\22701\312\330\026\344\234O\227H\340\276E\223\003"
 166      CAD816E4 
 166      9C4F9748 
 166      E0BE4593 
ARM GAS  e:\temp\ccujx88u.s 			page 12


 166      03
 167 01fd 4D076775 		.ascii	"M\007gu\342\202\2212\322\361\214\221\210\015\2327\322"
 167      E2829132 
 167      D2F18C91 
 167      880D9A37 
 167      D2
 168 020e C3C65074 		.ascii	"\303\306Pt\320\354?3t1:\020\0338\037\033I\304O\0163"
 168      D0EC3F33 
 168      74313A10 
 168      1B381F1B 
 168      49C44F0E 
 169 0223 EDBA3992 		.ascii	"\355\2729\222\314$\315\224r\315L\030j2\225I\367_\271"
 169      CC24CD94 
 169      72CD4C18 
 169      6A329549 
 169      F75FB9
 170 0236 FA0FCCF2 		.ascii	"\372\017\314\362\357F"
 170      EF46
 171              		.text
 172              		.section	.gnu.lto_HPI_IF_sda_ClearInterrupt.6240b3c0,"",%progbits
 173 0000 789C5590 		.ascii	"x\234U\220\277K[Q\024\307\317\367\336\027\215\305\350"
 173      BF4B5B51 
 173      14C7CFF7 
 173      DE178DC5 
 173      E8
 174 0011 1F600607 		.ascii	"\037`\006\007E\\\212\240KgA\233M\314&\201\020\2227\211"
 174      455C8AA0 
 174      4B67419B 
 174      4DCC2681 
 174      10923789 
 175 0025 0A26AEE6 		.ascii	"\012&\256\346&\361)J\301,\352\244\016\202\321\326*\205"
 175      26F1294A 
 175      C12CEAA4 
 175      0E82D1D6 
 175      2A85
 176 0037 B64B093C 		.ascii	"\266K\011<\203\320\202hk\247\216\242\220A,\244\245U"
 176      83D08268 
 176      6BA78EA2 
 176      90412CA4 
 176      A555
 177 0049 F047E239 		.ascii	"\360G\3429y\016z\341q\357\375\276\363\375\334\3579\026"
 177      790E7AE1 
 177      71EFFDBE 
 177      F3FDDCEF 
 177      3916
 178 005b 81647DE6 		.ascii	"\201d}\346\255\227\3676\376\240\011*\177L\224\361+@"
 178      AD97F736 
 178      FEA0092A 
 178      7F4C94F1 
 178      2B40
 179 006d 0EC60F4A 		.ascii	"\016\306\017J+\244\361_\335+\034^\177{\363\242\273`"
 179      2BA4F15F 
 179      DD2B1C5E 
 179      7F7BF3A2 
 179      BB60
 180 007f 4CD69C3A 		.ascii	"L\326\234:\327\257V\266\\8\232\250\246\010\275A\364"
 180      D7AF56B6 
ARM GAS  e:\temp\ccujx88u.s 			page 13


 180      5C389AA8 
 180      A608BD41 
 180      F4
 181 0090 04055140 		.ascii	"\004\005Q@7q\351\371\356m!\240\273 \347\243\315\337"
 181      3771E9F9 
 181      EE6D21A0 
 181      BB20E7A3 
 181      CDDF
 182 00a2 9FD0B921 		.ascii	"\237\320\271!6\267\270\330\274b\334L;\373\260\005\375"
 182      36B7B8D8 
 182      BC62DC4C 
 182      3BFBB005 
 182      FD
 183 00b3 D44A527B 		.ascii	"\324JR{\366\241\272\024h\2301\274\332\261\215N\2013"
 183      F6A1BA14 
 183      689831BC 
 183      DAB18D4E 
 183      8133
 184 00c5 F52D1A38 		.ascii	"\365-\0328'D\331\033vM\255\2263\356\227\326\375\237"
 184      2744D91B 
 184      764DAD96 
 184      33EE97D6 
 184      FD9F
 185 00d7 AD8D8A1C 		.ascii	"\255\215\212\034\315\271\035\255,\222\337>\271\023U"
 185      CDB91DAD 
 185      2C92DF3E 
 185      B91355
 186 00e6 D8260DFC 		.ascii	"\330&\015\374QJv]F\351f\341\2528-\244\234\226f\226\235"
 186      514A765D 
 186      46E966E1 
 186      AA382DA4 
 186      9C966696 
 187 00fb D2F7C67F 		.ascii	"\322\367\306\177\312\321\272\036\362\346\327\374\017"
 187      CAD1BA1E 
 187      F2E6D7FC 
 187      0F
 188 0108 CBBBE617 		.ascii	"\313\273\346\027\362\306bi\343p\355\262i\035\253\231"
 188      F2C66269 
 188      E370EDB2 
 188      691DAB99 
 189 0118 196ED3C2 		.ascii	"\031n\323\302\016\202x\007N\212\367X\007\225\221\375"
 189      0E827807 
 189      4E8AF758 
 189      079591FD 
 190 0128 3B77A73C 		.ascii	";w\247<\240f&+\271\273\331\003x\212\305\"3>\036|\235"
 190      A066262B 
 190      B9BBD903 
 190      788AC522 
 190      333E1E7C 
 191 013d F50B9607 		.ascii	"\365\013\226\007\212]v\237\241n\221\250\\\344Q\252\305"
 191      8A5D769F 
 191      A16E91A8 
 191      5CE451AA 
 191      C5
 192 014e 11CFE4F3 		.ascii	"\021\317\344\363\244\322r\035\362,B\306\030\337\363"
 192      A4D2721D 
 192      F22C42C6 
ARM GAS  e:\temp\ccujx88u.s 			page 14


 192      18DFF3
 193 015d 147B9C82 		.ascii	"\024{\234\202-t\201\254{\262\330\362\370\254\314\261"
 193      2D7481AC 
 193      7BB2D8F2 
 193      F8ACCCB1 
 194 016d A2204DF3 		.ascii	"\242 M\363\010:\006\355q{2\226\262\023\321\360\304\324"
 194      083A06ED 
 194      717B3296 
 194      B213D1F0 
 194      C4D4
 195 017f 64DC8E0C 		.ascii	"d\334\216\014\205'\372\373\"\257\207B\321\320@4\231"
 195      8527FAFB 
 195      22AF8742 
 195      D1D04034 
 195      99
 196 0190 88BD8C53 		.ascii	"\210\275\214S\363X,9j'\302\251Xj*\371\000pp\241\262"
 196      F3582C39 
 196      6A27C2A9 
 196      586A2AF9 
 196      007070A1 
 197              		.text
 198              		.section	.gnu.lto_.symbol_nodes.6240b3c0,"",%progbits
 199 0000 789C6361 		.ascii	"x\234ca`d\310`\000\002&\206z\006\206\011\347\030@\324"
 199      6064C860 
 199      00022686 
 199      7A068609 
 199      E71840D4 
 200 0014 AE0645A0 		.ascii	"\256\006E\240\000c=#\252\000S=\023\252\000s=3\252\000"
 200      00633D23 
 200      AA00533D 
 200      13AA0073 
 200      3D33AA00 
 201 0028 4B3D0BAA 		.ascii	"K=\013\252\000k=+\212\000\003\000\305\333\026\342"
 201      006B3D2B 
 201      8A000300 
 201      C5DB16E2 
 202              		.text
 203              		.section	.gnu.lto_.refs.6240b3c0,"",%progbits
 204 0000 789C6361 		.ascii	"x\234ca`\004B \000\000\0009\000\007"
 204      60044220 
 204      00000039 
 204      0007
 205              		.text
 206              		.section	.gnu.lto_.decls.6240b3c0,"",%progbits
 207 0000 789C8D54 		.ascii	"x\234\215ToL[U\024\277\347\275\266\216\007\035\204,"
 207      6F4C5B55 
 207      14BFE7BD 
 207      B68E071D 
 207      842C
 208 0012 13633FE0 		.ascii	"\023c?\3404\264\237\310\030\306\030?\030\023\226\015"
 208      34B49FC8 
 208      18C6183F 
 208      1813960D 
 209 0022 12FF2C23 		.ascii	"\022\377,#\316/KH\007/\223d\001\322\025\023\276\230"
 209      CE2F4B48 
 209      072F9364 
 209      01D21513 
ARM GAS  e:\temp\ccujx88u.s 			page 15


 209      BE98
 210 0034 EBC6269B 		.ascii	"\353\306&\233F;u\012:26\242\026\030P\006\205\266S\351"
 210      463B750A 
 210      3A3236A2 
 210      16185006 
 210      85B653E9 
 211 0048 66E90674 		.ascii	"f\351\006t\033\355b\342\\\224\231\016\243\216\030p\376"
 211      1BED62E2 
 211      5C94990E 
 211      A38E1870 
 211      FE
 212 0059 19CE51CF 		.ascii	"\031\316Q\317\275\367\265\357\261u\206\233w\356\275"
 212      BDF7B5EF 
 212      B175869B 
 212      77EEBD
 213 0068 E7BC737E 		.ascii	"\347\274s~\347\234\337;y&\002\204\255e3!\213xv\241\232"
 213      E79CDF3B 
 213      79260284 
 213      AD653321 
 213      8B7876A1 
 214 007d C2F510DE 		.ascii	"\302\365\020\336w\020}YP\206Q\374(\001\224\020J\004"
 214      77107D59 
 214      508651FC 
 214      28019410 
 214      4A04
 215 008f 254AEE5F 		.ascii	"%J\356_\314\317\254\305\017\240\330Q\022(q\355=h>\367"
 215      CCCFACC5 
 215      0FA0D851 
 215      122871ED 
 215      3D683EF7 
 216 00a3 2EBF96C7 		.ascii	".\277\226\307\030g\313\022\353\317\022\033\320r\376"
 216      1867CB12 
 216      EBCF121B 
 216      D072FE
 217 00b2 5F5C204B 		.ascii	"_\\ K\\h\025q\241,q\254\367\034\255\326B\224u(\343("
 217      5C681571 
 217      A12C71AC 
 217      F71CADD6 
 217      42947528 
 218 00c8 310DA724 		.ascii	"1\015\247$\013N$\013Nt\025\371\263q|W\202T\347\2007"
 218      0B4E240B 
 218      4E7415F9 
 218      B3717C57 
 218      8254E780 
 219 00dd E71A5C05 		.ascii	"\347\032\\\005\011\264\217H\000\304\016\\\210\020\256"
 219      09B48F48 
 219      00C40E5C 
 219      8810AE
 220 00ec E245E23B 		.ascii	"\342E\342;\311\2302\007a;\021\376\334\246\203\361'}"
 220      C9983207 
 220      613B11FE 
 220      DCA683F1 
 220      277D
 221 00fe A6D28B83 		.ascii	"\246\322\213\203\350\350\240\005A\246\002\021%\336K"
 221      E8E8A005 
 221      41A60211 
 221      25DE4B
ARM GAS  e:\temp\ccujx88u.s 			page 16


 222 010d 9A1B11E0 		.ascii	"\232\033\021\340\222\036`\300\023\345\032j\202\225="
 222      921E60C0 
 222      13E51A6A 
 222      82953D
 223 011c 41BAE9F7 		.ascii	"A\272\351\367S\307oYe\304\304\373\354\222wK\351)\212"
 223      53C76F59 
 223      65C4C4FB 
 223      EC92774B 
 223      E9298A
 224 012f CB43A9F4 		.ascii	"\313C\251\364\214\316\314\340\201\033=k\376\220\300"
 224      8CCECCE0 
 224      811B3D6B 
 224      FE90C0
 225 013e A6400A98 		.ascii	"\246@\012\230>\037\\\262\012\235\275\3568\222\\\316"
 225      3E1F5CB2 
 225      0A9DBDEE 
 225      38925CCE 
 226 014e 951F6777 		.ascii	"\225\037gw\351J\262\357\027\0238\224\317\030\314\365"
 226      E94AB2EF 
 226      17133894 
 226      CF18CCF5 
 227 015e E1A16783 		.ascii	"\341\241g\203\224\026\300\000(p\012d\350\201R\226\334"
 227      9416C000 
 227      28700A64 
 227      E8815296 
 227      DC
 228 016f A6E0DE46 		.ascii	"\246\340\336F\351>\272p\222Z\212\010\224\333`\243\215"
 228      E93EBA70 
 228      925A8A08 
 228      94DB60A3 
 228      8D
 229 0180 403F3818 		.ascii	"@?8\030&\363\202>\260A/\330\030\376\334G\307oZL\022"
 229      26F3823E 
 229      B0412FD8 
 229      18FEDC47 
 229      C76F5A4C 
 230 0195 06329C5D 		.ascii	"\0062\234]&f\233H\375\035\316\307\022\012\025\220PM"
 230      26669B48 
 230      FD1DCEC7 
 230      120A1590 
 230      504D
 231 01a7 2CC43A73 		.ascii	",\304:sQ]\247@\001\252\227>\270\232\200\242\017Y\015"
 231      515DA740 
 231      01AA973E 
 231      B89A80A2 
 231      0F590D
 232 01ba 743F2D96 		.ascii	"t?-\226`\307z\030B@\037\002\0228\015E\270\017\202It"
 232      60C77A18 
 232      42401F02 
 232      12380D45 
 232      B80F8249 
 233 01cf E77FAF7F 		.ascii	"\347\177\257\177\331\272\241\213v\371\350\365\261\203"
 233      D9BAA18B 
 233      76F9E8F5 
 233      B183
 234 01dd CF9FE83E 		.ascii	"\317\237\350>Hg0\3569\356\010^\275l\274\262\343s\270"
 234      486730EE 
ARM GAS  e:\temp\ccujx88u.s 			page 17


 234      39EE085E 
 234      BD6CBCB2 
 234      E373B8
 235 01f0 86640EC3 		.ascii	"\206d\016\303\006\214\275\233\272\321e\226\2338\015"
 235      068CBD9B 
 235      BAD16596 
 235      9B380D
 236 01ff AD339ED7 		.ascii	"\2553\236\327\005Lx\374M\271\203\206\367!\212\304AF"
 236      054C78FC 
 236      4DB98386 
 236      F7218AC4 
 236      4146
 237 0211 74901123 		.ascii	"t\220\021#\210\237\203|\322\266tE\226\337\000\216\322"
 237      889F837C 
 237      D2B67445 
 237      96DF008E 
 237      D2
 238 0222 E9E9EECD 		.ascii	"\351\351\356\3155\226\316z\326k\037\343\265\357\322"
 238      3596CE7A 
 238      D66B1FE3 
 238      B5EFD2
 239 0231 4A4F4C1E 		.ascii	"JOL\036j\321R\016M\351)\321\011F\365\224\243\306\224"
 239      6AD1520E 
 239      4DE929D1 
 239      0946F594 
 239      A3C694
 240 0244 019EF28E 		.ascii	"\001\236\362\216o\320g\226\217\210\224\377.\336\276"
 240      6FD06796 
 240      8F8894FF 
 240      2EDEBE
 241 0253 65D260DA 		.ascii	"e\322`\332\247\363D\367\034$\250\203\004\215 !\016r"
 241      A7F344F7 
 241      1C24A883 
 241      048D2021 
 241      0E72
 242 0265 34EE39B7 		.ascii	"4\3569\267V\366\012\220O\377\271\263 \343\027(\301\031"
 242      56F60A90 
 242      4FFFB9B3 
 242      20E31728 
 242      C119
 243 0277 49C98621 		.ascii	"I\311\206!)\021C\342=\021\035V\344\010w\226~\0339\377"
 243      291143E2 
 243      3D111D56 
 243      E4087796 
 243      7E1B39FF 
 244 028b AD151407 		.ascii	"\255\025\024\007\237\001lSq\220L\217\020\306)(\321\246"
 244      9F016C53 
 244      71904C8F 
 244      10C62928 
 244      D1A6
 245 029d E04B347E 		.ascii	"\340K4~\201Fm\234\374b\234\306\221\222\257\364\322J"
 245      81466D9C 
 245      FC629CC6 
 245      9192AFF4 
 245      D24A
 246 02af 14C1467B 		.ascii	"\024\301F{\367\273\016>&\343\23119\333\377SL\311\330"
 246      F7BB0E3E 
ARM GAS  e:\temp\ccujx88u.s 			page 18


 246      26E39931 
 246      39DBFF53 
 246      4CC9D8
 247 02c2 CE02379E 		.ascii	"\316\0027\236\374\371\346\250\365\201\323\3615g\370"
 247      FCF9E6A8 
 247      F581D3F1 
 247      3567F8
 248 02d1 5C7A3A02 		.ascii	"\\z:\002\021\177\314\224\236\216\350K\311\323\224\036"
 248      117FCC94 
 248      9E8EE84B 
 248      C9D3941E 
 249 02e1 C03813F3 		.ascii	"\3008\023\363\2033z\021g\214\374D8?\311\266?{\363\345"
 249      83337A11 
 249      678CFC44 
 249      383FC9B6 
 249      3F7BF3E5 
 250 02f5 69C1CFE1 		.ascii	"i\301\317\341\260\367\035\213Fr\360\362\312o5\241\303"
 250      B0F71D8B 
 250      4672F0F2 
 250      CA6F35A1 
 250      C3
 251 0306 4C1861A2 		.ascii	"L\030a\242\034&\336\352;&\213Q7\241\272x\361\343\344"
 251      1C26DEEA 
 251      3B268B51 
 251      37A1BA78 
 251      F1E3E4
 252 0319 5A31EAC5 		.ascii	"Z1\352\305\250~\177\241\247\217\275\2653\336S\251|\003"
 252      A87E7FA1 
 252      A78FBDB5 
 252      33DE53A9 
 252      7C03
 253 032b F376C1FC 		.ascii	"\363v\301\374\324\354\334\3579\362\234`>\3211?kI3\357"
 253      D4ECDCEF 
 253      39F29C60 
 253      3ED1313F 
 253      6B4933EF 
 254 033f D94F0B2B 		.ascii	"\331O\013+\011\\\300\336\3173\346/\"\363v\215\371)4"
 254      095CC0DE 
 254      CF33E62F 
 254      22F3768D 
 254      F92934
 255 0352 4EEACC07 		.ascii	"N\352\314\007\005\3631dqZ\257\326\2561\177\350\307\243"
 255      05F33164 
 255      715AAFD6 
 255      AE317FE8 
 255      C7A3
 256 0364 DF999536 		.ascii	"\337\231\2256F\347j01\"\364\003=f\226\347EQ\337\274"
 256      46E76A30 
 256      3122F403 
 256      3D6696E7 
 256      4551DFBC 
 257 0378 35D62EA7 		.ascii	"5\326.\247\177\032\341\370\257\225\255\224\002\3041"
 257      7F1AE1F8 
 257      AF95AD94 
 257      02C431
 258 0387 D7653DD7 		.ascii	"\327e=\327%\320\376\032\367\347\230\311\236\343\257"
 258      25D0FE1A 
ARM GAS  e:\temp\ccujx88u.s 			page 19


 258      F7E798C9 
 258      9EE3AF
 259 0396 DB936FE7 		.ascii	"\333\223o\347\345\035\316t\312\021\323A\004\022\220"
 259      E51DCE74 
 259      CA11D341 
 259      041290
 260 03a5 C7FF87EC 		.ascii	"\307\377\207\354|\270r[UM\325\226\232\275u\316\232j"
 260      7CB8725B 
 260      554DD596 
 260      9ABD75CE 
 260      9A6A
 261 03b7 D5BDD955 		.ascii	"\325\275\331U\377\232\372Bc\235\272f\353\213/\027W\224"
 261      FF9AFA42 
 261      639DBA66 
 261      EB8B2F17 
 261      5794
 262 03c9 95117373 		.ascii	"\225\021ss}\203\373\351\307\266\252\015\252\313\351"
 262      7D83FBE9 
 262      C7B6AA0D 
 262      AACBE9
 263 03d8 56EB6AAA 		.ascii	"V\353j\252\033\233]\265\352\316m\325\215\025O\356\254"
 263      1B9B5DB5 
 263      EACE6DD5 
 263      8D154FEE 
 263      AC
 264 03e9 6D71B734 		.ascii	"mq\2674\251{K_%O<\300C\307/\255%\005\206l\257\270\352"
 264      A97B4B5F 
 264      254F3CC0 
 264      43C72FAD 
 264      2505866C 
 265 0400 DD6ABEC1 		.ascii	"\335j\276\301\260]u\326\255\277G\337\354t;\267\253\273"
 265      B05D75D6 
 265      ADBF47DF 
 265      EC743BB7 
 265      ABBB
 266 0412 1F5D5965 		.ascii	"\037]YeU\203[u\271\232\233\334\254R\013+\260\354\251"
 266      55835B75 
 266      B99A9BDC 
 266      AC520B2B 
 266      B0ECA9
 267 0425 470C2E15 		.ascii	"G\014.\025{T\247+\343\304\035\3127\231]\352\356\362"
 267      7B54A72B 
 267      E3C41DCA 
 267      37995DEA 
 267      EEF2
 268 0437 4DFF01C3 		.ascii	"M\377\001\303\205!a"
 268      852161
 269              		.text
 270              		.section	.gnu.lto_.symtab.6240b3c0,"",%progbits
 271 0000 4850495F 		.ascii	"HPI_IF_sda_SetDriveMode\000"
 271      49465F73 
 271      64615F53 
 271      65744472 
 271      6976654D 
 272 0018 00       		.ascii	"\000"
 273 0019 00       		.ascii	"\000"
 274 001a 00       		.ascii	"\000"
ARM GAS  e:\temp\ccujx88u.s 			page 20


 275 001b 00000000 		.ascii	"\000\000\000\000\000\000\000\000"
 275      00000000 
 276 0023 B3000000 		.ascii	"\263\000\000\000"
 277 0027 4850495F 		.ascii	"HPI_IF_sda_Write\000"
 277      49465F73 
 277      64615F57 
 277      72697465 
 277      00
 278 0038 00       		.ascii	"\000"
 279 0039 00       		.ascii	"\000"
 280 003a 00       		.ascii	"\000"
 281 003b 00000000 		.ascii	"\000\000\000\000\000\000\000\000"
 281      00000000 
 282 0043 B5000000 		.ascii	"\265\000\000\000"
 283 0047 4850495F 		.ascii	"HPI_IF_sda_Read\000"
 283      49465F73 
 283      64615F52 
 283      65616400 
 284 0057 00       		.ascii	"\000"
 285 0058 00       		.ascii	"\000"
 286 0059 00       		.ascii	"\000"
 287 005a 00000000 		.ascii	"\000\000\000\000\000\000\000\000"
 287      00000000 
 288 0062 B8000000 		.ascii	"\270\000\000\000"
 289 0066 4850495F 		.ascii	"HPI_IF_sda_ReadDataReg\000"
 289      49465F73 
 289      64615F52 
 289      65616444 
 289      61746152 
 290 007d 00       		.ascii	"\000"
 291 007e 00       		.ascii	"\000"
 292 007f 00       		.ascii	"\000"
 293 0080 00000000 		.ascii	"\000\000\000\000\000\000\000\000"
 293      00000000 
 294 0088 BA000000 		.ascii	"\272\000\000\000"
 295 008c 4850495F 		.ascii	"HPI_IF_sda_SetInterruptMode\000"
 295      49465F73 
 295      64615F53 
 295      6574496E 
 295      74657272 
 296 00a8 00       		.ascii	"\000"
 297 00a9 00       		.ascii	"\000"
 298 00aa 00       		.ascii	"\000"
 299 00ab 00000000 		.ascii	"\000\000\000\000\000\000\000\000"
 299      00000000 
 300 00b3 C4000000 		.ascii	"\304\000\000\000"
 301 00b7 4850495F 		.ascii	"HPI_IF_sda_ClearInterrupt\000"
 301      49465F73 
 301      64615F43 
 301      6C656172 
 301      496E7465 
 302 00d1 00       		.ascii	"\000"
 303 00d2 00       		.ascii	"\000"
 304 00d3 00       		.ascii	"\000"
 305 00d4 00000000 		.ascii	"\000\000\000\000\000\000\000\000"
 305      00000000 
 306 00dc C6000000 		.ascii	"\306\000\000\000"
ARM GAS  e:\temp\ccujx88u.s 			page 21


 307              		.text
 308              		.section	.gnu.lto_.opts,"",%progbits
 309 0000 272D666D 		.ascii	"'-fmath-errno' '-fsigned-zeros' '-ftrapping-math' '"
 309      6174682D 
 309      6572726E 
 309      6F272027 
 309      2D667369 
 310 0033 2D666E6F 		.ascii	"-fno-trapv' '-fno-openmp' '-fno-openacc' '-mcpu=cor"
 310      2D747261 
 310      70762720 
 310      272D666E 
 310      6F2D6F70 
 311 0066 7465782D 		.ascii	"tex-m0' '-mthumb' '-g' '-Os' '-Werror' '-ffunction-"
 311      6D302720 
 311      272D6D74 
 311      68756D62 
 311      2720272D 
 312 0099 73656374 		.ascii	"sections' '-ffat-lto-objects' '-finline-functions' "
 312      696F6E73 
 312      2720272D 
 312      66666174 
 312      2D6C746F 
 313 00cc 272D666C 		.ascii	"'-flto' '-fno-strict-aliasing'\000"
 313      746F2720 
 313      272D666E 
 313      6F2D7374 
 313      72696374 
 314              		.text
 315              		.cfi_sections	.debug_frame
 316              		.section	.text.HPI_IF_sda_SetDriveMode,"ax",%progbits
 317              		.align	1
 318              		.global	HPI_IF_sda_SetDriveMode
 319              		.code	16
 320              		.thumb_func
 321              		.type	HPI_IF_sda_SetDriveMode, %function
 322              	HPI_IF_sda_SetDriveMode:
 323              	.LFB0:
 324              		.file 1 "Generated_Source\\PSoC4\\HPI_IF_sda.c"
   1:Generated_Source\PSoC4/HPI_IF_sda.c **** /*******************************************************************************
   2:Generated_Source\PSoC4/HPI_IF_sda.c **** * File Name: HPI_IF_sda.c  
   3:Generated_Source\PSoC4/HPI_IF_sda.c **** * Version 2.20
   4:Generated_Source\PSoC4/HPI_IF_sda.c **** *
   5:Generated_Source\PSoC4/HPI_IF_sda.c **** * Description:
   6:Generated_Source\PSoC4/HPI_IF_sda.c **** *  This file contains API to enable firmware control of a Pins component.
   7:Generated_Source\PSoC4/HPI_IF_sda.c **** *
   8:Generated_Source\PSoC4/HPI_IF_sda.c **** ********************************************************************************
   9:Generated_Source\PSoC4/HPI_IF_sda.c **** * Copyright 2008-2015, Cypress Semiconductor Corporation.  All rights reserved.
  10:Generated_Source\PSoC4/HPI_IF_sda.c **** * You may use this file only in accordance with the license, terms, conditions, 
  11:Generated_Source\PSoC4/HPI_IF_sda.c **** * disclaimers, and limitations in the end user license agreement accompanying 
  12:Generated_Source\PSoC4/HPI_IF_sda.c **** * the software package with which this file was provided.
  13:Generated_Source\PSoC4/HPI_IF_sda.c **** *******************************************************************************/
  14:Generated_Source\PSoC4/HPI_IF_sda.c **** 
  15:Generated_Source\PSoC4/HPI_IF_sda.c **** #include "cytypes.h"
  16:Generated_Source\PSoC4/HPI_IF_sda.c **** #include "HPI_IF_sda.h"
  17:Generated_Source\PSoC4/HPI_IF_sda.c **** 
  18:Generated_Source\PSoC4/HPI_IF_sda.c **** 
  19:Generated_Source\PSoC4/HPI_IF_sda.c **** #if defined(HPI_IF_sda__PC)
ARM GAS  e:\temp\ccujx88u.s 			page 22


  20:Generated_Source\PSoC4/HPI_IF_sda.c ****     #define HPI_IF_sda_SetP4PinDriveMode(shift, mode)  \
  21:Generated_Source\PSoC4/HPI_IF_sda.c ****     do { \
  22:Generated_Source\PSoC4/HPI_IF_sda.c ****         HPI_IF_sda_PC =   (HPI_IF_sda_PC & \
  23:Generated_Source\PSoC4/HPI_IF_sda.c ****                                 (uint32)(~(uint32)(HPI_IF_sda_DRIVE_MODE_IND_MASK << \
  24:Generated_Source\PSoC4/HPI_IF_sda.c ****                                 (HPI_IF_sda_DRIVE_MODE_BITS * (shift))))) | \
  25:Generated_Source\PSoC4/HPI_IF_sda.c ****                                 (uint32)((uint32)(mode) << \
  26:Generated_Source\PSoC4/HPI_IF_sda.c ****                                 (HPI_IF_sda_DRIVE_MODE_BITS * (shift))); \
  27:Generated_Source\PSoC4/HPI_IF_sda.c ****     } while (0)
  28:Generated_Source\PSoC4/HPI_IF_sda.c **** #else
  29:Generated_Source\PSoC4/HPI_IF_sda.c ****     #if (CY_PSOC4_4200L)
  30:Generated_Source\PSoC4/HPI_IF_sda.c ****         #define HPI_IF_sda_SetP4PinDriveMode(shift, mode)  \
  31:Generated_Source\PSoC4/HPI_IF_sda.c ****         do { \
  32:Generated_Source\PSoC4/HPI_IF_sda.c ****             HPI_IF_sda_USBIO_CTRL_REG = (HPI_IF_sda_USBIO_CTRL_REG & \
  33:Generated_Source\PSoC4/HPI_IF_sda.c ****                                     (uint32)(~(uint32)(HPI_IF_sda_DRIVE_MODE_IND_MASK << \
  34:Generated_Source\PSoC4/HPI_IF_sda.c ****                                     (HPI_IF_sda_DRIVE_MODE_BITS * (shift))))) | \
  35:Generated_Source\PSoC4/HPI_IF_sda.c ****                                     (uint32)((uint32)(mode) << \
  36:Generated_Source\PSoC4/HPI_IF_sda.c ****                                     (HPI_IF_sda_DRIVE_MODE_BITS * (shift))); \
  37:Generated_Source\PSoC4/HPI_IF_sda.c ****         } while (0)
  38:Generated_Source\PSoC4/HPI_IF_sda.c ****     #endif
  39:Generated_Source\PSoC4/HPI_IF_sda.c **** #endif
  40:Generated_Source\PSoC4/HPI_IF_sda.c ****   
  41:Generated_Source\PSoC4/HPI_IF_sda.c **** 
  42:Generated_Source\PSoC4/HPI_IF_sda.c **** #if defined(HPI_IF_sda__PC) || (CY_PSOC4_4200L) 
  43:Generated_Source\PSoC4/HPI_IF_sda.c ****     /*******************************************************************************
  44:Generated_Source\PSoC4/HPI_IF_sda.c ****     * Function Name: HPI_IF_sda_SetDriveMode
  45:Generated_Source\PSoC4/HPI_IF_sda.c ****     ****************************************************************************//**
  46:Generated_Source\PSoC4/HPI_IF_sda.c ****     *
  47:Generated_Source\PSoC4/HPI_IF_sda.c ****     * \brief Sets the drive mode for each of the Pins component's pins.
  48:Generated_Source\PSoC4/HPI_IF_sda.c ****     * 
  49:Generated_Source\PSoC4/HPI_IF_sda.c ****     * <b>Note</b> This affects all pins in the Pins component instance. Use the
  50:Generated_Source\PSoC4/HPI_IF_sda.c ****     * Per-Pin APIs if you wish to control individual pin's drive modes.
  51:Generated_Source\PSoC4/HPI_IF_sda.c ****     *
  52:Generated_Source\PSoC4/HPI_IF_sda.c ****     * <b>Note</b> USBIOs have limited drive functionality. Refer to the Drive Mode
  53:Generated_Source\PSoC4/HPI_IF_sda.c ****     * parameter for more information.
  54:Generated_Source\PSoC4/HPI_IF_sda.c ****     *
  55:Generated_Source\PSoC4/HPI_IF_sda.c ****     * \param mode
  56:Generated_Source\PSoC4/HPI_IF_sda.c ****     *  Mode for the selected signals. Valid options are documented in 
  57:Generated_Source\PSoC4/HPI_IF_sda.c ****     *  \ref driveMode.
  58:Generated_Source\PSoC4/HPI_IF_sda.c ****     *
  59:Generated_Source\PSoC4/HPI_IF_sda.c ****     * \return
  60:Generated_Source\PSoC4/HPI_IF_sda.c ****     *  None
  61:Generated_Source\PSoC4/HPI_IF_sda.c ****     *
  62:Generated_Source\PSoC4/HPI_IF_sda.c ****     * \sideeffect
  63:Generated_Source\PSoC4/HPI_IF_sda.c ****     *  If you use read-modify-write operations that are not atomic, the ISR can
  64:Generated_Source\PSoC4/HPI_IF_sda.c ****     *  cause corruption of this function. An ISR that interrupts this function 
  65:Generated_Source\PSoC4/HPI_IF_sda.c ****     *  and performs writes to the Pins component Drive Mode registers can cause 
  66:Generated_Source\PSoC4/HPI_IF_sda.c ****     *  corrupted port data. To avoid this issue, you should either use the Per-Pin
  67:Generated_Source\PSoC4/HPI_IF_sda.c ****     *  APIs (primary method) or disable interrupts around this function.
  68:Generated_Source\PSoC4/HPI_IF_sda.c ****     *
  69:Generated_Source\PSoC4/HPI_IF_sda.c ****     * \funcusage
  70:Generated_Source\PSoC4/HPI_IF_sda.c ****     *  \snippet HPI_IF_sda_SUT.c usage_HPI_IF_sda_SetDriveMode
  71:Generated_Source\PSoC4/HPI_IF_sda.c ****     *******************************************************************************/
  72:Generated_Source\PSoC4/HPI_IF_sda.c ****     void HPI_IF_sda_SetDriveMode(uint8 mode)
  73:Generated_Source\PSoC4/HPI_IF_sda.c ****     {
 325              		.loc 1 73 0
 326              		.cfi_startproc
 327              		@ args = 0, pretend = 0, frame = 0
ARM GAS  e:\temp\ccujx88u.s 			page 23


 328              		@ frame_needed = 0, uses_anonymous_args = 0
 329              		@ link register save eliminated.
 330              	.LVL0:
  74:Generated_Source\PSoC4/HPI_IF_sda.c **** 		HPI_IF_sda_SetP4PinDriveMode(HPI_IF_sda__0__SHIFT, mode);
 331              		.loc 1 74 0
 332 0000 0721     		movs	r1, #7
 333 0002 034A     		ldr	r2, .L2
  75:Generated_Source\PSoC4/HPI_IF_sda.c ****     }
 334              		.loc 1 75 0
 335              		@ sp needed
  74:Generated_Source\PSoC4/HPI_IF_sda.c **** 		HPI_IF_sda_SetP4PinDriveMode(HPI_IF_sda__0__SHIFT, mode);
 336              		.loc 1 74 0
 337 0004 1368     		ldr	r3, [r2]
 338 0006 8B43     		bics	r3, r1
 339 0008 1843     		orrs	r0, r3
 340              	.LVL1:
 341 000a 1060     		str	r0, [r2]
 342              		.loc 1 75 0
 343 000c 7047     		bx	lr
 344              	.L3:
 345 000e C046     		.align	2
 346              	.L2:
 347 0010 08050440 		.word	1074005256
 348              		.cfi_endproc
 349              	.LFE0:
 350              		.size	HPI_IF_sda_SetDriveMode, .-HPI_IF_sda_SetDriveMode
 351              		.section	.text.HPI_IF_sda_Write,"ax",%progbits
 352              		.align	1
 353              		.global	HPI_IF_sda_Write
 354              		.code	16
 355              		.thumb_func
 356              		.type	HPI_IF_sda_Write, %function
 357              	HPI_IF_sda_Write:
 358              	.LFB1:
  76:Generated_Source\PSoC4/HPI_IF_sda.c **** #endif
  77:Generated_Source\PSoC4/HPI_IF_sda.c **** 
  78:Generated_Source\PSoC4/HPI_IF_sda.c **** 
  79:Generated_Source\PSoC4/HPI_IF_sda.c **** /*******************************************************************************
  80:Generated_Source\PSoC4/HPI_IF_sda.c **** * Function Name: HPI_IF_sda_Write
  81:Generated_Source\PSoC4/HPI_IF_sda.c **** ****************************************************************************//**
  82:Generated_Source\PSoC4/HPI_IF_sda.c **** *
  83:Generated_Source\PSoC4/HPI_IF_sda.c **** * \brief Writes the value to the physical port (data output register), masking
  84:Generated_Source\PSoC4/HPI_IF_sda.c **** *  and shifting the bits appropriately. 
  85:Generated_Source\PSoC4/HPI_IF_sda.c **** *
  86:Generated_Source\PSoC4/HPI_IF_sda.c **** * The data output register controls the signal applied to the physical pin in 
  87:Generated_Source\PSoC4/HPI_IF_sda.c **** * conjunction with the drive mode parameter. This function avoids changing 
  88:Generated_Source\PSoC4/HPI_IF_sda.c **** * other bits in the port by using the appropriate method (read-modify-write or
  89:Generated_Source\PSoC4/HPI_IF_sda.c **** * bit banding).
  90:Generated_Source\PSoC4/HPI_IF_sda.c **** *
  91:Generated_Source\PSoC4/HPI_IF_sda.c **** * <b>Note</b> This function should not be used on a hardware digital output pin 
  92:Generated_Source\PSoC4/HPI_IF_sda.c **** * as it is driven by the hardware signal attached to it.
  93:Generated_Source\PSoC4/HPI_IF_sda.c **** *
  94:Generated_Source\PSoC4/HPI_IF_sda.c **** * \param value
  95:Generated_Source\PSoC4/HPI_IF_sda.c **** *  Value to write to the component instance.
  96:Generated_Source\PSoC4/HPI_IF_sda.c **** *
  97:Generated_Source\PSoC4/HPI_IF_sda.c **** * \return 
  98:Generated_Source\PSoC4/HPI_IF_sda.c **** *  None 
ARM GAS  e:\temp\ccujx88u.s 			page 24


  99:Generated_Source\PSoC4/HPI_IF_sda.c **** *
 100:Generated_Source\PSoC4/HPI_IF_sda.c **** * \sideeffect
 101:Generated_Source\PSoC4/HPI_IF_sda.c **** *  If you use read-modify-write operations that are not atomic; the Interrupt 
 102:Generated_Source\PSoC4/HPI_IF_sda.c **** *  Service Routines (ISR) can cause corruption of this function. An ISR that 
 103:Generated_Source\PSoC4/HPI_IF_sda.c **** *  interrupts this function and performs writes to the Pins component data 
 104:Generated_Source\PSoC4/HPI_IF_sda.c **** *  register can cause corrupted port data. To avoid this issue, you should 
 105:Generated_Source\PSoC4/HPI_IF_sda.c **** *  either use the Per-Pin APIs (primary method) or disable interrupts around 
 106:Generated_Source\PSoC4/HPI_IF_sda.c **** *  this function.
 107:Generated_Source\PSoC4/HPI_IF_sda.c **** *
 108:Generated_Source\PSoC4/HPI_IF_sda.c **** * \funcusage
 109:Generated_Source\PSoC4/HPI_IF_sda.c **** *  \snippet HPI_IF_sda_SUT.c usage_HPI_IF_sda_Write
 110:Generated_Source\PSoC4/HPI_IF_sda.c **** *******************************************************************************/
 111:Generated_Source\PSoC4/HPI_IF_sda.c **** void HPI_IF_sda_Write(uint8 value)
 112:Generated_Source\PSoC4/HPI_IF_sda.c **** {
 359              		.loc 1 112 0
 360              		.cfi_startproc
 361              		@ args = 0, pretend = 0, frame = 0
 362              		@ frame_needed = 0, uses_anonymous_args = 0
 363              		@ link register save eliminated.
 364              	.LVL2:
 113:Generated_Source\PSoC4/HPI_IF_sda.c ****     uint8 drVal = (uint8)(HPI_IF_sda_DR & (uint8)(~HPI_IF_sda_MASK));
 365              		.loc 1 113 0
 366 0000 0123     		movs	r3, #1
 367 0002 0449     		ldr	r1, .L5
 114:Generated_Source\PSoC4/HPI_IF_sda.c ****     drVal = (drVal | ((uint8)(value << HPI_IF_sda_SHIFT) & HPI_IF_sda_MASK));
 115:Generated_Source\PSoC4/HPI_IF_sda.c ****     HPI_IF_sda_DR = (uint32)drVal;
 116:Generated_Source\PSoC4/HPI_IF_sda.c **** }
 368              		.loc 1 116 0
 369              		@ sp needed
 113:Generated_Source\PSoC4/HPI_IF_sda.c ****     uint8 drVal = (uint8)(HPI_IF_sda_DR & (uint8)(~HPI_IF_sda_MASK));
 370              		.loc 1 113 0
 371 0004 0A68     		ldr	r2, [r1]
 372 0006 9A43     		bics	r2, r3
 373 0008 D2B2     		uxtb	r2, r2
 374              	.LVL3:
 115:Generated_Source\PSoC4/HPI_IF_sda.c **** }
 375              		.loc 1 115 0
 376 000a 0340     		ands	r3, r0
 377 000c 1343     		orrs	r3, r2
 378 000e 0B60     		str	r3, [r1]
 379              		.loc 1 116 0
 380 0010 7047     		bx	lr
 381              	.L6:
 382 0012 C046     		.align	2
 383              	.L5:
 384 0014 00050440 		.word	1074005248
 385              		.cfi_endproc
 386              	.LFE1:
 387              		.size	HPI_IF_sda_Write, .-HPI_IF_sda_Write
 388              		.section	.text.HPI_IF_sda_Read,"ax",%progbits
 389              		.align	1
 390              		.global	HPI_IF_sda_Read
 391              		.code	16
 392              		.thumb_func
 393              		.type	HPI_IF_sda_Read, %function
 394              	HPI_IF_sda_Read:
 395              	.LFB2:
ARM GAS  e:\temp\ccujx88u.s 			page 25


 117:Generated_Source\PSoC4/HPI_IF_sda.c **** 
 118:Generated_Source\PSoC4/HPI_IF_sda.c **** 
 119:Generated_Source\PSoC4/HPI_IF_sda.c **** /*******************************************************************************
 120:Generated_Source\PSoC4/HPI_IF_sda.c **** * Function Name: HPI_IF_sda_Read
 121:Generated_Source\PSoC4/HPI_IF_sda.c **** ****************************************************************************//**
 122:Generated_Source\PSoC4/HPI_IF_sda.c **** *
 123:Generated_Source\PSoC4/HPI_IF_sda.c **** * \brief Reads the associated physical port (pin status register) and masks 
 124:Generated_Source\PSoC4/HPI_IF_sda.c **** *  the required bits according to the width and bit position of the component
 125:Generated_Source\PSoC4/HPI_IF_sda.c **** *  instance. 
 126:Generated_Source\PSoC4/HPI_IF_sda.c **** *
 127:Generated_Source\PSoC4/HPI_IF_sda.c **** * The pin's status register returns the current logic level present on the 
 128:Generated_Source\PSoC4/HPI_IF_sda.c **** * physical pin.
 129:Generated_Source\PSoC4/HPI_IF_sda.c **** *
 130:Generated_Source\PSoC4/HPI_IF_sda.c **** * \return 
 131:Generated_Source\PSoC4/HPI_IF_sda.c **** *  The current value for the pins in the component as a right justified number.
 132:Generated_Source\PSoC4/HPI_IF_sda.c **** *
 133:Generated_Source\PSoC4/HPI_IF_sda.c **** * \funcusage
 134:Generated_Source\PSoC4/HPI_IF_sda.c **** *  \snippet HPI_IF_sda_SUT.c usage_HPI_IF_sda_Read  
 135:Generated_Source\PSoC4/HPI_IF_sda.c **** *******************************************************************************/
 136:Generated_Source\PSoC4/HPI_IF_sda.c **** uint8 HPI_IF_sda_Read(void)
 137:Generated_Source\PSoC4/HPI_IF_sda.c **** {
 396              		.loc 1 137 0
 397              		.cfi_startproc
 398              		@ args = 0, pretend = 0, frame = 0
 399              		@ frame_needed = 0, uses_anonymous_args = 0
 400              		@ link register save eliminated.
 138:Generated_Source\PSoC4/HPI_IF_sda.c ****     return (uint8)((HPI_IF_sda_PS & HPI_IF_sda_MASK) >> HPI_IF_sda_SHIFT);
 401              		.loc 1 138 0
 402 0000 024B     		ldr	r3, .L8
 139:Generated_Source\PSoC4/HPI_IF_sda.c **** }
 403              		.loc 1 139 0
 404              		@ sp needed
 138:Generated_Source\PSoC4/HPI_IF_sda.c ****     return (uint8)((HPI_IF_sda_PS & HPI_IF_sda_MASK) >> HPI_IF_sda_SHIFT);
 405              		.loc 1 138 0
 406 0002 1868     		ldr	r0, [r3]
 407 0004 0123     		movs	r3, #1
 408 0006 1840     		ands	r0, r3
 409              		.loc 1 139 0
 410 0008 7047     		bx	lr
 411              	.L9:
 412 000a C046     		.align	2
 413              	.L8:
 414 000c 04050440 		.word	1074005252
 415              		.cfi_endproc
 416              	.LFE2:
 417              		.size	HPI_IF_sda_Read, .-HPI_IF_sda_Read
 418              		.section	.text.HPI_IF_sda_ReadDataReg,"ax",%progbits
 419              		.align	1
 420              		.global	HPI_IF_sda_ReadDataReg
 421              		.code	16
 422              		.thumb_func
 423              		.type	HPI_IF_sda_ReadDataReg, %function
 424              	HPI_IF_sda_ReadDataReg:
 425              	.LFB3:
 140:Generated_Source\PSoC4/HPI_IF_sda.c **** 
 141:Generated_Source\PSoC4/HPI_IF_sda.c **** 
 142:Generated_Source\PSoC4/HPI_IF_sda.c **** /*******************************************************************************
ARM GAS  e:\temp\ccujx88u.s 			page 26


 143:Generated_Source\PSoC4/HPI_IF_sda.c **** * Function Name: HPI_IF_sda_ReadDataReg
 144:Generated_Source\PSoC4/HPI_IF_sda.c **** ****************************************************************************//**
 145:Generated_Source\PSoC4/HPI_IF_sda.c **** *
 146:Generated_Source\PSoC4/HPI_IF_sda.c **** * \brief Reads the associated physical port's data output register and masks 
 147:Generated_Source\PSoC4/HPI_IF_sda.c **** *  the correct bits according to the width and bit position of the component 
 148:Generated_Source\PSoC4/HPI_IF_sda.c **** *  instance. 
 149:Generated_Source\PSoC4/HPI_IF_sda.c **** *
 150:Generated_Source\PSoC4/HPI_IF_sda.c **** * The data output register controls the signal applied to the physical pin in 
 151:Generated_Source\PSoC4/HPI_IF_sda.c **** * conjunction with the drive mode parameter. This is not the same as the 
 152:Generated_Source\PSoC4/HPI_IF_sda.c **** * preferred HPI_IF_sda_Read() API because the 
 153:Generated_Source\PSoC4/HPI_IF_sda.c **** * HPI_IF_sda_ReadDataReg() reads the data register instead of the status 
 154:Generated_Source\PSoC4/HPI_IF_sda.c **** * register. For output pins this is a useful function to determine the value 
 155:Generated_Source\PSoC4/HPI_IF_sda.c **** * just written to the pin.
 156:Generated_Source\PSoC4/HPI_IF_sda.c **** *
 157:Generated_Source\PSoC4/HPI_IF_sda.c **** * \return 
 158:Generated_Source\PSoC4/HPI_IF_sda.c **** *  The current value of the data register masked and shifted into a right 
 159:Generated_Source\PSoC4/HPI_IF_sda.c **** *  justified number for the component instance.
 160:Generated_Source\PSoC4/HPI_IF_sda.c **** *
 161:Generated_Source\PSoC4/HPI_IF_sda.c **** * \funcusage
 162:Generated_Source\PSoC4/HPI_IF_sda.c **** *  \snippet HPI_IF_sda_SUT.c usage_HPI_IF_sda_ReadDataReg 
 163:Generated_Source\PSoC4/HPI_IF_sda.c **** *******************************************************************************/
 164:Generated_Source\PSoC4/HPI_IF_sda.c **** uint8 HPI_IF_sda_ReadDataReg(void)
 165:Generated_Source\PSoC4/HPI_IF_sda.c **** {
 426              		.loc 1 165 0
 427              		.cfi_startproc
 428              		@ args = 0, pretend = 0, frame = 0
 429              		@ frame_needed = 0, uses_anonymous_args = 0
 430              		@ link register save eliminated.
 166:Generated_Source\PSoC4/HPI_IF_sda.c ****     return (uint8)((HPI_IF_sda_DR & HPI_IF_sda_MASK) >> HPI_IF_sda_SHIFT);
 431              		.loc 1 166 0
 432 0000 024B     		ldr	r3, .L11
 167:Generated_Source\PSoC4/HPI_IF_sda.c **** }
 433              		.loc 1 167 0
 434              		@ sp needed
 166:Generated_Source\PSoC4/HPI_IF_sda.c ****     return (uint8)((HPI_IF_sda_DR & HPI_IF_sda_MASK) >> HPI_IF_sda_SHIFT);
 435              		.loc 1 166 0
 436 0002 1868     		ldr	r0, [r3]
 437 0004 0123     		movs	r3, #1
 438 0006 1840     		ands	r0, r3
 439              		.loc 1 167 0
 440 0008 7047     		bx	lr
 441              	.L12:
 442 000a C046     		.align	2
 443              	.L11:
 444 000c 00050440 		.word	1074005248
 445              		.cfi_endproc
 446              	.LFE3:
 447              		.size	HPI_IF_sda_ReadDataReg, .-HPI_IF_sda_ReadDataReg
 448              		.section	.text.HPI_IF_sda_SetInterruptMode,"ax",%progbits
 449              		.align	1
 450              		.global	HPI_IF_sda_SetInterruptMode
 451              		.code	16
 452              		.thumb_func
 453              		.type	HPI_IF_sda_SetInterruptMode, %function
 454              	HPI_IF_sda_SetInterruptMode:
 455              	.LFB4:
 168:Generated_Source\PSoC4/HPI_IF_sda.c **** 
ARM GAS  e:\temp\ccujx88u.s 			page 27


 169:Generated_Source\PSoC4/HPI_IF_sda.c **** 
 170:Generated_Source\PSoC4/HPI_IF_sda.c **** /*******************************************************************************
 171:Generated_Source\PSoC4/HPI_IF_sda.c **** * Function Name: HPI_IF_sda_SetInterruptMode
 172:Generated_Source\PSoC4/HPI_IF_sda.c **** ****************************************************************************//**
 173:Generated_Source\PSoC4/HPI_IF_sda.c **** *
 174:Generated_Source\PSoC4/HPI_IF_sda.c **** * \brief Configures the interrupt mode for each of the Pins component's
 175:Generated_Source\PSoC4/HPI_IF_sda.c **** *  pins. Alternatively you may set the interrupt mode for all the pins
 176:Generated_Source\PSoC4/HPI_IF_sda.c **** *  specified in the Pins component.
 177:Generated_Source\PSoC4/HPI_IF_sda.c **** *
 178:Generated_Source\PSoC4/HPI_IF_sda.c **** *  <b>Note</b> The interrupt is port-wide and therefore any enabled pin
 179:Generated_Source\PSoC4/HPI_IF_sda.c **** *  interrupt may trigger it.
 180:Generated_Source\PSoC4/HPI_IF_sda.c **** *
 181:Generated_Source\PSoC4/HPI_IF_sda.c **** * \param position
 182:Generated_Source\PSoC4/HPI_IF_sda.c **** *  The pin position as listed in the Pins component. You may OR these to be 
 183:Generated_Source\PSoC4/HPI_IF_sda.c **** *  able to configure the interrupt mode of multiple pins within a Pins 
 184:Generated_Source\PSoC4/HPI_IF_sda.c **** *  component. Or you may use HPI_IF_sda_INTR_ALL to configure the
 185:Generated_Source\PSoC4/HPI_IF_sda.c **** *  interrupt mode of all the pins in the Pins component.       
 186:Generated_Source\PSoC4/HPI_IF_sda.c **** *  - HPI_IF_sda_0_INTR       (First pin in the list)
 187:Generated_Source\PSoC4/HPI_IF_sda.c **** *  - HPI_IF_sda_1_INTR       (Second pin in the list)
 188:Generated_Source\PSoC4/HPI_IF_sda.c **** *  - ...
 189:Generated_Source\PSoC4/HPI_IF_sda.c **** *  - HPI_IF_sda_INTR_ALL     (All pins in Pins component)
 190:Generated_Source\PSoC4/HPI_IF_sda.c **** *
 191:Generated_Source\PSoC4/HPI_IF_sda.c **** * \param mode
 192:Generated_Source\PSoC4/HPI_IF_sda.c **** *  Interrupt mode for the selected pins. Valid options are documented in
 193:Generated_Source\PSoC4/HPI_IF_sda.c **** *  \ref intrMode.
 194:Generated_Source\PSoC4/HPI_IF_sda.c **** *
 195:Generated_Source\PSoC4/HPI_IF_sda.c **** * \return 
 196:Generated_Source\PSoC4/HPI_IF_sda.c **** *  None
 197:Generated_Source\PSoC4/HPI_IF_sda.c **** *  
 198:Generated_Source\PSoC4/HPI_IF_sda.c **** * \sideeffect
 199:Generated_Source\PSoC4/HPI_IF_sda.c **** *  It is recommended that the interrupt be disabled before calling this 
 200:Generated_Source\PSoC4/HPI_IF_sda.c **** *  function to avoid unintended interrupt requests. Note that the interrupt
 201:Generated_Source\PSoC4/HPI_IF_sda.c **** *  type is port wide, and therefore will trigger for any enabled pin on the 
 202:Generated_Source\PSoC4/HPI_IF_sda.c **** *  port.
 203:Generated_Source\PSoC4/HPI_IF_sda.c **** *
 204:Generated_Source\PSoC4/HPI_IF_sda.c **** * \funcusage
 205:Generated_Source\PSoC4/HPI_IF_sda.c **** *  \snippet HPI_IF_sda_SUT.c usage_HPI_IF_sda_SetInterruptMode
 206:Generated_Source\PSoC4/HPI_IF_sda.c **** *******************************************************************************/
 207:Generated_Source\PSoC4/HPI_IF_sda.c **** void HPI_IF_sda_SetInterruptMode(uint16 position, uint16 mode)
 208:Generated_Source\PSoC4/HPI_IF_sda.c **** {
 456              		.loc 1 208 0
 457              		.cfi_startproc
 458              		@ args = 0, pretend = 0, frame = 0
 459              		@ frame_needed = 0, uses_anonymous_args = 0
 460              		@ link register save eliminated.
 461              	.LVL4:
 209:Generated_Source\PSoC4/HPI_IF_sda.c ****     uint32 intrCfg;
 210:Generated_Source\PSoC4/HPI_IF_sda.c ****     
 211:Generated_Source\PSoC4/HPI_IF_sda.c ****     intrCfg =  HPI_IF_sda_INTCFG & (uint32)(~(uint32)position);
 462              		.loc 1 211 0
 463 0000 034A     		ldr	r2, .L14
 212:Generated_Source\PSoC4/HPI_IF_sda.c ****     HPI_IF_sda_INTCFG = intrCfg | ((uint32)position & (uint32)mode);
 213:Generated_Source\PSoC4/HPI_IF_sda.c **** }
 464              		.loc 1 213 0
 465              		@ sp needed
 211:Generated_Source\PSoC4/HPI_IF_sda.c ****     HPI_IF_sda_INTCFG = intrCfg | ((uint32)position & (uint32)mode);
 466              		.loc 1 211 0
ARM GAS  e:\temp\ccujx88u.s 			page 28


 467 0002 1368     		ldr	r3, [r2]
 468              	.LVL5:
 212:Generated_Source\PSoC4/HPI_IF_sda.c ****     HPI_IF_sda_INTCFG = intrCfg | ((uint32)position & (uint32)mode);
 469              		.loc 1 212 0
 470 0004 8343     		bics	r3, r0
 471              	.LVL6:
 472 0006 0840     		ands	r0, r1
 473              	.LVL7:
 474 0008 1843     		orrs	r0, r3
 475 000a 1060     		str	r0, [r2]
 476              		.loc 1 213 0
 477 000c 7047     		bx	lr
 478              	.L15:
 479 000e C046     		.align	2
 480              	.L14:
 481 0010 0C050440 		.word	1074005260
 482              		.cfi_endproc
 483              	.LFE4:
 484              		.size	HPI_IF_sda_SetInterruptMode, .-HPI_IF_sda_SetInterruptMode
 485              		.section	.text.HPI_IF_sda_ClearInterrupt,"ax",%progbits
 486              		.align	1
 487              		.global	HPI_IF_sda_ClearInterrupt
 488              		.code	16
 489              		.thumb_func
 490              		.type	HPI_IF_sda_ClearInterrupt, %function
 491              	HPI_IF_sda_ClearInterrupt:
 492              	.LFB5:
 214:Generated_Source\PSoC4/HPI_IF_sda.c **** 
 215:Generated_Source\PSoC4/HPI_IF_sda.c **** 
 216:Generated_Source\PSoC4/HPI_IF_sda.c **** /*******************************************************************************
 217:Generated_Source\PSoC4/HPI_IF_sda.c **** * Function Name: HPI_IF_sda_ClearInterrupt
 218:Generated_Source\PSoC4/HPI_IF_sda.c **** ****************************************************************************//**
 219:Generated_Source\PSoC4/HPI_IF_sda.c **** *
 220:Generated_Source\PSoC4/HPI_IF_sda.c **** * \brief Clears any active interrupts attached with the component and returns 
 221:Generated_Source\PSoC4/HPI_IF_sda.c **** *  the value of the interrupt status register allowing determination of which
 222:Generated_Source\PSoC4/HPI_IF_sda.c **** *  pins generated an interrupt event.
 223:Generated_Source\PSoC4/HPI_IF_sda.c **** *
 224:Generated_Source\PSoC4/HPI_IF_sda.c **** * \return 
 225:Generated_Source\PSoC4/HPI_IF_sda.c **** *  The right-shifted current value of the interrupt status register. Each pin 
 226:Generated_Source\PSoC4/HPI_IF_sda.c **** *  has one bit set if it generated an interrupt event. For example, bit 0 is 
 227:Generated_Source\PSoC4/HPI_IF_sda.c **** *  for pin 0 and bit 1 is for pin 1 of the Pins component.
 228:Generated_Source\PSoC4/HPI_IF_sda.c **** *  
 229:Generated_Source\PSoC4/HPI_IF_sda.c **** * \sideeffect
 230:Generated_Source\PSoC4/HPI_IF_sda.c **** *  Clears all bits of the physical port's interrupt status register, not just
 231:Generated_Source\PSoC4/HPI_IF_sda.c **** *  those associated with the Pins component.
 232:Generated_Source\PSoC4/HPI_IF_sda.c **** *
 233:Generated_Source\PSoC4/HPI_IF_sda.c **** * \funcusage
 234:Generated_Source\PSoC4/HPI_IF_sda.c **** *  \snippet HPI_IF_sda_SUT.c usage_HPI_IF_sda_ClearInterrupt
 235:Generated_Source\PSoC4/HPI_IF_sda.c **** *******************************************************************************/
 236:Generated_Source\PSoC4/HPI_IF_sda.c **** uint8 HPI_IF_sda_ClearInterrupt(void)
 237:Generated_Source\PSoC4/HPI_IF_sda.c **** {
 493              		.loc 1 237 0
 494              		.cfi_startproc
 495              		@ args = 0, pretend = 0, frame = 0
 496              		@ frame_needed = 0, uses_anonymous_args = 0
 497              		@ link register save eliminated.
 238:Generated_Source\PSoC4/HPI_IF_sda.c **** 	uint8 maskedStatus = (uint8)(HPI_IF_sda_INTSTAT & HPI_IF_sda_MASK);
ARM GAS  e:\temp\ccujx88u.s 			page 29


 498              		.loc 1 238 0
 499 0000 0123     		movs	r3, #1
 500 0002 024A     		ldr	r2, .L17
 239:Generated_Source\PSoC4/HPI_IF_sda.c **** 	HPI_IF_sda_INTSTAT = maskedStatus;
 240:Generated_Source\PSoC4/HPI_IF_sda.c ****     return maskedStatus >> HPI_IF_sda_SHIFT;
 241:Generated_Source\PSoC4/HPI_IF_sda.c **** }
 501              		.loc 1 241 0
 502              		@ sp needed
 238:Generated_Source\PSoC4/HPI_IF_sda.c **** 	uint8 maskedStatus = (uint8)(HPI_IF_sda_INTSTAT & HPI_IF_sda_MASK);
 503              		.loc 1 238 0
 504 0004 1068     		ldr	r0, [r2]
 505 0006 1840     		ands	r0, r3
 506              	.LVL8:
 239:Generated_Source\PSoC4/HPI_IF_sda.c **** 	HPI_IF_sda_INTSTAT = maskedStatus;
 507              		.loc 1 239 0
 508 0008 1060     		str	r0, [r2]
 509              		.loc 1 241 0
 510 000a 7047     		bx	lr
 511              	.L18:
 512              		.align	2
 513              	.L17:
 514 000c 10050440 		.word	1074005264
 515              		.cfi_endproc
 516              	.LFE5:
 517              		.size	HPI_IF_sda_ClearInterrupt, .-HPI_IF_sda_ClearInterrupt
 518              		.text
 519              	.Letext0:
 520              		.file 2 "Generated_Source\\PSoC4\\cytypes.h"
 521              		.section	.debug_info,"",%progbits
 522              	.Ldebug_info0:
 523 0000 9C010000 		.4byte	0x19c
 524 0004 0400     		.2byte	0x4
 525 0006 00000000 		.4byte	.Ldebug_abbrev0
 526 000a 04       		.byte	0x4
 527 000b 01       		.uleb128 0x1
 528 000c 7C010000 		.4byte	.LASF28
 529 0010 0C       		.byte	0xc
 530 0011 76020000 		.4byte	.LASF29
 531 0015 34000000 		.4byte	.LASF30
 532 0019 00000000 		.4byte	.Ldebug_ranges0+0
 533 001d 00000000 		.4byte	0
 534 0021 00000000 		.4byte	.Ldebug_line0
 535 0025 02       		.uleb128 0x2
 536 0026 01       		.byte	0x1
 537 0027 06       		.byte	0x6
 538 0028 9A020000 		.4byte	.LASF0
 539 002c 02       		.uleb128 0x2
 540 002d 01       		.byte	0x1
 541 002e 08       		.byte	0x8
 542 002f B5000000 		.4byte	.LASF1
 543 0033 02       		.uleb128 0x2
 544 0034 02       		.byte	0x2
 545 0035 05       		.byte	0x5
 546 0036 5D020000 		.4byte	.LASF2
 547 003a 02       		.uleb128 0x2
 548 003b 02       		.byte	0x2
 549 003c 07       		.byte	0x7
ARM GAS  e:\temp\ccujx88u.s 			page 30


 550 003d DB000000 		.4byte	.LASF3
 551 0041 02       		.uleb128 0x2
 552 0042 04       		.byte	0x4
 553 0043 05       		.byte	0x5
 554 0044 6D020000 		.4byte	.LASF4
 555 0048 02       		.uleb128 0x2
 556 0049 04       		.byte	0x4
 557 004a 07       		.byte	0x7
 558 004b C9000000 		.4byte	.LASF5
 559 004f 02       		.uleb128 0x2
 560 0050 08       		.byte	0x8
 561 0051 05       		.byte	0x5
 562 0052 3D020000 		.4byte	.LASF6
 563 0056 02       		.uleb128 0x2
 564 0057 08       		.byte	0x8
 565 0058 07       		.byte	0x7
 566 0059 65010000 		.4byte	.LASF7
 567 005d 03       		.uleb128 0x3
 568 005e 04       		.byte	0x4
 569 005f 05       		.byte	0x5
 570 0060 696E7400 		.ascii	"int\000"
 571 0064 02       		.uleb128 0x2
 572 0065 04       		.byte	0x4
 573 0066 07       		.byte	0x7
 574 0067 58010000 		.4byte	.LASF8
 575 006b 04       		.uleb128 0x4
 576 006c 67020000 		.4byte	.LASF9
 577 0070 02       		.byte	0x2
 578 0071 E401     		.2byte	0x1e4
 579 0073 2C000000 		.4byte	0x2c
 580 0077 04       		.uleb128 0x4
 581 0078 1D010000 		.4byte	.LASF10
 582 007c 02       		.byte	0x2
 583 007d E501     		.2byte	0x1e5
 584 007f 3A000000 		.4byte	0x3a
 585 0083 04       		.uleb128 0x4
 586 0084 2D010000 		.4byte	.LASF11
 587 0088 02       		.byte	0x2
 588 0089 E601     		.2byte	0x1e6
 589 008b 48000000 		.4byte	0x48
 590 008f 02       		.uleb128 0x2
 591 0090 04       		.byte	0x4
 592 0091 04       		.byte	0x4
 593 0092 AF000000 		.4byte	.LASF12
 594 0096 02       		.uleb128 0x2
 595 0097 08       		.byte	0x8
 596 0098 04       		.byte	0x4
 597 0099 FF000000 		.4byte	.LASF13
 598 009d 02       		.uleb128 0x2
 599 009e 01       		.byte	0x1
 600 009f 08       		.byte	0x8
 601 00a0 58020000 		.4byte	.LASF14
 602 00a4 04       		.uleb128 0x4
 603 00a5 00000000 		.4byte	.LASF15
 604 00a9 02       		.byte	0x2
 605 00aa 9002     		.2byte	0x290
 606 00ac B0000000 		.4byte	0xb0
ARM GAS  e:\temp\ccujx88u.s 			page 31


 607 00b0 05       		.uleb128 0x5
 608 00b1 83000000 		.4byte	0x83
 609 00b5 06       		.uleb128 0x6
 610 00b6 06000000 		.4byte	.LASF16
 611 00ba 01       		.byte	0x1
 612 00bb 48       		.byte	0x48
 613 00bc 00000000 		.4byte	.LFB0
 614 00c0 14000000 		.4byte	.LFE0-.LFB0
 615 00c4 01       		.uleb128 0x1
 616 00c5 9C       		.byte	0x9c
 617 00c6 DA000000 		.4byte	0xda
 618 00ca 07       		.uleb128 0x7
 619 00cb 38020000 		.4byte	.LASF18
 620 00cf 01       		.byte	0x1
 621 00d0 48       		.byte	0x48
 622 00d1 6B000000 		.4byte	0x6b
 623 00d5 00000000 		.4byte	.LLST0
 624 00d9 00       		.byte	0
 625 00da 06       		.uleb128 0x6
 626 00db EE000000 		.4byte	.LASF17
 627 00df 01       		.byte	0x1
 628 00e0 6F       		.byte	0x6f
 629 00e1 00000000 		.4byte	.LFB1
 630 00e5 18000000 		.4byte	.LFE1-.LFB1
 631 00e9 01       		.uleb128 0x1
 632 00ea 9C       		.byte	0x9c
 633 00eb 11010000 		.4byte	0x111
 634 00ef 08       		.uleb128 0x8
 635 00f0 1E000000 		.4byte	.LASF19
 636 00f4 01       		.byte	0x1
 637 00f5 6F       		.byte	0x6f
 638 00f6 6B000000 		.4byte	0x6b
 639 00fa 01       		.uleb128 0x1
 640 00fb 50       		.byte	0x50
 641 00fc 09       		.uleb128 0x9
 642 00fd C3000000 		.4byte	.LASF24
 643 0101 01       		.byte	0x1
 644 0102 71       		.byte	0x71
 645 0103 6B000000 		.4byte	0x6b
 646 0107 08       		.uleb128 0x8
 647 0108 70       		.byte	0x70
 648 0109 00       		.sleb128 0
 649 010a 31       		.byte	0x31
 650 010b 1A       		.byte	0x1a
 651 010c 72       		.byte	0x72
 652 010d 00       		.sleb128 0
 653 010e 21       		.byte	0x21
 654 010f 9F       		.byte	0x9f
 655 0110 00       		.byte	0
 656 0111 0A       		.uleb128 0xa
 657 0112 24000000 		.4byte	.LASF20
 658 0116 01       		.byte	0x1
 659 0117 88       		.byte	0x88
 660 0118 6B000000 		.4byte	0x6b
 661 011c 00000000 		.4byte	.LFB2
 662 0120 10000000 		.4byte	.LFE2-.LFB2
 663 0124 01       		.uleb128 0x1
ARM GAS  e:\temp\ccujx88u.s 			page 32


 664 0125 9C       		.byte	0x9c
 665 0126 0A       		.uleb128 0xa
 666 0127 06010000 		.4byte	.LASF21
 667 012b 01       		.byte	0x1
 668 012c A4       		.byte	0xa4
 669 012d 6B000000 		.4byte	0x6b
 670 0131 00000000 		.4byte	.LFB3
 671 0135 10000000 		.4byte	.LFE3-.LFB3
 672 0139 01       		.uleb128 0x1
 673 013a 9C       		.byte	0x9c
 674 013b 06       		.uleb128 0x6
 675 013c 34010000 		.4byte	.LASF22
 676 0140 01       		.byte	0x1
 677 0141 CF       		.byte	0xcf
 678 0142 00000000 		.4byte	.LFB4
 679 0146 14000000 		.4byte	.LFE4-.LFB4
 680 014a 01       		.uleb128 0x1
 681 014b 9C       		.byte	0x9c
 682 014c 7C010000 		.4byte	0x17c
 683 0150 07       		.uleb128 0x7
 684 0151 24010000 		.4byte	.LASF23
 685 0155 01       		.byte	0x1
 686 0156 CF       		.byte	0xcf
 687 0157 77000000 		.4byte	0x77
 688 015b 21000000 		.4byte	.LLST1
 689 015f 08       		.uleb128 0x8
 690 0160 38020000 		.4byte	.LASF18
 691 0164 01       		.byte	0x1
 692 0165 CF       		.byte	0xcf
 693 0166 77000000 		.4byte	0x77
 694 016a 01       		.uleb128 0x1
 695 016b 51       		.byte	0x51
 696 016c 0B       		.uleb128 0xb
 697 016d 50010000 		.4byte	.LASF25
 698 0171 01       		.byte	0x1
 699 0172 D1       		.byte	0xd1
 700 0173 83000000 		.4byte	0x83
 701 0177 42000000 		.4byte	.LLST2
 702 017b 00       		.byte	0
 703 017c 0C       		.uleb128 0xc
 704 017d A6020000 		.4byte	.LASF26
 705 0181 01       		.byte	0x1
 706 0182 EC       		.byte	0xec
 707 0183 6B000000 		.4byte	0x6b
 708 0187 00000000 		.4byte	.LFB5
 709 018b 10000000 		.4byte	.LFE5-.LFB5
 710 018f 01       		.uleb128 0x1
 711 0190 9C       		.byte	0x9c
 712 0191 09       		.uleb128 0x9
 713 0192 4B020000 		.4byte	.LASF27
 714 0196 01       		.byte	0x1
 715 0197 EE       		.byte	0xee
 716 0198 6B000000 		.4byte	0x6b
 717 019c 01       		.uleb128 0x1
 718 019d 50       		.byte	0x50
 719 019e 00       		.byte	0
 720 019f 00       		.byte	0
ARM GAS  e:\temp\ccujx88u.s 			page 33


 721              		.section	.debug_abbrev,"",%progbits
 722              	.Ldebug_abbrev0:
 723 0000 01       		.uleb128 0x1
 724 0001 11       		.uleb128 0x11
 725 0002 01       		.byte	0x1
 726 0003 25       		.uleb128 0x25
 727 0004 0E       		.uleb128 0xe
 728 0005 13       		.uleb128 0x13
 729 0006 0B       		.uleb128 0xb
 730 0007 03       		.uleb128 0x3
 731 0008 0E       		.uleb128 0xe
 732 0009 1B       		.uleb128 0x1b
 733 000a 0E       		.uleb128 0xe
 734 000b 55       		.uleb128 0x55
 735 000c 17       		.uleb128 0x17
 736 000d 11       		.uleb128 0x11
 737 000e 01       		.uleb128 0x1
 738 000f 10       		.uleb128 0x10
 739 0010 17       		.uleb128 0x17
 740 0011 00       		.byte	0
 741 0012 00       		.byte	0
 742 0013 02       		.uleb128 0x2
 743 0014 24       		.uleb128 0x24
 744 0015 00       		.byte	0
 745 0016 0B       		.uleb128 0xb
 746 0017 0B       		.uleb128 0xb
 747 0018 3E       		.uleb128 0x3e
 748 0019 0B       		.uleb128 0xb
 749 001a 03       		.uleb128 0x3
 750 001b 0E       		.uleb128 0xe
 751 001c 00       		.byte	0
 752 001d 00       		.byte	0
 753 001e 03       		.uleb128 0x3
 754 001f 24       		.uleb128 0x24
 755 0020 00       		.byte	0
 756 0021 0B       		.uleb128 0xb
 757 0022 0B       		.uleb128 0xb
 758 0023 3E       		.uleb128 0x3e
 759 0024 0B       		.uleb128 0xb
 760 0025 03       		.uleb128 0x3
 761 0026 08       		.uleb128 0x8
 762 0027 00       		.byte	0
 763 0028 00       		.byte	0
 764 0029 04       		.uleb128 0x4
 765 002a 16       		.uleb128 0x16
 766 002b 00       		.byte	0
 767 002c 03       		.uleb128 0x3
 768 002d 0E       		.uleb128 0xe
 769 002e 3A       		.uleb128 0x3a
 770 002f 0B       		.uleb128 0xb
 771 0030 3B       		.uleb128 0x3b
 772 0031 05       		.uleb128 0x5
 773 0032 49       		.uleb128 0x49
 774 0033 13       		.uleb128 0x13
 775 0034 00       		.byte	0
 776 0035 00       		.byte	0
 777 0036 05       		.uleb128 0x5
ARM GAS  e:\temp\ccujx88u.s 			page 34


 778 0037 35       		.uleb128 0x35
 779 0038 00       		.byte	0
 780 0039 49       		.uleb128 0x49
 781 003a 13       		.uleb128 0x13
 782 003b 00       		.byte	0
 783 003c 00       		.byte	0
 784 003d 06       		.uleb128 0x6
 785 003e 2E       		.uleb128 0x2e
 786 003f 01       		.byte	0x1
 787 0040 3F       		.uleb128 0x3f
 788 0041 19       		.uleb128 0x19
 789 0042 03       		.uleb128 0x3
 790 0043 0E       		.uleb128 0xe
 791 0044 3A       		.uleb128 0x3a
 792 0045 0B       		.uleb128 0xb
 793 0046 3B       		.uleb128 0x3b
 794 0047 0B       		.uleb128 0xb
 795 0048 27       		.uleb128 0x27
 796 0049 19       		.uleb128 0x19
 797 004a 11       		.uleb128 0x11
 798 004b 01       		.uleb128 0x1
 799 004c 12       		.uleb128 0x12
 800 004d 06       		.uleb128 0x6
 801 004e 40       		.uleb128 0x40
 802 004f 18       		.uleb128 0x18
 803 0050 9742     		.uleb128 0x2117
 804 0052 19       		.uleb128 0x19
 805 0053 01       		.uleb128 0x1
 806 0054 13       		.uleb128 0x13
 807 0055 00       		.byte	0
 808 0056 00       		.byte	0
 809 0057 07       		.uleb128 0x7
 810 0058 05       		.uleb128 0x5
 811 0059 00       		.byte	0
 812 005a 03       		.uleb128 0x3
 813 005b 0E       		.uleb128 0xe
 814 005c 3A       		.uleb128 0x3a
 815 005d 0B       		.uleb128 0xb
 816 005e 3B       		.uleb128 0x3b
 817 005f 0B       		.uleb128 0xb
 818 0060 49       		.uleb128 0x49
 819 0061 13       		.uleb128 0x13
 820 0062 02       		.uleb128 0x2
 821 0063 17       		.uleb128 0x17
 822 0064 00       		.byte	0
 823 0065 00       		.byte	0
 824 0066 08       		.uleb128 0x8
 825 0067 05       		.uleb128 0x5
 826 0068 00       		.byte	0
 827 0069 03       		.uleb128 0x3
 828 006a 0E       		.uleb128 0xe
 829 006b 3A       		.uleb128 0x3a
 830 006c 0B       		.uleb128 0xb
 831 006d 3B       		.uleb128 0x3b
 832 006e 0B       		.uleb128 0xb
 833 006f 49       		.uleb128 0x49
 834 0070 13       		.uleb128 0x13
ARM GAS  e:\temp\ccujx88u.s 			page 35


 835 0071 02       		.uleb128 0x2
 836 0072 18       		.uleb128 0x18
 837 0073 00       		.byte	0
 838 0074 00       		.byte	0
 839 0075 09       		.uleb128 0x9
 840 0076 34       		.uleb128 0x34
 841 0077 00       		.byte	0
 842 0078 03       		.uleb128 0x3
 843 0079 0E       		.uleb128 0xe
 844 007a 3A       		.uleb128 0x3a
 845 007b 0B       		.uleb128 0xb
 846 007c 3B       		.uleb128 0x3b
 847 007d 0B       		.uleb128 0xb
 848 007e 49       		.uleb128 0x49
 849 007f 13       		.uleb128 0x13
 850 0080 02       		.uleb128 0x2
 851 0081 18       		.uleb128 0x18
 852 0082 00       		.byte	0
 853 0083 00       		.byte	0
 854 0084 0A       		.uleb128 0xa
 855 0085 2E       		.uleb128 0x2e
 856 0086 00       		.byte	0
 857 0087 3F       		.uleb128 0x3f
 858 0088 19       		.uleb128 0x19
 859 0089 03       		.uleb128 0x3
 860 008a 0E       		.uleb128 0xe
 861 008b 3A       		.uleb128 0x3a
 862 008c 0B       		.uleb128 0xb
 863 008d 3B       		.uleb128 0x3b
 864 008e 0B       		.uleb128 0xb
 865 008f 27       		.uleb128 0x27
 866 0090 19       		.uleb128 0x19
 867 0091 49       		.uleb128 0x49
 868 0092 13       		.uleb128 0x13
 869 0093 11       		.uleb128 0x11
 870 0094 01       		.uleb128 0x1
 871 0095 12       		.uleb128 0x12
 872 0096 06       		.uleb128 0x6
 873 0097 40       		.uleb128 0x40
 874 0098 18       		.uleb128 0x18
 875 0099 9742     		.uleb128 0x2117
 876 009b 19       		.uleb128 0x19
 877 009c 00       		.byte	0
 878 009d 00       		.byte	0
 879 009e 0B       		.uleb128 0xb
 880 009f 34       		.uleb128 0x34
 881 00a0 00       		.byte	0
 882 00a1 03       		.uleb128 0x3
 883 00a2 0E       		.uleb128 0xe
 884 00a3 3A       		.uleb128 0x3a
 885 00a4 0B       		.uleb128 0xb
 886 00a5 3B       		.uleb128 0x3b
 887 00a6 0B       		.uleb128 0xb
 888 00a7 49       		.uleb128 0x49
 889 00a8 13       		.uleb128 0x13
 890 00a9 02       		.uleb128 0x2
 891 00aa 17       		.uleb128 0x17
ARM GAS  e:\temp\ccujx88u.s 			page 36


 892 00ab 00       		.byte	0
 893 00ac 00       		.byte	0
 894 00ad 0C       		.uleb128 0xc
 895 00ae 2E       		.uleb128 0x2e
 896 00af 01       		.byte	0x1
 897 00b0 3F       		.uleb128 0x3f
 898 00b1 19       		.uleb128 0x19
 899 00b2 03       		.uleb128 0x3
 900 00b3 0E       		.uleb128 0xe
 901 00b4 3A       		.uleb128 0x3a
 902 00b5 0B       		.uleb128 0xb
 903 00b6 3B       		.uleb128 0x3b
 904 00b7 0B       		.uleb128 0xb
 905 00b8 27       		.uleb128 0x27
 906 00b9 19       		.uleb128 0x19
 907 00ba 49       		.uleb128 0x49
 908 00bb 13       		.uleb128 0x13
 909 00bc 11       		.uleb128 0x11
 910 00bd 01       		.uleb128 0x1
 911 00be 12       		.uleb128 0x12
 912 00bf 06       		.uleb128 0x6
 913 00c0 40       		.uleb128 0x40
 914 00c1 18       		.uleb128 0x18
 915 00c2 9742     		.uleb128 0x2117
 916 00c4 19       		.uleb128 0x19
 917 00c5 00       		.byte	0
 918 00c6 00       		.byte	0
 919 00c7 00       		.byte	0
 920              		.section	.debug_loc,"",%progbits
 921              	.Ldebug_loc0:
 922              	.LLST0:
 923 0000 00000000 		.4byte	.LVL0
 924 0004 0A000000 		.4byte	.LVL1
 925 0008 0100     		.2byte	0x1
 926 000a 50       		.byte	0x50
 927 000b 0A000000 		.4byte	.LVL1
 928 000f 14000000 		.4byte	.LFE0
 929 0013 0400     		.2byte	0x4
 930 0015 F3       		.byte	0xf3
 931 0016 01       		.uleb128 0x1
 932 0017 50       		.byte	0x50
 933 0018 9F       		.byte	0x9f
 934 0019 00000000 		.4byte	0
 935 001d 00000000 		.4byte	0
 936              	.LLST1:
 937 0021 00000000 		.4byte	.LVL4
 938 0025 08000000 		.4byte	.LVL7
 939 0029 0100     		.2byte	0x1
 940 002b 50       		.byte	0x50
 941 002c 08000000 		.4byte	.LVL7
 942 0030 14000000 		.4byte	.LFE4
 943 0034 0400     		.2byte	0x4
 944 0036 F3       		.byte	0xf3
 945 0037 01       		.uleb128 0x1
 946 0038 50       		.byte	0x50
 947 0039 9F       		.byte	0x9f
 948 003a 00000000 		.4byte	0
ARM GAS  e:\temp\ccujx88u.s 			page 37


 949 003e 00000000 		.4byte	0
 950              	.LLST2:
 951 0042 04000000 		.4byte	.LVL5
 952 0046 06000000 		.4byte	.LVL6
 953 004a 0B00     		.2byte	0xb
 954 004c 70       		.byte	0x70
 955 004d 00       		.sleb128 0
 956 004e 0A       		.byte	0xa
 957 004f FFFF     		.2byte	0xffff
 958 0051 1A       		.byte	0x1a
 959 0052 20       		.byte	0x20
 960 0053 73       		.byte	0x73
 961 0054 00       		.sleb128 0
 962 0055 1A       		.byte	0x1a
 963 0056 9F       		.byte	0x9f
 964 0057 00000000 		.4byte	0
 965 005b 00000000 		.4byte	0
 966              		.section	.debug_aranges,"",%progbits
 967 0000 44000000 		.4byte	0x44
 968 0004 0200     		.2byte	0x2
 969 0006 00000000 		.4byte	.Ldebug_info0
 970 000a 04       		.byte	0x4
 971 000b 00       		.byte	0
 972 000c 0000     		.2byte	0
 973 000e 0000     		.2byte	0
 974 0010 00000000 		.4byte	.LFB0
 975 0014 14000000 		.4byte	.LFE0-.LFB0
 976 0018 00000000 		.4byte	.LFB1
 977 001c 18000000 		.4byte	.LFE1-.LFB1
 978 0020 00000000 		.4byte	.LFB2
 979 0024 10000000 		.4byte	.LFE2-.LFB2
 980 0028 00000000 		.4byte	.LFB3
 981 002c 10000000 		.4byte	.LFE3-.LFB3
 982 0030 00000000 		.4byte	.LFB4
 983 0034 14000000 		.4byte	.LFE4-.LFB4
 984 0038 00000000 		.4byte	.LFB5
 985 003c 10000000 		.4byte	.LFE5-.LFB5
 986 0040 00000000 		.4byte	0
 987 0044 00000000 		.4byte	0
 988              		.section	.debug_ranges,"",%progbits
 989              	.Ldebug_ranges0:
 990 0000 00000000 		.4byte	.LFB0
 991 0004 14000000 		.4byte	.LFE0
 992 0008 00000000 		.4byte	.LFB1
 993 000c 18000000 		.4byte	.LFE1
 994 0010 00000000 		.4byte	.LFB2
 995 0014 10000000 		.4byte	.LFE2
 996 0018 00000000 		.4byte	.LFB3
 997 001c 10000000 		.4byte	.LFE3
 998 0020 00000000 		.4byte	.LFB4
 999 0024 14000000 		.4byte	.LFE4
 1000 0028 00000000 		.4byte	.LFB5
 1001 002c 10000000 		.4byte	.LFE5
 1002 0030 00000000 		.4byte	0
 1003 0034 00000000 		.4byte	0
 1004              		.section	.debug_line,"",%progbits
 1005              	.Ldebug_line0:
ARM GAS  e:\temp\ccujx88u.s 			page 38


 1006 0000 C8000000 		.section	.debug_str,"MS",%progbits,1
 1006      02004700 
 1006      00000201 
 1006      FB0E0D00 
 1006      01010101 
 1007              	.LASF15:
 1008 0000 72656733 		.ascii	"reg32\000"
 1008      3200
 1009              	.LASF16:
 1010 0006 4850495F 		.ascii	"HPI_IF_sda_SetDriveMode\000"
 1010      49465F73 
 1010      64615F53 
 1010      65744472 
 1010      6976654D 
 1011              	.LASF19:
 1012 001e 76616C75 		.ascii	"value\000"
 1012      6500
 1013              	.LASF20:
 1014 0024 4850495F 		.ascii	"HPI_IF_sda_Read\000"
 1014      49465F73 
 1014      64615F52 
 1014      65616400 
 1015              	.LASF30:
 1016 0034 433A5C55 		.ascii	"C:\\Users\\Admin\\Desktop\\_FIRMWARE\\DBARLite\\CYP"
 1016      73657273 
 1016      5C41646D 
 1016      696E5C44 
 1016      65736B74 
 1017 0061 44353232 		.ascii	"D5225\\CYPD5225-96BZXI_notebook\\CYPD5225-96BZXI_no"
 1017      355C4359 
 1017      50443532 
 1017      32352D39 
 1017      36425A58 
 1018 0092 7465626F 		.ascii	"tebook.cydsn\\backup_fw.cydsn\000"
 1018      6F6B2E63 
 1018      7964736E 
 1018      5C626163 
 1018      6B75705F 
 1019              	.LASF12:
 1020 00af 666C6F61 		.ascii	"float\000"
 1020      7400
 1021              	.LASF1:
 1022 00b5 756E7369 		.ascii	"unsigned char\000"
 1022      676E6564 
 1022      20636861 
 1022      7200
 1023              	.LASF24:
 1024 00c3 64725661 		.ascii	"drVal\000"
 1024      6C00
 1025              	.LASF5:
 1026 00c9 6C6F6E67 		.ascii	"long unsigned int\000"
 1026      20756E73 
 1026      69676E65 
 1026      6420696E 
 1026      7400
 1027              	.LASF3:
 1028 00db 73686F72 		.ascii	"short unsigned int\000"
ARM GAS  e:\temp\ccujx88u.s 			page 39


 1028      7420756E 
 1028      7369676E 
 1028      65642069 
 1028      6E7400
 1029              	.LASF17:
 1030 00ee 4850495F 		.ascii	"HPI_IF_sda_Write\000"
 1030      49465F73 
 1030      64615F57 
 1030      72697465 
 1030      00
 1031              	.LASF13:
 1032 00ff 646F7562 		.ascii	"double\000"
 1032      6C6500
 1033              	.LASF21:
 1034 0106 4850495F 		.ascii	"HPI_IF_sda_ReadDataReg\000"
 1034      49465F73 
 1034      64615F52 
 1034      65616444 
 1034      61746152 
 1035              	.LASF10:
 1036 011d 75696E74 		.ascii	"uint16\000"
 1036      313600
 1037              	.LASF23:
 1038 0124 706F7369 		.ascii	"position\000"
 1038      74696F6E 
 1038      00
 1039              	.LASF11:
 1040 012d 75696E74 		.ascii	"uint32\000"
 1040      333200
 1041              	.LASF22:
 1042 0134 4850495F 		.ascii	"HPI_IF_sda_SetInterruptMode\000"
 1042      49465F73 
 1042      64615F53 
 1042      6574496E 
 1042      74657272 
 1043              	.LASF25:
 1044 0150 696E7472 		.ascii	"intrCfg\000"
 1044      43666700 
 1045              	.LASF8:
 1046 0158 756E7369 		.ascii	"unsigned int\000"
 1046      676E6564 
 1046      20696E74 
 1046      00
 1047              	.LASF7:
 1048 0165 6C6F6E67 		.ascii	"long long unsigned int\000"
 1048      206C6F6E 
 1048      6720756E 
 1048      7369676E 
 1048      65642069 
 1049              	.LASF28:
 1050 017c 474E5520 		.ascii	"GNU C11 5.4.1 20160609 (release) [ARM/embedded-5-br"
 1050      43313120 
 1050      352E342E 
 1050      31203230 
 1050      31363036 
 1051 01af 616E6368 		.ascii	"anch revision 237715] -mcpu=cortex-m0 -mthumb -g -O"
 1051      20726576 
ARM GAS  e:\temp\ccujx88u.s 			page 40


 1051      6973696F 
 1051      6E203233 
 1051      37373135 
 1052 01e2 73202D66 		.ascii	"s -ffunction-sections -ffat-lto-objects -finline-fu"
 1052      66756E63 
 1052      74696F6E 
 1052      2D736563 
 1052      74696F6E 
 1053 0215 6E637469 		.ascii	"nctions -flto -fno-strict-aliasing\000"
 1053      6F6E7320 
 1053      2D666C74 
 1053      6F202D66 
 1053      6E6F2D73 
 1054              	.LASF18:
 1055 0238 6D6F6465 		.ascii	"mode\000"
 1055      00
 1056              	.LASF6:
 1057 023d 6C6F6E67 		.ascii	"long long int\000"
 1057      206C6F6E 
 1057      6720696E 
 1057      7400
 1058              	.LASF27:
 1059 024b 6D61736B 		.ascii	"maskedStatus\000"
 1059      65645374 
 1059      61747573 
 1059      00
 1060              	.LASF14:
 1061 0258 63686172 		.ascii	"char\000"
 1061      00
 1062              	.LASF2:
 1063 025d 73686F72 		.ascii	"short int\000"
 1063      7420696E 
 1063      7400
 1064              	.LASF9:
 1065 0267 75696E74 		.ascii	"uint8\000"
 1065      3800
 1066              	.LASF4:
 1067 026d 6C6F6E67 		.ascii	"long int\000"
 1067      20696E74 
 1067      00
 1068              	.LASF29:
 1069 0276 47656E65 		.ascii	"Generated_Source\\PSoC4\\HPI_IF_sda.c\000"
 1069      72617465 
 1069      645F536F 
 1069      75726365 
 1069      5C50536F 
 1070              	.LASF0:
 1071 029a 7369676E 		.ascii	"signed char\000"
 1071      65642063 
 1071      68617200 
 1072              	.LASF26:
 1073 02a6 4850495F 		.ascii	"HPI_IF_sda_ClearInterrupt\000"
 1073      49465F73 
 1073      64615F43 
 1073      6C656172 
 1073      496E7465 
 1074              		.comm	__gnu_lto_v1,1,1
ARM GAS  e:\temp\ccujx88u.s 			page 41


 1075              		.ident	"GCC: (GNU Tools for ARM Embedded Processors) 5.4.1 20160609 (release) [ARM/embedded-5-bran
