ARM GAS  e:\temp\ccefivNn.s 			page 1


   1              		.syntax unified
   2              		.cpu cortex-m0
   3              		.fpu softvfp
   4              		.eabi_attribute 20, 1
   5              		.eabi_attribute 21, 1
   6              		.eabi_attribute 23, 3
   7              		.eabi_attribute 24, 1
   8              		.eabi_attribute 25, 1
   9              		.eabi_attribute 26, 1
  10              		.eabi_attribute 30, 4
  11              		.eabi_attribute 34, 0
  12              		.eabi_attribute 18, 4
  13              		.thumb
  14              		.syntax unified
  15              		.file	"HPI_IF_SCBCLK.c"
  16              		.text
  17              	.Ltext0:
  18              		.section	.gnu.lto_.profile.6240bc7e,"",%progbits
  19 0000 789C6361 		.ascii	"x\234ca`d`a`\000\222r\222\000\000\277\000B"
  19      60646061 
  19      60009272 
  19      920000BF 
  19      0042
  20              		.text
  21              		.section	.gnu.lto_.icf.6240bc7e,"",%progbits
  22 0000 789C6361 		.ascii	"x\234ca`d\000\001\005\006\004`e\270~\365\303|n\306\206"
  22      60640001 
  22      05060460 
  22      65B87EF5 
  22      C37C6EC6 
  23 0015 B7334FF0 		.ascii	"\2673O\3603=\232\276\366\0067\363\207\023\267\017s\263"
  23      333D9ABE 
  23      F60637F3 
  23      8713B70F 
  23      73B3
  24 0027 CC6E9A37 		.ascii	"\314n\2327\205\207\001\000\005p\017\035"
  24      85870100 
  24      05700F1D 
  25              		.text
  26              		.section	.gnu.lto_.jmpfuncs.6240bc7e,"",%progbits
  27 0000 789C6361 		.ascii	"x\234ca`d\000\001q\006\004`e`dd\254\007\21231122\327"
  27      60640001 
  27      71060460 
  27      65606464 
  27      AC078A33 
  28 0019 D7333330 		.ascii	"\327330\260\000\205\001\026\322\001\263"
  28      B0008501 
  28      16D201B3 
  29              		.text
  30              		.section	.gnu.lto_.inline.6240bc7e,"",%progbits
  31 0000 789C458B 		.ascii	"x\234E\213\261\015\2000\014\004\337\316\007B(`\003("
  31      B10D8030 
  31      0C04DFCE 
  31      07422860 
  31      0328
  32 0012 10E33013 		.ascii	"\020\3430\023#PRf\016\246`$l!\310\027\226\375\347#\004"
  32      23505266 
ARM GAS  e:\temp\ccefivNn.s 			page 2


  32      0EA66024 
  32      6C21C817 
  32      96FDE723 
  33 0027 9E1D3511 		.ascii	"\236\0355\021\350V\021\314\206B\272N\242)\223\202e\242"
  33      E85611CC 
  33      8642BA4E 
  33      A2299382 
  33      65A2
  34 0039 6341BB08 		.ascii	"cA\273\010\264\002\213\242\317\242\030\315\220d\203"
  34      B4028BA2 
  34      CFA218CD 
  34      906483
  35 0048 F9D85EA8 		.ascii	"\371\330^\250\367@W\223\277\005D\232j\347o\022A\255"
  35      F7405793 
  35      BF05449A 
  35      6AE76F12 
  35      41AD
  36 005a B2ED6BF0 		.ascii	"\262\355k\360\000t\\\014$"
  36      00745C0C 
  36      24
  37              		.text
  38              		.section	.gnu.lto_.pureconst.6240bc7e,"",%progbits
  39 0000 789C6361 		.ascii	"x\234ca`d\340f```e\220b\224b\222b\226ba\000\000\003"
  39      6064E066 
  39      60606065 
  39      90629462 
  39      92629662 
  40 0018 E40088   		.ascii	"\344\000\210"
  41              		.text
  42              		.section	.gnu.lto_HPI_IF_SCBCLK_StartEx.6240bc7e,"",%progbits
  43 0000 789C5551 		.ascii	"x\234UQ=h\024Q\020\236\357\275}{\253\371\251-R\244;"
  43      3D681451 
  43      109EEFBD 
  43      7D7BABF9 
  43      A92D52A4 
  44 0015 6261A595 		.ascii	"ba\245\225\225\236DCR\004\257\015\034!.\022\015\011"
  44      959E4443 
  44      5204AF0D 
  44      1C212E12 
  44      0D09
  45 0027 04B5F5DD 		.ascii	"\004\265\365\335\355n\316\004\213\200\230\300\241\034"
  45      ED6ECE04 
  45      8B8098C0 
  45      A11C
  46 0035 0A92448D 		.ascii	"\012\222D\215\227\323Jl\316\023\021DO\322\230\306\302"
  46      97D34A6C 
  46      CE131144 
  46      4FD298C6 
  46      C2
  47 0046 1FDCC2EA 		.ascii	"\037\334\302\352N\243\210\222\2343\267)\314\300\316"
  47      4EA38892 
  47      9C33B729 
  47      CCC0CE
  48 0055 BC19BE99 		.ascii	"\274\031\276\231\371\276Y\207@b\275\212\350\030\307"
  48      F9BE5987 
  48      4062BD8A 
  48      E818C7
ARM GAS  e:\temp\ccefivNn.s 			page 3


  49 0064 41FEE012 		.ascii	"A\376\340\022\324b\203(\357)\350\344\241\225\271\376"
  49      D4628328 
  49      EF29E8E4 
  49      A195B9FE 
  50 0074 8AC81E74 		.ascii	"\212\310\036t\302\024\331n\223\324O8\200D\353\201\256"
  50      C214D96E 
  50      93D44F38 
  50      8044EB81 
  50      AE
  51 0085 2A6D1CB0 		.ascii	"*m\034\260\247\304~\252\035\205z1~\252\006V,\333\307"
  51      A7C47EAA 
  51      1D857A31 
  51      7EAA0656 
  51      2CDBC7
  52 0098 AF37B45D 		.ascii	"\2577\264]\255!b@[%\030\254`\200Q\233\341\306-\275\255"
  52      AD216240 
  52      5B2518AC 
  52      6080519B 
  52      E1C62DBD 
  53 00ad 220D389C 		.ascii	"\"\0158\234\266\336\226\276\364J\252\320\317\351\374"
  53      B6DE96BE 
  53      F44AAAD0 
  53      CFE9FC
  54 00bc 8B5FCF1D 		.ascii	"\213_\317\035}\030\304\357\352\217r\334\223\276gm\301"
  54      7D18C4EF 
  54      EA8F72DC 
  54      93BE676D 
  54      C1
  55 00cd DA65DF1E 		.ascii	"\332e\337\036\210\264\306}h\236\2075\364a\025}\304%"
  55      88B4C67D 
  55      689E8735 
  55      F461157D 
  55      C425
  56 00df C203A405 		.ascii	"\302\003\244\005\376\271\272{\263\307\015e}\177\262"
  56      FEB9BA7B 
  56      B3C70D65 
  56      7D7FB2
  57 00ee 140FE18A 		.ascii	"\024\017\341\212\342\312\331\232m\267\003[\253\232u"
  57      E2CAD99A 
  57      6DB7035B 
  57      AB9A75
  58 00fd ED29EE72 		.ascii	"\355)\356r4;V \275FrW\034Q\223\333XsS)\016\272\305\372"
  58      343B5620 
  58      BD467257 
  58      1C5193DB 
  58      58735329 
  59 0115 58B18E51 		.ascii	"X\261\216Q\377\263\360\376\245\226y\201\026\251KQ\375"
  59      FFB3F0FE 
  59      A5967981 
  59      16A94B51 
  59      FD
  60 0126 5D4A58BB 		.ascii	"]JX\273\035\246w\357\374\3352IjmhEW1\332\\\353.\343"
  60      1DA677EF 
  60      FCDD3249 
  60      6A6D6845 
  60      5731DA5C 
  61 013d 763EE423 		.ascii	"v>\344#\244\360\210\011\2573aB\005eP\214\302\367\342"
ARM GAS  e:\temp\ccefivNn.s 			page 4


  61      A4F08809 
  61      AF336142 
  61      0565508C 
  61      C2F7E2
  62 0150 8743C940 		.ascii	"\207C\311@\3153\351\023\302Fpa\257\360\377\006\003\302"
  62      CD33E913 
  62      C2467061 
  62      AFF0FF06 
  62      03C2
  63 0162 867492D0 		.ascii	"\206t\222\3203\304\177\006-\345\010\277\030As\256\021"
  63      33C47F06 
  63      2DE508BF 
  63      184173AE 
  63      11
  64 0173 9BA4CB04 		.ascii	"\233\244\313\004Z\026\227\236m\277\356p\361\340\241"
  64      5A16979E 
  64      6DBFEE70 
  64      F1E0A1
  65 0182 CA8D8CFA 		.ascii	"\312\215\214\372=\367&\225\200\004'\323w\257\225\224"
  65      3DF72695 
  65      800427D3 
  65      77AF9594 
  66 0192 801CC8BD 		.ascii	"\200\034\310\275<<\356\000\353K\255\312q\001\356\023"
  66      3C3CEE00 
  66      EB4BADCA 
  66      7101EE13 
  67 01a2 90B7B66B 		.ascii	"\220\267\266k\277\206'\254\201g\3217\024j[\235\365{"
  67      BF8627AC 
  67      8167D137 
  67      146A5B9D 
  67      F57B
  68 01b4 F4C0B4F8 		.ascii	"\364\300\264\370\204\351\323\376\264?;~\311?\227\313"
  68      84E9D3FE 
  68      B43F3B7E 
  68      C93F97CB 
  69 01c4 CE5C9E9D 		.ascii	"\316\\\236\235\360\307F\2633\231\243cgF\207rC\203\271"
  69      F0C746B3 
  69      3399A363 
  69      67468772 
  69      4383B9
  70 01d7 6CE66466 		.ascii	"l\346dfd\370\310\004u\215OM\236\237\316L]<5y\345\037"
  70      64F8C804 
  70      758D4F4D 
  70      9E9FCE4C 
  70      5D3C3579 
  71 01ed E7F9C1C0 		.ascii	"\347\371\301\300"
  72              		.text
  73              		.section	.gnu.lto_HPI_IF_SCBCLK_Stop.6240bc7e,"",%progbits
  74 0000 789C5550 		.ascii	"x\234UP=H\202Q\024\275\347\275\367\371E\331\336\340"
  74      3D488251 
  74      14BDE7BD 
  74      F7F945D9 
  74      DEE0
  75 0012 D0162ED1 		.ascii	"\320\026.\321\320\320Z\202&5H\256\202\204\271\004\025"
  75      D0D05A82 
  75      263548AE 
  75      8284B904 
ARM GAS  e:\temp\ccefivNn.s 			page 5


  75      15
  76 0023 48CD3DF5 		.ascii	"H\315=\365\373\020\242\241\206\232\012\251\245\354\027"
  76      FB10A2A1 
  76      869A0AA9 
  76      A5EC17
  77 0032 C7A0C15C 		.ascii	"\307\240\301\\\332\212\010ji\250 \207\010\322\260\245"
  77      DA8A086A 
  77      69A82087 
  77      08D2B0A5 
  78 0042 28BB8FCF 		.ascii	"(\273\217\317!/\334{\337\273\357\274s\016W\021\310\304"
  78      212FDC7B 
  78      DFBBEFBC 
  78      730E5711 
  78      C8C4
  79 0054 1CB720F7 		.ascii	"\034\267 \3670'|\004\261vE\224\355\022\220\336A\012"
  79      30277C04 
  79      B1764594 
  79      ED1290DE 
  79      410A
  80 0066 6BF59248 		.ascii	"k\365\222Hw+\307&\355\267\274\371\250\002L\327]\240"
  80      772BC726 
  80      EDB7BCF9 
  80      A8024CD7 
  80      5DA0
  81 0078 65212D05 		.ascii	"e!-\005\256\344\305\247\370\021\250\026jg\"\270\247"
  81      AEE4C5A7 
  81      F811A816 
  81      6A6722B8 
  81      A7
  82 0089 391E5FDE 		.ascii	"9\036_\336\207\364~\005.\003Z\302\303`\017Ab\330s\371"
  82      87F47E05 
  82      2E035AC2 
  82      C3600F41 
  82      62D873F9 
  83 009d 77A3D7E7 		.ascii	"w\243\327\347\030X\277\367\210}\370\214\263\323\251"
  83      1858BFF7 
  83      887DF88C 
  83      B3D3A9
  84 00ac 8A6EB5F2 		.ascii	"\212n\265\362\272\262n_\334\331\226 WBraL\235\223\315"
  84      BAB26E5F 
  84      DCD99620 
  84      57427261 
  84      4C9D93CD 
  85 00c0 D485E026 		.ascii	"\324\205\340&\033,\314Vd\015\325\257\225\332\326\210"
  85      1B2CCC56 
  85      640DD5AF 
  85      95DAD688 
  86 00d0 21C84BE3 		.ascii	"!\310K\343a\323\255^\333M\341J\011\243\265\273\363}"
  86      61D3AD5E 
  86      DB4DE14A 
  86      09A3B5BB 
  86      F37D
  87 00e2 6F7957AD 		.ascii	"oyW\255\035\255xTpoJ\376\"\266\263\016\273S8@\000%\004"
  87      1DAD7854 
  87      706F4AFE 
  87      22B6B30E 
  87      BB533840 
ARM GAS  e:\temp\ccefivNn.s 			page 6


  88 00f9 D8C4218A 		.ascii	"\330\304!\212\240\032r\037\205\207>\217P2'=\301\271"
  88      A01A721F 
  88      85873E8F 
  88      5032273D 
  88      C1B9
  89 010b CACFB607 		.ascii	"\312\317\266\007\377\025\004\010G\346'\031{\026\361"
  89      FF150408 
  89      47E62719 
  89      7B16F1
  90 011a CAD010CA 		.ascii	"\312\320\020\312\370c_\315\372[\3316\277:$\263Z\367"
  90      F8635FCD 
  90      FA5BD936 
  90      BF3A24B3 
  90      5AF7
  91 012c 74AA1EB3 		.ascii	"t\252\036\263*Cns\205seX\001\263\030\205\023~}E\256"
  91      2A436E73 
  91      85736558 
  91      01B31885 
  91      137E7D45 
  92 0141 721F3124 		.ascii	"r\0371$m\02109/b \222\236Og\246\027\3233\311\370\302"
  92      6D113039 
  92      2F622092 
  92      9E4F67A6 
  92      17D333C9 
  93 0157 5226954E 		.ascii	"R&\225N\304\342\013\241\341\304x,\232\214\206\223\361"
  93      C4E20BA1 
  93      E1C4782C 
  93      9A8C8693 
  93      F1
  94 0168 D0586872 		.ascii	"\320Xhrb0E\177]:\215\273"
  94      6230457F 
  94      5D3A8DBB 
  95              		.text
  96              		.section	.gnu.lto_HPI_IF_SCBCLK_SetFractionalDividerRegister.6240bc7e,"",%progbits
  97 0000 789C6D52 		.ascii	"x\234mR]H\223Q\030>\3579\333\267\317mN/\213\274\360"
  97      5D489351 
  97      183EEF39 
  97      DBB7CF6D 
  97      4E2F8BBC 
  98 0015 46865D84 		.ascii	"F\206]\204QAW]\264\260\264.,\301+A\306\034!\232\302"
  98      5141575D 
  98      B4B0B42E 
  98      2CC12B41 
  98      C61C219A 
  99 002a B46E3D73 		.ascii	"\264n=s\373f\215\"\011\222\222\304\0131\177\323M\263"
  99      FB668D22 
  99      099292C4 
  99      0B317FD3 
  99      4DB3
 100 003c 3485D6C0 		.ascii	"4\205\326\300.\244\214\302\352\316\302\304@\2426\261"
 100      2EA48CC2 
 100      EACEC2C4 
 100      40A236B1 
 101 004c 0C99AEF7 		.ascii	"\014\231\256\367\375\216\366\003\035\370\3169\357\373"
 101      FD8EF603 
 101      1DF8CE39 
 101      EFFB
ARM GAS  e:\temp\ccefivNn.s 			page 7


 102 005a 3DCFF3FE 		.ascii	"=\317\363\376\035\013\003F\253Y0v\036\317\003\370\201"
 102      1D0B0346 
 102      AB593076 
 102      1ECF03F8 
 102      81
 103 006b 60C03B16 		.ascii	"`\300;\026\030\013\352\034\200.R\007\326\312\241\025"
 103      180BEA1C 
 103      802E5207 
 103      D6CAA115 
 104 007b BEF36D0E 		.ascii	"\276\363m\016\311\366\325i^\334/q}\234\353=,\007\022"
 104      C9F6D569 
 104      5EDC2F71 
 104      7D9CEB3D 
 104      2C0712
 105 008e 60203DCB 		.ascii	"` =\313M%\006\375P\214\250\271\354f\"o\203\033\002\200"
 105      4D2506FD 
 105      508CA8B9 
 105      EC66226F 
 105      831B0280 
 106 00a2 486F522F 		.ascii	"HoR/\272\035dr\310G3\262\376~\305)\016\002\303\373p"
 106      BA1D6472 
 106      C84733B2 
 106      FE7EC529 
 106      0E02C3FB 
 107 00b7 EC6934CF 		.ascii	"\354i4\317\335'e\233\224i\257\264\032B\300\020\010\324"
 107      DD27659B 
 107      9469AFB4 
 107      1A42C010 
 107      08D4
 108 00c9 83412880 		.ascii	"\203A(\200\001(`\350b0\014nD\267\307\357\337r\211c&"
 108      012860E8 
 108      62300C6E 
 108      44B7C7EF 
 108      DF728963 
 109 00de B3EFEAD6 		.ascii	"\263\357\352\326\010\3542'\237;d\211!,0\242\250G\012"
 109      08EC3227 
 109      9F3B6489 
 109      212C30A2 
 109      A8470A
 110 00f1 A0848816 		.ascii	"\240\204\210\026\006\017\300M\350\327\341\330=\2412"
 110      060FC04D 
 110      E8D7E1D8 
 110      3DA132
 111 0100 B2A0997E 		.ascii	"\262\240\231~\331\365\311\2452*D\363\353\347\245\233"
 111      D9F5C9A5 
 111      322A44F3 
 111      EBE7A59B 
 112 0110 B9C263EA 		.ascii	"\271\302c\352~\273#\363\213zI61\021u\335\225\211p\241"
 112      7EBB23F3 
 112      8B7A4936 
 112      311175DD 
 112      958970A1 
 113 0124 21AC1053 		.ascii	"!\254\020S\312c\230\324(&E\013\301c\263\261\267\\\224"
 113      CA6398D4 
 113      2826450B 
 113      C163B3B1 
 113      B75C94
ARM GAS  e:\temp\ccefivNn.s 			page 8


 114 0137 9BC4D11B 		.ascii	"\233\304\321\033\361Qm\227\031\233w\312\216\240N\304"
 114      F1516D97 
 114      199B77CA 
 114      8EA04EC4 
 115 0147 F1FF1297 		.ascii	"\361\377\022\227\343;\267s\2650\365\261\020&\240\010"
 115      E33BB773 
 115      B530F5B1 
 115      1026A008 
 116 0157 E250A4BA 		.ascii	"\342P\244\272\010\017A\303\271\360=\357\330\205\204"
 116      080F41C3 
 116      B9F03DEF 
 116      D88584
 117 0166 CC664332 		.ascii	"\314fC2\321c\177\226\261\2738\226\245aC\360\257\005"
 117      D1637F96 
 117      B1BB3896 
 117      A56143F0 
 117      AF05
 118 0178 A82D5672 		.ascii	"\250-Vrh\264\331h\323\201J\316\241\253\2356\007mNf\352"
 118      68B4D968 
 118      D3814ACE 
 118      A1AB9D36 
 118      076D4E66 
 119 018d B31406A0 		.ascii	"\263\024\006\240\231\2469\247S\254Br+\372c\360\004\305"
 119      99A639A7 
 119      53AC4272 
 119      2BFA63F0 
 119      04C5
 120 019f 0C091A55 		.ascii	"\014\011\032U\247\221|e\243\306\330\314\232\256M\355"
 120      A7917C65 
 120      A3C6D8CC 
 120      9AAE4DED 
 121 01af 5C17CA94 		.ascii	"\\\027\312\224\341\260\244\326-\254}h\351\201\356`\030"
 121      E1B0A4D6 
 121      2DAC7D68 
 121      E981EE60 
 121      18
 122 01c0 07AFC323 		.ascii	"\007\257\303#,k\222\312\202\307\320\003l\025B\231\310"
 122      2C6B92CA 
 122      82C7D003 
 122      6C154299 
 122      C8
 123 01d1 17507A42 		.ascii	"\027PzBInD\215MSC\003\033L!v\031\270Y$\226\200 \344"
 123      496E448D 
 123      4D534303 
 123      1B4C2176 
 123      19B85924 
 124 01e9 B4ADB7BF 		.ascii	"\264\255\267\277\033\252R$k\010\247\2062\251Hf\237\362"
 124      1BAA5224 
 124      6B08A786 
 124      32A94866 
 124      9FF2
 125 01fb 901365BA 		.ascii	"\220\023e\272f6\346\255$\223\003:L\243\014\202~F\026"
 125      6636E6AD 
 125      2493033A 
 125      4CA30C82 
 125      7E4616
 126 020e 86AA15CA 		.ascii	"\206\252\025\312f\306\323\224\332\322\236ZNH\350Jmq"
ARM GAS  e:\temp\ccefivNn.s 			page 9


 126      66C6D394 
 126      DAD29E5A 
 126      4E48E84A 
 126      6D71
 127 0220 37293B3A 		.ascii	"7);:\351\035\257\307\372\235JM\300\023\245\226\211,"
 127      E91DAFC7 
 127      FA9D4A4D 
 127      C013A596 
 127      892C
 128 0232 EE572007 		.ascii	"\356W \007\342h\272\306\312\240\2562\317\002\314\374"
 128      E268BAC6 
 128      CAA0AE32 
 128      CF02CCFC 
 129 0242 89795CC1 		.ascii	"\211y\\\301\234fX\307\357\202\342T\220\023A\311\316"
 129      9C6658C7 
 129      EF82E254 
 129      901341C9 
 129      CE
 130 0253 F4D2B88D 		.ascii	"\364\322\270\215|\1777,(\245\343\337\236\315b\317\210"
 130      7C7F372C 
 130      28A5E3DF 
 130      9ECD62CF 
 130      88
 131 0264 B1066D89 		.ascii	"\261\006m\211\355r\302\233\357#\305\201\306\203\303"
 131      ED72C29B 
 131      EF23C581 
 131      C683C3
 132 0273 729FF637 		.ascii	"r\237\3667\372\003\336\026\177mMe\323\345\200\317_]"
 132      FA03DE16 
 132      7F6D4D65 
 132      D3E580CF 
 132      5F5D
 133 0285 51D9E439 		.ascii	"Q\331\3449Z}\246\242\254\246\254\264\246\322s\322s\356"
 133      5A7DA6A2 
 133      ACA6ACB4 
 133      A6D273D2 
 133      73EE
 134 0297 EC211FB3 		.ascii	"\354!\037\263\373\032\352O\325]\251\253\365\007r\361"
 134      FB1AEA4F 
 134      D55DA9AB 
 134      F50772F1 
 135 02a7 5A1AF0FA 		.ascii	"Z\032\360\372Z\352\232\032\275\015Z\300\177\261\312"
 135      5AEA9A1A 
 135      BD0D5AC0 
 135      7FB1CA
 136 02b6 DB60BBE4 		.ascii	"\333`\273\344m\256\307\363\027)\0347\351"
 136      6DAEC7F3 
 136      17291C37 
 136      E9
 137              		.text
 138              		.section	.gnu.lto_HPI_IF_SCBCLK_GetDividerRegister.6240bc7e,"",%progbits
 139 0000 789C2D90 		.ascii	"x\234-\220\261KBQ\024\306\317w\357\323\036H\324\236"
 139      B14B4251 
 139      14C6CF77 
 139      EFD31E48 
 139      D49E
 140 0012 435BB934 		.ascii	"C[\2714\371\017\224`I\015\222\253 aoM\020\233\275\372"
ARM GAS  e:\temp\ccefivNn.s 			page 10


 140      F90F9460 
 140      490D92AB 
 140      20616F4D 
 140      109BBDFA 
 141 0026 DE238A86 		.ascii	"\336#\212\206\226\032\002q\011,+\245-j1\241%\302\240"
 141      961A0271 
 141      092C2BA5 
 141      2D6A31A1 
 141      25C2A0
 142 0039 20DA8A08 		.ascii	" \332\212\010\007\247\227\030A\220\257{\260\013\347"
 142      07A79718 
 142      4190AF7B 
 142      B00BE7
 143 0048 9EFBDDFB 		.ascii	"\236\373\335\373\235s~\\\203@\274\242:Et\236\322\001"
 143      9D737E5C 
 143      8340BCA2 
 143      3A45749E 
 143      D201
 144 005a 49107B1D 		.ascii	"I\020{\035\242\222)\000>(\023T\024(\342K\374\012\334"
 144      A2922900 
 144      3E281354 
 144      1428E24B 
 144      FC0ADC
 145 006d FADFAD89 		.ascii	"\372\337\255\211\201p\331\246\345\243w_\011\261\004"
 145      8170D9A6 
 145      E5A3775F 
 145      09B104
 146 007c 26B5AC1F 		.ascii	"&\265\254\0375\373f\244\246TY\275\271W\363%\333\235"
 146      35FB66A4 
 146      A65459BD 
 146      B957F325 
 146      DB9D
 147 008e 75A5205F 		.ascii	"u\245 _\020\216\021F\015a\036q\202\010i\363\373\305"
 147      108E1146 
 147      0D611E71 
 147      820869F3 
 147      FBC5
 148 00a0 707F3CE8 		.ascii	"p\177<\350(\275\246\331\242_\352\0102Rs\265\245|\337"
 148      28BDA6D9 
 148      A25FEA08 
 148      325273B5 
 148      A57CDF
 149 00b3 56ADA7D0 		.ascii	"V\255\247\320\315K(\000r\245\224\274\031\304\355\310"
 149      CD4B2800 
 149      72A594BC 
 149      19C4EDC8 
 150 00c3 D3C1689F 		.ascii	"\323\301h\237Bp\226]\264\177v\236\033i\256\267\245\324"
 150      4270965D 
 150      B47F769E 
 150      1B69AEB7 
 150      A5D4
 151 00d5 BD0FDCF6 		.ascii	"\275\017\334\366\303\030s\031\340Q\333\227\303]9\222"
 151      C3187319 
 151      E051DB97 
 151      C35D3992 
 152 00e5 CA7194A1 		.ascii	"\312q\224\241\257:\275\327B\025\225\222\003W\006p\246"
 152      AF3ABDD7 
ARM GAS  e:\temp\ccefivNn.s 			page 11


 152      42159592 
 152      03570670 
 152      A6
 153 00f6 E94E990E 		.ascii	"\351N\231\016\347\250\202\272\260\373q\262%F\335\016"
 153      E7A882BA 
 153      B0FB71B2 
 153      2546DD0E 
 154 0106 AF077701 		.ascii	"\257\007w\001.\017\302DC\333\272(\367\267>0\232gh\037"
 154      2E0FC244 
 154      43DBBA28 
 154      F7B73E30 
 154      9A67681F 
 155 011a F520FE15 		.ascii	"\365 \376\025\377\250'\300`\032sf\321\332\260\362k\005"
 155      FFA827C0 
 155      601A7366 
 155      D1DAB0F2 
 155      6B05
 156 012c 6B3D93CA 		.ascii	"k=\223\312m\346\263V:\231\312\305\242\351\245d\"\223"
 156      6DE6B356 
 156      3A99CAC5 
 156      A2E9A564 
 156      2293
 157 013e 886752B1 		.ascii	"\210gR\261\205\330\312\362\\\226\376\000?\"vG"
 157      85D8CAF2 
 157      5C96FE00 
 157      3F227647 
 158              		.text
 159              		.section	.gnu.lto_HPI_IF_SCBCLK_GetFractionalDividerRegister.6240bc7e,"",%progbits
 160 0000 789C6361 		.ascii	"x\234ca`d\000\201i@\254\011\304\322@\314\310\314\300"
 160      60640081 
 160      6940AC09 
 160      C4D240CC 
 160      C8CCC0
 161 0013 C834E11C 		.ascii	"\3104\341\034\003C#\007\023##\210\321\300\301\310P\317"
 161      03432307 
 161      13232388 
 161      D1C0C1C8 
 161      50CF
 162 0025 C458CFF8 		.ascii	"\304X\317\370\225\351/\023\343\351\357'z\2704\22774"
 162      95E92F13 
 162      E3E9EF27 
 162      7AB83497 
 162      3734
 163 0037 34353C38 		.ascii	"45<8\372\330r\372\212\003\214\255\314\014\014\377\231"
 163      FAD872FA 
 163      8A038CAD 
 163      CC0C0CFF 
 163      99
 164 0048 18188D65 		.ascii	"\030\030\215e\030\015d@F,g\324d\000*}\264\361\337T^"
 164      180D6440 
 164      462C67D4 
 164      64002A7D 
 164      B4F1DF54 
 165 005d B6960620 		.ascii	"\266\226\006 P\000)\000\312\254`d\003Y\271>\350@\303"
 165      50002900 
 165      CAAC6064 
 165      0359B93E 
ARM GAS  e:\temp\ccefivNn.s 			page 12


 165      E840C3
 166 0070 FFFFCD0D 		.ascii	"\377\377\315\015\007\346\363\035\334\307\007\224\371"
 166      07E6F31D 
 166      DCC70794 
 166      F9
 167 007d 00C420BB 		.ascii	"\000\304 \273>21\201h\346W\214M\007v\367\361\201\324"
 167      3E323181 
 167      68E6578C 
 167      4D0776F7 
 167      F181D4
 168 0090 030D9AD6 		.ascii	"\003\015\232\326z\350<\373\027&\240=\214\014\214+\031"
 168      7AE83CFB 
 168      1726A03D 
 168      8C0C8C2B 
 168      19
 169 00a1 41760075 		.ascii	"Av\000u0\202T\002\365\251\273\247\346\245\026%\226\244"
 169      30825402 
 169      F5A9BBA7 
 169      E6A51625 
 169      96A4
 170 00b3 A6C407E7 		.ascii	"\246\304\007\347\227\026%\247\306\004\004\347;\233\304"
 170      971625A7 
 170      C60404E7 
 170      3B9BC4
 171 00c2 780478C6 		.ascii	"x\004x\306{\272\305\007;;9\373x\353%3\000\000\255\300"
 171      7BBAC507 
 171      3B3B39FB 
 171      78EB2533 
 171      0000ADC0 
 172 00d6 4488     		.ascii	"D\210"
 173              		.text
 174              		.section	.gnu.lto_.symbol_nodes.6240bc7e,"",%progbits
 175 0000 789C6361 		.ascii	"x\234ca`d\010g\000\002&\206z\006\206\011\347\030@\324"
 175      60640867 
 175      00022686 
 175      7A068609 
 175      E71840D4 
 176 0014 AE0645A0 		.ascii	"\256\006E\240\000c=#\252\000S=\023\252\000s=3\252\000"
 176      00633D23 
 176      AA00533D 
 176      13AA0073 
 176      3D33AA00 
 177 0028 4B3D0B8A 		.ascii	"K=\013\212\000\003\000U/\023\016"
 177      00030055 
 177      2F130E
 178              		.text
 179              		.section	.gnu.lto_.refs.6240bc7e,"",%progbits
 180 0000 789C6361 		.ascii	"x\234ca`\004B \000\000\0009\000\007"
 180      60044220 
 180      00000039 
 180      0007
 181              		.text
 182              		.section	.gnu.lto_.decls.6240bc7e,"",%progbits
 183 0000 789C8D54 		.ascii	"x\234\215TolSU\024\277\347\275\266lo\335 \013\232\305"
 183      6F6C5355 
 183      14BFE7BD 
 183      B66C6FDD 
ARM GAS  e:\temp\ccefivNn.s 			page 13


 183      200B9AC5 
 184 0014 D458F8B0 		.ascii	"\324X\370\260.|\230\216\031\303'c\034n\020\215\022\027"
 184      2E7C988E 
 184      19C32763 
 184      1C6E108D 
 184      1217
 185 0026 F6896419 		.ascii	"\366\211d\031\343\211M\310FJ1\362\311\033\353L'|\350"
 185      E3894DC8 
 185      464A31F2 
 185      C91BEB4C 
 185      277CE8
 186 0039 4C44BB6C 		.ascii	"LD\273l\021\206b\307\006\353\376\322\202\224\016\244"
 186      118662C7 
 186      06EBFED2 
 186      82940EA4 
 187 0049 1B65C5FD 		.ascii	"\033e\305\375a\2118\331&\333\022\011h\212\022\225\221"
 187      618938D9 
 187      26DB1209 
 187      688A1295 
 187      91
 188 005a 51CFBDEF 		.ascii	"Q\317\275\357\265\357\265\353\022o\336y\357\336\363"
 188      B5EFB5EB 
 188      126FDE79 
 188      EFDEF3
 189 0069 CE39BFDF 		.ascii	"\3169\277\337\371\223k @\330z\317DH\001n\017\240$p\341"
 189      F9936B20 
 189      40D87ACF 
 189      4448016E 
 189      0FA02470 
 190 007e 91D4106D 		.ascii	"\221\324\020m\031Q\006Q\002(#(Q\224\030Y\275\230M\256"
 190      19510651 
 190      02282328 
 190      51941859 
 190      BD984DAE 
 191 0092 EA5B88B2 		.ascii	"\352[\210\262\021\245\007\305\2062\2162\215r\013\345"
 191      11A507C5 
 191      86328E32 
 191      8D720BE5 
 192 00a2 1DD51E54 		.ascii	"\035\325\036T\237\314\025P1k\262\370&\375\002Y\374\030"
 192      9FCC1550 
 192      316BB2F8 
 192      26FD0259 
 192      FC18
 193 00b4 372903FF 		.ascii	"7)\003\377*JH\307#\033\207\221,\261X\216\3532\342\254"
 193      2A4A48C7 
 193      231B8791 
 193      2CB1588E 
 193      EB32E2AC 
 194 00c8 E51FCDE2 		.ascii	"\345\037\315\342\037S\377\205tv\331j\266\"@\242\375"
 194      1F53FF85 
 194      7476D96A 
 194      B62240A2 
 194      FD
 195 00d9 9C2F7706 		.ascii	"\234/w\006n\203\000jC\010\200\362\006.D\021~\304\215"
 195      6E83006A 
 195      430880F2 
 195      062E4411 
ARM GAS  e:\temp\ccefivNn.s 			page 14


 195      7EC48D
 196 00ec C0DF24A5 		.ascii	"\300\337$\245J}\010{\023\305\236\353\264`\374I~\023"
 196      4A7D087B 
 196      13C59EEB 
 196      B460FC49 
 196      7E13
 197 00fe C9C58368 		.ascii	"\311\305\203h\321Au\202\024\003\305K\371/\250fD\011"
 197      D1417582 
 197      1403C54B 
 197      F92FA866 
 197      4409
 198 0110 2E680EBA 		.ascii	".h\016\272x\012]\035'H\317\011\222I_^\212~#\211\030"
 198      780A5D1D 
 198      2748CF09 
 198      92495F5E 
 198      8A7E2389 
 199 0125 13F7738F 		.ascii	"\023\367s\217}\225\245\335\024\227\207Ra\233V\231;\243"
 199      7D95A5DD 
 199      14978752 
 199      619B5699 
 199      3BA3
 200 0137 9D5DE223 		.ascii	"\235]\342#\001l\022\260\360\353Q\325\363 \3708_Q1\213"
 200      016C12B0 
 200      F0EB51D5 
 200      F320F838 
 200      5F51318B 
 201 014b E8DCD29F 		.ascii	"\350\334\322\237\271\342&\276\237\370\304\337\306\254"
 201      B9E226BE 
 201      9FF8C4DF 
 201      C6AC
 202 0159 0B2530E0 		.ascii	"\013%0\340\361a\254u\241\000\217\033%\260\256\010\302"
 202      F161AC75 
 202      A1008F1B 
 202      25B0AE08 
 202      C2
 203 016a A4F7C19C 		.ascii	"\244\367\301\234\011\244\0227\245\037S\217\213\026\356"
 203      09A41237 
 203      A51F538F 
 203      8B16EE
 204 0179 20700E2C 		.ascii	" p\016,p\026,\004\374P\302\"vB)\201.T\236A\345iFh\276"
 204      70162C04 
 204      FC50C222 
 204      76422981 
 204      2E549E41 
 205 0192 37F86A90 		.ascii	"7\370j\220\322\015\320\003\022t\203\310M0\015\233\244"
 205      D20DD003 
 205      127483C8 
 205      4D300D9B 
 205      A4
 206 01a3 F66E7EC0 		.ascii	"\366n~\300#\030\004\3240\203\275\006\246\273\226\370"
 206      231804D4 
 206      3083BD06 
 206      A6BB96F8 
 207 01b3 27BC5EE1 		.ascii	"'\274^\341!\340q2>\326\236\247\360\330\200\307\351\266"
 207      21E07132 
 207      3ED69EA7 
 207      F0D880C7 
ARM GAS  e:\temp\ccefivNn.s 			page 15


 207      E9B6
 208 01c5 F8545ED1 		.ascii	"\370T^\321q\026\234\272\250U\200\232g\241\037!\373\020"
 208      71169CBA 
 208      A855809A 
 208      67A11F21 
 208      FB10
 209 01d7 92C00014 		.ascii	"\222\300\000\024\341\273\027\014Jxw,2\223\263\371\004"
 209      E1BB170C 
 209      4A78772C 
 209      3293B3F9 
 209      04
 210 01e8 3DE1A7F3 		.ascii	"=\341\247\363\203\021\333q\027\365\241\233\225\231\201"
 210      8311DB71 
 210      17F5A19B 
 210      959981
 211 01f7 4F63835B 		.ascii	"Oc\203[\366\371\016f\260\332\203\260\031=?\277=\327"
 211      F6F90E66 
 211      B0DA83B0 
 211      193D3FBF 
 211      3DD7
 212 0209 278A0E5E 		.ascii	"'\212\016^\230\373!o\"\177M\310\363\034r\257\2128\377"
 212      98FB216F 
 212      227F4DC8 
 212      F31C72AF 
 212      8A38FF
 213 021c 7BE07905 		.ascii	"{\340y\0050\3744b\246\343\350\362\0323\201!\015nH\017"
 213      30FC3462 
 213      A6E3E8F2 
 213      1A338121 
 213      0D6E480F 
 214 0230 17E07074 		.ascii	"\027\340pt\266\303k\024\233\200\343\3654-v\346`\306"
 214      B6C36B14 
 214      9B80E3F5 
 214      342D76E6 
 214      60C6
 215 0242 166C1BE8 		.ascii	"\026l\033\350zfQz\346mYx\232'\372\271\2550\265\320u"
 215      7A66517A 
 215      E66D5978 
 215      9A27FAB9 
 215      AD30B5D0 
 216 0257 CF002592 		.ascii	"\317\000%\222Z\355^\245\332!,\346\367\032\240\205U\233"
 216      5AED5EA5 
 216      DA212CE6 
 216      F71AA085 
 216      559B
 217 0269 372EDE41 		.ascii	"7.\336AME\004\312-\360\022\266\355\022\266\315\242\266"
 217      4D4504CA 
 217      2DF012B6 
 217      ED12B6CD 
 217      A2B6
 218 027b ED222674 		.ascii	"\355\"&t\001\023B\200\245/\277\276o\342M\011\245\232"
 218      01134280 
 218      A52FBFBE 
 218      6FE24D09 
 218      A59A
 219 028d F2EDF293 		.ascii	"\362\355\362\2238\033\216b6J\242\216T\261B\312w2\322"
 219      381B8E62 
ARM GAS  e:\temp\ccefivNn.s 			page 16


 219      364AA28E 
 219      54B142CA 
 219      7732D2
 220 02a0 2F89430A 		.ascii	"/\211C\012\251?\006F~\312O\316\012\226L*!\251\202\301"
 220      A93F0646 
 220      7ECA4FCE 
 220      0A964C2A 
 220      21A982C1 
 221 02b4 0F085AAC 		.ascii	"\017\010Z\254\202\016\2432\234\234\225p\353\013T\200"
 221      820EA332 
 221      9C9C9570 
 221      EB0B5480 
 222 02c4 AB087945 		.ascii	"\253\010yE\243^\254\016\312\330x\302g\346\234\230\301"
 222      A35EAC0E 
 222      CAD878C2 
 222      67E69C98 
 222      C1
 223 02d5 65E0A47E 		.ascii	"e\340\244~[^6\254\331\227\010\357\313\265\344(,\016"
 223      5B5E36AC 
 223      D99708EF 
 223      CBB5E428 
 223      2C0E
 224 02e7 77FD624C 		.ascii	"w\375bL\216\302\247Uw\373(mB?\003\263\203\240\006\030"
 224      8EC2A755 
 224      77FB286D 
 224      423F03B3 
 224      83A00618 
 225 02fb D4376784 		.ascii	"\3247g\2047\247c\345\330\242Y\274\2444\347\321\225\356"
 225      37A763E5 
 225      D8A259BC 
 225      A434E7D1 
 225      95EE
 226 030d BFD24019 		.ascii	"\277\322@\031\037\015\365z\3324\334s\271l\3524L\034"
 226      1F0DF57A 
 226      DA34DC73 
 226      B96CEA34 
 226      4C1C
 227 031f 357B6918 		.ascii	"5{i\030\313\2019\242\021\214j\220\243z\310\2502\017"
 227      CB8139A2 
 227      118C6A90 
 227      A37AC8A8 
 227      320F
 228 0331 0B778673 		.ascii	"\013w\206s\305Y\005\262\335s\352L\332\310\207\322 \307"
 228      C55905B2 
 228      DD73EA4C 
 228      DAC887D2 
 228      20C7
 229 0343 D220EF7A 		.ascii	"\322 \357z\036\366\213\210\351G\314\366\233b\012\023"
 229      1EF68B88 
 229      E947CCF6 
 229      9B620A13 
 230 0353 ADE08686 		.ascii	"\255\340\206\206yC\217\031c\230\342\251\263ON\027`T"
 230      79438F19 
 230      6398E2A9 
 230      B34F4E17 
 230      6054
 231 0365 F648AD14 		.ascii	"\366H\255\024\233\027O$>J$\326\3018H\204+hK\307vw\313"
ARM GAS  e:\temp\ccefivNn.s 			page 17


 231      9B174F24 
 231      3E4A24D6 
 231      C1384884 
 231      2B684BC7 
 232 037c 735CE1E6 		.ascii	"s\\\341\346\027N\372E@\370\037\002?\342\371&k6\036\221"
 232      174EFA45 
 232      40F81F02 
 232      3FE2F926 
 232      6B361E91 
 233 0390 53F3AF5F 		.ascii	"S\363\257_\374l\224\334\214\375\377\2719\320\343\302"
 233      FC6C94DC 
 233      8CFDFFB9 
 233      39D0E3C2 
 234 03a0 2C6D338A 		.ascii	",m3\212\315\374~\023\246\217\236\377J\324f\374\344\356"
 234      CDFC7E13 
 234      A68F9EFF 
 234      4AD466FC 
 234      E4EE
 235 03b2 966696D1 		.ascii	"\226f\226\321-\254\302\244\226\321\004\250S\276\032"
 235      2DACC2A4 
 235      96D104A8 
 235      53BE1A
 236 03c1 642A3BC8 		.ascii	"d*;\310\337\377^?f6\177\226\272\320xD-\225i0\363{\227"
 236      DFFF5E3F 
 236      66367F96 
 236      BAD07844 
 236      2D956930 
 237 03d8 7D9FD9B1 		.ascii	"}\237\331\261kg\355\316\312\332\352\212\327+\336z\263"
 237      6B67EDCE 
 237      CADAEA8A 
 237      D72BDE7A 
 237      B3
 238 03e9 B6DA59E7 		.ascii	"\266\332Y\347p\276\361aN\325\333\273\255\025ee\304t"
 238      70BEF161 
 238      4ED5DBBB 
 238      AD156565 
 238      C474
 239 03fb D8DEE02C 		.ascii	"\330\336\340,\337\272\251Jn\220\035uNy_mu\343aG\275"
 239      DFBAA94A 
 239      6E901D75 
 239      4E795F6D 
 239      75E36147 
 240 0410 BC675775 		.ascii	"\274gWuc\305\313/\326\037q\0369(\037*}\237\330\262["
 240      63C5CB2F 
 240      D61F711E 
 240      39281F2A 
 240      7D9FD8B2 
 241 0425 EC490B5F 		.ascii	"\354I\013_ZO\0123\361\032\017n\311P\311\316JG]\275\323"
 241      5A4F0A33 
 241      F11A0F6E 
 241      C950C9CE 
 241      4A475DBD 
 242 043a DED85077 		.ascii	"\336\330Pw`\273\375\003\373>\331\361\256\274\337~\310"
 242      60BBFD03 
 242      FB3ED9F1 
 242      AEBCDF7E 
 242      C8
ARM GAS  e:\temp\ccefivNn.s 			page 18


 243 044b 293B8C8C 		.ascii	");\214\214\3166N\252\354\025k\272_\225\354\314\260\336"
 243      CE364EAA 
 243      EC156BBA 
 243      5F95ECCC 
 243      B0DE
 244 045d B2CA60ED 		.ascii	"\262\312`\355\300\016y\177\371\326\377\000\272I?R"
 244      C00E797F 
 244      F9D6FF00 
 244      BA493F52 
 245              		.text
 246              		.section	.gnu.lto_.symtab.6240bc7e,"",%progbits
 247 0000 4850495F 		.ascii	"HPI_IF_SCBCLK_StartEx\000"
 247      49465F53 
 247      4342434C 
 247      4B5F5374 
 247      61727445 
 248 0016 00       		.ascii	"\000"
 249 0017 00       		.ascii	"\000"
 250 0018 00       		.ascii	"\000"
 251 0019 00000000 		.ascii	"\000\000\000\000\000\000\000\000"
 251      00000000 
 252 0021 B5000000 		.ascii	"\265\000\000\000"
 253 0025 4850495F 		.ascii	"HPI_IF_SCBCLK_Stop\000"
 253      49465F53 
 253      4342434C 
 253      4B5F5374 
 253      6F7000
 254 0038 00       		.ascii	"\000"
 255 0039 00       		.ascii	"\000"
 256 003a 00       		.ascii	"\000"
 257 003b 00000000 		.ascii	"\000\000\000\000\000\000\000\000"
 257      00000000 
 258 0043 B8000000 		.ascii	"\270\000\000\000"
 259 0047 4850495F 		.ascii	"HPI_IF_SCBCLK_SetFractionalDividerRegister\000"
 259      49465F53 
 259      4342434C 
 259      4B5F5365 
 259      74467261 
 260 0072 00       		.ascii	"\000"
 261 0073 00       		.ascii	"\000"
 262 0074 00       		.ascii	"\000"
 263 0075 00000000 		.ascii	"\000\000\000\000\000\000\000\000"
 263      00000000 
 264 007d C7000000 		.ascii	"\307\000\000\000"
 265 0081 4850495F 		.ascii	"HPI_IF_SCBCLK_GetDividerRegister\000"
 265      49465F53 
 265      4342434C 
 265      4B5F4765 
 265      74446976 
 266 00a2 00       		.ascii	"\000"
 267 00a3 00       		.ascii	"\000"
 268 00a4 00       		.ascii	"\000"
 269 00a5 00000000 		.ascii	"\000\000\000\000\000\000\000\000"
 269      00000000 
 270 00ad CA000000 		.ascii	"\312\000\000\000"
 271 00b1 4850495F 		.ascii	"HPI_IF_SCBCLK_GetFractionalDividerRegister\000"
 271      49465F53 
ARM GAS  e:\temp\ccefivNn.s 			page 19


 271      4342434C 
 271      4B5F4765 
 271      74467261 
 272 00dc 00       		.ascii	"\000"
 273 00dd 00       		.ascii	"\000"
 274 00de 00       		.ascii	"\000"
 275 00df 00000000 		.ascii	"\000\000\000\000\000\000\000\000"
 275      00000000 
 276 00e7 CD000000 		.ascii	"\315\000\000\000"
 277              		.text
 278              		.section	.gnu.lto_.opts,"",%progbits
 279 0000 272D666D 		.ascii	"'-fmath-errno' '-fsigned-zeros' '-ftrapping-math' '"
 279      6174682D 
 279      6572726E 
 279      6F272027 
 279      2D667369 
 280 0033 2D666E6F 		.ascii	"-fno-trapv' '-fno-openmp' '-fno-openacc' '-mcpu=cor"
 280      2D747261 
 280      70762720 
 280      272D666E 
 280      6F2D6F70 
 281 0066 7465782D 		.ascii	"tex-m0' '-mthumb' '-g' '-Os' '-Werror' '-ffunction-"
 281      6D302720 
 281      272D6D74 
 281      68756D62 
 281      2720272D 
 282 0099 73656374 		.ascii	"sections' '-ffat-lto-objects' '-finline-functions' "
 282      696F6E73 
 282      2720272D 
 282      66666174 
 282      2D6C746F 
 283 00cc 272D666C 		.ascii	"'-flto' '-fno-strict-aliasing'\000"
 283      746F2720 
 283      272D666E 
 283      6F2D7374 
 283      72696374 
 284              		.text
 285              		.cfi_sections	.debug_frame
 286              		.section	.text.HPI_IF_SCBCLK_StartEx,"ax",%progbits
 287              		.align	1
 288              		.global	HPI_IF_SCBCLK_StartEx
 289              		.code	16
 290              		.thumb_func
 291              		.type	HPI_IF_SCBCLK_StartEx, %function
 292              	HPI_IF_SCBCLK_StartEx:
 293              	.LFB0:
 294              		.file 1 "Generated_Source\\PSoC4\\HPI_IF_SCBCLK.c"
   1:Generated_Source\PSoC4/HPI_IF_SCBCLK.c **** /*******************************************************************************
   2:Generated_Source\PSoC4/HPI_IF_SCBCLK.c **** * File Name: HPI_IF_SCBCLK.c
   3:Generated_Source\PSoC4/HPI_IF_SCBCLK.c **** * Version 2.20
   4:Generated_Source\PSoC4/HPI_IF_SCBCLK.c **** *
   5:Generated_Source\PSoC4/HPI_IF_SCBCLK.c **** *  Description:
   6:Generated_Source\PSoC4/HPI_IF_SCBCLK.c **** *   Provides system API for the clocking, interrupts and watchdog timer.
   7:Generated_Source\PSoC4/HPI_IF_SCBCLK.c **** *
   8:Generated_Source\PSoC4/HPI_IF_SCBCLK.c **** *  Note:
   9:Generated_Source\PSoC4/HPI_IF_SCBCLK.c **** *   Documentation of the API's in this file is located in the
  10:Generated_Source\PSoC4/HPI_IF_SCBCLK.c **** *   System Reference Guide provided with PSoC Creator.
ARM GAS  e:\temp\ccefivNn.s 			page 20


  11:Generated_Source\PSoC4/HPI_IF_SCBCLK.c **** *
  12:Generated_Source\PSoC4/HPI_IF_SCBCLK.c **** ********************************************************************************
  13:Generated_Source\PSoC4/HPI_IF_SCBCLK.c **** * Copyright 2008-2012, Cypress Semiconductor Corporation.  All rights reserved.
  14:Generated_Source\PSoC4/HPI_IF_SCBCLK.c **** * You may use this file only in accordance with the license, terms, conditions,
  15:Generated_Source\PSoC4/HPI_IF_SCBCLK.c **** * disclaimers, and limitations in the end user license agreement accompanying
  16:Generated_Source\PSoC4/HPI_IF_SCBCLK.c **** * the software package with which this file was provided.
  17:Generated_Source\PSoC4/HPI_IF_SCBCLK.c **** *******************************************************************************/
  18:Generated_Source\PSoC4/HPI_IF_SCBCLK.c **** 
  19:Generated_Source\PSoC4/HPI_IF_SCBCLK.c **** #include <cydevice_trm.h>
  20:Generated_Source\PSoC4/HPI_IF_SCBCLK.c **** #include "HPI_IF_SCBCLK.h"
  21:Generated_Source\PSoC4/HPI_IF_SCBCLK.c **** 
  22:Generated_Source\PSoC4/HPI_IF_SCBCLK.c **** #if defined CYREG_PERI_DIV_CMD
  23:Generated_Source\PSoC4/HPI_IF_SCBCLK.c **** 
  24:Generated_Source\PSoC4/HPI_IF_SCBCLK.c **** /*******************************************************************************
  25:Generated_Source\PSoC4/HPI_IF_SCBCLK.c **** * Function Name: HPI_IF_SCBCLK_StartEx
  26:Generated_Source\PSoC4/HPI_IF_SCBCLK.c **** ********************************************************************************
  27:Generated_Source\PSoC4/HPI_IF_SCBCLK.c **** *
  28:Generated_Source\PSoC4/HPI_IF_SCBCLK.c **** * Summary:
  29:Generated_Source\PSoC4/HPI_IF_SCBCLK.c **** *  Starts the clock, aligned to the specified running clock.
  30:Generated_Source\PSoC4/HPI_IF_SCBCLK.c **** *
  31:Generated_Source\PSoC4/HPI_IF_SCBCLK.c **** * Parameters:
  32:Generated_Source\PSoC4/HPI_IF_SCBCLK.c **** *  alignClkDiv:  The divider to which phase alignment is performed when the
  33:Generated_Source\PSoC4/HPI_IF_SCBCLK.c **** *    clock is started.
  34:Generated_Source\PSoC4/HPI_IF_SCBCLK.c **** *
  35:Generated_Source\PSoC4/HPI_IF_SCBCLK.c **** * Returns:
  36:Generated_Source\PSoC4/HPI_IF_SCBCLK.c **** *  None
  37:Generated_Source\PSoC4/HPI_IF_SCBCLK.c **** *
  38:Generated_Source\PSoC4/HPI_IF_SCBCLK.c **** *******************************************************************************/
  39:Generated_Source\PSoC4/HPI_IF_SCBCLK.c **** void HPI_IF_SCBCLK_StartEx(uint32 alignClkDiv)
  40:Generated_Source\PSoC4/HPI_IF_SCBCLK.c **** {
 295              		.loc 1 40 0
 296              		.cfi_startproc
 297              		@ args = 0, pretend = 0, frame = 0
 298              		@ frame_needed = 0, uses_anonymous_args = 0
 299              		@ link register save eliminated.
 300              	.LVL0:
  41:Generated_Source\PSoC4/HPI_IF_SCBCLK.c ****     /* Make sure any previous start command has finished. */
  42:Generated_Source\PSoC4/HPI_IF_SCBCLK.c ****     while((HPI_IF_SCBCLK_CMD_REG & HPI_IF_SCBCLK_CMD_ENABLE_MASK) != 0u)
 301              		.loc 1 42 0
 302 0000 054A     		ldr	r2, .L5
 303              	.L2:
 304              		.loc 1 42 0 is_stmt 0 discriminator 1
 305 0002 1368     		ldr	r3, [r2]
 306 0004 002B     		cmp	r3, #0
 307 0006 FCDB     		blt	.L2
  43:Generated_Source\PSoC4/HPI_IF_SCBCLK.c ****     {
  44:Generated_Source\PSoC4/HPI_IF_SCBCLK.c ****     }
  45:Generated_Source\PSoC4/HPI_IF_SCBCLK.c ****     
  46:Generated_Source\PSoC4/HPI_IF_SCBCLK.c ****     /* Specify the target divider and it's alignment divider, and enable. */
  47:Generated_Source\PSoC4/HPI_IF_SCBCLK.c ****     HPI_IF_SCBCLK_CMD_REG =
  48:Generated_Source\PSoC4/HPI_IF_SCBCLK.c ****         ((uint32)HPI_IF_SCBCLK__DIV_ID << HPI_IF_SCBCLK_CMD_DIV_SHIFT)|
  49:Generated_Source\PSoC4/HPI_IF_SCBCLK.c ****         (alignClkDiv << HPI_IF_SCBCLK_CMD_PA_DIV_SHIFT) |
 308              		.loc 1 49 0 is_stmt 1
 309 0008 8023     		movs	r3, #128
 310 000a 0002     		lsls	r0, r0, #8
 311              	.LVL1:
 312 000c 1B06     		lsls	r3, r3, #24
ARM GAS  e:\temp\ccefivNn.s 			page 21


 313 000e 1843     		orrs	r0, r3
  47:Generated_Source\PSoC4/HPI_IF_SCBCLK.c ****         ((uint32)HPI_IF_SCBCLK__DIV_ID << HPI_IF_SCBCLK_CMD_DIV_SHIFT)|
 314              		.loc 1 47 0
 315 0010 014B     		ldr	r3, .L5
  50:Generated_Source\PSoC4/HPI_IF_SCBCLK.c ****         (uint32)HPI_IF_SCBCLK_CMD_ENABLE_MASK;
  51:Generated_Source\PSoC4/HPI_IF_SCBCLK.c **** }
 316              		.loc 1 51 0
 317              		@ sp needed
  47:Generated_Source\PSoC4/HPI_IF_SCBCLK.c ****         ((uint32)HPI_IF_SCBCLK__DIV_ID << HPI_IF_SCBCLK_CMD_DIV_SHIFT)|
 318              		.loc 1 47 0
 319 0012 1860     		str	r0, [r3]
 320              		.loc 1 51 0
 321 0014 7047     		bx	lr
 322              	.L6:
 323 0016 C046     		.align	2
 324              	.L5:
 325 0018 00000140 		.word	1073807360
 326              		.cfi_endproc
 327              	.LFE0:
 328              		.size	HPI_IF_SCBCLK_StartEx, .-HPI_IF_SCBCLK_StartEx
 329              		.section	.text.HPI_IF_SCBCLK_Stop,"ax",%progbits
 330              		.align	1
 331              		.global	HPI_IF_SCBCLK_Stop
 332              		.code	16
 333              		.thumb_func
 334              		.type	HPI_IF_SCBCLK_Stop, %function
 335              	HPI_IF_SCBCLK_Stop:
 336              	.LFB1:
  52:Generated_Source\PSoC4/HPI_IF_SCBCLK.c **** 
  53:Generated_Source\PSoC4/HPI_IF_SCBCLK.c **** #else
  54:Generated_Source\PSoC4/HPI_IF_SCBCLK.c **** 
  55:Generated_Source\PSoC4/HPI_IF_SCBCLK.c **** /*******************************************************************************
  56:Generated_Source\PSoC4/HPI_IF_SCBCLK.c **** * Function Name: HPI_IF_SCBCLK_Start
  57:Generated_Source\PSoC4/HPI_IF_SCBCLK.c **** ********************************************************************************
  58:Generated_Source\PSoC4/HPI_IF_SCBCLK.c **** *
  59:Generated_Source\PSoC4/HPI_IF_SCBCLK.c **** * Summary:
  60:Generated_Source\PSoC4/HPI_IF_SCBCLK.c **** *  Starts the clock.
  61:Generated_Source\PSoC4/HPI_IF_SCBCLK.c **** *
  62:Generated_Source\PSoC4/HPI_IF_SCBCLK.c **** * Parameters:
  63:Generated_Source\PSoC4/HPI_IF_SCBCLK.c **** *  None
  64:Generated_Source\PSoC4/HPI_IF_SCBCLK.c **** *
  65:Generated_Source\PSoC4/HPI_IF_SCBCLK.c **** * Returns:
  66:Generated_Source\PSoC4/HPI_IF_SCBCLK.c **** *  None
  67:Generated_Source\PSoC4/HPI_IF_SCBCLK.c **** *
  68:Generated_Source\PSoC4/HPI_IF_SCBCLK.c **** *******************************************************************************/
  69:Generated_Source\PSoC4/HPI_IF_SCBCLK.c **** 
  70:Generated_Source\PSoC4/HPI_IF_SCBCLK.c **** void HPI_IF_SCBCLK_Start(void)
  71:Generated_Source\PSoC4/HPI_IF_SCBCLK.c **** {
  72:Generated_Source\PSoC4/HPI_IF_SCBCLK.c ****     /* Set the bit to enable the clock. */
  73:Generated_Source\PSoC4/HPI_IF_SCBCLK.c ****     HPI_IF_SCBCLK_ENABLE_REG |= HPI_IF_SCBCLK__ENABLE_MASK;
  74:Generated_Source\PSoC4/HPI_IF_SCBCLK.c **** }
  75:Generated_Source\PSoC4/HPI_IF_SCBCLK.c **** 
  76:Generated_Source\PSoC4/HPI_IF_SCBCLK.c **** #endif /* CYREG_PERI_DIV_CMD */
  77:Generated_Source\PSoC4/HPI_IF_SCBCLK.c **** 
  78:Generated_Source\PSoC4/HPI_IF_SCBCLK.c **** 
  79:Generated_Source\PSoC4/HPI_IF_SCBCLK.c **** /*******************************************************************************
  80:Generated_Source\PSoC4/HPI_IF_SCBCLK.c **** * Function Name: HPI_IF_SCBCLK_Stop
ARM GAS  e:\temp\ccefivNn.s 			page 22


  81:Generated_Source\PSoC4/HPI_IF_SCBCLK.c **** ********************************************************************************
  82:Generated_Source\PSoC4/HPI_IF_SCBCLK.c **** *
  83:Generated_Source\PSoC4/HPI_IF_SCBCLK.c **** * Summary:
  84:Generated_Source\PSoC4/HPI_IF_SCBCLK.c **** *  Stops the clock and returns immediately. This API does not require the
  85:Generated_Source\PSoC4/HPI_IF_SCBCLK.c **** *  source clock to be running but may return before the hardware is actually
  86:Generated_Source\PSoC4/HPI_IF_SCBCLK.c **** *  disabled.
  87:Generated_Source\PSoC4/HPI_IF_SCBCLK.c **** *
  88:Generated_Source\PSoC4/HPI_IF_SCBCLK.c **** * Parameters:
  89:Generated_Source\PSoC4/HPI_IF_SCBCLK.c **** *  None
  90:Generated_Source\PSoC4/HPI_IF_SCBCLK.c **** *
  91:Generated_Source\PSoC4/HPI_IF_SCBCLK.c **** * Returns:
  92:Generated_Source\PSoC4/HPI_IF_SCBCLK.c **** *  None
  93:Generated_Source\PSoC4/HPI_IF_SCBCLK.c **** *
  94:Generated_Source\PSoC4/HPI_IF_SCBCLK.c **** *******************************************************************************/
  95:Generated_Source\PSoC4/HPI_IF_SCBCLK.c **** void HPI_IF_SCBCLK_Stop(void)
  96:Generated_Source\PSoC4/HPI_IF_SCBCLK.c **** {
 337              		.loc 1 96 0
 338              		.cfi_startproc
 339              		@ args = 0, pretend = 0, frame = 0
 340              		@ frame_needed = 0, uses_anonymous_args = 0
 341              		@ link register save eliminated.
  97:Generated_Source\PSoC4/HPI_IF_SCBCLK.c **** #if defined CYREG_PERI_DIV_CMD
  98:Generated_Source\PSoC4/HPI_IF_SCBCLK.c **** 
  99:Generated_Source\PSoC4/HPI_IF_SCBCLK.c ****     /* Make sure any previous start command has finished. */
 100:Generated_Source\PSoC4/HPI_IF_SCBCLK.c ****     while((HPI_IF_SCBCLK_CMD_REG & HPI_IF_SCBCLK_CMD_ENABLE_MASK) != 0u)
 342              		.loc 1 100 0
 343 0000 044A     		ldr	r2, .L10
 344              	.L8:
 345              		.loc 1 100 0 is_stmt 0 discriminator 1
 346 0002 1368     		ldr	r3, [r2]
 347 0004 002B     		cmp	r3, #0
 348 0006 FCDB     		blt	.L8
 101:Generated_Source\PSoC4/HPI_IF_SCBCLK.c ****     {
 102:Generated_Source\PSoC4/HPI_IF_SCBCLK.c ****     }
 103:Generated_Source\PSoC4/HPI_IF_SCBCLK.c ****     
 104:Generated_Source\PSoC4/HPI_IF_SCBCLK.c ****     /* Specify the target divider and it's alignment divider, and disable. */
 105:Generated_Source\PSoC4/HPI_IF_SCBCLK.c ****     HPI_IF_SCBCLK_CMD_REG =
 349              		.loc 1 105 0 is_stmt 1
 350 0008 8022     		movs	r2, #128
 351 000a 024B     		ldr	r3, .L10
 352 000c D205     		lsls	r2, r2, #23
 353 000e 1A60     		str	r2, [r3]
 106:Generated_Source\PSoC4/HPI_IF_SCBCLK.c ****         ((uint32)HPI_IF_SCBCLK__DIV_ID << HPI_IF_SCBCLK_CMD_DIV_SHIFT)|
 107:Generated_Source\PSoC4/HPI_IF_SCBCLK.c ****         ((uint32)HPI_IF_SCBCLK_CMD_DISABLE_MASK);
 108:Generated_Source\PSoC4/HPI_IF_SCBCLK.c **** 
 109:Generated_Source\PSoC4/HPI_IF_SCBCLK.c **** #else
 110:Generated_Source\PSoC4/HPI_IF_SCBCLK.c **** 
 111:Generated_Source\PSoC4/HPI_IF_SCBCLK.c ****     /* Clear the bit to disable the clock. */
 112:Generated_Source\PSoC4/HPI_IF_SCBCLK.c ****     HPI_IF_SCBCLK_ENABLE_REG &= (uint32)(~HPI_IF_SCBCLK__ENABLE_MASK);
 113:Generated_Source\PSoC4/HPI_IF_SCBCLK.c ****     
 114:Generated_Source\PSoC4/HPI_IF_SCBCLK.c **** #endif /* CYREG_PERI_DIV_CMD */
 115:Generated_Source\PSoC4/HPI_IF_SCBCLK.c **** }
 354              		.loc 1 115 0
 355              		@ sp needed
 356 0010 7047     		bx	lr
 357              	.L11:
 358 0012 C046     		.align	2
ARM GAS  e:\temp\ccefivNn.s 			page 23


 359              	.L10:
 360 0014 00000140 		.word	1073807360
 361              		.cfi_endproc
 362              	.LFE1:
 363              		.size	HPI_IF_SCBCLK_Stop, .-HPI_IF_SCBCLK_Stop
 364              		.section	.text.HPI_IF_SCBCLK_SetFractionalDividerRegister,"ax",%progbits
 365              		.align	1
 366              		.global	HPI_IF_SCBCLK_SetFractionalDividerRegister
 367              		.code	16
 368              		.thumb_func
 369              		.type	HPI_IF_SCBCLK_SetFractionalDividerRegister, %function
 370              	HPI_IF_SCBCLK_SetFractionalDividerRegister:
 371              	.LFB2:
 116:Generated_Source\PSoC4/HPI_IF_SCBCLK.c **** 
 117:Generated_Source\PSoC4/HPI_IF_SCBCLK.c **** 
 118:Generated_Source\PSoC4/HPI_IF_SCBCLK.c **** /*******************************************************************************
 119:Generated_Source\PSoC4/HPI_IF_SCBCLK.c **** * Function Name: HPI_IF_SCBCLK_SetFractionalDividerRegister
 120:Generated_Source\PSoC4/HPI_IF_SCBCLK.c **** ********************************************************************************
 121:Generated_Source\PSoC4/HPI_IF_SCBCLK.c **** *
 122:Generated_Source\PSoC4/HPI_IF_SCBCLK.c **** * Summary:
 123:Generated_Source\PSoC4/HPI_IF_SCBCLK.c **** *  Modifies the clock divider and the fractional divider.
 124:Generated_Source\PSoC4/HPI_IF_SCBCLK.c **** *
 125:Generated_Source\PSoC4/HPI_IF_SCBCLK.c **** * Parameters:
 126:Generated_Source\PSoC4/HPI_IF_SCBCLK.c **** *  clkDivider:  Divider register value (0-65535). This value is NOT the
 127:Generated_Source\PSoC4/HPI_IF_SCBCLK.c **** *    divider; the clock hardware divides by clkDivider plus one. For example,
 128:Generated_Source\PSoC4/HPI_IF_SCBCLK.c **** *    to divide the clock by 2, this parameter should be set to 1.
 129:Generated_Source\PSoC4/HPI_IF_SCBCLK.c **** *  fracDivider:  Fractional Divider register value (0-31).
 130:Generated_Source\PSoC4/HPI_IF_SCBCLK.c **** * Returns:
 131:Generated_Source\PSoC4/HPI_IF_SCBCLK.c **** *  None
 132:Generated_Source\PSoC4/HPI_IF_SCBCLK.c **** *
 133:Generated_Source\PSoC4/HPI_IF_SCBCLK.c **** *******************************************************************************/
 134:Generated_Source\PSoC4/HPI_IF_SCBCLK.c **** void HPI_IF_SCBCLK_SetFractionalDividerRegister(uint16 clkDivider, uint8 clkFractional)
 135:Generated_Source\PSoC4/HPI_IF_SCBCLK.c **** {
 372              		.loc 1 135 0
 373              		.cfi_startproc
 374              		@ args = 0, pretend = 0, frame = 0
 375              		@ frame_needed = 0, uses_anonymous_args = 0
 376              	.LVL2:
 136:Generated_Source\PSoC4/HPI_IF_SCBCLK.c ****     uint32 maskVal;
 137:Generated_Source\PSoC4/HPI_IF_SCBCLK.c ****     uint32 regVal;
 138:Generated_Source\PSoC4/HPI_IF_SCBCLK.c ****     
 139:Generated_Source\PSoC4/HPI_IF_SCBCLK.c **** #if defined (HPI_IF_SCBCLK__FRAC_MASK) || defined (CYREG_PERI_DIV_CMD)
 140:Generated_Source\PSoC4/HPI_IF_SCBCLK.c ****     
 141:Generated_Source\PSoC4/HPI_IF_SCBCLK.c **** 	/* get all but divider bits */
 142:Generated_Source\PSoC4/HPI_IF_SCBCLK.c ****     maskVal = HPI_IF_SCBCLK_DIV_REG & 
 143:Generated_Source\PSoC4/HPI_IF_SCBCLK.c ****                     (uint32)(~(uint32)(HPI_IF_SCBCLK_DIV_INT_MASK | HPI_IF_SCBCLK_DIV_FRAC_MASK)); 
 144:Generated_Source\PSoC4/HPI_IF_SCBCLK.c **** 	/* combine mask and new divider vals into 32-bit value */
 145:Generated_Source\PSoC4/HPI_IF_SCBCLK.c ****     regVal = maskVal |
 377              		.loc 1 145 0
 378 0000 FF22     		movs	r2, #255
 379 0002 C900     		lsls	r1, r1, #3
 380              	.LVL3:
 381 0004 1140     		ands	r1, r2
 382 0006 0202     		lsls	r2, r0, #8
 383 0008 1143     		orrs	r1, r2
 384 000a 0723     		movs	r3, #7
 385 000c 0800     		movs	r0, r1
ARM GAS  e:\temp\ccefivNn.s 			page 24


 386              	.LVL4:
 135:Generated_Source\PSoC4/HPI_IF_SCBCLK.c ****     uint32 maskVal;
 387              		.loc 1 135 0
 388 000e 30B5     		push	{r4, r5, lr}
 389              		.cfi_def_cfa_offset 12
 390              		.cfi_offset 4, -12
 391              		.cfi_offset 5, -8
 392              		.cfi_offset 14, -4
 142:Generated_Source\PSoC4/HPI_IF_SCBCLK.c ****                     (uint32)(~(uint32)(HPI_IF_SCBCLK_DIV_INT_MASK | HPI_IF_SCBCLK_DIV_FRAC_MASK)); 
 393              		.loc 1 142 0
 394 0010 024C     		ldr	r4, .L13
 146:Generated_Source\PSoC4/HPI_IF_SCBCLK.c ****         ((uint32)((uint32)clkDivider <<  HPI_IF_SCBCLK_DIV_INT_SHIFT) & HPI_IF_SCBCLK_DIV_INT_MASK)
 147:Generated_Source\PSoC4/HPI_IF_SCBCLK.c ****         ((uint32)((uint32)clkFractional << HPI_IF_SCBCLK_DIV_FRAC_SHIFT) & HPI_IF_SCBCLK_DIV_FRAC_M
 148:Generated_Source\PSoC4/HPI_IF_SCBCLK.c ****     
 149:Generated_Source\PSoC4/HPI_IF_SCBCLK.c **** #else
 150:Generated_Source\PSoC4/HPI_IF_SCBCLK.c ****     /* get all but integer divider bits */
 151:Generated_Source\PSoC4/HPI_IF_SCBCLK.c ****     maskVal = HPI_IF_SCBCLK_DIV_REG & (uint32)(~(uint32)HPI_IF_SCBCLK__DIVIDER_MASK);
 152:Generated_Source\PSoC4/HPI_IF_SCBCLK.c ****     /* combine mask and new divider val into 32-bit value */
 153:Generated_Source\PSoC4/HPI_IF_SCBCLK.c ****     regVal = clkDivider | maskVal;
 154:Generated_Source\PSoC4/HPI_IF_SCBCLK.c ****     
 155:Generated_Source\PSoC4/HPI_IF_SCBCLK.c **** #endif /* HPI_IF_SCBCLK__FRAC_MASK || CYREG_PERI_DIV_CMD */
 156:Generated_Source\PSoC4/HPI_IF_SCBCLK.c **** 
 157:Generated_Source\PSoC4/HPI_IF_SCBCLK.c ****     HPI_IF_SCBCLK_DIV_REG = regVal;
 158:Generated_Source\PSoC4/HPI_IF_SCBCLK.c **** }
 395              		.loc 1 158 0
 396              		@ sp needed
 142:Generated_Source\PSoC4/HPI_IF_SCBCLK.c ****                     (uint32)(~(uint32)(HPI_IF_SCBCLK_DIV_INT_MASK | HPI_IF_SCBCLK_DIV_FRAC_MASK)); 
 397              		.loc 1 142 0
 398 0012 2568     		ldr	r5, [r4]
 399              	.LVL5:
 145:Generated_Source\PSoC4/HPI_IF_SCBCLK.c ****         ((uint32)((uint32)clkDivider <<  HPI_IF_SCBCLK_DIV_INT_SHIFT) & HPI_IF_SCBCLK_DIV_INT_MASK)
 400              		.loc 1 145 0
 401 0014 2B40     		ands	r3, r5
 402              	.LVL6:
 403 0016 1843     		orrs	r0, r3
 404              	.LVL7:
 157:Generated_Source\PSoC4/HPI_IF_SCBCLK.c **** }
 405              		.loc 1 157 0
 406 0018 2060     		str	r0, [r4]
 407              		.loc 1 158 0
 408 001a 30BD     		pop	{r4, r5, pc}
 409              	.L14:
 410              		.align	2
 411              	.L13:
 412 001c 00020140 		.word	1073807872
 413              		.cfi_endproc
 414              	.LFE2:
 415              		.size	HPI_IF_SCBCLK_SetFractionalDividerRegister, .-HPI_IF_SCBCLK_SetFractionalDividerRegister
 416              		.section	.text.HPI_IF_SCBCLK_GetDividerRegister,"ax",%progbits
 417              		.align	1
 418              		.global	HPI_IF_SCBCLK_GetDividerRegister
 419              		.code	16
 420              		.thumb_func
 421              		.type	HPI_IF_SCBCLK_GetDividerRegister, %function
 422              	HPI_IF_SCBCLK_GetDividerRegister:
 423              	.LFB3:
 159:Generated_Source\PSoC4/HPI_IF_SCBCLK.c **** 
ARM GAS  e:\temp\ccefivNn.s 			page 25


 160:Generated_Source\PSoC4/HPI_IF_SCBCLK.c **** 
 161:Generated_Source\PSoC4/HPI_IF_SCBCLK.c **** /*******************************************************************************
 162:Generated_Source\PSoC4/HPI_IF_SCBCLK.c **** * Function Name: HPI_IF_SCBCLK_GetDividerRegister
 163:Generated_Source\PSoC4/HPI_IF_SCBCLK.c **** ********************************************************************************
 164:Generated_Source\PSoC4/HPI_IF_SCBCLK.c **** *
 165:Generated_Source\PSoC4/HPI_IF_SCBCLK.c **** * Summary:
 166:Generated_Source\PSoC4/HPI_IF_SCBCLK.c **** *  Gets the clock divider register value.
 167:Generated_Source\PSoC4/HPI_IF_SCBCLK.c **** *
 168:Generated_Source\PSoC4/HPI_IF_SCBCLK.c **** * Parameters:
 169:Generated_Source\PSoC4/HPI_IF_SCBCLK.c **** *  None
 170:Generated_Source\PSoC4/HPI_IF_SCBCLK.c **** *
 171:Generated_Source\PSoC4/HPI_IF_SCBCLK.c **** * Returns:
 172:Generated_Source\PSoC4/HPI_IF_SCBCLK.c **** *  Divide value of the clock minus 1. For example, if the clock is set to
 173:Generated_Source\PSoC4/HPI_IF_SCBCLK.c **** *  divide by 2, the return value will be 1.
 174:Generated_Source\PSoC4/HPI_IF_SCBCLK.c **** *
 175:Generated_Source\PSoC4/HPI_IF_SCBCLK.c **** *******************************************************************************/
 176:Generated_Source\PSoC4/HPI_IF_SCBCLK.c **** uint16 HPI_IF_SCBCLK_GetDividerRegister(void)
 177:Generated_Source\PSoC4/HPI_IF_SCBCLK.c **** {
 424              		.loc 1 177 0
 425              		.cfi_startproc
 426              		@ args = 0, pretend = 0, frame = 0
 427              		@ frame_needed = 0, uses_anonymous_args = 0
 428              		@ link register save eliminated.
 178:Generated_Source\PSoC4/HPI_IF_SCBCLK.c ****     return (uint16)((HPI_IF_SCBCLK_DIV_REG & HPI_IF_SCBCLK_DIV_INT_MASK)
 429              		.loc 1 178 0
 430 0000 024B     		ldr	r3, .L16
 179:Generated_Source\PSoC4/HPI_IF_SCBCLK.c ****         >> HPI_IF_SCBCLK_DIV_INT_SHIFT);
 180:Generated_Source\PSoC4/HPI_IF_SCBCLK.c **** }
 431              		.loc 1 180 0
 432              		@ sp needed
 178:Generated_Source\PSoC4/HPI_IF_SCBCLK.c ****     return (uint16)((HPI_IF_SCBCLK_DIV_REG & HPI_IF_SCBCLK_DIV_INT_MASK)
 433              		.loc 1 178 0
 434 0002 1868     		ldr	r0, [r3]
 435 0004 000A     		lsrs	r0, r0, #8
 436 0006 80B2     		uxth	r0, r0
 437              		.loc 1 180 0
 438 0008 7047     		bx	lr
 439              	.L17:
 440 000a C046     		.align	2
 441              	.L16:
 442 000c 00020140 		.word	1073807872
 443              		.cfi_endproc
 444              	.LFE3:
 445              		.size	HPI_IF_SCBCLK_GetDividerRegister, .-HPI_IF_SCBCLK_GetDividerRegister
 446              		.section	.text.HPI_IF_SCBCLK_GetFractionalDividerRegister,"ax",%progbits
 447              		.align	1
 448              		.global	HPI_IF_SCBCLK_GetFractionalDividerRegister
 449              		.code	16
 450              		.thumb_func
 451              		.type	HPI_IF_SCBCLK_GetFractionalDividerRegister, %function
 452              	HPI_IF_SCBCLK_GetFractionalDividerRegister:
 453              	.LFB4:
 181:Generated_Source\PSoC4/HPI_IF_SCBCLK.c **** 
 182:Generated_Source\PSoC4/HPI_IF_SCBCLK.c **** 
 183:Generated_Source\PSoC4/HPI_IF_SCBCLK.c **** /*******************************************************************************
 184:Generated_Source\PSoC4/HPI_IF_SCBCLK.c **** * Function Name: HPI_IF_SCBCLK_GetFractionalDividerRegister
 185:Generated_Source\PSoC4/HPI_IF_SCBCLK.c **** ********************************************************************************
ARM GAS  e:\temp\ccefivNn.s 			page 26


 186:Generated_Source\PSoC4/HPI_IF_SCBCLK.c **** *
 187:Generated_Source\PSoC4/HPI_IF_SCBCLK.c **** * Summary:
 188:Generated_Source\PSoC4/HPI_IF_SCBCLK.c **** *  Gets the clock fractional divider register value.
 189:Generated_Source\PSoC4/HPI_IF_SCBCLK.c **** *
 190:Generated_Source\PSoC4/HPI_IF_SCBCLK.c **** * Parameters:
 191:Generated_Source\PSoC4/HPI_IF_SCBCLK.c **** *  None
 192:Generated_Source\PSoC4/HPI_IF_SCBCLK.c **** *
 193:Generated_Source\PSoC4/HPI_IF_SCBCLK.c **** * Returns:
 194:Generated_Source\PSoC4/HPI_IF_SCBCLK.c **** *  Fractional Divide value of the clock
 195:Generated_Source\PSoC4/HPI_IF_SCBCLK.c **** *  0 if the fractional divider is not in use.
 196:Generated_Source\PSoC4/HPI_IF_SCBCLK.c **** *
 197:Generated_Source\PSoC4/HPI_IF_SCBCLK.c **** *******************************************************************************/
 198:Generated_Source\PSoC4/HPI_IF_SCBCLK.c **** uint8 HPI_IF_SCBCLK_GetFractionalDividerRegister(void)
 199:Generated_Source\PSoC4/HPI_IF_SCBCLK.c **** {
 454              		.loc 1 199 0
 455              		.cfi_startproc
 456              		@ args = 0, pretend = 0, frame = 0
 457              		@ frame_needed = 0, uses_anonymous_args = 0
 458              		@ link register save eliminated.
 200:Generated_Source\PSoC4/HPI_IF_SCBCLK.c **** #if defined (HPI_IF_SCBCLK__FRAC_MASK)
 201:Generated_Source\PSoC4/HPI_IF_SCBCLK.c ****     /* return fractional divider bits */
 202:Generated_Source\PSoC4/HPI_IF_SCBCLK.c ****     return (uint8)((HPI_IF_SCBCLK_DIV_REG & HPI_IF_SCBCLK_DIV_FRAC_MASK)
 203:Generated_Source\PSoC4/HPI_IF_SCBCLK.c ****         >> HPI_IF_SCBCLK_DIV_FRAC_SHIFT);
 204:Generated_Source\PSoC4/HPI_IF_SCBCLK.c **** #else
 205:Generated_Source\PSoC4/HPI_IF_SCBCLK.c ****     return 0u;
 206:Generated_Source\PSoC4/HPI_IF_SCBCLK.c **** #endif /* HPI_IF_SCBCLK__FRAC_MASK */
 207:Generated_Source\PSoC4/HPI_IF_SCBCLK.c **** }
 459              		.loc 1 207 0
 460 0000 0020     		movs	r0, #0
 461              		@ sp needed
 462 0002 7047     		bx	lr
 463              		.cfi_endproc
 464              	.LFE4:
 465              		.size	HPI_IF_SCBCLK_GetFractionalDividerRegister, .-HPI_IF_SCBCLK_GetFractionalDividerRegister
 466              		.text
 467              	.Letext0:
 468              		.file 2 "Generated_Source\\PSoC4/cytypes.h"
 469              		.section	.debug_info,"",%progbits
 470              	.Ldebug_info0:
 471 0000 62010000 		.4byte	0x162
 472 0004 0400     		.2byte	0x4
 473 0006 00000000 		.4byte	.Ldebug_abbrev0
 474 000a 04       		.byte	0x4
 475 000b 01       		.uleb128 0x1
 476 000c 50010000 		.4byte	.LASF25
 477 0010 0C       		.byte	0xc
 478 0011 40020000 		.4byte	.LASF26
 479 0015 24000000 		.4byte	.LASF27
 480 0019 00000000 		.4byte	.Ldebug_ranges0+0
 481 001d 00000000 		.4byte	0
 482 0021 00000000 		.4byte	.Ldebug_line0
 483 0025 02       		.uleb128 0x2
 484 0026 01       		.byte	0x1
 485 0027 06       		.byte	0x6
 486 0028 D6020000 		.4byte	.LASF0
 487 002c 02       		.uleb128 0x2
 488 002d 01       		.byte	0x1
ARM GAS  e:\temp\ccefivNn.s 			page 27


 489 002e 08       		.byte	0x8
 490 002f A5000000 		.4byte	.LASF1
 491 0033 02       		.uleb128 0x2
 492 0034 02       		.byte	0x2
 493 0035 05       		.byte	0x5
 494 0036 67020000 		.4byte	.LASF2
 495 003a 02       		.uleb128 0x2
 496 003b 02       		.byte	0x2
 497 003c 07       		.byte	0x7
 498 003d C5000000 		.4byte	.LASF3
 499 0041 02       		.uleb128 0x2
 500 0042 04       		.byte	0x4
 501 0043 05       		.byte	0x5
 502 0044 CD020000 		.4byte	.LASF4
 503 0048 02       		.uleb128 0x2
 504 0049 04       		.byte	0x4
 505 004a 07       		.byte	0x7
 506 004b B3000000 		.4byte	.LASF5
 507 004f 02       		.uleb128 0x2
 508 0050 08       		.byte	0x8
 509 0051 05       		.byte	0x5
 510 0052 2D020000 		.4byte	.LASF6
 511 0056 02       		.uleb128 0x2
 512 0057 08       		.byte	0x8
 513 0058 07       		.byte	0x7
 514 0059 39010000 		.4byte	.LASF7
 515 005d 03       		.uleb128 0x3
 516 005e 04       		.byte	0x4
 517 005f 05       		.byte	0x5
 518 0060 696E7400 		.ascii	"int\000"
 519 0064 02       		.uleb128 0x2
 520 0065 04       		.byte	0x4
 521 0066 07       		.byte	0x7
 522 0067 19010000 		.4byte	.LASF8
 523 006b 04       		.uleb128 0x4
 524 006c 71020000 		.4byte	.LASF9
 525 0070 02       		.byte	0x2
 526 0071 E401     		.2byte	0x1e4
 527 0073 2C000000 		.4byte	0x2c
 528 0077 04       		.uleb128 0x4
 529 0078 0B010000 		.4byte	.LASF10
 530 007c 02       		.byte	0x2
 531 007d E501     		.2byte	0x1e5
 532 007f 3A000000 		.4byte	0x3a
 533 0083 04       		.uleb128 0x4
 534 0084 12010000 		.4byte	.LASF11
 535 0088 02       		.byte	0x2
 536 0089 E601     		.2byte	0x1e6
 537 008b 48000000 		.4byte	0x48
 538 008f 02       		.uleb128 0x2
 539 0090 04       		.byte	0x4
 540 0091 04       		.byte	0x4
 541 0092 9F000000 		.4byte	.LASF12
 542 0096 02       		.uleb128 0x2
 543 0097 08       		.byte	0x8
 544 0098 04       		.byte	0x4
 545 0099 E3000000 		.4byte	.LASF13
ARM GAS  e:\temp\ccefivNn.s 			page 28


 546 009d 02       		.uleb128 0x2
 547 009e 01       		.byte	0x1
 548 009f 08       		.byte	0x8
 549 00a0 3B020000 		.4byte	.LASF14
 550 00a4 04       		.uleb128 0x4
 551 00a5 00000000 		.4byte	.LASF15
 552 00a9 02       		.byte	0x2
 553 00aa 9002     		.2byte	0x290
 554 00ac B0000000 		.4byte	0xb0
 555 00b0 05       		.uleb128 0x5
 556 00b1 83000000 		.4byte	0x83
 557 00b5 06       		.uleb128 0x6
 558 00b6 0E000000 		.4byte	.LASF16
 559 00ba 01       		.byte	0x1
 560 00bb 27       		.byte	0x27
 561 00bc 00000000 		.4byte	.LFB0
 562 00c0 1C000000 		.4byte	.LFE0-.LFB0
 563 00c4 01       		.uleb128 0x1
 564 00c5 9C       		.byte	0x9c
 565 00c6 DA000000 		.4byte	0xda
 566 00ca 07       		.uleb128 0x7
 567 00cb F1000000 		.4byte	.LASF18
 568 00cf 01       		.byte	0x1
 569 00d0 27       		.byte	0x27
 570 00d1 83000000 		.4byte	0x83
 571 00d5 00000000 		.4byte	.LLST0
 572 00d9 00       		.byte	0
 573 00da 08       		.uleb128 0x8
 574 00db 26010000 		.4byte	.LASF28
 575 00df 01       		.byte	0x1
 576 00e0 5F       		.byte	0x5f
 577 00e1 00000000 		.4byte	.LFB1
 578 00e5 18000000 		.4byte	.LFE1-.LFB1
 579 00e9 01       		.uleb128 0x1
 580 00ea 9C       		.byte	0x9c
 581 00eb 06       		.uleb128 0x6
 582 00ec 77020000 		.4byte	.LASF17
 583 00f0 01       		.byte	0x1
 584 00f1 86       		.byte	0x86
 585 00f2 00000000 		.4byte	.LFB2
 586 00f6 20000000 		.4byte	.LFE2-.LFB2
 587 00fa 01       		.uleb128 0x1
 588 00fb 9C       		.byte	0x9c
 589 00fc 3B010000 		.4byte	0x13b
 590 0100 07       		.uleb128 0x7
 591 0101 D8000000 		.4byte	.LASF19
 592 0105 01       		.byte	0x1
 593 0106 86       		.byte	0x86
 594 0107 77000000 		.4byte	0x77
 595 010b 21000000 		.4byte	.LLST1
 596 010f 07       		.uleb128 0x7
 597 0110 FD000000 		.4byte	.LASF20
 598 0114 01       		.byte	0x1
 599 0115 86       		.byte	0x86
 600 0116 6B000000 		.4byte	0x6b
 601 011a 42000000 		.4byte	.LLST2
 602 011e 09       		.uleb128 0x9
ARM GAS  e:\temp\ccefivNn.s 			page 29


 603 011f 06000000 		.4byte	.LASF21
 604 0123 01       		.byte	0x1
 605 0124 88       		.byte	0x88
 606 0125 83000000 		.4byte	0x83
 607 0129 63000000 		.4byte	.LLST3
 608 012d 0A       		.uleb128 0xa
 609 012e EA000000 		.4byte	.LASF22
 610 0132 01       		.byte	0x1
 611 0133 89       		.byte	0x89
 612 0134 83000000 		.4byte	0x83
 613 0138 01       		.uleb128 0x1
 614 0139 50       		.byte	0x50
 615 013a 00       		.byte	0
 616 013b 0B       		.uleb128 0xb
 617 013c 0C020000 		.4byte	.LASF23
 618 0140 01       		.byte	0x1
 619 0141 B0       		.byte	0xb0
 620 0142 77000000 		.4byte	0x77
 621 0146 00000000 		.4byte	.LFB3
 622 014a 10000000 		.4byte	.LFE3-.LFB3
 623 014e 01       		.uleb128 0x1
 624 014f 9C       		.byte	0x9c
 625 0150 0B       		.uleb128 0xb
 626 0151 A2020000 		.4byte	.LASF24
 627 0155 01       		.byte	0x1
 628 0156 C6       		.byte	0xc6
 629 0157 6B000000 		.4byte	0x6b
 630 015b 00000000 		.4byte	.LFB4
 631 015f 04000000 		.4byte	.LFE4-.LFB4
 632 0163 01       		.uleb128 0x1
 633 0164 9C       		.byte	0x9c
 634 0165 00       		.byte	0
 635              		.section	.debug_abbrev,"",%progbits
 636              	.Ldebug_abbrev0:
 637 0000 01       		.uleb128 0x1
 638 0001 11       		.uleb128 0x11
 639 0002 01       		.byte	0x1
 640 0003 25       		.uleb128 0x25
 641 0004 0E       		.uleb128 0xe
 642 0005 13       		.uleb128 0x13
 643 0006 0B       		.uleb128 0xb
 644 0007 03       		.uleb128 0x3
 645 0008 0E       		.uleb128 0xe
 646 0009 1B       		.uleb128 0x1b
 647 000a 0E       		.uleb128 0xe
 648 000b 55       		.uleb128 0x55
 649 000c 17       		.uleb128 0x17
 650 000d 11       		.uleb128 0x11
 651 000e 01       		.uleb128 0x1
 652 000f 10       		.uleb128 0x10
 653 0010 17       		.uleb128 0x17
 654 0011 00       		.byte	0
 655 0012 00       		.byte	0
 656 0013 02       		.uleb128 0x2
 657 0014 24       		.uleb128 0x24
 658 0015 00       		.byte	0
 659 0016 0B       		.uleb128 0xb
ARM GAS  e:\temp\ccefivNn.s 			page 30


 660 0017 0B       		.uleb128 0xb
 661 0018 3E       		.uleb128 0x3e
 662 0019 0B       		.uleb128 0xb
 663 001a 03       		.uleb128 0x3
 664 001b 0E       		.uleb128 0xe
 665 001c 00       		.byte	0
 666 001d 00       		.byte	0
 667 001e 03       		.uleb128 0x3
 668 001f 24       		.uleb128 0x24
 669 0020 00       		.byte	0
 670 0021 0B       		.uleb128 0xb
 671 0022 0B       		.uleb128 0xb
 672 0023 3E       		.uleb128 0x3e
 673 0024 0B       		.uleb128 0xb
 674 0025 03       		.uleb128 0x3
 675 0026 08       		.uleb128 0x8
 676 0027 00       		.byte	0
 677 0028 00       		.byte	0
 678 0029 04       		.uleb128 0x4
 679 002a 16       		.uleb128 0x16
 680 002b 00       		.byte	0
 681 002c 03       		.uleb128 0x3
 682 002d 0E       		.uleb128 0xe
 683 002e 3A       		.uleb128 0x3a
 684 002f 0B       		.uleb128 0xb
 685 0030 3B       		.uleb128 0x3b
 686 0031 05       		.uleb128 0x5
 687 0032 49       		.uleb128 0x49
 688 0033 13       		.uleb128 0x13
 689 0034 00       		.byte	0
 690 0035 00       		.byte	0
 691 0036 05       		.uleb128 0x5
 692 0037 35       		.uleb128 0x35
 693 0038 00       		.byte	0
 694 0039 49       		.uleb128 0x49
 695 003a 13       		.uleb128 0x13
 696 003b 00       		.byte	0
 697 003c 00       		.byte	0
 698 003d 06       		.uleb128 0x6
 699 003e 2E       		.uleb128 0x2e
 700 003f 01       		.byte	0x1
 701 0040 3F       		.uleb128 0x3f
 702 0041 19       		.uleb128 0x19
 703 0042 03       		.uleb128 0x3
 704 0043 0E       		.uleb128 0xe
 705 0044 3A       		.uleb128 0x3a
 706 0045 0B       		.uleb128 0xb
 707 0046 3B       		.uleb128 0x3b
 708 0047 0B       		.uleb128 0xb
 709 0048 27       		.uleb128 0x27
 710 0049 19       		.uleb128 0x19
 711 004a 11       		.uleb128 0x11
 712 004b 01       		.uleb128 0x1
 713 004c 12       		.uleb128 0x12
 714 004d 06       		.uleb128 0x6
 715 004e 40       		.uleb128 0x40
 716 004f 18       		.uleb128 0x18
ARM GAS  e:\temp\ccefivNn.s 			page 31


 717 0050 9742     		.uleb128 0x2117
 718 0052 19       		.uleb128 0x19
 719 0053 01       		.uleb128 0x1
 720 0054 13       		.uleb128 0x13
 721 0055 00       		.byte	0
 722 0056 00       		.byte	0
 723 0057 07       		.uleb128 0x7
 724 0058 05       		.uleb128 0x5
 725 0059 00       		.byte	0
 726 005a 03       		.uleb128 0x3
 727 005b 0E       		.uleb128 0xe
 728 005c 3A       		.uleb128 0x3a
 729 005d 0B       		.uleb128 0xb
 730 005e 3B       		.uleb128 0x3b
 731 005f 0B       		.uleb128 0xb
 732 0060 49       		.uleb128 0x49
 733 0061 13       		.uleb128 0x13
 734 0062 02       		.uleb128 0x2
 735 0063 17       		.uleb128 0x17
 736 0064 00       		.byte	0
 737 0065 00       		.byte	0
 738 0066 08       		.uleb128 0x8
 739 0067 2E       		.uleb128 0x2e
 740 0068 00       		.byte	0
 741 0069 3F       		.uleb128 0x3f
 742 006a 19       		.uleb128 0x19
 743 006b 03       		.uleb128 0x3
 744 006c 0E       		.uleb128 0xe
 745 006d 3A       		.uleb128 0x3a
 746 006e 0B       		.uleb128 0xb
 747 006f 3B       		.uleb128 0x3b
 748 0070 0B       		.uleb128 0xb
 749 0071 27       		.uleb128 0x27
 750 0072 19       		.uleb128 0x19
 751 0073 11       		.uleb128 0x11
 752 0074 01       		.uleb128 0x1
 753 0075 12       		.uleb128 0x12
 754 0076 06       		.uleb128 0x6
 755 0077 40       		.uleb128 0x40
 756 0078 18       		.uleb128 0x18
 757 0079 9742     		.uleb128 0x2117
 758 007b 19       		.uleb128 0x19
 759 007c 00       		.byte	0
 760 007d 00       		.byte	0
 761 007e 09       		.uleb128 0x9
 762 007f 34       		.uleb128 0x34
 763 0080 00       		.byte	0
 764 0081 03       		.uleb128 0x3
 765 0082 0E       		.uleb128 0xe
 766 0083 3A       		.uleb128 0x3a
 767 0084 0B       		.uleb128 0xb
 768 0085 3B       		.uleb128 0x3b
 769 0086 0B       		.uleb128 0xb
 770 0087 49       		.uleb128 0x49
 771 0088 13       		.uleb128 0x13
 772 0089 02       		.uleb128 0x2
 773 008a 17       		.uleb128 0x17
ARM GAS  e:\temp\ccefivNn.s 			page 32


 774 008b 00       		.byte	0
 775 008c 00       		.byte	0
 776 008d 0A       		.uleb128 0xa
 777 008e 34       		.uleb128 0x34
 778 008f 00       		.byte	0
 779 0090 03       		.uleb128 0x3
 780 0091 0E       		.uleb128 0xe
 781 0092 3A       		.uleb128 0x3a
 782 0093 0B       		.uleb128 0xb
 783 0094 3B       		.uleb128 0x3b
 784 0095 0B       		.uleb128 0xb
 785 0096 49       		.uleb128 0x49
 786 0097 13       		.uleb128 0x13
 787 0098 02       		.uleb128 0x2
 788 0099 18       		.uleb128 0x18
 789 009a 00       		.byte	0
 790 009b 00       		.byte	0
 791 009c 0B       		.uleb128 0xb
 792 009d 2E       		.uleb128 0x2e
 793 009e 00       		.byte	0
 794 009f 3F       		.uleb128 0x3f
 795 00a0 19       		.uleb128 0x19
 796 00a1 03       		.uleb128 0x3
 797 00a2 0E       		.uleb128 0xe
 798 00a3 3A       		.uleb128 0x3a
 799 00a4 0B       		.uleb128 0xb
 800 00a5 3B       		.uleb128 0x3b
 801 00a6 0B       		.uleb128 0xb
 802 00a7 27       		.uleb128 0x27
 803 00a8 19       		.uleb128 0x19
 804 00a9 49       		.uleb128 0x49
 805 00aa 13       		.uleb128 0x13
 806 00ab 11       		.uleb128 0x11
 807 00ac 01       		.uleb128 0x1
 808 00ad 12       		.uleb128 0x12
 809 00ae 06       		.uleb128 0x6
 810 00af 40       		.uleb128 0x40
 811 00b0 18       		.uleb128 0x18
 812 00b1 9742     		.uleb128 0x2117
 813 00b3 19       		.uleb128 0x19
 814 00b4 00       		.byte	0
 815 00b5 00       		.byte	0
 816 00b6 00       		.byte	0
 817              		.section	.debug_loc,"",%progbits
 818              	.Ldebug_loc0:
 819              	.LLST0:
 820 0000 00000000 		.4byte	.LVL0
 821 0004 0C000000 		.4byte	.LVL1
 822 0008 0100     		.2byte	0x1
 823 000a 50       		.byte	0x50
 824 000b 0C000000 		.4byte	.LVL1
 825 000f 1C000000 		.4byte	.LFE0
 826 0013 0400     		.2byte	0x4
 827 0015 F3       		.byte	0xf3
 828 0016 01       		.uleb128 0x1
 829 0017 50       		.byte	0x50
 830 0018 9F       		.byte	0x9f
ARM GAS  e:\temp\ccefivNn.s 			page 33


 831 0019 00000000 		.4byte	0
 832 001d 00000000 		.4byte	0
 833              	.LLST1:
 834 0021 00000000 		.4byte	.LVL2
 835 0025 0E000000 		.4byte	.LVL4
 836 0029 0100     		.2byte	0x1
 837 002b 50       		.byte	0x50
 838 002c 0E000000 		.4byte	.LVL4
 839 0030 20000000 		.4byte	.LFE2
 840 0034 0400     		.2byte	0x4
 841 0036 F3       		.byte	0xf3
 842 0037 01       		.uleb128 0x1
 843 0038 50       		.byte	0x50
 844 0039 9F       		.byte	0x9f
 845 003a 00000000 		.4byte	0
 846 003e 00000000 		.4byte	0
 847              	.LLST2:
 848 0042 00000000 		.4byte	.LVL2
 849 0046 04000000 		.4byte	.LVL3
 850 004a 0100     		.2byte	0x1
 851 004c 51       		.byte	0x51
 852 004d 04000000 		.4byte	.LVL3
 853 0051 20000000 		.4byte	.LFE2
 854 0055 0400     		.2byte	0x4
 855 0057 F3       		.byte	0xf3
 856 0058 01       		.uleb128 0x1
 857 0059 51       		.byte	0x51
 858 005a 9F       		.byte	0x9f
 859 005b 00000000 		.4byte	0
 860 005f 00000000 		.4byte	0
 861              	.LLST3:
 862 0063 14000000 		.4byte	.LVL5
 863 0067 16000000 		.4byte	.LVL6
 864 006b 0500     		.2byte	0x5
 865 006d 75       		.byte	0x75
 866 006e 00       		.sleb128 0
 867 006f 37       		.byte	0x37
 868 0070 1A       		.byte	0x1a
 869 0071 9F       		.byte	0x9f
 870 0072 16000000 		.4byte	.LVL6
 871 0076 20000000 		.4byte	.LFE2
 872 007a 0100     		.2byte	0x1
 873 007c 53       		.byte	0x53
 874 007d 00000000 		.4byte	0
 875 0081 00000000 		.4byte	0
 876              		.section	.debug_aranges,"",%progbits
 877 0000 3C000000 		.4byte	0x3c
 878 0004 0200     		.2byte	0x2
 879 0006 00000000 		.4byte	.Ldebug_info0
 880 000a 04       		.byte	0x4
 881 000b 00       		.byte	0
 882 000c 0000     		.2byte	0
 883 000e 0000     		.2byte	0
 884 0010 00000000 		.4byte	.LFB0
 885 0014 1C000000 		.4byte	.LFE0-.LFB0
 886 0018 00000000 		.4byte	.LFB1
 887 001c 18000000 		.4byte	.LFE1-.LFB1
ARM GAS  e:\temp\ccefivNn.s 			page 34


 888 0020 00000000 		.4byte	.LFB2
 889 0024 20000000 		.4byte	.LFE2-.LFB2
 890 0028 00000000 		.4byte	.LFB3
 891 002c 10000000 		.4byte	.LFE3-.LFB3
 892 0030 00000000 		.4byte	.LFB4
 893 0034 04000000 		.4byte	.LFE4-.LFB4
 894 0038 00000000 		.4byte	0
 895 003c 00000000 		.4byte	0
 896              		.section	.debug_ranges,"",%progbits
 897              	.Ldebug_ranges0:
 898 0000 00000000 		.4byte	.LFB0
 899 0004 1C000000 		.4byte	.LFE0
 900 0008 00000000 		.4byte	.LFB1
 901 000c 18000000 		.4byte	.LFE1
 902 0010 00000000 		.4byte	.LFB2
 903 0014 20000000 		.4byte	.LFE2
 904 0018 00000000 		.4byte	.LFB3
 905 001c 10000000 		.4byte	.LFE3
 906 0020 00000000 		.4byte	.LFB4
 907 0024 04000000 		.4byte	.LFE4
 908 0028 00000000 		.4byte	0
 909 002c 00000000 		.4byte	0
 910              		.section	.debug_line,"",%progbits
 911              	.Ldebug_line0:
 912 0000 CF000000 		.section	.debug_str,"MS",%progbits,1
 912      02004A00 
 912      00000201 
 912      FB0E0D00 
 912      01010101 
 913              	.LASF15:
 914 0000 72656733 		.ascii	"reg32\000"
 914      3200
 915              	.LASF21:
 916 0006 6D61736B 		.ascii	"maskVal\000"
 916      56616C00 
 917              	.LASF16:
 918 000e 4850495F 		.ascii	"HPI_IF_SCBCLK_StartEx\000"
 918      49465F53 
 918      4342434C 
 918      4B5F5374 
 918      61727445 
 919              	.LASF27:
 920 0024 433A5C55 		.ascii	"C:\\Users\\Admin\\Desktop\\_FIRMWARE\\DBARLite\\CYP"
 920      73657273 
 920      5C41646D 
 920      696E5C44 
 920      65736B74 
 921 0051 44353232 		.ascii	"D5225\\CYPD5225-96BZXI_notebook\\CYPD5225-96BZXI_no"
 921      355C4359 
 921      50443532 
 921      32352D39 
 921      36425A58 
 922 0082 7465626F 		.ascii	"tebook.cydsn\\backup_fw.cydsn\000"
 922      6F6B2E63 
 922      7964736E 
 922      5C626163 
 922      6B75705F 
ARM GAS  e:\temp\ccefivNn.s 			page 35


 923              	.LASF12:
 924 009f 666C6F61 		.ascii	"float\000"
 924      7400
 925              	.LASF1:
 926 00a5 756E7369 		.ascii	"unsigned char\000"
 926      676E6564 
 926      20636861 
 926      7200
 927              	.LASF5:
 928 00b3 6C6F6E67 		.ascii	"long unsigned int\000"
 928      20756E73 
 928      69676E65 
 928      6420696E 
 928      7400
 929              	.LASF3:
 930 00c5 73686F72 		.ascii	"short unsigned int\000"
 930      7420756E 
 930      7369676E 
 930      65642069 
 930      6E7400
 931              	.LASF19:
 932 00d8 636C6B44 		.ascii	"clkDivider\000"
 932      69766964 
 932      657200
 933              	.LASF13:
 934 00e3 646F7562 		.ascii	"double\000"
 934      6C6500
 935              	.LASF22:
 936 00ea 72656756 		.ascii	"regVal\000"
 936      616C00
 937              	.LASF18:
 938 00f1 616C6967 		.ascii	"alignClkDiv\000"
 938      6E436C6B 
 938      44697600 
 939              	.LASF20:
 940 00fd 636C6B46 		.ascii	"clkFractional\000"
 940      72616374 
 940      696F6E61 
 940      6C00
 941              	.LASF10:
 942 010b 75696E74 		.ascii	"uint16\000"
 942      313600
 943              	.LASF11:
 944 0112 75696E74 		.ascii	"uint32\000"
 944      333200
 945              	.LASF8:
 946 0119 756E7369 		.ascii	"unsigned int\000"
 946      676E6564 
 946      20696E74 
 946      00
 947              	.LASF28:
 948 0126 4850495F 		.ascii	"HPI_IF_SCBCLK_Stop\000"
 948      49465F53 
 948      4342434C 
 948      4B5F5374 
 948      6F7000
 949              	.LASF7:
ARM GAS  e:\temp\ccefivNn.s 			page 36


 950 0139 6C6F6E67 		.ascii	"long long unsigned int\000"
 950      206C6F6E 
 950      6720756E 
 950      7369676E 
 950      65642069 
 951              	.LASF25:
 952 0150 474E5520 		.ascii	"GNU C11 5.4.1 20160609 (release) [ARM/embedded-5-br"
 952      43313120 
 952      352E342E 
 952      31203230 
 952      31363036 
 953 0183 616E6368 		.ascii	"anch revision 237715] -mcpu=cortex-m0 -mthumb -g -O"
 953      20726576 
 953      6973696F 
 953      6E203233 
 953      37373135 
 954 01b6 73202D66 		.ascii	"s -ffunction-sections -ffat-lto-objects -finline-fu"
 954      66756E63 
 954      74696F6E 
 954      2D736563 
 954      74696F6E 
 955 01e9 6E637469 		.ascii	"nctions -flto -fno-strict-aliasing\000"
 955      6F6E7320 
 955      2D666C74 
 955      6F202D66 
 955      6E6F2D73 
 956              	.LASF23:
 957 020c 4850495F 		.ascii	"HPI_IF_SCBCLK_GetDividerRegister\000"
 957      49465F53 
 957      4342434C 
 957      4B5F4765 
 957      74446976 
 958              	.LASF6:
 959 022d 6C6F6E67 		.ascii	"long long int\000"
 959      206C6F6E 
 959      6720696E 
 959      7400
 960              	.LASF14:
 961 023b 63686172 		.ascii	"char\000"
 961      00
 962              	.LASF26:
 963 0240 47656E65 		.ascii	"Generated_Source\\PSoC4\\HPI_IF_SCBCLK.c\000"
 963      72617465 
 963      645F536F 
 963      75726365 
 963      5C50536F 
 964              	.LASF2:
 965 0267 73686F72 		.ascii	"short int\000"
 965      7420696E 
 965      7400
 966              	.LASF9:
 967 0271 75696E74 		.ascii	"uint8\000"
 967      3800
 968              	.LASF17:
 969 0277 4850495F 		.ascii	"HPI_IF_SCBCLK_SetFractionalDividerRegister\000"
 969      49465F53 
 969      4342434C 
ARM GAS  e:\temp\ccefivNn.s 			page 37


 969      4B5F5365 
 969      74467261 
 970              	.LASF24:
 971 02a2 4850495F 		.ascii	"HPI_IF_SCBCLK_GetFractionalDividerRegister\000"
 971      49465F53 
 971      4342434C 
 971      4B5F4765 
 971      74467261 
 972              	.LASF4:
 973 02cd 6C6F6E67 		.ascii	"long int\000"
 973      20696E74 
 973      00
 974              	.LASF0:
 975 02d6 7369676E 		.ascii	"signed char\000"
 975      65642063 
 975      68617200 
 976              		.comm	__gnu_lto_v1,1,1
 977              		.ident	"GCC: (GNU Tools for ARM Embedded Processors) 5.4.1 20160609 (release) [ARM/embedded-5-bran
