ARM GAS  e:\temp\ccFAbZ9b.s 			page 1


   1              		.syntax unified
   2              		.cpu cortex-m0
   3              		.fpu softvfp
   4              		.eabi_attribute 20, 1
   5              		.eabi_attribute 21, 1
   6              		.eabi_attribute 23, 3
   7              		.eabi_attribute 24, 1
   8              		.eabi_attribute 25, 1
   9              		.eabi_attribute 26, 1
  10              		.eabi_attribute 30, 4
  11              		.eabi_attribute 34, 0
  12              		.eabi_attribute 18, 4
  13              		.thumb
  14              		.syntax unified
  15              		.file	"I2C_MSTR_scl.c"
  16              		.text
  17              	.Ltext0:
  18              		.section	.gnu.lto_.profile.6240bde5,"",%progbits
  19 0000 789C6361 		.ascii	"x\234ca`d`a`\000\222\352\212\000\000\331\000S"
  19      60646061 
  19      600092EA 
  19      8A0000D9 
  19      0053
  20              		.text
  21              		.section	.gnu.lto_.icf.6240bde5,"",%progbits
  22 0000 789C6361 		.ascii	"x\234ca`d\000\0015\006\004`c8\270fC\007\027\343\276"
  22      60640001 
  22      35060460 
  22      6338B866 
  22      430717E3 
  23 0015 936F76B0 		.ascii	"\223ov\2600\355\333\330\361\210\217y\302\2013[\270X"
  23      30EDDBD8 
  23      F1888F79 
  23      C281335B 
  23      B858
  24 0027 1EDEFB7A 		.ascii	"\036\336\373z\202\205\265\357\333\252\333\274\014\000"
  24      8285B5EF 
  24      DBAADBBC 
  24      0C00
  25 0035 64191276 		.ascii	"d\031\022v"
  26              		.text
  27              		.section	.gnu.lto_.jmpfuncs.6240bde5,"",%progbits
  28 0000 789C45C9 		.ascii	"x\234E\311\261\001\000 \010\300\260\026\320+\374\225"
  28      B1010020 
  28      08C0B016 
  28      D02BFC95 
  29 0010 D795C90C 		.ascii	"\327\225\311\014]Z\3108|\033\265\235\004$Thv\257\367"
  29      5D5AC838 
  29      7C1BB59D 
  29      04245468 
  29      76AFF7
  30 0023 2E215502 		.ascii	".!U\002@"
  30      40
  31              		.text
  32              		.section	.gnu.lto_.inline.6240bde5,"",%progbits
  33 0000 789C658D 		.ascii	"x\234e\215\311\015\2000\014\004\327\216\343\030\011"
  33      C90D8030 
ARM GAS  e:\temp\ccFAbZ9b.s 			page 2


  33      0C04D78E 
  33      E31809
  34 000f 093A4807 		.ascii	"\011:H\007\224@\245<R\012%P\012%`\203\004B\231\307>"
  34      9440A53C 
  34      520A2550 
  34      0A256083 
  34      044299C7 
  35 0024 767C0808 		.ascii	"v|\010\010\301\206\017\005\254\020\301\\%\333Wh\253"
  35      C1860F05 
  35      AC10C15C 
  35      25DB5768 
  35      AB
  36 0035 0C3E2609 		.ascii	"\014>&\011K\030\254\223\322\352-\031\232\011\254\347"
  36      4B18AC93 
  36      D2EA2D19 
  36      9A09ACE7 
  37 0045 F2F44EEA 		.ascii	"\362\364N\352+\211\023\214\331OP\204\374\237x\2141\226"
  37      2B89138C 
  37      D94F5084 
  37      FC9F788C 
  37      3196
  38 0057 51D4375F 		.ascii	"Q\3247_\031\\\353\300\017\342"
  38      195CEBC0 
  38      0FE2
  39              		.text
  40              		.section	.gnu.lto_.pureconst.6240bde5,"",%progbits
  41 0000 789C6361 		.ascii	"x\234ca`d\340e```c\220b\224b\222b\226b\221b\225\002"
  41      6064E065 
  41      60606063 
  41      90629462 
  41      92629662 
  42 0018 00059500 		.ascii	"\000\005\225\000\304"
  42      C4
  43              		.text
  44              		.section	.gnu.lto_I2C_MSTR_scl_SetDriveMode.6240bde5,"",%progbits
  45 0000 789C7D51 		.ascii	"x\234}QMK[A\024\275g\346\345=\213\250[\241Yt\245d\321"
  45      4D4B5B41 
  45      14BD67E6 
  45      E53D8BA8 
  45      5BA15974 
  46 0017 52B4FFC0 		.ascii	"R\264\377\300\205\270\020\202\3512%H|\273j@\333\265"
  46      85B81082 
  46      E9322548 
  46      7CBB6A40 
  46      DBB5
  47 0029 933C1F8A 		.ascii	"\223<\037\212\013\021D\301\205\270\012\366+\215\022"
  47      0B1144C1 
  47      85B80AF6 
  47      2B8D12
  48 0038 DAD24231 		.ascii	"\332\322B1DZ\272J\305\205\033A\212\310[\350&\332\026"
  48      445ABA4A 
  48      C5851B41 
  48      8AC85BE8 
  48      26DA16
  49 004b C4AFE7BD 		.ascii	"\304\257\347\275/Y;0\367\3369\234s83c\021H\326\016\267"
  49      2F593B30 
  49      F7DE399C 
ARM GAS  e:\temp\ccFAbZ9b.s 			page 3


  49      73383363 
  49      1148D60E 
  50 0060 C7DC1FF2 		.ascii	"\307\334\037\362\206&\250\305:Q\276M\0012\2306\320\264"
  50      8626A8C5 
  50      3A51BE4D 
  50      01329836 
  50      D0B4
  51 0072 C234FEAB 		.ascii	"\3024\376\253\033\205\332l\360U%6\014\257?~\220\314"
  51      1B85DA6C 
  51      F0552536 
  51      0CAF3F7E 
  51      90CC
  52 0084 1BBFDBD7 		.ascii	"\033\277\333\327D\241\212\234\010\033H0\353o\245\270"
  52      44A18A9C 
  52      081B4830 
  52      EB6FA5B8 
  53 0094 D4AE1320 		.ascii	"\324\256\023 \236\317\352\215\303\316\336\2421\005c"
  53      9ECFEA8D 
  53      C3CEDEA2 
  53      310563
  54 00a3 3EBD30DA 		.ascii	">\2750\332\327\300\033hV\240?\216\247qb\200\360\026"
  54      D7C01B68 
  54      56A03F8E 
  54      A7716280 
  54      F016
  55 00b5 BD423EDA 		.ascii	"\275B>\332\272]\356\260g\304\376Q\323\024\357`K\314"
  55      BA5DEEB0 
  55      67C4FE51 
  55      D314EF60 
  55      4BCC
  56 00c7 F248D584 		.ascii	"\362H\325\204\241g\252\025\373\307g\373\201b\231\322"
  56      A167AA15 
  56      FBC767FB 
  56      816299D2 
  57 00d7 522C8838 		.ascii	"R,\2108&\243-\305\221B\324\340-\361\317\224\222\256"
  57      26A32DC5 
  57      9142D4E0 
  57      2DF1CF94 
  57      92AE
  58 00e9 03D42EE7 		.ascii	"\003\324.\347\367Wm\361\363\264\\e\305\257\375v\376"
  58      F7576DF1 
  58      F3B45C65 
  58      C5AFFD76 
  58      FE
  59 00fa 295FEB28 		.ascii	")_\353(gea\357\266\275y\234+,\032\213\241\323b\375\227"
  59      676561EF 
  59      B6BD799C 
  59      2B2C1A8B 
  59      A1D362FD 
  60 010f B38EB5FC 		.ascii	"\263\216\265\374\014|m\341\003\342x\2178g*a\035\024"
  60      0C7C6DE1 
  60      03E2788F 
  60      38672A61 
  60      1D14
  61 0121 C0BB6ED9 		.ascii	"\300\273n\331\351\246ci\367\340;\304Ba\373:\014\273"
  61      E9A66369 
  61      F7E03BC4 
ARM GAS  e:\temp\ccFAbZ9b.s 			page 4


  61      4261FB3A 
  61      0CBB
  62 0133 F091D901 		.ascii	"\360\221\331\001\012\347N\223\026\363\264%\262FK&\020"
  62      0AE74E93 
  62      16F3B425 
  62      B2464B26 
  62      10
  63 0144 CB8EAF4A 		.ascii	"\313\216\257J\337:E\026\343\253\226#\211w\321\2428\221"
  63      DF3A4516 
  63      E3AB9623 
  63      8977D1A2 
  63      3891
  64 0156 B9CD506D 		.ascii	"\271\315Pm\005\002\335\027k\223c\261\204NP\250~\371"
  64      0502DD17 
  64      6B9363B1 
  64      844E50A8 
  64      7EF9
  65 0168 A9841EFD 		.ascii	"\251\204\036\375JCA\336\200_\244g\320\235p'G_\271c\231"
  65      4A4341DE 
  65      805FA467 
  65      D09D7027 
  65      475FB963 
  66 017d 54EEF564 		.ascii	"T\356\365d\326M'S\271\201g\351\241\276\201\314p\352"
  66      D64D2753 
  66      B98167E9 
  66      A1BE81CC 
  66      70EA
  67 018f F948662A 		.ascii	"\371Hf*\373\362I\226\254\361\334\230{\007\350\\\240"
  67      FBF24996 
  67      ACF1DC98 
  67      7B07E85C 
  67      A0
  68 01a0 E4       		.ascii	"\344"
  69              		.text
  70              		.section	.gnu.lto_I2C_MSTR_scl_Write.6240bde5,"",%progbits
  71 0000 789C5551 		.ascii	"x\234UQ\317K\024a\030~\237\357\233\331\031[\304[\027"
  71      CF4B1461 
  71      187E9FEF 
  71      9BD9195B 
  71      C45B17
  72 0013 F7E0C564 		.ascii	"\367\340\305d/%\345\177\340A:\004\341F\247\245eY\347"
  72      2F25E57F 
  72      E0413A04 
  72      E146A7A5 
  72      6559E7
  73 0026 D492B0A5 		.ascii	"\324\222\260\245W\277\335uw\241 \354\220\236\322\203"
  73      57BFDD75 
  73      77A120EC 
  73      909ED283 
  74 0036 84F6D334 		.ascii	"\204\366\3234(\372q\030\007B\272\030QD\201\204\011\255"
  74      28FA7118 
  74      0742BA18 
  74      51448184 
  74      09AD
  75 0048 D4698D44 		.ascii	"\324i\215D)kz\337\031\204\366c\276\037\363\314\363<"
  75      296B7ADF 
  75      1984F663 
ARM GAS  e:\temp\ccFAbZ9b.s 			page 5


  75      BE1FF3CC 
  75      F33C
  76 005a DFF3BE63 		.ascii	"\337\363\276c\021H\306EE4\300{7Oh\202\232Z'*\273\012"
  76      1148C645 
  76      4534C07B 
  76      374F6882 
  76      9A5A272A 
  77 0070 90837141 		.ascii	"\220\203qA\023\012\023\330U\177\024\202F\363\231J/\030"
  77      130A13D8 
  77      557F1482 
  77      46F3994A 
  77      2F18
  78 0082 1E9B5FF7 		.ascii	"\036\233_\367\372\315\242\217\232&\012U\344DX@\232Y"
  78      FACDA28F 
  78      9A260A55 
  78      E4445840 
  78      9A59
  79 0094 DB2F1BEF 		.ascii	"\333/\033\357\241\323 >\327\203\335V\262\357\2661\025"
  79      A1D3203E 
  79      D783DD56 
  79      B2EFB631 
  79      15
  80 00a5 63C2ACD1 		.ascii	"c\302\254\3215\015,B\263\002\247R\350O\021\003\204;"
  80      350D2C42 
  80      B302A752 
  80      E84F1103 
  80      843B
  81 00b7 E813F2B7 		.ascii	"\350\023\362\267\340ZQ\237\210tkOn\204\350\235\027\235"
  81      E05A519F 
  81      88746B4F 
  81      6E84E89D 
  81      179D
  82 00c9 FF6EAD73 		.ascii	"\377n\255s\306\370\345\036\321\336\375_+\203\271[\313"
  82      C6F8E51E 
  82      D1DEFD5F 
  82      2B83B95B 
  82      CB
  83 00da 7F6F7626 		.ascii	"\177ov&&%U\017\356\2417\316\203\373Hp\205\020di\330"
  83      2625550F 
  83      EEA137CE 
  83      83FB4870 
  83      85106469 
  84 00ef 37615835 		.ascii	"7aX5\376[g\365\243\223T|\253\322\274h\213\344\263\015"
  84      FE5B67F5 
  84      A393547C 
  84      ABD2BC68 
  84      8BE4B30D 
  85 0103 499010C0 		.ascii	"I\220\020\300\221\305\215\320\016a\021\265xJ'v\224\222"
  85      91C58DD0 
  85      0E6111B5 
  85      784A2776 
  85      9492
  86 0115 5D3711FC 		.ascii	"]7\021\374\272\272>;.\376U-]\231\256\005o\234\237\252"
  86      BABA3E3B 
  86      2EFE552D 
  86      5D99AE05 
  86      6F9C9FAA 
ARM GAS  e:\temp\ccFAbZ9b.s 			page 6


  87 0129 A6AD28FA 		.ascii	"\246\255(\372\213}\177\306\216_Me\312X\322\221\355\247"
  87      8B7D7FC6 
  87      8E5F4D65 
  87      CA58D291 
  87      EDA7
  88 013b AFBBE670 		.ascii	"\257\273\346p\253<\311\375\262\361\020)<\000\347\307"
  88      AB3CC9FD 
  88      B2F11029 
  88      3C00E7C7 
  89 014b 12E6404D 		.ascii	"\022\346@MT~46Tl\250\331\223\221\352A}\0031b1\310\036"
  89      547E3436 
  89      546CA8D9 
  89      9391EA41 
  89      7D033162 
  90 0162 07D7E79F 		.ascii	"\007\327\347\237\037\021[\215\337\300#\226o!\322HVf"
  90      1F115B8D 
  90      DFC02396 
  90      6F21D248 
  90      5666
  91 0174 89A855FF 		.ascii	"\211\250U\3770{!V\361c\263\352U\270\347w\211*\301\344"
  91      307B2156 
  91      F163B3EA 
  91      55B8E777 
  91      892AC1E4 
  92 0188 6516B559 		.ascii	"e\026\265Y;\314c\322\352\346\312NRH\200\205\225\230"
  92      3BCC63D2 
  92      EAE6CA4E 
  92      52488085 
  92      9598
  93 019a B49F8829 		.ascii	"\264\237\210)n\024\300i\277\314\2153\177>\274\254#\206"
  93      6E14C069 
  93      BFCC8D33 
  93      7F3EBCAC 
  93      2386
  94 01ac 82E92F47 		.ascii	"\202\351/G\005h\253\270lL\262\275\350\307\\4k\350;*"
  94      0568ABB8 
  94      6C4CB2BD 
  94      E8C75C34 
  94      6BE83B2A 
  95 01c0 FEA72111 		.ascii	"\376\247!\021D\177\262\245 \015\346v\037\033\362.y\245"
  95      447FB2A5 
  95      200DE676 
  95      1F1BF22E 
  95      79A5
  96 01d2 FC156F24 		.ascii	"\374\025o$\227\031\035+\025\274\354\331\314\350\340"
  96      97191D2B 
  96      15BCECD9 
  96      CCE8E0
  97 01e1 40F6F4C9 		.ascii	"@\366\364\311\301\334\231\314\271\341\334\345B\361x"
  97      C1DC99CC 
  97      B9E1DCE5 
  97      42F178
  98 01f0 81ECF17C 		.ascii	"\201\354\361|q\314\263GJ\347\363\305\177\210U\327\250"
  98      71CCB347 
  98      4AE7F3C5 
  98      7F8855D7 
  98      A8
ARM GAS  e:\temp\ccFAbZ9b.s 			page 7


  99              		.text
 100              		.section	.gnu.lto_I2C_MSTR_scl_Read.6240bde5,"",%progbits
 101 0000 789C258F 		.ascii	"x\234%\217=K\003A\020\206\347\335\275\230\020\011\376"
 101      3D4B0341 
 101      1086E7DD 
 101      BD981009 
 101      FE
 102 0011 00535889 		.ascii	"\000SX\211iD\324\306\312\"\240X\010\222XI H\274N\014"
 102      6944D4C6 
 102      CA22A058 
 102      08925849 
 102      2048BC4E 
 103 0026 44AD73B9 		.ascii	"D\255s\271\313% \026iT\020$\225&\361\003\021\305\302"
 103      CB252016 
 103      69541024 
 103      9526F103 
 103      11C5C2
 104 0039 EA0C8A01 		.ascii	"\352\014\212\001A\033\261V\221\024V\032\224\200\250"
 104      411BB156 
 104      9114561A 
 104      9480A8
 105 0048 E76C6E60 		.ascii	"\347ln`wvv\236\231wF#\220\262qv\003\354{\371@\022D\351"
 105      7776769E 
 105      99774623 
 105      90B27176 
 105      03EC7BF9 
 106 0060 8E281710 		.ascii	"\216(\027\020\200z\030\001PV \213/\361+p\333n\254\007"
 106      807A1801 
 106      5056208B 
 106      2FF12B70 
 106      DB6EAC07 
 107 0074 2315C330 		.ascii	"#\025\3030\215'{ol\253\352\300\226D\256 \214\2041\024"
 107      8D277B6F 
 107      6CABEAC0 
 107      9644AE20 
 107      8C843114 
 108 0088 562D2A88 		.ascii	"V-*\210\020\243/'\177\033\241\256\274\301\326\247\000"
 108      10A32F27 
 108      7F1BA1AE 
 108      BCC1D6A7 
 108      00
 109 0099 CE54D1A5 		.ascii	"\316T\321\245$\217c\216\341\272\226\341\234\006/\317"
 109      248F638E 
 109      E1BA96E1 
 109      9C062FCF 
 110 00a9 83FC654B 		.ascii	"\203\374eK\326\345KS\227\217TGz\347\012\245\377!\204"
 110      D6E54B53 
 110      978F5447 
 110      7AE70AA5 
 110      FF2184
 111 00bc F2B289FA 		.ascii	"\362\262\211\372\367\332cmN5\261\244d\201M\273~\357"
 111      F7DA636D 
 111      4E35B1A4 
 111      64814DBB 
 111      7EEF
 112 00ce FF14B614 		.ascii	"\377\024\266\024Pzf\251\361\034\362\302\274Y24\376*"
 112      507A66A9 
ARM GAS  e:\temp\ccFAbZ9b.s 			page 8


 112      F11CF2C2 
 112      BC593234 
 112      FE2A
 113 00e0 EE5E6C77 		.ascii	"\356^lw\227\261\223\313\363\224\022\373\010\243\006"
 113      97B193CB 
 113      F39412FB 
 113      08A306
 114 00ef 9E110728 		.ascii	"\236\021\007(\203\232\260Z\023dIx\355\256\335\266\323"
 114      839AB05A 
 114      13644978 
 114      EDAEDDB6 
 114      D3
 115 0100 A3EA3508 		.ascii	"\243\3525\010\0342\306\371\237\302\203\337\023\324\230"
 115      1C32C6F9 
 115      9FC283DF 
 115      13D498
 116 010f 63E8ECEA 		.ascii	"c\350\354\352\246\020P\020\330\216:\220\331*\276\302"
 116      A6105010 
 116      D88E3A90 
 116      D92ABEC2 
 117 011f 837CCCD1 		.ascii	"\203|\314\321\033\227{\021u\326\200\032\237\227\351"
 117      1B977B11 
 117      75D6801A 
 117      9F97E9
 118 012e 9FD497F4 		.ascii	"\237\324\227\364\314\374\212\276\220\214\247W3)=1\023"
 118      CCFC8ABE 
 118      908CA757 
 118      33293D31 
 118      13
 119 013f 4F474713 		.ascii	"OGG\023S\303\321\344t|6\226\\N-\016\246\350\037\245"
 119      53C3D1E4 
 119      747C3696 
 119      5C4E2D0E 
 119      A6E81FA5 
 120 0153 4B75CD   		.ascii	"Ku\315"
 121              		.text
 122              		.section	.gnu.lto_I2C_MSTR_scl_ReadDataReg.6240bde5,"",%progbits
 123 0000 789C258F 		.ascii	"x\234%\217\317KBA\020\307\347\273\373\374A\022\376\001"
 123      CF4B4241 
 123      10C7E7BB 
 123      FBFC4112 
 123      FE01
 124 0012 79E81479 		.ascii	"y\350\024y\211\250.\235:\010E\207 \264S\010\022\346"
 124      89A82E9D 
 124      3A084587 
 124      20B45308 
 124      12E6
 125 0024 2D12ACCE 		.ascii	"-\022\254\316\256>\237At\360R\036\242<jeD\024t\350\362"
 125      AE3E9F41 
 125      74F0521E 
 125      A23C6A65 
 125      441474E8 
 126 0039 92A222A8 		.ascii	"\222\242\"\250K\177@D(t*\251\214\250l\3267\260;;;\237"
 126      4B7F4044 
 126      28742AA9 
 126      8CA86CD6 
 126      37B03B3B 
ARM GAS  e:\temp\ccFAbZ9b.s 			page 9


 127 004f 99EF8C41 		.ascii	"\231\357\214A mc\354\372\331\367\360\201$\210\302\035"
 127      206D63EC 
 127      FAD9F7F0 
 127      812488C2 
 127      1D
 128 0060 51C62B00 		.ascii	"Q\306+\000\375P^PZ \215\017\361+p\333\272^\357\012\226"
 128      FD505E50 
 128      5A208D0F 
 128      F12B70DB 
 128      BA5EEF0A 
 129 0075 95CAAA47 		.ascii	"\225\312\252G\353x\264X\261aI\242\266 \014\0070\030"
 129      EB78B458 
 129      B16149A2 
 129      B6200C07 
 129      3018
 130 0087 D02DCA08 		.ascii	"\320-\312\010\022\243OG\177\033\335\356\234b\353\325"
 130      12A34F47 
 130      7F1BDDEE 
 130      9C62EBD5 
 131 0097 00672A70 		.ascii	"\000g*pk\311\303\260\255\332mS\331[\276\363\035\037"
 131      6BC9C3B0 
 131      ADDA6D53 
 131      D95BBEF3 
 131      1D1F
 132 00a9 7F599275 		.ascii	"\177Y\222u\3712\364\345\"\335\221^\271B\353\277\011"
 132      F932F4E5 
 132      22DD915E 
 132      B942EBBF 
 132      09
 133 00ba A1BDACA3 		.ascii	"\241\275\254\243\366\275\366Y\235\325ML)Y`\323\252\335"
 133      F6BDF659 
 133      9DD54D4C 
 133      295960D3 
 133      AADD
 134 00cc 7BDE8525 		.ascii	"{\336\205%\005\264\336\331\227]t9\241\312\026\224\301"
 134      05B4DED9 
 134      975D7439 
 134      A1CA1694 
 134      C1
 135 00dd 5F8DC6E9 		.ascii	"_\215\306\351\215\277\204\355L\216\247\224\330C\000"
 135      8DBF84ED 
 135      4C8EA794 
 135      D84300
 136 00ec BBE019B1 		.ascii	"\273\340\031\261\217\022\250\016\2639N\246\204\323\356"
 136      8F12A80E 
 136      B3394EA6 
 136      84D3EE
 137 00fb B2DDB2FD 		.ascii	"\262\335\262\375\272\336\200@\2251\316\377\344\037<"
 137      BADE8040 
 137      9531CEFF 
 137      E41F3C
 138 010a 8EA0C11C 		.ascii	"\216\240\301\034C'\027Wy\257\206\300v\320\201\262\315"
 138      43271757 
 138      79AF86C0 
 138      76D081B2 
 138      CD
 139 011b D5673890 		.ascii	"\325g8\220\2139z\341r'\242\316\032\320\343\3632}\023"
ARM GAS  e:\temp\ccFAbZ9b.s 			page 10


 139      8B397AE1 
 139      7227A2CE 
 139      1AD0E3F3 
 139      327D13
 140 012e 89C5446A 		.ascii	"\211\305Djn91\037\213$WR\361Dt:\222\014\215D'\207B\261"
 140      6E39311F 
 140      8B245752 
 140      F144743A 
 140      920C8D44 
 141 0146 A9C84C38 		.ascii	"\251\310L8\266\024_\030\210\323?l\022v\344"
 141      B6145F18 
 141      88D33F6C 
 141      1276E4
 142              		.text
 143              		.section	.gnu.lto_I2C_MSTR_scl_SetInterruptMode.6240bde5,"",%progbits
 144 0000 789C6D51 		.ascii	"x\234mQMh\023A\024\2367\263\311n\222f\353\335\034r\251"
 144      4D681341 
 144      149E37B3 
 144      C96E9266 
 144      EBDD1C72 
 145 0015 2117C122 		.ascii	"!\027\301\"x\363\222\203xPJ\343\261\020J\272J@\023I"
 145      78F39283 
 145      78504AE3 
 145      B1104ABA 
 145      4A401349 
 146 0029 E3B9936C 		.ascii	"\343\271\223l\222B\021)\212\001KK\301\2624Z\265mZ\225"
 146      92421129 
 146      8A014B4B 
 146      C1B2345A 
 146      B56D5A95 
 147 003d F6B406BD 		.ascii	"\366\264\006\275\371C\025\021\177(Z5\205\252\230\326"
 147      F9431511 
 147      7F285A35 
 147      85AA98D6 
 148 004d 8A3F68E3 		.ascii	"\212?h\343{\273\271\024\034\330\235y\037\337\367\315"
 148      7BBBB914 
 148      1CD89D79 
 148      1FDFF7CD 
 149 005d F7DE280C 		.ascii	"\367\336(\014\030\255*g\3540\356{\361\003\301\200\217"
 149      18AD2A67 
 149      EC30EE7B 
 149      F103C180 
 149      8F
 150 006e 3E662CAF 		.ascii	">f,\257q\000:H\015\330\020\207!\370\316\377r\250\017"
 150      71003A48 
 150      0DD81087 
 150      21F8CEFF 
 150      72A80F
 151 0081 37967874 		.ascii	"7\226xtZ\342z\373q\375\200\254\332P\022\214\265\270"
 151      5AE27AFB 
 151      71FD80AC 
 151      DA50128C 
 151      B5B8
 152 0093 E3C4601A 		.ascii	"\343\304`\032\242\310z\320\372awn\363\222\000 \321\323"
 152      A2C87AD0 
 152      FA61776E 
 152      F3920020 
ARM GAS  e:\temp\ccFAbZ9b.s 			page 11


 152      D1D3
 153 00a5 E6C38900 		.ascii	"\346\303\211\000\225\034\366`9\266aUt\021\005\206\347"
 153      951CF660 
 153      39B66155 
 153      74110586 
 153      E7
 154 00b6 F5C5AB2F 		.ascii	"\365\305\253/\374\021K\312\202\224w\373\245\247$\004"
 154      FC114BCA 
 154      829477FB 
 154      A5A72404 
 155 00c6 5C07817E 		.ascii	"\\\007\201~p\015BP\205\020C\210\301\014D\220\375m\301"
 155      700D4250 
 155      85104388 
 155      C10C4490 
 155      FD6DC1
 156 00d9 BA1410DD 		.ascii	"\272\024\020\335\216r\313\264\314\216\266\362W[y\343"
 156      8E72CBB4 
 156      CC8EB6F2 
 156      575B79E3 
 157 00e9 3FCA9B10 		.ascii	"?\312\233\020!\372Jqn\\\270\221\024,7\037\215\275\327"
 157      21FA4A71 
 157      6E5CB891 
 157      142C371F 
 157      8DBDD7
 158 00fc DD48612C 		.ascii	"\335Ha,g\254\347\026\027\207\034\343\221\227\027k\301"
 158      67ACE716 
 158      17871CE3 
 158      9197176B 
 158      C1
 159 010d AE2932B6 		.ascii	"\256)2\266\237]\320\257H\273\030.\011\005\346\\\363"
 159      9F5DD0AF 
 159      48BB182E 
 159      0905E65C 
 159      F3
 160 011e 5934BF85 		.ascii	"Y4\277\205\346\264\220\2756\277s9\350-\322@\3020\017"
 160      E6B490BD 
 160      36BF7339 
 160      E82DD240 
 160      C2300F
 161 0131 5DEE28A0 		.ascii	"]\356(\240\006^\034.\0202\333k\313V\313\224\366\212"
 161      065E1C2E 
 161      1032DB6B 
 161      CB56CB94 
 161      F68A
 162 0143 7EEF95DE 		.ascii	"~\357\225\336\3011\226\007S`G\012\035=\364\3632b\252"
 162      C1319607 
 162      5360470A 
 162      1D3DF4F3 
 162      3262AA
 163 0156 40693504 		.ascii	"@i5\004\274>B\375\364c\254\211\216\364\022\233\234\323"
 163      BC3E42FD 
 163      F463AC89 
 163      8EF4129B 
 163      9CD3
 164 0168 2E1A50FF 		.ascii	".\032P\377=\262\272\334C\227\230\202\006\\)\325\237"
 164      3DB2BADC 
 164      43979882 
ARM GAS  e:\temp\ccFAbZ9b.s 			page 12


 164      065C29D5 
 164      9F
 165 0179 A8D48DEA 		.ascii	"\250\324\215\352t\360\345\353\322x\320-\317\027F%\365"
 165      74F0E5EB 
 165      D278D02D 
 165      CF174625 
 165      F5
 166 018a 5B9BFAF4 		.ascii	"[\233\372\364\241s\022&\362E|/\015\026\261\211\005j"
 166      A1731226 
 166      F2457C2F 
 166      0D16B189 
 166      056A
 167 019c 026EC324 		.ascii	"\002n\303$\260\006\024\266\206\357{]C\305\304\261!\262"
 167      B00614B6 
 167      86EF7B5D 
 167      43C5C4B1 
 167      21B2
 168 01ae 53DE565C 		.ascii	"S\336V\\\304\203 \"\346\237\362gp\021\272\027q\266\006"
 168      C4832022 
 168      E69FF267 
 168      7011BA17 
 168      71B606
 169 01c1 DC6915C3 		.ascii	"\334i\025\303#\350r\032\313\253m\226\206N\246P\035{"
 169      23E8721A 
 169      CBAB6D96 
 169      864EA650 
 169      1D7B
 170 01d3 D5857C88 		.ascii	"\325\205|\210\022\355g\371M\333\334\357\270\371\020"
 170      12ED67F9 
 170      4DDBDCEF 
 170      B8F910
 171 01e2 AC57DE85 		.ascii	"\254W\336\205\010\333\0257/e`w\342;\230\030el\003\012"
 171      08DB1537 
 171      2F656077 
 171      E23B9818 
 171      656C030A 
 172 01f6 F6EBE324 		.ascii	"\366\353\343$p\336\242\311\201\246\203\263\332w\304"
 172      70DEA2C9 
 172      81A683B3 
 172      DA77C4
 173 0205 481BD9FE 		.ascii	"H\033\331\376\2341\220\210g\316e\223F_O<\023;\330w\264"
 173      9C319088 
 173      67CE6593 
 173      465F4F3C 
 173      133BD877 
 174 021a 3B963816 		.ascii	";\2268\026?\321\233\030L\236\336\237d\332\331\314`*"
 174      3FD19B18 
 174      4C9EDE9F 
 174      64DAD9CC 
 174      602A
 175 022c 97CAA495 		.ascii	"\227\312\244\2253\231\001CM\245s\331\330\311S\377\000"
 175      33990143 
 175      4DA573D9 
 175      D8C953FF 
 175      00
 176 023d 4565F051 		.ascii	"Ee\360Q"
 177              		.text
ARM GAS  e:\temp\ccFAbZ9b.s 			page 13


 178              		.section	.gnu.lto_I2C_MSTR_scl_ClearInterrupt.6240bde5,"",%progbits
 179 0000 789C5590 		.ascii	"x\234U\220\313K[Q\020\306\347;\347\306\204\242\346\017"
 179      CB4B5B51 
 179      10C6E73B 
 179      E7C684A2 
 179      E60F
 180 0012 68166E14 		.ascii	"h\026n\024\262)b+\330\265\213\322\205 \306\245\030B"
 180      B229622B 
 180      D8B58BD2 
 180      8520C6A5 
 180      1842
 181 0024 BC2B5F60 		.ascii	"\274+_`\342VO\036W\241\010f\243n\024\027\202\361\375"
 181      E2564F1E 
 181      57A10866 
 181      A36E1417 
 181      82F1FD
 182 0037 58B86989 		.ascii	"X\270i\211\\\203J\241\264E\273U\024\005\027\202\320"
 182      5C834AA1 
 182      B445BB55 
 182      14051782 
 182      D0
 183 0048 4ADB406B 		.ascii	"J\333@kMgr]\350\201\313\2343w\276\337|3\026\201\344"
 183      4D67725D 
 183      E881CB9C 
 183      3377BEDF 
 183      7C331681 
 184 005d 9C7268E6 		.ascii	"\234rh\346\370\234?h\202\312}!J\005\024 \027\023\000"
 184      F89C3F68 
 184      82CA7D21 
 184      4A051420 
 184      171300
 185 0070 8D2A8CE2 		.ascii	"\215*\214\342\227\372\247\360\251\364q\342Y8oL\332\234"
 185      97FAA7F0 
 185      A9F471E2 
 185      59386F4C 
 185      DA9C
 186 0082 3BA5D733 		.ascii	";\245\3273K.\034MTV\204\227!4\206\004\221G\230\270\364"
 186      4B2E1C4D 
 186      54568497 
 186      21348604 
 186      914798B8 
 187 0097 72E36FBE 		.ascii	"r\343o\276F\207!\367\317\2137;\250_\020\231[\230\254"
 187      468721F7 
 187      CF8B373B 
 187      A85F1099 
 187      5B98AC
 188 00aa 9E316EAA 		.ascii	"\2361n\252\216uX\202~,%\251\275\330\276\237\252\251"
 188      8E755882 
 188      7E2C25A9 
 188      BDD8BE9F 
 188      AAA9
 189 00bc CA1A3E75 		.ascii	"\312\032>uXF\275\300\231\272\202*\366\011\311lv\270"
 189      5846BDC0 
 189      99BA822A 
 189      F609C96C 
 189      76B8
 190 00ce A65CCE18 		.ascii	"\246\\\316\030\367Cp\3578\030P\344h\366\355he\221\374"
ARM GAS  e:\temp\ccFAbZ9b.s 			page 14


 190      F74370EF 
 190      381850E4 
 190      68F6ED68 
 190      6591FC
 191 00e1 F6C9DB4F 		.ascii	"\366\311\333O\342\213\276\263V\246\370\241\224D}\205"
 191      E28BBEB3 
 191      56A6F8A1 
 191      94447D85 
 192 00f1 E29F77BF 		.ascii	"\342\237w\277\013#\202\313h\231h\332)~\365\377T\216"
 192      0B2382CB 
 192      689968DA 
 192      297EF5FF 
 192      548E
 193 0103 D615A7E7 		.ascii	"\326\025\247\347\273\357\317\002\3363\227\316\031\213"
 193      BBEFCF02 
 193      DE3397CE 
 193      198B
 194 0111 5327DF4A 		.ascii	"S'\337J\253\265\363\230KeyV\013k\010a\025l\027\353\230"
 194      ABB5F398 
 194      4B657956 
 194      0B6B0861 
 194      156C17EB 
 195 0126 075D217D 		.ascii	"\007]!};~\247<\240f&g2wc\373\3602\026'\231q\224\335"
 195      3B7EA73C 
 195      A0662667 
 195      327763FB 
 195      F0321627 
 196 013e 9AD58255 		.ascii	"\232\325\202U\260\260\301\352\013T$\342\227\213<\312"
 196      B0B0C1EA 
 196      0B5424E2 
 196      978B3CCA 
 197 014e 7DA1DB13 		.ascii	"}\241\333\023\371\274Tq\272\002yb!e\214\357\251\213"
 197      F9BC5471 
 197      BA027962 
 197      21658CEF 
 197      A98B
 198 0160 4D76C112 		.ascii	"Mv\301\022i{;v\270\333\342!\374\214`\341A\271\344\006"
 198      697B3B76 
 198      B8DBE221 
 198      FC8C60E1 
 198      41B9E406 
 199 0174 A5AF8FFB 		.ascii	"\245\257\217\373mq\3755\036\254\372\251\262\036\310"
 199      6D71FD35 
 199      1EACFAA9 
 199      B21EC8
 200 0183 5A78490D 		.ascii	"ZxI\015o\354\001{(\226\264{\242\221\301\341\241\270"
 200      6FEC017B 
 200      2896B47B 
 200      A291C1E1 
 200      A1B8
 201 0195 DDD51E19 		.ascii	"\335\325\036\031l}\325\365\266\2515\332\026\351\354"
 201      6C7DD5F5 
 201      B6A935DA 
 201      16E9EC
 202 01a4 8826E27D 		.ascii	"\210&\342}/\342T\335\037K\364\332=\221d,9\234\370\017"
 202      2FE254DD 
 202      1F4BF4DA 
ARM GAS  e:\temp\ccFAbZ9b.s 			page 15


 202      3D91642C 
 202      399CF80F 
 203 01b8 0F0CAE49 		.ascii	"\017\014\256I"
 204              		.text
 205              		.section	.gnu.lto_.symbol_nodes.6240bde5,"",%progbits
 206 0000 789C6361 		.ascii	"x\234ca`d\310`\000\002&\206z\006\206\011\347\030@\324"
 206      6064C860 
 206      00022686 
 206      7A068609 
 206      E71840D4 
 207 0014 AE0645A0 		.ascii	"\256\006E\240\000c=#\252\000S=\023\252\000s=3\252\000"
 207      00633D23 
 207      AA00533D 
 207      13AA0073 
 207      3D33AA00 
 208 0028 4B3D0BAA 		.ascii	"K=\013\252\000k=+\212\000\003\000\305\333\026\342"
 208      006B3D2B 
 208      8A000300 
 208      C5DB16E2 
 209              		.text
 210              		.section	.gnu.lto_.refs.6240bde5,"",%progbits
 211 0000 789C6361 		.ascii	"x\234ca`\004B \000\000\0009\000\007"
 211      60044220 
 211      00000039 
 211      0007
 212              		.text
 213              		.section	.gnu.lto_.decls.6240bde5,"",%progbits
 214 0000 789C8D54 		.ascii	"x\234\215ToL[U\024\277\347\275\266\203G\031\223,\006"
 214      6F4C5B55 
 214      14BFE7BD 
 214      B6834719 
 214      932C06
 215 0013 634D7089 		.ascii	"cMp\211m?\021\001c\374`\214\011\213\333\022\347\014"
 215      6D3F1101 
 215      63FC608C 
 215      098BDB12 
 215      E70C
 216 0025 E8FCB284 		.ascii	"\350\374\262\204t\3602I\026X\272b\262o\327ml\323-\312"
 216      74F03249 
 216      1658BA62 
 216      B26FD76D 
 216      6CD32DCA 
 217 0039 8C284C70 		.ascii	"\214(Lp\033D\205\361gPZ\240e\330\016\241c\214mP\263"
 217      1B4485F1 
 217      67505AA0 
 217      65D80EA1 
 217      638C6D50 
 218 004e 4C5C942D 		.ascii	"L\\\224-8\243\216\030\324E\367G\255\347\336\373^\337"
 218      38A38E18 
 218      D445F747 
 218      ADE7DEFB 
 218      5EDF
 219 0060 2B94C84D 		.ascii	"+\224\310M\317\275\357\236w\316\357\374\316\357\235"
 219      CFBDEF9E 
 219      77CEEFFC 
 219      CEEF9D
 220 006f D44280F0 		.ascii	"\324B\200\360e#$\201G\027^\023\270\326\340\363vb,|M"
ARM GAS  e:\temp\ccFAbZ9b.s 			page 16


 220      65232481 
 220      47175E13 
 220      B8D6E0F3 
 220      76622C7C 
 221 0084 FAD18268 		.ascii	"\372\321\202hCha\2641\264\030Y\276\372\265x\226\337"
 221      436861B4 
 221      31B41859 
 221      BEFAB578 
 221      96DF
 222 0096 83E6428B 		.ascii	"\203\346B\213\243\315\240m\323b@\213[\272\030\376\232"
 222      A3CDA06D 
 222      D362408B 
 222      5BBA18FE 
 222      9A
 223 00a7 25B98E15 		.ascii	"%\271\216\025\362\203i\362\0317\353\377\324\035J\223"
 223      F28369F2 
 223      1937EBFF 
 223      D41D4A93 
 224 00b7 175E455E 		.ascii	"\027^E^8M\036\323 S\343\233\213\266\036-\2026\245\341"
 224      384D1ED3 
 224      2053E39B 
 224      8BB61E2D 
 224      8236A5E1 
 225 00cb 384D583A 		.ascii	"8MX:\316X\032\034\246\243m\025=\247\323\373\037\011"
 225      CE581A1C 
 225      A6A36D15 
 225      3DA7D3FB 
 225      1F09
 226 00dd 122D3DED 		.ascii	"\022-=\355\2317`\026$\320?(\200\330\201\033\021\306"
 226      99376016 
 226      24D03F28 
 226      80D8811B 
 226      11C6
 227 00ef AFF820F1 		.ascii	"\257\370 \361\235$]\311\203\260\235\210x\3563\300\370"
 227      9D245DC9 
 227      83B09D88 
 227      78EE33C0 
 227      F8
 228 0100 4F3F13FA 		.ascii	"O?\023\372\342 \006:hI\220d \262\304{I\013#\002\\2\022"
 228      E220063A 
 228      68499064 
 228      20B2C47B 
 228      490B2302 
 229 0117 4C7882AE 		.ascii	"Lx\202\256\211\023\244\366\004z\323\301\272\321\277"
 229      8913A4F6 
 229      047AD3C1 
 229      BAD1BF
 230 0126 7364C4C4 		.ascii	"sd\304\304\347\271\373\355/\025tQ\\\365\224J\317\033"
 230      E7B9FBED 
 230      2F157451 
 230      5CF5944A 
 230      CF1B
 231 0138 CA9CADFB 		.ascii	"\312\234\255\373\241#\343\256\004\016\005\022\300\356"
 231      A123E3AE 
 231      040E0512 
 231      C0EE
 232 0146 0BA1FBD9 		.ascii	"\013\241\373\331\342\316^7\035\237\3777K~\212=K_\317"
ARM GAS  e:\temp\ccFAbZ9b.s 			page 17


 232      E2CE5E37 
 232      1D9FFF37 
 232      4B7E8A3D 
 232      4B5FCF
 233 0159 77FE6C01 		.ascii	"w\376l\001\267\3629\203\2719\330\367B\210\322u\320\003"
 233      B7F23983 
 233      B939D8F7 
 233      4288D275 
 233      D003
 234 016b 0A74810C 		.ascii	"\012t\201\014\035P\300\212;\024\334\217P\272\237.\266"
 234      1D50C08A 
 234      3B14DC8F 
 234      50BA9F2E 
 234      B6
 235 017c 525B1E81 		.ascii	"R[\036\201b\007<\355 \320\015n\206\311\242\240\023\034"
 235      62073CED 
 235      20D00D6E 
 235      86C9A2A0 
 235      131C
 236 018e 70061C0C 		.ascii	"p\006\034\014\377\366\307'\357\330,\022&2\234\235\026"
 236      FFF6C727 
 236      EFD82C12 
 236      26329C9D 
 236      16
 237 019f E61B4FFC 		.ascii	"\346\033O\374\025\315A\012\271\012Hx\215/N\265d\341"
 237      15CD410A 
 237      B90A4878 
 237      8D2F4EB5 
 237      64E1
 238 01b1 75BD02EB 		.ascii	"u\275\002\353\360z\345\303\3318\344}\3048\320\0034_"
 238      F07AE5C3 
 238      D938E47D 
 238      C438D003 
 238      345F
 239 01c3 82ED8F42 		.ascii	"\202\355\217B\037\002\366\" \001?\344\341~\026,\242"
 239      1F02F622 
 239      20013FE4 
 239      E17E162C 
 239      A2
 240 01d4 BB93C3A3 		.ascii	"\273\223\303\243\376\354\015\247\350\251^zs\370\320"
 240      FEEC0DA7 
 240      E8A95E7A 
 240      73F8D0
 241 01e3 CBA7DB0E 		.ascii	"\313\247\333\016\321i\314{\221\007B\273A\033\037\331"
 241      D169CC7B 
 241      910742BB 
 241      411B1FD9 
 242 01f3 F105DC40 		.ascii	"\361\005\334@1\373a\003\346\036mn\273\227!\373\270\014"
 242      31FB6103 
 242      E61E6D6E 
 242      BB9721FB 
 242      B80C
 243 0205 B1D68777 		.ascii	"\261\326\207wA\340D#\207\345&\032\335\2170\022G\011"
 243      41E04423 
 243      87E5261A 
 243      DD8F3012 
 243      4709
ARM GAS  e:\temp\ccFAbZ9b.s 			page 18


 244 0217 18280133 		.ascii	"\030(\0013J\220\243\304\246\033gA>\014\034\246\245\276"
 244      4A90A3C4 
 244      A61B6741 
 244      3E0C1CA6 
 244      A5BE
 245 0229 ED4C9699 		.ascii	"\355L\226\231;k\332 ?\310\311\357\324\270\207\317\005"
 245      3B6BDA20 
 245      3FC8C9EF 
 245      D4B887CF 
 245      05
 246 023a 6EE935FB 		.ascii	"n\3515\373&\215\232\030\005\003F\315\001s\315!^\263"
 246      268D9A18 
 246      050346CD 
 246      0173CD21 
 246      5EB3
 247 024c 23746DC1 		.ascii	"#tm\301.7\211\232\237\\\177o@\326`\032/\331E\377\034"
 247      2E37899A 
 247      9F5C7F6F 
 247      40D6601A 
 247      2FD945FF 
 248 0261 24648084 		.ascii	"$d\200\204\314 a\016r\254\373\370\010\310~\001\362\331"
 248      CC20610E 
 248      72ACFBF8 
 248      08C87E01 
 248      F2D9
 249 0273 83878B32 		.ascii	"\203\207\2132~\003'NIB6\215\211S\214I\373\351X\277\""
 249      7E03274E 
 249      4942368D 
 249      89538C49 
 249      FBE958BF 
 250 0288 4FF360E9 		.ascii	"O\363`\351\327\300\205o\262Aq\363)\300>\0257I6\011Q"
 250      D7C0856F 
 250      B24171F3 
 250      29C03E15 
 250      37493609 
 251 029d 9C03A736 		.ascii	"\234\003\2476\007#\350<\207Nm\240\202b\240\"\250\311"
 251      0723E83C 
 251      874E6DA0 
 251      8262A022 
 251      A8C9
 252 02af 970635A7 		.ascii	"\227\0065\247\"\344hl{\337\315\007%\222\034\224\363"
 252      22E4686C 
 252      7BDFCD07 
 252      25921C94 
 252      F3
 253 02c0 DD3F4E29 		.ascii	"\335?N)I\337y\340\316\326\237\356\014d\2578\037_q\211"
 253      49DF79E0 
 253      CED69FEE 
 253      0C64AF38 
 253      1F5F7189 
 254 02d4 47F5F918 		.ascii	"G\365\371\030Y\370\364\003\213>\037\261m\363~J\3530"
 254      59F8F403 
 254      8B3E1FB1 
 254      6DF37E4A 
 254      EB30
 255 02e6 CFC2E260 		.ascii	"\317\302\342`\330 1l\326g\214\353\323\360vdb\255|]\350"
 255      D820316C 
ARM GAS  e:\temp\ccFAbZ9b.s 			page 19


 255      D6678CEB 
 255      D3F07664 
 255      62AD7C5D 
 256 02fb D3E00F9C 		.ascii	"\323\340\017\234\320\346,\032\272\232\372\255\306\015"
 256      D0E62C1A 
 256      BA9AFAAD 
 256      C60D
 257 0309 9871334C 		.ascii	"\230q3L\214\303\314\034\354m\226\305\260[\360\372\333"
 257      8CC3CC1C 
 257      EC6D96C5 
 257      B05BF0FA 
 257      DB
 258 031a E513F36B 		.ascii	"\345\023\363k\305\260\347\343\365\273\211\216N\366\326"
 258      C5B0E7E3 
 258      F5BB898E 
 258      4EF6D6
 259 0329 C5744F24 		.ascii	"\305tO$rL\312\273\204\362\223s\267\177\317\224\377\020"
 259      724CCABB 
 259      84F29373 
 259      B77FCF94 
 259      FF10
 260 033b CAC79B16 		.ascii	"\312\307\233\026\346l\272\362\365\007h\356f\002\023"
 260      E66CBAF2 
 260      F50768EE 
 260      660213
 261 034a D8FB05A6 		.ascii	"\330\373\005\246\374eT\336\245)?\211\316\213\206\362"
 261      FC6554DE 
 261      A5293F89 
 261      CE8B86F2 
 262 035a 21A1FC14 		.ascii	"!\241\374\024\252x\311`\353\322\224\177\347V\303\267"
 262      AA78C960 
 262      EBD2947F 
 262      E756C3B7 
 263 036a 56E50893 		.ascii	"V\345\010\223s5\230lt\277\247\315V\371\201 u\355\350"
 263      7335986C 
 263      74BFA7CD 
 263      56F98120 
 263      75EDE8
 264 037d 60A3ACFF 		.ascii	"`\243\254\377mDg~\331|\220R\200\031\254u\325\250u\005"
 264      6D44677E 
 264      D97C9052 
 264      8019AC75 
 264      D5A87505 
 265 0391 B4FF8DE5 		.ascii	"\264\377\215\3455\246\323\327\370\363\336\305cv\373"
 265      35A6D3D7 
 265      F8F3DEC5 
 265      6376FB
 266 03a0 BBC94E39 		.ascii	"\273\311N9\242\236D \016v\376\217\310\316\307\266\024"
 266      A29E4420 
 266      0E76FE8F 
 266      C8CEC7B6 
 266      14
 267 03b1 95946F2D 		.ascii	"\225\224o-{\255\264|o\305\356\3622\325\267\321[\365"
 267      7BADB47C 
 267      6FC5EEF2 
 267      32D5B7D1 
 267      5BF5
ARM GAS  e:\temp\ccFAbZ9b.s 			page 20


 268 03c3 96BAB5A6 		.ascii	"\226\272\265\246R\315\330\364\312\353\371%\205\205\304"
 268      52CDD8F4 
 268      CAEBF925 
 268      8585C4
 269 03d2 5A5B55ED 		.ascii	"Z[U\355{\356\311Mj\265\352\365\370\324\312\362\262\232"
 269      7BEEC94D 
 269      6AB5EAF5 
 269      F8D4CAF2 
 269      B29A
 270 03e4 5A6F85BA 		.ascii	"Zo\205\272\343\325\262\232\222gvT\354\363\355\333\243"
 270      E3D5B29A 
 270      92677654 
 270      ECF3EDDB 
 270      A3
 271 03f5 EE2D7893 		.ascii	"\356-x\2238W\2100W(\250 \271)\025\337\360V\371\324G"
 271      38578830 
 271      5728A820 
 271      B92915DF 
 271      F056F9D4 
 272 040a 525CA5AA 		.ascii	"R\\\245\252\2472o\231g\243\307\347)Uw=\261\224\357\226"
 272      A7326F99 
 272      67A3C7E7 
 272      2955773D 
 272      B194EF96 
 273 041e 6A9FEAF5 		.ascii	"j\237\352\365\326\356\3611\3166F\265\360\331\307S\202"
 273      D6EEF131 
 273      CE3646B5 
 273      F0D9C753 
 273      82
 274 042f 4A76AB1E 		.ascii	"Jv\253\036o2\214\207\024\027Y\275\352\256\342\242\377"
 274      6F328C87 
 274      141759BD 
 274      EAAEE2A2 
 274      FF
 275 0440 00788525 		.ascii	"\000x\205%W"
 275      57
 276              		.text
 277              		.section	.gnu.lto_.symtab.6240bde5,"",%progbits
 278 0000 4932435F 		.ascii	"I2C_MSTR_scl_SetDriveMode\000"
 278      4D535452 
 278      5F73636C 
 278      5F536574 
 278      44726976 
 279 001a 00       		.ascii	"\000"
 280 001b 00       		.ascii	"\000"
 281 001c 00       		.ascii	"\000"
 282 001d 00000000 		.ascii	"\000\000\000\000\000\000\000\000"
 282      00000000 
 283 0025 B3000000 		.ascii	"\263\000\000\000"
 284 0029 4932435F 		.ascii	"I2C_MSTR_scl_Write\000"
 284      4D535452 
 284      5F73636C 
 284      5F577269 
 284      746500
 285 003c 00       		.ascii	"\000"
 286 003d 00       		.ascii	"\000"
 287 003e 00       		.ascii	"\000"
ARM GAS  e:\temp\ccFAbZ9b.s 			page 21


 288 003f 00000000 		.ascii	"\000\000\000\000\000\000\000\000"
 288      00000000 
 289 0047 B5000000 		.ascii	"\265\000\000\000"
 290 004b 4932435F 		.ascii	"I2C_MSTR_scl_Read\000"
 290      4D535452 
 290      5F73636C 
 290      5F526561 
 290      6400
 291 005d 00       		.ascii	"\000"
 292 005e 00       		.ascii	"\000"
 293 005f 00       		.ascii	"\000"
 294 0060 00000000 		.ascii	"\000\000\000\000\000\000\000\000"
 294      00000000 
 295 0068 B8000000 		.ascii	"\270\000\000\000"
 296 006c 4932435F 		.ascii	"I2C_MSTR_scl_ReadDataReg\000"
 296      4D535452 
 296      5F73636C 
 296      5F526561 
 296      64446174 
 297 0085 00       		.ascii	"\000"
 298 0086 00       		.ascii	"\000"
 299 0087 00       		.ascii	"\000"
 300 0088 00000000 		.ascii	"\000\000\000\000\000\000\000\000"
 300      00000000 
 301 0090 BA000000 		.ascii	"\272\000\000\000"
 302 0094 4932435F 		.ascii	"I2C_MSTR_scl_SetInterruptMode\000"
 302      4D535452 
 302      5F73636C 
 302      5F536574 
 302      496E7465 
 303 00b2 00       		.ascii	"\000"
 304 00b3 00       		.ascii	"\000"
 305 00b4 00       		.ascii	"\000"
 306 00b5 00000000 		.ascii	"\000\000\000\000\000\000\000\000"
 306      00000000 
 307 00bd C4000000 		.ascii	"\304\000\000\000"
 308 00c1 4932435F 		.ascii	"I2C_MSTR_scl_ClearInterrupt\000"
 308      4D535452 
 308      5F73636C 
 308      5F436C65 
 308      6172496E 
 309 00dd 00       		.ascii	"\000"
 310 00de 00       		.ascii	"\000"
 311 00df 00       		.ascii	"\000"
 312 00e0 00000000 		.ascii	"\000\000\000\000\000\000\000\000"
 312      00000000 
 313 00e8 C6000000 		.ascii	"\306\000\000\000"
 314              		.text
 315              		.section	.gnu.lto_.opts,"",%progbits
 316 0000 272D666D 		.ascii	"'-fmath-errno' '-fsigned-zeros' '-ftrapping-math' '"
 316      6174682D 
 316      6572726E 
 316      6F272027 
 316      2D667369 
 317 0033 2D666E6F 		.ascii	"-fno-trapv' '-fno-openmp' '-fno-openacc' '-mcpu=cor"
 317      2D747261 
 317      70762720 
ARM GAS  e:\temp\ccFAbZ9b.s 			page 22


 317      272D666E 
 317      6F2D6F70 
 318 0066 7465782D 		.ascii	"tex-m0' '-mthumb' '-g' '-Os' '-Werror' '-ffunction-"
 318      6D302720 
 318      272D6D74 
 318      68756D62 
 318      2720272D 
 319 0099 73656374 		.ascii	"sections' '-ffat-lto-objects' '-finline-functions' "
 319      696F6E73 
 319      2720272D 
 319      66666174 
 319      2D6C746F 
 320 00cc 272D666C 		.ascii	"'-flto' '-fno-strict-aliasing'\000"
 320      746F2720 
 320      272D666E 
 320      6F2D7374 
 320      72696374 
 321              		.text
 322              		.cfi_sections	.debug_frame
 323              		.section	.text.I2C_MSTR_scl_SetDriveMode,"ax",%progbits
 324              		.align	1
 325              		.global	I2C_MSTR_scl_SetDriveMode
 326              		.code	16
 327              		.thumb_func
 328              		.type	I2C_MSTR_scl_SetDriveMode, %function
 329              	I2C_MSTR_scl_SetDriveMode:
 330              	.LFB0:
 331              		.file 1 "Generated_Source\\PSoC4\\I2C_MSTR_scl.c"
   1:Generated_Source\PSoC4/I2C_MSTR_scl.c **** /*******************************************************************************
   2:Generated_Source\PSoC4/I2C_MSTR_scl.c **** * File Name: I2C_MSTR_scl.c  
   3:Generated_Source\PSoC4/I2C_MSTR_scl.c **** * Version 2.20
   4:Generated_Source\PSoC4/I2C_MSTR_scl.c **** *
   5:Generated_Source\PSoC4/I2C_MSTR_scl.c **** * Description:
   6:Generated_Source\PSoC4/I2C_MSTR_scl.c **** *  This file contains API to enable firmware control of a Pins component.
   7:Generated_Source\PSoC4/I2C_MSTR_scl.c **** *
   8:Generated_Source\PSoC4/I2C_MSTR_scl.c **** ********************************************************************************
   9:Generated_Source\PSoC4/I2C_MSTR_scl.c **** * Copyright 2008-2015, Cypress Semiconductor Corporation.  All rights reserved.
  10:Generated_Source\PSoC4/I2C_MSTR_scl.c **** * You may use this file only in accordance with the license, terms, conditions, 
  11:Generated_Source\PSoC4/I2C_MSTR_scl.c **** * disclaimers, and limitations in the end user license agreement accompanying 
  12:Generated_Source\PSoC4/I2C_MSTR_scl.c **** * the software package with which this file was provided.
  13:Generated_Source\PSoC4/I2C_MSTR_scl.c **** *******************************************************************************/
  14:Generated_Source\PSoC4/I2C_MSTR_scl.c **** 
  15:Generated_Source\PSoC4/I2C_MSTR_scl.c **** #include "cytypes.h"
  16:Generated_Source\PSoC4/I2C_MSTR_scl.c **** #include "I2C_MSTR_scl.h"
  17:Generated_Source\PSoC4/I2C_MSTR_scl.c **** 
  18:Generated_Source\PSoC4/I2C_MSTR_scl.c **** 
  19:Generated_Source\PSoC4/I2C_MSTR_scl.c **** #if defined(I2C_MSTR_scl__PC)
  20:Generated_Source\PSoC4/I2C_MSTR_scl.c ****     #define I2C_MSTR_scl_SetP4PinDriveMode(shift, mode)  \
  21:Generated_Source\PSoC4/I2C_MSTR_scl.c ****     do { \
  22:Generated_Source\PSoC4/I2C_MSTR_scl.c ****         I2C_MSTR_scl_PC =   (I2C_MSTR_scl_PC & \
  23:Generated_Source\PSoC4/I2C_MSTR_scl.c ****                                 (uint32)(~(uint32)(I2C_MSTR_scl_DRIVE_MODE_IND_MASK << \
  24:Generated_Source\PSoC4/I2C_MSTR_scl.c ****                                 (I2C_MSTR_scl_DRIVE_MODE_BITS * (shift))))) | \
  25:Generated_Source\PSoC4/I2C_MSTR_scl.c ****                                 (uint32)((uint32)(mode) << \
  26:Generated_Source\PSoC4/I2C_MSTR_scl.c ****                                 (I2C_MSTR_scl_DRIVE_MODE_BITS * (shift))); \
  27:Generated_Source\PSoC4/I2C_MSTR_scl.c ****     } while (0)
  28:Generated_Source\PSoC4/I2C_MSTR_scl.c **** #else
  29:Generated_Source\PSoC4/I2C_MSTR_scl.c ****     #if (CY_PSOC4_4200L)
ARM GAS  e:\temp\ccFAbZ9b.s 			page 23


  30:Generated_Source\PSoC4/I2C_MSTR_scl.c ****         #define I2C_MSTR_scl_SetP4PinDriveMode(shift, mode)  \
  31:Generated_Source\PSoC4/I2C_MSTR_scl.c ****         do { \
  32:Generated_Source\PSoC4/I2C_MSTR_scl.c ****             I2C_MSTR_scl_USBIO_CTRL_REG = (I2C_MSTR_scl_USBIO_CTRL_REG & \
  33:Generated_Source\PSoC4/I2C_MSTR_scl.c ****                                     (uint32)(~(uint32)(I2C_MSTR_scl_DRIVE_MODE_IND_MASK << \
  34:Generated_Source\PSoC4/I2C_MSTR_scl.c ****                                     (I2C_MSTR_scl_DRIVE_MODE_BITS * (shift))))) | \
  35:Generated_Source\PSoC4/I2C_MSTR_scl.c ****                                     (uint32)((uint32)(mode) << \
  36:Generated_Source\PSoC4/I2C_MSTR_scl.c ****                                     (I2C_MSTR_scl_DRIVE_MODE_BITS * (shift))); \
  37:Generated_Source\PSoC4/I2C_MSTR_scl.c ****         } while (0)
  38:Generated_Source\PSoC4/I2C_MSTR_scl.c ****     #endif
  39:Generated_Source\PSoC4/I2C_MSTR_scl.c **** #endif
  40:Generated_Source\PSoC4/I2C_MSTR_scl.c ****   
  41:Generated_Source\PSoC4/I2C_MSTR_scl.c **** 
  42:Generated_Source\PSoC4/I2C_MSTR_scl.c **** #if defined(I2C_MSTR_scl__PC) || (CY_PSOC4_4200L) 
  43:Generated_Source\PSoC4/I2C_MSTR_scl.c ****     /*******************************************************************************
  44:Generated_Source\PSoC4/I2C_MSTR_scl.c ****     * Function Name: I2C_MSTR_scl_SetDriveMode
  45:Generated_Source\PSoC4/I2C_MSTR_scl.c ****     ****************************************************************************//**
  46:Generated_Source\PSoC4/I2C_MSTR_scl.c ****     *
  47:Generated_Source\PSoC4/I2C_MSTR_scl.c ****     * \brief Sets the drive mode for each of the Pins component's pins.
  48:Generated_Source\PSoC4/I2C_MSTR_scl.c ****     * 
  49:Generated_Source\PSoC4/I2C_MSTR_scl.c ****     * <b>Note</b> This affects all pins in the Pins component instance. Use the
  50:Generated_Source\PSoC4/I2C_MSTR_scl.c ****     * Per-Pin APIs if you wish to control individual pin's drive modes.
  51:Generated_Source\PSoC4/I2C_MSTR_scl.c ****     *
  52:Generated_Source\PSoC4/I2C_MSTR_scl.c ****     * <b>Note</b> USBIOs have limited drive functionality. Refer to the Drive Mode
  53:Generated_Source\PSoC4/I2C_MSTR_scl.c ****     * parameter for more information.
  54:Generated_Source\PSoC4/I2C_MSTR_scl.c ****     *
  55:Generated_Source\PSoC4/I2C_MSTR_scl.c ****     * \param mode
  56:Generated_Source\PSoC4/I2C_MSTR_scl.c ****     *  Mode for the selected signals. Valid options are documented in 
  57:Generated_Source\PSoC4/I2C_MSTR_scl.c ****     *  \ref driveMode.
  58:Generated_Source\PSoC4/I2C_MSTR_scl.c ****     *
  59:Generated_Source\PSoC4/I2C_MSTR_scl.c ****     * \return
  60:Generated_Source\PSoC4/I2C_MSTR_scl.c ****     *  None
  61:Generated_Source\PSoC4/I2C_MSTR_scl.c ****     *
  62:Generated_Source\PSoC4/I2C_MSTR_scl.c ****     * \sideeffect
  63:Generated_Source\PSoC4/I2C_MSTR_scl.c ****     *  If you use read-modify-write operations that are not atomic, the ISR can
  64:Generated_Source\PSoC4/I2C_MSTR_scl.c ****     *  cause corruption of this function. An ISR that interrupts this function 
  65:Generated_Source\PSoC4/I2C_MSTR_scl.c ****     *  and performs writes to the Pins component Drive Mode registers can cause 
  66:Generated_Source\PSoC4/I2C_MSTR_scl.c ****     *  corrupted port data. To avoid this issue, you should either use the Per-Pin
  67:Generated_Source\PSoC4/I2C_MSTR_scl.c ****     *  APIs (primary method) or disable interrupts around this function.
  68:Generated_Source\PSoC4/I2C_MSTR_scl.c ****     *
  69:Generated_Source\PSoC4/I2C_MSTR_scl.c ****     * \funcusage
  70:Generated_Source\PSoC4/I2C_MSTR_scl.c ****     *  \snippet I2C_MSTR_scl_SUT.c usage_I2C_MSTR_scl_SetDriveMode
  71:Generated_Source\PSoC4/I2C_MSTR_scl.c ****     *******************************************************************************/
  72:Generated_Source\PSoC4/I2C_MSTR_scl.c ****     void I2C_MSTR_scl_SetDriveMode(uint8 mode)
  73:Generated_Source\PSoC4/I2C_MSTR_scl.c ****     {
 332              		.loc 1 73 0
 333              		.cfi_startproc
 334              		@ args = 0, pretend = 0, frame = 0
 335              		@ frame_needed = 0, uses_anonymous_args = 0
 336              		@ link register save eliminated.
 337              	.LVL0:
  74:Generated_Source\PSoC4/I2C_MSTR_scl.c **** 		I2C_MSTR_scl_SetP4PinDriveMode(I2C_MSTR_scl__0__SHIFT, mode);
 338              		.loc 1 74 0
 339 0000 034A     		ldr	r2, .L2
 340 0002 044B     		ldr	r3, .L2+4
 341 0004 1168     		ldr	r1, [r2]
 342 0006 8001     		lsls	r0, r0, #6
 343              	.LVL1:
ARM GAS  e:\temp\ccFAbZ9b.s 			page 24


 344 0008 0B40     		ands	r3, r1
 345 000a 1843     		orrs	r0, r3
 346 000c 1060     		str	r0, [r2]
  75:Generated_Source\PSoC4/I2C_MSTR_scl.c ****     }
 347              		.loc 1 75 0
 348              		@ sp needed
 349 000e 7047     		bx	lr
 350              	.L3:
 351              		.align	2
 352              	.L2:
 353 0010 08010440 		.word	1074004232
 354 0014 3FFEFFFF 		.word	-449
 355              		.cfi_endproc
 356              	.LFE0:
 357              		.size	I2C_MSTR_scl_SetDriveMode, .-I2C_MSTR_scl_SetDriveMode
 358              		.section	.text.I2C_MSTR_scl_Write,"ax",%progbits
 359              		.align	1
 360              		.global	I2C_MSTR_scl_Write
 361              		.code	16
 362              		.thumb_func
 363              		.type	I2C_MSTR_scl_Write, %function
 364              	I2C_MSTR_scl_Write:
 365              	.LFB1:
  76:Generated_Source\PSoC4/I2C_MSTR_scl.c **** #endif
  77:Generated_Source\PSoC4/I2C_MSTR_scl.c **** 
  78:Generated_Source\PSoC4/I2C_MSTR_scl.c **** 
  79:Generated_Source\PSoC4/I2C_MSTR_scl.c **** /*******************************************************************************
  80:Generated_Source\PSoC4/I2C_MSTR_scl.c **** * Function Name: I2C_MSTR_scl_Write
  81:Generated_Source\PSoC4/I2C_MSTR_scl.c **** ****************************************************************************//**
  82:Generated_Source\PSoC4/I2C_MSTR_scl.c **** *
  83:Generated_Source\PSoC4/I2C_MSTR_scl.c **** * \brief Writes the value to the physical port (data output register), masking
  84:Generated_Source\PSoC4/I2C_MSTR_scl.c **** *  and shifting the bits appropriately. 
  85:Generated_Source\PSoC4/I2C_MSTR_scl.c **** *
  86:Generated_Source\PSoC4/I2C_MSTR_scl.c **** * The data output register controls the signal applied to the physical pin in 
  87:Generated_Source\PSoC4/I2C_MSTR_scl.c **** * conjunction with the drive mode parameter. This function avoids changing 
  88:Generated_Source\PSoC4/I2C_MSTR_scl.c **** * other bits in the port by using the appropriate method (read-modify-write or
  89:Generated_Source\PSoC4/I2C_MSTR_scl.c **** * bit banding).
  90:Generated_Source\PSoC4/I2C_MSTR_scl.c **** *
  91:Generated_Source\PSoC4/I2C_MSTR_scl.c **** * <b>Note</b> This function should not be used on a hardware digital output pin 
  92:Generated_Source\PSoC4/I2C_MSTR_scl.c **** * as it is driven by the hardware signal attached to it.
  93:Generated_Source\PSoC4/I2C_MSTR_scl.c **** *
  94:Generated_Source\PSoC4/I2C_MSTR_scl.c **** * \param value
  95:Generated_Source\PSoC4/I2C_MSTR_scl.c **** *  Value to write to the component instance.
  96:Generated_Source\PSoC4/I2C_MSTR_scl.c **** *
  97:Generated_Source\PSoC4/I2C_MSTR_scl.c **** * \return 
  98:Generated_Source\PSoC4/I2C_MSTR_scl.c **** *  None 
  99:Generated_Source\PSoC4/I2C_MSTR_scl.c **** *
 100:Generated_Source\PSoC4/I2C_MSTR_scl.c **** * \sideeffect
 101:Generated_Source\PSoC4/I2C_MSTR_scl.c **** *  If you use read-modify-write operations that are not atomic; the Interrupt 
 102:Generated_Source\PSoC4/I2C_MSTR_scl.c **** *  Service Routines (ISR) can cause corruption of this function. An ISR that 
 103:Generated_Source\PSoC4/I2C_MSTR_scl.c **** *  interrupts this function and performs writes to the Pins component data 
 104:Generated_Source\PSoC4/I2C_MSTR_scl.c **** *  register can cause corrupted port data. To avoid this issue, you should 
 105:Generated_Source\PSoC4/I2C_MSTR_scl.c **** *  either use the Per-Pin APIs (primary method) or disable interrupts around 
 106:Generated_Source\PSoC4/I2C_MSTR_scl.c **** *  this function.
 107:Generated_Source\PSoC4/I2C_MSTR_scl.c **** *
 108:Generated_Source\PSoC4/I2C_MSTR_scl.c **** * \funcusage
 109:Generated_Source\PSoC4/I2C_MSTR_scl.c **** *  \snippet I2C_MSTR_scl_SUT.c usage_I2C_MSTR_scl_Write
ARM GAS  e:\temp\ccFAbZ9b.s 			page 25


 110:Generated_Source\PSoC4/I2C_MSTR_scl.c **** *******************************************************************************/
 111:Generated_Source\PSoC4/I2C_MSTR_scl.c **** void I2C_MSTR_scl_Write(uint8 value)
 112:Generated_Source\PSoC4/I2C_MSTR_scl.c **** {
 366              		.loc 1 112 0
 367              		.cfi_startproc
 368              		@ args = 0, pretend = 0, frame = 0
 369              		@ frame_needed = 0, uses_anonymous_args = 0
 370              		@ link register save eliminated.
 371              	.LVL2:
 113:Generated_Source\PSoC4/I2C_MSTR_scl.c ****     uint8 drVal = (uint8)(I2C_MSTR_scl_DR & (uint8)(~I2C_MSTR_scl_MASK));
 372              		.loc 1 113 0
 373 0000 0423     		movs	r3, #4
 374 0002 0449     		ldr	r1, .L5
 114:Generated_Source\PSoC4/I2C_MSTR_scl.c ****     drVal = (drVal | ((uint8)(value << I2C_MSTR_scl_SHIFT) & I2C_MSTR_scl_MASK));
 115:Generated_Source\PSoC4/I2C_MSTR_scl.c ****     I2C_MSTR_scl_DR = (uint32)drVal;
 375              		.loc 1 115 0
 376 0004 8000     		lsls	r0, r0, #2
 377              	.LVL3:
 113:Generated_Source\PSoC4/I2C_MSTR_scl.c ****     uint8 drVal = (uint8)(I2C_MSTR_scl_DR & (uint8)(~I2C_MSTR_scl_MASK));
 378              		.loc 1 113 0
 379 0006 0A68     		ldr	r2, [r1]
 116:Generated_Source\PSoC4/I2C_MSTR_scl.c **** }
 380              		.loc 1 116 0
 381              		@ sp needed
 113:Generated_Source\PSoC4/I2C_MSTR_scl.c ****     uint8 drVal = (uint8)(I2C_MSTR_scl_DR & (uint8)(~I2C_MSTR_scl_MASK));
 382              		.loc 1 113 0
 383 0008 9A43     		bics	r2, r3
 384 000a D2B2     		uxtb	r2, r2
 115:Generated_Source\PSoC4/I2C_MSTR_scl.c **** }
 385              		.loc 1 115 0
 386 000c 0340     		ands	r3, r0
 387 000e 1343     		orrs	r3, r2
 388 0010 0B60     		str	r3, [r1]
 389              		.loc 1 116 0
 390 0012 7047     		bx	lr
 391              	.L6:
 392              		.align	2
 393              	.L5:
 394 0014 00010440 		.word	1074004224
 395              		.cfi_endproc
 396              	.LFE1:
 397              		.size	I2C_MSTR_scl_Write, .-I2C_MSTR_scl_Write
 398              		.section	.text.I2C_MSTR_scl_Read,"ax",%progbits
 399              		.align	1
 400              		.global	I2C_MSTR_scl_Read
 401              		.code	16
 402              		.thumb_func
 403              		.type	I2C_MSTR_scl_Read, %function
 404              	I2C_MSTR_scl_Read:
 405              	.LFB2:
 117:Generated_Source\PSoC4/I2C_MSTR_scl.c **** 
 118:Generated_Source\PSoC4/I2C_MSTR_scl.c **** 
 119:Generated_Source\PSoC4/I2C_MSTR_scl.c **** /*******************************************************************************
 120:Generated_Source\PSoC4/I2C_MSTR_scl.c **** * Function Name: I2C_MSTR_scl_Read
 121:Generated_Source\PSoC4/I2C_MSTR_scl.c **** ****************************************************************************//**
 122:Generated_Source\PSoC4/I2C_MSTR_scl.c **** *
 123:Generated_Source\PSoC4/I2C_MSTR_scl.c **** * \brief Reads the associated physical port (pin status register) and masks 
ARM GAS  e:\temp\ccFAbZ9b.s 			page 26


 124:Generated_Source\PSoC4/I2C_MSTR_scl.c **** *  the required bits according to the width and bit position of the component
 125:Generated_Source\PSoC4/I2C_MSTR_scl.c **** *  instance. 
 126:Generated_Source\PSoC4/I2C_MSTR_scl.c **** *
 127:Generated_Source\PSoC4/I2C_MSTR_scl.c **** * The pin's status register returns the current logic level present on the 
 128:Generated_Source\PSoC4/I2C_MSTR_scl.c **** * physical pin.
 129:Generated_Source\PSoC4/I2C_MSTR_scl.c **** *
 130:Generated_Source\PSoC4/I2C_MSTR_scl.c **** * \return 
 131:Generated_Source\PSoC4/I2C_MSTR_scl.c **** *  The current value for the pins in the component as a right justified number.
 132:Generated_Source\PSoC4/I2C_MSTR_scl.c **** *
 133:Generated_Source\PSoC4/I2C_MSTR_scl.c **** * \funcusage
 134:Generated_Source\PSoC4/I2C_MSTR_scl.c **** *  \snippet I2C_MSTR_scl_SUT.c usage_I2C_MSTR_scl_Read  
 135:Generated_Source\PSoC4/I2C_MSTR_scl.c **** *******************************************************************************/
 136:Generated_Source\PSoC4/I2C_MSTR_scl.c **** uint8 I2C_MSTR_scl_Read(void)
 137:Generated_Source\PSoC4/I2C_MSTR_scl.c **** {
 406              		.loc 1 137 0
 407              		.cfi_startproc
 408              		@ args = 0, pretend = 0, frame = 0
 409              		@ frame_needed = 0, uses_anonymous_args = 0
 410              		@ link register save eliminated.
 138:Generated_Source\PSoC4/I2C_MSTR_scl.c ****     return (uint8)((I2C_MSTR_scl_PS & I2C_MSTR_scl_MASK) >> I2C_MSTR_scl_SHIFT);
 411              		.loc 1 138 0
 412 0000 024B     		ldr	r3, .L8
 139:Generated_Source\PSoC4/I2C_MSTR_scl.c **** }
 413              		.loc 1 139 0
 414              		@ sp needed
 138:Generated_Source\PSoC4/I2C_MSTR_scl.c ****     return (uint8)((I2C_MSTR_scl_PS & I2C_MSTR_scl_MASK) >> I2C_MSTR_scl_SHIFT);
 415              		.loc 1 138 0
 416 0002 1868     		ldr	r0, [r3]
 417 0004 4007     		lsls	r0, r0, #29
 418 0006 C00F     		lsrs	r0, r0, #31
 419              		.loc 1 139 0
 420 0008 7047     		bx	lr
 421              	.L9:
 422 000a C046     		.align	2
 423              	.L8:
 424 000c 04010440 		.word	1074004228
 425              		.cfi_endproc
 426              	.LFE2:
 427              		.size	I2C_MSTR_scl_Read, .-I2C_MSTR_scl_Read
 428              		.section	.text.I2C_MSTR_scl_ReadDataReg,"ax",%progbits
 429              		.align	1
 430              		.global	I2C_MSTR_scl_ReadDataReg
 431              		.code	16
 432              		.thumb_func
 433              		.type	I2C_MSTR_scl_ReadDataReg, %function
 434              	I2C_MSTR_scl_ReadDataReg:
 435              	.LFB3:
 140:Generated_Source\PSoC4/I2C_MSTR_scl.c **** 
 141:Generated_Source\PSoC4/I2C_MSTR_scl.c **** 
 142:Generated_Source\PSoC4/I2C_MSTR_scl.c **** /*******************************************************************************
 143:Generated_Source\PSoC4/I2C_MSTR_scl.c **** * Function Name: I2C_MSTR_scl_ReadDataReg
 144:Generated_Source\PSoC4/I2C_MSTR_scl.c **** ****************************************************************************//**
 145:Generated_Source\PSoC4/I2C_MSTR_scl.c **** *
 146:Generated_Source\PSoC4/I2C_MSTR_scl.c **** * \brief Reads the associated physical port's data output register and masks 
 147:Generated_Source\PSoC4/I2C_MSTR_scl.c **** *  the correct bits according to the width and bit position of the component 
 148:Generated_Source\PSoC4/I2C_MSTR_scl.c **** *  instance. 
 149:Generated_Source\PSoC4/I2C_MSTR_scl.c **** *
ARM GAS  e:\temp\ccFAbZ9b.s 			page 27


 150:Generated_Source\PSoC4/I2C_MSTR_scl.c **** * The data output register controls the signal applied to the physical pin in 
 151:Generated_Source\PSoC4/I2C_MSTR_scl.c **** * conjunction with the drive mode parameter. This is not the same as the 
 152:Generated_Source\PSoC4/I2C_MSTR_scl.c **** * preferred I2C_MSTR_scl_Read() API because the 
 153:Generated_Source\PSoC4/I2C_MSTR_scl.c **** * I2C_MSTR_scl_ReadDataReg() reads the data register instead of the status 
 154:Generated_Source\PSoC4/I2C_MSTR_scl.c **** * register. For output pins this is a useful function to determine the value 
 155:Generated_Source\PSoC4/I2C_MSTR_scl.c **** * just written to the pin.
 156:Generated_Source\PSoC4/I2C_MSTR_scl.c **** *
 157:Generated_Source\PSoC4/I2C_MSTR_scl.c **** * \return 
 158:Generated_Source\PSoC4/I2C_MSTR_scl.c **** *  The current value of the data register masked and shifted into a right 
 159:Generated_Source\PSoC4/I2C_MSTR_scl.c **** *  justified number for the component instance.
 160:Generated_Source\PSoC4/I2C_MSTR_scl.c **** *
 161:Generated_Source\PSoC4/I2C_MSTR_scl.c **** * \funcusage
 162:Generated_Source\PSoC4/I2C_MSTR_scl.c **** *  \snippet I2C_MSTR_scl_SUT.c usage_I2C_MSTR_scl_ReadDataReg 
 163:Generated_Source\PSoC4/I2C_MSTR_scl.c **** *******************************************************************************/
 164:Generated_Source\PSoC4/I2C_MSTR_scl.c **** uint8 I2C_MSTR_scl_ReadDataReg(void)
 165:Generated_Source\PSoC4/I2C_MSTR_scl.c **** {
 436              		.loc 1 165 0
 437              		.cfi_startproc
 438              		@ args = 0, pretend = 0, frame = 0
 439              		@ frame_needed = 0, uses_anonymous_args = 0
 440              		@ link register save eliminated.
 166:Generated_Source\PSoC4/I2C_MSTR_scl.c ****     return (uint8)((I2C_MSTR_scl_DR & I2C_MSTR_scl_MASK) >> I2C_MSTR_scl_SHIFT);
 441              		.loc 1 166 0
 442 0000 024B     		ldr	r3, .L11
 167:Generated_Source\PSoC4/I2C_MSTR_scl.c **** }
 443              		.loc 1 167 0
 444              		@ sp needed
 166:Generated_Source\PSoC4/I2C_MSTR_scl.c ****     return (uint8)((I2C_MSTR_scl_DR & I2C_MSTR_scl_MASK) >> I2C_MSTR_scl_SHIFT);
 445              		.loc 1 166 0
 446 0002 1868     		ldr	r0, [r3]
 447 0004 4007     		lsls	r0, r0, #29
 448 0006 C00F     		lsrs	r0, r0, #31
 449              		.loc 1 167 0
 450 0008 7047     		bx	lr
 451              	.L12:
 452 000a C046     		.align	2
 453              	.L11:
 454 000c 00010440 		.word	1074004224
 455              		.cfi_endproc
 456              	.LFE3:
 457              		.size	I2C_MSTR_scl_ReadDataReg, .-I2C_MSTR_scl_ReadDataReg
 458              		.section	.text.I2C_MSTR_scl_SetInterruptMode,"ax",%progbits
 459              		.align	1
 460              		.global	I2C_MSTR_scl_SetInterruptMode
 461              		.code	16
 462              		.thumb_func
 463              		.type	I2C_MSTR_scl_SetInterruptMode, %function
 464              	I2C_MSTR_scl_SetInterruptMode:
 465              	.LFB4:
 168:Generated_Source\PSoC4/I2C_MSTR_scl.c **** 
 169:Generated_Source\PSoC4/I2C_MSTR_scl.c **** 
 170:Generated_Source\PSoC4/I2C_MSTR_scl.c **** /*******************************************************************************
 171:Generated_Source\PSoC4/I2C_MSTR_scl.c **** * Function Name: I2C_MSTR_scl_SetInterruptMode
 172:Generated_Source\PSoC4/I2C_MSTR_scl.c **** ****************************************************************************//**
 173:Generated_Source\PSoC4/I2C_MSTR_scl.c **** *
 174:Generated_Source\PSoC4/I2C_MSTR_scl.c **** * \brief Configures the interrupt mode for each of the Pins component's
 175:Generated_Source\PSoC4/I2C_MSTR_scl.c **** *  pins. Alternatively you may set the interrupt mode for all the pins
ARM GAS  e:\temp\ccFAbZ9b.s 			page 28


 176:Generated_Source\PSoC4/I2C_MSTR_scl.c **** *  specified in the Pins component.
 177:Generated_Source\PSoC4/I2C_MSTR_scl.c **** *
 178:Generated_Source\PSoC4/I2C_MSTR_scl.c **** *  <b>Note</b> The interrupt is port-wide and therefore any enabled pin
 179:Generated_Source\PSoC4/I2C_MSTR_scl.c **** *  interrupt may trigger it.
 180:Generated_Source\PSoC4/I2C_MSTR_scl.c **** *
 181:Generated_Source\PSoC4/I2C_MSTR_scl.c **** * \param position
 182:Generated_Source\PSoC4/I2C_MSTR_scl.c **** *  The pin position as listed in the Pins component. You may OR these to be 
 183:Generated_Source\PSoC4/I2C_MSTR_scl.c **** *  able to configure the interrupt mode of multiple pins within a Pins 
 184:Generated_Source\PSoC4/I2C_MSTR_scl.c **** *  component. Or you may use I2C_MSTR_scl_INTR_ALL to configure the
 185:Generated_Source\PSoC4/I2C_MSTR_scl.c **** *  interrupt mode of all the pins in the Pins component.       
 186:Generated_Source\PSoC4/I2C_MSTR_scl.c **** *  - I2C_MSTR_scl_0_INTR       (First pin in the list)
 187:Generated_Source\PSoC4/I2C_MSTR_scl.c **** *  - I2C_MSTR_scl_1_INTR       (Second pin in the list)
 188:Generated_Source\PSoC4/I2C_MSTR_scl.c **** *  - ...
 189:Generated_Source\PSoC4/I2C_MSTR_scl.c **** *  - I2C_MSTR_scl_INTR_ALL     (All pins in Pins component)
 190:Generated_Source\PSoC4/I2C_MSTR_scl.c **** *
 191:Generated_Source\PSoC4/I2C_MSTR_scl.c **** * \param mode
 192:Generated_Source\PSoC4/I2C_MSTR_scl.c **** *  Interrupt mode for the selected pins. Valid options are documented in
 193:Generated_Source\PSoC4/I2C_MSTR_scl.c **** *  \ref intrMode.
 194:Generated_Source\PSoC4/I2C_MSTR_scl.c **** *
 195:Generated_Source\PSoC4/I2C_MSTR_scl.c **** * \return 
 196:Generated_Source\PSoC4/I2C_MSTR_scl.c **** *  None
 197:Generated_Source\PSoC4/I2C_MSTR_scl.c **** *  
 198:Generated_Source\PSoC4/I2C_MSTR_scl.c **** * \sideeffect
 199:Generated_Source\PSoC4/I2C_MSTR_scl.c **** *  It is recommended that the interrupt be disabled before calling this 
 200:Generated_Source\PSoC4/I2C_MSTR_scl.c **** *  function to avoid unintended interrupt requests. Note that the interrupt
 201:Generated_Source\PSoC4/I2C_MSTR_scl.c **** *  type is port wide, and therefore will trigger for any enabled pin on the 
 202:Generated_Source\PSoC4/I2C_MSTR_scl.c **** *  port.
 203:Generated_Source\PSoC4/I2C_MSTR_scl.c **** *
 204:Generated_Source\PSoC4/I2C_MSTR_scl.c **** * \funcusage
 205:Generated_Source\PSoC4/I2C_MSTR_scl.c **** *  \snippet I2C_MSTR_scl_SUT.c usage_I2C_MSTR_scl_SetInterruptMode
 206:Generated_Source\PSoC4/I2C_MSTR_scl.c **** *******************************************************************************/
 207:Generated_Source\PSoC4/I2C_MSTR_scl.c **** void I2C_MSTR_scl_SetInterruptMode(uint16 position, uint16 mode)
 208:Generated_Source\PSoC4/I2C_MSTR_scl.c **** {
 466              		.loc 1 208 0
 467              		.cfi_startproc
 468              		@ args = 0, pretend = 0, frame = 0
 469              		@ frame_needed = 0, uses_anonymous_args = 0
 470              		@ link register save eliminated.
 471              	.LVL4:
 209:Generated_Source\PSoC4/I2C_MSTR_scl.c ****     uint32 intrCfg;
 210:Generated_Source\PSoC4/I2C_MSTR_scl.c ****     
 211:Generated_Source\PSoC4/I2C_MSTR_scl.c ****     intrCfg =  I2C_MSTR_scl_INTCFG & (uint32)(~(uint32)position);
 472              		.loc 1 211 0
 473 0000 034A     		ldr	r2, .L14
 212:Generated_Source\PSoC4/I2C_MSTR_scl.c ****     I2C_MSTR_scl_INTCFG = intrCfg | ((uint32)position & (uint32)mode);
 213:Generated_Source\PSoC4/I2C_MSTR_scl.c **** }
 474              		.loc 1 213 0
 475              		@ sp needed
 211:Generated_Source\PSoC4/I2C_MSTR_scl.c ****     I2C_MSTR_scl_INTCFG = intrCfg | ((uint32)position & (uint32)mode);
 476              		.loc 1 211 0
 477 0002 1368     		ldr	r3, [r2]
 478              	.LVL5:
 212:Generated_Source\PSoC4/I2C_MSTR_scl.c ****     I2C_MSTR_scl_INTCFG = intrCfg | ((uint32)position & (uint32)mode);
 479              		.loc 1 212 0
 480 0004 8343     		bics	r3, r0
 481              	.LVL6:
 482 0006 0840     		ands	r0, r1
ARM GAS  e:\temp\ccFAbZ9b.s 			page 29


 483              	.LVL7:
 484 0008 1843     		orrs	r0, r3
 485 000a 1060     		str	r0, [r2]
 486              		.loc 1 213 0
 487 000c 7047     		bx	lr
 488              	.L15:
 489 000e C046     		.align	2
 490              	.L14:
 491 0010 0C010440 		.word	1074004236
 492              		.cfi_endproc
 493              	.LFE4:
 494              		.size	I2C_MSTR_scl_SetInterruptMode, .-I2C_MSTR_scl_SetInterruptMode
 495              		.section	.text.I2C_MSTR_scl_ClearInterrupt,"ax",%progbits
 496              		.align	1
 497              		.global	I2C_MSTR_scl_ClearInterrupt
 498              		.code	16
 499              		.thumb_func
 500              		.type	I2C_MSTR_scl_ClearInterrupt, %function
 501              	I2C_MSTR_scl_ClearInterrupt:
 502              	.LFB5:
 214:Generated_Source\PSoC4/I2C_MSTR_scl.c **** 
 215:Generated_Source\PSoC4/I2C_MSTR_scl.c **** 
 216:Generated_Source\PSoC4/I2C_MSTR_scl.c **** /*******************************************************************************
 217:Generated_Source\PSoC4/I2C_MSTR_scl.c **** * Function Name: I2C_MSTR_scl_ClearInterrupt
 218:Generated_Source\PSoC4/I2C_MSTR_scl.c **** ****************************************************************************//**
 219:Generated_Source\PSoC4/I2C_MSTR_scl.c **** *
 220:Generated_Source\PSoC4/I2C_MSTR_scl.c **** * \brief Clears any active interrupts attached with the component and returns 
 221:Generated_Source\PSoC4/I2C_MSTR_scl.c **** *  the value of the interrupt status register allowing determination of which
 222:Generated_Source\PSoC4/I2C_MSTR_scl.c **** *  pins generated an interrupt event.
 223:Generated_Source\PSoC4/I2C_MSTR_scl.c **** *
 224:Generated_Source\PSoC4/I2C_MSTR_scl.c **** * \return 
 225:Generated_Source\PSoC4/I2C_MSTR_scl.c **** *  The right-shifted current value of the interrupt status register. Each pin 
 226:Generated_Source\PSoC4/I2C_MSTR_scl.c **** *  has one bit set if it generated an interrupt event. For example, bit 0 is 
 227:Generated_Source\PSoC4/I2C_MSTR_scl.c **** *  for pin 0 and bit 1 is for pin 1 of the Pins component.
 228:Generated_Source\PSoC4/I2C_MSTR_scl.c **** *  
 229:Generated_Source\PSoC4/I2C_MSTR_scl.c **** * \sideeffect
 230:Generated_Source\PSoC4/I2C_MSTR_scl.c **** *  Clears all bits of the physical port's interrupt status register, not just
 231:Generated_Source\PSoC4/I2C_MSTR_scl.c **** *  those associated with the Pins component.
 232:Generated_Source\PSoC4/I2C_MSTR_scl.c **** *
 233:Generated_Source\PSoC4/I2C_MSTR_scl.c **** * \funcusage
 234:Generated_Source\PSoC4/I2C_MSTR_scl.c **** *  \snippet I2C_MSTR_scl_SUT.c usage_I2C_MSTR_scl_ClearInterrupt
 235:Generated_Source\PSoC4/I2C_MSTR_scl.c **** *******************************************************************************/
 236:Generated_Source\PSoC4/I2C_MSTR_scl.c **** uint8 I2C_MSTR_scl_ClearInterrupt(void)
 237:Generated_Source\PSoC4/I2C_MSTR_scl.c **** {
 503              		.loc 1 237 0
 504              		.cfi_startproc
 505              		@ args = 0, pretend = 0, frame = 0
 506              		@ frame_needed = 0, uses_anonymous_args = 0
 507              		@ link register save eliminated.
 238:Generated_Source\PSoC4/I2C_MSTR_scl.c **** 	uint8 maskedStatus = (uint8)(I2C_MSTR_scl_INTSTAT & I2C_MSTR_scl_MASK);
 508              		.loc 1 238 0
 509 0000 0423     		movs	r3, #4
 510 0002 034A     		ldr	r2, .L17
 239:Generated_Source\PSoC4/I2C_MSTR_scl.c **** 	I2C_MSTR_scl_INTSTAT = maskedStatus;
 240:Generated_Source\PSoC4/I2C_MSTR_scl.c ****     return maskedStatus >> I2C_MSTR_scl_SHIFT;
 241:Generated_Source\PSoC4/I2C_MSTR_scl.c **** }
 511              		.loc 1 241 0
ARM GAS  e:\temp\ccFAbZ9b.s 			page 30


 512              		@ sp needed
 238:Generated_Source\PSoC4/I2C_MSTR_scl.c **** 	uint8 maskedStatus = (uint8)(I2C_MSTR_scl_INTSTAT & I2C_MSTR_scl_MASK);
 513              		.loc 1 238 0
 514 0004 1068     		ldr	r0, [r2]
 515 0006 1840     		ands	r0, r3
 516              	.LVL8:
 239:Generated_Source\PSoC4/I2C_MSTR_scl.c **** 	I2C_MSTR_scl_INTSTAT = maskedStatus;
 517              		.loc 1 239 0
 518 0008 1060     		str	r0, [r2]
 240:Generated_Source\PSoC4/I2C_MSTR_scl.c **** }
 519              		.loc 1 240 0
 520 000a 8008     		lsrs	r0, r0, #2
 521              	.LVL9:
 522 000c C0B2     		uxtb	r0, r0
 523              		.loc 1 241 0
 524 000e 7047     		bx	lr
 525              	.L18:
 526              		.align	2
 527              	.L17:
 528 0010 10010440 		.word	1074004240
 529              		.cfi_endproc
 530              	.LFE5:
 531              		.size	I2C_MSTR_scl_ClearInterrupt, .-I2C_MSTR_scl_ClearInterrupt
 532              		.text
 533              	.Letext0:
 534              		.file 2 "Generated_Source\\PSoC4\\cytypes.h"
 535              		.section	.debug_info,"",%progbits
 536              	.Ldebug_info0:
 537 0000 97010000 		.4byte	0x197
 538 0004 0400     		.2byte	0x4
 539 0006 00000000 		.4byte	.Ldebug_abbrev0
 540 000a 04       		.byte	0x4
 541 000b 01       		.uleb128 0x1
 542 000c 90010000 		.4byte	.LASF27
 543 0010 0C       		.byte	0xc
 544 0011 9A000000 		.4byte	.LASF28
 545 0015 19000000 		.4byte	.LASF29
 546 0019 00000000 		.4byte	.Ldebug_ranges0+0
 547 001d 00000000 		.4byte	0
 548 0021 00000000 		.4byte	.Ldebug_line0
 549 0025 02       		.uleb128 0x2
 550 0026 01       		.byte	0x1
 551 0027 06       		.byte	0x6
 552 0028 A9020000 		.4byte	.LASF0
 553 002c 02       		.uleb128 0x2
 554 002d 01       		.byte	0x1
 555 002e 08       		.byte	0x8
 556 002f C0000000 		.4byte	.LASF1
 557 0033 02       		.uleb128 0x2
 558 0034 02       		.byte	0x2
 559 0035 05       		.byte	0x5
 560 0036 90020000 		.4byte	.LASF2
 561 003a 02       		.uleb128 0x2
 562 003b 02       		.byte	0x2
 563 003c 07       		.byte	0x7
 564 003d E6000000 		.4byte	.LASF3
 565 0041 02       		.uleb128 0x2
ARM GAS  e:\temp\ccFAbZ9b.s 			page 31


 566 0042 04       		.byte	0x4
 567 0043 05       		.byte	0x5
 568 0044 A0020000 		.4byte	.LASF4
 569 0048 02       		.uleb128 0x2
 570 0049 04       		.byte	0x4
 571 004a 07       		.byte	0x7
 572 004b D4000000 		.4byte	.LASF5
 573 004f 02       		.uleb128 0x2
 574 0050 08       		.byte	0x8
 575 0051 05       		.byte	0x5
 576 0052 51020000 		.4byte	.LASF6
 577 0056 02       		.uleb128 0x2
 578 0057 08       		.byte	0x8
 579 0058 07       		.byte	0x7
 580 0059 79010000 		.4byte	.LASF7
 581 005d 03       		.uleb128 0x3
 582 005e 04       		.byte	0x4
 583 005f 05       		.byte	0x5
 584 0060 696E7400 		.ascii	"int\000"
 585 0064 02       		.uleb128 0x2
 586 0065 04       		.byte	0x4
 587 0066 07       		.byte	0x7
 588 0067 6C010000 		.4byte	.LASF8
 589 006b 04       		.uleb128 0x4
 590 006c 9A020000 		.4byte	.LASF9
 591 0070 02       		.byte	0x2
 592 0071 E401     		.2byte	0x1e4
 593 0073 2C000000 		.4byte	0x2c
 594 0077 04       		.uleb128 0x4
 595 0078 4D010000 		.4byte	.LASF10
 596 007c 02       		.byte	0x2
 597 007d E501     		.2byte	0x1e5
 598 007f 3A000000 		.4byte	0x3a
 599 0083 04       		.uleb128 0x4
 600 0084 5D010000 		.4byte	.LASF11
 601 0088 02       		.byte	0x2
 602 0089 E601     		.2byte	0x1e6
 603 008b 48000000 		.4byte	0x48
 604 008f 02       		.uleb128 0x2
 605 0090 04       		.byte	0x4
 606 0091 04       		.byte	0x4
 607 0092 94000000 		.4byte	.LASF12
 608 0096 02       		.uleb128 0x2
 609 0097 08       		.byte	0x8
 610 0098 04       		.byte	0x4
 611 0099 33010000 		.4byte	.LASF13
 612 009d 02       		.uleb128 0x2
 613 009e 01       		.byte	0x1
 614 009f 08       		.byte	0x8
 615 00a0 71020000 		.4byte	.LASF14
 616 00a4 04       		.uleb128 0x4
 617 00a5 00000000 		.4byte	.LASF15
 618 00a9 02       		.byte	0x2
 619 00aa 9002     		.2byte	0x290
 620 00ac B0000000 		.4byte	0xb0
 621 00b0 05       		.uleb128 0x5
 622 00b1 83000000 		.4byte	0x83
ARM GAS  e:\temp\ccFAbZ9b.s 			page 32


 623 00b5 06       		.uleb128 0x6
 624 00b6 76020000 		.4byte	.LASF16
 625 00ba 01       		.byte	0x1
 626 00bb 48       		.byte	0x48
 627 00bc 00000000 		.4byte	.LFB0
 628 00c0 18000000 		.4byte	.LFE0-.LFB0
 629 00c4 01       		.uleb128 0x1
 630 00c5 9C       		.byte	0x9c
 631 00c6 DA000000 		.4byte	0xda
 632 00ca 07       		.uleb128 0x7
 633 00cb 4C020000 		.4byte	.LASF18
 634 00cf 01       		.byte	0x1
 635 00d0 48       		.byte	0x48
 636 00d1 6B000000 		.4byte	0x6b
 637 00d5 00000000 		.4byte	.LLST0
 638 00d9 00       		.byte	0
 639 00da 06       		.uleb128 0x6
 640 00db 3A010000 		.4byte	.LASF17
 641 00df 01       		.byte	0x1
 642 00e0 6F       		.byte	0x6f
 643 00e1 00000000 		.4byte	.LFB1
 644 00e5 18000000 		.4byte	.LFE1-.LFB1
 645 00e9 01       		.uleb128 0x1
 646 00ea 9C       		.byte	0x9c
 647 00eb 0A010000 		.4byte	0x10a
 648 00ef 07       		.uleb128 0x7
 649 00f0 13000000 		.4byte	.LASF19
 650 00f4 01       		.byte	0x1
 651 00f5 6F       		.byte	0x6f
 652 00f6 6B000000 		.4byte	0x6b
 653 00fa 21000000 		.4byte	.LLST1
 654 00fe 08       		.uleb128 0x8
 655 00ff CE000000 		.4byte	.LASF30
 656 0103 01       		.byte	0x1
 657 0104 71       		.byte	0x71
 658 0105 6B000000 		.4byte	0x6b
 659 0109 00       		.byte	0
 660 010a 09       		.uleb128 0x9
 661 010b 5F020000 		.4byte	.LASF20
 662 010f 01       		.byte	0x1
 663 0110 88       		.byte	0x88
 664 0111 6B000000 		.4byte	0x6b
 665 0115 00000000 		.4byte	.LFB2
 666 0119 10000000 		.4byte	.LFE2-.LFB2
 667 011d 01       		.uleb128 0x1
 668 011e 9C       		.byte	0x9c
 669 011f 09       		.uleb128 0x9
 670 0120 B5020000 		.4byte	.LASF21
 671 0124 01       		.byte	0x1
 672 0125 A4       		.byte	0xa4
 673 0126 6B000000 		.4byte	0x6b
 674 012a 00000000 		.4byte	.LFB3
 675 012e 10000000 		.4byte	.LFE3-.LFB3
 676 0132 01       		.uleb128 0x1
 677 0133 9C       		.byte	0x9c
 678 0134 06       		.uleb128 0x6
 679 0135 15010000 		.4byte	.LASF22
ARM GAS  e:\temp\ccFAbZ9b.s 			page 33


 680 0139 01       		.byte	0x1
 681 013a CF       		.byte	0xcf
 682 013b 00000000 		.4byte	.LFB4
 683 013f 14000000 		.4byte	.LFE4-.LFB4
 684 0143 01       		.uleb128 0x1
 685 0144 9C       		.byte	0x9c
 686 0145 75010000 		.4byte	0x175
 687 0149 07       		.uleb128 0x7
 688 014a 54010000 		.4byte	.LASF23
 689 014e 01       		.byte	0x1
 690 014f CF       		.byte	0xcf
 691 0150 77000000 		.4byte	0x77
 692 0154 42000000 		.4byte	.LLST2
 693 0158 0A       		.uleb128 0xa
 694 0159 4C020000 		.4byte	.LASF18
 695 015d 01       		.byte	0x1
 696 015e CF       		.byte	0xcf
 697 015f 77000000 		.4byte	0x77
 698 0163 01       		.uleb128 0x1
 699 0164 51       		.byte	0x51
 700 0165 0B       		.uleb128 0xb
 701 0166 64010000 		.4byte	.LASF25
 702 016a 01       		.byte	0x1
 703 016b D1       		.byte	0xd1
 704 016c 83000000 		.4byte	0x83
 705 0170 63000000 		.4byte	.LLST3
 706 0174 00       		.byte	0
 707 0175 0C       		.uleb128 0xc
 708 0176 F9000000 		.4byte	.LASF24
 709 017a 01       		.byte	0x1
 710 017b EC       		.byte	0xec
 711 017c 6B000000 		.4byte	0x6b
 712 0180 00000000 		.4byte	.LFB5
 713 0184 14000000 		.4byte	.LFE5-.LFB5
 714 0188 01       		.uleb128 0x1
 715 0189 9C       		.byte	0x9c
 716 018a 0B       		.uleb128 0xb
 717 018b 06000000 		.4byte	.LASF26
 718 018f 01       		.byte	0x1
 719 0190 EE       		.byte	0xee
 720 0191 6B000000 		.4byte	0x6b
 721 0195 80000000 		.4byte	.LLST4
 722 0199 00       		.byte	0
 723 019a 00       		.byte	0
 724              		.section	.debug_abbrev,"",%progbits
 725              	.Ldebug_abbrev0:
 726 0000 01       		.uleb128 0x1
 727 0001 11       		.uleb128 0x11
 728 0002 01       		.byte	0x1
 729 0003 25       		.uleb128 0x25
 730 0004 0E       		.uleb128 0xe
 731 0005 13       		.uleb128 0x13
 732 0006 0B       		.uleb128 0xb
 733 0007 03       		.uleb128 0x3
 734 0008 0E       		.uleb128 0xe
 735 0009 1B       		.uleb128 0x1b
 736 000a 0E       		.uleb128 0xe
ARM GAS  e:\temp\ccFAbZ9b.s 			page 34


 737 000b 55       		.uleb128 0x55
 738 000c 17       		.uleb128 0x17
 739 000d 11       		.uleb128 0x11
 740 000e 01       		.uleb128 0x1
 741 000f 10       		.uleb128 0x10
 742 0010 17       		.uleb128 0x17
 743 0011 00       		.byte	0
 744 0012 00       		.byte	0
 745 0013 02       		.uleb128 0x2
 746 0014 24       		.uleb128 0x24
 747 0015 00       		.byte	0
 748 0016 0B       		.uleb128 0xb
 749 0017 0B       		.uleb128 0xb
 750 0018 3E       		.uleb128 0x3e
 751 0019 0B       		.uleb128 0xb
 752 001a 03       		.uleb128 0x3
 753 001b 0E       		.uleb128 0xe
 754 001c 00       		.byte	0
 755 001d 00       		.byte	0
 756 001e 03       		.uleb128 0x3
 757 001f 24       		.uleb128 0x24
 758 0020 00       		.byte	0
 759 0021 0B       		.uleb128 0xb
 760 0022 0B       		.uleb128 0xb
 761 0023 3E       		.uleb128 0x3e
 762 0024 0B       		.uleb128 0xb
 763 0025 03       		.uleb128 0x3
 764 0026 08       		.uleb128 0x8
 765 0027 00       		.byte	0
 766 0028 00       		.byte	0
 767 0029 04       		.uleb128 0x4
 768 002a 16       		.uleb128 0x16
 769 002b 00       		.byte	0
 770 002c 03       		.uleb128 0x3
 771 002d 0E       		.uleb128 0xe
 772 002e 3A       		.uleb128 0x3a
 773 002f 0B       		.uleb128 0xb
 774 0030 3B       		.uleb128 0x3b
 775 0031 05       		.uleb128 0x5
 776 0032 49       		.uleb128 0x49
 777 0033 13       		.uleb128 0x13
 778 0034 00       		.byte	0
 779 0035 00       		.byte	0
 780 0036 05       		.uleb128 0x5
 781 0037 35       		.uleb128 0x35
 782 0038 00       		.byte	0
 783 0039 49       		.uleb128 0x49
 784 003a 13       		.uleb128 0x13
 785 003b 00       		.byte	0
 786 003c 00       		.byte	0
 787 003d 06       		.uleb128 0x6
 788 003e 2E       		.uleb128 0x2e
 789 003f 01       		.byte	0x1
 790 0040 3F       		.uleb128 0x3f
 791 0041 19       		.uleb128 0x19
 792 0042 03       		.uleb128 0x3
 793 0043 0E       		.uleb128 0xe
ARM GAS  e:\temp\ccFAbZ9b.s 			page 35


 794 0044 3A       		.uleb128 0x3a
 795 0045 0B       		.uleb128 0xb
 796 0046 3B       		.uleb128 0x3b
 797 0047 0B       		.uleb128 0xb
 798 0048 27       		.uleb128 0x27
 799 0049 19       		.uleb128 0x19
 800 004a 11       		.uleb128 0x11
 801 004b 01       		.uleb128 0x1
 802 004c 12       		.uleb128 0x12
 803 004d 06       		.uleb128 0x6
 804 004e 40       		.uleb128 0x40
 805 004f 18       		.uleb128 0x18
 806 0050 9742     		.uleb128 0x2117
 807 0052 19       		.uleb128 0x19
 808 0053 01       		.uleb128 0x1
 809 0054 13       		.uleb128 0x13
 810 0055 00       		.byte	0
 811 0056 00       		.byte	0
 812 0057 07       		.uleb128 0x7
 813 0058 05       		.uleb128 0x5
 814 0059 00       		.byte	0
 815 005a 03       		.uleb128 0x3
 816 005b 0E       		.uleb128 0xe
 817 005c 3A       		.uleb128 0x3a
 818 005d 0B       		.uleb128 0xb
 819 005e 3B       		.uleb128 0x3b
 820 005f 0B       		.uleb128 0xb
 821 0060 49       		.uleb128 0x49
 822 0061 13       		.uleb128 0x13
 823 0062 02       		.uleb128 0x2
 824 0063 17       		.uleb128 0x17
 825 0064 00       		.byte	0
 826 0065 00       		.byte	0
 827 0066 08       		.uleb128 0x8
 828 0067 34       		.uleb128 0x34
 829 0068 00       		.byte	0
 830 0069 03       		.uleb128 0x3
 831 006a 0E       		.uleb128 0xe
 832 006b 3A       		.uleb128 0x3a
 833 006c 0B       		.uleb128 0xb
 834 006d 3B       		.uleb128 0x3b
 835 006e 0B       		.uleb128 0xb
 836 006f 49       		.uleb128 0x49
 837 0070 13       		.uleb128 0x13
 838 0071 00       		.byte	0
 839 0072 00       		.byte	0
 840 0073 09       		.uleb128 0x9
 841 0074 2E       		.uleb128 0x2e
 842 0075 00       		.byte	0
 843 0076 3F       		.uleb128 0x3f
 844 0077 19       		.uleb128 0x19
 845 0078 03       		.uleb128 0x3
 846 0079 0E       		.uleb128 0xe
 847 007a 3A       		.uleb128 0x3a
 848 007b 0B       		.uleb128 0xb
 849 007c 3B       		.uleb128 0x3b
 850 007d 0B       		.uleb128 0xb
ARM GAS  e:\temp\ccFAbZ9b.s 			page 36


 851 007e 27       		.uleb128 0x27
 852 007f 19       		.uleb128 0x19
 853 0080 49       		.uleb128 0x49
 854 0081 13       		.uleb128 0x13
 855 0082 11       		.uleb128 0x11
 856 0083 01       		.uleb128 0x1
 857 0084 12       		.uleb128 0x12
 858 0085 06       		.uleb128 0x6
 859 0086 40       		.uleb128 0x40
 860 0087 18       		.uleb128 0x18
 861 0088 9742     		.uleb128 0x2117
 862 008a 19       		.uleb128 0x19
 863 008b 00       		.byte	0
 864 008c 00       		.byte	0
 865 008d 0A       		.uleb128 0xa
 866 008e 05       		.uleb128 0x5
 867 008f 00       		.byte	0
 868 0090 03       		.uleb128 0x3
 869 0091 0E       		.uleb128 0xe
 870 0092 3A       		.uleb128 0x3a
 871 0093 0B       		.uleb128 0xb
 872 0094 3B       		.uleb128 0x3b
 873 0095 0B       		.uleb128 0xb
 874 0096 49       		.uleb128 0x49
 875 0097 13       		.uleb128 0x13
 876 0098 02       		.uleb128 0x2
 877 0099 18       		.uleb128 0x18
 878 009a 00       		.byte	0
 879 009b 00       		.byte	0
 880 009c 0B       		.uleb128 0xb
 881 009d 34       		.uleb128 0x34
 882 009e 00       		.byte	0
 883 009f 03       		.uleb128 0x3
 884 00a0 0E       		.uleb128 0xe
 885 00a1 3A       		.uleb128 0x3a
 886 00a2 0B       		.uleb128 0xb
 887 00a3 3B       		.uleb128 0x3b
 888 00a4 0B       		.uleb128 0xb
 889 00a5 49       		.uleb128 0x49
 890 00a6 13       		.uleb128 0x13
 891 00a7 02       		.uleb128 0x2
 892 00a8 17       		.uleb128 0x17
 893 00a9 00       		.byte	0
 894 00aa 00       		.byte	0
 895 00ab 0C       		.uleb128 0xc
 896 00ac 2E       		.uleb128 0x2e
 897 00ad 01       		.byte	0x1
 898 00ae 3F       		.uleb128 0x3f
 899 00af 19       		.uleb128 0x19
 900 00b0 03       		.uleb128 0x3
 901 00b1 0E       		.uleb128 0xe
 902 00b2 3A       		.uleb128 0x3a
 903 00b3 0B       		.uleb128 0xb
 904 00b4 3B       		.uleb128 0x3b
 905 00b5 0B       		.uleb128 0xb
 906 00b6 27       		.uleb128 0x27
 907 00b7 19       		.uleb128 0x19
ARM GAS  e:\temp\ccFAbZ9b.s 			page 37


 908 00b8 49       		.uleb128 0x49
 909 00b9 13       		.uleb128 0x13
 910 00ba 11       		.uleb128 0x11
 911 00bb 01       		.uleb128 0x1
 912 00bc 12       		.uleb128 0x12
 913 00bd 06       		.uleb128 0x6
 914 00be 40       		.uleb128 0x40
 915 00bf 18       		.uleb128 0x18
 916 00c0 9742     		.uleb128 0x2117
 917 00c2 19       		.uleb128 0x19
 918 00c3 00       		.byte	0
 919 00c4 00       		.byte	0
 920 00c5 00       		.byte	0
 921              		.section	.debug_loc,"",%progbits
 922              	.Ldebug_loc0:
 923              	.LLST0:
 924 0000 00000000 		.4byte	.LVL0
 925 0004 08000000 		.4byte	.LVL1
 926 0008 0100     		.2byte	0x1
 927 000a 50       		.byte	0x50
 928 000b 08000000 		.4byte	.LVL1
 929 000f 18000000 		.4byte	.LFE0
 930 0013 0400     		.2byte	0x4
 931 0015 F3       		.byte	0xf3
 932 0016 01       		.uleb128 0x1
 933 0017 50       		.byte	0x50
 934 0018 9F       		.byte	0x9f
 935 0019 00000000 		.4byte	0
 936 001d 00000000 		.4byte	0
 937              	.LLST1:
 938 0021 00000000 		.4byte	.LVL2
 939 0025 06000000 		.4byte	.LVL3
 940 0029 0100     		.2byte	0x1
 941 002b 50       		.byte	0x50
 942 002c 06000000 		.4byte	.LVL3
 943 0030 18000000 		.4byte	.LFE1
 944 0034 0400     		.2byte	0x4
 945 0036 F3       		.byte	0xf3
 946 0037 01       		.uleb128 0x1
 947 0038 50       		.byte	0x50
 948 0039 9F       		.byte	0x9f
 949 003a 00000000 		.4byte	0
 950 003e 00000000 		.4byte	0
 951              	.LLST2:
 952 0042 00000000 		.4byte	.LVL4
 953 0046 08000000 		.4byte	.LVL7
 954 004a 0100     		.2byte	0x1
 955 004c 50       		.byte	0x50
 956 004d 08000000 		.4byte	.LVL7
 957 0051 14000000 		.4byte	.LFE4
 958 0055 0400     		.2byte	0x4
 959 0057 F3       		.byte	0xf3
 960 0058 01       		.uleb128 0x1
 961 0059 50       		.byte	0x50
 962 005a 9F       		.byte	0x9f
 963 005b 00000000 		.4byte	0
 964 005f 00000000 		.4byte	0
ARM GAS  e:\temp\ccFAbZ9b.s 			page 38


 965              	.LLST3:
 966 0063 04000000 		.4byte	.LVL5
 967 0067 06000000 		.4byte	.LVL6
 968 006b 0B00     		.2byte	0xb
 969 006d 70       		.byte	0x70
 970 006e 00       		.sleb128 0
 971 006f 0A       		.byte	0xa
 972 0070 FFFF     		.2byte	0xffff
 973 0072 1A       		.byte	0x1a
 974 0073 20       		.byte	0x20
 975 0074 73       		.byte	0x73
 976 0075 00       		.sleb128 0
 977 0076 1A       		.byte	0x1a
 978 0077 9F       		.byte	0x9f
 979 0078 00000000 		.4byte	0
 980 007c 00000000 		.4byte	0
 981              	.LLST4:
 982 0080 08000000 		.4byte	.LVL8
 983 0084 0C000000 		.4byte	.LVL9
 984 0088 0100     		.2byte	0x1
 985 008a 50       		.byte	0x50
 986 008b 0C000000 		.4byte	.LVL9
 987 008f 14000000 		.4byte	.LFE5
 988 0093 0400     		.2byte	0x4
 989 0095 72       		.byte	0x72
 990 0096 00       		.sleb128 0
 991 0097 06       		.byte	0x6
 992 0098 9F       		.byte	0x9f
 993 0099 00000000 		.4byte	0
 994 009d 00000000 		.4byte	0
 995              		.section	.debug_aranges,"",%progbits
 996 0000 44000000 		.4byte	0x44
 997 0004 0200     		.2byte	0x2
 998 0006 00000000 		.4byte	.Ldebug_info0
 999 000a 04       		.byte	0x4
 1000 000b 00       		.byte	0
 1001 000c 0000     		.2byte	0
 1002 000e 0000     		.2byte	0
 1003 0010 00000000 		.4byte	.LFB0
 1004 0014 18000000 		.4byte	.LFE0-.LFB0
 1005 0018 00000000 		.4byte	.LFB1
 1006 001c 18000000 		.4byte	.LFE1-.LFB1
 1007 0020 00000000 		.4byte	.LFB2
 1008 0024 10000000 		.4byte	.LFE2-.LFB2
 1009 0028 00000000 		.4byte	.LFB3
 1010 002c 10000000 		.4byte	.LFE3-.LFB3
 1011 0030 00000000 		.4byte	.LFB4
 1012 0034 14000000 		.4byte	.LFE4-.LFB4
 1013 0038 00000000 		.4byte	.LFB5
 1014 003c 14000000 		.4byte	.LFE5-.LFB5
 1015 0040 00000000 		.4byte	0
 1016 0044 00000000 		.4byte	0
 1017              		.section	.debug_ranges,"",%progbits
 1018              	.Ldebug_ranges0:
 1019 0000 00000000 		.4byte	.LFB0
 1020 0004 18000000 		.4byte	.LFE0
 1021 0008 00000000 		.4byte	.LFB1
ARM GAS  e:\temp\ccFAbZ9b.s 			page 39


 1022 000c 18000000 		.4byte	.LFE1
 1023 0010 00000000 		.4byte	.LFB2
 1024 0014 10000000 		.4byte	.LFE2
 1025 0018 00000000 		.4byte	.LFB3
 1026 001c 10000000 		.4byte	.LFE3
 1027 0020 00000000 		.4byte	.LFB4
 1028 0024 14000000 		.4byte	.LFE4
 1029 0028 00000000 		.4byte	.LFB5
 1030 002c 14000000 		.4byte	.LFE5
 1031 0030 00000000 		.4byte	0
 1032 0034 00000000 		.4byte	0
 1033              		.section	.debug_line,"",%progbits
 1034              	.Ldebug_line0:
 1035 0000 CB000000 		.section	.debug_str,"MS",%progbits,1
 1035      02004900 
 1035      00000201 
 1035      FB0E0D00 
 1035      01010101 
 1036              	.LASF15:
 1037 0000 72656733 		.ascii	"reg32\000"
 1037      3200
 1038              	.LASF26:
 1039 0006 6D61736B 		.ascii	"maskedStatus\000"
 1039      65645374 
 1039      61747573 
 1039      00
 1040              	.LASF19:
 1041 0013 76616C75 		.ascii	"value\000"
 1041      6500
 1042              	.LASF29:
 1043 0019 433A5C55 		.ascii	"C:\\Users\\Admin\\Desktop\\_FIRMWARE\\DBARLite\\CYP"
 1043      73657273 
 1043      5C41646D 
 1043      696E5C44 
 1043      65736B74 
 1044 0046 44353232 		.ascii	"D5225\\CYPD5225-96BZXI_notebook\\CYPD5225-96BZXI_no"
 1044      355C4359 
 1044      50443532 
 1044      32352D39 
 1044      36425A58 
 1045 0077 7465626F 		.ascii	"tebook.cydsn\\backup_fw.cydsn\000"
 1045      6F6B2E63 
 1045      7964736E 
 1045      5C626163 
 1045      6B75705F 
 1046              	.LASF12:
 1047 0094 666C6F61 		.ascii	"float\000"
 1047      7400
 1048              	.LASF28:
 1049 009a 47656E65 		.ascii	"Generated_Source\\PSoC4\\I2C_MSTR_scl.c\000"
 1049      72617465 
 1049      645F536F 
 1049      75726365 
 1049      5C50536F 
 1050              	.LASF1:
 1051 00c0 756E7369 		.ascii	"unsigned char\000"
 1051      676E6564 
ARM GAS  e:\temp\ccFAbZ9b.s 			page 40


 1051      20636861 
 1051      7200
 1052              	.LASF30:
 1053 00ce 64725661 		.ascii	"drVal\000"
 1053      6C00
 1054              	.LASF5:
 1055 00d4 6C6F6E67 		.ascii	"long unsigned int\000"
 1055      20756E73 
 1055      69676E65 
 1055      6420696E 
 1055      7400
 1056              	.LASF3:
 1057 00e6 73686F72 		.ascii	"short unsigned int\000"
 1057      7420756E 
 1057      7369676E 
 1057      65642069 
 1057      6E7400
 1058              	.LASF24:
 1059 00f9 4932435F 		.ascii	"I2C_MSTR_scl_ClearInterrupt\000"
 1059      4D535452 
 1059      5F73636C 
 1059      5F436C65 
 1059      6172496E 
 1060              	.LASF22:
 1061 0115 4932435F 		.ascii	"I2C_MSTR_scl_SetInterruptMode\000"
 1061      4D535452 
 1061      5F73636C 
 1061      5F536574 
 1061      496E7465 
 1062              	.LASF13:
 1063 0133 646F7562 		.ascii	"double\000"
 1063      6C6500
 1064              	.LASF17:
 1065 013a 4932435F 		.ascii	"I2C_MSTR_scl_Write\000"
 1065      4D535452 
 1065      5F73636C 
 1065      5F577269 
 1065      746500
 1066              	.LASF10:
 1067 014d 75696E74 		.ascii	"uint16\000"
 1067      313600
 1068              	.LASF23:
 1069 0154 706F7369 		.ascii	"position\000"
 1069      74696F6E 
 1069      00
 1070              	.LASF11:
 1071 015d 75696E74 		.ascii	"uint32\000"
 1071      333200
 1072              	.LASF25:
 1073 0164 696E7472 		.ascii	"intrCfg\000"
 1073      43666700 
 1074              	.LASF8:
 1075 016c 756E7369 		.ascii	"unsigned int\000"
 1075      676E6564 
 1075      20696E74 
 1075      00
 1076              	.LASF7:
ARM GAS  e:\temp\ccFAbZ9b.s 			page 41


 1077 0179 6C6F6E67 		.ascii	"long long unsigned int\000"
 1077      206C6F6E 
 1077      6720756E 
 1077      7369676E 
 1077      65642069 
 1078              	.LASF27:
 1079 0190 474E5520 		.ascii	"GNU C11 5.4.1 20160609 (release) [ARM/embedded-5-br"
 1079      43313120 
 1079      352E342E 
 1079      31203230 
 1079      31363036 
 1080 01c3 616E6368 		.ascii	"anch revision 237715] -mcpu=cortex-m0 -mthumb -g -O"
 1080      20726576 
 1080      6973696F 
 1080      6E203233 
 1080      37373135 
 1081 01f6 73202D66 		.ascii	"s -ffunction-sections -ffat-lto-objects -finline-fu"
 1081      66756E63 
 1081      74696F6E 
 1081      2D736563 
 1081      74696F6E 
 1082 0229 6E637469 		.ascii	"nctions -flto -fno-strict-aliasing\000"
 1082      6F6E7320 
 1082      2D666C74 
 1082      6F202D66 
 1082      6E6F2D73 
 1083              	.LASF18:
 1084 024c 6D6F6465 		.ascii	"mode\000"
 1084      00
 1085              	.LASF6:
 1086 0251 6C6F6E67 		.ascii	"long long int\000"
 1086      206C6F6E 
 1086      6720696E 
 1086      7400
 1087              	.LASF20:
 1088 025f 4932435F 		.ascii	"I2C_MSTR_scl_Read\000"
 1088      4D535452 
 1088      5F73636C 
 1088      5F526561 
 1088      6400
 1089              	.LASF14:
 1090 0271 63686172 		.ascii	"char\000"
 1090      00
 1091              	.LASF16:
 1092 0276 4932435F 		.ascii	"I2C_MSTR_scl_SetDriveMode\000"
 1092      4D535452 
 1092      5F73636C 
 1092      5F536574 
 1092      44726976 
 1093              	.LASF2:
 1094 0290 73686F72 		.ascii	"short int\000"
 1094      7420696E 
 1094      7400
 1095              	.LASF9:
 1096 029a 75696E74 		.ascii	"uint8\000"
 1096      3800
 1097              	.LASF4:
ARM GAS  e:\temp\ccFAbZ9b.s 			page 42


 1098 02a0 6C6F6E67 		.ascii	"long int\000"
 1098      20696E74 
 1098      00
 1099              	.LASF0:
 1100 02a9 7369676E 		.ascii	"signed char\000"
 1100      65642063 
 1100      68617200 
 1101              	.LASF21:
 1102 02b5 4932435F 		.ascii	"I2C_MSTR_scl_ReadDataReg\000"
 1102      4D535452 
 1102      5F73636C 
 1102      5F526561 
 1102      64446174 
 1103              		.comm	__gnu_lto_v1,1,1
 1104              		.ident	"GCC: (GNU Tools for ARM Embedded Processors) 5.4.1 20160609 (release) [ARM/embedded-5-bran
