ARM GAS  e:\temp\ccinxuH7.s 			page 1


   1              		.syntax unified
   2              		.cpu cortex-m0
   3              		.fpu softvfp
   4              		.eabi_attribute 20, 1
   5              		.eabi_attribute 21, 1
   6              		.eabi_attribute 23, 3
   7              		.eabi_attribute 24, 1
   8              		.eabi_attribute 25, 1
   9              		.eabi_attribute 26, 1
  10              		.eabi_attribute 30, 4
  11              		.eabi_attribute 34, 0
  12              		.eabi_attribute 18, 4
  13              		.thumb
  14              		.syntax unified
  15              		.file	"I2C_MSTR_sda.c"
  16              		.text
  17              	.Ltext0:
  18              		.section	.gnu.lto_.profile.62409757,"",%progbits
  19 0000 789C6361 		.ascii	"x\234ca`d`a`\000\222\352\212\000\000\331\000S"
  19      60646061 
  19      600092EA 
  19      8A0000D9 
  19      0053
  20              		.text
  21              		.section	.gnu.lto_.icf.62409757,"",%progbits
  22 0000 789C6361 		.ascii	"x\234ca`d\000\0015\006\004`c\330\272\366\367u~\306\237"
  22      60640001 
  22      35060460 
  22      63D8BAF6 
  22      F7757EC6 
  23 0015 0B8F1EE0 		.ascii	"\013\217\036\340b\232\270\356\373\036\026\346\331\023"
  23      629AB8EE 
  23      FB1E16E6 
  23      D913
  24 0023 EEB6F3B2 		.ascii	"\356\266\363\262<\274\367\365\004\013\353\275\206\177"
  24      3CBCF7F5 
  24      040BEBBD 
  24      867F
  25 0031 33D81900 		.ascii	"3\330\031\000tD\022\272"
  25      744412BA 
  26              		.text
  27              		.section	.gnu.lto_.jmpfuncs.62409757,"",%progbits
  28 0000 789C45C9 		.ascii	"x\234E\311\261\001\000 \010\300\260\026\320+\374\225"
  28      B1010020 
  28      08C0B016 
  28      D02BFC95 
  29 0010 D795C90C 		.ascii	"\327\225\311\014]Z\3108|\033\265\235\004$Thv\257\367"
  29      5D5AC838 
  29      7C1BB59D 
  29      04245468 
  29      76AFF7
  30 0023 2E215502 		.ascii	".!U\002@"
  30      40
  31              		.text
  32              		.section	.gnu.lto_.inline.62409757,"",%progbits
  33 0000 789C658D 		.ascii	"x\234e\215\311\015\2000\014\004\327\216\343\030\011"
  33      C90D8030 
ARM GAS  e:\temp\ccinxuH7.s 			page 2


  33      0C04D78E 
  33      E31809
  34 000f 093A4807 		.ascii	"\011:H\007\224@\245<R\012%P\012%`\203\004B\231\307>"
  34      9440A53C 
  34      520A2550 
  34      0A256083 
  34      044299C7 
  35 0024 767C0808 		.ascii	"v|\010\010\301\206\017\005\254\020\301\\%\333Wh\253"
  35      C1860F05 
  35      AC10C15C 
  35      25DB5768 
  35      AB
  36 0035 0C3E2609 		.ascii	"\014>&\011K\030\254\223\322\352-\031\232\011\254\347"
  36      4B18AC93 
  36      D2EA2D19 
  36      9A09ACE7 
  37 0045 F2F44EEA 		.ascii	"\362\364N\352+\211\023\214\331OP\204\374\237x\2141\226"
  37      2B89138C 
  37      D94F5084 
  37      FC9F788C 
  37      3196
  38 0057 51D4375F 		.ascii	"Q\3247_\031\\\353\300\017\342"
  38      195CEBC0 
  38      0FE2
  39              		.text
  40              		.section	.gnu.lto_.pureconst.62409757,"",%progbits
  41 0000 789C6361 		.ascii	"x\234ca`d\340e```c\220b\224b\222b\226b\221b\225\002"
  41      6064E065 
  41      60606063 
  41      90629462 
  41      92629662 
  42 0018 00059500 		.ascii	"\000\005\225\000\304"
  42      C4
  43              		.text
  44              		.section	.gnu.lto_I2C_MSTR_sda_SetDriveMode.62409757,"",%progbits
  45 0000 789C7D51 		.ascii	"x\234}QMK\033Q\024\275\347\275\311\214%~l\013\315\242"
  45      4D4B1B51 
  45      14BDE7BD 
  45      C98C257E 
  45      6C0BCDA2 
  46 0014 2B258B4A 		.ascii	"+%\213JQ\377\201\213\342B\010\246\313\224 f\226\032"
  46      51FF818B 
  46      E24208A6 
  46      CB942066 
  46      961A
  47 0026 4875ED4B 		.ascii	"Hu\355K\306Aq!BQpQ\262\012\261\351\207\226\320\332\356"
  47      C6417121 
  47      42517051 
  47      B20AB1E9 
  47      8796D0DA 
  48 003b 428AB6AB 		.ascii	"B\212\266\253\024\\\270,\342b\204\272\211\332\202\210"
  48      145CB82C 
  48      E26284BA 
  48      89DA8288 
  49 004b 3ADE3BC9 		.ascii	":\336;\311\332\007\357\336;\207s\016\347\335\261\010"
  49      DA07EFDE 
  49      3B87730E 
ARM GAS  e:\temp\ccinxuH7.s 			page 3


  49      E7DDB108 
  50 005b 24E707B7 		.ascii	"$\347\007\267g\334\237\360\205&\250\365\026Q\261G\001"
  50      67DC9FF0 
  50      8526A8F5 
  50      1651B147 
  50      01
  51 006c 32981ED0 		.ascii	"2\230\036\320\242\302\"\376\253[\205\346r\360]%\253"
  51      A2C222FE 
  51      AB5B85E6 
  51      72F05D25 
  51      AB
  52 007d 86CFB11F 		.ascii	"\206\317\261\037\244\212\306\177\354k\242PEN\204*\222"
  52      A48AC67F 
  52      EC6BA250 
  52      454E842A 
  52      92
  53 008e CCBAAC57 		.ascii	"\314\272\254W\336\304u\022\304\363y\253\375\247\177"
  53      DEC47512 
  53      C4F379AB 
  53      FDA77F
  54 009d A8624CC9 		.ascii	"\250bL\311\230/\257\214\3665\260\015\315\012\214&\360"
  54      982FAF8C 
  54      F635B00D 
  54      CD0A8C26 
  54      F0
  55 00ae 3C410C10 		.ascii	"<A\014\020\336aH\310'\237\3576\372\354%\261\177\332"
  55      DE6148C8 
  55      279FEF36 
  55      FAEC25B1 
  55      7FDA
  56 00c0 31450DB6 		.ascii	"1E\015\266\304\334\231j\2300\364L\243n\357\177\265\037"
  56      C4DC996A 
  56      9830F44C 
  56      A36EEF7F 
  56      B51F
  57 00d2 2996292D 		.ascii	")\226)-\305\202\210c2\332R\034)Dm\276\022\377\\)\351"
  57      C5828863 
  57      32DA521C 
  57      29446DBE 
  57      12FF5C29 
  58 00e7 3A40F37A 		.ascii	":@\363z\365h\313\026?O\313S6\375\346o\347\237\362\265"
  58      F568CB16 
  58      3F4FCB53 
  58      36FDE66F 
  58      E79FF2B5 
  59 00fb 8E72D6D7 		.ascii	"\216r\326\327\016\357\342\235\317\225\322\272\261\030"
  59      0EEFE29D 
  59      CF95D2BA 
  59      B118
  60 0109 3AABB47E 		.ascii	":\253\264~9e\274-.\301\327\026> \201\367Hp\246\217("
  60      3965BC2D 
  60      2EC1D716 
  60      3E2081F7 
  60      4870A68F 
  61 011e 83027837 		.ascii	"\203\002x7];\335q<\375V\333\216,\024~\206a8\200O\314"
  61      5D3BDD71 
  61      3CFD56DB 
ARM GAS  e:\temp\ccinxuH7.s 			page 4


  61      8E2C147E 
  61      86613880 
  62 0134 0E50BA70 		.ascii	"\016P\272p:\264\230\247-\221\265\2732\201d\247\027\273"
  62      3AB498A7 
  62      2D91B5BB 
  62      328164A7 
  62      17BB
  63 0146 D55E91C5 		.ascii	"\325^\221\305\240\261\023I\274\253.\305\211\314m\206"
  63      A0B11349 
  63      BCAB2EC5 
  63      89CC6D86 
  64 0156 9A9B10E8 		.ascii	"\232\233\020\350\241X\273\034\213%\364\027\245\306\336"
  64      A158BB1C 
  64      8B25F417 
  64      A5C6DE
  65 0165 81127AF4 		.ascii	"\201\022z\364W\332\012\262\003\336\310\340\013w\316"
  65      57DA0AB2 
  65      03DEC8E0 
  65      0B77CE
  66 0174 2D4CCFBB 		.ascii	"-L\317\273\271l:\277P\230q3\251t~|,312\236\235L\277"
  66      B96C3ABF 
  66      50987133 
  66      A9747E7C 
  66      2C333132 
  67 018c 9CCABECE 		.ascii	"\234\312\276\316M\017\317\2205\233\317\271\367\266\253"
  67      4D0FCF90 
  67      359BCFB9 
  67      F7B6AB
  68 019b A08B     		.ascii	"\240\213"
  69              		.text
  70              		.section	.gnu.lto_I2C_MSTR_sda_Write.62409757,"",%progbits
  71 0000 789C5551 		.ascii	"x\234UQMk\023Q\024\275\347\275\231\314\324X\334\271"
  71      4D6B1351 
  71      14BDE7BD 
  71      99CCD458 
  71      DCB9
  72 0012 318B6E6A 		.ascii	"1\213nj\311F\213\366\037tQ\\\010\245\021W\301\020\232"
  72      C9468BF6 
  72      1F74515C 
  72      08A51157 
  72      C1109A
  73 0025 59192C44 		.ascii	"Y\031,D\333m_\222&\201\252\320.lW6\013\221\266~\325"
  73      DB6D5F92 
  73      2681AAD0 
  73      2E6C5736 
  73      0B91B67E 
  74 003a AA286217 		.ascii	"\252(b\027\343 \004\027VD\021\205\"Z0EWQZ,\305\032\357"
  74      E3200417 
  74      56441185 
  74      225A3045 
  74      57515A2C 
  75 0051 9D41308F 		.ascii	"\235A0\217y\037s\346\234\363\316\275c\021H\306yE4\300"
  75      791F73E6 
  75      9CF3CEBD 
  75      631148C6 
  75      794534C0 
  76 0065 FB119ED0 		.ascii	"\373\021\236\320\0045\263NTt\025 \007\343\202&\025&"
ARM GAS  e:\temp\ccinxuH7.s 			page 5


  76      0435B34E 
  76      54741520 
  76      07E38226 
  76      1526
  77 0077 B1A3F615 		.ascii	"\261\243\366\025\202Z\363\251J.\032\036\237\277\376"
  77      825AF3A9 
  77      4A2E1A1E 
  77      9FBFFE
  78 0086 EA374B3E 		.ascii	"\3527K>*\232\250\255B'\302\"\222\314\332Z\253\275\203"
  78      2A9AA8AD 
  78      4227C222 
  78      92CCDA5A 
  78      ABBD83
  79 0099 4E82F85C 		.ascii	"N\202\370\\\015vZ\361\276\233\306\224\214i\247\215\256"
  79      0D765AF1 
  79      BE9BC694 
  79      8C69A78D 
  79      AE
  80 00aa 6860099A 		.ascii	"h`\011\232\0258\231@\177\202\030 ,\243O\310\337\202"
  80      15389940 
  80      7F821820 
  80      2CA34FC8 
  80      DF82
  81 00bc CB797D3C 		.ascii	"\313y}<\3245\036\317\266\321{Ct\376\333F\367\274\361"
  81      D4351ECF 
  81      B6D17B43 
  81      74FEDB46 
  81      F7BCF1
  82 00cf 8B3DA2BD 		.ascii	"\213=\242\275\365\277V\006s7W\377\\\353\216MI\252\036"
  82      F5BF5606 
  82      733757FF 
  82      5CEB8E4D 
  82      49AA1E
  83 00e2 DC466F94 		.ascii	"\334Fo\224\007w\020\343\012!\310\312\210o\332\355\262"
  83      077710E3 
  83      0A21C8CA 
  83      886FDAED 
  83      B2
  84 00f3 F1DF38CF 		.ascii	"\361\3378\317?8q\305\267*\315\213\266H>\333\220\004"
  84      3F3871C5 
  84      B72ACD8B 
  84      B6483EDB 
  84      9004
  85 0105 31011C59 		.ascii	"1\001\034Y\334\020\355\022\026Q\213\247t\342\207R\262"
  85      DC10ED12 
  85      16518BA7 
  85      74E28752 
  85      B2
  86 0116 EB2682BD 		.ascii	"\353&\202\275\351\365\205\011\361/k\351\312\\%x\355"
  86      E9F58509 
  86      F12F6BE9 
  86      CA5C2578 
  86      ED
  87 0127 6CAB8AB6 		.ascii	"l\253\212\266\302\350\317v\375y;z5\245\031cIG\266\236"
  87      C2E8CF76 
  87      FD793B7A 
  87      35A51963 
ARM GAS  e:\temp\ccinxuH7.s 			page 6


  87      4947B69E 
  88 013b BC3C54C7 		.ascii	"\274<T\307\365\342\024\367\313\306=$p\027\234\037+\250"
  88      F5E214F7 
  88      CBC63D24 
  88      70179C1F 
  88      2BA8
  89 014d 839A28FD 		.ascii	"\203\232(\375\254m\250\310P\263'#\345\337\325\015D\210"
  89      AC6DA8C8 
  89      50B32723 
  89      E5DFD50D 
  89      4488
  90 015f C5207B5C 		.ascii	"\305 {\\\335\236~uPl5\366\201\373,\337D\250\221\254"
  90      DD9E7E75 
  90      506C35F6 
  90      81FB2CDF 
  90      44A891AC 
  91 0173 CC1251AB 		.ascii	"\314\022Q\253\372~\341\\\244\342\307f\325\243\027\215"
  91      FA7EE15C 
  91      A4E2C766 
  91      D5A3178D 
  92 0183 AA2BAA18 		.ascii	"\252+\252\030\200U\026uX;\314c\322Z\375\312\362\001"
  92      80551675 
  92      583BCC63 
  92      D25AFDCA 
  92      F201
  93 0195 21811D1F 		.ascii	"!\201\035\037D\244\335XDq\303\000N\347en\224\371\323"
  93      44A4DD58 
  93      4471C300 
  93      4EE7656E 
  93      94F9D3
  94 01a8 BFCBBA22 		.ascii	"\277\313\272\"(\230\373rX\200\216\212\213\306\304;\213"
  94      2898FB72 
  94      58808E8A 
  94      8BC6C43B 
  94      8B
  95 01b9 7EC845B3 		.ascii	"~\310E\263\206\276\243\344\177\034\022A\370'[\012\322"
  95      86BEA3E4 
  95      7F1C1241 
  95      F8275B0A 
  95      D2
  96 01ca 606EF7D1 		.ascii	"`n\367\321!\357\202W\310^\362r\231\324\330xa\324K\017"
  96      21EF8257 
  96      C85EF272 
  96      99D4D878 
  96      61D44B0F 
  97 01de A7C60607 		.ascii	"\247\306\006\007\322\247N\014fN\247\316\214d.\346\262"
  97      D2A74E0C 
  97      664EA7CE 
  97      8C642EE6 
  97      B2
  98 01ef C746C99E 		.ascii	"\307F\311\236\310\346\307=;W8\233\315\377\005F,\326"
  98      C8E6C73D 
  98      3B57389B 
  98      CDFF0546 
  98      2CD6
  99 0201 1E       		.ascii	"\036"
 100              		.text
ARM GAS  e:\temp\ccinxuH7.s 			page 7


 101              		.section	.gnu.lto_I2C_MSTR_sda_Read.62409757,"",%progbits
 102 0000 789C4D8F 		.ascii	"x\234M\217\277KBQ\024\307\317\367\336g\212\341_\220"
 102      BF4B4251 
 102      14C7CFF7 
 102      DE678AE1 
 102      5F90
 103 0012 4353E412 		.ascii	"CS\344\022Q-M\015B\321\020\2046\205 \242oM\260\232\275"
 103      512D4D0D 
 103      42D11084 
 103      368520A2 
 103      6F4DB09A 
 104 0027 BEE75388 		.ascii	"\276\347S\210\006\227\012\202p*\265\037D\024\015M&A"
 104      06970A82 
 104      702AB51F 
 104      44140D4D 
 104      2641
 105 0039 42504B34 		.ascii	"BPK4W\204CSI\021De\347\372\032\272p\317\271\367\234"
 105      57844353 
 105      49114465 
 105      E7FA1ABA 
 105      70CFB9F7 
 106 004e CFFD7ECF 		.ascii	"\317\375~\3175\010\244\327\004\247A\316}\274!\011\242"
 106      3508A4D7 
 106      04A741CE 
 106      7DBC2109 
 106      A2
 107 005f 744D94F3 		.ascii	"tM\224\363\011@\037\224\017\224\025\310\342]|\013\\"
 107      09401F94 
 107      0F9415C8 
 107      E25D7C0B 
 107      5C
 108 0070 7D3457FD 		.ascii	"}4W\375\241\212R\226\272wv\3067\252u8\222\250#\010\243"
 108      A18A5296 
 108      BA7776C6 
 108      37AA7538 
 108      92A82308 
 109 0085 410C07B5 		.ascii	"A\014\007\265D\005!b\364\361\350g-\320\223W\274\372"
 109      44052162 
 109      F4F1E867 
 109      2DD09357 
 109      BCFA
 110 0097 35C09D2A 		.ascii	"5\300\235*z\264\345a\244\256:\035[\325\217\375\347\247"
 110      7AB4E561 
 110      A4AE3A1D 
 110      5BD58FFD 
 110      E7A7
 111 00a9 7E2E3992 		.ascii	"~.9\222}9\030:xH+\322\013\277\320\376\257B\350,[h|\256"
 111      7D39183A 
 111      78482BD2 
 111      0BBFD0FE 
 111      AF42E82C 
 112 00c1 DCD5E6B5 		.ascii	"\334\325\346\265\210-%\033\254;\215\033\357\233p\244"
 112      882D251B 
 112      AC3B8D1B 
 112      EF9B70A4 
 113 00d1 80F6B34A 		.ascii	"\200\366\263J\315\207\200{\315[%ep\251\270}\266\331"
 113      CD87807B 
ARM GAS  e:\temp\ccinxuH7.s 			page 8


 113      CD5B2565 
 113      70A9B87D 
 113      B6D9
 114 00e3 5BC6562E 		.ascii	"[\306V.\317SJ\354\"\210\032xF\354\241\014j\301nO\222"
 114      CF534AEC 
 114      22881A78 
 114      46ECA10C 
 114      6AC16E4F 
 115 00f8 2DE1CA9D 		.ascii	"-\341\312\235\\\\\026|\372\275\001`\2371\356\177\025"
 115      5C5C167C 
 115      FABD0160 
 115      9F31EE7F 
 115      15
 116 0109 6EBDAEA1 		.ascii	"n\275\256\241\301\334\177\210\031\034t!\253]|\202\013"
 116      C1DC7F88 
 116      191C7421 
 116      AB5D7C82 
 116      0B
 117 011a 7998A367 		.ascii	"y\230\243g\210\277\033u\277\001=>\177f`\312\\03\211"
 117      88BF1B75 
 117      BF013D3E 
 117      7F6660CA 
 117      5C303389 
 118 012e 2533158F 		.ascii	"%3\025\217\246\2273I36\033M\207\307b\323#\341\370Lt"
 118      A6973349 
 118      33361B4D 
 118      87C762D3 
 118      23E1F84C 
 119 0143 2E125F4C 		.ascii	".\022_L%\206\222\364\013Bbu\005"
 119      258692F4 
 119      0B426275 
 119      05
 120              		.text
 121              		.section	.gnu.lto_I2C_MSTR_sda_ReadDataReg.62409757,"",%progbits
 122 0000 789C6361 		.ascii	"x\234ca`d\000\001{ \245\001\244\245\201\230\221\231"
 122      60640001 
 122      7B20A501 
 122      A4A58198 
 122      9199
 123 0012 819169C2 		.ascii	"\201\221i\3029\006\206F\016&FF\020\243\201\203\221\241"
 123      39068646 
 123      0E264646 
 123      10A38183 
 123      91A1
 124 0024 9E89B19E 		.ascii	"\236\211\261\236\361+\323_&\306\323\337O\364pi.ohhj"
 124      F12BD35F 
 124      26C6D3DF 
 124      4FF47069 
 124      2E6F6868 
 125 0039 78D0BAD9 		.ascii	"x\320\272\331r\372\212\003\214\255\314\014\014\377\231"
 125      72FA8A03 
 125      8CADCC0C 
 125      0CFF99
 126 0048 18188D65 		.ascii	"\030\030\215e\030\015d@F,g\324d\000*}\264\361\337T^"
 126      180D6440 
 126      462C67D4 
 126      64002A7D 
ARM GAS  e:\temp\ccinxuH7.s 			page 9


 126      B4F1DF54 
 127 005d B6960620 		.ascii	"\266\226\006 P\000)\000\312\254`d\003Y\271>\350@\303"
 127      50002900 
 127      CAAC6064 
 127      0359B93E 
 127      E840C3
 128 0070 FFFFCD0D 		.ascii	"\377\377\315\015\007fs\037\234\307\015\024je\006\332"
 128      0766731F 
 128      9CC70D14 
 128      6A6506DA 
 129 0080 0B245840 		.ascii	"\013$X@\004+\003\310D\206\017@\035 \373?21\201h\346"
 129      042B03C8 
 129      44860F40 
 129      1D20FB3F 
 129      32318168 
 130 0095 678C877E 		.ascii	"g\214\207~u}[\023\0052\244\231\231\031h\301\264\326"
 130      757D5B13 
 130      0532A499 
 130      991968C1 
 130      B4D6
 131 00a7 43E7D9BF 		.ascii	"C\347\331\2770\265231\202\354\333\375\343\300tV\010"
 131      30B53233 
 131      3182ECDB 
 131      FDE3C074 
 131      5608
 132 00b9 B7A16942 		.ascii	"\267\241iB\003\013P\350\371\363\355'\371\3473\316ml"
 132      030B50E8 
 132      F9F3ED27 
 132      F9E733CE 
 132      6D6C
 133 00cb 01BA9299 		.ascii	"\001\272\222\231q\025\243\014\343JF\240\033\031W3\316"
 133      7115A30C 
 133      E34A46A0 
 133      1B195733 
 133      CE
 134 00dc 676478C6 		.ascii	"gdx\306\330\374\311\215\241\231\231\021b\334\226#\307"
 134      D8FCC98D 
 134      A1999911 
 134      62DC9623 
 134      C7
 135 00ed DB3840FA 		.ascii	"\3338@\372Y\030\031\031\327\000\225\001\345\377\264"
 135      59181919 
 135      D7009501 
 135      E5FFB4
 136 00fc 5D618758 		.ascii	"]a\207X\310\002T\207\254\010\250\206q-XQ\323\247\366"
 136      C8025487 
 136      AC08A886 
 136      712D5851 
 136      D3A7F6
 137 010f 278C1045 		.ascii	"'\214\020E\254@u\014\257\030\231\240<\006\2607\030A"
 137      AC40750C 
 137      AF1899A0 
 137      3C06B037 
 137      1841
 138 0121 CE077A46 		.ascii	"\316\007zF\315=5/\265(\261$5%>8\277\264(95& 8\337\331"
 138      CD3D352F 
 138      B528B124 
ARM GAS  e:\temp\ccinxuH7.s 			page 10


 138      35253E38 
 138      BFB42839 
 139 013b 24C6D3C8 		.ascii	"$\306\323\3109\33678$(\2768%Q/\231\001\000\011)v\034"
 139      39DE3738 
 139      2428BE38 
 139      25512F99 
 139      01000929 
 140              		.text
 141              		.section	.gnu.lto_I2C_MSTR_sda_SetInterruptMode.62409757,"",%progbits
 142 0000 789C6D51 		.ascii	"x\234mQMh\023A\024\2367\263\311n\222f\353\335\034r\251"
 142      4D681341 
 142      149E37B3 
 142      C96E9266 
 142      EBDD1C72 
 143 0015 2117C122 		.ascii	"!\027\301\"x\363\222\203x\250\224\306c!\204&J\016&\222"
 143      78F39283 
 143      78A894C6 
 143      63218426 
 143      4A0E2692 
 144 0029 C67327D9 		.ascii	"\306s'\331$\205\"R\024\003\226\226\202ei\264j\333\264"
 144      24852252 
 144      14039696 
 144      826569B4 
 144      6ADBB4
 145 003c 2AED690D 		.ascii	"*\355i\015z\363\207*\"\376P\264j\012\255bZ+U\321\306"
 145      7AF3872A 
 145      22FE50B4 
 145      6A0AAD62 
 145      5A2B55D1 
 146 0051 F7767329 		.ascii	"\367vs)8\260;\363>\276\357\233\357\275Q\0300ZU\316\330"
 146      38B03BF3 
 146      3EBEEF9B 
 146      EFBD5118 
 146      305A55CE 
 147 0066 71DC0FE2 		.ascii	"q\334\017\342\007\202\001\037}\312X^\343\000t\220\032"
 147      0782011F 
 147      7DCA585E 
 147      E3007490 
 147      1A
 148 0077 B0210E43 		.ascii	"\260!\016C\360\203\377\345P\037n,\361\360\264\304\365"
 148      F083FFE5 
 148      501F6E2C 
 148      F1F0B4C4 
 148      F5
 149 0088 FEF3FA11 		.ascii	"\376\363\372\021Y\265\240$\030kq\333\211\3014\204\221"
 149      59B5A024 
 149      186B71DB 
 149      89C13484 
 149      91
 150 0099 F5A8B56B 		.ascii	"\365\250\265ku\356\360\222\000 \321\363\346\343\011"
 150      75EEF092 
 150      0020D1F3 
 150      E6E309
 151 00a8 1F951C0E 		.ascii	"\037\225\034\016`9\266aVt\021\006\206\347\365\305\353"
 151      6039B661 
 151      56741106 
 151      86E7F5C5 
ARM GAS  e:\temp\ccinxuH7.s 			page 11


 151      EB
 152 00b9 AFBC2153 		.ascii	"\257\274!S\312\202\224\367\343\322U\022\002n\202@?\270"
 152      CA8294F7 
 152      E3D25512 
 152      026E8240 
 152      3FB8
 153 00cb 0101A842 		.ascii	"\001\001\250B\200!\304`\006B\310\376\276`^\361\211n"
 153      8021C460 
 153      0642C8FE 
 153      BE605EF1 
 153      896E
 154 00dd 5BB96D98 		.ascii	"[\271m\230FG[\371\253\255\274\365\037\345m\010\021}"
 154      46475BF9 
 154      ABADBCF5 
 154      1FE56D08 
 154      117D
 155 00ef A538372E 		.ascii	"\24587.\234H\012\226[O\306>\352N\244 \2263\346K\223"
 155      9C480A96 
 155      5B4FC63E 
 155      EA4EA420 
 155      9633E64B 
 156 0104 8B63B6F1 		.ascii	"\213c\266\361\310\353\3135\177\327\024\031[/.\351\327"
 156      C8EBCB35 
 156      7FD71419 
 156      5B2F2EE9 
 156      D7
 157 0115 A4550C96 		.ascii	"\244U\014\226\204\002s\216\371,\232\337AsZ\310^\233"
 157      8402738E 
 157      F92C9ADF 
 157      41735AC8 
 157      5E9B
 158 0127 DFBBEA77 		.ascii	"\337\273\352w\027i A\230\207.g\024P\0037\016\027\010"
 158      17692041 
 158      98872E67 
 158      14500337 
 158      0E1708
 159 013a 99EDB364 		.ascii	"\231\355\263d\253eHkE\177\360F\357\340\030\313\205)"
 159      AB65486B 
 159      457FF046 
 159      EFE018CB 
 159      8529
 160 014c B023858E 		.ascii	"\260#\205\216.\372\271\0311U\240\264\032\002n\017\241"
 160      2EFAB919 
 160      3155A0B4 
 160      1A026E0F 
 160      A1
 161 015d 5EFA31D6 		.ascii	"^\3721\326DGz\211-\316i\027\015\250\377\036Y]\356\245"
 161      44477A89 
 161      2DCE6917 
 161      0DA8FF1E 
 161      595DEEA5 
 162 0171 4B0C4103 		.ascii	"K\014A\003\256\224\352\317T\352F\265;\370\372mi\334"
 162      AE94EACF 
 162      54EA46B5 
 162      3BF8FA6D 
 162      69DC
 163 0183 EF94170B 		.ascii	"\357\224\027\013\243\222\372\255Mm~\352\234\204\211"
ARM GAS  e:\temp\ccinxuH7.s 			page 12


 163      A392FAAD 
 163      4D6D7EEA 
 163      9C8489
 164 0192 7C11DF4B 		.ascii	"|\021\337K\203Elb\201\232\200\2730\011\254\001\205\355"
 164      83456C62 
 164      819A80BB 
 164      3009AC01 
 164      85ED
 165 01a4 E1876EC7 		.ascii	"\341\207n\307P1pl\210\354\225w\024\007q!\210\210\361"
 165      5031706C 
 165      88EC9577 
 165      14077121 
 165      8888F1
 166 01b7 A7FC051C 		.ascii	"\247\374\005\034\204\356E\234\255\001\267[\305\360\010"
 166      84EE459C 
 166      AD01B75B 
 166      C5F008
 167 01c6 3A9CC6F2 		.ascii	":\234\306\362j\233\245\241\223!T\333^u \017\242D\373"
 167      6A9BA5A1 
 167      932154DB 
 167      5E75200F 
 167      A244FB
 168 01d9 597ED736 		.ascii	"Y~\3276\367\332n\036\004\353\225\017\001\302\366\305"
 168      F7DA6E1E 
 168      04EB950F 
 168      01C2F6C5 
 169 01e9 CD4BE9DB 		.ascii	"\315K\351\333\237\370\036&F\031\333\200\202\365\366"
 169      9FF81E26 
 169      4619DB80 
 169      82F5F6
 170 01f8 1409ECB7 		.ascii	"\024\011\354\267hr\240\351\340\254\016\235H\246\223"
 170      6872A0E9 
 170      E0AC0E9D 
 170      48A693
 171 0207 D9782E99 		.ascii	"\331x.\231\210E3\027\262\003\311\376\336h&r\264\377"
 171      88453317 
 171      B203C9FE 
 171      DE682672 
 171      B4FF
 172 0219 647724D6 		.ascii	"dw$\326\023=\335\027\033L\304\017\0170\355|f0\225Ke"
 172      133DDD17 
 172      1B4CC40F 
 172      0F30ED7C 
 172      6630954B 
 173 022e D2CAB94C 		.ascii	"\322\312\271L\"\251\246\322\271l\344\314\331\177Db\360"
 173      22A9A6D2 
 173      B96CE4CC 
 173      D97F4462 
 173      F0
 174 023f 47       		.ascii	"G"
 175              		.text
 176              		.section	.gnu.lto_I2C_MSTR_sda_ClearInterrupt.62409757,"",%progbits
 177 0000 789C5590 		.ascii	"x\234U\220\317K\033A\024\307\337wfcB\321\346\017h\016"
 177      CF4B1B41 
 177      14C7DF77 
 177      666342D1 
 177      E60F680E 
ARM GAS  e:\temp\ccinxuH7.s 			page 13


 178 0014 5E2CE452 		.ascii	"^,\344R\212Z\320\263\007\351A(\306\243\030\202\331\223"
 178      8A5AD0B3 
 178      07E94128 
 178      C6A31882 
 178      D993
 179 0026 54C1C46B 		.ascii	"T\301\304k\235$n\012\"\230K\365T<\024\214\255V[\320"
 179      9D246E0A 
 179      22984BF5 
 179      543C148C 
 179      AD565BD0 
 180 003a 8B125983 		.ascii	"\213\022Y\203\277@\264P\257-\025\013\036\204\202\212"
 180      BF40B450 
 180      AF2D150B 
 180      1E84828A 
 181 004a 1A506B7C 		.ascii	"\032Pk|o\327\203\016,3\363\335\367\375\314\367=\213"
 181      6FD7830E 
 181      2C33F3DD 
 181      F7FDCCF7 
 181      3D8B
 182 005c 40B27EF3 		.ascii	"@\262~\363\366\212\367g\374A\023Ta\217(\023R\200\034"
 182      F68AF767 
 182      FC411354 
 182      618F2813 
 182      52801C
 183 006f 4C0834AC 		.ascii	"L\0104\2540\214\013\365_a\247\262=\366$Z4&k\016\234"
 183      308C0BF5 
 183      5F61A7B2 
 183      3DF6245A 
 183      34266B0E 
 184 0084 4AEBE48C 		.ascii	"J\353\344\214\013G\023U\025\241)\202\227\021A\024\021"
 184      0B471355 
 184      15A12982 
 184      97114114 
 184      11
 185 0095 252EFD3B 		.ascii	"%.\375;\177]\254\323Q\310yw\372\337\022\032>\211\315"
 185      7F5DACD3 
 185      51C87977 
 185      FADF121A 
 185      3E89CD
 186 00a8 2D8DD74E 		.ascii	"-\215\327N\0327S\317>\314@?\264\222\324\036~\277\375"
 186      1A3753CF 
 186      3ECC403F 
 186      B492D41E 
 186      7EBFFD
 187 00bb 50573362 		.ascii	"PW3bx\325\3433\032\004\316\324/\250\341\234\020e\241"
 187      78D5E333 
 187      1A04CED4 
 187      2FA8E19C 
 187      1065A1
 188 00ce D335D56A 		.ascii	"\3235\325j\316\270+\341\265\237\341\220\"GsnG+\213\344"
 188      CEB82BE1 
 188      B59FE190 
 188      2247736E 
 188      472B8BE4 
 189 00e2 7740EE41 		.ascii	"w@\356A\222\\t\302^\351\342T)\331\365\021\312W\243\227"
 189      925C74C2 
 189      5EE9E254 
ARM GAS  e:\temp\ccinxuH7.s 			page 14


 189      29D9F511 
 189      CA57A397 
 190 00f6 A57782CB 		.ascii	"\245w\202\313i\351h\302)\377\010\236+Gk/\351\301\352"
 190      69E968C2 
 190      29FF089E 
 190      2B476B2F 
 190      E9C1EA
 191 0109 F29F907F 		.ascii	"\362\237\220\177-d\013\306b\351\327~e\366\351\024>f"
 191      2D640BC6 
 191      62E9D77E 
 191      65F6E914 
 191      3E66
 192 011b 46B8570B 		.ascii	"F\270W\013s\210`\026\034\027_1\005:B\366\354\375\215"
 192      73886016 
 192      1C175F31 
 192      053A42F6 
 192      ECFD8D
 193 012e F2819A99 		.ascii	"\362\201\232\231\254\344n\362\353\360\025\213EflT+n"
 193      ACE46EF2 
 193      EBF0158B 
 193      45666C54 
 193      2B6E
 194 0140 58B00A0A 		.ascii	"X\260\012\012\363\354>\204g\221\274\\\344SnK=\276)\340"
 194      F3EC3E84 
 194      6791BC5C 
 194      E4536E4B 
 194      3DBE29E0 
 195 0154 4BE5090F 		.ascii	"K\345\011\017\362(B\306\230\300\343\024\013\234\202"
 195      F22842C6 
 195      98C0E314 
 195      0B9C82
 196 0163 2DF2EC59 		.ascii	"-\362\354Y~s\265\305G\004\031\301\306\305\365\255\274"
 196      7E73B5C5 
 196      470419C1 
 196      C6C5F5AD 
 196      BC
 197 0174 D74E00C0 		.ascii	"\327N\000\3007\256?\306}\324 y\343\201\214\205\207\364"
 197      37AE3FC6 
 197      7DD42079 
 197      E3818C85 
 197      87F4
 198 0186 BCDDEEB7 		.ascii	"\274\335\356\267\007\023i;\031\217\015\014\015\366\332"
 198      0713693B 
 198      198F0D0C 
 198      0DF6DA
 199 0195 DD6F6203 		.ascii	"\335ob\003m\315\335\257\033\333\342\035\261\256\316"
 199      6DCDDDAF 
 199      1BDBE21D 
 199      B1AECE
 200 01a4 782A9978 		.ascii	"x*\231x\321K\265o\023\251>;\031K'\322C\251;\206\362"
 200      D14BB56F 
 200      13A93E3B 
 200      194B27D2 
 200      43A93B86 
 201 01b9 AE65     		.ascii	"\256e"
 202              		.text
 203              		.section	.gnu.lto_.symbol_nodes.62409757,"",%progbits
ARM GAS  e:\temp\ccinxuH7.s 			page 15


 204 0000 789C6361 		.ascii	"x\234ca`d\310`\000\002&\206z\006\206\011\347\030@\324"
 204      6064C860 
 204      00022686 
 204      7A068609 
 204      E71840D4 
 205 0014 AE0645A0 		.ascii	"\256\006E\240\000c=#\252\000S=\023\252\000s=3\252\000"
 205      00633D23 
 205      AA00533D 
 205      13AA0073 
 205      3D33AA00 
 206 0028 4B3D0BAA 		.ascii	"K=\013\252\000k=+\212\000\003\000\305\333\026\342"
 206      006B3D2B 
 206      8A000300 
 206      C5DB16E2 
 207              		.text
 208              		.section	.gnu.lto_.refs.62409757,"",%progbits
 209 0000 789C6361 		.ascii	"x\234ca`\004B \000\000\0009\000\007"
 209      60044220 
 209      00000039 
 209      0007
 210              		.text
 211              		.section	.gnu.lto_.decls.62409757,"",%progbits
 212 0000 789C8D54 		.ascii	"x\234\215ToL[U\024\277\347\275\266\243\017\030\033Y"
 212      6F4C5B55 
 212      14BFE7BD 
 212      B6A30F18 
 212      1B59
 213 0012 0CC69AE0 		.ascii	"\014\306\232\340\022\333~\"\002\306\370\301\030\023"
 213      12DB7E22 
 213      02C6F8C1 
 213      1813
 214 0020 16B725CE 		.ascii	"\026\267%\316\031\320\371e\011\351\340e\222,\260t\305"
 214      19D0F965 
 214      09E9E065 
 214      922CB074 
 214      C5
 215 0031 64DF6E06 		.ascii	"d\337n\006\033\233\262\210f\2330i\334FT\030\377)\024"
 215      1B9BB288 
 215      669B3069 
 215      DC465418 
 215      FF2914
 216 0044 5A543A57 		.ascii	"ZT:W\030c0h\315\242s*\030\234\321m1\314\231\271\315"
 216      18633068 
 216      CDA2732A 
 216      189CD16D 
 216      31CC99B9 
 217 0059 683DF7DE 		.ascii	"h=\367\336\367\372^\241Dnz\356}\367\274s~\347w~\357"
 217      F7FA5EA1 
 217      446E7AEE 
 217      7DF7BC73 
 217      7EE7777E 
 218 006e A4160284 		.ascii	"\244\026\002\204/\033!\011<\272\360\232\300\265\016"
 218      2F1B2109 
 218      3CBAF09A 
 218      C0B50E
 219 007d 9F771163 		.ascii	"\237w\021c\341k\022@\033B\033A\013\243E\321&\310\312"
 219      E16B1240 
ARM GAS  e:\temp\ccinxuH7.s 			page 16


 219      1B421B41 
 219      0BA345D1 
 219      26C8CA
 220 0090 15D0E259 		.ascii	"\025\320\342Y~\017\232\013-\216\026C\333\251\305\200"
 220      7E0F9A0B 
 220      2D8E1643 
 220      DBA9C580 
 221 00a0 16B77C31 		.ascii	"\026\267|1\374u\313r\035\253\344\017\245\311g\334\254"
 221      FC75CB72 
 221      1DABE40F 
 221      A5C967DC 
 221      AC
 222 00b1 FF537724 		.ascii	"\377Sw$M^x\015y\3414yL\003\273\3067\027m\023\332\030"
 222      4D5E780D 
 222      79E13479 
 222      4C03BBC6 
 222      37176D13 
 223 00c7 DAB486E3 		.ascii	"\332\264\206\3434a\3518\32148LG\333\032zN\247\367?\022"
 223      3461E938 
 223      D134384C 
 223      47DB1A7A 
 223      4EA7F73F 
 224 00dc 24FC3DED 		.ascii	"$\374=\355\366\033p\035$\320?(\200\330\201\033\021\306"
 224      F61B701D 
 224      24D03F28 
 224      80D8811B 
 224      11C6
 225 00ee AFF820F1 		.ascii	"\257\370 \361\235$]\311\203\260\235\210x\3563\300\370"
 225      9D245DC9 
 225      83B09D88 
 225      78EE33C0 
 225      F8
 226 00ff 4F3F13FA 		.ascii	"O?\023\372\342 \006:hI\220d \262\304{I\013#\002\\2\022"
 226      E220063A 
 226      68499064 
 226      20B2C47B 
 226      490B2302 
 227 0116 4C7882AE 		.ascii	"Lx\202\256\211\023\244\366\004z\323\301\326[Q\273\214"
 227      8913A4F6 
 227      047AD3C1 
 227      D65B51BB 
 227      8C
 228 0127 98F83CFF 		.ascii	"\230\370<\377\260\375\345\202.\212\253\211R\351\005"
 228      B0FDE582 
 228      2E8AAB89 
 228      52E905
 229 0136 4399DEC3 		.ascii	"C\231\336\303?wd\374)\201C\201\004\260\373\235\320\303"
 229      3F7764FC 
 229      29814381 
 229      04B0FB9D 
 229      D0C3
 230 0148 6C7167AF 		.ascii	"lqg\257[\336_\3747S~\232=K_/v\376f\001\267\362)\203"
 230      5BDE5FFC 
 230      37537E9A 
 230      3D4B5F2F 
 230      76FE6601 
 231 0160 5918EE7F 		.ascii	"Y\030\356\1771D\351\006\350\001\005\272@\206\016(`\305"
ARM GAS  e:\temp\ccinxuH7.s 			page 17


 231      3144E906 
 231      E80105BA 
 231      40860E28 
 231      60C5
 232 0172 1D0AEE47 		.ascii	"\035\012\356G)=D\227\316Q[\036\201b\007<\343 \320\015"
 232      293D4497 
 232      CE515B1E 
 232      8162073C 
 232      E320D00D 
 233 0186 6E86C9A2 		.ascii	"n\206\311\242\240\023\034p\036\034\014\377\346\207\037"
 233      A0131C70 
 233      1E1C0CFF 
 233      E6871F
 234 0195 DFB65924 		.ascii	"\337\266Y$Ld8{,\3147\236\370+\222\203\024r\025\220\360"
 234      4C64387B 
 234      2CCC379E 
 234      F82B9283 
 234      14721590 
 235 01aa 1A5F9AF6 		.ascii	"\032_\232\366g\342u\223\002\033\360z\365\304\3658\344"
 235      67E27593 
 235      021BF07A 
 235      F5C4F538 
 235      E4
 236 01bb 9D621C68 		.ascii	"\235b\034h\035\315\227`\327c\320\217\200}\010H`\000"
 236      1DCD9760 
 236      D763D08F 
 236      807D0848 
 236      6000
 237 01cd F270EF05 		.ascii	"\362p\357\005\213\350\256\361#\377E\373\3463\364L\037"
 237      8BE8AEF1 
 237      23FF45FB 
 237      E633F44C 
 237      1F
 238 01de 5D183DF2 		.ascii	"]\030=\362\312\331\266#t\016\363^\342\201\320n\320\306"
 238      CAD9B623 
 238      740EF35E 
 238      E281D06E 
 238      D0C6
 239 01f0 47767C06 		.ascii	"Gv|\0067P\314\000l\306\334\373'\256\005d\331\307eh\250"
 239      3750CC00 
 239      6CC6DCFB 
 239      27AE0564 
 239      D9C76568 
 240 0205 3FE6CF16 		.ascii	"?\346\317\0268\221\261\006\271\205F\016!\214\304Q\006"
 240      3891B106 
 240      B985460E 
 240      218CC451 
 240      06
 241 0216 0D944133 		.ascii	"\015\224A3\312\020G\2116?X\262\311\015\300a\374Mm\347"
 241      CA104789 
 241      363F58B2 
 241      C90DC061 
 241      FC4D6DE7 
 242 022a 33CDDC59 		.ascii	"3\315\334Y\323\006\371aN~\217\306=|\357xW\216V\263\177"
 242      D306F961 
 242      4E7E8FC6 
 242      3D7CEF78 
ARM GAS  e:\temp\ccinxuH7.s 			page 18


 242      578E56B3 
 243 023f CAA88951 		.ascii	"\312\250\211Q\0204j\006\3155Gx\315\340\251\310l\206"
 243      10346A06 
 243      CD354778 
 243      CDE0A9C8 
 243      6C86
 244 0251 DC226A4E 		.ascii	"\334\"jN6\366\336\315\320`\232\257d\211\3769H\310\000"
 244      36F6DECD 
 244      D0609AAF 
 244      6489FE39 
 244      48C800
 245 0264 099941C2 		.ascii	"\011\231A\302\034d\360\370\311I\220\007\004\310'\217"
 245      1C64F0F8 
 245      C9499007 
 245      04C8278F 
 246 0274 FE5E92F1 		.ascii	"\376^\222\361\0338qJ\022\262iL\234bL\332\317N\004\024"
 246      1B38714A 
 246      12B2694C 
 246      9C624CDA 
 246      CF4E0414 
 247 0288 798E074B 		.ascii	"y\216\007K\277\017^\3726\033\0247\237\002\354Sq\223"
 247      BF0F5EFA 
 247      361B1437 
 247      9F02EC53 
 247      7193
 248 029a 649310C1 		.ascii	"d\223\020\3019pjs\360\005:?G\2476PCb\240\306P\223/\015"
 248      39706A73 
 248      F0053A3F 
 248      47A73650 
 248      4362A0C6 
 249 02b2 6A4E45C8 		.ascii	"jNE\310\321\334\366\236\233\017\312XrP.t\3772\255$}"
 249      D1DCF69E 
 249      9B0FCA58 
 249      72502E74 
 249      FF32AD24 
 250 02c7 17803BCF 		.ascii	"\027\200;\317\375z;\230\275\352|\\\344\022\177\245\317"
 250      FD7A3B98 
 250      BDEA7C5C 
 250      E4127FA5 
 250      CF
 251 02d8 47DDE985 		.ascii	"G\335\351\205\204E\237\217\211\235\213\003\224\036\306"
 251      84459F8F 
 251      899D8B03 
 251      941EC6
 252 02e7 3C0B8B83 		.ascii	"<\013\213\203Q\203\304\250Y\237(\327\247\367\373\356"
 252      5183C4A8 
 252      599F28D7 
 252      A7F7FBEE 
 253 02f7 99F5F237 		.ascii	"\231\365\3627B\237\336\017b\215\272\310\241\331\324"
 253      429FDE0F 
 253      628DBAC8 
 253      A1D9D4
 254 0306 6F356EC0 		.ascii	"o5n\300\214\233a&8L\254\276\257U\026\303n\301\353\335"
 254      8C9B6126 
 254      384CACBE 
 254      AF5516C3 
 254      6EC1EBDD 
ARM GAS  e:\temp\ccinxuH7.s 			page 19


 255 031a 99D38BEB 		.ascii	"\231\323\213\353\305\260\347\343\365\207\311\216N\366"
 255      C5B0E7E3 
 255      F587C98E 
 255      4EF6
 256 0328 D6C5744F 		.ascii	"\326\305tO$rL\312\273\204\362S\3637\377\260\313\367"
 256      24724CCA 
 256      BB84F253 
 256      F337FFB0 
 256      CBF7
 257 033a 84F2F196 		.ascii	"\204\362\361\226;\3636]\371\246:\232\273\215\300$\366"
 257      3BF3365D 
 257      F9A63A9A 
 257      BB8DC024 
 257      F6
 258 034b 7E89293F 		.ascii	"~\211)?\203\312\2734\345\247\320y\331P>$\224\237F\025"
 258      83CABB34 
 258      E5A7D079 
 258      D9503E24 
 258      949F4615 
 259 035f AF186C5D 		.ascii	"\257\030l]\232\362\307~:\371\235U9\312\344\\\013&\033"
 259      9AF2C77E 
 259      3AF99D55 
 259      39CAE45C 
 259      0B261B
 260 0372 DD1F69AB 		.ascii	"\335\037i\253U~$H]{w\270Y\326\3776\"\261[\333\352)\005"
 260      557E2448 
 260      5D7B77B8 
 260      59D6FF36 
 260      22B15BDB 
 261 0389 8861AD59 		.ascii	"\210a\255Y\243\326U\320\3767V\326\230K_\343\376\203"
 261      A3D655D0 
 261      FE3756D6 
 261      984B5FE3 
 261      FE83
 262 039b CB8D5959 		.ascii	"\313\215YY\357$;\345\210z\022\2018d\361\177Dv>\276\275"
 262      EF243BE5 
 262      887A1281 
 262      3864F17F 
 262      44763EBE 
 263 03b0 A8A47C47 		.ascii	"\250\244|G\331\353\245\345\007*=\345e\252o\213\267\352"
 263      D9EBA5E5 
 263      072A3DE5 
 263      65AA6F8B 
 263      B7EA
 264 03c2 6D75474D 		.ascii	"muGM\245\232\261\365\3257\362K\012\013\211\265\266\252"
 264      A59AB1F5 
 264      D537F24B 
 264      0A0B89B5 
 264      B6AA
 265 03d4 DAF7FC53 		.ascii	"\332\367\374S[\325j\325\353\361\251\225\345e5\265\336"
 265      5BD56AD5 
 265      EBF1A995 
 265      E56535B5 
 265      DE
 266 03e5 0A75F76B 		.ascii	"\012u\367ke5%\317\356\2568\350;\270_=P\360\026q\256"
 266      653525CF 
 266      EEAE38E8 
ARM GAS  e:\temp\ccinxuH7.s 			page 20


 266      3BB85F3D 
 266      50F01671 
 267 03fa 1261AE50 		.ascii	"\022a\256PPArS*\276\351\255\362\251\033S\\\245\252\247"
 267      50417253 
 267      2ABEE9AD 
 267      F2A91B53 
 267      5CA5AAA7 
 268 040e 326F8567 		.ascii	"2o\205g\213\307\347)U\367>\271\234\357\366j\237\352"
 268      8BC7E729 
 268      55F73EB9 
 268      9CEFF66A 
 268      9FEA
 269 0420 F5D6EEF7 		.ascii	"\365\326\356\3671\3166F\265\360\271'R\202J\366\251\036"
 269      31CE3646 
 269      B5F0B927 
 269      52824AF6 
 269      A91E
 270 0432 6F328C87 		.ascii	"o2\214\207\024\027Y\275\352\336\342\242\377\000\227"
 270      141759BD 
 270      EADEE2A2 
 270      FF0097
 271 0441 9024C1   		.ascii	"\220$\301"
 272              		.text
 273              		.section	.gnu.lto_.symtab.62409757,"",%progbits
 274 0000 4932435F 		.ascii	"I2C_MSTR_sda_SetDriveMode\000"
 274      4D535452 
 274      5F736461 
 274      5F536574 
 274      44726976 
 275 001a 00       		.ascii	"\000"
 276 001b 00       		.ascii	"\000"
 277 001c 00       		.ascii	"\000"
 278 001d 00000000 		.ascii	"\000\000\000\000\000\000\000\000"
 278      00000000 
 279 0025 B3000000 		.ascii	"\263\000\000\000"
 280 0029 4932435F 		.ascii	"I2C_MSTR_sda_Write\000"
 280      4D535452 
 280      5F736461 
 280      5F577269 
 280      746500
 281 003c 00       		.ascii	"\000"
 282 003d 00       		.ascii	"\000"
 283 003e 00       		.ascii	"\000"
 284 003f 00000000 		.ascii	"\000\000\000\000\000\000\000\000"
 284      00000000 
 285 0047 B5000000 		.ascii	"\265\000\000\000"
 286 004b 4932435F 		.ascii	"I2C_MSTR_sda_Read\000"
 286      4D535452 
 286      5F736461 
 286      5F526561 
 286      6400
 287 005d 00       		.ascii	"\000"
 288 005e 00       		.ascii	"\000"
 289 005f 00       		.ascii	"\000"
 290 0060 00000000 		.ascii	"\000\000\000\000\000\000\000\000"
 290      00000000 
 291 0068 B8000000 		.ascii	"\270\000\000\000"
ARM GAS  e:\temp\ccinxuH7.s 			page 21


 292 006c 4932435F 		.ascii	"I2C_MSTR_sda_ReadDataReg\000"
 292      4D535452 
 292      5F736461 
 292      5F526561 
 292      64446174 
 293 0085 00       		.ascii	"\000"
 294 0086 00       		.ascii	"\000"
 295 0087 00       		.ascii	"\000"
 296 0088 00000000 		.ascii	"\000\000\000\000\000\000\000\000"
 296      00000000 
 297 0090 BA000000 		.ascii	"\272\000\000\000"
 298 0094 4932435F 		.ascii	"I2C_MSTR_sda_SetInterruptMode\000"
 298      4D535452 
 298      5F736461 
 298      5F536574 
 298      496E7465 
 299 00b2 00       		.ascii	"\000"
 300 00b3 00       		.ascii	"\000"
 301 00b4 00       		.ascii	"\000"
 302 00b5 00000000 		.ascii	"\000\000\000\000\000\000\000\000"
 302      00000000 
 303 00bd C4000000 		.ascii	"\304\000\000\000"
 304 00c1 4932435F 		.ascii	"I2C_MSTR_sda_ClearInterrupt\000"
 304      4D535452 
 304      5F736461 
 304      5F436C65 
 304      6172496E 
 305 00dd 00       		.ascii	"\000"
 306 00de 00       		.ascii	"\000"
 307 00df 00       		.ascii	"\000"
 308 00e0 00000000 		.ascii	"\000\000\000\000\000\000\000\000"
 308      00000000 
 309 00e8 C6000000 		.ascii	"\306\000\000\000"
 310              		.text
 311              		.section	.gnu.lto_.opts,"",%progbits
 312 0000 272D666D 		.ascii	"'-fmath-errno' '-fsigned-zeros' '-ftrapping-math' '"
 312      6174682D 
 312      6572726E 
 312      6F272027 
 312      2D667369 
 313 0033 2D666E6F 		.ascii	"-fno-trapv' '-fno-openmp' '-fno-openacc' '-mcpu=cor"
 313      2D747261 
 313      70762720 
 313      272D666E 
 313      6F2D6F70 
 314 0066 7465782D 		.ascii	"tex-m0' '-mthumb' '-g' '-Os' '-Werror' '-ffunction-"
 314      6D302720 
 314      272D6D74 
 314      68756D62 
 314      2720272D 
 315 0099 73656374 		.ascii	"sections' '-ffat-lto-objects' '-finline-functions' "
 315      696F6E73 
 315      2720272D 
 315      66666174 
 315      2D6C746F 
 316 00cc 272D666C 		.ascii	"'-flto' '-fno-strict-aliasing'\000"
 316      746F2720 
ARM GAS  e:\temp\ccinxuH7.s 			page 22


 316      272D666E 
 316      6F2D7374 
 316      72696374 
 317              		.text
 318              		.cfi_sections	.debug_frame
 319              		.section	.text.I2C_MSTR_sda_SetDriveMode,"ax",%progbits
 320              		.align	1
 321              		.global	I2C_MSTR_sda_SetDriveMode
 322              		.code	16
 323              		.thumb_func
 324              		.type	I2C_MSTR_sda_SetDriveMode, %function
 325              	I2C_MSTR_sda_SetDriveMode:
 326              	.LFB0:
 327              		.file 1 "Generated_Source\\PSoC4\\I2C_MSTR_sda.c"
   1:Generated_Source\PSoC4/I2C_MSTR_sda.c **** /*******************************************************************************
   2:Generated_Source\PSoC4/I2C_MSTR_sda.c **** * File Name: I2C_MSTR_sda.c  
   3:Generated_Source\PSoC4/I2C_MSTR_sda.c **** * Version 2.20
   4:Generated_Source\PSoC4/I2C_MSTR_sda.c **** *
   5:Generated_Source\PSoC4/I2C_MSTR_sda.c **** * Description:
   6:Generated_Source\PSoC4/I2C_MSTR_sda.c **** *  This file contains API to enable firmware control of a Pins component.
   7:Generated_Source\PSoC4/I2C_MSTR_sda.c **** *
   8:Generated_Source\PSoC4/I2C_MSTR_sda.c **** ********************************************************************************
   9:Generated_Source\PSoC4/I2C_MSTR_sda.c **** * Copyright 2008-2015, Cypress Semiconductor Corporation.  All rights reserved.
  10:Generated_Source\PSoC4/I2C_MSTR_sda.c **** * You may use this file only in accordance with the license, terms, conditions, 
  11:Generated_Source\PSoC4/I2C_MSTR_sda.c **** * disclaimers, and limitations in the end user license agreement accompanying 
  12:Generated_Source\PSoC4/I2C_MSTR_sda.c **** * the software package with which this file was provided.
  13:Generated_Source\PSoC4/I2C_MSTR_sda.c **** *******************************************************************************/
  14:Generated_Source\PSoC4/I2C_MSTR_sda.c **** 
  15:Generated_Source\PSoC4/I2C_MSTR_sda.c **** #include "cytypes.h"
  16:Generated_Source\PSoC4/I2C_MSTR_sda.c **** #include "I2C_MSTR_sda.h"
  17:Generated_Source\PSoC4/I2C_MSTR_sda.c **** 
  18:Generated_Source\PSoC4/I2C_MSTR_sda.c **** 
  19:Generated_Source\PSoC4/I2C_MSTR_sda.c **** #if defined(I2C_MSTR_sda__PC)
  20:Generated_Source\PSoC4/I2C_MSTR_sda.c ****     #define I2C_MSTR_sda_SetP4PinDriveMode(shift, mode)  \
  21:Generated_Source\PSoC4/I2C_MSTR_sda.c ****     do { \
  22:Generated_Source\PSoC4/I2C_MSTR_sda.c ****         I2C_MSTR_sda_PC =   (I2C_MSTR_sda_PC & \
  23:Generated_Source\PSoC4/I2C_MSTR_sda.c ****                                 (uint32)(~(uint32)(I2C_MSTR_sda_DRIVE_MODE_IND_MASK << \
  24:Generated_Source\PSoC4/I2C_MSTR_sda.c ****                                 (I2C_MSTR_sda_DRIVE_MODE_BITS * (shift))))) | \
  25:Generated_Source\PSoC4/I2C_MSTR_sda.c ****                                 (uint32)((uint32)(mode) << \
  26:Generated_Source\PSoC4/I2C_MSTR_sda.c ****                                 (I2C_MSTR_sda_DRIVE_MODE_BITS * (shift))); \
  27:Generated_Source\PSoC4/I2C_MSTR_sda.c ****     } while (0)
  28:Generated_Source\PSoC4/I2C_MSTR_sda.c **** #else
  29:Generated_Source\PSoC4/I2C_MSTR_sda.c ****     #if (CY_PSOC4_4200L)
  30:Generated_Source\PSoC4/I2C_MSTR_sda.c ****         #define I2C_MSTR_sda_SetP4PinDriveMode(shift, mode)  \
  31:Generated_Source\PSoC4/I2C_MSTR_sda.c ****         do { \
  32:Generated_Source\PSoC4/I2C_MSTR_sda.c ****             I2C_MSTR_sda_USBIO_CTRL_REG = (I2C_MSTR_sda_USBIO_CTRL_REG & \
  33:Generated_Source\PSoC4/I2C_MSTR_sda.c ****                                     (uint32)(~(uint32)(I2C_MSTR_sda_DRIVE_MODE_IND_MASK << \
  34:Generated_Source\PSoC4/I2C_MSTR_sda.c ****                                     (I2C_MSTR_sda_DRIVE_MODE_BITS * (shift))))) | \
  35:Generated_Source\PSoC4/I2C_MSTR_sda.c ****                                     (uint32)((uint32)(mode) << \
  36:Generated_Source\PSoC4/I2C_MSTR_sda.c ****                                     (I2C_MSTR_sda_DRIVE_MODE_BITS * (shift))); \
  37:Generated_Source\PSoC4/I2C_MSTR_sda.c ****         } while (0)
  38:Generated_Source\PSoC4/I2C_MSTR_sda.c ****     #endif
  39:Generated_Source\PSoC4/I2C_MSTR_sda.c **** #endif
  40:Generated_Source\PSoC4/I2C_MSTR_sda.c ****   
  41:Generated_Source\PSoC4/I2C_MSTR_sda.c **** 
  42:Generated_Source\PSoC4/I2C_MSTR_sda.c **** #if defined(I2C_MSTR_sda__PC) || (CY_PSOC4_4200L) 
  43:Generated_Source\PSoC4/I2C_MSTR_sda.c ****     /*******************************************************************************
ARM GAS  e:\temp\ccinxuH7.s 			page 23


  44:Generated_Source\PSoC4/I2C_MSTR_sda.c ****     * Function Name: I2C_MSTR_sda_SetDriveMode
  45:Generated_Source\PSoC4/I2C_MSTR_sda.c ****     ****************************************************************************//**
  46:Generated_Source\PSoC4/I2C_MSTR_sda.c ****     *
  47:Generated_Source\PSoC4/I2C_MSTR_sda.c ****     * \brief Sets the drive mode for each of the Pins component's pins.
  48:Generated_Source\PSoC4/I2C_MSTR_sda.c ****     * 
  49:Generated_Source\PSoC4/I2C_MSTR_sda.c ****     * <b>Note</b> This affects all pins in the Pins component instance. Use the
  50:Generated_Source\PSoC4/I2C_MSTR_sda.c ****     * Per-Pin APIs if you wish to control individual pin's drive modes.
  51:Generated_Source\PSoC4/I2C_MSTR_sda.c ****     *
  52:Generated_Source\PSoC4/I2C_MSTR_sda.c ****     * <b>Note</b> USBIOs have limited drive functionality. Refer to the Drive Mode
  53:Generated_Source\PSoC4/I2C_MSTR_sda.c ****     * parameter for more information.
  54:Generated_Source\PSoC4/I2C_MSTR_sda.c ****     *
  55:Generated_Source\PSoC4/I2C_MSTR_sda.c ****     * \param mode
  56:Generated_Source\PSoC4/I2C_MSTR_sda.c ****     *  Mode for the selected signals. Valid options are documented in 
  57:Generated_Source\PSoC4/I2C_MSTR_sda.c ****     *  \ref driveMode.
  58:Generated_Source\PSoC4/I2C_MSTR_sda.c ****     *
  59:Generated_Source\PSoC4/I2C_MSTR_sda.c ****     * \return
  60:Generated_Source\PSoC4/I2C_MSTR_sda.c ****     *  None
  61:Generated_Source\PSoC4/I2C_MSTR_sda.c ****     *
  62:Generated_Source\PSoC4/I2C_MSTR_sda.c ****     * \sideeffect
  63:Generated_Source\PSoC4/I2C_MSTR_sda.c ****     *  If you use read-modify-write operations that are not atomic, the ISR can
  64:Generated_Source\PSoC4/I2C_MSTR_sda.c ****     *  cause corruption of this function. An ISR that interrupts this function 
  65:Generated_Source\PSoC4/I2C_MSTR_sda.c ****     *  and performs writes to the Pins component Drive Mode registers can cause 
  66:Generated_Source\PSoC4/I2C_MSTR_sda.c ****     *  corrupted port data. To avoid this issue, you should either use the Per-Pin
  67:Generated_Source\PSoC4/I2C_MSTR_sda.c ****     *  APIs (primary method) or disable interrupts around this function.
  68:Generated_Source\PSoC4/I2C_MSTR_sda.c ****     *
  69:Generated_Source\PSoC4/I2C_MSTR_sda.c ****     * \funcusage
  70:Generated_Source\PSoC4/I2C_MSTR_sda.c ****     *  \snippet I2C_MSTR_sda_SUT.c usage_I2C_MSTR_sda_SetDriveMode
  71:Generated_Source\PSoC4/I2C_MSTR_sda.c ****     *******************************************************************************/
  72:Generated_Source\PSoC4/I2C_MSTR_sda.c ****     void I2C_MSTR_sda_SetDriveMode(uint8 mode)
  73:Generated_Source\PSoC4/I2C_MSTR_sda.c ****     {
 328              		.loc 1 73 0
 329              		.cfi_startproc
 330              		@ args = 0, pretend = 0, frame = 0
 331              		@ frame_needed = 0, uses_anonymous_args = 0
 332              		@ link register save eliminated.
 333              	.LVL0:
  74:Generated_Source\PSoC4/I2C_MSTR_sda.c **** 		I2C_MSTR_sda_SetP4PinDriveMode(I2C_MSTR_sda__0__SHIFT, mode);
 334              		.loc 1 74 0
 335 0000 3821     		movs	r1, #56
 336 0002 034A     		ldr	r2, .L2
 337 0004 C000     		lsls	r0, r0, #3
 338              	.LVL1:
 339 0006 1368     		ldr	r3, [r2]
  75:Generated_Source\PSoC4/I2C_MSTR_sda.c ****     }
 340              		.loc 1 75 0
 341              		@ sp needed
  74:Generated_Source\PSoC4/I2C_MSTR_sda.c **** 		I2C_MSTR_sda_SetP4PinDriveMode(I2C_MSTR_sda__0__SHIFT, mode);
 342              		.loc 1 74 0
 343 0008 8B43     		bics	r3, r1
 344 000a 1843     		orrs	r0, r3
 345 000c 1060     		str	r0, [r2]
 346              		.loc 1 75 0
 347 000e 7047     		bx	lr
 348              	.L3:
 349              		.align	2
 350              	.L2:
 351 0010 08010440 		.word	1074004232
ARM GAS  e:\temp\ccinxuH7.s 			page 24


 352              		.cfi_endproc
 353              	.LFE0:
 354              		.size	I2C_MSTR_sda_SetDriveMode, .-I2C_MSTR_sda_SetDriveMode
 355              		.section	.text.I2C_MSTR_sda_Write,"ax",%progbits
 356              		.align	1
 357              		.global	I2C_MSTR_sda_Write
 358              		.code	16
 359              		.thumb_func
 360              		.type	I2C_MSTR_sda_Write, %function
 361              	I2C_MSTR_sda_Write:
 362              	.LFB1:
  76:Generated_Source\PSoC4/I2C_MSTR_sda.c **** #endif
  77:Generated_Source\PSoC4/I2C_MSTR_sda.c **** 
  78:Generated_Source\PSoC4/I2C_MSTR_sda.c **** 
  79:Generated_Source\PSoC4/I2C_MSTR_sda.c **** /*******************************************************************************
  80:Generated_Source\PSoC4/I2C_MSTR_sda.c **** * Function Name: I2C_MSTR_sda_Write
  81:Generated_Source\PSoC4/I2C_MSTR_sda.c **** ****************************************************************************//**
  82:Generated_Source\PSoC4/I2C_MSTR_sda.c **** *
  83:Generated_Source\PSoC4/I2C_MSTR_sda.c **** * \brief Writes the value to the physical port (data output register), masking
  84:Generated_Source\PSoC4/I2C_MSTR_sda.c **** *  and shifting the bits appropriately. 
  85:Generated_Source\PSoC4/I2C_MSTR_sda.c **** *
  86:Generated_Source\PSoC4/I2C_MSTR_sda.c **** * The data output register controls the signal applied to the physical pin in 
  87:Generated_Source\PSoC4/I2C_MSTR_sda.c **** * conjunction with the drive mode parameter. This function avoids changing 
  88:Generated_Source\PSoC4/I2C_MSTR_sda.c **** * other bits in the port by using the appropriate method (read-modify-write or
  89:Generated_Source\PSoC4/I2C_MSTR_sda.c **** * bit banding).
  90:Generated_Source\PSoC4/I2C_MSTR_sda.c **** *
  91:Generated_Source\PSoC4/I2C_MSTR_sda.c **** * <b>Note</b> This function should not be used on a hardware digital output pin 
  92:Generated_Source\PSoC4/I2C_MSTR_sda.c **** * as it is driven by the hardware signal attached to it.
  93:Generated_Source\PSoC4/I2C_MSTR_sda.c **** *
  94:Generated_Source\PSoC4/I2C_MSTR_sda.c **** * \param value
  95:Generated_Source\PSoC4/I2C_MSTR_sda.c **** *  Value to write to the component instance.
  96:Generated_Source\PSoC4/I2C_MSTR_sda.c **** *
  97:Generated_Source\PSoC4/I2C_MSTR_sda.c **** * \return 
  98:Generated_Source\PSoC4/I2C_MSTR_sda.c **** *  None 
  99:Generated_Source\PSoC4/I2C_MSTR_sda.c **** *
 100:Generated_Source\PSoC4/I2C_MSTR_sda.c **** * \sideeffect
 101:Generated_Source\PSoC4/I2C_MSTR_sda.c **** *  If you use read-modify-write operations that are not atomic; the Interrupt 
 102:Generated_Source\PSoC4/I2C_MSTR_sda.c **** *  Service Routines (ISR) can cause corruption of this function. An ISR that 
 103:Generated_Source\PSoC4/I2C_MSTR_sda.c **** *  interrupts this function and performs writes to the Pins component data 
 104:Generated_Source\PSoC4/I2C_MSTR_sda.c **** *  register can cause corrupted port data. To avoid this issue, you should 
 105:Generated_Source\PSoC4/I2C_MSTR_sda.c **** *  either use the Per-Pin APIs (primary method) or disable interrupts around 
 106:Generated_Source\PSoC4/I2C_MSTR_sda.c **** *  this function.
 107:Generated_Source\PSoC4/I2C_MSTR_sda.c **** *
 108:Generated_Source\PSoC4/I2C_MSTR_sda.c **** * \funcusage
 109:Generated_Source\PSoC4/I2C_MSTR_sda.c **** *  \snippet I2C_MSTR_sda_SUT.c usage_I2C_MSTR_sda_Write
 110:Generated_Source\PSoC4/I2C_MSTR_sda.c **** *******************************************************************************/
 111:Generated_Source\PSoC4/I2C_MSTR_sda.c **** void I2C_MSTR_sda_Write(uint8 value)
 112:Generated_Source\PSoC4/I2C_MSTR_sda.c **** {
 363              		.loc 1 112 0
 364              		.cfi_startproc
 365              		@ args = 0, pretend = 0, frame = 0
 366              		@ frame_needed = 0, uses_anonymous_args = 0
 367              		@ link register save eliminated.
 368              	.LVL2:
 113:Generated_Source\PSoC4/I2C_MSTR_sda.c ****     uint8 drVal = (uint8)(I2C_MSTR_sda_DR & (uint8)(~I2C_MSTR_sda_MASK));
 369              		.loc 1 113 0
 370 0000 0223     		movs	r3, #2
ARM GAS  e:\temp\ccinxuH7.s 			page 25


 371 0002 0449     		ldr	r1, .L5
 114:Generated_Source\PSoC4/I2C_MSTR_sda.c ****     drVal = (drVal | ((uint8)(value << I2C_MSTR_sda_SHIFT) & I2C_MSTR_sda_MASK));
 115:Generated_Source\PSoC4/I2C_MSTR_sda.c ****     I2C_MSTR_sda_DR = (uint32)drVal;
 372              		.loc 1 115 0
 373 0004 4000     		lsls	r0, r0, #1
 374              	.LVL3:
 113:Generated_Source\PSoC4/I2C_MSTR_sda.c ****     uint8 drVal = (uint8)(I2C_MSTR_sda_DR & (uint8)(~I2C_MSTR_sda_MASK));
 375              		.loc 1 113 0
 376 0006 0A68     		ldr	r2, [r1]
 116:Generated_Source\PSoC4/I2C_MSTR_sda.c **** }
 377              		.loc 1 116 0
 378              		@ sp needed
 113:Generated_Source\PSoC4/I2C_MSTR_sda.c ****     uint8 drVal = (uint8)(I2C_MSTR_sda_DR & (uint8)(~I2C_MSTR_sda_MASK));
 379              		.loc 1 113 0
 380 0008 9A43     		bics	r2, r3
 381 000a D2B2     		uxtb	r2, r2
 115:Generated_Source\PSoC4/I2C_MSTR_sda.c **** }
 382              		.loc 1 115 0
 383 000c 0340     		ands	r3, r0
 384 000e 1343     		orrs	r3, r2
 385 0010 0B60     		str	r3, [r1]
 386              		.loc 1 116 0
 387 0012 7047     		bx	lr
 388              	.L6:
 389              		.align	2
 390              	.L5:
 391 0014 00010440 		.word	1074004224
 392              		.cfi_endproc
 393              	.LFE1:
 394              		.size	I2C_MSTR_sda_Write, .-I2C_MSTR_sda_Write
 395              		.section	.text.I2C_MSTR_sda_Read,"ax",%progbits
 396              		.align	1
 397              		.global	I2C_MSTR_sda_Read
 398              		.code	16
 399              		.thumb_func
 400              		.type	I2C_MSTR_sda_Read, %function
 401              	I2C_MSTR_sda_Read:
 402              	.LFB2:
 117:Generated_Source\PSoC4/I2C_MSTR_sda.c **** 
 118:Generated_Source\PSoC4/I2C_MSTR_sda.c **** 
 119:Generated_Source\PSoC4/I2C_MSTR_sda.c **** /*******************************************************************************
 120:Generated_Source\PSoC4/I2C_MSTR_sda.c **** * Function Name: I2C_MSTR_sda_Read
 121:Generated_Source\PSoC4/I2C_MSTR_sda.c **** ****************************************************************************//**
 122:Generated_Source\PSoC4/I2C_MSTR_sda.c **** *
 123:Generated_Source\PSoC4/I2C_MSTR_sda.c **** * \brief Reads the associated physical port (pin status register) and masks 
 124:Generated_Source\PSoC4/I2C_MSTR_sda.c **** *  the required bits according to the width and bit position of the component
 125:Generated_Source\PSoC4/I2C_MSTR_sda.c **** *  instance. 
 126:Generated_Source\PSoC4/I2C_MSTR_sda.c **** *
 127:Generated_Source\PSoC4/I2C_MSTR_sda.c **** * The pin's status register returns the current logic level present on the 
 128:Generated_Source\PSoC4/I2C_MSTR_sda.c **** * physical pin.
 129:Generated_Source\PSoC4/I2C_MSTR_sda.c **** *
 130:Generated_Source\PSoC4/I2C_MSTR_sda.c **** * \return 
 131:Generated_Source\PSoC4/I2C_MSTR_sda.c **** *  The current value for the pins in the component as a right justified number.
 132:Generated_Source\PSoC4/I2C_MSTR_sda.c **** *
 133:Generated_Source\PSoC4/I2C_MSTR_sda.c **** * \funcusage
 134:Generated_Source\PSoC4/I2C_MSTR_sda.c **** *  \snippet I2C_MSTR_sda_SUT.c usage_I2C_MSTR_sda_Read  
 135:Generated_Source\PSoC4/I2C_MSTR_sda.c **** *******************************************************************************/
ARM GAS  e:\temp\ccinxuH7.s 			page 26


 136:Generated_Source\PSoC4/I2C_MSTR_sda.c **** uint8 I2C_MSTR_sda_Read(void)
 137:Generated_Source\PSoC4/I2C_MSTR_sda.c **** {
 403              		.loc 1 137 0
 404              		.cfi_startproc
 405              		@ args = 0, pretend = 0, frame = 0
 406              		@ frame_needed = 0, uses_anonymous_args = 0
 407              		@ link register save eliminated.
 138:Generated_Source\PSoC4/I2C_MSTR_sda.c ****     return (uint8)((I2C_MSTR_sda_PS & I2C_MSTR_sda_MASK) >> I2C_MSTR_sda_SHIFT);
 408              		.loc 1 138 0
 409 0000 024B     		ldr	r3, .L8
 139:Generated_Source\PSoC4/I2C_MSTR_sda.c **** }
 410              		.loc 1 139 0
 411              		@ sp needed
 138:Generated_Source\PSoC4/I2C_MSTR_sda.c ****     return (uint8)((I2C_MSTR_sda_PS & I2C_MSTR_sda_MASK) >> I2C_MSTR_sda_SHIFT);
 412              		.loc 1 138 0
 413 0002 1868     		ldr	r0, [r3]
 414 0004 8007     		lsls	r0, r0, #30
 415 0006 C00F     		lsrs	r0, r0, #31
 416              		.loc 1 139 0
 417 0008 7047     		bx	lr
 418              	.L9:
 419 000a C046     		.align	2
 420              	.L8:
 421 000c 04010440 		.word	1074004228
 422              		.cfi_endproc
 423              	.LFE2:
 424              		.size	I2C_MSTR_sda_Read, .-I2C_MSTR_sda_Read
 425              		.section	.text.I2C_MSTR_sda_ReadDataReg,"ax",%progbits
 426              		.align	1
 427              		.global	I2C_MSTR_sda_ReadDataReg
 428              		.code	16
 429              		.thumb_func
 430              		.type	I2C_MSTR_sda_ReadDataReg, %function
 431              	I2C_MSTR_sda_ReadDataReg:
 432              	.LFB3:
 140:Generated_Source\PSoC4/I2C_MSTR_sda.c **** 
 141:Generated_Source\PSoC4/I2C_MSTR_sda.c **** 
 142:Generated_Source\PSoC4/I2C_MSTR_sda.c **** /*******************************************************************************
 143:Generated_Source\PSoC4/I2C_MSTR_sda.c **** * Function Name: I2C_MSTR_sda_ReadDataReg
 144:Generated_Source\PSoC4/I2C_MSTR_sda.c **** ****************************************************************************//**
 145:Generated_Source\PSoC4/I2C_MSTR_sda.c **** *
 146:Generated_Source\PSoC4/I2C_MSTR_sda.c **** * \brief Reads the associated physical port's data output register and masks 
 147:Generated_Source\PSoC4/I2C_MSTR_sda.c **** *  the correct bits according to the width and bit position of the component 
 148:Generated_Source\PSoC4/I2C_MSTR_sda.c **** *  instance. 
 149:Generated_Source\PSoC4/I2C_MSTR_sda.c **** *
 150:Generated_Source\PSoC4/I2C_MSTR_sda.c **** * The data output register controls the signal applied to the physical pin in 
 151:Generated_Source\PSoC4/I2C_MSTR_sda.c **** * conjunction with the drive mode parameter. This is not the same as the 
 152:Generated_Source\PSoC4/I2C_MSTR_sda.c **** * preferred I2C_MSTR_sda_Read() API because the 
 153:Generated_Source\PSoC4/I2C_MSTR_sda.c **** * I2C_MSTR_sda_ReadDataReg() reads the data register instead of the status 
 154:Generated_Source\PSoC4/I2C_MSTR_sda.c **** * register. For output pins this is a useful function to determine the value 
 155:Generated_Source\PSoC4/I2C_MSTR_sda.c **** * just written to the pin.
 156:Generated_Source\PSoC4/I2C_MSTR_sda.c **** *
 157:Generated_Source\PSoC4/I2C_MSTR_sda.c **** * \return 
 158:Generated_Source\PSoC4/I2C_MSTR_sda.c **** *  The current value of the data register masked and shifted into a right 
 159:Generated_Source\PSoC4/I2C_MSTR_sda.c **** *  justified number for the component instance.
 160:Generated_Source\PSoC4/I2C_MSTR_sda.c **** *
 161:Generated_Source\PSoC4/I2C_MSTR_sda.c **** * \funcusage
ARM GAS  e:\temp\ccinxuH7.s 			page 27


 162:Generated_Source\PSoC4/I2C_MSTR_sda.c **** *  \snippet I2C_MSTR_sda_SUT.c usage_I2C_MSTR_sda_ReadDataReg 
 163:Generated_Source\PSoC4/I2C_MSTR_sda.c **** *******************************************************************************/
 164:Generated_Source\PSoC4/I2C_MSTR_sda.c **** uint8 I2C_MSTR_sda_ReadDataReg(void)
 165:Generated_Source\PSoC4/I2C_MSTR_sda.c **** {
 433              		.loc 1 165 0
 434              		.cfi_startproc
 435              		@ args = 0, pretend = 0, frame = 0
 436              		@ frame_needed = 0, uses_anonymous_args = 0
 437              		@ link register save eliminated.
 166:Generated_Source\PSoC4/I2C_MSTR_sda.c ****     return (uint8)((I2C_MSTR_sda_DR & I2C_MSTR_sda_MASK) >> I2C_MSTR_sda_SHIFT);
 438              		.loc 1 166 0
 439 0000 024B     		ldr	r3, .L11
 167:Generated_Source\PSoC4/I2C_MSTR_sda.c **** }
 440              		.loc 1 167 0
 441              		@ sp needed
 166:Generated_Source\PSoC4/I2C_MSTR_sda.c ****     return (uint8)((I2C_MSTR_sda_DR & I2C_MSTR_sda_MASK) >> I2C_MSTR_sda_SHIFT);
 442              		.loc 1 166 0
 443 0002 1868     		ldr	r0, [r3]
 444 0004 8007     		lsls	r0, r0, #30
 445 0006 C00F     		lsrs	r0, r0, #31
 446              		.loc 1 167 0
 447 0008 7047     		bx	lr
 448              	.L12:
 449 000a C046     		.align	2
 450              	.L11:
 451 000c 00010440 		.word	1074004224
 452              		.cfi_endproc
 453              	.LFE3:
 454              		.size	I2C_MSTR_sda_ReadDataReg, .-I2C_MSTR_sda_ReadDataReg
 455              		.section	.text.I2C_MSTR_sda_SetInterruptMode,"ax",%progbits
 456              		.align	1
 457              		.global	I2C_MSTR_sda_SetInterruptMode
 458              		.code	16
 459              		.thumb_func
 460              		.type	I2C_MSTR_sda_SetInterruptMode, %function
 461              	I2C_MSTR_sda_SetInterruptMode:
 462              	.LFB4:
 168:Generated_Source\PSoC4/I2C_MSTR_sda.c **** 
 169:Generated_Source\PSoC4/I2C_MSTR_sda.c **** 
 170:Generated_Source\PSoC4/I2C_MSTR_sda.c **** /*******************************************************************************
 171:Generated_Source\PSoC4/I2C_MSTR_sda.c **** * Function Name: I2C_MSTR_sda_SetInterruptMode
 172:Generated_Source\PSoC4/I2C_MSTR_sda.c **** ****************************************************************************//**
 173:Generated_Source\PSoC4/I2C_MSTR_sda.c **** *
 174:Generated_Source\PSoC4/I2C_MSTR_sda.c **** * \brief Configures the interrupt mode for each of the Pins component's
 175:Generated_Source\PSoC4/I2C_MSTR_sda.c **** *  pins. Alternatively you may set the interrupt mode for all the pins
 176:Generated_Source\PSoC4/I2C_MSTR_sda.c **** *  specified in the Pins component.
 177:Generated_Source\PSoC4/I2C_MSTR_sda.c **** *
 178:Generated_Source\PSoC4/I2C_MSTR_sda.c **** *  <b>Note</b> The interrupt is port-wide and therefore any enabled pin
 179:Generated_Source\PSoC4/I2C_MSTR_sda.c **** *  interrupt may trigger it.
 180:Generated_Source\PSoC4/I2C_MSTR_sda.c **** *
 181:Generated_Source\PSoC4/I2C_MSTR_sda.c **** * \param position
 182:Generated_Source\PSoC4/I2C_MSTR_sda.c **** *  The pin position as listed in the Pins component. You may OR these to be 
 183:Generated_Source\PSoC4/I2C_MSTR_sda.c **** *  able to configure the interrupt mode of multiple pins within a Pins 
 184:Generated_Source\PSoC4/I2C_MSTR_sda.c **** *  component. Or you may use I2C_MSTR_sda_INTR_ALL to configure the
 185:Generated_Source\PSoC4/I2C_MSTR_sda.c **** *  interrupt mode of all the pins in the Pins component.       
 186:Generated_Source\PSoC4/I2C_MSTR_sda.c **** *  - I2C_MSTR_sda_0_INTR       (First pin in the list)
 187:Generated_Source\PSoC4/I2C_MSTR_sda.c **** *  - I2C_MSTR_sda_1_INTR       (Second pin in the list)
ARM GAS  e:\temp\ccinxuH7.s 			page 28


 188:Generated_Source\PSoC4/I2C_MSTR_sda.c **** *  - ...
 189:Generated_Source\PSoC4/I2C_MSTR_sda.c **** *  - I2C_MSTR_sda_INTR_ALL     (All pins in Pins component)
 190:Generated_Source\PSoC4/I2C_MSTR_sda.c **** *
 191:Generated_Source\PSoC4/I2C_MSTR_sda.c **** * \param mode
 192:Generated_Source\PSoC4/I2C_MSTR_sda.c **** *  Interrupt mode for the selected pins. Valid options are documented in
 193:Generated_Source\PSoC4/I2C_MSTR_sda.c **** *  \ref intrMode.
 194:Generated_Source\PSoC4/I2C_MSTR_sda.c **** *
 195:Generated_Source\PSoC4/I2C_MSTR_sda.c **** * \return 
 196:Generated_Source\PSoC4/I2C_MSTR_sda.c **** *  None
 197:Generated_Source\PSoC4/I2C_MSTR_sda.c **** *  
 198:Generated_Source\PSoC4/I2C_MSTR_sda.c **** * \sideeffect
 199:Generated_Source\PSoC4/I2C_MSTR_sda.c **** *  It is recommended that the interrupt be disabled before calling this 
 200:Generated_Source\PSoC4/I2C_MSTR_sda.c **** *  function to avoid unintended interrupt requests. Note that the interrupt
 201:Generated_Source\PSoC4/I2C_MSTR_sda.c **** *  type is port wide, and therefore will trigger for any enabled pin on the 
 202:Generated_Source\PSoC4/I2C_MSTR_sda.c **** *  port.
 203:Generated_Source\PSoC4/I2C_MSTR_sda.c **** *
 204:Generated_Source\PSoC4/I2C_MSTR_sda.c **** * \funcusage
 205:Generated_Source\PSoC4/I2C_MSTR_sda.c **** *  \snippet I2C_MSTR_sda_SUT.c usage_I2C_MSTR_sda_SetInterruptMode
 206:Generated_Source\PSoC4/I2C_MSTR_sda.c **** *******************************************************************************/
 207:Generated_Source\PSoC4/I2C_MSTR_sda.c **** void I2C_MSTR_sda_SetInterruptMode(uint16 position, uint16 mode)
 208:Generated_Source\PSoC4/I2C_MSTR_sda.c **** {
 463              		.loc 1 208 0
 464              		.cfi_startproc
 465              		@ args = 0, pretend = 0, frame = 0
 466              		@ frame_needed = 0, uses_anonymous_args = 0
 467              		@ link register save eliminated.
 468              	.LVL4:
 209:Generated_Source\PSoC4/I2C_MSTR_sda.c ****     uint32 intrCfg;
 210:Generated_Source\PSoC4/I2C_MSTR_sda.c ****     
 211:Generated_Source\PSoC4/I2C_MSTR_sda.c ****     intrCfg =  I2C_MSTR_sda_INTCFG & (uint32)(~(uint32)position);
 469              		.loc 1 211 0
 470 0000 034A     		ldr	r2, .L14
 212:Generated_Source\PSoC4/I2C_MSTR_sda.c ****     I2C_MSTR_sda_INTCFG = intrCfg | ((uint32)position & (uint32)mode);
 213:Generated_Source\PSoC4/I2C_MSTR_sda.c **** }
 471              		.loc 1 213 0
 472              		@ sp needed
 211:Generated_Source\PSoC4/I2C_MSTR_sda.c ****     I2C_MSTR_sda_INTCFG = intrCfg | ((uint32)position & (uint32)mode);
 473              		.loc 1 211 0
 474 0002 1368     		ldr	r3, [r2]
 475              	.LVL5:
 212:Generated_Source\PSoC4/I2C_MSTR_sda.c ****     I2C_MSTR_sda_INTCFG = intrCfg | ((uint32)position & (uint32)mode);
 476              		.loc 1 212 0
 477 0004 8343     		bics	r3, r0
 478              	.LVL6:
 479 0006 0840     		ands	r0, r1
 480              	.LVL7:
 481 0008 1843     		orrs	r0, r3
 482 000a 1060     		str	r0, [r2]
 483              		.loc 1 213 0
 484 000c 7047     		bx	lr
 485              	.L15:
 486 000e C046     		.align	2
 487              	.L14:
 488 0010 0C010440 		.word	1074004236
 489              		.cfi_endproc
 490              	.LFE4:
 491              		.size	I2C_MSTR_sda_SetInterruptMode, .-I2C_MSTR_sda_SetInterruptMode
ARM GAS  e:\temp\ccinxuH7.s 			page 29


 492              		.section	.text.I2C_MSTR_sda_ClearInterrupt,"ax",%progbits
 493              		.align	1
 494              		.global	I2C_MSTR_sda_ClearInterrupt
 495              		.code	16
 496              		.thumb_func
 497              		.type	I2C_MSTR_sda_ClearInterrupt, %function
 498              	I2C_MSTR_sda_ClearInterrupt:
 499              	.LFB5:
 214:Generated_Source\PSoC4/I2C_MSTR_sda.c **** 
 215:Generated_Source\PSoC4/I2C_MSTR_sda.c **** 
 216:Generated_Source\PSoC4/I2C_MSTR_sda.c **** /*******************************************************************************
 217:Generated_Source\PSoC4/I2C_MSTR_sda.c **** * Function Name: I2C_MSTR_sda_ClearInterrupt
 218:Generated_Source\PSoC4/I2C_MSTR_sda.c **** ****************************************************************************//**
 219:Generated_Source\PSoC4/I2C_MSTR_sda.c **** *
 220:Generated_Source\PSoC4/I2C_MSTR_sda.c **** * \brief Clears any active interrupts attached with the component and returns 
 221:Generated_Source\PSoC4/I2C_MSTR_sda.c **** *  the value of the interrupt status register allowing determination of which
 222:Generated_Source\PSoC4/I2C_MSTR_sda.c **** *  pins generated an interrupt event.
 223:Generated_Source\PSoC4/I2C_MSTR_sda.c **** *
 224:Generated_Source\PSoC4/I2C_MSTR_sda.c **** * \return 
 225:Generated_Source\PSoC4/I2C_MSTR_sda.c **** *  The right-shifted current value of the interrupt status register. Each pin 
 226:Generated_Source\PSoC4/I2C_MSTR_sda.c **** *  has one bit set if it generated an interrupt event. For example, bit 0 is 
 227:Generated_Source\PSoC4/I2C_MSTR_sda.c **** *  for pin 0 and bit 1 is for pin 1 of the Pins component.
 228:Generated_Source\PSoC4/I2C_MSTR_sda.c **** *  
 229:Generated_Source\PSoC4/I2C_MSTR_sda.c **** * \sideeffect
 230:Generated_Source\PSoC4/I2C_MSTR_sda.c **** *  Clears all bits of the physical port's interrupt status register, not just
 231:Generated_Source\PSoC4/I2C_MSTR_sda.c **** *  those associated with the Pins component.
 232:Generated_Source\PSoC4/I2C_MSTR_sda.c **** *
 233:Generated_Source\PSoC4/I2C_MSTR_sda.c **** * \funcusage
 234:Generated_Source\PSoC4/I2C_MSTR_sda.c **** *  \snippet I2C_MSTR_sda_SUT.c usage_I2C_MSTR_sda_ClearInterrupt
 235:Generated_Source\PSoC4/I2C_MSTR_sda.c **** *******************************************************************************/
 236:Generated_Source\PSoC4/I2C_MSTR_sda.c **** uint8 I2C_MSTR_sda_ClearInterrupt(void)
 237:Generated_Source\PSoC4/I2C_MSTR_sda.c **** {
 500              		.loc 1 237 0
 501              		.cfi_startproc
 502              		@ args = 0, pretend = 0, frame = 0
 503              		@ frame_needed = 0, uses_anonymous_args = 0
 504              		@ link register save eliminated.
 238:Generated_Source\PSoC4/I2C_MSTR_sda.c **** 	uint8 maskedStatus = (uint8)(I2C_MSTR_sda_INTSTAT & I2C_MSTR_sda_MASK);
 505              		.loc 1 238 0
 506 0000 0223     		movs	r3, #2
 507 0002 034A     		ldr	r2, .L17
 239:Generated_Source\PSoC4/I2C_MSTR_sda.c **** 	I2C_MSTR_sda_INTSTAT = maskedStatus;
 240:Generated_Source\PSoC4/I2C_MSTR_sda.c ****     return maskedStatus >> I2C_MSTR_sda_SHIFT;
 241:Generated_Source\PSoC4/I2C_MSTR_sda.c **** }
 508              		.loc 1 241 0
 509              		@ sp needed
 238:Generated_Source\PSoC4/I2C_MSTR_sda.c **** 	uint8 maskedStatus = (uint8)(I2C_MSTR_sda_INTSTAT & I2C_MSTR_sda_MASK);
 510              		.loc 1 238 0
 511 0004 1068     		ldr	r0, [r2]
 512 0006 1840     		ands	r0, r3
 513              	.LVL8:
 239:Generated_Source\PSoC4/I2C_MSTR_sda.c **** 	I2C_MSTR_sda_INTSTAT = maskedStatus;
 514              		.loc 1 239 0
 515 0008 1060     		str	r0, [r2]
 240:Generated_Source\PSoC4/I2C_MSTR_sda.c **** }
 516              		.loc 1 240 0
 517 000a 4008     		lsrs	r0, r0, #1
ARM GAS  e:\temp\ccinxuH7.s 			page 30


 518              	.LVL9:
 519 000c C0B2     		uxtb	r0, r0
 520              		.loc 1 241 0
 521 000e 7047     		bx	lr
 522              	.L18:
 523              		.align	2
 524              	.L17:
 525 0010 10010440 		.word	1074004240
 526              		.cfi_endproc
 527              	.LFE5:
 528              		.size	I2C_MSTR_sda_ClearInterrupt, .-I2C_MSTR_sda_ClearInterrupt
 529              		.text
 530              	.Letext0:
 531              		.file 2 "Generated_Source\\PSoC4\\cytypes.h"
 532              		.section	.debug_info,"",%progbits
 533              	.Ldebug_info0:
 534 0000 97010000 		.4byte	0x197
 535 0004 0400     		.2byte	0x4
 536 0006 00000000 		.4byte	.Ldebug_abbrev0
 537 000a 04       		.byte	0x4
 538 000b 01       		.uleb128 0x1
 539 000c 68010000 		.4byte	.LASF27
 540 0010 0C       		.byte	0xc
 541 0011 40020000 		.4byte	.LASF28
 542 0015 51000000 		.4byte	.LASF29
 543 0019 00000000 		.4byte	.Ldebug_ranges0+0
 544 001d 00000000 		.4byte	0
 545 0021 00000000 		.4byte	.Ldebug_line0
 546 0025 02       		.uleb128 0x2
 547 0026 01       		.byte	0x1
 548 0027 06       		.byte	0x6
 549 0028 C2020000 		.4byte	.LASF0
 550 002c 02       		.uleb128 0x2
 551 002d 01       		.byte	0x1
 552 002e 08       		.byte	0x8
 553 002f D2000000 		.4byte	.LASF1
 554 0033 02       		.uleb128 0x2
 555 0034 02       		.byte	0x2
 556 0035 05       		.byte	0x5
 557 0036 A9020000 		.4byte	.LASF2
 558 003a 02       		.uleb128 0x2
 559 003b 02       		.byte	0x2
 560 003c 07       		.byte	0x7
 561 003d F8000000 		.4byte	.LASF3
 562 0041 02       		.uleb128 0x2
 563 0042 04       		.byte	0x4
 564 0043 05       		.byte	0x5
 565 0044 B9020000 		.4byte	.LASF4
 566 0048 02       		.uleb128 0x2
 567 0049 04       		.byte	0x4
 568 004a 07       		.byte	0x7
 569 004b E6000000 		.4byte	.LASF5
 570 004f 02       		.uleb128 0x2
 571 0050 08       		.byte	0x8
 572 0051 05       		.byte	0x5
 573 0052 66020000 		.4byte	.LASF6
 574 0056 02       		.uleb128 0x2
ARM GAS  e:\temp\ccinxuH7.s 			page 31


 575 0057 08       		.byte	0x8
 576 0058 07       		.byte	0x7
 577 0059 51010000 		.4byte	.LASF7
 578 005d 03       		.uleb128 0x3
 579 005e 04       		.byte	0x4
 580 005f 05       		.byte	0x5
 581 0060 696E7400 		.ascii	"int\000"
 582 0064 02       		.uleb128 0x2
 583 0065 04       		.byte	0x4
 584 0066 07       		.byte	0x7
 585 0067 44010000 		.4byte	.LASF8
 586 006b 04       		.uleb128 0x4
 587 006c B3020000 		.4byte	.LASF9
 588 0070 02       		.byte	0x2
 589 0071 E401     		.2byte	0x1e4
 590 0073 2C000000 		.4byte	0x2c
 591 0077 04       		.uleb128 0x4
 592 0078 25010000 		.4byte	.LASF10
 593 007c 02       		.byte	0x2
 594 007d E501     		.2byte	0x1e5
 595 007f 3A000000 		.4byte	0x3a
 596 0083 04       		.uleb128 0x4
 597 0084 35010000 		.4byte	.LASF11
 598 0088 02       		.byte	0x2
 599 0089 E601     		.2byte	0x1e6
 600 008b 48000000 		.4byte	0x48
 601 008f 02       		.uleb128 0x2
 602 0090 04       		.byte	0x4
 603 0091 04       		.byte	0x4
 604 0092 CC000000 		.4byte	.LASF12
 605 0096 02       		.uleb128 0x2
 606 0097 08       		.byte	0x8
 607 0098 04       		.byte	0x4
 608 0099 1E010000 		.4byte	.LASF13
 609 009d 02       		.uleb128 0x2
 610 009e 01       		.byte	0x1
 611 009f 08       		.byte	0x8
 612 00a0 9F020000 		.4byte	.LASF14
 613 00a4 04       		.uleb128 0x4
 614 00a5 12000000 		.4byte	.LASF15
 615 00a9 02       		.byte	0x2
 616 00aa 9002     		.2byte	0x290
 617 00ac B0000000 		.4byte	0xb0
 618 00b0 05       		.uleb128 0x5
 619 00b1 83000000 		.4byte	0x83
 620 00b5 06       		.uleb128 0x6
 621 00b6 18000000 		.4byte	.LASF16
 622 00ba 01       		.byte	0x1
 623 00bb 48       		.byte	0x48
 624 00bc 00000000 		.4byte	.LFB0
 625 00c0 14000000 		.4byte	.LFE0-.LFB0
 626 00c4 01       		.uleb128 0x1
 627 00c5 9C       		.byte	0x9c
 628 00c6 DA000000 		.4byte	0xda
 629 00ca 07       		.uleb128 0x7
 630 00cb A4020000 		.4byte	.LASF18
 631 00cf 01       		.byte	0x1
ARM GAS  e:\temp\ccinxuH7.s 			page 32


 632 00d0 48       		.byte	0x48
 633 00d1 6B000000 		.4byte	0x6b
 634 00d5 00000000 		.4byte	.LLST0
 635 00d9 00       		.byte	0
 636 00da 06       		.uleb128 0x6
 637 00db 0B010000 		.4byte	.LASF17
 638 00df 01       		.byte	0x1
 639 00e0 6F       		.byte	0x6f
 640 00e1 00000000 		.4byte	.LFB1
 641 00e5 18000000 		.4byte	.LFE1-.LFB1
 642 00e9 01       		.uleb128 0x1
 643 00ea 9C       		.byte	0x9c
 644 00eb 0A010000 		.4byte	0x10a
 645 00ef 07       		.uleb128 0x7
 646 00f0 32000000 		.4byte	.LASF19
 647 00f4 01       		.byte	0x1
 648 00f5 6F       		.byte	0x6f
 649 00f6 6B000000 		.4byte	0x6b
 650 00fa 21000000 		.4byte	.LLST1
 651 00fe 08       		.uleb128 0x8
 652 00ff E0000000 		.4byte	.LASF30
 653 0103 01       		.byte	0x1
 654 0104 71       		.byte	0x71
 655 0105 6B000000 		.4byte	0x6b
 656 0109 00       		.byte	0
 657 010a 09       		.uleb128 0x9
 658 010b 00000000 		.4byte	.LASF20
 659 010f 01       		.byte	0x1
 660 0110 88       		.byte	0x88
 661 0111 6B000000 		.4byte	0x6b
 662 0115 00000000 		.4byte	.LFB2
 663 0119 10000000 		.4byte	.LFE2-.LFB2
 664 011d 01       		.uleb128 0x1
 665 011e 9C       		.byte	0x9c
 666 011f 09       		.uleb128 0x9
 667 0120 38000000 		.4byte	.LASF21
 668 0124 01       		.byte	0x1
 669 0125 A4       		.byte	0xa4
 670 0126 6B000000 		.4byte	0x6b
 671 012a 00000000 		.4byte	.LFB3
 672 012e 10000000 		.4byte	.LFE3-.LFB3
 673 0132 01       		.uleb128 0x1
 674 0133 9C       		.byte	0x9c
 675 0134 06       		.uleb128 0x6
 676 0135 74020000 		.4byte	.LASF22
 677 0139 01       		.byte	0x1
 678 013a CF       		.byte	0xcf
 679 013b 00000000 		.4byte	.LFB4
 680 013f 14000000 		.4byte	.LFE4-.LFB4
 681 0143 01       		.uleb128 0x1
 682 0144 9C       		.byte	0x9c
 683 0145 75010000 		.4byte	0x175
 684 0149 07       		.uleb128 0x7
 685 014a 2C010000 		.4byte	.LASF23
 686 014e 01       		.byte	0x1
 687 014f CF       		.byte	0xcf
 688 0150 77000000 		.4byte	0x77
ARM GAS  e:\temp\ccinxuH7.s 			page 33


 689 0154 42000000 		.4byte	.LLST2
 690 0158 0A       		.uleb128 0xa
 691 0159 A4020000 		.4byte	.LASF18
 692 015d 01       		.byte	0x1
 693 015e CF       		.byte	0xcf
 694 015f 77000000 		.4byte	0x77
 695 0163 01       		.uleb128 0x1
 696 0164 51       		.byte	0x51
 697 0165 0B       		.uleb128 0xb
 698 0166 3C010000 		.4byte	.LASF25
 699 016a 01       		.byte	0x1
 700 016b D1       		.byte	0xd1
 701 016c 83000000 		.4byte	0x83
 702 0170 63000000 		.4byte	.LLST3
 703 0174 00       		.byte	0
 704 0175 0C       		.uleb128 0xc
 705 0176 24020000 		.4byte	.LASF24
 706 017a 01       		.byte	0x1
 707 017b EC       		.byte	0xec
 708 017c 6B000000 		.4byte	0x6b
 709 0180 00000000 		.4byte	.LFB5
 710 0184 14000000 		.4byte	.LFE5-.LFB5
 711 0188 01       		.uleb128 0x1
 712 0189 9C       		.byte	0x9c
 713 018a 0B       		.uleb128 0xb
 714 018b 92020000 		.4byte	.LASF26
 715 018f 01       		.byte	0x1
 716 0190 EE       		.byte	0xee
 717 0191 6B000000 		.4byte	0x6b
 718 0195 80000000 		.4byte	.LLST4
 719 0199 00       		.byte	0
 720 019a 00       		.byte	0
 721              		.section	.debug_abbrev,"",%progbits
 722              	.Ldebug_abbrev0:
 723 0000 01       		.uleb128 0x1
 724 0001 11       		.uleb128 0x11
 725 0002 01       		.byte	0x1
 726 0003 25       		.uleb128 0x25
 727 0004 0E       		.uleb128 0xe
 728 0005 13       		.uleb128 0x13
 729 0006 0B       		.uleb128 0xb
 730 0007 03       		.uleb128 0x3
 731 0008 0E       		.uleb128 0xe
 732 0009 1B       		.uleb128 0x1b
 733 000a 0E       		.uleb128 0xe
 734 000b 55       		.uleb128 0x55
 735 000c 17       		.uleb128 0x17
 736 000d 11       		.uleb128 0x11
 737 000e 01       		.uleb128 0x1
 738 000f 10       		.uleb128 0x10
 739 0010 17       		.uleb128 0x17
 740 0011 00       		.byte	0
 741 0012 00       		.byte	0
 742 0013 02       		.uleb128 0x2
 743 0014 24       		.uleb128 0x24
 744 0015 00       		.byte	0
 745 0016 0B       		.uleb128 0xb
ARM GAS  e:\temp\ccinxuH7.s 			page 34


 746 0017 0B       		.uleb128 0xb
 747 0018 3E       		.uleb128 0x3e
 748 0019 0B       		.uleb128 0xb
 749 001a 03       		.uleb128 0x3
 750 001b 0E       		.uleb128 0xe
 751 001c 00       		.byte	0
 752 001d 00       		.byte	0
 753 001e 03       		.uleb128 0x3
 754 001f 24       		.uleb128 0x24
 755 0020 00       		.byte	0
 756 0021 0B       		.uleb128 0xb
 757 0022 0B       		.uleb128 0xb
 758 0023 3E       		.uleb128 0x3e
 759 0024 0B       		.uleb128 0xb
 760 0025 03       		.uleb128 0x3
 761 0026 08       		.uleb128 0x8
 762 0027 00       		.byte	0
 763 0028 00       		.byte	0
 764 0029 04       		.uleb128 0x4
 765 002a 16       		.uleb128 0x16
 766 002b 00       		.byte	0
 767 002c 03       		.uleb128 0x3
 768 002d 0E       		.uleb128 0xe
 769 002e 3A       		.uleb128 0x3a
 770 002f 0B       		.uleb128 0xb
 771 0030 3B       		.uleb128 0x3b
 772 0031 05       		.uleb128 0x5
 773 0032 49       		.uleb128 0x49
 774 0033 13       		.uleb128 0x13
 775 0034 00       		.byte	0
 776 0035 00       		.byte	0
 777 0036 05       		.uleb128 0x5
 778 0037 35       		.uleb128 0x35
 779 0038 00       		.byte	0
 780 0039 49       		.uleb128 0x49
 781 003a 13       		.uleb128 0x13
 782 003b 00       		.byte	0
 783 003c 00       		.byte	0
 784 003d 06       		.uleb128 0x6
 785 003e 2E       		.uleb128 0x2e
 786 003f 01       		.byte	0x1
 787 0040 3F       		.uleb128 0x3f
 788 0041 19       		.uleb128 0x19
 789 0042 03       		.uleb128 0x3
 790 0043 0E       		.uleb128 0xe
 791 0044 3A       		.uleb128 0x3a
 792 0045 0B       		.uleb128 0xb
 793 0046 3B       		.uleb128 0x3b
 794 0047 0B       		.uleb128 0xb
 795 0048 27       		.uleb128 0x27
 796 0049 19       		.uleb128 0x19
 797 004a 11       		.uleb128 0x11
 798 004b 01       		.uleb128 0x1
 799 004c 12       		.uleb128 0x12
 800 004d 06       		.uleb128 0x6
 801 004e 40       		.uleb128 0x40
 802 004f 18       		.uleb128 0x18
ARM GAS  e:\temp\ccinxuH7.s 			page 35


 803 0050 9742     		.uleb128 0x2117
 804 0052 19       		.uleb128 0x19
 805 0053 01       		.uleb128 0x1
 806 0054 13       		.uleb128 0x13
 807 0055 00       		.byte	0
 808 0056 00       		.byte	0
 809 0057 07       		.uleb128 0x7
 810 0058 05       		.uleb128 0x5
 811 0059 00       		.byte	0
 812 005a 03       		.uleb128 0x3
 813 005b 0E       		.uleb128 0xe
 814 005c 3A       		.uleb128 0x3a
 815 005d 0B       		.uleb128 0xb
 816 005e 3B       		.uleb128 0x3b
 817 005f 0B       		.uleb128 0xb
 818 0060 49       		.uleb128 0x49
 819 0061 13       		.uleb128 0x13
 820 0062 02       		.uleb128 0x2
 821 0063 17       		.uleb128 0x17
 822 0064 00       		.byte	0
 823 0065 00       		.byte	0
 824 0066 08       		.uleb128 0x8
 825 0067 34       		.uleb128 0x34
 826 0068 00       		.byte	0
 827 0069 03       		.uleb128 0x3
 828 006a 0E       		.uleb128 0xe
 829 006b 3A       		.uleb128 0x3a
 830 006c 0B       		.uleb128 0xb
 831 006d 3B       		.uleb128 0x3b
 832 006e 0B       		.uleb128 0xb
 833 006f 49       		.uleb128 0x49
 834 0070 13       		.uleb128 0x13
 835 0071 00       		.byte	0
 836 0072 00       		.byte	0
 837 0073 09       		.uleb128 0x9
 838 0074 2E       		.uleb128 0x2e
 839 0075 00       		.byte	0
 840 0076 3F       		.uleb128 0x3f
 841 0077 19       		.uleb128 0x19
 842 0078 03       		.uleb128 0x3
 843 0079 0E       		.uleb128 0xe
 844 007a 3A       		.uleb128 0x3a
 845 007b 0B       		.uleb128 0xb
 846 007c 3B       		.uleb128 0x3b
 847 007d 0B       		.uleb128 0xb
 848 007e 27       		.uleb128 0x27
 849 007f 19       		.uleb128 0x19
 850 0080 49       		.uleb128 0x49
 851 0081 13       		.uleb128 0x13
 852 0082 11       		.uleb128 0x11
 853 0083 01       		.uleb128 0x1
 854 0084 12       		.uleb128 0x12
 855 0085 06       		.uleb128 0x6
 856 0086 40       		.uleb128 0x40
 857 0087 18       		.uleb128 0x18
 858 0088 9742     		.uleb128 0x2117
 859 008a 19       		.uleb128 0x19
ARM GAS  e:\temp\ccinxuH7.s 			page 36


 860 008b 00       		.byte	0
 861 008c 00       		.byte	0
 862 008d 0A       		.uleb128 0xa
 863 008e 05       		.uleb128 0x5
 864 008f 00       		.byte	0
 865 0090 03       		.uleb128 0x3
 866 0091 0E       		.uleb128 0xe
 867 0092 3A       		.uleb128 0x3a
 868 0093 0B       		.uleb128 0xb
 869 0094 3B       		.uleb128 0x3b
 870 0095 0B       		.uleb128 0xb
 871 0096 49       		.uleb128 0x49
 872 0097 13       		.uleb128 0x13
 873 0098 02       		.uleb128 0x2
 874 0099 18       		.uleb128 0x18
 875 009a 00       		.byte	0
 876 009b 00       		.byte	0
 877 009c 0B       		.uleb128 0xb
 878 009d 34       		.uleb128 0x34
 879 009e 00       		.byte	0
 880 009f 03       		.uleb128 0x3
 881 00a0 0E       		.uleb128 0xe
 882 00a1 3A       		.uleb128 0x3a
 883 00a2 0B       		.uleb128 0xb
 884 00a3 3B       		.uleb128 0x3b
 885 00a4 0B       		.uleb128 0xb
 886 00a5 49       		.uleb128 0x49
 887 00a6 13       		.uleb128 0x13
 888 00a7 02       		.uleb128 0x2
 889 00a8 17       		.uleb128 0x17
 890 00a9 00       		.byte	0
 891 00aa 00       		.byte	0
 892 00ab 0C       		.uleb128 0xc
 893 00ac 2E       		.uleb128 0x2e
 894 00ad 01       		.byte	0x1
 895 00ae 3F       		.uleb128 0x3f
 896 00af 19       		.uleb128 0x19
 897 00b0 03       		.uleb128 0x3
 898 00b1 0E       		.uleb128 0xe
 899 00b2 3A       		.uleb128 0x3a
 900 00b3 0B       		.uleb128 0xb
 901 00b4 3B       		.uleb128 0x3b
 902 00b5 0B       		.uleb128 0xb
 903 00b6 27       		.uleb128 0x27
 904 00b7 19       		.uleb128 0x19
 905 00b8 49       		.uleb128 0x49
 906 00b9 13       		.uleb128 0x13
 907 00ba 11       		.uleb128 0x11
 908 00bb 01       		.uleb128 0x1
 909 00bc 12       		.uleb128 0x12
 910 00bd 06       		.uleb128 0x6
 911 00be 40       		.uleb128 0x40
 912 00bf 18       		.uleb128 0x18
 913 00c0 9742     		.uleb128 0x2117
 914 00c2 19       		.uleb128 0x19
 915 00c3 00       		.byte	0
 916 00c4 00       		.byte	0
ARM GAS  e:\temp\ccinxuH7.s 			page 37


 917 00c5 00       		.byte	0
 918              		.section	.debug_loc,"",%progbits
 919              	.Ldebug_loc0:
 920              	.LLST0:
 921 0000 00000000 		.4byte	.LVL0
 922 0004 06000000 		.4byte	.LVL1
 923 0008 0100     		.2byte	0x1
 924 000a 50       		.byte	0x50
 925 000b 06000000 		.4byte	.LVL1
 926 000f 14000000 		.4byte	.LFE0
 927 0013 0400     		.2byte	0x4
 928 0015 F3       		.byte	0xf3
 929 0016 01       		.uleb128 0x1
 930 0017 50       		.byte	0x50
 931 0018 9F       		.byte	0x9f
 932 0019 00000000 		.4byte	0
 933 001d 00000000 		.4byte	0
 934              	.LLST1:
 935 0021 00000000 		.4byte	.LVL2
 936 0025 06000000 		.4byte	.LVL3
 937 0029 0100     		.2byte	0x1
 938 002b 50       		.byte	0x50
 939 002c 06000000 		.4byte	.LVL3
 940 0030 18000000 		.4byte	.LFE1
 941 0034 0400     		.2byte	0x4
 942 0036 F3       		.byte	0xf3
 943 0037 01       		.uleb128 0x1
 944 0038 50       		.byte	0x50
 945 0039 9F       		.byte	0x9f
 946 003a 00000000 		.4byte	0
 947 003e 00000000 		.4byte	0
 948              	.LLST2:
 949 0042 00000000 		.4byte	.LVL4
 950 0046 08000000 		.4byte	.LVL7
 951 004a 0100     		.2byte	0x1
 952 004c 50       		.byte	0x50
 953 004d 08000000 		.4byte	.LVL7
 954 0051 14000000 		.4byte	.LFE4
 955 0055 0400     		.2byte	0x4
 956 0057 F3       		.byte	0xf3
 957 0058 01       		.uleb128 0x1
 958 0059 50       		.byte	0x50
 959 005a 9F       		.byte	0x9f
 960 005b 00000000 		.4byte	0
 961 005f 00000000 		.4byte	0
 962              	.LLST3:
 963 0063 04000000 		.4byte	.LVL5
 964 0067 06000000 		.4byte	.LVL6
 965 006b 0B00     		.2byte	0xb
 966 006d 70       		.byte	0x70
 967 006e 00       		.sleb128 0
 968 006f 0A       		.byte	0xa
 969 0070 FFFF     		.2byte	0xffff
 970 0072 1A       		.byte	0x1a
 971 0073 20       		.byte	0x20
 972 0074 73       		.byte	0x73
 973 0075 00       		.sleb128 0
ARM GAS  e:\temp\ccinxuH7.s 			page 38


 974 0076 1A       		.byte	0x1a
 975 0077 9F       		.byte	0x9f
 976 0078 00000000 		.4byte	0
 977 007c 00000000 		.4byte	0
 978              	.LLST4:
 979 0080 08000000 		.4byte	.LVL8
 980 0084 0C000000 		.4byte	.LVL9
 981 0088 0100     		.2byte	0x1
 982 008a 50       		.byte	0x50
 983 008b 0C000000 		.4byte	.LVL9
 984 008f 14000000 		.4byte	.LFE5
 985 0093 0400     		.2byte	0x4
 986 0095 72       		.byte	0x72
 987 0096 00       		.sleb128 0
 988 0097 06       		.byte	0x6
 989 0098 9F       		.byte	0x9f
 990 0099 00000000 		.4byte	0
 991 009d 00000000 		.4byte	0
 992              		.section	.debug_aranges,"",%progbits
 993 0000 44000000 		.4byte	0x44
 994 0004 0200     		.2byte	0x2
 995 0006 00000000 		.4byte	.Ldebug_info0
 996 000a 04       		.byte	0x4
 997 000b 00       		.byte	0
 998 000c 0000     		.2byte	0
 999 000e 0000     		.2byte	0
 1000 0010 00000000 		.4byte	.LFB0
 1001 0014 14000000 		.4byte	.LFE0-.LFB0
 1002 0018 00000000 		.4byte	.LFB1
 1003 001c 18000000 		.4byte	.LFE1-.LFB1
 1004 0020 00000000 		.4byte	.LFB2
 1005 0024 10000000 		.4byte	.LFE2-.LFB2
 1006 0028 00000000 		.4byte	.LFB3
 1007 002c 10000000 		.4byte	.LFE3-.LFB3
 1008 0030 00000000 		.4byte	.LFB4
 1009 0034 14000000 		.4byte	.LFE4-.LFB4
 1010 0038 00000000 		.4byte	.LFB5
 1011 003c 14000000 		.4byte	.LFE5-.LFB5
 1012 0040 00000000 		.4byte	0
 1013 0044 00000000 		.4byte	0
 1014              		.section	.debug_ranges,"",%progbits
 1015              	.Ldebug_ranges0:
 1016 0000 00000000 		.4byte	.LFB0
 1017 0004 14000000 		.4byte	.LFE0
 1018 0008 00000000 		.4byte	.LFB1
 1019 000c 18000000 		.4byte	.LFE1
 1020 0010 00000000 		.4byte	.LFB2
 1021 0014 10000000 		.4byte	.LFE2
 1022 0018 00000000 		.4byte	.LFB3
 1023 001c 10000000 		.4byte	.LFE3
 1024 0020 00000000 		.4byte	.LFB4
 1025 0024 14000000 		.4byte	.LFE4
 1026 0028 00000000 		.4byte	.LFB5
 1027 002c 14000000 		.4byte	.LFE5
 1028 0030 00000000 		.4byte	0
 1029 0034 00000000 		.4byte	0
 1030              		.section	.debug_line,"",%progbits
ARM GAS  e:\temp\ccinxuH7.s 			page 39


 1031              	.Ldebug_line0:
 1032 0000 CD000000 		.section	.debug_str,"MS",%progbits,1
 1032      02004900 
 1032      00000201 
 1032      FB0E0D00 
 1032      01010101 
 1033              	.LASF20:
 1034 0000 4932435F 		.ascii	"I2C_MSTR_sda_Read\000"
 1034      4D535452 
 1034      5F736461 
 1034      5F526561 
 1034      6400
 1035              	.LASF15:
 1036 0012 72656733 		.ascii	"reg32\000"
 1036      3200
 1037              	.LASF16:
 1038 0018 4932435F 		.ascii	"I2C_MSTR_sda_SetDriveMode\000"
 1038      4D535452 
 1038      5F736461 
 1038      5F536574 
 1038      44726976 
 1039              	.LASF19:
 1040 0032 76616C75 		.ascii	"value\000"
 1040      6500
 1041              	.LASF21:
 1042 0038 4932435F 		.ascii	"I2C_MSTR_sda_ReadDataReg\000"
 1042      4D535452 
 1042      5F736461 
 1042      5F526561 
 1042      64446174 
 1043              	.LASF29:
 1044 0051 433A5C55 		.ascii	"C:\\Users\\Admin\\Desktop\\_FIRMWARE\\DBARLite\\CYP"
 1044      73657273 
 1044      5C41646D 
 1044      696E5C44 
 1044      65736B74 
 1045 007e 44353232 		.ascii	"D5225\\CYPD5225-96BZXI_notebook\\CYPD5225-96BZXI_no"
 1045      355C4359 
 1045      50443532 
 1045      32352D39 
 1045      36425A58 
 1046 00af 7465626F 		.ascii	"tebook.cydsn\\backup_fw.cydsn\000"
 1046      6F6B2E63 
 1046      7964736E 
 1046      5C626163 
 1046      6B75705F 
 1047              	.LASF12:
 1048 00cc 666C6F61 		.ascii	"float\000"
 1048      7400
 1049              	.LASF1:
 1050 00d2 756E7369 		.ascii	"unsigned char\000"
 1050      676E6564 
 1050      20636861 
 1050      7200
 1051              	.LASF30:
 1052 00e0 64725661 		.ascii	"drVal\000"
 1052      6C00
ARM GAS  e:\temp\ccinxuH7.s 			page 40


 1053              	.LASF5:
 1054 00e6 6C6F6E67 		.ascii	"long unsigned int\000"
 1054      20756E73 
 1054      69676E65 
 1054      6420696E 
 1054      7400
 1055              	.LASF3:
 1056 00f8 73686F72 		.ascii	"short unsigned int\000"
 1056      7420756E 
 1056      7369676E 
 1056      65642069 
 1056      6E7400
 1057              	.LASF17:
 1058 010b 4932435F 		.ascii	"I2C_MSTR_sda_Write\000"
 1058      4D535452 
 1058      5F736461 
 1058      5F577269 
 1058      746500
 1059              	.LASF13:
 1060 011e 646F7562 		.ascii	"double\000"
 1060      6C6500
 1061              	.LASF10:
 1062 0125 75696E74 		.ascii	"uint16\000"
 1062      313600
 1063              	.LASF23:
 1064 012c 706F7369 		.ascii	"position\000"
 1064      74696F6E 
 1064      00
 1065              	.LASF11:
 1066 0135 75696E74 		.ascii	"uint32\000"
 1066      333200
 1067              	.LASF25:
 1068 013c 696E7472 		.ascii	"intrCfg\000"
 1068      43666700 
 1069              	.LASF8:
 1070 0144 756E7369 		.ascii	"unsigned int\000"
 1070      676E6564 
 1070      20696E74 
 1070      00
 1071              	.LASF7:
 1072 0151 6C6F6E67 		.ascii	"long long unsigned int\000"
 1072      206C6F6E 
 1072      6720756E 
 1072      7369676E 
 1072      65642069 
 1073              	.LASF27:
 1074 0168 474E5520 		.ascii	"GNU C11 5.4.1 20160609 (release) [ARM/embedded-5-br"
 1074      43313120 
 1074      352E342E 
 1074      31203230 
 1074      31363036 
 1075 019b 616E6368 		.ascii	"anch revision 237715] -mcpu=cortex-m0 -mthumb -g -O"
 1075      20726576 
 1075      6973696F 
 1075      6E203233 
 1075      37373135 
 1076 01ce 73202D66 		.ascii	"s -ffunction-sections -ffat-lto-objects -finline-fu"
ARM GAS  e:\temp\ccinxuH7.s 			page 41


 1076      66756E63 
 1076      74696F6E 
 1076      2D736563 
 1076      74696F6E 
 1077 0201 6E637469 		.ascii	"nctions -flto -fno-strict-aliasing\000"
 1077      6F6E7320 
 1077      2D666C74 
 1077      6F202D66 
 1077      6E6F2D73 
 1078              	.LASF24:
 1079 0224 4932435F 		.ascii	"I2C_MSTR_sda_ClearInterrupt\000"
 1079      4D535452 
 1079      5F736461 
 1079      5F436C65 
 1079      6172496E 
 1080              	.LASF28:
 1081 0240 47656E65 		.ascii	"Generated_Source\\PSoC4\\I2C_MSTR_sda.c\000"
 1081      72617465 
 1081      645F536F 
 1081      75726365 
 1081      5C50536F 
 1082              	.LASF6:
 1083 0266 6C6F6E67 		.ascii	"long long int\000"
 1083      206C6F6E 
 1083      6720696E 
 1083      7400
 1084              	.LASF22:
 1085 0274 4932435F 		.ascii	"I2C_MSTR_sda_SetInterruptMode\000"
 1085      4D535452 
 1085      5F736461 
 1085      5F536574 
 1085      496E7465 
 1086              	.LASF26:
 1087 0292 6D61736B 		.ascii	"maskedStatus\000"
 1087      65645374 
 1087      61747573 
 1087      00
 1088              	.LASF14:
 1089 029f 63686172 		.ascii	"char\000"
 1089      00
 1090              	.LASF18:
 1091 02a4 6D6F6465 		.ascii	"mode\000"
 1091      00
 1092              	.LASF2:
 1093 02a9 73686F72 		.ascii	"short int\000"
 1093      7420696E 
 1093      7400
 1094              	.LASF9:
 1095 02b3 75696E74 		.ascii	"uint8\000"
 1095      3800
 1096              	.LASF4:
 1097 02b9 6C6F6E67 		.ascii	"long int\000"
 1097      20696E74 
 1097      00
 1098              	.LASF0:
 1099 02c2 7369676E 		.ascii	"signed char\000"
 1099      65642063 
ARM GAS  e:\temp\ccinxuH7.s 			page 42


 1099      68617200 
 1100              		.comm	__gnu_lto_v1,1,1
 1101              		.ident	"GCC: (GNU Tools for ARM Embedded Processors) 5.4.1 20160609 (release) [ARM/embedded-5-bran
