ARM GAS  e:\temp\ccwxnfis.s 			page 1


   1              		.syntax unified
   2              		.cpu cortex-m0
   3              		.fpu softvfp
   4              		.eabi_attribute 20, 1
   5              		.eabi_attribute 21, 1
   6              		.eabi_attribute 23, 3
   7              		.eabi_attribute 24, 1
   8              		.eabi_attribute 25, 1
   9              		.eabi_attribute 26, 1
  10              		.eabi_attribute 30, 4
  11              		.eabi_attribute 34, 0
  12              		.eabi_attribute 18, 4
  13              		.thumb
  14              		.syntax unified
  15              		.file	"NCP81239_EN_P2.c"
  16              		.text
  17              	.Ltext0:
  18              		.section	.gnu.lto_.profile.6240a39d,"",%progbits
  19 0000 789C6361 		.ascii	"x\234ca`d`a`\000\222\352\212\000\000\331\000S"
  19      60646061 
  19      600092EA 
  19      8A0000D9 
  19      0053
  20              		.text
  21              		.section	.gnu.lto_.icf.6240a39d,"",%progbits
  22 0000 789C6361 		.ascii	"x\234ca`d\000\0015\006\004`ch\330\273f/\013\343\335"
  22      60640001 
  22      35060460 
  22      6368D8BB 
  22      662F0BE3 
  23 0015 D62F0759 		.ascii	"\326/\007Y\230\036\367\035\336\313\315\274\254o\322"
  23      981EF71D 
  23      DECBCDBC 
  23      AC6FD2
  24 0024 0B0E96E7 		.ascii	"\013\016\226\347MK7\363\260\266w\277\375\314\307\000"
  24      4D4B37F3 
  24      B0B677BF 
  24      FDCCC700 
  25 0034 00580C11 		.ascii	"\000X\014\021\205"
  25      85
  26              		.text
  27              		.section	.gnu.lto_.jmpfuncs.6240a39d,"",%progbits
  28 0000 789C45C9 		.ascii	"x\234E\311\261\001\000 \010\300\260\026\320+\374\225"
  28      B1010020 
  28      08C0B016 
  28      D02BFC95 
  29 0010 D795C90C 		.ascii	"\327\225\311\014]Z\3108|\033\265\235\004$Thv\257\367"
  29      5D5AC838 
  29      7C1BB59D 
  29      04245468 
  29      76AFF7
  30 0023 2E215502 		.ascii	".!U\002@"
  30      40
  31              		.text
  32              		.section	.gnu.lto_.inline.6240a39d,"",%progbits
  33 0000 789C658D 		.ascii	"x\234e\215\311\015\2000\014\004\327\216\343\030\011"
  33      C90D8030 
ARM GAS  e:\temp\ccwxnfis.s 			page 2


  33      0C04D78E 
  33      E31809
  34 000f 093A4807 		.ascii	"\011:H\007\224@\245<R\012%P\012%`\203\004B\231\307>"
  34      9440A53C 
  34      520A2550 
  34      0A256083 
  34      044299C7 
  35 0024 767C0808 		.ascii	"v|\010\010\301\206\017\005\254\020\301\\%\333Wh\253"
  35      C1860F05 
  35      AC10C15C 
  35      25DB5768 
  35      AB
  36 0035 0C3E2609 		.ascii	"\014>&\011K\030\254\223\322\352-\031\232\011\254\347"
  36      4B18AC93 
  36      D2EA2D19 
  36      9A09ACE7 
  37 0045 F2F44EEA 		.ascii	"\362\364N\352+\211\023\214\331OP\204\374\237x\2141\226"
  37      2B89138C 
  37      D94F5084 
  37      FC9F788C 
  37      3196
  38 0057 51D4375F 		.ascii	"Q\3247_\031\\\353\300\017\342"
  38      195CEBC0 
  38      0FE2
  39              		.text
  40              		.section	.gnu.lto_.pureconst.6240a39d,"",%progbits
  41 0000 789C6361 		.ascii	"x\234ca`d\340e```c\220b\224b\222b\226b\221b\225\002"
  41      6064E065 
  41      60606063 
  41      90629462 
  41      92629662 
  42 0018 00059500 		.ascii	"\000\005\225\000\304"
  42      C4
  43              		.text
  44              		.section	.gnu.lto_NCP81239_EN_P2_SetDriveMode.6240a39d,"",%progbits
  45 0000 789C7D51 		.ascii	"x\234}Q=H[Q\024>\337\275//\026\253]\013\315\340\226"
  45      3D485B51 
  45      143EDFBD 
  45      2F2F16AB 
  45      5D0BCDE0 
  46 0015 4AC156ED 		.ascii	"J\301V\355\320\316R\272\205`\326H(\346\215\032\020\235"
  46      D0CE52BA 
  46      8560D648 
  46      28E68D1A 
  46      109D
  47 0027 BDC9CBC3 		.ascii	"\275\311\313\303\322) \006:\024\247\2204\255\306\020"
  47      D2292006 
  47      3A14A790 
  47      34ADC610 
  48 0037 30CD1622 		.ascii	"0\315\026\"\332-\335\034\2138<\301)\376\201\224\266"
  48      DA2DDD1C 
  48      8B383CC1 
  48      29FE8194 
  48      B6
  49 0048 AFE7BC64 		.ascii	"\257\347\274d\356\205{\316y\037\337\367\361\335\363"
  49      EE857BCE 
  49      791FDFF7 
ARM GAS  e:\temp\ccwxnfis.s 			page 3


  49      F1DDF3
  50 0057 2C02C939 		.ascii	",\002\3119\342\366\234\373\023\276\320\004U\352\023"
  50      E2F69CFB 
  50      13BED004 
  50      55EA13
  51 0066 E5C71420 		.ascii	"\345\307\024 \203\031\003m*l\342N\375Q\350m\371\035"
  51      8319036D 
  51      2A6CE24E 
  51      FD51E86D 
  51      F91D
  52 0078 355D357C 		.ascii	"5]5|\316<?\2317\336cO\023\005*t\"T1\315\254\233Ve{\\"
  52      CE3C3F99 
  52      37DE634F 
  52      13052A74 
  52      225431CD 
  53 0092 3F03F17C 		.ascii	"?\003\361|\325\037\374\234\214W\214)\030\323Y2\332\323"
  53      D51FFC9C 
  53      8C578C29 
  53      18D35932 
  53      DAD3
  54 00a4 400D9A15 		.ascii	"@\015\232\025\230\217\341E\214\030 |F\\\310\347\315"
  54      988FE145 
  54      8C18207C 
  54      465CC8E7 
  54      CD
  55 00b5 BF3B1376 		.ascii	"\277;\023vQ\354\247\206\246\250\303\226\230\215\305"
  55      51ECA786 
  55      A6A8C396 
  55      988DC5
  56 00c4 AE0902D7 		.ascii	"\256\011\002\327t[\366\361\241\375@\261Li)\026D\034"
  56      745BF6F1 
  56      A1FD40B1 
  56      4C692916 
  56      441C
  57 00d6 91D19612 		.ascii	"\221\321\226\022\225B4\340+\361\257\224\222\256}\364"
  57      954234E0 
  57      2BF1AF94 
  57      92AE7DF4 
  58 00e6 7E7D38FD 		.ascii	"~}8\375h\213\237\253\345)e\257\367#z\253<\255\303\234"
  58      688B9FAB 
  58      E52965AF 
  58      F7237AAB 
  58      3CADC39C 
  59 00fa EDA3FC85 		.ascii	"\355\243\374\205\032~\276/\226\214\305P\351\276i\254"
  59      1A7EBE2F 
  59      968CC550 
  59      E9BE69AC 
  60 010a 5D7CCA17 		.ascii	"]|\312\027\341i\013_\021\303\027\3048\323\036vA>\334"
  60      E1690B5F 
  60      11C317C4 
  60      38D31E76 
  60      413EDC
  61 011d DF233B3D 		.ascii	"\337#;=t\274\370V\257\215\213\205\302\367 \010\036a"
  61      74BCF856 
  61      AF8D8B85 
  61      C2F72008 
  61      1E61
ARM GAS  e:\temp\ccwxnfis.s 			page 4


  62 012f 9FD93E0A 		.ascii	"\237\331>\012\327\321!-\342jKd\203\221L \331\351\365"
  62      D7D1212D 
  62      E26A4B64 
  62      83914C20 
  62      D9E9F5
  63 0142 41F5A1C8 		.ascii	"A\365\241\310\"\320h\204\022\367~D\211\206\3466C\275"
  63      22D06884 
  63      12F77E44 
  63      8986E636 
  63      43BD
  64 0154 3204FA5F 		.ascii	"2\004\372_\254\003\216\305\022\272D\241\333>QB\017\377"
  64      AC038EC5 
  64      12BA44A1 
  64      DB3E5142 
  64      0FFF
  65 0166 CA404176 		.ascii	"\312@Av\300\033y\372\326Yu\326\336\255;\331L*\267\261"
  65      C01B79FA 
  65      D65975D6 
  65      DEAD3BD9 
  65      4C2AB7B1 
  66 017a B6ECA493 		.ascii	"\266\354\244\223\251\334\302\313tb!\371jvn\376u\346"
  66      A9DCC2CB 
  66      746221F9 
  66      6A766EFE 
  66      75E6
  67 018c 4D22939C 		.ascii	"M\"\223\234\233Y&k%\227u\376\001&2\237@"
  67      9B59266B 
  67      259775FE 
  67      0126329F 
  67      40
  68              		.text
  69              		.section	.gnu.lto_NCP81239_EN_P2_Write.6240a39d,"",%progbits
  70 0000 789C5551 		.ascii	"x\234UQKh\023Q\024}\347\275\314\247\306\254]4\213nJ"
  70      4B681351 
  70      147DE7BD 
  70      CCA7C6AC 
  70      5D348B6E 
  71 0015 2D82F423 		.ascii	"-\202\364#\242\353\"\335\225`\301U5\204vV\006\013\301"
  71      A2EB22DD 
  71      9560C155 
  71      35847656 
  71      060BC1
  72 0028 76DB973F 		.ascii	"v\333\227?\324\012\025\261.\304d!\322\326_\255\237\202"
  72      D40A15B1 
  72      2EC46421 
  72      D2D65FAD 
  72      9F82
  73 003a D0C53808 		.ascii	"\320\3058\010Y\031\021E\024\252h\301\210n\214\222\242"
  73      59191145 
  73      14AA68C1 
  73      886E8C92 
  73      A2
  74 004b A835DE3B 		.ascii	"\2505\336;oc\036\363>s\346\234\363\316\275\023\021\020"
  74      6F631EF3 
  74      3E73E69C 
  74      F3CEBD13 
  74      1110
ARM GAS  e:\temp\ccwxnfis.s 			page 5


  75 005d 3C4E4B21 		.ascii	"<NK!\016\323\336M\023J@.\326\205\310\272\022\340\203"
  75      0ED3DE4D 
  75      134A402E 
  75      D685C8BA 
  75      12E083
  76 0070 7621E624 		.ascii	"v!\346$\346\260#w%\202r\343\221\354_\3264\336\177\374"
  76      E6B02377 
  76      258272E3 
  76      91EC5FD6 
  76      34DE7FFC 
  77 0084 31A0577C 		.ascii	"1\240W|\024\225\020m\031:\011,\243\237X\2376\313/\241"
  77      1495106D 
  77      193A092C 
  77      A39F589F 
  77      36CB2FA1 
  78 0098 0E40D0B9 		.ascii	"\016@\320\271\024\3544\243}\327\265\316i}\361\244VE"
  78      14EC34A3 
  78      7DD7B5CE 
  78      697DF1A4 
  78      5645
  79 00aa 05AC4091 		.ascii	"\005\254@\221\002\303q\014\304\005\001\002\253\350c"
  79      02C3710C 
  79      C4050102 
  79      ABE863
  80 00b9 F2E7E05C 		.ascii	"\362\347\340\\Z\015\206\272\332\306\2056z\257\261\316"
  80      5A0D86BA 
  80      DAC68536 
  80      7AAFB1CE 
  81 00c9 7F518B5D 		.ascii	"\177Q\213]\326~\266\207\2657\376\327\362 \356\366\372"
  81      D67EB687 
  81      B537FED7 
  81      F220EEF6 
  81      FA
  82 00da DF4B31BB 		.ascii	"\337K1\273\300\251zp\023\275&\017n\301\246\012\301\310"
  82      C0A97A70 
  82      13BD260F 
  82      6EC1A60A 
  82      C1C8
  83 00ec DA715FB7 		.ascii	"\332q_\267\333y\355?w\036\277v\242\222n\225\212\026"
  83      DB79ED3F 
  83      771EBF76 
  83      A2926E95 
  83      8A16
  84 00fe 1511FCD9 		.ascii	"\025\021\374\331\002'\260\031pxqC\264\213YB4ir'\276"
  84      0227B019 
  84      70787143 
  84      B48B5942 
  84      34697227 
  85 0113 49C9BB6A 		.ascii	"I\311\273j \3705_\257\314\262\177^qW\226\212\3013\247"
  85      20F8355F 
  85      AFCCB27F 
  85      5E715796 
  85      8AC133A7 
  86 0127 258B2A12 		.ascii	"%\213*\022F\377]o}\215\232W]X\324\021\202\256<\334x"
  86      46FF5D6F 
  86      7D8D9A57 
  86      5D58D411 
ARM GAS  e:\temp\ccwxnfis.s 			page 6


  86      82AE3CDC 
  87 013c 1BABE26A 		.ascii	"\033\253\342j\266@\375\262p\007q\334\006\345\307\032"
  87      B640FDB2 
  87      700771DC 
  87      06E5C71A 
  88 014c AA100DE4 		.ascii	"\252\020\015\344\276\227\267\2441T\344IH\376Oi\013\006"
  88      BE97B7A4 
  88      3154E449 
  88      48FE4F69 
  88      0B06
  89 015e 8910481E 		.ascii	"\211\020H\036\347[\363O\367\262\255\302.p\227\344\333"
  89      E75BF34F 
  89      F7B2ADC2 
  89      2E7097E4 
  89      DB
  90 016f 08359C95 		.ascii	"\0105\234\225X,j\226^UN\031\025=\026\251\036<\251\225"
  90      582C6A96 
  90      5E554E19 
  90      153D16A9 
  90      1E3CA995 
  91 0183 5C56D900 		.ascii	"\\V\331\000\326I\324a\355\020\217H\233\325\205\325="
  91      D649D461 
  91      ED108F48 
  91      9BD585D5 
  91      3D
  92 0194 4C0239DE 		.ascii	"L\0029\3363\244\237\266\241\270a\000\247\3632\327d~"
  92      33A49FB6 
  92      A1B86100 
  92      A7F332D7 
  92      647E
  93 01a6 57C91852 		.ascii	"W\311\030R\227\201\202\245\017\373\030\350\2508\253"
  93      978182A5 
  93      0FFB18E8 
  93      A838AB
  94 01b5 75B4B3E8 		.ascii	"u\264\263\350\373T4i\304\027\344\3747\243,\010\377d"
  94      FB543469 
  94      C417E4FC 
  94      37A32C08 
  94      FF64
  95 01c7 53821B4C 		.ascii	"S\202\033L\355\336?\352\235\3612\251\263\336Tr|z&3\351"
  95      EDDE3FEA 
  95      9DF132A9 
  95      B3DE5472 
  95      7C7A2633 
  96 01dc 4D24C6A7 		.ascii	"M$\306\247G\016M\214\215$\216\014\016\015\037M\036\033"
  96      470E4D8C 
  96      8D248E0C 
  96      0E0D1F4D 
  96      1E1B
  97 01ee 4B26860E 		.ascii	"K&\206\016N\012k6\225\236\361\254\251\314\211T\372\037"
  97      4E0A6B36 
  97      959EF1AC 
  97      A9CC8954 
  97      FA1F
  98 0200 2DCBD561 		.ascii	"-\313\325a"
  99              		.text
 100              		.section	.gnu.lto_NCP81239_EN_P2_Read.6240a39d,"",%progbits
ARM GAS  e:\temp\ccwxnfis.s 			page 7


 101 0000 789C4D8F 		.ascii	"x\234M\217\277KBQ\024\307\317\367\336\347\017\036\364"
 101      BF4B4251 
 101      14C7CFF7 
 101      DEE70F1E 
 101      F4
 102 0011 17E4D098 		.ascii	"\027\344\320\230\015Q\332\220S\203T[Hn!H\330[\023\244"
 102      0D51DA90 
 102      5383545B 
 102      486E2148 
 102      D85B13A4 
 103 0025 669FBEF7 		.ascii	"f\237\276\367\014\242\301\245\244!\334R\373AD\341\320"
 103      0CA2C1A5 
 103      A421DC52 
 103      FB4144E1 
 103      D0
 104 0036 10264141 		.ascii	"\020&AA\220[[\020\021\016M&F\020\225\235\353k\350\302"
 104      905B5B10 
 104      110E4D26 
 104      4610959D 
 104      EB6BE8C2 
 105 004a 3DE7DE73 		.ascii	"=\347\336s>\367\373=W#\220Z3\234\3068\017\363\206$\210"
 105      3EF7FB3D 
 105      5723905A 
 105      339CC638 
 105      0FF38624 
 106 005f E23D51CE 		.ascii	"\342=Q\316/\000u0\375\240\254@\026\357\342[\340\356"
 106      2F007530 
 106      FDA0AC40 
 106      16EFE25B 
 106      E0EE
 107 0071 E3764B0F 		.ascii	"\343vK\017VL3o>9\373\221R\265\001G\022\365\005!\034"
 107      564C336F 
 107      3E39FB91 
 107      52B50147 
 107      12F50521 
 108 0086 C0444049 		.ascii	"\300D@IT\020$F\237O\177\266\207\274\266\311kD\001\334"
 108      54102446 
 108      9F4F7FB6 
 108      87BCB6C9 
 108      6B4401DC 
 109 009a A9C2AB2C 		.ascii	"\251\302\253,O\026\033f\277o\231\2153\375\252\256s\311"
 109      4F161B66 
 109      BF6F998D 
 109      33FDAAAE 
 109      73C9
 110 00ac 91ECCB41 		.ascii	"\221\354\313AS\301CJ\221:\374B\371\277\011\241\262l"
 110      53C1434A 
 110      913AFC42 
 110      F9BF09A1 
 110      B26C
 111 00be A3F9B9F9 		.ascii	"\243\371\271\371P[R\"\226\224l\260\3434[\276\236p\244"
 111      505B5222 
 111      96946CB0 
 111      E3345BBE 
 111      9E70A4
 112 00d1 80F2BB28 		.ascii	"\200\362\273(\325/\245{\265\355\242\251q\251\365\270"
 112      D52FA57B 
ARM GAS  e:\temp\ccwxnfis.s 			page 8


 112      B5EDA2A9 
 112      71A9F5B8 
 113 00e1 DBD1CBD8 		.ascii	"\333\321\313\330\313\331<\245\304\001\002\250\201g\304"
 113      CBD93CA5 
 113      C40102A8 
 113      8167C4
 114 00f0 21CAA036 		.ascii	"!\312\2406\254\356\034Y\022\256\334\371\365M\301\257"
 114      ACEE1C59 
 114      12AEDCF9 
 114      F54DC1AF 
 115 0100 DE6B008E 		.ascii	"\336k\000\216\030\343\376W\241\347s\0155\346\376C\314"
 115      18E3FE57 
 115      A1E7730D 
 115      35E6FE43 
 115      CC
 116 0111 E07800E5 		.ascii	"\340x\000\345\273\033/p!\017s\364\012\361w\243\3017"
 116      BB1B2F70 
 116      210F73F4 
 116      0AF177A3 
 116      C137
 117 0123 A0C6E7CF 		.ascii	"\240\306\347\317\214\316\033\253Ffy\315XI\306\323\353"
 117      8CCE1BAB 
 117      466679CD 
 117      5849C6D3 
 117      EB
 118 0134 99949188 		.ascii	"\231\224\221\210\305\323\321\251\304B46=\031\012G\222"
 118      C5D3D1A9 
 118      C4423436 
 118      3D190A47 
 118      92
 119 0145 B30BC958 		.ascii	"\263\013\311Xh<E\277\271:u\240"
 119      683C45BF 
 119      B93A75A0 
 120              		.text
 121              		.section	.gnu.lto_NCP81239_EN_P2_ReadDataReg.6240a39d,"",%progbits
 122 0000 789C4D8F 		.ascii	"x\234M\217\275K\202Q\024\306\317s\357\353\007\211\177"
 122      BD4B8251 
 122      14C6CF73 
 122      EFEB0789 
 122      7F
 123 0011 410E8DD9 		.ascii	"A\016\215\331\020\245\01595H\265\211\344\026\202\204"
 123      10A50D39 
 123      3548B589 
 123      E4168284 
 124 0021 BD6B82D4 		.ascii	"\275k\202\324\354\325\327\327 \032\\\252A\312Q+#\242"
 124      ECD5D7D7 
 124      201A5CAA 
 124      41CA512B 
 124      23A2
 125 0033 8FD92428 		.ascii	"\217\331$(\010\354/\010\"\302\241\245\022+\350\313\316"
 125      08EC2F08 
 125      22C2A1A5 
 125      122BE8CB 
 125      CE
 126 0044 D5862EDC 		.ascii	"\325\206.\334s\356=\347w\237\347\\\203@zMq\032\341<"
 126      73EE3DE7 
 126      779FE75C 
ARM GAS  e:\temp\ccwxnfis.s 			page 9


 126      83407A4D 
 126      711AE13C 
 127 0058 C81B9220 		.ascii	"\310\033\222 \212M\242\254[\000\372\240\334\240\214"
 127      8A4DA2AC 
 127      5B00FAA0 
 127      DCA08C
 128 0067 4006AFE2 		.ascii	"@\006\257\342[\340\372\375j}\300_Q*\247\356\354\343"
 128      5BE0FAFD 
 128      6A7DC05F 
 128      512AA7EE 
 128      ECE3
 129 0079 D056B50E 		.ascii	"\320V\265\016[\022u\005!\350\303\230OKT\340'F\357\217"
 129      5B127505 
 129      21E8C398 
 129      4F4B54E0 
 129      2746EF8F 
 130 008d 7E36BCCE 		.ascii	"~6\274\316\274\3425\244\001\356T\341\324\226\207su\325"
 130      BCE235A4 
 130      01EE54E1 
 130      D4968773 
 130      75D5
 131 009f ED5AAA5E 		.ascii	"\355Z\252^\362\234\357x\270dK\366\345`\350\340 \255"
 131      F29CEF78 
 131      B8644BF6 
 131      E560E8E0 
 131      20AD
 132 00b1 48CFFC42 		.ascii	"H\317\374B\373\277\010\241\263l\241\361\261\366V\233"
 132      FBBF08A1 
 132      B36CA1F1 
 132      B1F6569B 
 133 00c1 D7229694 		.ascii	"\327\"\226\224l\260i7n\\\035aK\001\355\367\331\354<"
 133      6CB06937 
 133      6E5C1D61 
 133      4B01EDF7 
 133      D9EC3C
 134 00d4 79FA5795 		.ascii	"y\372W\225/*\203K\245\323\263[o\031\333\331<O)\261\007"
 134      2F2A834B 
 134      A5D3B35B 
 134      6F19DBD9 
 134      3C4F29B1 
 135 00e9 1F76C133 		.ascii	"\037v\3013b\037eP\013V{\206,\211\276\334\311\305e\301"
 135      621F6550 
 135      0B567B86 
 135      2C89BEDC 
 135      C9C565C1 
 136 00fd ADDF1B00 		.ascii	"\255\337\033\000j\214q\377\253\320q\365\015\015\346"
 136      6A8C71FF 
 136      ABD071F5 
 136      0D0DE6
 137 010c FE43CCE0 		.ascii	"\376C\314\340\240\007\345\332\253\017\350C\016\346\350"
 137      A007E5DA 
 137      AB0FE843 
 137      0EE6E8
 138 011b 11E2EF46 		.ascii	"\021\342\357F\275o@\217\317\237\031\2365\227\314\364"
 138      BD6F408F 
 138      CF9F199E 
 138      3597CCF4 
ARM GAS  e:\temp\ccwxnfis.s 			page 10


 139 012b C2B2B998 		.ascii	"\302\262\271\230\210\245V\322I3\036\215\245\302\023"
 139      88A556D2 
 139      49331E8D 
 139      A5C213
 140 013a F148383A 		.ascii	"\361H8:9\036\010\206\022\323\221D40\232\244_7\211v>"
 140      391E0886 
 140      12D39144 
 140      34309AA4 
 140      5F378976 
 141              		.text
 142              		.section	.gnu.lto_NCP81239_EN_P2_SetInterruptMode.6240a39d,"",%progbits
 143 0000 789C6D91 		.ascii	"x\234m\221Mh\023A\024\307\347\315lv7I\273z\267B.%\026"
 143      4D681341 
 143      14C7E7CD 
 143      6C763749 
 143      BB7AB742 
 144 0017 4168EDC1 		.ascii	"Ah\355\301\336\304 \336B\260\327B(m\224\034L$\306s'"
 144      DEC420DE 
 144      42B0D742 
 144      286D941C 
 144      4C24C673 
 145 002c D94D0A45 		.ascii	"\331M\012E\244(\006,\206\202\262\244Z\265\237\026\254"
 145      A428062C 
 145      8682B2A4 
 145      5AB59F16 
 145      AC
 146 003d 9735281E 		.ascii	"\2275(\036\374\242Z\021\025D+\246PzH\243\242\024\333"
 146      FCA25A11 
 146      15442BA6 
 146      507A48A3 
 146      A214DB
 147 0050 F8DE6E2E 		.ascii	"\370\336n.\005\007vg\336\217\367\376\363\177o\024\006"
 147      05077667 
 147      DE8FF7FE 
 147      F37F6F14 
 147      06
 148 0061 8C568533 		.ascii	"\214V\2053v\034\367\003\370\201`\300\307_1\226\3239"
 148      761CF703 
 148      F88160C0 
 148      C75F3196 
 148      D339
 149 0073 001DA40E 		.ascii	"\000\035\244\016l\204\303\010\374\342;\034\252\243\265"
 149      6C84C308 
 149      FCE23B1C 
 149      AAA3B5
 150 0082 87BCAB22 		.ascii	"\207\274\253\"q}\371\276\336-\247\034(\010\306\232\334"
 150      717DF9BE 
 150      DE2DA71C 
 150      2808C69A 
 150      DC
 151 0093 55625081 		.ascii	"UbP\201.\314z\332\374\355\354\373\311\013\002\200\212"
 151      2ECC7ADA 
 151      FCEDECFB 
 151      C90B0280 
 151      8A
 152 00a4 DED45F94 		.ascii	"\336\324_\224\203\024r\330\217\341\304\206]2\304a`x"
 152      831472D8 
ARM GAS  e:\temp\ccwxnfis.s 			page 11


 152      8FE1C486 
 152      5D32C461 
 152      6078
 153 00b6 5E5FBCF9 		.ascii	"^_\274\371>\020\266\245\314K\371hP\372\012B\300\035"
 153      3E10B6A5 
 153      CC4BF968 
 153      50FA0A42 
 153      C01D
 154 00c8 10A807B7 		.ascii	"\020\250\007\267\241\003\246\240\203!b0\015a\314\376"
 154      A103A6A0 
 154      83216230 
 154      0D61CCFE 
 155 00d8 B1605F0D 		.ascii	"\261`_\015\212^\267\262a\332f[\253r\247Uy\367?\225\367"
 155      8A5EB7B2 
 155      61DA665B 
 155      AB72A755 
 155      79F73F95 
 156 00ed 204CE92B 		.ascii	" L\351+\326\354\015\341YR0\334z9\361\315\360,\2050\234"
 156      D6EC0DE1 
 156      595230DC 
 156      7A39F1CD 
 156      F02C8530 
 157 0102 B6DFD95C 		.ascii	"\266\337\331\\\364\271\302c\037\256\314\267w\336\"a"
 157      F4B9C263 
 157      1FAECCB7 
 157      77DE2261 
 158 0112 E7ED65E3 		.ascii	"\347\355e\343\272t\254PA(0\353\211\317\240\370}\024"
 158      BA74AC50 
 158      412830EB 
 158      89CFA0F8 
 158      7D14
 159 0124 A785D96B 		.ascii	"\247\205\331ks\273\327\332U\213\006\022\2029\350\364"
 159      73BBD7DA 
 159      558B0612 
 159      8239E8F4 
 160 0134 4601F3A0 		.ascii	"F\001\363\240\342p\201\310\314iG6\233\246tV\214\307"
 160      E27081C8 
 160      CC694736 
 160      9BA67456 
 160      8CC7
 161 0146 1F8D368E 		.ascii	"\037\2156\216\266|\350\002;R\350\350\243\237\312(S\003"
 161      B67CE802 
 161      3B52E8E8 
 161      A39FCA28 
 161      5303
 162 0158 72AB2350 		.ascii	"r\253#P\375D\003\364c\254\216\212\364\022[\234\323."
 162      FD4403F4 
 162      63AC8E8A 
 162      F4125B9C 
 162      D32E
 163 016a 6A50DD1E 		.ascii	"jP\335\036\373\274\034\243KLA\003.\025\252\2575\352"
 163      FBBC1CA3 
 163      4B4C4103 
 163      2E15AAAF 
 163      35EA
 164 017c 46733B28 		.ascii	"Fs;([\317Nx\321%k\\R\273\317W\227\266\215I(\347,|.\035"
 164      5BCF4E78 
ARM GAS  e:\temp\ccwxnfis.s 			page 12


 164      D1256B5C 
 164      52BBCF57 
 164      97B68D49 
 165 0196 16B18705 		.ascii	"\026\261\207\005\352\001\036\300$\260\032\344\033\243"
 165      EA011EC0 
 165      24B01AE4 
 165      1BA3
 166 01a4 ABAAA7A7 		.ascii	"\253\252\247\247\23085$\273\305'>\217\370\020\"1\377"
 166      98383524 
 166      BBC5273E 
 166      8FF81022 
 166      31FF
 167 01b6 1637C123 		.ascii	"\0267\301#t-r\266\006\334\355\024\275#\364rj\313\215"
 167      742D72B6 
 167      06DCED14 
 167      BD23F472 
 167      6ACB8D
 168 01c9 56968E4A 		.ascii	"V\226\216J\246\320\\y\315C~\244\224\366\247\270\251"
 168      A6D05C79 
 168      CD437EA4 
 168      94F6A7B8 
 168      A9
 169 01da 7824E0AA 		.ascii	"x$\340\252\371\021VK_\017\022\333c7'ep\257\343%t\214"
 169      F911564B 
 169      5F0F12DB 
 169      63372765 
 169      70AFE325 
 170 01f0 656C03F2 		.ascii	"el\003\362\316\247(\025\270OQ\347@\303\301Q\035:\225"
 170      CEA72815 
 170      B84F51E7 
 170      40C3C151 
 170      1D3A95
 171 0203 48253283 		.ascii	"H%2\203\331\304p\274?}13\224\030\210\365\247#\275\003"
 171      D9C470BC 
 171      3F7D3133 
 171      941888F5 
 171      A723BD03 
 172 0217 D148EC58 		.ascii	"\321H\354Xw\317\321\276\370\311h<\326sd\210\351\347"
 172      77CFD1BE 
 172      F8C9683C 
 172      D6736488 
 172      E9E7
 173 0229 D31792D9 		.ascii	"\323\027\222\331d:\245\234K\017'\264d*\233\211\2349"
 173      643AA59C 
 173      4B0F27B4 
 173      642A9B89 
 173      9C39
 174 023b FB0F8D9D 		.ascii	"\373\017\215\235\357a"
 174      EF61
 175              		.text
 176              		.section	.gnu.lto_NCP81239_EN_P2_ClearInterrupt.6240a39d,"",%progbits
 177 0000 789C5590 		.ascii	"x\234U\220\315K[A\024\305\357\231y1\261(\371\003\232"
 177      CD4B5B41 
 177      14C5EF99 
 177      7931B128 
 177      F9039A
 178 0013 851B4111 		.ascii	"\205\033A\021\212_P]\213t\027\202\331\006B\210oU\252"
ARM GAS  e:\temp\ccwxnfis.s 			page 13


 178      8A5F505D 
 178      8B741782 
 178      D9064288 
 178      6F55AA
 179 0026 10E3B64E 		.ascii	"\020\343\266NL^ZJ\241\3314\001A\024\004ck\353\007\350"
 179      4C5E5A4A 
 179      A1D93401 
 179      41140463 
 179      6BEB07E8 
 180 003a AAA4BC06 		.ascii	"\252\244\274\006\333\212b\013\335\013\242\340B\020T"
 180      DB8A620B 
 180      DD0BA2E0 
 180      421054
 181 0049 AA816A4D 		.ascii	"\252\201jM\357\315\353B\007\0363s\336=\2779\367Z\004"
 181      EFCDEB42 
 181      071E3373 
 181      DE3DBF39 
 181      F75A04
 182 005c 92B5CFDB 		.ascii	"\222\265\317\333c\336\037\362\007MP\205\037D\231\200"
 182      63DE1FF2 
 182      074D5085 
 182      1F449980 
 183 006c 02E46002 		.ascii	"\002\344`\002\240)\205)\\\252\277\012\273\265\355\327"
 183      A0298529 
 183      5CAABF0A 
 183      BBB5EDD7 
 184 007c 0F3ACBC6 		.ascii	"\017:\313\306L\233\003\2476XZr\341h\242\272\"\364\205"
 184      4C9B03A7 
 184      36585A72 
 184      E168A2BA 
 184      22F485
 185 008f D01D1244 		.ascii	"\320\035\022D\031\235\304\245G+\327\345V\335\0059\357"
 185      199DC4A5 
 185      472BD7E5 
 185      56DD0539 
 185      EF
 186 00a0 2D9E6EA2 		.ascii	"-\236n\242}Aln\345MK\311\270\2316\366a\011\372\256\225"
 186      7D416C6E 
 186      E54D4BC9 
 186      B89936F6 
 186      6109FAAE 
 187 00b5 A4F670FD 		.ascii	"\244\366p\375\366mkS\316\360j\303;\264\013\234\251\357"
 187      F66D6B53 
 187      CEF06AC3 
 187      3BB40B9C 
 187      A9EF
 188 00c7 D1C43921 		.ascii	"\321\3049!\312\352\210k\352\365\254q?\005\277\374\012"
 188      CAEA886B 
 188      EAF5AC71 
 188      3F05BFFC 
 188      0A
 189 00d8 0614399A 		.ascii	"\006\0249\232s;ZY$\277}r\367\223\344\2423\366J\027\347"
 189      733B5A59 
 189      24BF7D72 
 189      F793E4A2 
 189      33F64A17 
 190 00ed 4AC9AE8F 		.ascii	"J\311\256\217Q\375\363\352\252\362\\pY-\035\025\235"
ARM GAS  e:\temp\ccwxnfis.s 			page 14


 190      51FDF3EA 
 190      AAF25C70 
 190      592D1D15 
 190      9D
 191 00fe EA4FFF6F 		.ascii	"\352O\377o\345h\335H:s=\377\022\336\265\220+\030\213"
 191      E568DD48 
 191      3A733DFF 
 191      12DEB590 
 191      2B188B
 192 0111 2567A7BC 		.ascii	"%g\247\274\333<\207\331L\216{\265\360\001!,\203\343"
 192      DB3C87D9 
 192      4C8E7BB5 
 192      F001212C 
 192      83E3
 193 0123 E223E640 		.ascii	"\342#\346@\307\230\276xq\243<\240f&+\331\233\374\026"
 193      C798BE78 
 193      71A33CA0 
 193      66262BD9 
 193      9BFC16
 194 0136 3CC56291 		.ascii	"<\305b\221\031_\35357(X\005\205\025v\037\242a\221\274"
 194      195FEB35 
 194      37285805 
 194      8515761F 
 194      A26191BC 
 195 014a 5CE4516E 		.ascii	"\\\344Qn+)\317\344\363\244j\261\001\271\027!c\214\357"
 195      2B29CFE4 
 195      F3A46AB1 
 195      01B91721 
 195      638CEF
 196 015d 7E8A554E 		.ascii	"~\212UN\301\026y\366\"\377\355\363\200\207\3603\202"
 196      C11679F6 
 196      22FFEDF3 
 196      8087F033 
 196      82
 197 016e 8D1B5BDF 		.ascii	"\215\033[\337\363\001y\327\007`\215\353O\360?\252\237"
 197      F30179D7 
 197      07608DEB 
 197      4FF03FAA 
 197      9F
 198 017f 1AE3818C 		.ascii	"\032\343\201\214\205\207\324\361\304\036\263S\211\264"
 198      8587D4F1 
 198      C41EB353 
 198      89B4
 199 018d 3D1A8F8E 		.ascii	"=\032\217\216O\246\222v,\022\035\037\352\217\205\207"
 199      4FA69276 
 199      2C121D1F 
 199      EA8F8587 
 200 019d 22033DBD 		.ascii	"\"\003=\275}\203\361\341p<\322\373(I-\317\022\023O\355"
 200      7D83F1E1 
 200      703CD2FB 
 200      28492DCF 
 200      12134FED 
 201 01b1 D1683A91 		.ascii	"\321h:\221\236\234\370\007UW\254\227"
 201      9E9CF807 
 201      5557AC97 
 202              		.text
 203              		.section	.gnu.lto_.symbol_nodes.6240a39d,"",%progbits
ARM GAS  e:\temp\ccwxnfis.s 			page 15


 204 0000 789C6361 		.ascii	"x\234ca`d\310`\000\002&\206z\006\206\011\347\030@\324"
 204      6064C860 
 204      00022686 
 204      7A068609 
 204      E71840D4 
 205 0014 AE0645A0 		.ascii	"\256\006E\240\000c=#\252\000S=\023\252\000s=3\252\000"
 205      00633D23 
 205      AA00533D 
 205      13AA0073 
 205      3D33AA00 
 206 0028 4B3D0BAA 		.ascii	"K=\013\252\000k=+\212\000\003\000\305\333\026\342"
 206      006B3D2B 
 206      8A000300 
 206      C5DB16E2 
 207              		.text
 208              		.section	.gnu.lto_.refs.6240a39d,"",%progbits
 209 0000 789C6361 		.ascii	"x\234ca`\004B \000\000\0009\000\007"
 209      60044220 
 209      00000039 
 209      0007
 210              		.text
 211              		.section	.gnu.lto_.decls.6240a39d,"",%progbits
 212 0000 789C8D54 		.ascii	"x\234\215ToL[U\024\277\347\275\266\033\217V\026$\206"
 212      6F4C5B55 
 212      14BFE7BD 
 212      B61B8F56 
 212      162486
 213 0013 688DB80F 		.ascii	"h\215\270\017m?\021\013\306\314/\213\011\323\315D\031"
 213      6D3F110B 
 213      C6CC2F8B 
 213      09D3CD44 
 213      19
 214 0024 19717E59 		.ascii	"\031q~YB:x\231$\013,\265\030\367\355\272?\210\323)\376"
 214      423A7899 
 214      240B2CB5 
 214      18F7EDBA 
 214      3F88D329 
 215 0039 071C6E8C 		.ascii	"\007\034n\214\250\374\033\177\006\005Z\246\355&\260"
 215      A8FC1B7F 
 215      06055AA6 
 215      ED26B0
 216 0048 8DB18DD6 		.ascii	"\215\261\215\326h6\231\262\331\215l0\0153FE\243\365"
 216      683699B2 
 216      D98D6C30 
 216      0D334645 
 216      A3F5
 217 005a DC7B5FFB 		.ascii	"\334{_\373\036\245Dnz\356{\367\274s~\347w~\357\364\231"
 217      1EA5446E 
 217      7AEE7BF7 
 217      BC737EE7 
 217      777EEFF4 
 218 006f 0810B6E2 		.ascii	"\010\020\266\342fBlx\333\205\026\307\265\006}\333\211"
 218      66426C78 
 218      DB8516C7 
 218      B5067DDB 
 218      89
 219 0080 BE2C68FD 		.ascii	"\276,h\375h~\264a\264 \332(\3328Y\276\372\265x\226\337"
ARM GAS  e:\temp\ccwxnfis.s 			page 16


 219      687EB461 
 219      B420DA28 
 219      DA3859BE 
 219      FAB57896 
 220 0095 8DE6448B 		.ascii	"\215\346D\213\242E\320\266j1\240\305\245.\206\277&%"
 220      A245D0B6 
 220      6A31A0C5 
 220      A52E86BF 
 220      2625
 221 00a7 D7BE42BE 		.ascii	"\327\276B\276?M>\343f\376\237\272\303i\362\202\253\310"
 221      3F4D3EE3 
 221      66FE9FBA 
 221      C369F282 
 221      ABC8
 222 00b9 0BA6C963 		.ascii	"\013\246\311c\032dh|\263\321r\320Bh\223\032\216\303"
 222      1A64687C 
 222      B3D172D0 
 222      4268931A 
 222      8EC3
 223 00cb 8095C019 		.ascii	"\200\225\300\031M\203\303t\264\254\242\347tz\377#A\274"
 223      4D83C374 
 223      B4ACA2E7 
 223      747AFF23 
 223      41BC
 224 00dd B9BB2D63 		.ascii	"\271\273-c\032\256\202\004\332\013%\000b\007nD\030?"
 224      1AAE8204 
 224      DA0B2500 
 224      62076E44 
 224      183F
 225 00ef E28DC477 		.ascii	"\342\215\304w\222t%/\204\355D\304s\237\016\306\177\211"
 225      9274252F 
 225      84ED44C4 
 225      739F0EC6 
 225      7F89
 226 0101 6B3CB138 		.ascii	"k<\2618\210\216\016Z\022$\031\210,\361\\\322\302\210"
 226      888E0E5A 
 226      12241988 
 226      2CF15CD2 
 226      C288
 227 0113 0097F404 		.ascii	"\000\227\364\004\003\236\240k\340\004K{\202D\323\263"
 227      039EA06B 
 227      E0044B7B 
 227      8244D3B3 
 228 0123 91C32190 		.ascii	"\221\303!\220\021\023\357g\026\333\236\311\357\242\270"
 228      1113EF67 
 228      16DB9EC9 
 228      EFA2B8
 229 0132 EA299536 		.ascii	"\352)\2256\352\312\364\034\274\331\276\3667\011\354"
 229      EACAF41C 
 229      BCD9BEF6 
 229      3709EC
 230 0141 0AC4819D 		.ascii	"\012\304\201\235\357\006\026m\342\314\0367\276\033\373"
 230      EF06166D 
 230      E2CC1E37 
 230      BE1BFB
 231 0150 375376B2 		.ascii	"7Sv\262{\351\233X\347\035\023\270\224\317\031\314\365"
 231      7BE99B58 
ARM GAS  e:\temp\ccwxnfis.s 			page 17


 231      E71D13B8 
 231      94CF19CC 
 231      F5
 232 0161 91BE8D01 		.ascii	"\221\276\215\001J\327A7(\320\0052\264C>+nWp\257\243"
 232      4AD74137 
 232      28D00532 
 232      B4433E2B 
 232      6E5770AF 
 233 0176 741F5D38 		.ascii	"t\037]8N-\271\004\012\355\360\230\235\300\011p1L\026"
 233      4E2DB904 
 233      0AEDF098 
 233      9DC00970 
 233      314C16
 234 0189 059D6087 		.ascii	"\005\235`\207\016\2603\374[\037\037\235\267\230$Ld8"
 234      0EB033FC 
 234      5B1F1F9D 
 234      B798244C 
 234      6438
 235 019b 3B4DCC37 		.ascii	";M\3147\026\377#\234\205\024\262\025\220\360\030]\230"
 235      16FF239C 
 235      8514B215 
 235      90F0185D 
 235      98
 236 01ac 6CCEC463 		.ascii	"l\316\304c\216\002\353\360x\351\203\253Q\310\375\210"
 236      8E02EBF0 
 236      78E983AB 
 236      51C8FD88 
 237 01bc 71A0FB69 		.ascii	"q\240\373i\236\004\333\037\200>\004\354E@\002'!\027"
 237      9E04DB1F 
 237      803E04EC 
 237      45400227 
 237      2117
 238 01ce F71E3089 		.ascii	"\367\0360\211\356\232\346\357\371a\3751z\254\227^\017"
 238      EE9AE6EF 
 238      F961FD31 
 238      7AAC975E 
 238      0F
 239 01df D53ED7D2 		.ascii	"\325>\327\322ZK\2470\357)\036\010m:m\274e\227/`\032"
 239      5A4BA730 
 239      EF291E08 
 239      6D3A6DBC 
 239      65972F60 
 240 01f4 C5EC87F5 		.ascii	"\305\354\207\365\230{\255vf\336&\277*\344\233mj\267"
 240      987BAD76 
 240      66DE26BF 
 240      2AE49B6D 
 240      6AB7
 241 0206 0A9C70E8 		.ascii	"\012\234p\350u\271\221\206\367!\214\304Q\006t\224\001"
 241      75B99186 
 241      F7218CC4 
 241      51067494 
 241      01
 242 0217 238A9FA3 		.ascii	"#\212\237\243\014}\367\376!\223|\0308Ls}kG\246\221;"
 242      0C7DF7FE 
 242      21937C18 
 242      384C737D 
 242      6B47A691 
ARM GAS  e:\temp\ccwxnfis.s 			page 18


 243 022c 6B5A273F 		.ascii	"kZ'?\304\311\357\324\270\317\215\2747*k5\373&\364\232"
 243      C4C9EFD4 
 243      B8CF8DBC 
 243      372A6B35 
 243      FB26F49A 
 244 0240 1805837A 		.ascii	"\030\005\203z\315Ac\315a^s\252\343\346\3336\271E\324"
 244      CD4163CD 
 244      615E73AA 
 244      E3E6DB36 
 244      B945D4
 245 0253 0C7FDA73 		.ascii	"\014\177\332sE\321`\032.XE\377\034$\240\203\004\214"
 245      45D1601A 
 245      2E5845FF 
 245      1C24A083 
 245      048C
 246 0265 20410E72 		.ascii	" A\016r\347\247\370\321\014\371\224\000\371\354\257"
 246      E7A7F8D1 
 246      0CF99400 
 246      F9ECAF
 247 0274 BF17647C 		.ascii	"\277\027d|\007\016\234\222\270l\030\023\207\030\223"
 247      070E9C92 
 247      B86C1813 
 247      871893
 248 0283 B696F17E 		.ascii	"\266\226\361~E\276\306\203\245_\006\316^\261\201\342"
 248      45BEC683 
 248      A55F06CE 
 248      5EB181E2 
 249 0293 E253807D 		.ascii	"\342S\200}*.\222l\022\3028\007\016m\016\276D\347)tj"
 249      2A2E926C 
 249      12C23807 
 249      0E6D0EBE 
 249      44E72974 
 250 02a8 03E51703 		.ascii	"\003\345\027\003\025BM\276\322\2519\024!GC\353;.>(\241"
 250      15424DBE 
 250      D2A93914 
 250      214743EB 
 250      3B2E3E28 
 251 02bd E4A09C3E 		.ascii	"\344\240\234>1;\251$}\247\201;\217\337\236\037\264\255"
 251      313BA924 
 251      7DA7813B 
 251      8FDF9E1F 
 251      B4AD
 252 02cf 381F5F73 		.ascii	"8\037_s\211\317$\346c\272\376\347O\244\304|\214o\215"
 252      89CF24E6 
 252      63BAFEE7 
 252      4FA4C47C 
 252      8C6F8D
 253 02e2 9DA4F420 		.ascii	"\235\244\364 \346\231X\034\214\350$F\214\372\214r}\026"
 253      E699581C 
 253      8CE82446 
 253      8CFA8C72 
 253      7D16
 254 02f4 1B17FC59 		.ascii	"\033\027\374YrL\3503w\373\206[\3238py\351\253\032\323"
 254      724CE833 
 254      77FB865B 
 254      D3387079 
 254      E9AB1AD3 
ARM GAS  e:\temp\ccwxnfis.s 			page 19


 255 0308 51C68C28 		.ascii	"Q\306\214(\343\034%r\240\367\210,f\335\204\307{\027"
 255      E31C2572 
 255      A0F7882C 
 255      66DD84C7 
 255      7B17
 256 031a 9B62F789 		.ascii	"\233b\367\211Y\317\303\343\017\347\332;\331S'\223=\036"
 256      59CFC3E3 
 256      0FE7DA3B 
 256      D9532793 
 256      3D1E
 257 032c CF3208EF 		.ascii	"\3172\010\357\024\302O\314\334\3725C~\215\377\311\245"
 257      14C24FCC 
 257      DCFA3543 
 257      7E8DFFC9 
 257      A5
 258 033d 68E3DD19 		.ascii	"h\343\335\031KB\370\372\3754{\013\201s\330\372Y&\374"
 258      4B42F8FA 
 258      FD347B0B 
 258      8173D8FA 
 258      5926FC
 259 0350 4514DEA9 		.ascii	"E\024\336\251\011?\201\316\363\272\360\001!\374$\212"
 259      093F81CE 
 259      F3BAF001 
 259      21FC248A 
 260 0360 784167EB 		.ascii	"xAg\353\324\204\177\343\306\207\337\233\225:\246\346"
 260      D4847FE3 
 260      C687DF9B 
 260      953AA6E6 
 261 0370 6A303123 		.ascii	"j01#\370#=b\226\353\004\251o\337\034j\220\023_\215p"
 261      F8233D62 
 261      96EB04A9 
 261      6FDF1C6A 
 261      90135F8D 
 262 0385 646ECB01 		.ascii	"dn\313\001J\001\"X\353\262^\353\022h\237\215\3455\246"
 262      4A012258 
 262      EBB25EEB 
 262      12689F8D 
 262      E535A6
 263 0398 D2D7F8FD 		.ascii	"\322\327\370\375\317\363oY\255\207\222\235r\304D\022"
 263      CFF36F59 
 263      AD87929D 
 263      72C44412 
 264 03a8 812858F9 		.ascii	"\201(X\371\007\221]\037*.*\331\340.(|\262\354\351\342"
 264      07915D1F 
 264      2A2E2AD9 
 264      E02E287C 
 264      B2ECE9E2 
 265 03bc B29282B2 		.ascii	"\262\222\202\262R\325\267\311[\371\212\372|u\205\272"
 265      52D5B7C9 
 265      5BF98AFA 
 265      7C7585BA 
 266 03cc 7673F10B 		.ascii	"vs\361\013yEn71\327TV\3716<\272Y\255R\275\036\237ZQ"
 266      79456E37 
 266      31D75456 
 266      F9363CBA 
 266      59AD52BD 
 267 03e4 565A5DE3 		.ascii	"VZ]\343-Ww\224\224V\027=\276\243|\257o\357\036\365\345"
ARM GAS  e:\temp\ccwxnfis.s 			page 20


 267      2D577794 
 267      9456173D 
 267      BEA37CAF 
 267      6FEF1EF5 
 268 03f9 FC97886B 		.ascii	"\374\227\210k\205\210\2455\362\313INJ\325\027\275\225"
 268      8588A535 
 268      F2CB494E 
 268      4AD517BD 
 268      95
 269 040a 3EF5FE14 		.ascii	">\365\376\024\3476\325S\361`\032\337&\217\317\263M\335"
 269      E736D553 
 269      F1601ADF 
 269      268FCFB3 
 269      4DDD
 270 041c F5C872E6 		.ascii	"\365\310r\346\317V\371T\257\267f\217\217\261\2670\322"
 270      CF56F954 
 270      AFB7668F 
 270      8FB1B730 
 270      D2
 271 042d EE271E4E 		.ascii	"\356'\036N\011+\332\255z\274\311@\036TX`\366\252\273"
 271      092BDAAD 
 271      7ABCC940 
 271      1E545860 
 271      F6AABB
 272 0440 0A0BFE03 		.ascii	"\012\013\376\003\222~$\315"
 272      927E24CD 
 273              		.text
 274              		.section	.gnu.lto_.symtab.6240a39d,"",%progbits
 275 0000 4E435038 		.ascii	"NCP81239_EN_P2_SetDriveMode\000"
 275      31323339 
 275      5F454E5F 
 275      50325F53 
 275      65744472 
 276 001c 00       		.ascii	"\000"
 277 001d 00       		.ascii	"\000"
 278 001e 00       		.ascii	"\000"
 279 001f 00000000 		.ascii	"\000\000\000\000\000\000\000\000"
 279      00000000 
 280 0027 B3000000 		.ascii	"\263\000\000\000"
 281 002b 4E435038 		.ascii	"NCP81239_EN_P2_Write\000"
 281      31323339 
 281      5F454E5F 
 281      50325F57 
 281      72697465 
 282 0040 00       		.ascii	"\000"
 283 0041 00       		.ascii	"\000"
 284 0042 00       		.ascii	"\000"
 285 0043 00000000 		.ascii	"\000\000\000\000\000\000\000\000"
 285      00000000 
 286 004b B5000000 		.ascii	"\265\000\000\000"
 287 004f 4E435038 		.ascii	"NCP81239_EN_P2_Read\000"
 287      31323339 
 287      5F454E5F 
 287      50325F52 
 287      65616400 
 288 0063 00       		.ascii	"\000"
 289 0064 00       		.ascii	"\000"
ARM GAS  e:\temp\ccwxnfis.s 			page 21


 290 0065 00       		.ascii	"\000"
 291 0066 00000000 		.ascii	"\000\000\000\000\000\000\000\000"
 291      00000000 
 292 006e B8000000 		.ascii	"\270\000\000\000"
 293 0072 4E435038 		.ascii	"NCP81239_EN_P2_ReadDataReg\000"
 293      31323339 
 293      5F454E5F 
 293      50325F52 
 293      65616444 
 294 008d 00       		.ascii	"\000"
 295 008e 00       		.ascii	"\000"
 296 008f 00       		.ascii	"\000"
 297 0090 00000000 		.ascii	"\000\000\000\000\000\000\000\000"
 297      00000000 
 298 0098 BA000000 		.ascii	"\272\000\000\000"
 299 009c 4E435038 		.ascii	"NCP81239_EN_P2_SetInterruptMode\000"
 299      31323339 
 299      5F454E5F 
 299      50325F53 
 299      6574496E 
 300 00bc 00       		.ascii	"\000"
 301 00bd 00       		.ascii	"\000"
 302 00be 00       		.ascii	"\000"
 303 00bf 00000000 		.ascii	"\000\000\000\000\000\000\000\000"
 303      00000000 
 304 00c7 C4000000 		.ascii	"\304\000\000\000"
 305 00cb 4E435038 		.ascii	"NCP81239_EN_P2_ClearInterrupt\000"
 305      31323339 
 305      5F454E5F 
 305      50325F43 
 305      6C656172 
 306 00e9 00       		.ascii	"\000"
 307 00ea 00       		.ascii	"\000"
 308 00eb 00       		.ascii	"\000"
 309 00ec 00000000 		.ascii	"\000\000\000\000\000\000\000\000"
 309      00000000 
 310 00f4 C6000000 		.ascii	"\306\000\000\000"
 311              		.text
 312              		.section	.gnu.lto_.opts,"",%progbits
 313 0000 272D666D 		.ascii	"'-fmath-errno' '-fsigned-zeros' '-ftrapping-math' '"
 313      6174682D 
 313      6572726E 
 313      6F272027 
 313      2D667369 
 314 0033 2D666E6F 		.ascii	"-fno-trapv' '-fno-openmp' '-fno-openacc' '-mcpu=cor"
 314      2D747261 
 314      70762720 
 314      272D666E 
 314      6F2D6F70 
 315 0066 7465782D 		.ascii	"tex-m0' '-mthumb' '-g' '-Os' '-Werror' '-ffunction-"
 315      6D302720 
 315      272D6D74 
 315      68756D62 
 315      2720272D 
 316 0099 73656374 		.ascii	"sections' '-ffat-lto-objects' '-finline-functions' "
 316      696F6E73 
 316      2720272D 
ARM GAS  e:\temp\ccwxnfis.s 			page 22


 316      66666174 
 316      2D6C746F 
 317 00cc 272D666C 		.ascii	"'-flto' '-fno-strict-aliasing'\000"
 317      746F2720 
 317      272D666E 
 317      6F2D7374 
 317      72696374 
 318              		.text
 319              		.cfi_sections	.debug_frame
 320              		.section	.text.NCP81239_EN_P2_SetDriveMode,"ax",%progbits
 321              		.align	1
 322              		.global	NCP81239_EN_P2_SetDriveMode
 323              		.code	16
 324              		.thumb_func
 325              		.type	NCP81239_EN_P2_SetDriveMode, %function
 326              	NCP81239_EN_P2_SetDriveMode:
 327              	.LFB0:
 328              		.file 1 "Generated_Source\\PSoC4\\NCP81239_EN_P2.c"
   1:Generated_Source\PSoC4/NCP81239_EN_P2.c **** /*******************************************************************************
   2:Generated_Source\PSoC4/NCP81239_EN_P2.c **** * File Name: NCP81239_EN_P2.c  
   3:Generated_Source\PSoC4/NCP81239_EN_P2.c **** * Version 2.20
   4:Generated_Source\PSoC4/NCP81239_EN_P2.c **** *
   5:Generated_Source\PSoC4/NCP81239_EN_P2.c **** * Description:
   6:Generated_Source\PSoC4/NCP81239_EN_P2.c **** *  This file contains API to enable firmware control of a Pins component.
   7:Generated_Source\PSoC4/NCP81239_EN_P2.c **** *
   8:Generated_Source\PSoC4/NCP81239_EN_P2.c **** ********************************************************************************
   9:Generated_Source\PSoC4/NCP81239_EN_P2.c **** * Copyright 2008-2015, Cypress Semiconductor Corporation.  All rights reserved.
  10:Generated_Source\PSoC4/NCP81239_EN_P2.c **** * You may use this file only in accordance with the license, terms, conditions, 
  11:Generated_Source\PSoC4/NCP81239_EN_P2.c **** * disclaimers, and limitations in the end user license agreement accompanying 
  12:Generated_Source\PSoC4/NCP81239_EN_P2.c **** * the software package with which this file was provided.
  13:Generated_Source\PSoC4/NCP81239_EN_P2.c **** *******************************************************************************/
  14:Generated_Source\PSoC4/NCP81239_EN_P2.c **** 
  15:Generated_Source\PSoC4/NCP81239_EN_P2.c **** #include "cytypes.h"
  16:Generated_Source\PSoC4/NCP81239_EN_P2.c **** #include "NCP81239_EN_P2.h"
  17:Generated_Source\PSoC4/NCP81239_EN_P2.c **** 
  18:Generated_Source\PSoC4/NCP81239_EN_P2.c **** 
  19:Generated_Source\PSoC4/NCP81239_EN_P2.c **** #if defined(NCP81239_EN_P2__PC)
  20:Generated_Source\PSoC4/NCP81239_EN_P2.c ****     #define NCP81239_EN_P2_SetP4PinDriveMode(shift, mode)  \
  21:Generated_Source\PSoC4/NCP81239_EN_P2.c ****     do { \
  22:Generated_Source\PSoC4/NCP81239_EN_P2.c ****         NCP81239_EN_P2_PC =   (NCP81239_EN_P2_PC & \
  23:Generated_Source\PSoC4/NCP81239_EN_P2.c ****                                 (uint32)(~(uint32)(NCP81239_EN_P2_DRIVE_MODE_IND_MASK << \
  24:Generated_Source\PSoC4/NCP81239_EN_P2.c ****                                 (NCP81239_EN_P2_DRIVE_MODE_BITS * (shift))))) | \
  25:Generated_Source\PSoC4/NCP81239_EN_P2.c ****                                 (uint32)((uint32)(mode) << \
  26:Generated_Source\PSoC4/NCP81239_EN_P2.c ****                                 (NCP81239_EN_P2_DRIVE_MODE_BITS * (shift))); \
  27:Generated_Source\PSoC4/NCP81239_EN_P2.c ****     } while (0)
  28:Generated_Source\PSoC4/NCP81239_EN_P2.c **** #else
  29:Generated_Source\PSoC4/NCP81239_EN_P2.c ****     #if (CY_PSOC4_4200L)
  30:Generated_Source\PSoC4/NCP81239_EN_P2.c ****         #define NCP81239_EN_P2_SetP4PinDriveMode(shift, mode)  \
  31:Generated_Source\PSoC4/NCP81239_EN_P2.c ****         do { \
  32:Generated_Source\PSoC4/NCP81239_EN_P2.c ****             NCP81239_EN_P2_USBIO_CTRL_REG = (NCP81239_EN_P2_USBIO_CTRL_REG & \
  33:Generated_Source\PSoC4/NCP81239_EN_P2.c ****                                     (uint32)(~(uint32)(NCP81239_EN_P2_DRIVE_MODE_IND_MASK << \
  34:Generated_Source\PSoC4/NCP81239_EN_P2.c ****                                     (NCP81239_EN_P2_DRIVE_MODE_BITS * (shift))))) | \
  35:Generated_Source\PSoC4/NCP81239_EN_P2.c ****                                     (uint32)((uint32)(mode) << \
  36:Generated_Source\PSoC4/NCP81239_EN_P2.c ****                                     (NCP81239_EN_P2_DRIVE_MODE_BITS * (shift))); \
  37:Generated_Source\PSoC4/NCP81239_EN_P2.c ****         } while (0)
  38:Generated_Source\PSoC4/NCP81239_EN_P2.c ****     #endif
  39:Generated_Source\PSoC4/NCP81239_EN_P2.c **** #endif
ARM GAS  e:\temp\ccwxnfis.s 			page 23


  40:Generated_Source\PSoC4/NCP81239_EN_P2.c ****   
  41:Generated_Source\PSoC4/NCP81239_EN_P2.c **** 
  42:Generated_Source\PSoC4/NCP81239_EN_P2.c **** #if defined(NCP81239_EN_P2__PC) || (CY_PSOC4_4200L) 
  43:Generated_Source\PSoC4/NCP81239_EN_P2.c ****     /*******************************************************************************
  44:Generated_Source\PSoC4/NCP81239_EN_P2.c ****     * Function Name: NCP81239_EN_P2_SetDriveMode
  45:Generated_Source\PSoC4/NCP81239_EN_P2.c ****     ****************************************************************************//**
  46:Generated_Source\PSoC4/NCP81239_EN_P2.c ****     *
  47:Generated_Source\PSoC4/NCP81239_EN_P2.c ****     * \brief Sets the drive mode for each of the Pins component's pins.
  48:Generated_Source\PSoC4/NCP81239_EN_P2.c ****     * 
  49:Generated_Source\PSoC4/NCP81239_EN_P2.c ****     * <b>Note</b> This affects all pins in the Pins component instance. Use the
  50:Generated_Source\PSoC4/NCP81239_EN_P2.c ****     * Per-Pin APIs if you wish to control individual pin's drive modes.
  51:Generated_Source\PSoC4/NCP81239_EN_P2.c ****     *
  52:Generated_Source\PSoC4/NCP81239_EN_P2.c ****     * <b>Note</b> USBIOs have limited drive functionality. Refer to the Drive Mode
  53:Generated_Source\PSoC4/NCP81239_EN_P2.c ****     * parameter for more information.
  54:Generated_Source\PSoC4/NCP81239_EN_P2.c ****     *
  55:Generated_Source\PSoC4/NCP81239_EN_P2.c ****     * \param mode
  56:Generated_Source\PSoC4/NCP81239_EN_P2.c ****     *  Mode for the selected signals. Valid options are documented in 
  57:Generated_Source\PSoC4/NCP81239_EN_P2.c ****     *  \ref driveMode.
  58:Generated_Source\PSoC4/NCP81239_EN_P2.c ****     *
  59:Generated_Source\PSoC4/NCP81239_EN_P2.c ****     * \return
  60:Generated_Source\PSoC4/NCP81239_EN_P2.c ****     *  None
  61:Generated_Source\PSoC4/NCP81239_EN_P2.c ****     *
  62:Generated_Source\PSoC4/NCP81239_EN_P2.c ****     * \sideeffect
  63:Generated_Source\PSoC4/NCP81239_EN_P2.c ****     *  If you use read-modify-write operations that are not atomic, the ISR can
  64:Generated_Source\PSoC4/NCP81239_EN_P2.c ****     *  cause corruption of this function. An ISR that interrupts this function 
  65:Generated_Source\PSoC4/NCP81239_EN_P2.c ****     *  and performs writes to the Pins component Drive Mode registers can cause 
  66:Generated_Source\PSoC4/NCP81239_EN_P2.c ****     *  corrupted port data. To avoid this issue, you should either use the Per-Pin
  67:Generated_Source\PSoC4/NCP81239_EN_P2.c ****     *  APIs (primary method) or disable interrupts around this function.
  68:Generated_Source\PSoC4/NCP81239_EN_P2.c ****     *
  69:Generated_Source\PSoC4/NCP81239_EN_P2.c ****     * \funcusage
  70:Generated_Source\PSoC4/NCP81239_EN_P2.c ****     *  \snippet NCP81239_EN_P2_SUT.c usage_NCP81239_EN_P2_SetDriveMode
  71:Generated_Source\PSoC4/NCP81239_EN_P2.c ****     *******************************************************************************/
  72:Generated_Source\PSoC4/NCP81239_EN_P2.c ****     void NCP81239_EN_P2_SetDriveMode(uint8 mode)
  73:Generated_Source\PSoC4/NCP81239_EN_P2.c ****     {
 329              		.loc 1 73 0
 330              		.cfi_startproc
 331              		@ args = 0, pretend = 0, frame = 0
 332              		@ frame_needed = 0, uses_anonymous_args = 0
 333              		@ link register save eliminated.
 334              	.LVL0:
  74:Generated_Source\PSoC4/NCP81239_EN_P2.c **** 		NCP81239_EN_P2_SetP4PinDriveMode(NCP81239_EN_P2__0__SHIFT, mode);
 335              		.loc 1 74 0
 336 0000 3821     		movs	r1, #56
 337 0002 034A     		ldr	r2, .L2
 338 0004 C000     		lsls	r0, r0, #3
 339              	.LVL1:
 340 0006 1368     		ldr	r3, [r2]
  75:Generated_Source\PSoC4/NCP81239_EN_P2.c ****     }
 341              		.loc 1 75 0
 342              		@ sp needed
  74:Generated_Source\PSoC4/NCP81239_EN_P2.c **** 		NCP81239_EN_P2_SetP4PinDriveMode(NCP81239_EN_P2__0__SHIFT, mode);
 343              		.loc 1 74 0
 344 0008 8B43     		bics	r3, r1
 345 000a 1843     		orrs	r0, r3
 346 000c 1060     		str	r0, [r2]
 347              		.loc 1 75 0
 348 000e 7047     		bx	lr
ARM GAS  e:\temp\ccwxnfis.s 			page 24


 349              	.L3:
 350              		.align	2
 351              	.L2:
 352 0010 08020440 		.word	1074004488
 353              		.cfi_endproc
 354              	.LFE0:
 355              		.size	NCP81239_EN_P2_SetDriveMode, .-NCP81239_EN_P2_SetDriveMode
 356              		.section	.text.NCP81239_EN_P2_Write,"ax",%progbits
 357              		.align	1
 358              		.global	NCP81239_EN_P2_Write
 359              		.code	16
 360              		.thumb_func
 361              		.type	NCP81239_EN_P2_Write, %function
 362              	NCP81239_EN_P2_Write:
 363              	.LFB1:
  76:Generated_Source\PSoC4/NCP81239_EN_P2.c **** #endif
  77:Generated_Source\PSoC4/NCP81239_EN_P2.c **** 
  78:Generated_Source\PSoC4/NCP81239_EN_P2.c **** 
  79:Generated_Source\PSoC4/NCP81239_EN_P2.c **** /*******************************************************************************
  80:Generated_Source\PSoC4/NCP81239_EN_P2.c **** * Function Name: NCP81239_EN_P2_Write
  81:Generated_Source\PSoC4/NCP81239_EN_P2.c **** ****************************************************************************//**
  82:Generated_Source\PSoC4/NCP81239_EN_P2.c **** *
  83:Generated_Source\PSoC4/NCP81239_EN_P2.c **** * \brief Writes the value to the physical port (data output register), masking
  84:Generated_Source\PSoC4/NCP81239_EN_P2.c **** *  and shifting the bits appropriately. 
  85:Generated_Source\PSoC4/NCP81239_EN_P2.c **** *
  86:Generated_Source\PSoC4/NCP81239_EN_P2.c **** * The data output register controls the signal applied to the physical pin in 
  87:Generated_Source\PSoC4/NCP81239_EN_P2.c **** * conjunction with the drive mode parameter. This function avoids changing 
  88:Generated_Source\PSoC4/NCP81239_EN_P2.c **** * other bits in the port by using the appropriate method (read-modify-write or
  89:Generated_Source\PSoC4/NCP81239_EN_P2.c **** * bit banding).
  90:Generated_Source\PSoC4/NCP81239_EN_P2.c **** *
  91:Generated_Source\PSoC4/NCP81239_EN_P2.c **** * <b>Note</b> This function should not be used on a hardware digital output pin 
  92:Generated_Source\PSoC4/NCP81239_EN_P2.c **** * as it is driven by the hardware signal attached to it.
  93:Generated_Source\PSoC4/NCP81239_EN_P2.c **** *
  94:Generated_Source\PSoC4/NCP81239_EN_P2.c **** * \param value
  95:Generated_Source\PSoC4/NCP81239_EN_P2.c **** *  Value to write to the component instance.
  96:Generated_Source\PSoC4/NCP81239_EN_P2.c **** *
  97:Generated_Source\PSoC4/NCP81239_EN_P2.c **** * \return 
  98:Generated_Source\PSoC4/NCP81239_EN_P2.c **** *  None 
  99:Generated_Source\PSoC4/NCP81239_EN_P2.c **** *
 100:Generated_Source\PSoC4/NCP81239_EN_P2.c **** * \sideeffect
 101:Generated_Source\PSoC4/NCP81239_EN_P2.c **** *  If you use read-modify-write operations that are not atomic; the Interrupt 
 102:Generated_Source\PSoC4/NCP81239_EN_P2.c **** *  Service Routines (ISR) can cause corruption of this function. An ISR that 
 103:Generated_Source\PSoC4/NCP81239_EN_P2.c **** *  interrupts this function and performs writes to the Pins component data 
 104:Generated_Source\PSoC4/NCP81239_EN_P2.c **** *  register can cause corrupted port data. To avoid this issue, you should 
 105:Generated_Source\PSoC4/NCP81239_EN_P2.c **** *  either use the Per-Pin APIs (primary method) or disable interrupts around 
 106:Generated_Source\PSoC4/NCP81239_EN_P2.c **** *  this function.
 107:Generated_Source\PSoC4/NCP81239_EN_P2.c **** *
 108:Generated_Source\PSoC4/NCP81239_EN_P2.c **** * \funcusage
 109:Generated_Source\PSoC4/NCP81239_EN_P2.c **** *  \snippet NCP81239_EN_P2_SUT.c usage_NCP81239_EN_P2_Write
 110:Generated_Source\PSoC4/NCP81239_EN_P2.c **** *******************************************************************************/
 111:Generated_Source\PSoC4/NCP81239_EN_P2.c **** void NCP81239_EN_P2_Write(uint8 value)
 112:Generated_Source\PSoC4/NCP81239_EN_P2.c **** {
 364              		.loc 1 112 0
 365              		.cfi_startproc
 366              		@ args = 0, pretend = 0, frame = 0
 367              		@ frame_needed = 0, uses_anonymous_args = 0
 368              		@ link register save eliminated.
ARM GAS  e:\temp\ccwxnfis.s 			page 25


 369              	.LVL2:
 113:Generated_Source\PSoC4/NCP81239_EN_P2.c ****     uint8 drVal = (uint8)(NCP81239_EN_P2_DR & (uint8)(~NCP81239_EN_P2_MASK));
 370              		.loc 1 113 0
 371 0000 0223     		movs	r3, #2
 372 0002 0449     		ldr	r1, .L5
 114:Generated_Source\PSoC4/NCP81239_EN_P2.c ****     drVal = (drVal | ((uint8)(value << NCP81239_EN_P2_SHIFT) & NCP81239_EN_P2_MASK));
 115:Generated_Source\PSoC4/NCP81239_EN_P2.c ****     NCP81239_EN_P2_DR = (uint32)drVal;
 373              		.loc 1 115 0
 374 0004 4000     		lsls	r0, r0, #1
 375              	.LVL3:
 113:Generated_Source\PSoC4/NCP81239_EN_P2.c ****     uint8 drVal = (uint8)(NCP81239_EN_P2_DR & (uint8)(~NCP81239_EN_P2_MASK));
 376              		.loc 1 113 0
 377 0006 0A68     		ldr	r2, [r1]
 116:Generated_Source\PSoC4/NCP81239_EN_P2.c **** }
 378              		.loc 1 116 0
 379              		@ sp needed
 113:Generated_Source\PSoC4/NCP81239_EN_P2.c ****     uint8 drVal = (uint8)(NCP81239_EN_P2_DR & (uint8)(~NCP81239_EN_P2_MASK));
 380              		.loc 1 113 0
 381 0008 9A43     		bics	r2, r3
 382 000a D2B2     		uxtb	r2, r2
 115:Generated_Source\PSoC4/NCP81239_EN_P2.c **** }
 383              		.loc 1 115 0
 384 000c 0340     		ands	r3, r0
 385 000e 1343     		orrs	r3, r2
 386 0010 0B60     		str	r3, [r1]
 387              		.loc 1 116 0
 388 0012 7047     		bx	lr
 389              	.L6:
 390              		.align	2
 391              	.L5:
 392 0014 00020440 		.word	1074004480
 393              		.cfi_endproc
 394              	.LFE1:
 395              		.size	NCP81239_EN_P2_Write, .-NCP81239_EN_P2_Write
 396              		.section	.text.NCP81239_EN_P2_Read,"ax",%progbits
 397              		.align	1
 398              		.global	NCP81239_EN_P2_Read
 399              		.code	16
 400              		.thumb_func
 401              		.type	NCP81239_EN_P2_Read, %function
 402              	NCP81239_EN_P2_Read:
 403              	.LFB2:
 117:Generated_Source\PSoC4/NCP81239_EN_P2.c **** 
 118:Generated_Source\PSoC4/NCP81239_EN_P2.c **** 
 119:Generated_Source\PSoC4/NCP81239_EN_P2.c **** /*******************************************************************************
 120:Generated_Source\PSoC4/NCP81239_EN_P2.c **** * Function Name: NCP81239_EN_P2_Read
 121:Generated_Source\PSoC4/NCP81239_EN_P2.c **** ****************************************************************************//**
 122:Generated_Source\PSoC4/NCP81239_EN_P2.c **** *
 123:Generated_Source\PSoC4/NCP81239_EN_P2.c **** * \brief Reads the associated physical port (pin status register) and masks 
 124:Generated_Source\PSoC4/NCP81239_EN_P2.c **** *  the required bits according to the width and bit position of the component
 125:Generated_Source\PSoC4/NCP81239_EN_P2.c **** *  instance. 
 126:Generated_Source\PSoC4/NCP81239_EN_P2.c **** *
 127:Generated_Source\PSoC4/NCP81239_EN_P2.c **** * The pin's status register returns the current logic level present on the 
 128:Generated_Source\PSoC4/NCP81239_EN_P2.c **** * physical pin.
 129:Generated_Source\PSoC4/NCP81239_EN_P2.c **** *
 130:Generated_Source\PSoC4/NCP81239_EN_P2.c **** * \return 
 131:Generated_Source\PSoC4/NCP81239_EN_P2.c **** *  The current value for the pins in the component as a right justified number.
ARM GAS  e:\temp\ccwxnfis.s 			page 26


 132:Generated_Source\PSoC4/NCP81239_EN_P2.c **** *
 133:Generated_Source\PSoC4/NCP81239_EN_P2.c **** * \funcusage
 134:Generated_Source\PSoC4/NCP81239_EN_P2.c **** *  \snippet NCP81239_EN_P2_SUT.c usage_NCP81239_EN_P2_Read  
 135:Generated_Source\PSoC4/NCP81239_EN_P2.c **** *******************************************************************************/
 136:Generated_Source\PSoC4/NCP81239_EN_P2.c **** uint8 NCP81239_EN_P2_Read(void)
 137:Generated_Source\PSoC4/NCP81239_EN_P2.c **** {
 404              		.loc 1 137 0
 405              		.cfi_startproc
 406              		@ args = 0, pretend = 0, frame = 0
 407              		@ frame_needed = 0, uses_anonymous_args = 0
 408              		@ link register save eliminated.
 138:Generated_Source\PSoC4/NCP81239_EN_P2.c ****     return (uint8)((NCP81239_EN_P2_PS & NCP81239_EN_P2_MASK) >> NCP81239_EN_P2_SHIFT);
 409              		.loc 1 138 0
 410 0000 024B     		ldr	r3, .L8
 139:Generated_Source\PSoC4/NCP81239_EN_P2.c **** }
 411              		.loc 1 139 0
 412              		@ sp needed
 138:Generated_Source\PSoC4/NCP81239_EN_P2.c ****     return (uint8)((NCP81239_EN_P2_PS & NCP81239_EN_P2_MASK) >> NCP81239_EN_P2_SHIFT);
 413              		.loc 1 138 0
 414 0002 1868     		ldr	r0, [r3]
 415 0004 8007     		lsls	r0, r0, #30
 416 0006 C00F     		lsrs	r0, r0, #31
 417              		.loc 1 139 0
 418 0008 7047     		bx	lr
 419              	.L9:
 420 000a C046     		.align	2
 421              	.L8:
 422 000c 04020440 		.word	1074004484
 423              		.cfi_endproc
 424              	.LFE2:
 425              		.size	NCP81239_EN_P2_Read, .-NCP81239_EN_P2_Read
 426              		.section	.text.NCP81239_EN_P2_ReadDataReg,"ax",%progbits
 427              		.align	1
 428              		.global	NCP81239_EN_P2_ReadDataReg
 429              		.code	16
 430              		.thumb_func
 431              		.type	NCP81239_EN_P2_ReadDataReg, %function
 432              	NCP81239_EN_P2_ReadDataReg:
 433              	.LFB3:
 140:Generated_Source\PSoC4/NCP81239_EN_P2.c **** 
 141:Generated_Source\PSoC4/NCP81239_EN_P2.c **** 
 142:Generated_Source\PSoC4/NCP81239_EN_P2.c **** /*******************************************************************************
 143:Generated_Source\PSoC4/NCP81239_EN_P2.c **** * Function Name: NCP81239_EN_P2_ReadDataReg
 144:Generated_Source\PSoC4/NCP81239_EN_P2.c **** ****************************************************************************//**
 145:Generated_Source\PSoC4/NCP81239_EN_P2.c **** *
 146:Generated_Source\PSoC4/NCP81239_EN_P2.c **** * \brief Reads the associated physical port's data output register and masks 
 147:Generated_Source\PSoC4/NCP81239_EN_P2.c **** *  the correct bits according to the width and bit position of the component 
 148:Generated_Source\PSoC4/NCP81239_EN_P2.c **** *  instance. 
 149:Generated_Source\PSoC4/NCP81239_EN_P2.c **** *
 150:Generated_Source\PSoC4/NCP81239_EN_P2.c **** * The data output register controls the signal applied to the physical pin in 
 151:Generated_Source\PSoC4/NCP81239_EN_P2.c **** * conjunction with the drive mode parameter. This is not the same as the 
 152:Generated_Source\PSoC4/NCP81239_EN_P2.c **** * preferred NCP81239_EN_P2_Read() API because the 
 153:Generated_Source\PSoC4/NCP81239_EN_P2.c **** * NCP81239_EN_P2_ReadDataReg() reads the data register instead of the status 
 154:Generated_Source\PSoC4/NCP81239_EN_P2.c **** * register. For output pins this is a useful function to determine the value 
 155:Generated_Source\PSoC4/NCP81239_EN_P2.c **** * just written to the pin.
 156:Generated_Source\PSoC4/NCP81239_EN_P2.c **** *
 157:Generated_Source\PSoC4/NCP81239_EN_P2.c **** * \return 
ARM GAS  e:\temp\ccwxnfis.s 			page 27


 158:Generated_Source\PSoC4/NCP81239_EN_P2.c **** *  The current value of the data register masked and shifted into a right 
 159:Generated_Source\PSoC4/NCP81239_EN_P2.c **** *  justified number for the component instance.
 160:Generated_Source\PSoC4/NCP81239_EN_P2.c **** *
 161:Generated_Source\PSoC4/NCP81239_EN_P2.c **** * \funcusage
 162:Generated_Source\PSoC4/NCP81239_EN_P2.c **** *  \snippet NCP81239_EN_P2_SUT.c usage_NCP81239_EN_P2_ReadDataReg 
 163:Generated_Source\PSoC4/NCP81239_EN_P2.c **** *******************************************************************************/
 164:Generated_Source\PSoC4/NCP81239_EN_P2.c **** uint8 NCP81239_EN_P2_ReadDataReg(void)
 165:Generated_Source\PSoC4/NCP81239_EN_P2.c **** {
 434              		.loc 1 165 0
 435              		.cfi_startproc
 436              		@ args = 0, pretend = 0, frame = 0
 437              		@ frame_needed = 0, uses_anonymous_args = 0
 438              		@ link register save eliminated.
 166:Generated_Source\PSoC4/NCP81239_EN_P2.c ****     return (uint8)((NCP81239_EN_P2_DR & NCP81239_EN_P2_MASK) >> NCP81239_EN_P2_SHIFT);
 439              		.loc 1 166 0
 440 0000 024B     		ldr	r3, .L11
 167:Generated_Source\PSoC4/NCP81239_EN_P2.c **** }
 441              		.loc 1 167 0
 442              		@ sp needed
 166:Generated_Source\PSoC4/NCP81239_EN_P2.c ****     return (uint8)((NCP81239_EN_P2_DR & NCP81239_EN_P2_MASK) >> NCP81239_EN_P2_SHIFT);
 443              		.loc 1 166 0
 444 0002 1868     		ldr	r0, [r3]
 445 0004 8007     		lsls	r0, r0, #30
 446 0006 C00F     		lsrs	r0, r0, #31
 447              		.loc 1 167 0
 448 0008 7047     		bx	lr
 449              	.L12:
 450 000a C046     		.align	2
 451              	.L11:
 452 000c 00020440 		.word	1074004480
 453              		.cfi_endproc
 454              	.LFE3:
 455              		.size	NCP81239_EN_P2_ReadDataReg, .-NCP81239_EN_P2_ReadDataReg
 456              		.section	.text.NCP81239_EN_P2_SetInterruptMode,"ax",%progbits
 457              		.align	1
 458              		.global	NCP81239_EN_P2_SetInterruptMode
 459              		.code	16
 460              		.thumb_func
 461              		.type	NCP81239_EN_P2_SetInterruptMode, %function
 462              	NCP81239_EN_P2_SetInterruptMode:
 463              	.LFB4:
 168:Generated_Source\PSoC4/NCP81239_EN_P2.c **** 
 169:Generated_Source\PSoC4/NCP81239_EN_P2.c **** 
 170:Generated_Source\PSoC4/NCP81239_EN_P2.c **** /*******************************************************************************
 171:Generated_Source\PSoC4/NCP81239_EN_P2.c **** * Function Name: NCP81239_EN_P2_SetInterruptMode
 172:Generated_Source\PSoC4/NCP81239_EN_P2.c **** ****************************************************************************//**
 173:Generated_Source\PSoC4/NCP81239_EN_P2.c **** *
 174:Generated_Source\PSoC4/NCP81239_EN_P2.c **** * \brief Configures the interrupt mode for each of the Pins component's
 175:Generated_Source\PSoC4/NCP81239_EN_P2.c **** *  pins. Alternatively you may set the interrupt mode for all the pins
 176:Generated_Source\PSoC4/NCP81239_EN_P2.c **** *  specified in the Pins component.
 177:Generated_Source\PSoC4/NCP81239_EN_P2.c **** *
 178:Generated_Source\PSoC4/NCP81239_EN_P2.c **** *  <b>Note</b> The interrupt is port-wide and therefore any enabled pin
 179:Generated_Source\PSoC4/NCP81239_EN_P2.c **** *  interrupt may trigger it.
 180:Generated_Source\PSoC4/NCP81239_EN_P2.c **** *
 181:Generated_Source\PSoC4/NCP81239_EN_P2.c **** * \param position
 182:Generated_Source\PSoC4/NCP81239_EN_P2.c **** *  The pin position as listed in the Pins component. You may OR these to be 
 183:Generated_Source\PSoC4/NCP81239_EN_P2.c **** *  able to configure the interrupt mode of multiple pins within a Pins 
ARM GAS  e:\temp\ccwxnfis.s 			page 28


 184:Generated_Source\PSoC4/NCP81239_EN_P2.c **** *  component. Or you may use NCP81239_EN_P2_INTR_ALL to configure the
 185:Generated_Source\PSoC4/NCP81239_EN_P2.c **** *  interrupt mode of all the pins in the Pins component.       
 186:Generated_Source\PSoC4/NCP81239_EN_P2.c **** *  - NCP81239_EN_P2_0_INTR       (First pin in the list)
 187:Generated_Source\PSoC4/NCP81239_EN_P2.c **** *  - NCP81239_EN_P2_1_INTR       (Second pin in the list)
 188:Generated_Source\PSoC4/NCP81239_EN_P2.c **** *  - ...
 189:Generated_Source\PSoC4/NCP81239_EN_P2.c **** *  - NCP81239_EN_P2_INTR_ALL     (All pins in Pins component)
 190:Generated_Source\PSoC4/NCP81239_EN_P2.c **** *
 191:Generated_Source\PSoC4/NCP81239_EN_P2.c **** * \param mode
 192:Generated_Source\PSoC4/NCP81239_EN_P2.c **** *  Interrupt mode for the selected pins. Valid options are documented in
 193:Generated_Source\PSoC4/NCP81239_EN_P2.c **** *  \ref intrMode.
 194:Generated_Source\PSoC4/NCP81239_EN_P2.c **** *
 195:Generated_Source\PSoC4/NCP81239_EN_P2.c **** * \return 
 196:Generated_Source\PSoC4/NCP81239_EN_P2.c **** *  None
 197:Generated_Source\PSoC4/NCP81239_EN_P2.c **** *  
 198:Generated_Source\PSoC4/NCP81239_EN_P2.c **** * \sideeffect
 199:Generated_Source\PSoC4/NCP81239_EN_P2.c **** *  It is recommended that the interrupt be disabled before calling this 
 200:Generated_Source\PSoC4/NCP81239_EN_P2.c **** *  function to avoid unintended interrupt requests. Note that the interrupt
 201:Generated_Source\PSoC4/NCP81239_EN_P2.c **** *  type is port wide, and therefore will trigger for any enabled pin on the 
 202:Generated_Source\PSoC4/NCP81239_EN_P2.c **** *  port.
 203:Generated_Source\PSoC4/NCP81239_EN_P2.c **** *
 204:Generated_Source\PSoC4/NCP81239_EN_P2.c **** * \funcusage
 205:Generated_Source\PSoC4/NCP81239_EN_P2.c **** *  \snippet NCP81239_EN_P2_SUT.c usage_NCP81239_EN_P2_SetInterruptMode
 206:Generated_Source\PSoC4/NCP81239_EN_P2.c **** *******************************************************************************/
 207:Generated_Source\PSoC4/NCP81239_EN_P2.c **** void NCP81239_EN_P2_SetInterruptMode(uint16 position, uint16 mode)
 208:Generated_Source\PSoC4/NCP81239_EN_P2.c **** {
 464              		.loc 1 208 0
 465              		.cfi_startproc
 466              		@ args = 0, pretend = 0, frame = 0
 467              		@ frame_needed = 0, uses_anonymous_args = 0
 468              		@ link register save eliminated.
 469              	.LVL4:
 209:Generated_Source\PSoC4/NCP81239_EN_P2.c ****     uint32 intrCfg;
 210:Generated_Source\PSoC4/NCP81239_EN_P2.c ****     
 211:Generated_Source\PSoC4/NCP81239_EN_P2.c ****     intrCfg =  NCP81239_EN_P2_INTCFG & (uint32)(~(uint32)position);
 470              		.loc 1 211 0
 471 0000 034A     		ldr	r2, .L14
 212:Generated_Source\PSoC4/NCP81239_EN_P2.c ****     NCP81239_EN_P2_INTCFG = intrCfg | ((uint32)position & (uint32)mode);
 213:Generated_Source\PSoC4/NCP81239_EN_P2.c **** }
 472              		.loc 1 213 0
 473              		@ sp needed
 211:Generated_Source\PSoC4/NCP81239_EN_P2.c ****     NCP81239_EN_P2_INTCFG = intrCfg | ((uint32)position & (uint32)mode);
 474              		.loc 1 211 0
 475 0002 1368     		ldr	r3, [r2]
 476              	.LVL5:
 212:Generated_Source\PSoC4/NCP81239_EN_P2.c ****     NCP81239_EN_P2_INTCFG = intrCfg | ((uint32)position & (uint32)mode);
 477              		.loc 1 212 0
 478 0004 8343     		bics	r3, r0
 479              	.LVL6:
 480 0006 0840     		ands	r0, r1
 481              	.LVL7:
 482 0008 1843     		orrs	r0, r3
 483 000a 1060     		str	r0, [r2]
 484              		.loc 1 213 0
 485 000c 7047     		bx	lr
 486              	.L15:
 487 000e C046     		.align	2
 488              	.L14:
ARM GAS  e:\temp\ccwxnfis.s 			page 29


 489 0010 0C020440 		.word	1074004492
 490              		.cfi_endproc
 491              	.LFE4:
 492              		.size	NCP81239_EN_P2_SetInterruptMode, .-NCP81239_EN_P2_SetInterruptMode
 493              		.section	.text.NCP81239_EN_P2_ClearInterrupt,"ax",%progbits
 494              		.align	1
 495              		.global	NCP81239_EN_P2_ClearInterrupt
 496              		.code	16
 497              		.thumb_func
 498              		.type	NCP81239_EN_P2_ClearInterrupt, %function
 499              	NCP81239_EN_P2_ClearInterrupt:
 500              	.LFB5:
 214:Generated_Source\PSoC4/NCP81239_EN_P2.c **** 
 215:Generated_Source\PSoC4/NCP81239_EN_P2.c **** 
 216:Generated_Source\PSoC4/NCP81239_EN_P2.c **** /*******************************************************************************
 217:Generated_Source\PSoC4/NCP81239_EN_P2.c **** * Function Name: NCP81239_EN_P2_ClearInterrupt
 218:Generated_Source\PSoC4/NCP81239_EN_P2.c **** ****************************************************************************//**
 219:Generated_Source\PSoC4/NCP81239_EN_P2.c **** *
 220:Generated_Source\PSoC4/NCP81239_EN_P2.c **** * \brief Clears any active interrupts attached with the component and returns 
 221:Generated_Source\PSoC4/NCP81239_EN_P2.c **** *  the value of the interrupt status register allowing determination of which
 222:Generated_Source\PSoC4/NCP81239_EN_P2.c **** *  pins generated an interrupt event.
 223:Generated_Source\PSoC4/NCP81239_EN_P2.c **** *
 224:Generated_Source\PSoC4/NCP81239_EN_P2.c **** * \return 
 225:Generated_Source\PSoC4/NCP81239_EN_P2.c **** *  The right-shifted current value of the interrupt status register. Each pin 
 226:Generated_Source\PSoC4/NCP81239_EN_P2.c **** *  has one bit set if it generated an interrupt event. For example, bit 0 is 
 227:Generated_Source\PSoC4/NCP81239_EN_P2.c **** *  for pin 0 and bit 1 is for pin 1 of the Pins component.
 228:Generated_Source\PSoC4/NCP81239_EN_P2.c **** *  
 229:Generated_Source\PSoC4/NCP81239_EN_P2.c **** * \sideeffect
 230:Generated_Source\PSoC4/NCP81239_EN_P2.c **** *  Clears all bits of the physical port's interrupt status register, not just
 231:Generated_Source\PSoC4/NCP81239_EN_P2.c **** *  those associated with the Pins component.
 232:Generated_Source\PSoC4/NCP81239_EN_P2.c **** *
 233:Generated_Source\PSoC4/NCP81239_EN_P2.c **** * \funcusage
 234:Generated_Source\PSoC4/NCP81239_EN_P2.c **** *  \snippet NCP81239_EN_P2_SUT.c usage_NCP81239_EN_P2_ClearInterrupt
 235:Generated_Source\PSoC4/NCP81239_EN_P2.c **** *******************************************************************************/
 236:Generated_Source\PSoC4/NCP81239_EN_P2.c **** uint8 NCP81239_EN_P2_ClearInterrupt(void)
 237:Generated_Source\PSoC4/NCP81239_EN_P2.c **** {
 501              		.loc 1 237 0
 502              		.cfi_startproc
 503              		@ args = 0, pretend = 0, frame = 0
 504              		@ frame_needed = 0, uses_anonymous_args = 0
 505              		@ link register save eliminated.
 238:Generated_Source\PSoC4/NCP81239_EN_P2.c **** 	uint8 maskedStatus = (uint8)(NCP81239_EN_P2_INTSTAT & NCP81239_EN_P2_MASK);
 506              		.loc 1 238 0
 507 0000 0223     		movs	r3, #2
 508 0002 034A     		ldr	r2, .L17
 239:Generated_Source\PSoC4/NCP81239_EN_P2.c **** 	NCP81239_EN_P2_INTSTAT = maskedStatus;
 240:Generated_Source\PSoC4/NCP81239_EN_P2.c ****     return maskedStatus >> NCP81239_EN_P2_SHIFT;
 241:Generated_Source\PSoC4/NCP81239_EN_P2.c **** }
 509              		.loc 1 241 0
 510              		@ sp needed
 238:Generated_Source\PSoC4/NCP81239_EN_P2.c **** 	uint8 maskedStatus = (uint8)(NCP81239_EN_P2_INTSTAT & NCP81239_EN_P2_MASK);
 511              		.loc 1 238 0
 512 0004 1068     		ldr	r0, [r2]
 513 0006 1840     		ands	r0, r3
 514              	.LVL8:
 239:Generated_Source\PSoC4/NCP81239_EN_P2.c **** 	NCP81239_EN_P2_INTSTAT = maskedStatus;
 515              		.loc 1 239 0
ARM GAS  e:\temp\ccwxnfis.s 			page 30


 516 0008 1060     		str	r0, [r2]
 240:Generated_Source\PSoC4/NCP81239_EN_P2.c **** }
 517              		.loc 1 240 0
 518 000a 4008     		lsrs	r0, r0, #1
 519              	.LVL9:
 520 000c C0B2     		uxtb	r0, r0
 521              		.loc 1 241 0
 522 000e 7047     		bx	lr
 523              	.L18:
 524              		.align	2
 525              	.L17:
 526 0010 10020440 		.word	1074004496
 527              		.cfi_endproc
 528              	.LFE5:
 529              		.size	NCP81239_EN_P2_ClearInterrupt, .-NCP81239_EN_P2_ClearInterrupt
 530              		.text
 531              	.Letext0:
 532              		.file 2 "Generated_Source\\PSoC4\\cytypes.h"
 533              		.section	.debug_info,"",%progbits
 534              	.Ldebug_info0:
 535 0000 97010000 		.4byte	0x197
 536 0004 0400     		.2byte	0x4
 537 0006 00000000 		.4byte	.Ldebug_abbrev0
 538 000a 04       		.byte	0x4
 539 000b 01       		.uleb128 0x1
 540 000c 58010000 		.4byte	.LASF27
 541 0010 0C       		.byte	0xc
 542 0011 ED000000 		.4byte	.LASF28
 543 0015 13000000 		.4byte	.LASF29
 544 0019 00000000 		.4byte	.Ldebug_ranges0+0
 545 001d 00000000 		.4byte	0
 546 0021 00000000 		.4byte	.Ldebug_line0
 547 0025 02       		.uleb128 0x2
 548 0026 01       		.byte	0x1
 549 0027 06       		.byte	0x6
 550 0028 B5020000 		.4byte	.LASF0
 551 002c 02       		.uleb128 0x2
 552 002d 01       		.byte	0x1
 553 002e 08       		.byte	0x8
 554 002f B4000000 		.4byte	.LASF1
 555 0033 02       		.uleb128 0x2
 556 0034 02       		.byte	0x2
 557 0035 05       		.byte	0x5
 558 0036 87020000 		.4byte	.LASF2
 559 003a 02       		.uleb128 0x2
 560 003b 02       		.byte	0x2
 561 003c 07       		.byte	0x7
 562 003d DA000000 		.4byte	.LASF3
 563 0041 02       		.uleb128 0x2
 564 0042 04       		.byte	0x4
 565 0043 05       		.byte	0x5
 566 0044 AC020000 		.4byte	.LASF4
 567 0048 02       		.uleb128 0x2
 568 0049 04       		.byte	0x4
 569 004a 07       		.byte	0x7
 570 004b C8000000 		.4byte	.LASF5
 571 004f 02       		.uleb128 0x2
ARM GAS  e:\temp\ccwxnfis.s 			page 31


 572 0050 08       		.byte	0x8
 573 0051 05       		.byte	0x5
 574 0052 67020000 		.4byte	.LASF6
 575 0056 02       		.uleb128 0x2
 576 0057 08       		.byte	0x8
 577 0058 07       		.byte	0x7
 578 0059 41010000 		.4byte	.LASF7
 579 005d 03       		.uleb128 0x3
 580 005e 04       		.byte	0x4
 581 005f 05       		.byte	0x5
 582 0060 696E7400 		.ascii	"int\000"
 583 0064 02       		.uleb128 0x2
 584 0065 04       		.byte	0x4
 585 0066 07       		.byte	0x7
 586 0067 34010000 		.4byte	.LASF8
 587 006b 04       		.uleb128 0x4
 588 006c A6020000 		.4byte	.LASF9
 589 0070 02       		.byte	0x2
 590 0071 E401     		.2byte	0x1e4
 591 0073 2C000000 		.4byte	0x2c
 592 0077 04       		.uleb128 0x4
 593 0078 15010000 		.4byte	.LASF10
 594 007c 02       		.byte	0x2
 595 007d E501     		.2byte	0x1e5
 596 007f 3A000000 		.4byte	0x3a
 597 0083 04       		.uleb128 0x4
 598 0084 25010000 		.4byte	.LASF11
 599 0088 02       		.byte	0x2
 600 0089 E601     		.2byte	0x1e6
 601 008b 48000000 		.4byte	0x48
 602 008f 02       		.uleb128 0x2
 603 0090 04       		.byte	0x4
 604 0091 04       		.byte	0x4
 605 0092 AE000000 		.4byte	.LASF12
 606 0096 02       		.uleb128 0x2
 607 0097 08       		.byte	0x8
 608 0098 04       		.byte	0x4
 609 0099 0C000000 		.4byte	.LASF13
 610 009d 02       		.uleb128 0x2
 611 009e 01       		.byte	0x1
 612 009f 08       		.byte	0x8
 613 00a0 82020000 		.4byte	.LASF14
 614 00a4 04       		.uleb128 0x4
 615 00a5 00000000 		.4byte	.LASF15
 616 00a9 02       		.byte	0x2
 617 00aa 9002     		.2byte	0x290
 618 00ac B0000000 		.4byte	0xb0
 619 00b0 05       		.uleb128 0x5
 620 00b1 83000000 		.4byte	0x83
 621 00b5 06       		.uleb128 0x6
 622 00b6 14020000 		.4byte	.LASF16
 623 00ba 01       		.byte	0x1
 624 00bb 48       		.byte	0x48
 625 00bc 00000000 		.4byte	.LFB0
 626 00c0 14000000 		.4byte	.LFE0-.LFB0
 627 00c4 01       		.uleb128 0x1
 628 00c5 9C       		.byte	0x9c
ARM GAS  e:\temp\ccwxnfis.s 			page 32


 629 00c6 DA000000 		.4byte	0xda
 630 00ca 07       		.uleb128 0x7
 631 00cb 62020000 		.4byte	.LASF18
 632 00cf 01       		.byte	0x1
 633 00d0 48       		.byte	0x48
 634 00d1 6B000000 		.4byte	0x6b
 635 00d5 00000000 		.4byte	.LLST0
 636 00d9 00       		.byte	0
 637 00da 06       		.uleb128 0x6
 638 00db 91020000 		.4byte	.LASF17
 639 00df 01       		.byte	0x1
 640 00e0 6F       		.byte	0x6f
 641 00e1 00000000 		.4byte	.LFB1
 642 00e5 18000000 		.4byte	.LFE1-.LFB1
 643 00e9 01       		.uleb128 0x1
 644 00ea 9C       		.byte	0x9c
 645 00eb 0A010000 		.4byte	0x10a
 646 00ef 07       		.uleb128 0x7
 647 00f0 06000000 		.4byte	.LASF19
 648 00f4 01       		.byte	0x1
 649 00f5 6F       		.byte	0x6f
 650 00f6 6B000000 		.4byte	0x6b
 651 00fa 21000000 		.4byte	.LLST1
 652 00fe 08       		.uleb128 0x8
 653 00ff C2000000 		.4byte	.LASF30
 654 0103 01       		.byte	0x1
 655 0104 71       		.byte	0x71
 656 0105 6B000000 		.4byte	0x6b
 657 0109 00       		.byte	0
 658 010a 09       		.uleb128 0x9
 659 010b 4E020000 		.4byte	.LASF20
 660 010f 01       		.byte	0x1
 661 0110 88       		.byte	0x88
 662 0111 6B000000 		.4byte	0x6b
 663 0115 00000000 		.4byte	.LFB2
 664 0119 10000000 		.4byte	.LFE2-.LFB2
 665 011d 01       		.uleb128 0x1
 666 011e 9C       		.byte	0x9c
 667 011f 09       		.uleb128 0x9
 668 0120 C1020000 		.4byte	.LASF21
 669 0124 01       		.byte	0x1
 670 0125 A4       		.byte	0xa4
 671 0126 6B000000 		.4byte	0x6b
 672 012a 00000000 		.4byte	.LFB3
 673 012e 10000000 		.4byte	.LFE3-.LFB3
 674 0132 01       		.uleb128 0x1
 675 0133 9C       		.byte	0x9c
 676 0134 06       		.uleb128 0x6
 677 0135 8E000000 		.4byte	.LASF22
 678 0139 01       		.byte	0x1
 679 013a CF       		.byte	0xcf
 680 013b 00000000 		.4byte	.LFB4
 681 013f 14000000 		.4byte	.LFE4-.LFB4
 682 0143 01       		.uleb128 0x1
 683 0144 9C       		.byte	0x9c
 684 0145 75010000 		.4byte	0x175
 685 0149 07       		.uleb128 0x7
ARM GAS  e:\temp\ccwxnfis.s 			page 33


 686 014a 1C010000 		.4byte	.LASF23
 687 014e 01       		.byte	0x1
 688 014f CF       		.byte	0xcf
 689 0150 77000000 		.4byte	0x77
 690 0154 42000000 		.4byte	.LLST2
 691 0158 0A       		.uleb128 0xa
 692 0159 62020000 		.4byte	.LASF18
 693 015d 01       		.byte	0x1
 694 015e CF       		.byte	0xcf
 695 015f 77000000 		.4byte	0x77
 696 0163 01       		.uleb128 0x1
 697 0164 51       		.byte	0x51
 698 0165 0B       		.uleb128 0xb
 699 0166 2C010000 		.4byte	.LASF25
 700 016a 01       		.byte	0x1
 701 016b D1       		.byte	0xd1
 702 016c 83000000 		.4byte	0x83
 703 0170 63000000 		.4byte	.LLST3
 704 0174 00       		.byte	0
 705 0175 0C       		.uleb128 0xc
 706 0176 30020000 		.4byte	.LASF24
 707 017a 01       		.byte	0x1
 708 017b EC       		.byte	0xec
 709 017c 6B000000 		.4byte	0x6b
 710 0180 00000000 		.4byte	.LFB5
 711 0184 14000000 		.4byte	.LFE5-.LFB5
 712 0188 01       		.uleb128 0x1
 713 0189 9C       		.byte	0x9c
 714 018a 0B       		.uleb128 0xb
 715 018b 75020000 		.4byte	.LASF26
 716 018f 01       		.byte	0x1
 717 0190 EE       		.byte	0xee
 718 0191 6B000000 		.4byte	0x6b
 719 0195 80000000 		.4byte	.LLST4
 720 0199 00       		.byte	0
 721 019a 00       		.byte	0
 722              		.section	.debug_abbrev,"",%progbits
 723              	.Ldebug_abbrev0:
 724 0000 01       		.uleb128 0x1
 725 0001 11       		.uleb128 0x11
 726 0002 01       		.byte	0x1
 727 0003 25       		.uleb128 0x25
 728 0004 0E       		.uleb128 0xe
 729 0005 13       		.uleb128 0x13
 730 0006 0B       		.uleb128 0xb
 731 0007 03       		.uleb128 0x3
 732 0008 0E       		.uleb128 0xe
 733 0009 1B       		.uleb128 0x1b
 734 000a 0E       		.uleb128 0xe
 735 000b 55       		.uleb128 0x55
 736 000c 17       		.uleb128 0x17
 737 000d 11       		.uleb128 0x11
 738 000e 01       		.uleb128 0x1
 739 000f 10       		.uleb128 0x10
 740 0010 17       		.uleb128 0x17
 741 0011 00       		.byte	0
 742 0012 00       		.byte	0
ARM GAS  e:\temp\ccwxnfis.s 			page 34


 743 0013 02       		.uleb128 0x2
 744 0014 24       		.uleb128 0x24
 745 0015 00       		.byte	0
 746 0016 0B       		.uleb128 0xb
 747 0017 0B       		.uleb128 0xb
 748 0018 3E       		.uleb128 0x3e
 749 0019 0B       		.uleb128 0xb
 750 001a 03       		.uleb128 0x3
 751 001b 0E       		.uleb128 0xe
 752 001c 00       		.byte	0
 753 001d 00       		.byte	0
 754 001e 03       		.uleb128 0x3
 755 001f 24       		.uleb128 0x24
 756 0020 00       		.byte	0
 757 0021 0B       		.uleb128 0xb
 758 0022 0B       		.uleb128 0xb
 759 0023 3E       		.uleb128 0x3e
 760 0024 0B       		.uleb128 0xb
 761 0025 03       		.uleb128 0x3
 762 0026 08       		.uleb128 0x8
 763 0027 00       		.byte	0
 764 0028 00       		.byte	0
 765 0029 04       		.uleb128 0x4
 766 002a 16       		.uleb128 0x16
 767 002b 00       		.byte	0
 768 002c 03       		.uleb128 0x3
 769 002d 0E       		.uleb128 0xe
 770 002e 3A       		.uleb128 0x3a
 771 002f 0B       		.uleb128 0xb
 772 0030 3B       		.uleb128 0x3b
 773 0031 05       		.uleb128 0x5
 774 0032 49       		.uleb128 0x49
 775 0033 13       		.uleb128 0x13
 776 0034 00       		.byte	0
 777 0035 00       		.byte	0
 778 0036 05       		.uleb128 0x5
 779 0037 35       		.uleb128 0x35
 780 0038 00       		.byte	0
 781 0039 49       		.uleb128 0x49
 782 003a 13       		.uleb128 0x13
 783 003b 00       		.byte	0
 784 003c 00       		.byte	0
 785 003d 06       		.uleb128 0x6
 786 003e 2E       		.uleb128 0x2e
 787 003f 01       		.byte	0x1
 788 0040 3F       		.uleb128 0x3f
 789 0041 19       		.uleb128 0x19
 790 0042 03       		.uleb128 0x3
 791 0043 0E       		.uleb128 0xe
 792 0044 3A       		.uleb128 0x3a
 793 0045 0B       		.uleb128 0xb
 794 0046 3B       		.uleb128 0x3b
 795 0047 0B       		.uleb128 0xb
 796 0048 27       		.uleb128 0x27
 797 0049 19       		.uleb128 0x19
 798 004a 11       		.uleb128 0x11
 799 004b 01       		.uleb128 0x1
ARM GAS  e:\temp\ccwxnfis.s 			page 35


 800 004c 12       		.uleb128 0x12
 801 004d 06       		.uleb128 0x6
 802 004e 40       		.uleb128 0x40
 803 004f 18       		.uleb128 0x18
 804 0050 9742     		.uleb128 0x2117
 805 0052 19       		.uleb128 0x19
 806 0053 01       		.uleb128 0x1
 807 0054 13       		.uleb128 0x13
 808 0055 00       		.byte	0
 809 0056 00       		.byte	0
 810 0057 07       		.uleb128 0x7
 811 0058 05       		.uleb128 0x5
 812 0059 00       		.byte	0
 813 005a 03       		.uleb128 0x3
 814 005b 0E       		.uleb128 0xe
 815 005c 3A       		.uleb128 0x3a
 816 005d 0B       		.uleb128 0xb
 817 005e 3B       		.uleb128 0x3b
 818 005f 0B       		.uleb128 0xb
 819 0060 49       		.uleb128 0x49
 820 0061 13       		.uleb128 0x13
 821 0062 02       		.uleb128 0x2
 822 0063 17       		.uleb128 0x17
 823 0064 00       		.byte	0
 824 0065 00       		.byte	0
 825 0066 08       		.uleb128 0x8
 826 0067 34       		.uleb128 0x34
 827 0068 00       		.byte	0
 828 0069 03       		.uleb128 0x3
 829 006a 0E       		.uleb128 0xe
 830 006b 3A       		.uleb128 0x3a
 831 006c 0B       		.uleb128 0xb
 832 006d 3B       		.uleb128 0x3b
 833 006e 0B       		.uleb128 0xb
 834 006f 49       		.uleb128 0x49
 835 0070 13       		.uleb128 0x13
 836 0071 00       		.byte	0
 837 0072 00       		.byte	0
 838 0073 09       		.uleb128 0x9
 839 0074 2E       		.uleb128 0x2e
 840 0075 00       		.byte	0
 841 0076 3F       		.uleb128 0x3f
 842 0077 19       		.uleb128 0x19
 843 0078 03       		.uleb128 0x3
 844 0079 0E       		.uleb128 0xe
 845 007a 3A       		.uleb128 0x3a
 846 007b 0B       		.uleb128 0xb
 847 007c 3B       		.uleb128 0x3b
 848 007d 0B       		.uleb128 0xb
 849 007e 27       		.uleb128 0x27
 850 007f 19       		.uleb128 0x19
 851 0080 49       		.uleb128 0x49
 852 0081 13       		.uleb128 0x13
 853 0082 11       		.uleb128 0x11
 854 0083 01       		.uleb128 0x1
 855 0084 12       		.uleb128 0x12
 856 0085 06       		.uleb128 0x6
ARM GAS  e:\temp\ccwxnfis.s 			page 36


 857 0086 40       		.uleb128 0x40
 858 0087 18       		.uleb128 0x18
 859 0088 9742     		.uleb128 0x2117
 860 008a 19       		.uleb128 0x19
 861 008b 00       		.byte	0
 862 008c 00       		.byte	0
 863 008d 0A       		.uleb128 0xa
 864 008e 05       		.uleb128 0x5
 865 008f 00       		.byte	0
 866 0090 03       		.uleb128 0x3
 867 0091 0E       		.uleb128 0xe
 868 0092 3A       		.uleb128 0x3a
 869 0093 0B       		.uleb128 0xb
 870 0094 3B       		.uleb128 0x3b
 871 0095 0B       		.uleb128 0xb
 872 0096 49       		.uleb128 0x49
 873 0097 13       		.uleb128 0x13
 874 0098 02       		.uleb128 0x2
 875 0099 18       		.uleb128 0x18
 876 009a 00       		.byte	0
 877 009b 00       		.byte	0
 878 009c 0B       		.uleb128 0xb
 879 009d 34       		.uleb128 0x34
 880 009e 00       		.byte	0
 881 009f 03       		.uleb128 0x3
 882 00a0 0E       		.uleb128 0xe
 883 00a1 3A       		.uleb128 0x3a
 884 00a2 0B       		.uleb128 0xb
 885 00a3 3B       		.uleb128 0x3b
 886 00a4 0B       		.uleb128 0xb
 887 00a5 49       		.uleb128 0x49
 888 00a6 13       		.uleb128 0x13
 889 00a7 02       		.uleb128 0x2
 890 00a8 17       		.uleb128 0x17
 891 00a9 00       		.byte	0
 892 00aa 00       		.byte	0
 893 00ab 0C       		.uleb128 0xc
 894 00ac 2E       		.uleb128 0x2e
 895 00ad 01       		.byte	0x1
 896 00ae 3F       		.uleb128 0x3f
 897 00af 19       		.uleb128 0x19
 898 00b0 03       		.uleb128 0x3
 899 00b1 0E       		.uleb128 0xe
 900 00b2 3A       		.uleb128 0x3a
 901 00b3 0B       		.uleb128 0xb
 902 00b4 3B       		.uleb128 0x3b
 903 00b5 0B       		.uleb128 0xb
 904 00b6 27       		.uleb128 0x27
 905 00b7 19       		.uleb128 0x19
 906 00b8 49       		.uleb128 0x49
 907 00b9 13       		.uleb128 0x13
 908 00ba 11       		.uleb128 0x11
 909 00bb 01       		.uleb128 0x1
 910 00bc 12       		.uleb128 0x12
 911 00bd 06       		.uleb128 0x6
 912 00be 40       		.uleb128 0x40
 913 00bf 18       		.uleb128 0x18
ARM GAS  e:\temp\ccwxnfis.s 			page 37


 914 00c0 9742     		.uleb128 0x2117
 915 00c2 19       		.uleb128 0x19
 916 00c3 00       		.byte	0
 917 00c4 00       		.byte	0
 918 00c5 00       		.byte	0
 919              		.section	.debug_loc,"",%progbits
 920              	.Ldebug_loc0:
 921              	.LLST0:
 922 0000 00000000 		.4byte	.LVL0
 923 0004 06000000 		.4byte	.LVL1
 924 0008 0100     		.2byte	0x1
 925 000a 50       		.byte	0x50
 926 000b 06000000 		.4byte	.LVL1
 927 000f 14000000 		.4byte	.LFE0
 928 0013 0400     		.2byte	0x4
 929 0015 F3       		.byte	0xf3
 930 0016 01       		.uleb128 0x1
 931 0017 50       		.byte	0x50
 932 0018 9F       		.byte	0x9f
 933 0019 00000000 		.4byte	0
 934 001d 00000000 		.4byte	0
 935              	.LLST1:
 936 0021 00000000 		.4byte	.LVL2
 937 0025 06000000 		.4byte	.LVL3
 938 0029 0100     		.2byte	0x1
 939 002b 50       		.byte	0x50
 940 002c 06000000 		.4byte	.LVL3
 941 0030 18000000 		.4byte	.LFE1
 942 0034 0400     		.2byte	0x4
 943 0036 F3       		.byte	0xf3
 944 0037 01       		.uleb128 0x1
 945 0038 50       		.byte	0x50
 946 0039 9F       		.byte	0x9f
 947 003a 00000000 		.4byte	0
 948 003e 00000000 		.4byte	0
 949              	.LLST2:
 950 0042 00000000 		.4byte	.LVL4
 951 0046 08000000 		.4byte	.LVL7
 952 004a 0100     		.2byte	0x1
 953 004c 50       		.byte	0x50
 954 004d 08000000 		.4byte	.LVL7
 955 0051 14000000 		.4byte	.LFE4
 956 0055 0400     		.2byte	0x4
 957 0057 F3       		.byte	0xf3
 958 0058 01       		.uleb128 0x1
 959 0059 50       		.byte	0x50
 960 005a 9F       		.byte	0x9f
 961 005b 00000000 		.4byte	0
 962 005f 00000000 		.4byte	0
 963              	.LLST3:
 964 0063 04000000 		.4byte	.LVL5
 965 0067 06000000 		.4byte	.LVL6
 966 006b 0B00     		.2byte	0xb
 967 006d 70       		.byte	0x70
 968 006e 00       		.sleb128 0
 969 006f 0A       		.byte	0xa
 970 0070 FFFF     		.2byte	0xffff
ARM GAS  e:\temp\ccwxnfis.s 			page 38


 971 0072 1A       		.byte	0x1a
 972 0073 20       		.byte	0x20
 973 0074 73       		.byte	0x73
 974 0075 00       		.sleb128 0
 975 0076 1A       		.byte	0x1a
 976 0077 9F       		.byte	0x9f
 977 0078 00000000 		.4byte	0
 978 007c 00000000 		.4byte	0
 979              	.LLST4:
 980 0080 08000000 		.4byte	.LVL8
 981 0084 0C000000 		.4byte	.LVL9
 982 0088 0100     		.2byte	0x1
 983 008a 50       		.byte	0x50
 984 008b 0C000000 		.4byte	.LVL9
 985 008f 14000000 		.4byte	.LFE5
 986 0093 0400     		.2byte	0x4
 987 0095 72       		.byte	0x72
 988 0096 00       		.sleb128 0
 989 0097 06       		.byte	0x6
 990 0098 9F       		.byte	0x9f
 991 0099 00000000 		.4byte	0
 992 009d 00000000 		.4byte	0
 993              		.section	.debug_aranges,"",%progbits
 994 0000 44000000 		.4byte	0x44
 995 0004 0200     		.2byte	0x2
 996 0006 00000000 		.4byte	.Ldebug_info0
 997 000a 04       		.byte	0x4
 998 000b 00       		.byte	0
 999 000c 0000     		.2byte	0
 1000 000e 0000     		.2byte	0
 1001 0010 00000000 		.4byte	.LFB0
 1002 0014 14000000 		.4byte	.LFE0-.LFB0
 1003 0018 00000000 		.4byte	.LFB1
 1004 001c 18000000 		.4byte	.LFE1-.LFB1
 1005 0020 00000000 		.4byte	.LFB2
 1006 0024 10000000 		.4byte	.LFE2-.LFB2
 1007 0028 00000000 		.4byte	.LFB3
 1008 002c 10000000 		.4byte	.LFE3-.LFB3
 1009 0030 00000000 		.4byte	.LFB4
 1010 0034 14000000 		.4byte	.LFE4-.LFB4
 1011 0038 00000000 		.4byte	.LFB5
 1012 003c 14000000 		.4byte	.LFE5-.LFB5
 1013 0040 00000000 		.4byte	0
 1014 0044 00000000 		.4byte	0
 1015              		.section	.debug_ranges,"",%progbits
 1016              	.Ldebug_ranges0:
 1017 0000 00000000 		.4byte	.LFB0
 1018 0004 14000000 		.4byte	.LFE0
 1019 0008 00000000 		.4byte	.LFB1
 1020 000c 18000000 		.4byte	.LFE1
 1021 0010 00000000 		.4byte	.LFB2
 1022 0014 10000000 		.4byte	.LFE2
 1023 0018 00000000 		.4byte	.LFB3
 1024 001c 10000000 		.4byte	.LFE3
 1025 0020 00000000 		.4byte	.LFB4
 1026 0024 14000000 		.4byte	.LFE4
 1027 0028 00000000 		.4byte	.LFB5
ARM GAS  e:\temp\ccwxnfis.s 			page 39


 1028 002c 14000000 		.4byte	.LFE5
 1029 0030 00000000 		.4byte	0
 1030 0034 00000000 		.4byte	0
 1031              		.section	.debug_line,"",%progbits
 1032              	.Ldebug_line0:
 1033 0000 CF000000 		.section	.debug_str,"MS",%progbits,1
 1033      02004B00 
 1033      00000201 
 1033      FB0E0D00 
 1033      01010101 
 1034              	.LASF15:
 1035 0000 72656733 		.ascii	"reg32\000"
 1035      3200
 1036              	.LASF19:
 1037 0006 76616C75 		.ascii	"value\000"
 1037      6500
 1038              	.LASF13:
 1039 000c 646F7562 		.ascii	"double\000"
 1039      6C6500
 1040              	.LASF29:
 1041 0013 433A5C55 		.ascii	"C:\\Users\\Admin\\Desktop\\_FIRMWARE\\DBARLite\\CYP"
 1041      73657273 
 1041      5C41646D 
 1041      696E5C44 
 1041      65736B74 
 1042 0040 44353232 		.ascii	"D5225\\CYPD5225-96BZXI_notebook\\CYPD5225-96BZXI_no"
 1042      355C4359 
 1042      50443532 
 1042      32352D39 
 1042      36425A58 
 1043 0071 7465626F 		.ascii	"tebook.cydsn\\backup_fw.cydsn\000"
 1043      6F6B2E63 
 1043      7964736E 
 1043      5C626163 
 1043      6B75705F 
 1044              	.LASF22:
 1045 008e 4E435038 		.ascii	"NCP81239_EN_P2_SetInterruptMode\000"
 1045      31323339 
 1045      5F454E5F 
 1045      50325F53 
 1045      6574496E 
 1046              	.LASF12:
 1047 00ae 666C6F61 		.ascii	"float\000"
 1047      7400
 1048              	.LASF1:
 1049 00b4 756E7369 		.ascii	"unsigned char\000"
 1049      676E6564 
 1049      20636861 
 1049      7200
 1050              	.LASF30:
 1051 00c2 64725661 		.ascii	"drVal\000"
 1051      6C00
 1052              	.LASF5:
 1053 00c8 6C6F6E67 		.ascii	"long unsigned int\000"
 1053      20756E73 
 1053      69676E65 
 1053      6420696E 
ARM GAS  e:\temp\ccwxnfis.s 			page 40


 1053      7400
 1054              	.LASF3:
 1055 00da 73686F72 		.ascii	"short unsigned int\000"
 1055      7420756E 
 1055      7369676E 
 1055      65642069 
 1055      6E7400
 1056              	.LASF28:
 1057 00ed 47656E65 		.ascii	"Generated_Source\\PSoC4\\NCP81239_EN_P2.c\000"
 1057      72617465 
 1057      645F536F 
 1057      75726365 
 1057      5C50536F 
 1058              	.LASF10:
 1059 0115 75696E74 		.ascii	"uint16\000"
 1059      313600
 1060              	.LASF23:
 1061 011c 706F7369 		.ascii	"position\000"
 1061      74696F6E 
 1061      00
 1062              	.LASF11:
 1063 0125 75696E74 		.ascii	"uint32\000"
 1063      333200
 1064              	.LASF25:
 1065 012c 696E7472 		.ascii	"intrCfg\000"
 1065      43666700 
 1066              	.LASF8:
 1067 0134 756E7369 		.ascii	"unsigned int\000"
 1067      676E6564 
 1067      20696E74 
 1067      00
 1068              	.LASF7:
 1069 0141 6C6F6E67 		.ascii	"long long unsigned int\000"
 1069      206C6F6E 
 1069      6720756E 
 1069      7369676E 
 1069      65642069 
 1070              	.LASF27:
 1071 0158 474E5520 		.ascii	"GNU C11 5.4.1 20160609 (release) [ARM/embedded-5-br"
 1071      43313120 
 1071      352E342E 
 1071      31203230 
 1071      31363036 
 1072 018b 616E6368 		.ascii	"anch revision 237715] -mcpu=cortex-m0 -mthumb -g -O"
 1072      20726576 
 1072      6973696F 
 1072      6E203233 
 1072      37373135 
 1073 01be 73202D66 		.ascii	"s -ffunction-sections -ffat-lto-objects -finline-fu"
 1073      66756E63 
 1073      74696F6E 
 1073      2D736563 
 1073      74696F6E 
 1074 01f1 6E637469 		.ascii	"nctions -flto -fno-strict-aliasing\000"
 1074      6F6E7320 
 1074      2D666C74 
 1074      6F202D66 
ARM GAS  e:\temp\ccwxnfis.s 			page 41


 1074      6E6F2D73 
 1075              	.LASF16:
 1076 0214 4E435038 		.ascii	"NCP81239_EN_P2_SetDriveMode\000"
 1076      31323339 
 1076      5F454E5F 
 1076      50325F53 
 1076      65744472 
 1077              	.LASF24:
 1078 0230 4E435038 		.ascii	"NCP81239_EN_P2_ClearInterrupt\000"
 1078      31323339 
 1078      5F454E5F 
 1078      50325F43 
 1078      6C656172 
 1079              	.LASF20:
 1080 024e 4E435038 		.ascii	"NCP81239_EN_P2_Read\000"
 1080      31323339 
 1080      5F454E5F 
 1080      50325F52 
 1080      65616400 
 1081              	.LASF18:
 1082 0262 6D6F6465 		.ascii	"mode\000"
 1082      00
 1083              	.LASF6:
 1084 0267 6C6F6E67 		.ascii	"long long int\000"
 1084      206C6F6E 
 1084      6720696E 
 1084      7400
 1085              	.LASF26:
 1086 0275 6D61736B 		.ascii	"maskedStatus\000"
 1086      65645374 
 1086      61747573 
 1086      00
 1087              	.LASF14:
 1088 0282 63686172 		.ascii	"char\000"
 1088      00
 1089              	.LASF2:
 1090 0287 73686F72 		.ascii	"short int\000"
 1090      7420696E 
 1090      7400
 1091              	.LASF17:
 1092 0291 4E435038 		.ascii	"NCP81239_EN_P2_Write\000"
 1092      31323339 
 1092      5F454E5F 
 1092      50325F57 
 1092      72697465 
 1093              	.LASF9:
 1094 02a6 75696E74 		.ascii	"uint8\000"
 1094      3800
 1095              	.LASF4:
 1096 02ac 6C6F6E67 		.ascii	"long int\000"
 1096      20696E74 
 1096      00
 1097              	.LASF0:
 1098 02b5 7369676E 		.ascii	"signed char\000"
 1098      65642063 
 1098      68617200 
 1099              	.LASF21:
ARM GAS  e:\temp\ccwxnfis.s 			page 42


 1100 02c1 4E435038 		.ascii	"NCP81239_EN_P2_ReadDataReg\000"
 1100      31323339 
 1100      5F454E5F 
 1100      50325F52 
 1100      65616444 
 1101              		.comm	__gnu_lto_v1,1,1
 1102              		.ident	"GCC: (GNU Tools for ARM Embedded Processors) 5.4.1 20160609 (release) [ARM/embedded-5-bran
