ARM GAS  e:\temp\ccB8wCo6.s 			page 1


   1              		.syntax unified
   2              		.cpu cortex-m0
   3              		.fpu softvfp
   4              		.eabi_attribute 20, 1
   5              		.eabi_attribute 21, 1
   6              		.eabi_attribute 23, 3
   7              		.eabi_attribute 24, 1
   8              		.eabi_attribute 25, 1
   9              		.eabi_attribute 26, 1
  10              		.eabi_attribute 30, 4
  11              		.eabi_attribute 34, 0
  12              		.eabi_attribute 18, 4
  13              		.thumb
  14              		.syntax unified
  15              		.file	"PDSS_PORT0_SAR_CLK.c"
  16              		.text
  17              	.Ltext0:
  18              		.section	.gnu.lto_.profile.6240bb8c,"",%progbits
  19 0000 789C6361 		.ascii	"x\234ca`d`a`\000\222r\222\000\000\277\000B"
  19      60646061 
  19      60009272 
  19      920000BF 
  19      0042
  20              		.text
  21              		.section	.gnu.lto_.icf.6240bb8c,"",%progbits
  22 0000 789C6361 		.ascii	"x\234ca`d\000\001\005\006\004`e88c\323\006f\306\336"
  22      60640001 
  22      05060460 
  22      65383863 
  22      D30666C6 
  23 0015 A51B7F31 		.ascii	"\245\033\17712m?\332\370\216\203yB\317\261\327\274,"
  23      326D3FDA 
  23      F88E8379 
  23      42CFB1D7 
  23      BC2C
  24 0027 B39BE64D 		.ascii	"\263\233\346M\341a\000\000\355\343\015\371"
  24      E1610000 
  24      EDE30DF9 
  25              		.text
  26              		.section	.gnu.lto_.jmpfuncs.6240bb8c,"",%progbits
  27 0000 789C6361 		.ascii	"x\234ca`d\000\001q\006\004`e`dd\254\007\21231122\327"
  27      60640001 
  27      71060460 
  27      65606464 
  27      AC078A33 
  28 0019 D7333330 		.ascii	"\327330\260\000\205\001\026\322\001\263"
  28      B0008501 
  28      16D201B3 
  29              		.text
  30              		.section	.gnu.lto_.inline.6240bb8c,"",%progbits
  31 0000 789C458B 		.ascii	"x\234E\213\261\015\2000\014\004\337\316\007B(`\003("
  31      B10D8030 
  31      0C04DFCE 
  31      07422860 
  31      0328
  32 0012 10E33013 		.ascii	"\020\3430\023#PRf\016\246`$l!\310\027\226\375\347#\004"
  32      23505266 
ARM GAS  e:\temp\ccB8wCo6.s 			page 2


  32      0EA66024 
  32      6C21C817 
  32      96FDE723 
  33 0027 9E1D3511 		.ascii	"\236\0355\021\350V\021\314\206B\272N\242)\223\202e\242"
  33      E85611CC 
  33      8642BA4E 
  33      A2299382 
  33      65A2
  34 0039 6341BB08 		.ascii	"cA\273\010\264\002\213\242\317\242\030\315\220d\203"
  34      B4028BA2 
  34      CFA218CD 
  34      906483
  35 0048 F9D85EA8 		.ascii	"\371\330^\250\367@W\223\277\005D\232j\347o\022A\255"
  35      F7405793 
  35      BF05449A 
  35      6AE76F12 
  35      41AD
  36 005a B2ED6BF0 		.ascii	"\262\355k\360\000t\\\014$"
  36      00745C0C 
  36      24
  37              		.text
  38              		.section	.gnu.lto_.pureconst.6240bb8c,"",%progbits
  39 0000 789C6361 		.ascii	"x\234ca`d\340f```e\220b\224b\222b\226ba\000\000\003"
  39      6064E066 
  39      60606065 
  39      90629462 
  39      92629662 
  40 0018 E40088   		.ascii	"\344\000\210"
  41              		.text
  42              		.section	.gnu.lto_PDSS_PORT0_SAR_CLK_StartEx.6240bb8c,"",%progbits
  43 0000 789C5551 		.ascii	"x\234UQMh\023Q\020\236\357\275\335\315j\177\356B\017"
  43      4D681351 
  43      109EEFBD 
  43      DDCD6A7F 
  43      EE420F
  44 0013 BD9582A8 		.ascii	"\275\225\202\250\007O\336J\212\012\012\206\254\307B"
  44      074FDE4A 
  44      8A0A0A86 
  44      ACC742
  45 0022 2875916A 		.ascii	"(u\221ji\241X\257\276d7\015\212\240 \366P\224\240P\332"
  45      69A158AF 
  45      BE64370D 
  45      8AA020F6 
  45      5094A050 
  46 0037 6A6BBA7A 		.ascii	"jk\272z\022/1\"\202`\244\027{\325\212{\220\036\022\215"
  46      122F3122 
  46      8260A417 
  46      7BD58A7B 
  46      901E128D 
  47 004b 228A8D33 		.ascii	"\"\212\2153\273=\330\2017\363f\370f\346\373\336\263"
  47      BB3DD881 
  47      37F366F8 
  47      66E6FBDE 
  47      B3
  48 005c 0824D6AF 		.ascii	"\010$\326\257\210Np<\311\007\016A\335n\022\025]\005"
  48      884E703C 
  48      C9070E41 
ARM GAS  e:\temp\ccB8wCo6.s 			page 3


  48      DD6E1215 
  48      5D05
  49 006e 9D5EB4B2 		.ascii	"\235^\264\262o\276!2\007\2550C\246\327N\353#\026 \321"
  49      6FBE2132 
  49      07AD3043 
  49      A6D74EEB 
  49      231620D1 
  50 0082 B8A06B4A 		.ascii	"\270\240kJ\333\026\330Sj?\324_\205F%~\256\206\227\015"
  50      DB16D853 
  50      6A3FD45F 
  50      8546257E 
  50      AE86970D 
  51 0096 DBC72F77 		.ascii	"\333\307/w\264Y\251\243\314\200\256J1X\3060\2436\303"
  51      B459A9A3 
  51      CC80AE4A 
  51      3158C630 
  51      A336C3
  52 00a9 8D7BBAA3 		.ascii	"\215{\272\243\312\032\2608m\277[\374\334/\251\302 \247"
  52      CA1AB038 
  52      6DBF5BFC 
  52      DC2FA9C2 
  52      20A7
  53 00bb D75FFD7C 		.ascii	"\327_\375|i\351\243 \276G\337\253q\337\320\2221%c\""
  53      69E9A320 
  53      BE47DFAB 
  53      71DFD092 
  53      31256322 
  54 00cf DF1C286B 		.ascii	"\337\034(k\215G\320<\017\253\030\300\012\006\210K\204"
  54      8D47D03C 
  54      0FAB18C0 
  54      0A06884B 
  54      84
  55 00e0 C71812F8 		.ascii	"\307\030\022\370v\264{\267\317\011e\375`\272\024kpD"
  55      76B47BB7 
  55      CF0965FD 
  55      60BA146B 
  55      7044
  56 00f2 712D5F37 		.ascii	"q-_7\335n`\352\221\275\256]\305]\226f\307\012\244\327"
  56      DD6E60EA 
  56      91BDAE5D 
  56      C55D9666 
  56      C70AA4D7 
  57 0106 96DC1147 		.ascii	"\226\334\021G\324\3426\326\334R\212\203n\263>V\254c"
  57      D4E236D6 
  57      DC528A83 
  57      6EB33E56 
  57      AC63
  58 0118 347EDFF8 		.ascii	"4~\337\370\360Z\313\274@\213\324\205r\343}FX;\011\323"
  58      F05ACBBC 
  58      408BD485 
  58      72E37D46 
  58      583B09D3 
  59 012c 870FFE6C 		.ascii	"\207\017\376l\331ijLhDW\245\274\271\332[\305\375b\310"
  59      D9696A4C 
  59      684457A5 
  59      BCB9DA5B 
  59      C5FD62C8 
ARM GAS  e:\temp\ccB8wCo6.s 			page 4


  60 0140 8F90C113 		.ascii	"\217\220\301\023&\274\316\204\0115TA1J\337*;\207\322"
  60      26BCCE84 
  60      09355441 
  60      314ADF2A 
  60      3B87D2
  61 0153 819A67D2 		.ascii	"\201\232g\322'\204\315\340\322^\341\377\0156\010\033"
  61      2784CDE0 
  61      D25EE1FF 
  61      0D36081B 
  62 0163 D24942CF 		.ascii	"\322IB\317&\376\031\264\225%\374b\004\255\371fl\247"
  62      26FE19B4 
  62      9525FC62 
  62      04ADF966 
  62      6CA7
  63 0175 5D76A065 		.ascii	"]v\240e\361\342\213\316\333\204\213\013\027\02172\352"
  63      F1E28BCE 
  63      DB848B0B 
  63      17113732 
  63      EA
  64 0186 D77C2793 		.ascii	"\327|'\223\202\004\307\240[kK;\311'X\220\007s\3614\001"
  64      8204C7A0 
  64      5B6B4B3B 
  64      C9275890 
  64      0773F134 
  65 019b 3616DAB5 		.ascii	"6\026\332\265\323\002\334'\240hL\317~\015\317X\003\317"
  65      D302DC27 
  65      A0684CCF 
  65      7E0DCF58 
  65      03CF
  66 01ad A2AF28D5 		.ascii	"\242\257(\325\267\222\365{\364\300\264\370\011\017\237"
  66      B792F57B 
  66      F4C0B4F8 
  66      090F9F
  67 01bc F2A7FDD9 		.ascii	"\362\247\375\331\361+\376\205\202737;\341\217\345\274"
  67      F12BFE85 
  67      82373337 
  67      3BE18FE5 
  67      BC
  68 01cd 99ECF1B1 		.ascii	"\231\354\361\261\334\250\347\025r\347\362\347\217\025"
  68      DCA8E715 
  68      72E7F2E7 
  68      8F15
  69 01db BC917C21 		.ascii	"\274\221|!{\366\314\221\011\352\031\237\232\2748\235"
  69      7BF6CC91 
  69      09EA199F 
  69      9ABC389D 
  70 01eb 9DBA3C3A 		.ascii	"\235\272<:y\365\037B\351\303\366"
  70      79F51F42 
  70      E9C3F6
  71              		.text
  72              		.section	.gnu.lto_PDSS_PORT0_SAR_CLK_Stop.6240bb8c,"",%progbits
  73 0000 789C5550 		.ascii	"x\234UP;H\003A\020\235\267{\227\213\337^Ha\033\020I"
  73      3B480341 
  73      109DB77B 
  73      978BDF5E 
  73      48611B10 
  74 0015 61612B8A 		.ascii	"aa+\212\026\012\206\234\245pH\274FPA\264v\317\334\021"
ARM GAS  e:\temp\ccB8wCo6.s 			page 5


  74      160A869C 
  74      A57048BC 
  74      465041B4 
  74      76CFDC11 
  75 0029 100B2DD4 		.ascii	"\020\013-\324F\011\332$\376\261\264\213\001I\247\330"
  75      4609DA24 
  75      FEB1B48B 
  75      0149A7D8 
  76 0039 985605AF 		.ascii	"\230V\005\257\020\301(\332(\032g9\013\035\230\231\335"
  76      10C128DA 
  76      281A6739 
  76      0B1D9899 
  76      DD
  77 004a D9B7EF3D 		.ascii	"\331\267\357=\306 \220\216in\335\334\0079\021#\210\325"
  77      C620908E 
  77      696EDDDC 
  77      07391123 
  77      88D5
  78 005c 4B222F2E 		.ascii	"K\"/. \243\203\024\346J\225H5\033\276E\252\325\214\346"
  78      20A38314 
  78      E64A9548 
  78      351BBE45 
  78      AAD58CE6 
  79 0070 7D06A0BB 		.ascii	"}\006\240\273\212\203\026\2054\015p\245(\336\305\227"
  79      8A831685 
  79      340D70A5 
  79      28DEC597 
  80 0080 40251F9E 		.ascii	"@%\037\236\211dQq\334><\247T\251\214\200\001\015\021"
  80      89645171 
  80      DC3E3CA7 
  80      54A98C80 
  80      010D11
  81 0093 61504492 		.ascii	"aPD\222\030v\177\372\275\336\026\3635\2543zD\0111\355"
  81      18767FFA 
  81      BDDE16F3 
  81      35AC337A 
  81      440931ED 
  82 00a7 EC245356 		.ascii	"\354$SV\215FN\225\327\254\363\033\313\024\024HH.\214"
  82      8D464E95 
  82      D7ACF31B 
  82      CB141448 
  82      482E8C
  83 00ba A973B299 		.ascii	"\251s\262\231\272\020\334\344\013\013\263\025\031\242"
  83      BA10DCE4 
  83      0B0BB315 
  83      19A2
  84 00c8 F2B11C6E 		.ascii	"\362\261\034n\365j\202\234\324\0366\202\312\225\365"
  84      F56A829C 
  84      D41E3682 
  84      CA95F5
  85 00d7 260229A1 		.ascii	"&\002)\241\265vw>kftU\312W\006\217\362\301\365^k\001"
  85      B576773E 
  85      6B667455 
  85      CA57068F 
  85      F2C1F55E 
  86 00ed DB9ECFEE 		.ascii	"\333\236\317\356\014\354#\201=$\330\304\001\012\240"
  86      0CEC2381 
ARM GAS  e:\temp\ccB8wCo6.s 			page 6


  86      3D24D8C4 
  86      010AA0
  87 00fc 104BAFF9 		.ascii	"\020K\257\371\247\216\210P2'\335\301\277\314M\375\016"
  87      A78E8850 
  87      3227DDC1 
  87      BFCC4DFD 
  87      0E
  88 010d FE2A0810 		.ascii	"\376*\010\020\016\365O\322\366L\342\225\341E\030\332"
  88      0EF54FD2 
  88      F64CE295 
  88      E14518DA 
  89 011d 1FFB7AAB 		.ascii	"\037\373z\253?yM\372\327?IO\251\226\377\252G\254\312"
  89      3F794DFA 
  89      D73F494F 
  89      A996FFAA 
  89      47ACCA
  90 0130 90CDFB8B 		.ascii	"\220\315\373\213j\273f\005\364f\014\034\363\353#\226"
  90      6ABB6605 
  90      F4660C1C 
  90      F3EB2396 
  91 0140 CAB5214D 		.ascii	"\312\265!M\362+\002&\347Et\015\2713\356\334\304\274"
  91      F22B0226 
  91      E745740D 
  91      B933EEDC 
  91      C4BC
  92 0152 3BE9D8B3 		.ascii	";\351\330\263\013sYw<m\317\366\367\214\247\007l\333"
  92      0B735977 
  92      3C6DCFF6 
  92      F78CA707 
  92      6CDB
  93 0164 498F66C6 		.ascii	"I\217f\306R\216\335\227q\372G\206\273\263\364\003TX"
  93      528EDD97 
  93      71FA4786 
  93      BBB3F403 
  93      5458
  94 0176 8FCF     		.ascii	"\217\317"
  95              		.text
  96              		.section	.gnu.lto_PDSS_PORT0_SAR_CLK_SetFractionalDividerRegister.6240bb8c,"",%progbits
  97 0000 789C6D52 		.ascii	"x\234mR]H\223a\024~\317\373n\337\276\3758\275\215\274"
  97      5D489361 
  97      147ECFFB 
  97      6EDFBEFD 
  97      38BD8DBC 
  98 0014 F0464488 		.ascii	"\360FD\2102\352\"\272\010B\251\250@q\341\2250\306\034"
  98      32EA22BA 
  98      0842A9A8 
  98      4071E195 
  98      30C61C
  99 0027 219AC2D2 		.ascii	"!\232\302\322n}\367\363\315\030D\022\024%\211\027\342"
  99      6E7DF7F3 
  99      CD184412 
  99      14258917 
  99      E2
 100 0038 DF34DDB4 		.ascii	"\3374\335\264?Sp\011vae\024\375\320\215\204\211ADM\261"
 100      3F537009 
 100      76616514 
 100      FDD08D84 
ARM GAS  e:\temp\ccB8wCo6.s 			page 7


 100      8941444D 
 101 004d 0C9BAD73 		.ascii	"\014\233\255s\276w\026B/\354\3759{\236\347\234\363\234"
 101      BE771642 
 101      2FECFD39 
 101      7B9EE79C 
 101      F39C
 102 005f CFC280D1 		.ascii	"\317\302\200\321j\027\214\325\341\271\027\177 \030\360"
 102      6A178CD5 
 102      E1B9177F 
 102      2018F0
 103 006e AE45C642 		.ascii	"\256E\306B:\007\240\213\324\201up\350\200\357|\233\303"
 103      3A07A08B 
 103      D4817570 
 103      E880EF7C 
 103      9BC3
 104 0080 5CE7EA14 		.ascii	"\\\347\352\024/\037\224\270>\314\367\035\224Ci0\220"
 104      2F1F94B8 
 104      3ECCF71D 
 104      94436930 
 104      90
 105 0091 9EE3A612 		.ascii	"\236\343\246\022\203A(G\324|n3]\270\301\015\001@\244"
 105      83412847 
 105      D47C6E33 
 105      5DB8C10D 
 105      0140A4
 106 00a4 5799673D 		.ascii	"W\231g=Nzr(\302gl\375\335\212K\034\000\206\367\221\344"
 106      4E7A7228 
 106      C2676CFD 
 106      DD8A4B1C 
 106      0086F791 
 107 00b9 6CBCB0AC 		.ascii	"l\274\260\254_\312\260\224\277|\322j\010\001\011\020"
 107      5FCAB094 
 107      BF7CD26A 
 107      08010910 
 108 00c9 A807C350 		.ascii	"\250\007\303P\014CP\3140\304`\004\312\020\335\231\032"
 108      0C4350CC 
 108      30C46004 
 108      CA10DD99 
 108      1A
 109 00da B8E61647 		.ascii	"\270\346\026GMf\377\345\255Q\3103g\2378e\205!,0\252"
 109      4D66FFE5 
 109      AD51C833 
 109      679F3865 
 109      85212C30 
 110 00ef A8878AA1 		.ascii	"\250\207\212\241\202\210\026\006w\240\214\320/\243\311"
 110      82881606 
 110      77A08CD0 
 110      2FA3C9
 111 00fe DB425564 		.ascii	"\333BUd\301\347\332\363\356\217nUQ\011>\277~Z\272Z "
 111      C1E7DAF3 
 111      EE8F6E55 
 111      51093EBF 
 111      7E5ABA5A 
 112 0113 4E99BADF 		.ascii	"N\231\272\337n\312\242\322>\222MO\306\335\267d:Zb\010"
 112      6ECAA2D2 
 112      3E924D4F 
 112      C6DDB764 
ARM GAS  e:\temp\ccB8wCo6.s 			page 8


 112      3A5A6208 
 113 0127 2B2495F2 		.ascii	"+$\225\3628\0265\206E\321B\360\370L\362\015\027\325"
 113      38163586 
 113      45D142F0 
 113      F84CF20D 
 113      17D5
 114 0139 2671EC4A 		.ascii	"&q\354JjL\3133\223\013.\331\025\322\2118\361_\342r\352"
 114      6A4CCB33 
 114      930B2ED9 
 114      15D28938 
 114      F15FE272 
 115 014e F7F5022D 		.ascii	"\367\365\002-J>\226\300$\224B\012J\225\213p\0274\234"
 115      4A3E96C0 
 115      2494420A 
 115      4A958B70 
 115      17349C
 116 0161 0BDF898E 		.ascii	"\013\337\211\216\327\246e.\027\221\351^\307\343\254"
 116      D7A6652E 
 116      1791E95E 
 116      C7E3AC
 117 0170 C3CDB12D 		.ascii	"\303\315\261-\015\015\301\177-@\266X)\240\321f\243M"
 117      0D0DC17F 
 117      2D40B658 
 117      29A0D166 
 117      A34D
 118 0182 076AD94E 		.ascii	"\007j\331NW\007mN\332\\\314\324g\031L@3]\343\234N\261"
 118      57076D4E 
 118      DA5CCCD4 
 118      67194C40 
 118      335DE39C 
 119 0198 0A735BF1 		.ascii	"\012s[\361\037\303\307(gD\320\250n\030s/ld\214\315\354"
 119      1FC3C728 
 119      6744D0A8 
 119      6E18732F 
 119      6C648CCD 
 120 01ad 69E07D76 		.ascii	"i\340}v\302\256\236]\321\250$\353\022O\215yw/\364\204"
 120      C2AE9E5D 
 120      D1A824EB 
 120      124F8D79 
 120      772FF484 
 121 01c1 A238791D 		.ascii	"\2428y\035\356c_\367\250/x\000\275\300V!\222\215}\001"
 121      EE635FF7 
 121      A82F7800 
 121      BDC05621 
 121      928D7D01 
 122 01d5 252894E6 		.ascii	"%(\224\346F\334\3304\275\327\300\006\017\021\273\014"
 122      46DCD834 
 122      BDD7C006 
 122      0F11BB0C 
 123 01e5 DCEC127B 		.ascii	"\334\354\022{@\020r\302\353\235o\023u\212d\215\340\330"
 123      401072C2 
 123      EB9D6F13 
 123      758A648D 
 123      E0D8
 124 01f7 5026135B 		.ascii	"P&\023[\331\243\"\024D\231\356\351\215\005+\311\330"
 124      D9A32214 
 124      4499EEE9 
ARM GAS  e:\temp\ccB8wCo6.s 			page 9


 124      8D052BC9 
 124      D8
 125 0208 41872994 		.ascii	"A\207)\224A\320\317\330b\242^\241lf>M\251-\355\250\331"
 125      41D0CFD8 
 125      62A25EA1 
 125      6C663E4D 
 125      A92DEDA8 
 126 021d 2342576A 		.ascii	"#BWj\257\363E90H\037\362zr\320\245\324\004<Rj\331X6"
 126      AFF34539 
 126      30481FF2 
 126      7A72D0A5 
 126      D4043C52 
 127 0235 9FD28938 		.ascii	"\237\322\2118\032\257\2612\254\253\312s\000\323\377"
 127      1AAFB132 
 127      ACABCA73 
 127      00D3FF
 128 0244 721E5130 		.ascii	"r\036Q0\227\231\326\371\267\241\0245\344B\320\334\215"
 128      9799D6F9 
 128      B7A11435 
 128      E442D0DC 
 128      8D
 129 0255 B5A5B09D 		.ascii	"\265\245\260\235b\273\034\013I\351\334m\332\014\232"
 129      62BB1C0B 
 129      49E9DC6D 
 129      DA0C9A
 130 0264 4694CF10 		.ascii	"F\224\317\020No\237&\202\371\205d8\320\200p\\\373N\006"
 130      4E6F9F26 
 130      82F98564 
 130      38D08070 
 130      5CFB4E06 
 131 0278 5A02415F 		.ascii	"Z\002A_[\240\301\353im\017\372\003\3655\236\326\312"
 131      5BA0C1EB 
 131      696D0FFA 
 131      03F5359E 
 131      D6CA
 132 028a C3F53555 		.ascii	"\303\3655U\036\217\267\246\272\366\\\205\327s\274\326"
 132      1E8FB7A6 
 132      BAF65C85 
 132      D773BCD6 
 133 029a 5B79F6CC 		.ascii	"[y\366\314~?s\370\233\233\252\032/56\004\202\005x=\021"
 133      7E3F73F8 
 133      9B9BAA1A 
 133      2F353604 
 133      8205783D 
 134 02af F4F9DB1A 		.ascii	"\364\371\333\032[[|\315Z0p\276\316\327l\273\340\273"
 134      5B5B7CCD 
 134      5A3070BE 
 134      CED76CBB 
 134      E0BB
 135 02c1 D884E71F 		.ascii	"\330\204\347\037\314\2319\250"
 135      CC9939A8 
 136              		.text
 137              		.section	.gnu.lto_PDSS_PORT0_SAR_CLK_GetDividerRegister.6240bb8c,"",%progbits
 138 0000 789C2D90 		.ascii	"x\234-\220\275K\003A\020\305\367\355^\342I\360\2437"
 138      BD4B0341 
 138      10C5F7ED 
 138      5EE249F0 
ARM GAS  e:\temp\ccB8wCo6.s 			page 10


 138      A337
 139 0012 85A50109 		.ascii	"\205\245\001\011\026\372\007\204\210\026\012\206\234"
 139      16FA0784 
 139      88160A86 
 139      9C
 140 001f 65E09078 		.ascii	"e\340\220x\255\201\240u6\271[\004\2534Z\010\301F\214"
 140      AD81A075 
 140      36B95B04 
 140      AB345A08 
 140      C1468C
 141 0032 464DD052 		.ascii	"FM\320R\233\030H\243\242\240 \332\211H\012\253\030\""
 141      9B1848A3 
 141      A2A020DA 
 141      89480AAB 
 141      1822
 142 0044 82A8E70E 		.ascii	"\202\250\347\016q`v\366\261of~\254\301\300(\246t\211"
 142      716076F6 
 142      B16F667E 
 142      ACC1C028 
 142      A67489
 143 0057 EA3AA213 		.ascii	"\352:\242\023\202\201\027o\030\313\233\034\240\2134"
 143      8281176F 
 143      18CB9B1C 
 143      A08B34
 144 0066 C1721C39 		.ascii	"\301r\0349|\360\037\216\246\377Y\037\352rE6-\357\332"
 144      7CF01F8E 
 144      A6FF591F 
 144      EA724536 
 144      2DEFDA
 145 0079 D7A51049 		.ascii	"\327\245\020I`X\313\312n\255cF\312R\026\344\263:\213"
 145      6058CBCA 
 145      6EAD6346 
 145      CA5216E4 
 145      B33A8B
 146 008c E55D35A6 		.ascii	"\345]5\246\004g>g\330G\030e\204i\305\001\"L\233_N~7"
 146      04673E67 
 146      D8471865 
 146      8469C501 
 146      224C9B5F 
 147 00a3 07829ED4 		.ascii	"\007\202\236\3241J\026\375RA\220\220j\311\272\364}W"
 147      314A16FD 
 147      52419090 
 147      6AC9BAF4 
 147      7D57
 148 00b5 D6EF4317 		.ascii	"\326\357C\027\217\241\000\230\022B\320a0\032\307\332"
 148      8FA10098 
 148      1242D061 
 148      301AC7DA 
 149 00c5 3A09ED9D 		.ascii	":\011\355\235s\252\242\205\306\327\306C5E\375\256\020"
 149      73AAA285 
 149      C6D7C643 
 149      3545FDAE 
 149      10
 150 00d6 7AF6966A 		.ascii	"z\366\226j\334\366\021\227\001Z\265\367\364}\332\337"
 150      DCF61197 
 150      015AB5F7 
 150      F47DDADF 
ARM GAS  e:\temp\ccB8wCo6.s 			page 11


 151 00e6 9345CF93 		.ascii	"\223E\317\223\006\241^\251\346\340\016Jy\017J\004p\244"
 151      06A15EA9 
 151      E6E00E4A 
 151      790F4A04 
 151      70A4
 152 00f8 F10E090F 		.ascii	"\361\016\011\017\307\330\001k\301\355\3140W\2407n\373"
 152      C7D8016B 
 152      C1EDCC30 
 152      57A0376E 
 152      FB
 153 0109 BC7B19A0 		.ascii	"\274{\031\240\376 LT\265\255\205Bg\375\025\275\205\206"
 153      FE204C54 
 153      B5AD8542 
 153      67FD15BD 
 153      8586
 154 011b F6B137F0 		.ascii	"\366\2617\360\177E_\332\346 2\3159>\353\2548\331\245"
 154      7F455FDA 
 154      E62032CD 
 154      393EEBAC 
 154      38D9A5
 155 012e 5567D9B6 		.ascii	"Ug\331\2662k\331\264\223JX\231\370d*1mYvb!\2718a[\261"
 155      326BD9B4 
 155      934A5899 
 155      F8642A31 
 155      6D597662 
 156 0148 A41D9F9F 		.ascii	"\244\035\237\237\213\246\331\037\031Sx8"
 156      8BA6D91F 
 156      19537838 
 157              		.text
 158              		.section	.gnu.lto_PDSS_PORT0_SAR_CLK_GetFractionalDividerRegister.6240bb8c,"",%progbits
 159 0000 789C6361 		.ascii	"x\234ca`d\000\201i@\254\007\304\322@\314\310\314\300"
 159      60640081 
 159      6940AC07 
 159      C4D240CC 
 159      C8CCC0
 160 0013 C834E11C 		.ascii	"\3104\341\034\003C#\007\023##\210\321\300\301\310P\317"
 160      03432307 
 160      13232388 
 160      D1C0C1C8 
 160      50CF
 161 0025 C458CFF8 		.ascii	"\304X\317\370\225\351/\023\343\351\357'z\2704\22774"
 161      95E92F13 
 161      E3E9EF27 
 161      7AB83497 
 161      3734
 162 0037 34353C38 		.ascii	"45<8\372\330r\372\212\003\214\255\314\014\014\377\231"
 162      FAD872FA 
 162      8A038CAD 
 162      CC0C0CFF 
 162      99
 163 0048 18188D65 		.ascii	"\030\030\215e\030\015d@F,g\324d\000*}\264\361\337T^"
 163      180D6440 
 163      462C67D4 
 163      64002A7D 
 163      B4F1DF54 
 164 005d B6960620 		.ascii	"\266\226\006 P\000)\000\312\254`d\003Y\271>\350@\303"
 164      50002900 
ARM GAS  e:\temp\ccB8wCo6.s 			page 12


 164      CAAC6064 
 164      0359B93E 
 164      E840C3
 165 0070 FFFFCD0D 		.ascii	"\377\377\315\015\007\346\363\035\334\307\007\224\371"
 165      07E6F31D 
 165      DCC70794 
 165      F9
 166 007d 00C420BB 		.ascii	"\000\304 \273>21\201h\346W\214M\007v\367\361\201\324"
 166      3E323181 
 166      68E6578C 
 166      4D0776F7 
 166      F181D4
 167 0090 030D9AD6 		.ascii	"\003\015\232\326z\350<\373\027&\240=\214\014\214+\031"
 167      7AE83CFB 
 167      1726A03D 
 167      8C0C8C2B 
 167      19
 168 00a1 41760075 		.ascii	"Av\000u0\202T\002\365\351\270\247\346\245\026%\226\244"
 168      30825402 
 168      F5E9B8A7 
 168      E6A51625 
 168      96A4
 169 00b3 A6C407E7 		.ascii	"\246\304\007\347\227\026%\247\306\004\004\347;\233\304"
 169      971625A7 
 169      C60404E7 
 169      3B9BC4
 170 00c2 04B80407 		.ascii	"\004\270\004\007\307\007\370\007\205\030\304\007;\006"
 170      C707F807 
 170      8518C407 
 170      3B06
 171 00d0 C53BFB78 		.ascii	"\305;\373x\353%3\000\000\022SF>"
 171      EB253300 
 171      00125346 
 171      3E
 172              		.text
 173              		.section	.gnu.lto_.symbol_nodes.6240bb8c,"",%progbits
 174 0000 789C6361 		.ascii	"x\234ca`d\010g\000\002&\206z\006\206\011\347\030@\324"
 174      60640867 
 174      00022686 
 174      7A068609 
 174      E71840D4 
 175 0014 AE0645A0 		.ascii	"\256\006E\240\000c=#\252\000S=\023\252\000s=3\252\000"
 175      00633D23 
 175      AA00533D 
 175      13AA0073 
 175      3D33AA00 
 176 0028 4B3D0B8A 		.ascii	"K=\013\212\000\003\000U/\023\016"
 176      00030055 
 176      2F130E
 177              		.text
 178              		.section	.gnu.lto_.refs.6240bb8c,"",%progbits
 179 0000 789C6361 		.ascii	"x\234ca`\004B \000\000\0009\000\007"
 179      60044220 
 179      00000039 
 179      0007
 180              		.text
 181              		.section	.gnu.lto_.decls.6240bb8c,"",%progbits
ARM GAS  e:\temp\ccB8wCo6.s 			page 13


 182 0000 789C8D54 		.ascii	"x\234\215T}LSW\024\277\347\275\266\312\243\210!f#\246"
 182      7D4C5357 
 182      14BFE7BD 
 182      B6CAA388 
 182      216623A6 
 183 0014 C998C90A 		.ascii	"\311\230\311\012K\014\212,\313\376\331\262\005f\227"
 183      4B0C8A2C 
 183      CBFED9B2 
 183      056697
 184 0023 6C99844E 		.ascii	"l\231\204N\3762i\020_X\023\003\246V3\223%\273\033j\312"
 184      FE326910 
 184      5F581303 
 184      A6563393 
 184      25BB1B6A 
 185 0038 DC1F25D9 		.ascii	"\334\037%\331`\020\272\371\221i\021\344CQ\251\316R\374"
 185      6010BAF9 
 185      916911E4 
 185      4351A9CE 
 185      52FC
 186 004a 00ACC0F8 		.ascii	"\000\254\300\370\020\335f&Lf\262Ec:\246sB\364\355\334"
 186      10DD6626 
 186      4C66B245 
 186      633AA673 
 186      42F4EDDC 
 187 005e FB5EFB5A 		.ascii	"\373^\373Zx,\273y\347\275{\317;\347\374~\347#\327D\200"
 187      782CBB79 
 187      E7BD7BCF 
 187      3BE7FC7E 
 187      E723D744 
 188 0073 B0556921 		.ascii	"\260Ui!d-n\267\243(\270\360H\312\210\276\314(\247Qz"
 188      642D6EB7 
 188      A328B8F0 
 188      48CA88BE 
 188      CC28A751 
 189 0088 500650A2 		.ascii	"P\006P\242(\303d\361b6i\232o\026\312*\224\016\224\\"
 189      28C364F1 
 189      6236699A 
 189      6F16CA2A 
 189      940E945C 
 190 009c 94519449 		.ascii	"\224Q\224I\224\353(\2334{\320|\026\256\036\015\263\314"
 190      94EB289B 
 190      347BD07C 
 190      16AE1E0D 
 190      B3CC
 191 00ae C037EED7 		.ascii	"\3007\356\327c\340\307\270I\013\360/\241\204\223x\030"
 191      63E0C7B8 
 191      490BF02F 
 191      A1849378 
 191      18
 192 00bf 71183088 		.ascii	"q\0300\210\305r\\\266 \316R\376Q\003\377a\355_8\311"
 192      C5725CB6 
 192      20CE52FE 
 192      5103FF61 
 192      ED5F38C9 
 193 00d3 CEA8664F 		.ascii	"\316\250fO\005P\002\355\301\264[\360\023\010\2405\204"
 193      055002ED 
 193      C1B45BF0 
ARM GAS  e:\temp\ccB8wCo6.s 			page 14


 193      1308A035 
 193      84
 194 00e4 00A86FE0 		.ascii	"\000\250o\340BT\341G\334\010\374M\022\252\304\207\260"
 194      4254E147 
 194      DC08FC4D 
 194      12AAC487 
 194      B0
 195 00f5 3751EDB9 		.ascii	"7Q\355\271N\017\306\237\370W\211/\036D\217\016\232\023"
 195      4E0FC69F 
 195      F857892F 
 195      1E448F0E 
 195      9A13
 196 0107 2418A85E 		.ascii	"$\030\250^\352\177A3#jpAwH\212\247\322M\342\004\251"
 196      EA7F4133 
 196      236A7041 
 196      77488AA7 
 196      D24DE204 
 197 011c 39413CE9 		.ascii	"9A<\351\013\2557G\322D\214\211\373\251'\301\215\371"
 197      0BAD3747 
 197      D2448C89 
 197      FBA927C1 
 197      8DF9
 198 012e 6D14979F 		.ascii	"m\024\227\237R\341u\2752\277\014\266\264\212\017\005"
 198      52E175BD 
 198      32BF0CB6 
 198      B48A0F05 
 199 013e C8958085 		.ascii	"\310\225\200\205\317DU\307\375\320\223\014U\305,\242"
 199      CF4455C7 
 199      FDD0930C 
 199      55C52CA2 
 200 014e 537767D3 		.ascii	"Swg\323D;\337\217\355\355lf\326Y\022\230\360\370\347"
 200      443BDF8F 
 200      EDED6C66 
 200      D6591298 
 200      F0F8E7
 201 0161 70D3CC0A 		.ascii	"p\323\314\012<\256\222 \347\251 \2147\336\237\262\200"
 201      3CAE9220 
 201      E7A9208C 
 201      37DE9FB2 
 201      80
 202 0172 94E7A3F4 		.ascii	"\224\347\243\3643\352\257\241Y\357\020h\007\033\234"
 202      33EAAFA1 
 202      59EF1068 
 202      071B9C
 203 0181 001B814E 		.ascii	"\000\033\201N\310c\021[ \237@+*\217\243\362(#4}>\364"
 203      C863115B 
 203      209F402B 
 203      2A8FA3F2 
 203      2823347D 
 204 0197 4688D295 		.ascii	"F\210\322\225\320\001\022\264\201\310M0\215\\I\353\335"
 204      D00112B4 
 204      81C84D30 
 204      8D5C49EB 
 204      DD
 205 01a8 74B75F30 		.ascii	"t\267_0\011\250a\006[MLwEy\034\311Ty\010x\034\217\015"
 205      09A86106 
 205      5B4D4C77 
ARM GAS  e:\temp\ccB8wCo6.s 			page 15


 205      45791CC9 
 205      54790878 
 206 01bf 05D2551E 		.ascii	"\005\322U\036+\3618\331\034\233H\317\256g\301i\015\315"
 206      2BF138D9 
 206      1C9B48CF 
 206      AE67C169 
 206      0DCD
 207 01d1 11A0EC39 		.ascii	"\021\240\35498\205\220'\021\222@7d\343\273\013Lj\370"
 207      38859027 
 207      11924037 
 207      64E3BB0B 
 207      4C6AF8
 208 01e4 AE96DB6D 		.ascii	"\256\226\333m\351k\016\322\203\235t\272\267?\267\276"
 208      E96B0ED2 
 208      839D74BA 
 208      B73FB7BE 
 209 01f4 8606D12D 		.ascii	"\206\006\321-\207\231APg\203[\3669\006\267\260\332\247"
 209      87994150 
 209      67835BF6 
 209      3906B7B0 
 209      DAA7
 210 0206 610D7ACE 		.ascii	"a\015z\316\336\350\0334\213\037\363\302\334\0137*\031"
 210      DEE81B34 
 210      8B1FF3C2 
 210      DC0B372A 
 210      19
 211 0217 4B429EE5 		.ascii	"KB\236\345\220[5\304\372\211\251;\242\212\030y\326o"
 211      905B35C4 
 211      FA89A93B 
 211      A28A1879 
 211      D66F
 212 0229 A5A3E8F3 		.ascii	"\245\243\350\363&\263\2013:\336\231d\274\036\216\327"
 212      26B38133 
 212      3ADE9964 
 212      BC1E8ED7 
 213 0239 E0FB66BF 		.ascii	"\340\373f\277$~\011\034\260c\337o-\3131e\033\366\015"
 213      247E091C 
 213      B063DF6F 
 213      2DCB3165 
 213      1BF60D
 214 024c 929A6653 		.ascii	"\222\232fS\233\326X7\363,]\274\314m\205\211\231\326"
 214      9BD65837 
 214      F32C5DBC 
 214      CC6D8589 
 214      99D6
 215 025e 3F4C9027 		.ascii	"?L\220'i\345\356R\313\035\306j~\257\003\332X\271y\347"
 215      69E5EE52 
 215      CB1DC66A 
 215      7EAF03DA 
 215      58B979E7 
 216 0272 6287A925 		.ascii	"b\207\251%\233@\241\015\326c\337.`\337lZ\337\316cF\347"
 216      9B40A10D 
 216      D663DF2E 
 216      60DF6C5A 
 216      DFCE6346 
 217 0287 302304B8 		.ascii	"0#\004\270\333\360\355=\013\357J8\321\225\357\346\346"
 217      DBF0ED3D 
ARM GAS  e:\temp\ccB8wCo6.s 			page 16


 217      0BEF4A38 
 217      D195EFE6 
 217      E6
 218 0298 636C3AEC 		.ascii	"cl:\354l\226\304$Rv\225T\360P\377)I\214\252\244\036"
 218      6C96C424 
 218      52769554 
 218      F050FF29 
 218      498CAAA4 
 219 02ad 740FFC98 		.ascii	"t\017\374\230\021\037\026\254\231\224G\022\025\203\313"
 219      111F16AC 
 219      99944712 
 219      1583CB
 220 02bc 086AD740 		.ascii	"\010j\327@\373P\031\211\017K\244\351\005*\300%\204\274"
 220      FB501989 
 220      0F4BA4E9 
 220      052AC025 
 220      84BC
 221 02ce A853B76B 		.ascii	"\250S\267k\22324\252\004\255\234\0233\350\005N\352\367"
 221      933234AA 
 221      04AD9C13 
 221      33E8054E 
 221      EAF7
 222 02e0 B939D392 		.ascii	"\2719\323\222\215\351\347\215\271\022\237\205\300\247"
 222      8DE9E78D 
 222      B9129F85 
 222      C0A7
 223 02ee 7B1F49F1 		.ascii	"{\037I\361Y\330\357\270s\222\322}\350gbv\020\322\001"
 223      59D8EFB8 
 223      7392D27D 
 223      E8676276 
 223      10D201
 224 0301 43C9CD19 		.ascii	"C\311\315\031\340\315\231\237U^\026\307\324\336<\274"
 224      E0CD999F 
 224      555E16C7 
 224      D4DE3CBC 
 225 0311 D8F6570A 		.ascii	"\330\366W\012&\243\243\203^M\231\206\0077k\037i\363"
 225      26A3A383 
 225      5E4D9986 
 225      07376B1F 
 225      69F3
 226 0323 17193B60 		.ascii	"\027\031;`m\244\021,\007\346\210V0\250C\016&CF9d\275"
 226      6DA4112C 
 226      07E68856 
 226      30A8430E 
 226      26434639 
 227 0339 AF219829 		.ascii	"\257!\230)>V1\003\376#\307Sf>\234\2029\224\202\331\327"
 227      3E563103 
 227      FE23C753 
 227      663E9C82 
 227      399482D9 
 228 034e DEEB6713 		.ascii	"\336\353g\023\330\211\230\201\0211\201\211VpM\307\274"
 228      D8899881 
 228      11318189 
 228      56704DC7 
 228      BC
 229 035f 968C39CC 		.ascii	"\226\2149\3140\305#'\346\217\256\300\250\354\221\232"
 229      30C52327 
ARM GAS  e:\temp\ccB8wCo6.s 			page 17


 229      E68FAEC0 
 229      A8EC919A 
 230 036f 28362FA6 		.ascii	"(6/\246(\237(\3122\030\005\211p\005\255;\\\354\253["
 230      289F28CA 
 230      32180589 
 230      7005AD3B 
 230      5CECAB5B 
 231 0383 CD153E7E 		.ascii	"\315\025>~\343\244\336\004\204\377!\360\003\236GX\263"
 231      E3A4DE04 
 231      84FF21F0 
 231      039E4758 
 231      B3
 232 0394 F1889C6A 		.ascii	"\361\210\234j\177\375\352g\263\344c\354\377\317\325"
 232      7FFDEA67 
 232      B3E463EC 
 232      FFCFD5
 233 03a3 811EE76E 		.ascii	"\201\036\347n\323f\263x\214_p\302\344\201\263_\213\372"
 233      D366B378 
 233      8C5F70C2 
 233      E481B35F 
 233      8BFA
 234 03b5 8C1FDA5C 		.ascii	"\214\037\332\\W\3132\272\216U\030\3273\032\003m\312"
 234      57CB32BA 
 234      8E5518D7 
 234      331A036D 
 234      CA
 235 03c6 17834C18 		.ascii	"\027\203L\030\203\374\375\317\325/\254\326\317\0237"
 235      83FCFDCF 
 235      D52FACD6 
 235      CF1337
 236 03d5 1A8FA8A7 		.ascii	"\032\217\250\2472\011V~\361\262\357\352\222b\247\323"
 236      3209567E 
 236      F1B2EFEA 
 236      9262A7D3 
 237 03e5 55B2A9F4 		.ascii	"U\262\251\364\203\365.\347[\245\256\242\367\336u9\275"
 237      83F52EE7 
 237      5BA5AEA2 
 237      F7DE7539 
 237      BD
 238 03f6 E51EEFDB 		.ascii	"\345\036\357\333\037-w\274\2779\247\250\240\200Xv\271"
 238      1F2D77BC 
 238      BF39A7A8 
 238      A0805876 
 238      B9
 239 0407 ABBC851B 		.ascii	"\253\274\205\033^t\310U\262\247\334+os9\253wy*\344-"
 239      5E74C855 
 239      B2A7DC2B 
 239      6F7339AB 
 239      77792AE4 
 240 041c 25CEEAA2 		.ascii	"%\316\352\242W\326U\354\361\356\331!\357\314\377\220"
 240      57D655EC 
 240      F1EED921 
 240      EFCCFF90 
 241 042c AC35B6D8 		.ascii	"\2545\266\330\262\030#\277\202<o\210\\\275c\235\221"
 241      B21823BF 
 241      823C6F88 
 241      5CBD639D 
ARM GAS  e:\temp\ccB8wCo6.s 			page 18


 241      91
 242 043d 5EF66EF4 		.ascii	"^\366n\364\224Wx\335\325U\345\333\213\335\273\335\333"
 242      945778DD 
 242      D555E5DB 
 242      8BDDBBDD 
 242      DB
 243 044e 644FA95C 		.ascii	"dO\251\\\351\336\351\225=f\306\3565\316\261\340\325"
 243      E9DEE995 
 243      3D66C6EE 
 243      35CEB1E0 
 243      D5
 244 045f 970C9C1D 		.ascii	"\227\014\234\035\262w\201\213\021\204\343\277 <re\341"
 244      B277818B 
 244      1184E3BF 
 244      203C7265 
 244      E1
 245 0470 867F0102 		.ascii	"\206\177\001\002WJ\207"
 245      574A87
 246              		.text
 247              		.section	.gnu.lto_.symtab.6240bb8c,"",%progbits
 248 0000 50445353 		.ascii	"PDSS_PORT0_SAR_CLK_StartEx\000"
 248      5F504F52 
 248      54305F53 
 248      41525F43 
 248      4C4B5F53 
 249 001b 00       		.ascii	"\000"
 250 001c 00       		.ascii	"\000"
 251 001d 00       		.ascii	"\000"
 252 001e 00000000 		.ascii	"\000\000\000\000\000\000\000\000"
 252      00000000 
 253 0026 B5000000 		.ascii	"\265\000\000\000"
 254 002a 50445353 		.ascii	"PDSS_PORT0_SAR_CLK_Stop\000"
 254      5F504F52 
 254      54305F53 
 254      41525F43 
 254      4C4B5F53 
 255 0042 00       		.ascii	"\000"
 256 0043 00       		.ascii	"\000"
 257 0044 00       		.ascii	"\000"
 258 0045 00000000 		.ascii	"\000\000\000\000\000\000\000\000"
 258      00000000 
 259 004d B8000000 		.ascii	"\270\000\000\000"
 260 0051 50445353 		.ascii	"PDSS_PORT0_SAR_CLK_SetFractionalDividerRegister\000"
 260      5F504F52 
 260      54305F53 
 260      41525F43 
 260      4C4B5F53 
 261 0081 00       		.ascii	"\000"
 262 0082 00       		.ascii	"\000"
 263 0083 00       		.ascii	"\000"
 264 0084 00000000 		.ascii	"\000\000\000\000\000\000\000\000"
 264      00000000 
 265 008c C7000000 		.ascii	"\307\000\000\000"
 266 0090 50445353 		.ascii	"PDSS_PORT0_SAR_CLK_GetDividerRegister\000"
 266      5F504F52 
 266      54305F53 
 266      41525F43 
ARM GAS  e:\temp\ccB8wCo6.s 			page 19


 266      4C4B5F47 
 267 00b6 00       		.ascii	"\000"
 268 00b7 00       		.ascii	"\000"
 269 00b8 00       		.ascii	"\000"
 270 00b9 00000000 		.ascii	"\000\000\000\000\000\000\000\000"
 270      00000000 
 271 00c1 CA000000 		.ascii	"\312\000\000\000"
 272 00c5 50445353 		.ascii	"PDSS_PORT0_SAR_CLK_GetFractionalDividerRegister\000"
 272      5F504F52 
 272      54305F53 
 272      41525F43 
 272      4C4B5F47 
 273 00f5 00       		.ascii	"\000"
 274 00f6 00       		.ascii	"\000"
 275 00f7 00       		.ascii	"\000"
 276 00f8 00000000 		.ascii	"\000\000\000\000\000\000\000\000"
 276      00000000 
 277 0100 CD000000 		.ascii	"\315\000\000\000"
 278              		.text
 279              		.section	.gnu.lto_.opts,"",%progbits
 280 0000 272D666D 		.ascii	"'-fmath-errno' '-fsigned-zeros' '-ftrapping-math' '"
 280      6174682D 
 280      6572726E 
 280      6F272027 
 280      2D667369 
 281 0033 2D666E6F 		.ascii	"-fno-trapv' '-fno-openmp' '-fno-openacc' '-mcpu=cor"
 281      2D747261 
 281      70762720 
 281      272D666E 
 281      6F2D6F70 
 282 0066 7465782D 		.ascii	"tex-m0' '-mthumb' '-g' '-Os' '-Werror' '-ffunction-"
 282      6D302720 
 282      272D6D74 
 282      68756D62 
 282      2720272D 
 283 0099 73656374 		.ascii	"sections' '-ffat-lto-objects' '-finline-functions' "
 283      696F6E73 
 283      2720272D 
 283      66666174 
 283      2D6C746F 
 284 00cc 272D666C 		.ascii	"'-flto' '-fno-strict-aliasing'\000"
 284      746F2720 
 284      272D666E 
 284      6F2D7374 
 284      72696374 
 285              		.text
 286              		.cfi_sections	.debug_frame
 287              		.section	.text.PDSS_PORT0_SAR_CLK_StartEx,"ax",%progbits
 288              		.align	1
 289              		.global	PDSS_PORT0_SAR_CLK_StartEx
 290              		.code	16
 291              		.thumb_func
 292              		.type	PDSS_PORT0_SAR_CLK_StartEx, %function
 293              	PDSS_PORT0_SAR_CLK_StartEx:
 294              	.LFB0:
 295              		.file 1 "Generated_Source\\PSoC4\\PDSS_PORT0_SAR_CLK.c"
   1:Generated_Source\PSoC4/PDSS_PORT0_SAR_CLK.c **** /*******************************************************************************
ARM GAS  e:\temp\ccB8wCo6.s 			page 20


   2:Generated_Source\PSoC4/PDSS_PORT0_SAR_CLK.c **** * File Name: PDSS_PORT0_SAR_CLK.c
   3:Generated_Source\PSoC4/PDSS_PORT0_SAR_CLK.c **** * Version 2.20
   4:Generated_Source\PSoC4/PDSS_PORT0_SAR_CLK.c **** *
   5:Generated_Source\PSoC4/PDSS_PORT0_SAR_CLK.c **** *  Description:
   6:Generated_Source\PSoC4/PDSS_PORT0_SAR_CLK.c **** *   Provides system API for the clocking, interrupts and watchdog timer.
   7:Generated_Source\PSoC4/PDSS_PORT0_SAR_CLK.c **** *
   8:Generated_Source\PSoC4/PDSS_PORT0_SAR_CLK.c **** *  Note:
   9:Generated_Source\PSoC4/PDSS_PORT0_SAR_CLK.c **** *   Documentation of the API's in this file is located in the
  10:Generated_Source\PSoC4/PDSS_PORT0_SAR_CLK.c **** *   System Reference Guide provided with PSoC Creator.
  11:Generated_Source\PSoC4/PDSS_PORT0_SAR_CLK.c **** *
  12:Generated_Source\PSoC4/PDSS_PORT0_SAR_CLK.c **** ********************************************************************************
  13:Generated_Source\PSoC4/PDSS_PORT0_SAR_CLK.c **** * Copyright 2008-2012, Cypress Semiconductor Corporation.  All rights reserved.
  14:Generated_Source\PSoC4/PDSS_PORT0_SAR_CLK.c **** * You may use this file only in accordance with the license, terms, conditions,
  15:Generated_Source\PSoC4/PDSS_PORT0_SAR_CLK.c **** * disclaimers, and limitations in the end user license agreement accompanying
  16:Generated_Source\PSoC4/PDSS_PORT0_SAR_CLK.c **** * the software package with which this file was provided.
  17:Generated_Source\PSoC4/PDSS_PORT0_SAR_CLK.c **** *******************************************************************************/
  18:Generated_Source\PSoC4/PDSS_PORT0_SAR_CLK.c **** 
  19:Generated_Source\PSoC4/PDSS_PORT0_SAR_CLK.c **** #include <cydevice_trm.h>
  20:Generated_Source\PSoC4/PDSS_PORT0_SAR_CLK.c **** #include "PDSS_PORT0_SAR_CLK.h"
  21:Generated_Source\PSoC4/PDSS_PORT0_SAR_CLK.c **** 
  22:Generated_Source\PSoC4/PDSS_PORT0_SAR_CLK.c **** #if defined CYREG_PERI_DIV_CMD
  23:Generated_Source\PSoC4/PDSS_PORT0_SAR_CLK.c **** 
  24:Generated_Source\PSoC4/PDSS_PORT0_SAR_CLK.c **** /*******************************************************************************
  25:Generated_Source\PSoC4/PDSS_PORT0_SAR_CLK.c **** * Function Name: PDSS_PORT0_SAR_CLK_StartEx
  26:Generated_Source\PSoC4/PDSS_PORT0_SAR_CLK.c **** ********************************************************************************
  27:Generated_Source\PSoC4/PDSS_PORT0_SAR_CLK.c **** *
  28:Generated_Source\PSoC4/PDSS_PORT0_SAR_CLK.c **** * Summary:
  29:Generated_Source\PSoC4/PDSS_PORT0_SAR_CLK.c **** *  Starts the clock, aligned to the specified running clock.
  30:Generated_Source\PSoC4/PDSS_PORT0_SAR_CLK.c **** *
  31:Generated_Source\PSoC4/PDSS_PORT0_SAR_CLK.c **** * Parameters:
  32:Generated_Source\PSoC4/PDSS_PORT0_SAR_CLK.c **** *  alignClkDiv:  The divider to which phase alignment is performed when the
  33:Generated_Source\PSoC4/PDSS_PORT0_SAR_CLK.c **** *    clock is started.
  34:Generated_Source\PSoC4/PDSS_PORT0_SAR_CLK.c **** *
  35:Generated_Source\PSoC4/PDSS_PORT0_SAR_CLK.c **** * Returns:
  36:Generated_Source\PSoC4/PDSS_PORT0_SAR_CLK.c **** *  None
  37:Generated_Source\PSoC4/PDSS_PORT0_SAR_CLK.c **** *
  38:Generated_Source\PSoC4/PDSS_PORT0_SAR_CLK.c **** *******************************************************************************/
  39:Generated_Source\PSoC4/PDSS_PORT0_SAR_CLK.c **** void PDSS_PORT0_SAR_CLK_StartEx(uint32 alignClkDiv)
  40:Generated_Source\PSoC4/PDSS_PORT0_SAR_CLK.c **** {
 296              		.loc 1 40 0
 297              		.cfi_startproc
 298              		@ args = 0, pretend = 0, frame = 0
 299              		@ frame_needed = 0, uses_anonymous_args = 0
 300              		@ link register save eliminated.
 301              	.LVL0:
  41:Generated_Source\PSoC4/PDSS_PORT0_SAR_CLK.c ****     /* Make sure any previous start command has finished. */
  42:Generated_Source\PSoC4/PDSS_PORT0_SAR_CLK.c ****     while((PDSS_PORT0_SAR_CLK_CMD_REG & PDSS_PORT0_SAR_CLK_CMD_ENABLE_MASK) != 0u)
 302              		.loc 1 42 0
 303 0000 044A     		ldr	r2, .L5
 304              	.L2:
 305              		.loc 1 42 0 is_stmt 0 discriminator 1
 306 0002 1368     		ldr	r3, [r2]
 307 0004 002B     		cmp	r3, #0
 308 0006 FCDB     		blt	.L2
  43:Generated_Source\PSoC4/PDSS_PORT0_SAR_CLK.c ****     {
  44:Generated_Source\PSoC4/PDSS_PORT0_SAR_CLK.c ****     }
  45:Generated_Source\PSoC4/PDSS_PORT0_SAR_CLK.c ****     
ARM GAS  e:\temp\ccB8wCo6.s 			page 21


  46:Generated_Source\PSoC4/PDSS_PORT0_SAR_CLK.c ****     /* Specify the target divider and it's alignment divider, and enable. */
  47:Generated_Source\PSoC4/PDSS_PORT0_SAR_CLK.c ****     PDSS_PORT0_SAR_CLK_CMD_REG =
  48:Generated_Source\PSoC4/PDSS_PORT0_SAR_CLK.c ****         ((uint32)PDSS_PORT0_SAR_CLK__DIV_ID << PDSS_PORT0_SAR_CLK_CMD_DIV_SHIFT)|
  49:Generated_Source\PSoC4/PDSS_PORT0_SAR_CLK.c ****         (alignClkDiv << PDSS_PORT0_SAR_CLK_CMD_PA_DIV_SHIFT) |
 309              		.loc 1 49 0 is_stmt 1
 310 0008 034B     		ldr	r3, .L5+4
 311 000a 0002     		lsls	r0, r0, #8
 312              	.LVL1:
 313 000c 1843     		orrs	r0, r3
  47:Generated_Source\PSoC4/PDSS_PORT0_SAR_CLK.c ****         ((uint32)PDSS_PORT0_SAR_CLK__DIV_ID << PDSS_PORT0_SAR_CLK_CMD_DIV_SHIFT)|
 314              		.loc 1 47 0
 315 000e 014B     		ldr	r3, .L5
  50:Generated_Source\PSoC4/PDSS_PORT0_SAR_CLK.c ****         (uint32)PDSS_PORT0_SAR_CLK_CMD_ENABLE_MASK;
  51:Generated_Source\PSoC4/PDSS_PORT0_SAR_CLK.c **** }
 316              		.loc 1 51 0
 317              		@ sp needed
  47:Generated_Source\PSoC4/PDSS_PORT0_SAR_CLK.c ****         ((uint32)PDSS_PORT0_SAR_CLK__DIV_ID << PDSS_PORT0_SAR_CLK_CMD_DIV_SHIFT)|
 318              		.loc 1 47 0
 319 0010 1860     		str	r0, [r3]
 320              		.loc 1 51 0
 321 0012 7047     		bx	lr
 322              	.L6:
 323              		.align	2
 324              	.L5:
 325 0014 00000140 		.word	1073807360
 326 0018 04000080 		.word	-2147483644
 327              		.cfi_endproc
 328              	.LFE0:
 329              		.size	PDSS_PORT0_SAR_CLK_StartEx, .-PDSS_PORT0_SAR_CLK_StartEx
 330              		.section	.text.PDSS_PORT0_SAR_CLK_Stop,"ax",%progbits
 331              		.align	1
 332              		.global	PDSS_PORT0_SAR_CLK_Stop
 333              		.code	16
 334              		.thumb_func
 335              		.type	PDSS_PORT0_SAR_CLK_Stop, %function
 336              	PDSS_PORT0_SAR_CLK_Stop:
 337              	.LFB1:
  52:Generated_Source\PSoC4/PDSS_PORT0_SAR_CLK.c **** 
  53:Generated_Source\PSoC4/PDSS_PORT0_SAR_CLK.c **** #else
  54:Generated_Source\PSoC4/PDSS_PORT0_SAR_CLK.c **** 
  55:Generated_Source\PSoC4/PDSS_PORT0_SAR_CLK.c **** /*******************************************************************************
  56:Generated_Source\PSoC4/PDSS_PORT0_SAR_CLK.c **** * Function Name: PDSS_PORT0_SAR_CLK_Start
  57:Generated_Source\PSoC4/PDSS_PORT0_SAR_CLK.c **** ********************************************************************************
  58:Generated_Source\PSoC4/PDSS_PORT0_SAR_CLK.c **** *
  59:Generated_Source\PSoC4/PDSS_PORT0_SAR_CLK.c **** * Summary:
  60:Generated_Source\PSoC4/PDSS_PORT0_SAR_CLK.c **** *  Starts the clock.
  61:Generated_Source\PSoC4/PDSS_PORT0_SAR_CLK.c **** *
  62:Generated_Source\PSoC4/PDSS_PORT0_SAR_CLK.c **** * Parameters:
  63:Generated_Source\PSoC4/PDSS_PORT0_SAR_CLK.c **** *  None
  64:Generated_Source\PSoC4/PDSS_PORT0_SAR_CLK.c **** *
  65:Generated_Source\PSoC4/PDSS_PORT0_SAR_CLK.c **** * Returns:
  66:Generated_Source\PSoC4/PDSS_PORT0_SAR_CLK.c **** *  None
  67:Generated_Source\PSoC4/PDSS_PORT0_SAR_CLK.c **** *
  68:Generated_Source\PSoC4/PDSS_PORT0_SAR_CLK.c **** *******************************************************************************/
  69:Generated_Source\PSoC4/PDSS_PORT0_SAR_CLK.c **** 
  70:Generated_Source\PSoC4/PDSS_PORT0_SAR_CLK.c **** void PDSS_PORT0_SAR_CLK_Start(void)
  71:Generated_Source\PSoC4/PDSS_PORT0_SAR_CLK.c **** {
ARM GAS  e:\temp\ccB8wCo6.s 			page 22


  72:Generated_Source\PSoC4/PDSS_PORT0_SAR_CLK.c ****     /* Set the bit to enable the clock. */
  73:Generated_Source\PSoC4/PDSS_PORT0_SAR_CLK.c ****     PDSS_PORT0_SAR_CLK_ENABLE_REG |= PDSS_PORT0_SAR_CLK__ENABLE_MASK;
  74:Generated_Source\PSoC4/PDSS_PORT0_SAR_CLK.c **** }
  75:Generated_Source\PSoC4/PDSS_PORT0_SAR_CLK.c **** 
  76:Generated_Source\PSoC4/PDSS_PORT0_SAR_CLK.c **** #endif /* CYREG_PERI_DIV_CMD */
  77:Generated_Source\PSoC4/PDSS_PORT0_SAR_CLK.c **** 
  78:Generated_Source\PSoC4/PDSS_PORT0_SAR_CLK.c **** 
  79:Generated_Source\PSoC4/PDSS_PORT0_SAR_CLK.c **** /*******************************************************************************
  80:Generated_Source\PSoC4/PDSS_PORT0_SAR_CLK.c **** * Function Name: PDSS_PORT0_SAR_CLK_Stop
  81:Generated_Source\PSoC4/PDSS_PORT0_SAR_CLK.c **** ********************************************************************************
  82:Generated_Source\PSoC4/PDSS_PORT0_SAR_CLK.c **** *
  83:Generated_Source\PSoC4/PDSS_PORT0_SAR_CLK.c **** * Summary:
  84:Generated_Source\PSoC4/PDSS_PORT0_SAR_CLK.c **** *  Stops the clock and returns immediately. This API does not require the
  85:Generated_Source\PSoC4/PDSS_PORT0_SAR_CLK.c **** *  source clock to be running but may return before the hardware is actually
  86:Generated_Source\PSoC4/PDSS_PORT0_SAR_CLK.c **** *  disabled.
  87:Generated_Source\PSoC4/PDSS_PORT0_SAR_CLK.c **** *
  88:Generated_Source\PSoC4/PDSS_PORT0_SAR_CLK.c **** * Parameters:
  89:Generated_Source\PSoC4/PDSS_PORT0_SAR_CLK.c **** *  None
  90:Generated_Source\PSoC4/PDSS_PORT0_SAR_CLK.c **** *
  91:Generated_Source\PSoC4/PDSS_PORT0_SAR_CLK.c **** * Returns:
  92:Generated_Source\PSoC4/PDSS_PORT0_SAR_CLK.c **** *  None
  93:Generated_Source\PSoC4/PDSS_PORT0_SAR_CLK.c **** *
  94:Generated_Source\PSoC4/PDSS_PORT0_SAR_CLK.c **** *******************************************************************************/
  95:Generated_Source\PSoC4/PDSS_PORT0_SAR_CLK.c **** void PDSS_PORT0_SAR_CLK_Stop(void)
  96:Generated_Source\PSoC4/PDSS_PORT0_SAR_CLK.c **** {
 338              		.loc 1 96 0
 339              		.cfi_startproc
 340              		@ args = 0, pretend = 0, frame = 0
 341              		@ frame_needed = 0, uses_anonymous_args = 0
 342              		@ link register save eliminated.
  97:Generated_Source\PSoC4/PDSS_PORT0_SAR_CLK.c **** #if defined CYREG_PERI_DIV_CMD
  98:Generated_Source\PSoC4/PDSS_PORT0_SAR_CLK.c **** 
  99:Generated_Source\PSoC4/PDSS_PORT0_SAR_CLK.c ****     /* Make sure any previous start command has finished. */
 100:Generated_Source\PSoC4/PDSS_PORT0_SAR_CLK.c ****     while((PDSS_PORT0_SAR_CLK_CMD_REG & PDSS_PORT0_SAR_CLK_CMD_ENABLE_MASK) != 0u)
 343              		.loc 1 100 0
 344 0000 034A     		ldr	r2, .L10
 345              	.L8:
 346              		.loc 1 100 0 is_stmt 0 discriminator 1
 347 0002 1368     		ldr	r3, [r2]
 348 0004 002B     		cmp	r3, #0
 349 0006 FCDB     		blt	.L8
 101:Generated_Source\PSoC4/PDSS_PORT0_SAR_CLK.c ****     {
 102:Generated_Source\PSoC4/PDSS_PORT0_SAR_CLK.c ****     }
 103:Generated_Source\PSoC4/PDSS_PORT0_SAR_CLK.c ****     
 104:Generated_Source\PSoC4/PDSS_PORT0_SAR_CLK.c ****     /* Specify the target divider and it's alignment divider, and disable. */
 105:Generated_Source\PSoC4/PDSS_PORT0_SAR_CLK.c ****     PDSS_PORT0_SAR_CLK_CMD_REG =
 350              		.loc 1 105 0 is_stmt 1
 351 0008 024A     		ldr	r2, .L10+4
 352 000a 014B     		ldr	r3, .L10
 106:Generated_Source\PSoC4/PDSS_PORT0_SAR_CLK.c ****         ((uint32)PDSS_PORT0_SAR_CLK__DIV_ID << PDSS_PORT0_SAR_CLK_CMD_DIV_SHIFT)|
 107:Generated_Source\PSoC4/PDSS_PORT0_SAR_CLK.c ****         ((uint32)PDSS_PORT0_SAR_CLK_CMD_DISABLE_MASK);
 108:Generated_Source\PSoC4/PDSS_PORT0_SAR_CLK.c **** 
 109:Generated_Source\PSoC4/PDSS_PORT0_SAR_CLK.c **** #else
 110:Generated_Source\PSoC4/PDSS_PORT0_SAR_CLK.c **** 
 111:Generated_Source\PSoC4/PDSS_PORT0_SAR_CLK.c ****     /* Clear the bit to disable the clock. */
 112:Generated_Source\PSoC4/PDSS_PORT0_SAR_CLK.c ****     PDSS_PORT0_SAR_CLK_ENABLE_REG &= (uint32)(~PDSS_PORT0_SAR_CLK__ENABLE_MASK);
 113:Generated_Source\PSoC4/PDSS_PORT0_SAR_CLK.c ****     
ARM GAS  e:\temp\ccB8wCo6.s 			page 23


 114:Generated_Source\PSoC4/PDSS_PORT0_SAR_CLK.c **** #endif /* CYREG_PERI_DIV_CMD */
 115:Generated_Source\PSoC4/PDSS_PORT0_SAR_CLK.c **** }
 353              		.loc 1 115 0
 354              		@ sp needed
 105:Generated_Source\PSoC4/PDSS_PORT0_SAR_CLK.c ****         ((uint32)PDSS_PORT0_SAR_CLK__DIV_ID << PDSS_PORT0_SAR_CLK_CMD_DIV_SHIFT)|
 355              		.loc 1 105 0
 356 000c 1A60     		str	r2, [r3]
 357              		.loc 1 115 0
 358 000e 7047     		bx	lr
 359              	.L11:
 360              		.align	2
 361              	.L10:
 362 0010 00000140 		.word	1073807360
 363 0014 04000040 		.word	1073741828
 364              		.cfi_endproc
 365              	.LFE1:
 366              		.size	PDSS_PORT0_SAR_CLK_Stop, .-PDSS_PORT0_SAR_CLK_Stop
 367              		.section	.text.PDSS_PORT0_SAR_CLK_SetFractionalDividerRegister,"ax",%progbits
 368              		.align	1
 369              		.global	PDSS_PORT0_SAR_CLK_SetFractionalDividerRegister
 370              		.code	16
 371              		.thumb_func
 372              		.type	PDSS_PORT0_SAR_CLK_SetFractionalDividerRegister, %function
 373              	PDSS_PORT0_SAR_CLK_SetFractionalDividerRegister:
 374              	.LFB2:
 116:Generated_Source\PSoC4/PDSS_PORT0_SAR_CLK.c **** 
 117:Generated_Source\PSoC4/PDSS_PORT0_SAR_CLK.c **** 
 118:Generated_Source\PSoC4/PDSS_PORT0_SAR_CLK.c **** /*******************************************************************************
 119:Generated_Source\PSoC4/PDSS_PORT0_SAR_CLK.c **** * Function Name: PDSS_PORT0_SAR_CLK_SetFractionalDividerRegister
 120:Generated_Source\PSoC4/PDSS_PORT0_SAR_CLK.c **** ********************************************************************************
 121:Generated_Source\PSoC4/PDSS_PORT0_SAR_CLK.c **** *
 122:Generated_Source\PSoC4/PDSS_PORT0_SAR_CLK.c **** * Summary:
 123:Generated_Source\PSoC4/PDSS_PORT0_SAR_CLK.c **** *  Modifies the clock divider and the fractional divider.
 124:Generated_Source\PSoC4/PDSS_PORT0_SAR_CLK.c **** *
 125:Generated_Source\PSoC4/PDSS_PORT0_SAR_CLK.c **** * Parameters:
 126:Generated_Source\PSoC4/PDSS_PORT0_SAR_CLK.c **** *  clkDivider:  Divider register value (0-65535). This value is NOT the
 127:Generated_Source\PSoC4/PDSS_PORT0_SAR_CLK.c **** *    divider; the clock hardware divides by clkDivider plus one. For example,
 128:Generated_Source\PSoC4/PDSS_PORT0_SAR_CLK.c **** *    to divide the clock by 2, this parameter should be set to 1.
 129:Generated_Source\PSoC4/PDSS_PORT0_SAR_CLK.c **** *  fracDivider:  Fractional Divider register value (0-31).
 130:Generated_Source\PSoC4/PDSS_PORT0_SAR_CLK.c **** * Returns:
 131:Generated_Source\PSoC4/PDSS_PORT0_SAR_CLK.c **** *  None
 132:Generated_Source\PSoC4/PDSS_PORT0_SAR_CLK.c **** *
 133:Generated_Source\PSoC4/PDSS_PORT0_SAR_CLK.c **** *******************************************************************************/
 134:Generated_Source\PSoC4/PDSS_PORT0_SAR_CLK.c **** void PDSS_PORT0_SAR_CLK_SetFractionalDividerRegister(uint16 clkDivider, uint8 clkFractional)
 135:Generated_Source\PSoC4/PDSS_PORT0_SAR_CLK.c **** {
 375              		.loc 1 135 0
 376              		.cfi_startproc
 377              		@ args = 0, pretend = 0, frame = 0
 378              		@ frame_needed = 0, uses_anonymous_args = 0
 379              	.LVL2:
 136:Generated_Source\PSoC4/PDSS_PORT0_SAR_CLK.c ****     uint32 maskVal;
 137:Generated_Source\PSoC4/PDSS_PORT0_SAR_CLK.c ****     uint32 regVal;
 138:Generated_Source\PSoC4/PDSS_PORT0_SAR_CLK.c ****     
 139:Generated_Source\PSoC4/PDSS_PORT0_SAR_CLK.c **** #if defined (PDSS_PORT0_SAR_CLK__FRAC_MASK) || defined (CYREG_PERI_DIV_CMD)
 140:Generated_Source\PSoC4/PDSS_PORT0_SAR_CLK.c ****     
 141:Generated_Source\PSoC4/PDSS_PORT0_SAR_CLK.c **** 	/* get all but divider bits */
 142:Generated_Source\PSoC4/PDSS_PORT0_SAR_CLK.c ****     maskVal = PDSS_PORT0_SAR_CLK_DIV_REG & 
ARM GAS  e:\temp\ccB8wCo6.s 			page 24


 143:Generated_Source\PSoC4/PDSS_PORT0_SAR_CLK.c ****                     (uint32)(~(uint32)(PDSS_PORT0_SAR_CLK_DIV_INT_MASK | PDSS_PORT0_SAR_CLK_DIV_FRA
 144:Generated_Source\PSoC4/PDSS_PORT0_SAR_CLK.c **** 	/* combine mask and new divider vals into 32-bit value */
 145:Generated_Source\PSoC4/PDSS_PORT0_SAR_CLK.c ****     regVal = maskVal |
 380              		.loc 1 145 0
 381 0000 FF22     		movs	r2, #255
 382 0002 C900     		lsls	r1, r1, #3
 383              	.LVL3:
 384 0004 1140     		ands	r1, r2
 385 0006 0202     		lsls	r2, r0, #8
 386 0008 1143     		orrs	r1, r2
 387 000a 0723     		movs	r3, #7
 388 000c 0800     		movs	r0, r1
 389              	.LVL4:
 135:Generated_Source\PSoC4/PDSS_PORT0_SAR_CLK.c ****     uint32 maskVal;
 390              		.loc 1 135 0
 391 000e 30B5     		push	{r4, r5, lr}
 392              		.cfi_def_cfa_offset 12
 393              		.cfi_offset 4, -12
 394              		.cfi_offset 5, -8
 395              		.cfi_offset 14, -4
 142:Generated_Source\PSoC4/PDSS_PORT0_SAR_CLK.c ****                     (uint32)(~(uint32)(PDSS_PORT0_SAR_CLK_DIV_INT_MASK | PDSS_PORT0_SAR_CLK_DIV_FRA
 396              		.loc 1 142 0
 397 0010 024C     		ldr	r4, .L13
 146:Generated_Source\PSoC4/PDSS_PORT0_SAR_CLK.c ****         ((uint32)((uint32)clkDivider <<  PDSS_PORT0_SAR_CLK_DIV_INT_SHIFT) & PDSS_PORT0_SAR_CLK_DIV
 147:Generated_Source\PSoC4/PDSS_PORT0_SAR_CLK.c ****         ((uint32)((uint32)clkFractional << PDSS_PORT0_SAR_CLK_DIV_FRAC_SHIFT) & PDSS_PORT0_SAR_CLK_
 148:Generated_Source\PSoC4/PDSS_PORT0_SAR_CLK.c ****     
 149:Generated_Source\PSoC4/PDSS_PORT0_SAR_CLK.c **** #else
 150:Generated_Source\PSoC4/PDSS_PORT0_SAR_CLK.c ****     /* get all but integer divider bits */
 151:Generated_Source\PSoC4/PDSS_PORT0_SAR_CLK.c ****     maskVal = PDSS_PORT0_SAR_CLK_DIV_REG & (uint32)(~(uint32)PDSS_PORT0_SAR_CLK__DIVIDER_MASK);
 152:Generated_Source\PSoC4/PDSS_PORT0_SAR_CLK.c ****     /* combine mask and new divider val into 32-bit value */
 153:Generated_Source\PSoC4/PDSS_PORT0_SAR_CLK.c ****     regVal = clkDivider | maskVal;
 154:Generated_Source\PSoC4/PDSS_PORT0_SAR_CLK.c ****     
 155:Generated_Source\PSoC4/PDSS_PORT0_SAR_CLK.c **** #endif /* PDSS_PORT0_SAR_CLK__FRAC_MASK || CYREG_PERI_DIV_CMD */
 156:Generated_Source\PSoC4/PDSS_PORT0_SAR_CLK.c **** 
 157:Generated_Source\PSoC4/PDSS_PORT0_SAR_CLK.c ****     PDSS_PORT0_SAR_CLK_DIV_REG = regVal;
 158:Generated_Source\PSoC4/PDSS_PORT0_SAR_CLK.c **** }
 398              		.loc 1 158 0
 399              		@ sp needed
 142:Generated_Source\PSoC4/PDSS_PORT0_SAR_CLK.c ****                     (uint32)(~(uint32)(PDSS_PORT0_SAR_CLK_DIV_INT_MASK | PDSS_PORT0_SAR_CLK_DIV_FRA
 400              		.loc 1 142 0
 401 0012 2568     		ldr	r5, [r4]
 402              	.LVL5:
 145:Generated_Source\PSoC4/PDSS_PORT0_SAR_CLK.c ****         ((uint32)((uint32)clkDivider <<  PDSS_PORT0_SAR_CLK_DIV_INT_SHIFT) & PDSS_PORT0_SAR_CLK_DIV
 403              		.loc 1 145 0
 404 0014 2B40     		ands	r3, r5
 405              	.LVL6:
 406 0016 1843     		orrs	r0, r3
 407              	.LVL7:
 157:Generated_Source\PSoC4/PDSS_PORT0_SAR_CLK.c **** }
 408              		.loc 1 157 0
 409 0018 2060     		str	r0, [r4]
 410              		.loc 1 158 0
 411 001a 30BD     		pop	{r4, r5, pc}
 412              	.L14:
 413              		.align	2
 414              	.L13:
 415 001c 10020140 		.word	1073807888
ARM GAS  e:\temp\ccB8wCo6.s 			page 25


 416              		.cfi_endproc
 417              	.LFE2:
 418              		.size	PDSS_PORT0_SAR_CLK_SetFractionalDividerRegister, .-PDSS_PORT0_SAR_CLK_SetFractionalDividerRe
 419              		.section	.text.PDSS_PORT0_SAR_CLK_GetDividerRegister,"ax",%progbits
 420              		.align	1
 421              		.global	PDSS_PORT0_SAR_CLK_GetDividerRegister
 422              		.code	16
 423              		.thumb_func
 424              		.type	PDSS_PORT0_SAR_CLK_GetDividerRegister, %function
 425              	PDSS_PORT0_SAR_CLK_GetDividerRegister:
 426              	.LFB3:
 159:Generated_Source\PSoC4/PDSS_PORT0_SAR_CLK.c **** 
 160:Generated_Source\PSoC4/PDSS_PORT0_SAR_CLK.c **** 
 161:Generated_Source\PSoC4/PDSS_PORT0_SAR_CLK.c **** /*******************************************************************************
 162:Generated_Source\PSoC4/PDSS_PORT0_SAR_CLK.c **** * Function Name: PDSS_PORT0_SAR_CLK_GetDividerRegister
 163:Generated_Source\PSoC4/PDSS_PORT0_SAR_CLK.c **** ********************************************************************************
 164:Generated_Source\PSoC4/PDSS_PORT0_SAR_CLK.c **** *
 165:Generated_Source\PSoC4/PDSS_PORT0_SAR_CLK.c **** * Summary:
 166:Generated_Source\PSoC4/PDSS_PORT0_SAR_CLK.c **** *  Gets the clock divider register value.
 167:Generated_Source\PSoC4/PDSS_PORT0_SAR_CLK.c **** *
 168:Generated_Source\PSoC4/PDSS_PORT0_SAR_CLK.c **** * Parameters:
 169:Generated_Source\PSoC4/PDSS_PORT0_SAR_CLK.c **** *  None
 170:Generated_Source\PSoC4/PDSS_PORT0_SAR_CLK.c **** *
 171:Generated_Source\PSoC4/PDSS_PORT0_SAR_CLK.c **** * Returns:
 172:Generated_Source\PSoC4/PDSS_PORT0_SAR_CLK.c **** *  Divide value of the clock minus 1. For example, if the clock is set to
 173:Generated_Source\PSoC4/PDSS_PORT0_SAR_CLK.c **** *  divide by 2, the return value will be 1.
 174:Generated_Source\PSoC4/PDSS_PORT0_SAR_CLK.c **** *
 175:Generated_Source\PSoC4/PDSS_PORT0_SAR_CLK.c **** *******************************************************************************/
 176:Generated_Source\PSoC4/PDSS_PORT0_SAR_CLK.c **** uint16 PDSS_PORT0_SAR_CLK_GetDividerRegister(void)
 177:Generated_Source\PSoC4/PDSS_PORT0_SAR_CLK.c **** {
 427              		.loc 1 177 0
 428              		.cfi_startproc
 429              		@ args = 0, pretend = 0, frame = 0
 430              		@ frame_needed = 0, uses_anonymous_args = 0
 431              		@ link register save eliminated.
 178:Generated_Source\PSoC4/PDSS_PORT0_SAR_CLK.c ****     return (uint16)((PDSS_PORT0_SAR_CLK_DIV_REG & PDSS_PORT0_SAR_CLK_DIV_INT_MASK)
 432              		.loc 1 178 0
 433 0000 024B     		ldr	r3, .L16
 179:Generated_Source\PSoC4/PDSS_PORT0_SAR_CLK.c ****         >> PDSS_PORT0_SAR_CLK_DIV_INT_SHIFT);
 180:Generated_Source\PSoC4/PDSS_PORT0_SAR_CLK.c **** }
 434              		.loc 1 180 0
 435              		@ sp needed
 178:Generated_Source\PSoC4/PDSS_PORT0_SAR_CLK.c ****     return (uint16)((PDSS_PORT0_SAR_CLK_DIV_REG & PDSS_PORT0_SAR_CLK_DIV_INT_MASK)
 436              		.loc 1 178 0
 437 0002 1868     		ldr	r0, [r3]
 438 0004 000A     		lsrs	r0, r0, #8
 439 0006 80B2     		uxth	r0, r0
 440              		.loc 1 180 0
 441 0008 7047     		bx	lr
 442              	.L17:
 443 000a C046     		.align	2
 444              	.L16:
 445 000c 10020140 		.word	1073807888
 446              		.cfi_endproc
 447              	.LFE3:
 448              		.size	PDSS_PORT0_SAR_CLK_GetDividerRegister, .-PDSS_PORT0_SAR_CLK_GetDividerRegister
 449              		.section	.text.PDSS_PORT0_SAR_CLK_GetFractionalDividerRegister,"ax",%progbits
ARM GAS  e:\temp\ccB8wCo6.s 			page 26


 450              		.align	1
 451              		.global	PDSS_PORT0_SAR_CLK_GetFractionalDividerRegister
 452              		.code	16
 453              		.thumb_func
 454              		.type	PDSS_PORT0_SAR_CLK_GetFractionalDividerRegister, %function
 455              	PDSS_PORT0_SAR_CLK_GetFractionalDividerRegister:
 456              	.LFB4:
 181:Generated_Source\PSoC4/PDSS_PORT0_SAR_CLK.c **** 
 182:Generated_Source\PSoC4/PDSS_PORT0_SAR_CLK.c **** 
 183:Generated_Source\PSoC4/PDSS_PORT0_SAR_CLK.c **** /*******************************************************************************
 184:Generated_Source\PSoC4/PDSS_PORT0_SAR_CLK.c **** * Function Name: PDSS_PORT0_SAR_CLK_GetFractionalDividerRegister
 185:Generated_Source\PSoC4/PDSS_PORT0_SAR_CLK.c **** ********************************************************************************
 186:Generated_Source\PSoC4/PDSS_PORT0_SAR_CLK.c **** *
 187:Generated_Source\PSoC4/PDSS_PORT0_SAR_CLK.c **** * Summary:
 188:Generated_Source\PSoC4/PDSS_PORT0_SAR_CLK.c **** *  Gets the clock fractional divider register value.
 189:Generated_Source\PSoC4/PDSS_PORT0_SAR_CLK.c **** *
 190:Generated_Source\PSoC4/PDSS_PORT0_SAR_CLK.c **** * Parameters:
 191:Generated_Source\PSoC4/PDSS_PORT0_SAR_CLK.c **** *  None
 192:Generated_Source\PSoC4/PDSS_PORT0_SAR_CLK.c **** *
 193:Generated_Source\PSoC4/PDSS_PORT0_SAR_CLK.c **** * Returns:
 194:Generated_Source\PSoC4/PDSS_PORT0_SAR_CLK.c **** *  Fractional Divide value of the clock
 195:Generated_Source\PSoC4/PDSS_PORT0_SAR_CLK.c **** *  0 if the fractional divider is not in use.
 196:Generated_Source\PSoC4/PDSS_PORT0_SAR_CLK.c **** *
 197:Generated_Source\PSoC4/PDSS_PORT0_SAR_CLK.c **** *******************************************************************************/
 198:Generated_Source\PSoC4/PDSS_PORT0_SAR_CLK.c **** uint8 PDSS_PORT0_SAR_CLK_GetFractionalDividerRegister(void)
 199:Generated_Source\PSoC4/PDSS_PORT0_SAR_CLK.c **** {
 457              		.loc 1 199 0
 458              		.cfi_startproc
 459              		@ args = 0, pretend = 0, frame = 0
 460              		@ frame_needed = 0, uses_anonymous_args = 0
 461              		@ link register save eliminated.
 200:Generated_Source\PSoC4/PDSS_PORT0_SAR_CLK.c **** #if defined (PDSS_PORT0_SAR_CLK__FRAC_MASK)
 201:Generated_Source\PSoC4/PDSS_PORT0_SAR_CLK.c ****     /* return fractional divider bits */
 202:Generated_Source\PSoC4/PDSS_PORT0_SAR_CLK.c ****     return (uint8)((PDSS_PORT0_SAR_CLK_DIV_REG & PDSS_PORT0_SAR_CLK_DIV_FRAC_MASK)
 203:Generated_Source\PSoC4/PDSS_PORT0_SAR_CLK.c ****         >> PDSS_PORT0_SAR_CLK_DIV_FRAC_SHIFT);
 204:Generated_Source\PSoC4/PDSS_PORT0_SAR_CLK.c **** #else
 205:Generated_Source\PSoC4/PDSS_PORT0_SAR_CLK.c ****     return 0u;
 206:Generated_Source\PSoC4/PDSS_PORT0_SAR_CLK.c **** #endif /* PDSS_PORT0_SAR_CLK__FRAC_MASK */
 207:Generated_Source\PSoC4/PDSS_PORT0_SAR_CLK.c **** }
 462              		.loc 1 207 0
 463 0000 0020     		movs	r0, #0
 464              		@ sp needed
 465 0002 7047     		bx	lr
 466              		.cfi_endproc
 467              	.LFE4:
 468              		.size	PDSS_PORT0_SAR_CLK_GetFractionalDividerRegister, .-PDSS_PORT0_SAR_CLK_GetFractionalDividerRe
 469              		.text
 470              	.Letext0:
 471              		.file 2 "Generated_Source\\PSoC4/cytypes.h"
 472              		.section	.debug_info,"",%progbits
 473              	.Ldebug_info0:
 474 0000 62010000 		.4byte	0x162
 475 0004 0400     		.2byte	0x4
 476 0006 00000000 		.4byte	.Ldebug_abbrev0
 477 000a 04       		.byte	0x4
 478 000b 01       		.uleb128 0x1
 479 000c F4010000 		.4byte	.LASF25
ARM GAS  e:\temp\ccB8wCo6.s 			page 27


 480 0010 0C       		.byte	0xc
 481 0011 7C010000 		.4byte	.LASF26
 482 0015 3E000000 		.4byte	.LASF27
 483 0019 00000000 		.4byte	.Ldebug_ranges0+0
 484 001d 00000000 		.4byte	0
 485 0021 00000000 		.4byte	.Ldebug_line0
 486 0025 02       		.uleb128 0x2
 487 0026 01       		.byte	0x1
 488 0027 06       		.byte	0x6
 489 0028 F4020000 		.4byte	.LASF0
 490 002c 02       		.uleb128 0x2
 491 002d 01       		.byte	0x1
 492 002e 08       		.byte	0x8
 493 002f BF000000 		.4byte	.LASF1
 494 0033 02       		.uleb128 0x2
 495 0034 02       		.byte	0x2
 496 0035 05       		.byte	0x5
 497 0036 C3020000 		.4byte	.LASF2
 498 003a 02       		.uleb128 0x2
 499 003b 02       		.byte	0x2
 500 003c 07       		.byte	0x7
 501 003d 20010000 		.4byte	.LASF3
 502 0041 02       		.uleb128 0x2
 503 0042 04       		.byte	0x4
 504 0043 05       		.byte	0x5
 505 0044 D3020000 		.4byte	.LASF4
 506 0048 02       		.uleb128 0x2
 507 0049 04       		.byte	0x4
 508 004a 07       		.byte	0x7
 509 004b F3000000 		.4byte	.LASF5
 510 004f 02       		.uleb128 0x2
 511 0050 08       		.byte	0x8
 512 0051 05       		.byte	0x5
 513 0052 B0020000 		.4byte	.LASF6
 514 0056 02       		.uleb128 0x2
 515 0057 08       		.byte	0x8
 516 0058 07       		.byte	0x7
 517 0059 DD010000 		.4byte	.LASF7
 518 005d 03       		.uleb128 0x3
 519 005e 04       		.byte	0x4
 520 005f 05       		.byte	0x5
 521 0060 696E7400 		.ascii	"int\000"
 522 0064 02       		.uleb128 0x2
 523 0065 04       		.byte	0x4
 524 0066 07       		.byte	0x7
 525 0067 D0010000 		.4byte	.LASF8
 526 006b 04       		.uleb128 0x4
 527 006c CD020000 		.4byte	.LASF9
 528 0070 02       		.byte	0x2
 529 0071 E401     		.2byte	0x1e4
 530 0073 2C000000 		.4byte	0x2c
 531 0077 04       		.uleb128 0x4
 532 0078 C2010000 		.4byte	.LASF10
 533 007c 02       		.byte	0x2
 534 007d E501     		.2byte	0x1e5
 535 007f 3A000000 		.4byte	0x3a
 536 0083 04       		.uleb128 0x4
ARM GAS  e:\temp\ccB8wCo6.s 			page 28


 537 0084 C9010000 		.4byte	.LASF11
 538 0088 02       		.byte	0x2
 539 0089 E601     		.2byte	0x1e6
 540 008b 48000000 		.4byte	0x48
 541 008f 02       		.uleb128 0x2
 542 0090 04       		.byte	0x4
 543 0091 04       		.byte	0x4
 544 0092 B9000000 		.4byte	.LASF12
 545 0096 02       		.uleb128 0x2
 546 0097 08       		.byte	0x8
 547 0098 04       		.byte	0x4
 548 0099 75010000 		.4byte	.LASF13
 549 009d 02       		.uleb128 0x2
 550 009e 01       		.byte	0x1
 551 009f 08       		.byte	0x8
 552 00a0 BE020000 		.4byte	.LASF14
 553 00a4 04       		.uleb128 0x4
 554 00a5 00000000 		.4byte	.LASF15
 555 00a9 02       		.byte	0x2
 556 00aa 9002     		.2byte	0x290
 557 00ac B0000000 		.4byte	0xb0
 558 00b0 05       		.uleb128 0x5
 559 00b1 83000000 		.4byte	0x83
 560 00b5 06       		.uleb128 0x6
 561 00b6 05010000 		.4byte	.LASF16
 562 00ba 01       		.byte	0x1
 563 00bb 27       		.byte	0x27
 564 00bc 00000000 		.4byte	.LFB0
 565 00c0 1C000000 		.4byte	.LFE0-.LFB0
 566 00c4 01       		.uleb128 0x1
 567 00c5 9C       		.byte	0x9c
 568 00c6 DA000000 		.4byte	0xda
 569 00ca 07       		.uleb128 0x7
 570 00cb A8010000 		.4byte	.LASF18
 571 00cf 01       		.byte	0x1
 572 00d0 27       		.byte	0x27
 573 00d1 83000000 		.4byte	0x83
 574 00d5 00000000 		.4byte	.LLST0
 575 00d9 00       		.byte	0
 576 00da 08       		.uleb128 0x8
 577 00db DC020000 		.4byte	.LASF28
 578 00df 01       		.byte	0x1
 579 00e0 5F       		.byte	0x5f
 580 00e1 00000000 		.4byte	.LFB1
 581 00e5 18000000 		.4byte	.LFE1-.LFB1
 582 00e9 01       		.uleb128 0x1
 583 00ea 9C       		.byte	0x9c
 584 00eb 06       		.uleb128 0x6
 585 00ec 33010000 		.4byte	.LASF17
 586 00f0 01       		.byte	0x1
 587 00f1 86       		.byte	0x86
 588 00f2 00000000 		.4byte	.LFB2
 589 00f6 20000000 		.4byte	.LFE2-.LFB2
 590 00fa 01       		.uleb128 0x1
 591 00fb 9C       		.byte	0x9c
 592 00fc 3B010000 		.4byte	0x13b
 593 0100 07       		.uleb128 0x7
ARM GAS  e:\temp\ccB8wCo6.s 			page 29


 594 0101 6A010000 		.4byte	.LASF19
 595 0105 01       		.byte	0x1
 596 0106 86       		.byte	0x86
 597 0107 77000000 		.4byte	0x77
 598 010b 21000000 		.4byte	.LLST1
 599 010f 07       		.uleb128 0x7
 600 0110 B4010000 		.4byte	.LASF20
 601 0114 01       		.byte	0x1
 602 0115 86       		.byte	0x86
 603 0116 6B000000 		.4byte	0x6b
 604 011a 42000000 		.4byte	.LLST2
 605 011e 09       		.uleb128 0x9
 606 011f 06000000 		.4byte	.LASF21
 607 0123 01       		.byte	0x1
 608 0124 88       		.byte	0x88
 609 0125 83000000 		.4byte	0x83
 610 0129 63000000 		.4byte	.LLST3
 611 012d 0A       		.uleb128 0xa
 612 012e 63010000 		.4byte	.LASF22
 613 0132 01       		.byte	0x1
 614 0133 89       		.byte	0x89
 615 0134 83000000 		.4byte	0x83
 616 0138 01       		.uleb128 0x1
 617 0139 50       		.byte	0x50
 618 013a 00       		.byte	0
 619 013b 0B       		.uleb128 0xb
 620 013c CD000000 		.4byte	.LASF23
 621 0140 01       		.byte	0x1
 622 0141 B0       		.byte	0xb0
 623 0142 77000000 		.4byte	0x77
 624 0146 00000000 		.4byte	.LFB3
 625 014a 10000000 		.4byte	.LFE3-.LFB3
 626 014e 01       		.uleb128 0x1
 627 014f 9C       		.byte	0x9c
 628 0150 0B       		.uleb128 0xb
 629 0151 0E000000 		.4byte	.LASF24
 630 0155 01       		.byte	0x1
 631 0156 C6       		.byte	0xc6
 632 0157 6B000000 		.4byte	0x6b
 633 015b 00000000 		.4byte	.LFB4
 634 015f 04000000 		.4byte	.LFE4-.LFB4
 635 0163 01       		.uleb128 0x1
 636 0164 9C       		.byte	0x9c
 637 0165 00       		.byte	0
 638              		.section	.debug_abbrev,"",%progbits
 639              	.Ldebug_abbrev0:
 640 0000 01       		.uleb128 0x1
 641 0001 11       		.uleb128 0x11
 642 0002 01       		.byte	0x1
 643 0003 25       		.uleb128 0x25
 644 0004 0E       		.uleb128 0xe
 645 0005 13       		.uleb128 0x13
 646 0006 0B       		.uleb128 0xb
 647 0007 03       		.uleb128 0x3
 648 0008 0E       		.uleb128 0xe
 649 0009 1B       		.uleb128 0x1b
 650 000a 0E       		.uleb128 0xe
ARM GAS  e:\temp\ccB8wCo6.s 			page 30


 651 000b 55       		.uleb128 0x55
 652 000c 17       		.uleb128 0x17
 653 000d 11       		.uleb128 0x11
 654 000e 01       		.uleb128 0x1
 655 000f 10       		.uleb128 0x10
 656 0010 17       		.uleb128 0x17
 657 0011 00       		.byte	0
 658 0012 00       		.byte	0
 659 0013 02       		.uleb128 0x2
 660 0014 24       		.uleb128 0x24
 661 0015 00       		.byte	0
 662 0016 0B       		.uleb128 0xb
 663 0017 0B       		.uleb128 0xb
 664 0018 3E       		.uleb128 0x3e
 665 0019 0B       		.uleb128 0xb
 666 001a 03       		.uleb128 0x3
 667 001b 0E       		.uleb128 0xe
 668 001c 00       		.byte	0
 669 001d 00       		.byte	0
 670 001e 03       		.uleb128 0x3
 671 001f 24       		.uleb128 0x24
 672 0020 00       		.byte	0
 673 0021 0B       		.uleb128 0xb
 674 0022 0B       		.uleb128 0xb
 675 0023 3E       		.uleb128 0x3e
 676 0024 0B       		.uleb128 0xb
 677 0025 03       		.uleb128 0x3
 678 0026 08       		.uleb128 0x8
 679 0027 00       		.byte	0
 680 0028 00       		.byte	0
 681 0029 04       		.uleb128 0x4
 682 002a 16       		.uleb128 0x16
 683 002b 00       		.byte	0
 684 002c 03       		.uleb128 0x3
 685 002d 0E       		.uleb128 0xe
 686 002e 3A       		.uleb128 0x3a
 687 002f 0B       		.uleb128 0xb
 688 0030 3B       		.uleb128 0x3b
 689 0031 05       		.uleb128 0x5
 690 0032 49       		.uleb128 0x49
 691 0033 13       		.uleb128 0x13
 692 0034 00       		.byte	0
 693 0035 00       		.byte	0
 694 0036 05       		.uleb128 0x5
 695 0037 35       		.uleb128 0x35
 696 0038 00       		.byte	0
 697 0039 49       		.uleb128 0x49
 698 003a 13       		.uleb128 0x13
 699 003b 00       		.byte	0
 700 003c 00       		.byte	0
 701 003d 06       		.uleb128 0x6
 702 003e 2E       		.uleb128 0x2e
 703 003f 01       		.byte	0x1
 704 0040 3F       		.uleb128 0x3f
 705 0041 19       		.uleb128 0x19
 706 0042 03       		.uleb128 0x3
 707 0043 0E       		.uleb128 0xe
ARM GAS  e:\temp\ccB8wCo6.s 			page 31


 708 0044 3A       		.uleb128 0x3a
 709 0045 0B       		.uleb128 0xb
 710 0046 3B       		.uleb128 0x3b
 711 0047 0B       		.uleb128 0xb
 712 0048 27       		.uleb128 0x27
 713 0049 19       		.uleb128 0x19
 714 004a 11       		.uleb128 0x11
 715 004b 01       		.uleb128 0x1
 716 004c 12       		.uleb128 0x12
 717 004d 06       		.uleb128 0x6
 718 004e 40       		.uleb128 0x40
 719 004f 18       		.uleb128 0x18
 720 0050 9742     		.uleb128 0x2117
 721 0052 19       		.uleb128 0x19
 722 0053 01       		.uleb128 0x1
 723 0054 13       		.uleb128 0x13
 724 0055 00       		.byte	0
 725 0056 00       		.byte	0
 726 0057 07       		.uleb128 0x7
 727 0058 05       		.uleb128 0x5
 728 0059 00       		.byte	0
 729 005a 03       		.uleb128 0x3
 730 005b 0E       		.uleb128 0xe
 731 005c 3A       		.uleb128 0x3a
 732 005d 0B       		.uleb128 0xb
 733 005e 3B       		.uleb128 0x3b
 734 005f 0B       		.uleb128 0xb
 735 0060 49       		.uleb128 0x49
 736 0061 13       		.uleb128 0x13
 737 0062 02       		.uleb128 0x2
 738 0063 17       		.uleb128 0x17
 739 0064 00       		.byte	0
 740 0065 00       		.byte	0
 741 0066 08       		.uleb128 0x8
 742 0067 2E       		.uleb128 0x2e
 743 0068 00       		.byte	0
 744 0069 3F       		.uleb128 0x3f
 745 006a 19       		.uleb128 0x19
 746 006b 03       		.uleb128 0x3
 747 006c 0E       		.uleb128 0xe
 748 006d 3A       		.uleb128 0x3a
 749 006e 0B       		.uleb128 0xb
 750 006f 3B       		.uleb128 0x3b
 751 0070 0B       		.uleb128 0xb
 752 0071 27       		.uleb128 0x27
 753 0072 19       		.uleb128 0x19
 754 0073 11       		.uleb128 0x11
 755 0074 01       		.uleb128 0x1
 756 0075 12       		.uleb128 0x12
 757 0076 06       		.uleb128 0x6
 758 0077 40       		.uleb128 0x40
 759 0078 18       		.uleb128 0x18
 760 0079 9742     		.uleb128 0x2117
 761 007b 19       		.uleb128 0x19
 762 007c 00       		.byte	0
 763 007d 00       		.byte	0
 764 007e 09       		.uleb128 0x9
ARM GAS  e:\temp\ccB8wCo6.s 			page 32


 765 007f 34       		.uleb128 0x34
 766 0080 00       		.byte	0
 767 0081 03       		.uleb128 0x3
 768 0082 0E       		.uleb128 0xe
 769 0083 3A       		.uleb128 0x3a
 770 0084 0B       		.uleb128 0xb
 771 0085 3B       		.uleb128 0x3b
 772 0086 0B       		.uleb128 0xb
 773 0087 49       		.uleb128 0x49
 774 0088 13       		.uleb128 0x13
 775 0089 02       		.uleb128 0x2
 776 008a 17       		.uleb128 0x17
 777 008b 00       		.byte	0
 778 008c 00       		.byte	0
 779 008d 0A       		.uleb128 0xa
 780 008e 34       		.uleb128 0x34
 781 008f 00       		.byte	0
 782 0090 03       		.uleb128 0x3
 783 0091 0E       		.uleb128 0xe
 784 0092 3A       		.uleb128 0x3a
 785 0093 0B       		.uleb128 0xb
 786 0094 3B       		.uleb128 0x3b
 787 0095 0B       		.uleb128 0xb
 788 0096 49       		.uleb128 0x49
 789 0097 13       		.uleb128 0x13
 790 0098 02       		.uleb128 0x2
 791 0099 18       		.uleb128 0x18
 792 009a 00       		.byte	0
 793 009b 00       		.byte	0
 794 009c 0B       		.uleb128 0xb
 795 009d 2E       		.uleb128 0x2e
 796 009e 00       		.byte	0
 797 009f 3F       		.uleb128 0x3f
 798 00a0 19       		.uleb128 0x19
 799 00a1 03       		.uleb128 0x3
 800 00a2 0E       		.uleb128 0xe
 801 00a3 3A       		.uleb128 0x3a
 802 00a4 0B       		.uleb128 0xb
 803 00a5 3B       		.uleb128 0x3b
 804 00a6 0B       		.uleb128 0xb
 805 00a7 27       		.uleb128 0x27
 806 00a8 19       		.uleb128 0x19
 807 00a9 49       		.uleb128 0x49
 808 00aa 13       		.uleb128 0x13
 809 00ab 11       		.uleb128 0x11
 810 00ac 01       		.uleb128 0x1
 811 00ad 12       		.uleb128 0x12
 812 00ae 06       		.uleb128 0x6
 813 00af 40       		.uleb128 0x40
 814 00b0 18       		.uleb128 0x18
 815 00b1 9742     		.uleb128 0x2117
 816 00b3 19       		.uleb128 0x19
 817 00b4 00       		.byte	0
 818 00b5 00       		.byte	0
 819 00b6 00       		.byte	0
 820              		.section	.debug_loc,"",%progbits
 821              	.Ldebug_loc0:
ARM GAS  e:\temp\ccB8wCo6.s 			page 33


 822              	.LLST0:
 823 0000 00000000 		.4byte	.LVL0
 824 0004 0C000000 		.4byte	.LVL1
 825 0008 0100     		.2byte	0x1
 826 000a 50       		.byte	0x50
 827 000b 0C000000 		.4byte	.LVL1
 828 000f 1C000000 		.4byte	.LFE0
 829 0013 0400     		.2byte	0x4
 830 0015 F3       		.byte	0xf3
 831 0016 01       		.uleb128 0x1
 832 0017 50       		.byte	0x50
 833 0018 9F       		.byte	0x9f
 834 0019 00000000 		.4byte	0
 835 001d 00000000 		.4byte	0
 836              	.LLST1:
 837 0021 00000000 		.4byte	.LVL2
 838 0025 0E000000 		.4byte	.LVL4
 839 0029 0100     		.2byte	0x1
 840 002b 50       		.byte	0x50
 841 002c 0E000000 		.4byte	.LVL4
 842 0030 20000000 		.4byte	.LFE2
 843 0034 0400     		.2byte	0x4
 844 0036 F3       		.byte	0xf3
 845 0037 01       		.uleb128 0x1
 846 0038 50       		.byte	0x50
 847 0039 9F       		.byte	0x9f
 848 003a 00000000 		.4byte	0
 849 003e 00000000 		.4byte	0
 850              	.LLST2:
 851 0042 00000000 		.4byte	.LVL2
 852 0046 04000000 		.4byte	.LVL3
 853 004a 0100     		.2byte	0x1
 854 004c 51       		.byte	0x51
 855 004d 04000000 		.4byte	.LVL3
 856 0051 20000000 		.4byte	.LFE2
 857 0055 0400     		.2byte	0x4
 858 0057 F3       		.byte	0xf3
 859 0058 01       		.uleb128 0x1
 860 0059 51       		.byte	0x51
 861 005a 9F       		.byte	0x9f
 862 005b 00000000 		.4byte	0
 863 005f 00000000 		.4byte	0
 864              	.LLST3:
 865 0063 14000000 		.4byte	.LVL5
 866 0067 16000000 		.4byte	.LVL6
 867 006b 0500     		.2byte	0x5
 868 006d 75       		.byte	0x75
 869 006e 00       		.sleb128 0
 870 006f 37       		.byte	0x37
 871 0070 1A       		.byte	0x1a
 872 0071 9F       		.byte	0x9f
 873 0072 16000000 		.4byte	.LVL6
 874 0076 20000000 		.4byte	.LFE2
 875 007a 0100     		.2byte	0x1
 876 007c 53       		.byte	0x53
 877 007d 00000000 		.4byte	0
 878 0081 00000000 		.4byte	0
ARM GAS  e:\temp\ccB8wCo6.s 			page 34


 879              		.section	.debug_aranges,"",%progbits
 880 0000 3C000000 		.4byte	0x3c
 881 0004 0200     		.2byte	0x2
 882 0006 00000000 		.4byte	.Ldebug_info0
 883 000a 04       		.byte	0x4
 884 000b 00       		.byte	0
 885 000c 0000     		.2byte	0
 886 000e 0000     		.2byte	0
 887 0010 00000000 		.4byte	.LFB0
 888 0014 1C000000 		.4byte	.LFE0-.LFB0
 889 0018 00000000 		.4byte	.LFB1
 890 001c 18000000 		.4byte	.LFE1-.LFB1
 891 0020 00000000 		.4byte	.LFB2
 892 0024 20000000 		.4byte	.LFE2-.LFB2
 893 0028 00000000 		.4byte	.LFB3
 894 002c 10000000 		.4byte	.LFE3-.LFB3
 895 0030 00000000 		.4byte	.LFB4
 896 0034 04000000 		.4byte	.LFE4-.LFB4
 897 0038 00000000 		.4byte	0
 898 003c 00000000 		.4byte	0
 899              		.section	.debug_ranges,"",%progbits
 900              	.Ldebug_ranges0:
 901 0000 00000000 		.4byte	.LFB0
 902 0004 1C000000 		.4byte	.LFE0
 903 0008 00000000 		.4byte	.LFB1
 904 000c 18000000 		.4byte	.LFE1
 905 0010 00000000 		.4byte	.LFB2
 906 0014 20000000 		.4byte	.LFE2
 907 0018 00000000 		.4byte	.LFB3
 908 001c 10000000 		.4byte	.LFE3
 909 0020 00000000 		.4byte	.LFB4
 910 0024 04000000 		.4byte	.LFE4
 911 0028 00000000 		.4byte	0
 912 002c 00000000 		.4byte	0
 913              		.section	.debug_line,"",%progbits
 914              	.Ldebug_line0:
 915 0000 DA000000 		.section	.debug_str,"MS",%progbits,1
 915      02004F00 
 915      00000201 
 915      FB0E0D00 
 915      01010101 
 916              	.LASF15:
 917 0000 72656733 		.ascii	"reg32\000"
 917      3200
 918              	.LASF21:
 919 0006 6D61736B 		.ascii	"maskVal\000"
 919      56616C00 
 920              	.LASF24:
 921 000e 50445353 		.ascii	"PDSS_PORT0_SAR_CLK_GetFractionalDividerRegister\000"
 921      5F504F52 
 921      54305F53 
 921      41525F43 
 921      4C4B5F47 
 922              	.LASF27:
 923 003e 433A5C55 		.ascii	"C:\\Users\\Admin\\Desktop\\_FIRMWARE\\DBARLite\\CYP"
 923      73657273 
 923      5C41646D 
ARM GAS  e:\temp\ccB8wCo6.s 			page 35


 923      696E5C44 
 923      65736B74 
 924 006b 44353232 		.ascii	"D5225\\CYPD5225-96BZXI_notebook\\CYPD5225-96BZXI_no"
 924      355C4359 
 924      50443532 
 924      32352D39 
 924      36425A58 
 925 009c 7465626F 		.ascii	"tebook.cydsn\\backup_fw.cydsn\000"
 925      6F6B2E63 
 925      7964736E 
 925      5C626163 
 925      6B75705F 
 926              	.LASF12:
 927 00b9 666C6F61 		.ascii	"float\000"
 927      7400
 928              	.LASF1:
 929 00bf 756E7369 		.ascii	"unsigned char\000"
 929      676E6564 
 929      20636861 
 929      7200
 930              	.LASF23:
 931 00cd 50445353 		.ascii	"PDSS_PORT0_SAR_CLK_GetDividerRegister\000"
 931      5F504F52 
 931      54305F53 
 931      41525F43 
 931      4C4B5F47 
 932              	.LASF5:
 933 00f3 6C6F6E67 		.ascii	"long unsigned int\000"
 933      20756E73 
 933      69676E65 
 933      6420696E 
 933      7400
 934              	.LASF16:
 935 0105 50445353 		.ascii	"PDSS_PORT0_SAR_CLK_StartEx\000"
 935      5F504F52 
 935      54305F53 
 935      41525F43 
 935      4C4B5F53 
 936              	.LASF3:
 937 0120 73686F72 		.ascii	"short unsigned int\000"
 937      7420756E 
 937      7369676E 
 937      65642069 
 937      6E7400
 938              	.LASF17:
 939 0133 50445353 		.ascii	"PDSS_PORT0_SAR_CLK_SetFractionalDividerRegister\000"
 939      5F504F52 
 939      54305F53 
 939      41525F43 
 939      4C4B5F53 
 940              	.LASF22:
 941 0163 72656756 		.ascii	"regVal\000"
 941      616C00
 942              	.LASF19:
 943 016a 636C6B44 		.ascii	"clkDivider\000"
 943      69766964 
 943      657200
ARM GAS  e:\temp\ccB8wCo6.s 			page 36


 944              	.LASF13:
 945 0175 646F7562 		.ascii	"double\000"
 945      6C6500
 946              	.LASF26:
 947 017c 47656E65 		.ascii	"Generated_Source\\PSoC4\\PDSS_PORT0_SAR_CLK.c\000"
 947      72617465 
 947      645F536F 
 947      75726365 
 947      5C50536F 
 948              	.LASF18:
 949 01a8 616C6967 		.ascii	"alignClkDiv\000"
 949      6E436C6B 
 949      44697600 
 950              	.LASF20:
 951 01b4 636C6B46 		.ascii	"clkFractional\000"
 951      72616374 
 951      696F6E61 
 951      6C00
 952              	.LASF10:
 953 01c2 75696E74 		.ascii	"uint16\000"
 953      313600
 954              	.LASF11:
 955 01c9 75696E74 		.ascii	"uint32\000"
 955      333200
 956              	.LASF8:
 957 01d0 756E7369 		.ascii	"unsigned int\000"
 957      676E6564 
 957      20696E74 
 957      00
 958              	.LASF7:
 959 01dd 6C6F6E67 		.ascii	"long long unsigned int\000"
 959      206C6F6E 
 959      6720756E 
 959      7369676E 
 959      65642069 
 960              	.LASF25:
 961 01f4 474E5520 		.ascii	"GNU C11 5.4.1 20160609 (release) [ARM/embedded-5-br"
 961      43313120 
 961      352E342E 
 961      31203230 
 961      31363036 
 962 0227 616E6368 		.ascii	"anch revision 237715] -mcpu=cortex-m0 -mthumb -g -O"
 962      20726576 
 962      6973696F 
 962      6E203233 
 962      37373135 
 963 025a 73202D66 		.ascii	"s -ffunction-sections -ffat-lto-objects -finline-fu"
 963      66756E63 
 963      74696F6E 
 963      2D736563 
 963      74696F6E 
 964 028d 6E637469 		.ascii	"nctions -flto -fno-strict-aliasing\000"
 964      6F6E7320 
 964      2D666C74 
 964      6F202D66 
 964      6E6F2D73 
 965              	.LASF6:
ARM GAS  e:\temp\ccB8wCo6.s 			page 37


 966 02b0 6C6F6E67 		.ascii	"long long int\000"
 966      206C6F6E 
 966      6720696E 
 966      7400
 967              	.LASF14:
 968 02be 63686172 		.ascii	"char\000"
 968      00
 969              	.LASF2:
 970 02c3 73686F72 		.ascii	"short int\000"
 970      7420696E 
 970      7400
 971              	.LASF9:
 972 02cd 75696E74 		.ascii	"uint8\000"
 972      3800
 973              	.LASF4:
 974 02d3 6C6F6E67 		.ascii	"long int\000"
 974      20696E74 
 974      00
 975              	.LASF28:
 976 02dc 50445353 		.ascii	"PDSS_PORT0_SAR_CLK_Stop\000"
 976      5F504F52 
 976      54305F53 
 976      41525F43 
 976      4C4B5F53 
 977              	.LASF0:
 978 02f4 7369676E 		.ascii	"signed char\000"
 978      65642063 
 978      68617200 
 979              		.comm	__gnu_lto_v1,1,1
 980              		.ident	"GCC: (GNU Tools for ARM Embedded Processors) 5.4.1 20160609 (release) [ARM/embedded-5-bran
