ARM GAS  e:\temp\ccWHqRqf.s 			page 1


   1              		.syntax unified
   2              		.cpu cortex-m0
   3              		.fpu softvfp
   4              		.eabi_attribute 20, 1
   5              		.eabi_attribute 21, 1
   6              		.eabi_attribute 23, 3
   7              		.eabi_attribute 24, 1
   8              		.eabi_attribute 25, 1
   9              		.eabi_attribute 26, 1
  10              		.eabi_attribute 30, 4
  11              		.eabi_attribute 34, 0
  12              		.eabi_attribute 18, 4
  13              		.thumb
  14              		.syntax unified
  15              		.file	"PDSS_PORT0_FILT1_CLK.c"
  16              		.text
  17              	.Ltext0:
  18              		.section	.gnu.lto_.profile.6240ab60,"",%progbits
  19 0000 789C6361 		.ascii	"x\234ca`d`a`\000\222r\222\000\000\277\000B"
  19      60646061 
  19      60009272 
  19      920000BF 
  19      0042
  20              		.text
  21              		.section	.gnu.lto_.icf.6240ab60,"",%progbits
  22 0000 789C6361 		.ascii	"x\234ca`d\000\001\005\006\004`eh\355\272\325\302\313"
  22      60640001 
  22      05060460 
  22      6568EDBA 
  22      D5C2CB
  23 0013 D87E74D1 		.ascii	"\330~t\321\015N\246\366\343\355?y\231\017\376\230\276"
  23      0D4EA6F6 
  23      E3ED3F79 
  23      990FFE98 
  23      BE
  24 0024 90996576 		.ascii	"\220\231ev\323\274)<\014\000\345\036\015\250"
  24      D3BC293C 
  24      0C00E51E 
  24      0DA8
  25              		.text
  26              		.section	.gnu.lto_.jmpfuncs.6240ab60,"",%progbits
  27 0000 789C6361 		.ascii	"x\234ca`d\000\001q\006\004`e`dd\254\007\21231122\327"
  27      60640001 
  27      71060460 
  27      65606464 
  27      AC078A33 
  28 0019 D7333330 		.ascii	"\327330\260\000\205\001\026\322\001\263"
  28      B0008501 
  28      16D201B3 
  29              		.text
  30              		.section	.gnu.lto_.inline.6240ab60,"",%progbits
  31 0000 789C458B 		.ascii	"x\234E\213\261\015\2000\014\004\337\316\007B(`\003("
  31      B10D8030 
  31      0C04DFCE 
  31      07422860 
  31      0328
  32 0012 10E33013 		.ascii	"\020\3430\023#PRf\016\246`$l!\310\027\226\375\347#\004"
ARM GAS  e:\temp\ccWHqRqf.s 			page 2


  32      23505266 
  32      0EA66024 
  32      6C21C817 
  32      96FDE723 
  33 0027 9E1D3511 		.ascii	"\236\0355\021\350V\021\314\206B\272N\242)\223\202e\242"
  33      E85611CC 
  33      8642BA4E 
  33      A2299382 
  33      65A2
  34 0039 6341BB08 		.ascii	"cA\273\010\264\002\213\242\317\242\030\315\220d\203"
  34      B4028BA2 
  34      CFA218CD 
  34      906483
  35 0048 F9D85EA8 		.ascii	"\371\330^\250\367@W\223\277\005D\232j\347o\022A\255"
  35      F7405793 
  35      BF05449A 
  35      6AE76F12 
  35      41AD
  36 005a B2ED6BF0 		.ascii	"\262\355k\360\000t\\\014$"
  36      00745C0C 
  36      24
  37              		.text
  38              		.section	.gnu.lto_.pureconst.6240ab60,"",%progbits
  39 0000 789C6361 		.ascii	"x\234ca`d\340f```e\220b\224b\222b\226ba\000\000\003"
  39      6064E066 
  39      60606065 
  39      90629462 
  39      92629662 
  40 0018 E40088   		.ascii	"\344\000\210"
  41              		.text
  42              		.section	.gnu.lto_PDSS_PORT0_FILT1_CLK_StartEx.6240ab60,"",%progbits
  43 0000 789C5551 		.ascii	"x\234UQ=h\024Q\020\236\357\275\335\275\325\374\324\""
  43      3D681451 
  43      109EEFBD 
  43      DDBDD5FC 
  43      D422
  44 0012 29D28534 		.ascii	")\322\2054\301\200\245\215\\\210\250\001\217\\\312\300"
  44      C180A58D 
  44      5C88A801 
  44      8F5CCAC0 
  45 0022 11E222D1 		.ascii	"\021\342\"\321\220@P[\337\335\356\346P,D1EP\016\005"
  45      9040505B 
  45      DFDDEEE6 
  45      502C4431 
  45      45500E05 
  46 0036 49A2C6CB 		.ascii	"I\242\306\313))\304f=\025A\364$\215i5\342\026Vw\032"
  46      2929C466 
  46      3D1541F4 
  46      248D6935 
  46      E2165677 
  47 004b 450C7ACE 		.ascii	"E\014z\316\354\2460\003;\363f\370f\346\373f-\002\211"
  47      ECA63003 
  47      3BF366F8 
  47      66E6FB66 
  47      2D0289
  48 005e 752BA223 		.ascii	"u+\242#\034\207\371\203CP\327\032DEWA\247\017\255\354"
  48      1C87F983 
ARM GAS  e:\temp\ccWHqRqf.s 			page 3


  48      4350D71A 
  48      44455741 
  48      A70FADEC 
  49 0072 ABAF89CC 		.ascii	"\253\257\211\314~+\310\220\351\264\323\372Q\013\220"
  49      7E2BC890 
  49      E9B4D3FA 
  49      510B90
  50 0081 685CD025 		.ascii	"h\\\320%\245m\013\354)\265\037\352\217B\275\034?U\375"
  50      A56D0BEC 
  50      29B51FEA 
  50      8F42BD1C 
  50      3F55FD
  51 0094 4B86EDE3 		.ascii	"K\206\355\343\227\033\332,G\010\031\320V)\006K\350g"
  51      971BDA2C 
  51      470819D0 
  51      5629064B 
  51      E867
  52 00a6 D446B076 		.ascii	"\324F\260vKo\253P\003\026\247\255w\213\237\273%U\350"
  52      4B6FAB50 
  52      0316A7AD 
  52      778B9FBB 
  52      2555E8
  53 00b9 E5F4F28B 		.ascii	"\345\364\362\213\237\317-=\010\342w\355{%\356\352\273"
  53      9FCF2D3D 
  53      08E277ED 
  53      7B25EEEA 
  53      BB
  54 00ca 674CC998 		.ascii	"gL\311\230u\317\354\013\265\306}h\236\207\025\364`\031"
  54      75CFEC0B 
  54      B5C67D68 
  54      9E8715F4 
  54      6019
  55 00dc 3DC425C2 		.ascii	"=\304%\302\003\364\011|\253\366\367f\227\023\310\372"
  55      03F4097C 
  55      ABF6F766 
  55      9713C8FA 
  56 00ec DE74291E 		.ascii	"\336t)\036\302\021\305\325\321\310\264\333\276\211j"
  56      C211C5D5 
  56      D1C8B4DB 
  56      BE896A
  57 00fb F6AA7615 		.ascii	"\366\252v\025wY\232\035+\220^[rG\034Q\223\333XsS)\016"
  57      77599A1D 
  57      2B905E5B 
  57      72471C51 
  57      93DB5873 
  58 0112 BAC5FA58 		.ascii	"\272\305\372X\261\216Q\377}\345\303+-\363|-R\027\302"
  58      B18E51FF 
  58      7DE5C32B 
  58      2DF37C2D 
  58      5217C2
  59 0125 FAFB8CB0 		.ascii	"\372\373\214\260v\022\246w\357\354l\332ijL`DW9\334X"
  59      7612A677 
  59      EFEC6CDA 
  59      696A4C60 
  59      445739DC 
  60 013a E9ACE076 		.ascii	"\351\254\340v1\340#d\360\210\011\2572aB\025\025P\214"
  60      31E02364 
ARM GAS  e:\temp\ccWHqRqf.s 			page 4


  60      F08809AF 
  60      32614215 
  60      15508C
  61 014d D2B7F2DB 		.ascii	"\322\267\362\333\203\351@\3153\351\023\202\206\177v"
  61      83E940CD 
  61      33E91382 
  61      867F76
  62 015c B7F0FF06 		.ascii	"\267\360\377\006\033\2045\351$\241g\023\377\031\264"
  62      1B8435E9 
  62      24A16713 
  62      FF19B4
  63 016b 9425FC62 		.ascii	"\224%\374b\370\315\371Fl\247]\266\257e\361\342\263\355"
  63      F8CDF946 
  63      6CA75DB6 
  63      AF65F1E2 
  63      B3ED
  64 017d 37091717 		.ascii	"7\011\027\027.j\334\310\250_\363/\017\244 \301\311i"
  64      2E6ADCC8 
  64      A85FF32F 
  64      0FA420C1 
  64      C969
  65 018f B7AEAF27 		.ascii	"\267\256\257'W\267\020\361\275\\<N\200\365\205V\365"
  65      57B710F1 
  65      BD5C3C4E 
  65      80F58556 
  65      F5
  66 01a0 8400F708 		.ascii	"\204\000\367\010(\032\323\261W\303\023\326\300\263\350"
  66      281AD3B1 
  66      57C313D6 
  66      C0B3E8
  67 01af 2B4AD166 		.ascii	"+J\321f\262~\227\036\230\026\237p\340\2307\343\315M"
  67      B27E971E 
  67      98169F70 
  67      E09837E3 
  67      CD4D
  68 01c1 9CF74E17 		.ascii	"\234\367N\027\362\263\027\346&\275\361\\~6{x<7\224\317"
  68      F2B317E6 
  68      26BDF15C 
  68      7E367B78 
  68      3C3794CF 
  69 01d5 1772A746 		.ascii	"\027r\247F\307\016\025\206\217\217\214\015\026\262#"
  69      C70E1586 
  69      8F8F8C0D 
  69      16B223
  70 01e4 270726A9 		.ascii	"'\007&\251cbz\352\314Lv\372\334\320\324\305\177\325"
  70      63627AEA 
  70      CC4C76FA 
  70      DCD0D4C5 
  70      7FD5
  71 01f6 7FC493   		.ascii	"\177\304\223"
  72              		.text
  73              		.section	.gnu.lto_PDSS_PORT0_FILT1_CLK_Stop.6240ab60,"",%progbits
  74 0000 789C5590 		.ascii	"x\234U\220\277KBQ\024\307\317\367\336\367\324~\375\003"
  74      BF4B4251 
  74      14C7CFF7 
  74      DEF7D47E 
  74      FD03
ARM GAS  e:\temp\ccWHqRqf.s 			page 5


  75 0012 E1D0EA22 		.ascii	"\341\320\352\"\006\015\255Q\024Q\220\244\243 a.A\011"
  75      060DAD51 
  75      145190A4 
  75      A320612E 
  75      4109
  76 0024 5273D77C 		.ascii	"Rs\327|\017!\032j\250\311\020[\322~\322\330\366ri\011"
  76      0F211A6A 
  76      A8C9105B 
  76      D27ED2D8 
  76      F6726909 
  77 0038 A325C77E 		.ascii	"\243%\307~@\016\021\245aKQvn\257\241\016\334{\356=\367"
  77      400E11A5 
  77      614B5176 
  77      6EAFA10E 
  77      DC7BEE3D 
  78 004d 7BCFF7C3 		.ascii	"{\317\367\3031\010\244c\236S\210\363(/x\010b\275J\224"
  78      3108A463 
  78      9E5388F3 
  78      282F7808 
  78      62BD4A94 
  79 0061 F10948F7 		.ascii	"\361\011H\367 \205\271vN\244:\015\313K\252\333t\353"
  79      2085B976 
  79      4EA43A0D 
  79      CB4BAADB 
  79      74EB
  80 0073 4306A0B3 		.ascii	"C\006\240\263\362\201\226\2054\015\360Nn\274\211O\201"
  80      F2819685 
  80      340DF04E 
  80      6EBC894F 
  80      81
  81 0084 4AAE7E2A 		.ascii	"J\256~*\002\273\212\343\366\341%\244J\016l\026\264\205"
  81      02BB8AE3 
  81      F6E125A4 
  81      4A0E6C16 
  81      B485
  82 0096 ABC12E02 		.ascii	"\253\301.\002\304\262\373\223\257\315\036\217\245e}"
  82      C4B2FB93 
  82      AFCD1E8F 
  82      A5657D
  83 00a5 EE234AF0 		.ascii	"\356#J\360h\262\343iG\265\333Y\345lx\317\256\275\246"
  83      68B2E369 
  83      47B5DB59 
  83      E56C78CF 
  83      AEBDA6
  84 00b8 205B42F2 		.ascii	" [B\362\306\232\006/\206i\010\301I6\331\230Qd\035\225"
  84      C69A062F 
  84      866908C1 
  84      4936D998 
  84      51641D95 
  85 00cc F7D57A7E 		.ascii	"\367\325z~P7\310J\315\260eW.\275-aK\011\355\265S\374"
  85      5037C84A 
  85      CDB06557 
  85      2EBD2D61 
  85      4B09EDB5 
  86 00e2 A899EE55 		.ascii	"\250\231\356U)K\031\\\312\331W\345\356\002\2663\026"
  86      294B195C 
  86      CAD957E5 
ARM GAS  e:\temp\ccWHqRqf.s 			page 6


  86      EE02B633 
  86      16
  87 00f3 D319D883 		.ascii	"\323\031\330\203\037e\370\031b\037\005P\035+\257\271"
  87      1F65F819 
  87      621F0550 
  87      1D2BAFB9 
  88 0103 8B5EB7A1 		.ascii	"\213^\267\241\344\236t\007\253\232\235\373-\374u\020"
  88      E49E7407 
  88      AB9A9DFB 
  88      2DFC7510 
  89 0113 201CE89F 		.ascii	" \034\350\237\244\361L\342\221\241)\014\315\307\\\255"
  89      A4F14CE2 
  89      91A1290C 
  89      CDC75CAD 
  90 0123 C653B143 		.ascii	"\306S\261C\377\372g\231Q\252\353\277\353!\273\262\344"
  90      FFFA6799 
  90      51AAEBBF 
  90      EB21BBB2 
  90      E4
  91 0134 266F3FFF 		.ascii	"&o?\377\200\002\016\017\306\300\021\277>b\305\251\215"
  91      80020E0F 
  91      C6C011BF 
  91      3E62C5A9 
  91      8D
  92 0145 E926BF26 		.ascii	"\351&\277&\340\346<\210\340Xr!\231\236YL\316\306#\251"
  92      E0E63C88 
  92      E0587221 
  92      999E594C 
  92      CEC623A9 
  93 0159 A5742219 		.ascii	"\245t\"\031\013GR\303\003\261\360H$\022\017OMGC\361"
  93      0B4752C3 
  93      03B1F048 
  93      24120F4F 
  93      4D4743F1 
  94 016d D1F1C968 		.ascii	"\321\361\311h\177|xr\"\230\240ox\200\220j"
  94      7F7C7872 
  94      2298A06F 
  94      7880906A 
  95              		.text
  96              		.section	.gnu.lto_PDSS_PORT0_FILT1_CLK_SetFractionalDividerRegister.6240ab60,"",%progbits
  97 0000 789C6D52 		.ascii	"x\234mR]H\223a\024~\317\373\356\347s\233\323\333\312"
  97      5D489361 
  97      147ECFFB 
  97      EEE7739B 
  97      D3DBCA
  98 0013 0B6F44BC 		.ascii	"\013oD\274\021\245.\272\210n\024#\0232'\322\2050\306"
  98      11A52EBA 
  98      886E1423 
  98      133227D2 
  98      8530C6
  99 0026 1C219AC2 		.ascii	"\034!\232\302\322n}\347\366\315\030H\022$%\211\240\230"
  99      D26E7DE7 
  99      F6CD1848 
  99      12242589 
  99      A098
 100 0038 FFBA657F 		.ascii	"\377\272e\177\246\320\034X f\364\177\023\022&\006\021"
 100      A6D01C58 
ARM GAS  e:\temp\ccWHqRqf.s 			page 7


 100      2066F47F 
 100      13122606 
 100      11
 101 0049 36656588 		.ascii	"6ee\210\266\316\371^-\204^\330\373s\366<\3179\3479\237"
 101      B6CEF95E 
 101      2D845ED8 
 101      FB73F63C 
 101      CF39E739 
 102 005e 8901A3D5 		.ascii	"\211\001\243\325*\030\273\210\3471\374\201`\300\273"
 102      2A18BB88 
 102      E731FC81 
 102      60C0BB
 103 006d 96190B68 		.ascii	"\226\031\013h\034\200.R\003\326\306\241\015~\360=\016"
 103      1C802E52 
 103      03D6C6A1 
 103      0D7EF03D 
 103      0E
 104 007e 898EF519 		.ascii	"\211\216\365\031^0$q}Z\030(\226\303q\320\221\236\346"
 104      5E302471 
 104      7D5A1828 
 104      96C371D0 
 104      919EE6
 105 0091 86128321 		.ascii	"\206\022\203!(@\324Bz;\236\225\342\272\000 \322\353"
 105      2840D442 
 105      7A3B9E95 
 105      E2BA0020 
 105      D2EB
 106 00a3 E452AF9D 		.ascii	"\344R\257\235\236\034\262\361\031\336\372\260\346\020"
 106      9E1CB2F1 
 106      19DEFAB0 
 106      E610
 107 00b1 C5C0F03E 		.ascii	"\305\300\360>\026}\032\311\312\037\224\262]\312\264"
 107      167D1AC9 
 107      CA1F94B2 
 107      5DCAB4
 108 00c0 479A7521 		.ascii	"G\232u!`\024\004\352\301\010\344\3000\3440\0141\030"
 108      601404EA 
 108      C108E4C0 
 108      30E4300C 
 108      3118
 109 00d2 837C4477 		.ascii	"\203|Dw\304\356\336p\212S\006s\360\332\3168\3543\337"
 109      C4EEDE70 
 109      8A530673 
 109      F0DACE38 
 109      EC33DF
 110 00e5 3CB3CB22 		.ascii	"<\263\313\"]\230`\\Q\217\347@\021\021M\014& \237\320"
 110      5D98605C 
 110      518FE740 
 110      11114D0C 
 110      26209FD0 
 111 00f9 AF42D13B 		.ascii	"\257B\321;BUd\302\347\346\213\236\317NUQ.>7\276\254"
 111      425564C2 
 111      E7E68B9E 
 111      CF4E5551 
 111      2E3E37BE 
 112 010e 5CCF14E5 		.ascii	"\\\317\024\345\206\356\367[2;o\200d\343\323\021\347"
 112      86EEF75B 
ARM GAS  e:\temp\ccWHqRqf.s 			page 8


 112      323B6F80 
 112      64E3D311 
 112      E7
 113 011f 6D190FE5 		.ascii	"m\031\017\345\352\302\014Q\245<\205EMbQ\264\020<5\027"
 113      EAC20C51 
 113      A53C8545 
 113      4D6251B4 
 113      103C3517 
 114 0133 7DC7C505 		.ascii	"}\307\305\005\2038\331\031\233\264\3543\243\213\016"
 114      8338D919 
 114      9BB4EC33 
 114      A38B0E
 115 0142 D915D088 		.ascii	"\331\025\320\210x\357\277\304\325\330\357\233\231\226"
 115      78EFBFC4 
 115      D5D8EF9B 
 115      9996
 116 0150 10F9980B 		.ascii	"\020\371\230\013\323\220\0071\310S.\302}\260\340\\\370"
 116      D3900731 
 116      C8532EC2 
 116      7DB0E05C 
 116      F8
 117 0161 4174AA2A 		.ascii	"At\252*.\323\351\240\214\367\331\346wmN\216mY\320\020"
 117      2ED3E9A0 
 117      8CF7D9E6 
 117      776D4E8E 
 117      6D59D010 
 118 0175 FCD70464 		.ascii	"\374\327\004d\213\231\002\026\332\254\264i@-g\320\325"
 118      8B990216 
 118      DAACB469 
 118      402D67D0 
 118      D5
 119 0186 469B9D36 		.ascii	"F\233\2356\0073\364Y\022\023\320L79\247S\254Cb'\362"
 119      0733F459 
 119      1213D04C 
 119      3739A753 
 119      AC436227 
 120 019b 73E434E5 		.ascii	"s\3444\345\014\012\032U\267\236xi%c\254FO\213\037\347"
 120      0C0A1A55 
 120      B79E7869 
 120      2563AC46 
 120      4F8B1FE7 
 121 01af FBB3D453 		.ascii	"\373\263\324S\206C\222\254\333\350\234x\356\354\203"
 121      864392AC 
 121      DBE89C78 
 121      EEEC83
 122 01be DE400827 		.ascii	"\336@\010'\257\301C\354\353\001\365\005\217\240\017"
 122      AFC143EC 
 122      EB01F505 
 122      8FA00F
 123 01cd D83A0477 		.ascii	"\330:\004w\303\337@\011\012\245\231\212\350\333\206"
 123      C3DF4009 
 123      0AA5998A 
 123      E8DB86
 124 01dc F716B0C2 		.ascii	"\367\026\260\302c\304\256\0027\272\304\036\020\204\234"
 124      63C4AE02 
 124      37BAC41E 
 124      10849C
ARM GAS  e:\temp\ccWHqRqf.s 			page 9


 125 01eb F6AD8EF7 		.ascii	"\366\255\216\367\2435\212d\016\342\330P&\031N\035Q\021"
 125      A3358A64 
 125      0EE2D850 
 125      26194E1D 
 125      5111
 126 01fd 0AA24CCF 		.ascii	"\012\242L\317lj\321L2\031\240\301\014\312 \350Wxy\264"
 126      6C6AD14C 
 126      3219A0C1 
 126      0CCA20E8 
 126      577879B4 
 127 0211 56A1AC46 		.ascii	"V\241\254F>\213R[9P\313\010\012M\251\275\335/\312\206"
 127      3E8B525B 
 127      3950CB08 
 127      0A4DA9BD 
 127      DD2FCA86 
 128 0225 41FA90B7 		.ascii	"A\372\220\267\242C\016\245&\340\211R\333\015/\035U "
 128      A2430EA5 
 128      26E08952 
 128      DB0D2F1D 
 128      5520
 129 0237 3BE268BC 		.ascii	";\342h\274\372\332\210\246*O\003\314\376\313yR\301\034"
 129      FADA88A6 
 129      2A4F03CC 
 129      FECB7952 
 129      C11C
 130 0249 465AFBDF 		.ascii	"FZ\373\337\206b\324\220\003A\211\356\315\225\376\014"
 130      8662D490 
 130      034189EE 
 130      CD95FE0C 
 131 0259 8A1D722C 		.ascii	"\212\035r, \245\375\260ish\032Q\276B{|\257\234\010\306"
 131      20A5FDB0 
 131      6973681A 
 131      51BE427B 
 131      7CAF9C08 
 132 026e 1792E440 		.ascii	"\027\222\344@\003\302q\025\236\3615\371\374\236\026"
 132      03C27115 
 132      9EF135F9 
 132      FC9E16
 133 027d 5F9DDBD5 		.ascii	"_\235\333\325\334\352\367\372j+]\315%'j+K].w\345\371"
 133      DCEAF7FA 
 133      6A2B5DCD 
 133      25276A2B 
 133      4B5D2E77 
 134 0293 AAEA2277 		.ascii	"\252\352\"w\331\331\212\352bwI\305\271B/\263y\033\033"
 134      D9D98AEA 
 134      627749C5 
 134      B9422FB3 
 134      791B1B
 135 02a6 4AEBAFD6 		.ascii	"J\353\257\326\327\371\374\231x-\363{\274-\365\315M\236"
 135      D7F9FC99 
 135      782DF37B 
 135      BC2DF5CD 
 135      4D9E
 136 02b8 468BDF77 		.ascii	"F\213\337w\251\306\323h\275\354\271\322\200\347\037"
 136      A9C6D368 
 136      BDECB9D2 
 136      80E71F
ARM GAS  e:\temp\ccWHqRqf.s 			page 10


 137 02c7 C4533A7B 		.ascii	"\304S:{"
 138              		.text
 139              		.section	.gnu.lto_PDSS_PORT0_FILT1_CLK_GetDividerRegister.6240ab60,"",%progbits
 140 0000 789C2D90 		.ascii	"x\234-\220\301K\002A\024\306\347\233YmA\312\356y\350"
 140      C14B0241 
 140      14C6E79B 
 140      596D41CA 
 140      EE79E8
 141 0013 981731A8 		.ascii	"\230\0271\250? \214\"\022\022\327\243\260\204\3555A"
 141      3F208C22 
 141      1212D7A3 
 141      B084ED35 
 141      41
 142 0024 EAECE8BA 		.ascii	"\352\354\350\272\005A\320\245\016\201\010\021X\226J"
 142      0541D0A5 
 142      0E810811 
 142      58964A
 143 0033 D7BAA810 		.ascii	"\327\272\250\020\201DAAt\350\020\021\036:\204\211\021"
 143      81444141 
 143      74E81011 
 143      1E3A8489 
 143      11
 144 0044 04B5CDC3 		.ascii	"\004\265\315\303\006\336\274\371f\276\367\336\217\321"
 144      06DEBCF9 
 144      66BEF7DE 
 144      8FD1
 145 0052 1818AD69 		.ascii	"\030\030\255i\225\302*\217\251\200`\340;7\214\345t\016"
 145      95C22A8F 
 145      A98060E0 
 145      3B378CE5 
 145      740E
 146 0064 D041EA60 		.ascii	"\320A\352`Y\216,>\371\017\307\245\373\325\360\367\271"
 146      598E2C3E 
 146      F90FC7A5 
 146      FBD5F0F7 
 146      B9
 147 0075 433625EF 		.ascii	"C6%\357\272\327E\037I`T\311\312a\275\247\007\313R\346"
 147      BAD7451F 
 147      496054C9 
 147      CA61BDA7 
 147      07CB52E6 
 148 0089 E5B3733E 		.ascii	"\345\263s>\223\263\235\011Gp\346r\206#\004PF\200F\034"
 148      93B39D09 
 148      4770E672 
 148      86230450 
 148      4680461C 
 149 009d 23C894F9 		.ascii	"#\310\224\371\345\354ww\330[\220j\215\223E\275T\340"
 149      E5EC7777 
 149      D85B906A 
 149      8D9345BD 
 149      54E0
 150 00af 25A47ABC 		.ascii	"%\244z\274!]\327\226\215{_\363\321\347\001s\204\020"
 150      215DD796 
 150      8D7B5FF3 
 150      D1E70173 
 150      8410
 151 00c1 B4698CDA 		.ascii	"\264i\214\332\261\256\012B\373\340\234\262\350\240\365"
ARM GAS  e:\temp\ccWHqRqf.s 			page 11


 151      B1AE0A42 
 151      FBE09CB2 
 151      E8A0F5
 152 00d0 BDF5504B 		.ascii	"\275\365PKR\275-\204\352\275\347\264n\207\210K\003\215"
 152      52BD2D84 
 152      EABDE7B4 
 152      6E87884B 
 152      038D
 153 00e2 6A3F350F 		.ascii	"j?5\017\374\003)7\012RSW\357\333\325\253\221\022\212"
 153      FC032937 
 153      0A525357 
 153      EFDBD5AB 
 153      91128A
 154 00f5 B9021CE1 		.ascii	"\271\002\034\341\301\251\302;!<TQ\002\353\300\356\315"
 154      C1A9C23B 
 154      213C5451 
 154      02EBC0EE 
 154      CD
 155 0106 315B60D0 		.ascii	"1[`\320n\377\242\337\366P\275\027:j\312\326A\276\267"
 155      6EFFA2DF 
 155      F650BD17 
 155      3A6ACAD6 
 155      41BEB7
 156 0119 F98AC140 		.ascii	"\371\212\301@M\371\330\033\370\277\242/\355r\020\231"
 156      4DF9D81B 
 156      F8BFA22F 
 156      ED721099 
 157 0129 E20CCD5B 		.ascii	"\342\014\315[\253Vfy\315Z1\215\364z&e%cF:2\225\214\315"
 157      AB566679 
 157      CD5A318D 
 157      F47A2665 
 157      2563463A 
 158 0141 1A86195B 		.ascii	"\032\206\031[\212'\302\346\334B41iF\242\213\241\024"
 158      8A27C2E6 
 158      DC423431 
 158      6946A28B 
 158      A114
 159 0153 FB030DCB 		.ascii	"\373\003\015\313x\272"
 159      78BA
 160              		.text
 161              		.section	.gnu.lto_PDSS_PORT0_FILT1_CLK_GetFractionalDividerRegister.6240ab60,"",%progbits
 162 0000 789C6361 		.ascii	"x\234ca`d\000\201i@l\000\304\322@\314\310\314\300\310"
 162      60640081 
 162      69406C00 
 162      C4D240CC 
 162      C8CCC0C8 
 163 0014 34E11C03 		.ascii	"4\341\034\003C#\007\023##\210\321\300\301\310P\317\304"
 163      43230713 
 163      232388D1 
 163      C0C1C850 
 163      CFC4
 164 0026 58CFF895 		.ascii	"X\317\370\225\351/\023\343\351\357'z\2704\2277445<8"
 164      E92F13E3 
 164      E9EF277A 
 164      B8349737 
 164      3434353C 
 165 003b FAD872FA 		.ascii	"\372\330r\372\212\003\214\255\314\014\014\377\231\030"
ARM GAS  e:\temp\ccWHqRqf.s 			page 12


 165      8A038CAD 
 165      CC0C0CFF 
 165      9918
 166 0049 188D6518 		.ascii	"\030\215e\030\015d@F,g\324d\000*}\264\361\337T^\266"
 166      0D644046 
 166      2C67D464 
 166      002A7DB4 
 166      F1DF545E 
 167 005e 96062050 		.ascii	"\226\006 P\000)\000\312\254`d\003Y\271>\350@\303\377"
 167      002900CA 
 167      AC606403 
 167      59B93EE8 
 167      40C3FF
 168 0071 FFCD0D07 		.ascii	"\377\315\015\007\346\363\035\334\307\007\224\371\000"
 168      E6F31DDC 
 168      C70794F9 
 168      00
 169 007e C420BB3E 		.ascii	"\304 \273>21\201h\346W\214M\007v\367\361\201\324\003"
 169      32318168 
 169      E6578C4D 
 169      0776F7F1 
 169      81D403
 170 0091 0D9AD67A 		.ascii	"\015\232\326z\350<\373\027&\240=\214\014\214+\031Av"
 170      E83CFB17 
 170      26A03D8C 
 170      0C8C2B19 
 170      4176
 171 00a3 00753082 		.ascii	"\000u0\202T\002\365\351\271\247\346\245\026%\226\244"
 171      5402F5E9 
 171      B9A7E6A5 
 171      162596A4 
 172 00b3 A6C407E7 		.ascii	"\246\304\007\347\227\026%\247\306\004\004\347;\233\304"
 172      971625A7 
 172      C60404E7 
 172      3B9BC4
 173 00c2 04B80407 		.ascii	"\004\270\004\007\307\007\370\007\205\030\304\273y\372"
 173      C707F807 
 173      8518C4BB 
 173      79FA
 174 00d0 8418C63B 		.ascii	"\204\030\306;\373x\353%3\000\000\241gF\274"
 174      FB78EB25 
 174      330000A1 
 174      6746BC
 175              		.text
 176              		.section	.gnu.lto_.symbol_nodes.6240ab60,"",%progbits
 177 0000 789C6361 		.ascii	"x\234ca`d\010g\000\002&\206z\006\206\011\347\030@\324"
 177      60640867 
 177      00022686 
 177      7A068609 
 177      E71840D4 
 178 0014 AE0645A0 		.ascii	"\256\006E\240\000c=#\252\000S=\023\252\000s=3\252\000"
 178      00633D23 
 178      AA00533D 
 178      13AA0073 
 178      3D33AA00 
 179 0028 4B3D0B8A 		.ascii	"K=\013\212\000\003\000U/\023\016"
 179      00030055 
ARM GAS  e:\temp\ccWHqRqf.s 			page 13


 179      2F130E
 180              		.text
 181              		.section	.gnu.lto_.refs.6240ab60,"",%progbits
 182 0000 789C6361 		.ascii	"x\234ca`\004B \000\000\0009\000\007"
 182      60044220 
 182      00000039 
 182      0007
 183              		.text
 184              		.section	.gnu.lto_.decls.6240ab60,"",%progbits
 185 0000 789C8D54 		.ascii	"x\234\215ToLSW\024\277\347\275G\205GQC\314\302\226&"
 185      6F4C5357 
 185      14BFE7BD 
 185      47854751 
 185      43CCC296 
 186 0015 632EA1FD 		.ascii	"c.\241\375\324\211\230\305O\333\022\030\33523\211(\237"
 186      D48998C5 
 186      4FDB1218 
 186      DD323389 
 186      289F
 187 0027 4C1AC417 		.ascii	"L\032\304\027%1`j5\363\323\356\30648\367\001\226\314"
 187      2531606A 
 187      35F3D3EE 
 187      C63438F7 
 187      0196CC
 188 003a 8D0EA662 		.ascii	"\215\016\246b\346\212 \255\026\025t\253\235N\376\011"
 188      E68A20AD 
 188      161574AB 
 188      9D4EFE09 
 189 004a 0E282473 		.ascii	"\016($sd\243\033\270l\323,\335f\246`\360\355\334\373"
 189      64A31BB8 
 189      6CD32CDD 
 189      66A660F0 
 189      EDDCFB
 190 005d 5EFB5EF1 		.ascii	"^\373^\361\261\354\246\347\275{\317;\347\374~\347O\257"
 190      B1ECA6E7 
 190      BD7BCF3B 
 190      E7FC7EE7 
 190      4FAF
 191 006f 4480B0B5 		.ascii	"D\200\260\265\333F\310F\334\356AQq\341\221T\021ce\241"
 191      DB46C846 
 191      DCEE4151 
 191      71E19154 
 191      116365A1 
 192 0083 5C40E945 		.ascii	"\\@\351E\031@\031F\031%O.f\223\243\373\346\243\254A"
 192      19401946 
 192      19254F2E 
 192      6693A3FB 
 192      E6A3AC41 
 193 0097 09A13851 		.ascii	"\011\2418Q\306P\246P&Q6\353\366\240\373,]\275:f\225"
 193      C650A650 
 193      265136EB 
 193      F6A0FB2C 
 193      5DBD3A66 
 194 00ac 856FCAAF 		.ascii	"\205o\312\257\327\302\217q\223\227\340_G\211\232xXq"
 194      D7C28F71 
 194      9397E05F 
 194      47899A78 
ARM GAS  e:\temp\ccWHqRqf.s 			page 14


 194      5871
 195 00be 18B088C5 		.ascii	"\030\260\210\305r\\\261$\316r\376\303\026\376\243\372"
 195      725CB124 
 195      CE72FEC3 
 195      16FEA3FA 
 196 00ce B7A8C9CE 		.ascii	"\267\250\311\316\252f\213\002\250m\335\301\234i\270"
 196      AA668B02 
 196      A86DDDC1 
 196      9C69B8
 197 00dd 0D02E80D 		.ascii	"\015\002\350\015!\000\332\023\270\020M\370\0217\002"
 197      2100DA13 
 197      B8104DF8 
 197      113702
 198 00ec 7F92B42A 		.ascii	"\177\222\264*\375\"\354I4{\2563\202\361_\352\255\246"
 198      FD22EC49 
 198      347BAE33 
 198      82F15FEA 
 198      ADA6
 199 00fe 160F6244 		.ascii	"\026\017bD\007\335\011\322\0144/\355\273\240\233\021"
 199      07DD09D2 
 199      0C342FED 
 199      BBA09B11 
 200 010e 2DB86038 		.ascii	"-\270`8\230\342itM\234 3'H%}g!9\"\213\030\023\3673\363"
 200      98E26974 
 200      4D9C2033 
 200      2748257D 
 200      67213922 
 201 0128 C1727717 		.ascii	"\301rw\027\305\325D\251\360\262Q\231\037\006;:\305\373"
 201      C5D544A9 
 201      F0B25199 
 201      1F063B3A 
 201      C5FB
 202 013a 02386560 		.ascii	"\0028e`\341W\241*t\257o>OS1\213\341\231;\177\345\210"
 202      E157A12A 
 202      74AF6F3E 
 202      4F53318B 
 202      E1993B7F 
 203 0150 2EBE1F7F 		.ascii	".\276\037\177/\334\312\254\363e\220\360\370\347h`v%"
 203      2FDCCAAC 
 203      F36590F0 
 203      F8E76860 
 203      7625
 204 0162 1ED7C850 		.ascii	"\036\327\310P\270(\010\023-\367fl \273\032)}\22765\320"
 204      B8280813 
 204      2DF7666C 
 204      20BB1A29 
 204      7D973635 
 205 0177 FCD70874 		.ascii	"\374\327\010t\203\003\316\202\203@\030\\,b\007\270\011"
 205      8303CE82 
 205      8340185C 
 205      2C6207B8 
 205      09
 206 0188 74A2F20C 		.ascii	"t\242\362\014*O3B\211\253}/\365Q\272\032B C\027\210"
 206      2A4F3342 
 206      89AB7D2F 
 206      F551BA1A 
 206      42204317 
ARM GAS  e:\temp\ccWHqRqf.s 			page 15


 207 019d DC04D370 		.ascii	"\334\004\323p\312z\357\022=M\202$\240\206\031\354\220"
 207      CA7AEF12 
 207      3D4D8224 
 207      A08619EC 
 207      90
 208 01ae 98EE86FA 		.ascii	"\230\356\206\372 \266J\343!\340q\"9\322\226\253\361"
 208      20B64AE3 
 208      21E07122 
 208      39D296AB 
 208      F1
 209 01bf 588DC7A9 		.ascii	"X\215\307\251\326d<\267\340\030\013N\033h\241\000UO"
 209      D6643CB7 
 209      E0180B4E 
 209      1B68A100 
 209      554F
 210 01d1 410421CF 		.ascii	"A\004!\317#$\201\036(\300\3479\220\264\360\363\311\340"
 210      2324811E 
 210      28C0E739 
 210      90B4F0F3 
 210      C9E0
 211 01e3 68CEDA13 		.ascii	"h\316\332\023\364D\230&\342\375\316c\0154\210n\205\314"
 211      F4449826 
 211      E2FDCE63 
 211      0D34886E 
 211      85CC
 212 01f5 0C82061B 		.ascii	"\014\202\006\033\334\262\327\0270\215\325\276\000k\321"
 212      DCB2D717 
 212      308DD5BE 
 212      006BD1
 213 0204 F3F7E94F 		.ascii	"\363\367\351O\237\027)\360\302\334\215\266\250y\313"
 213      9F1729F0 
 213      C2DC8DB6 
 213      A879CB
 214 0213 425EE290 		.ascii	"B^\342\220;t\304\311\241_fl\032b\354q\277\235\216\241"
 214      3B74C4C9 
 214      A15F666C 
 214      1A62EC71 
 214      BF9D8EA1 
 215 0227 CF2BCC06 		.ascii	"\317+\314\006.\032x\027\315x\275\034/r\274kQ\022\003"
 215      2E1A7817 
 215      CD78BD1C 
 215      2F72BC6B 
 215      511203
 216 023a 1A60E8D0 		.ascii	"\032`\350\320\\G6\246\354\300\276\201\251i\016\255i"
 216      5C4736A6 
 216      ECC0BE81 
 216      A9690EAD 
 216      69
 217 024b 2DCDB38F 		.ascii	"-\315\263\217s\305\021n+\304g;\177\223\300%\353\345"
 217      73C5116E 
 217      2BC4673B 
 217      7F93C025 
 217      EBE5
 218 025d 3EA7953B 		.ascii	">\247\225;\212\325\374\322\000t\260r\363\316%\333\251"
 218      8AD5FCD2 
 218      0074B072 
 218      F3CE25DB 
ARM GAS  e:\temp\ccWHqRqf.s 			page 16


 218      A9
 219 026e AD804089 		.ascii	"\255\200@\211\003\326a\337\276\302\2769\364\276]\301"
 219      03D661DF 
 219      BEC2BE39 
 219      F4BE5DC1 
 220 027e 8C2E6346 		.ascii	"\214.cFl\270>>~\327\306\273\022Mw\345\363\205GI6\035"
 220      6CB83E3E 
 220      7ED7C6BB 
 220      124D77E5 
 220      F3854749 
 221 0294 456C9644 		.ascii	"El\226D\023\251\"\215T\360d\177D\026'4R\177\364\014"
 221      13A9228D 
 221      54F0647F 
 221      44162734 
 221      527FF40C 
 222 02a8 7C97971A 		.ascii	"|\227\227\032\026\254\231\354\"\351\212\3017\010Z\244"
 222      16AC99EC 
 222      22E98AC1 
 222      37085AA4 
 223 02b8 837E8DCA 		.ascii	"\203~\215\312XjXb\201g\251\000\327\021\362\232A\275"
 223      586A5862 
 223      8167A900 
 223      D711F29A 
 223      41BD
 224 02ca 489F9491 		.ascii	"H\237\224\22115h\347\234\230\301U\340\244~]X\220\226"
 224      313568E7 
 224      9C98C155 
 224      E0A47E5D 
 224      589096
 225 02dd 6D4C3F6F 		.ascii	"mL?o\314\215\324,\204\346\002\335Bj\026\016{~>O\351"
 225      CC8DD42C 
 225      84E602DD 
 225      426A160E 
 225      7B7E3E4F 
 226 02f2 21F49398 		.ascii	"!\364\223\230\035\364\031\200}\346\346\014\360\346|"
 226      1DF41980 
 226      7DE6E60C 
 226      F0E67C
 227 0301 18FF6C52 		.ascii	"\030\377lR\022ok\315\271\177\255\353\357\014P\306\307"
 227      126F6BCD 
 227      B97FADEB 
 227      EF0C50C6 
 227      C7
 228 0312 401DCA18 		.ascii	"@\035\312\030\207\360\341\246D\226>\016\343G\355-4\206"
 228      87F0E1A6 
 228      44963E0E 
 228      E347ED2D 
 228      3486
 229 0324 F5C024D1 		.ascii	"\365\300$\321\012\006\015\314A3\3460\307|\230\230{\220"
 229      0A060DCC 
 229      4133E630 
 229      C77C9898 
 229      7B90
 230 0336 27BEA3FD 		.ascii	"'\276\243\375\303\333\232N\235\311\030\372h\006\346"
 230      C3DB9A4E 
 230      9DC918FA 
 230      6806E6
ARM GAS  e:\temp\ccWHqRqf.s 			page 17


 231 0345 482666E4 		.ascii	"H&f\344J{6b\206\021\263\355\226\230\306D+\270i`\336"
 231      4A7B3662 
 231      8611B3ED 
 231      9698C644 
 231      2BB86960 
 232 035a 34638E32 		.ascii	"4c\2162L\361\324\331G\247WbT\366\223\003\024\273\227"
 232      4CF1D4D9 
 232      47A75762 
 232      54F69303 
 232      14BB97
 233 036d 54D5B755 		.ascii	"T\325\267Uu\005\214\201L\270\2026\267\22756?\303\025"
 233      75058C81 
 233      4CB88236 
 233      B7973536 
 233      3FC315
 234 0380 8DFCCAC9 		.ascii	"\215\374\312\311\274\012\010\377B\340[<\337b\335\306"
 234      BC0A08FF 
 234      42E05B3C 
 234      DF62DDC6 
 235 0390 23723AF2 		.ascii	"#r:\362\323G\337g\311\215\214\375\377\271;\320\343\362"
 235      D347DF67 
 235      C98D8CFD 
 235      FFB93BD0 
 235      E3F2
 236 03a2 8FB4354B 		.ascii	"\217\2645K\214\360\374\205\251\243\227>\021\215!?\271"
 236      8CF0FC85 
 236      A9A3973E 
 236      118D213F 
 236      B9
 237 03b3 ADF908CB 		.ascii	"\255\371\010\313h\022\2530ad4\016\372\230?\011\022\267"
 237      6812AB30 
 237      6164340E 
 237      FA983F09 
 237      12B7
 238 03c5 06F9E7E1 		.ascii	"\006\371\347\341\320\007v\373\373\351+\215G4R\231\002"
 238      D00776FB 
 238      FBE92B8D 
 238      47345299 
 238      02
 239 03d6 3BBF79D9 		.ascii	";\277y\331\333QQVY\351\255\330\274e\353:o\371\353\233"
 239      DB515156 
 239      59E9ADD8 
 239      BC65EB3A 
 239      6FF9EB9B 
 240 03ea B6167B4B 		.ascii	"\266\026{K7\275\341\255\364W\373\374\257\276\225\355"
 240      37BDE1AD 
 240      F457FBFC 
 240      AFBE95ED 
 241 03fa 79735B61 		.ascii	"ys[aiq1\261\355\257\255\363\227\254\177\316\243\324"
 241      697131B1 
 241      EDAFADF3 
 241      97AC7FCE 
 241      A3D4
 242 040c 29BE6ABF 		.ascii	")\276j\277\262\323[Y\277\337W\243l\257\250\254/\335"
 242      B2D35B59 
 242      BFDF57A3 
 242      6CAFA8AC 
ARM GAS  e:\temp\ccWHqRqf.s 			page 18


 242      2FDD
 243 041e F042CD41 		.ascii	"\360B\315A\377\301\275\312>\367n\342\266\266\330n\205"
 243      FFC1BDCA 
 243      3EF76EE2 
 243      B6B6D86E 
 243      85
 244 042f E2AE214F 		.ascii	"\342\256!O/\203^\277\267\330\372\213\342/\367U\327\370"
 244      2F835EBF 
 244      B7D8FA8B 
 244      E22FF755 
 244      D7F8
 245 0441 6BEBEBAA 		.ascii	"k\353\353\252\367\224\325\036\250\335\251\370\266(\273"
 245      F794D51E 
 245      A8DDA9F8 
 245      B628BB
 246 0450 6AF7F915 		.ascii	"j\367\371\025_\026\343\270\2213-~\321i\351\356Q\374"
 246      5F16E3B8 
 246      91332D7E 
 246      D169E9EE 
 246      51FC
 247 0462 4B9CAC61 		.ascii	"K\234\254a<\377\005\343Sv\225\254\377\027h\230OI"
 247      3CFF05E3 
 247      537695AC 
 247      FF176898 
 247      4F49
 248              		.text
 249              		.section	.gnu.lto_.symtab.6240ab60,"",%progbits
 250 0000 50445353 		.ascii	"PDSS_PORT0_FILT1_CLK_StartEx\000"
 250      5F504F52 
 250      54305F46 
 250      494C5431 
 250      5F434C4B 
 251 001d 00       		.ascii	"\000"
 252 001e 00       		.ascii	"\000"
 253 001f 00       		.ascii	"\000"
 254 0020 00000000 		.ascii	"\000\000\000\000\000\000\000\000"
 254      00000000 
 255 0028 B5000000 		.ascii	"\265\000\000\000"
 256 002c 50445353 		.ascii	"PDSS_PORT0_FILT1_CLK_Stop\000"
 256      5F504F52 
 256      54305F46 
 256      494C5431 
 256      5F434C4B 
 257 0046 00       		.ascii	"\000"
 258 0047 00       		.ascii	"\000"
 259 0048 00       		.ascii	"\000"
 260 0049 00000000 		.ascii	"\000\000\000\000\000\000\000\000"
 260      00000000 
 261 0051 B8000000 		.ascii	"\270\000\000\000"
 262 0055 50445353 		.ascii	"PDSS_PORT0_FILT1_CLK_SetFractionalDividerRegister\000"
 262      5F504F52 
 262      54305F46 
 262      494C5431 
 262      5F434C4B 
 263 0087 00       		.ascii	"\000"
 264 0088 00       		.ascii	"\000"
 265 0089 00       		.ascii	"\000"
ARM GAS  e:\temp\ccWHqRqf.s 			page 19


 266 008a 00000000 		.ascii	"\000\000\000\000\000\000\000\000"
 266      00000000 
 267 0092 C7000000 		.ascii	"\307\000\000\000"
 268 0096 50445353 		.ascii	"PDSS_PORT0_FILT1_CLK_GetDividerRegister\000"
 268      5F504F52 
 268      54305F46 
 268      494C5431 
 268      5F434C4B 
 269 00be 00       		.ascii	"\000"
 270 00bf 00       		.ascii	"\000"
 271 00c0 00       		.ascii	"\000"
 272 00c1 00000000 		.ascii	"\000\000\000\000\000\000\000\000"
 272      00000000 
 273 00c9 CA000000 		.ascii	"\312\000\000\000"
 274 00cd 50445353 		.ascii	"PDSS_PORT0_FILT1_CLK_GetFractionalDividerRegister\000"
 274      5F504F52 
 274      54305F46 
 274      494C5431 
 274      5F434C4B 
 275 00ff 00       		.ascii	"\000"
 276 0100 00       		.ascii	"\000"
 277 0101 00       		.ascii	"\000"
 278 0102 00000000 		.ascii	"\000\000\000\000\000\000\000\000"
 278      00000000 
 279 010a CD000000 		.ascii	"\315\000\000\000"
 280              		.text
 281              		.section	.gnu.lto_.opts,"",%progbits
 282 0000 272D666D 		.ascii	"'-fmath-errno' '-fsigned-zeros' '-ftrapping-math' '"
 282      6174682D 
 282      6572726E 
 282      6F272027 
 282      2D667369 
 283 0033 2D666E6F 		.ascii	"-fno-trapv' '-fno-openmp' '-fno-openacc' '-mcpu=cor"
 283      2D747261 
 283      70762720 
 283      272D666E 
 283      6F2D6F70 
 284 0066 7465782D 		.ascii	"tex-m0' '-mthumb' '-g' '-Os' '-Werror' '-ffunction-"
 284      6D302720 
 284      272D6D74 
 284      68756D62 
 284      2720272D 
 285 0099 73656374 		.ascii	"sections' '-ffat-lto-objects' '-finline-functions' "
 285      696F6E73 
 285      2720272D 
 285      66666174 
 285      2D6C746F 
 286 00cc 272D666C 		.ascii	"'-flto' '-fno-strict-aliasing'\000"
 286      746F2720 
 286      272D666E 
 286      6F2D7374 
 286      72696374 
 287              		.text
 288              		.cfi_sections	.debug_frame
 289              		.section	.text.PDSS_PORT0_FILT1_CLK_StartEx,"ax",%progbits
 290              		.align	1
 291              		.global	PDSS_PORT0_FILT1_CLK_StartEx
ARM GAS  e:\temp\ccWHqRqf.s 			page 20


 292              		.code	16
 293              		.thumb_func
 294              		.type	PDSS_PORT0_FILT1_CLK_StartEx, %function
 295              	PDSS_PORT0_FILT1_CLK_StartEx:
 296              	.LFB0:
 297              		.file 1 "Generated_Source\\PSoC4\\PDSS_PORT0_FILT1_CLK.c"
   1:Generated_Source\PSoC4/PDSS_PORT0_FILT1_CLK.c **** /*******************************************************************************
   2:Generated_Source\PSoC4/PDSS_PORT0_FILT1_CLK.c **** * File Name: PDSS_PORT0_FILT1_CLK.c
   3:Generated_Source\PSoC4/PDSS_PORT0_FILT1_CLK.c **** * Version 2.20
   4:Generated_Source\PSoC4/PDSS_PORT0_FILT1_CLK.c **** *
   5:Generated_Source\PSoC4/PDSS_PORT0_FILT1_CLK.c **** *  Description:
   6:Generated_Source\PSoC4/PDSS_PORT0_FILT1_CLK.c **** *   Provides system API for the clocking, interrupts and watchdog timer.
   7:Generated_Source\PSoC4/PDSS_PORT0_FILT1_CLK.c **** *
   8:Generated_Source\PSoC4/PDSS_PORT0_FILT1_CLK.c **** *  Note:
   9:Generated_Source\PSoC4/PDSS_PORT0_FILT1_CLK.c **** *   Documentation of the API's in this file is located in the
  10:Generated_Source\PSoC4/PDSS_PORT0_FILT1_CLK.c **** *   System Reference Guide provided with PSoC Creator.
  11:Generated_Source\PSoC4/PDSS_PORT0_FILT1_CLK.c **** *
  12:Generated_Source\PSoC4/PDSS_PORT0_FILT1_CLK.c **** ********************************************************************************
  13:Generated_Source\PSoC4/PDSS_PORT0_FILT1_CLK.c **** * Copyright 2008-2012, Cypress Semiconductor Corporation.  All rights reserved.
  14:Generated_Source\PSoC4/PDSS_PORT0_FILT1_CLK.c **** * You may use this file only in accordance with the license, terms, conditions,
  15:Generated_Source\PSoC4/PDSS_PORT0_FILT1_CLK.c **** * disclaimers, and limitations in the end user license agreement accompanying
  16:Generated_Source\PSoC4/PDSS_PORT0_FILT1_CLK.c **** * the software package with which this file was provided.
  17:Generated_Source\PSoC4/PDSS_PORT0_FILT1_CLK.c **** *******************************************************************************/
  18:Generated_Source\PSoC4/PDSS_PORT0_FILT1_CLK.c **** 
  19:Generated_Source\PSoC4/PDSS_PORT0_FILT1_CLK.c **** #include <cydevice_trm.h>
  20:Generated_Source\PSoC4/PDSS_PORT0_FILT1_CLK.c **** #include "PDSS_PORT0_FILT1_CLK.h"
  21:Generated_Source\PSoC4/PDSS_PORT0_FILT1_CLK.c **** 
  22:Generated_Source\PSoC4/PDSS_PORT0_FILT1_CLK.c **** #if defined CYREG_PERI_DIV_CMD
  23:Generated_Source\PSoC4/PDSS_PORT0_FILT1_CLK.c **** 
  24:Generated_Source\PSoC4/PDSS_PORT0_FILT1_CLK.c **** /*******************************************************************************
  25:Generated_Source\PSoC4/PDSS_PORT0_FILT1_CLK.c **** * Function Name: PDSS_PORT0_FILT1_CLK_StartEx
  26:Generated_Source\PSoC4/PDSS_PORT0_FILT1_CLK.c **** ********************************************************************************
  27:Generated_Source\PSoC4/PDSS_PORT0_FILT1_CLK.c **** *
  28:Generated_Source\PSoC4/PDSS_PORT0_FILT1_CLK.c **** * Summary:
  29:Generated_Source\PSoC4/PDSS_PORT0_FILT1_CLK.c **** *  Starts the clock, aligned to the specified running clock.
  30:Generated_Source\PSoC4/PDSS_PORT0_FILT1_CLK.c **** *
  31:Generated_Source\PSoC4/PDSS_PORT0_FILT1_CLK.c **** * Parameters:
  32:Generated_Source\PSoC4/PDSS_PORT0_FILT1_CLK.c **** *  alignClkDiv:  The divider to which phase alignment is performed when the
  33:Generated_Source\PSoC4/PDSS_PORT0_FILT1_CLK.c **** *    clock is started.
  34:Generated_Source\PSoC4/PDSS_PORT0_FILT1_CLK.c **** *
  35:Generated_Source\PSoC4/PDSS_PORT0_FILT1_CLK.c **** * Returns:
  36:Generated_Source\PSoC4/PDSS_PORT0_FILT1_CLK.c **** *  None
  37:Generated_Source\PSoC4/PDSS_PORT0_FILT1_CLK.c **** *
  38:Generated_Source\PSoC4/PDSS_PORT0_FILT1_CLK.c **** *******************************************************************************/
  39:Generated_Source\PSoC4/PDSS_PORT0_FILT1_CLK.c **** void PDSS_PORT0_FILT1_CLK_StartEx(uint32 alignClkDiv)
  40:Generated_Source\PSoC4/PDSS_PORT0_FILT1_CLK.c **** {
 298              		.loc 1 40 0
 299              		.cfi_startproc
 300              		@ args = 0, pretend = 0, frame = 0
 301              		@ frame_needed = 0, uses_anonymous_args = 0
 302              		@ link register save eliminated.
 303              	.LVL0:
  41:Generated_Source\PSoC4/PDSS_PORT0_FILT1_CLK.c ****     /* Make sure any previous start command has finished. */
  42:Generated_Source\PSoC4/PDSS_PORT0_FILT1_CLK.c ****     while((PDSS_PORT0_FILT1_CLK_CMD_REG & PDSS_PORT0_FILT1_CLK_CMD_ENABLE_MASK) != 0u)
 304              		.loc 1 42 0
 305 0000 044A     		ldr	r2, .L5
 306              	.L2:
ARM GAS  e:\temp\ccWHqRqf.s 			page 21


 307              		.loc 1 42 0 is_stmt 0 discriminator 1
 308 0002 1368     		ldr	r3, [r2]
 309 0004 002B     		cmp	r3, #0
 310 0006 FCDB     		blt	.L2
  43:Generated_Source\PSoC4/PDSS_PORT0_FILT1_CLK.c ****     {
  44:Generated_Source\PSoC4/PDSS_PORT0_FILT1_CLK.c ****     }
  45:Generated_Source\PSoC4/PDSS_PORT0_FILT1_CLK.c ****     
  46:Generated_Source\PSoC4/PDSS_PORT0_FILT1_CLK.c ****     /* Specify the target divider and it's alignment divider, and enable. */
  47:Generated_Source\PSoC4/PDSS_PORT0_FILT1_CLK.c ****     PDSS_PORT0_FILT1_CLK_CMD_REG =
  48:Generated_Source\PSoC4/PDSS_PORT0_FILT1_CLK.c ****         ((uint32)PDSS_PORT0_FILT1_CLK__DIV_ID << PDSS_PORT0_FILT1_CLK_CMD_DIV_SHIFT)|
  49:Generated_Source\PSoC4/PDSS_PORT0_FILT1_CLK.c ****         (alignClkDiv << PDSS_PORT0_FILT1_CLK_CMD_PA_DIV_SHIFT) |
 311              		.loc 1 49 0 is_stmt 1
 312 0008 034B     		ldr	r3, .L5+4
 313 000a 0002     		lsls	r0, r0, #8
 314              	.LVL1:
 315 000c 1843     		orrs	r0, r3
  47:Generated_Source\PSoC4/PDSS_PORT0_FILT1_CLK.c ****         ((uint32)PDSS_PORT0_FILT1_CLK__DIV_ID << PDSS_PORT0_FILT1_CLK_CMD_DIV_SHIFT)|
 316              		.loc 1 47 0
 317 000e 014B     		ldr	r3, .L5
  50:Generated_Source\PSoC4/PDSS_PORT0_FILT1_CLK.c ****         (uint32)PDSS_PORT0_FILT1_CLK_CMD_ENABLE_MASK;
  51:Generated_Source\PSoC4/PDSS_PORT0_FILT1_CLK.c **** }
 318              		.loc 1 51 0
 319              		@ sp needed
  47:Generated_Source\PSoC4/PDSS_PORT0_FILT1_CLK.c ****         ((uint32)PDSS_PORT0_FILT1_CLK__DIV_ID << PDSS_PORT0_FILT1_CLK_CMD_DIV_SHIFT)|
 320              		.loc 1 47 0
 321 0010 1860     		str	r0, [r3]
 322              		.loc 1 51 0
 323 0012 7047     		bx	lr
 324              	.L6:
 325              		.align	2
 326              	.L5:
 327 0014 00000140 		.word	1073807360
 328 0018 40000080 		.word	-2147483584
 329              		.cfi_endproc
 330              	.LFE0:
 331              		.size	PDSS_PORT0_FILT1_CLK_StartEx, .-PDSS_PORT0_FILT1_CLK_StartEx
 332              		.section	.text.PDSS_PORT0_FILT1_CLK_Stop,"ax",%progbits
 333              		.align	1
 334              		.global	PDSS_PORT0_FILT1_CLK_Stop
 335              		.code	16
 336              		.thumb_func
 337              		.type	PDSS_PORT0_FILT1_CLK_Stop, %function
 338              	PDSS_PORT0_FILT1_CLK_Stop:
 339              	.LFB1:
  52:Generated_Source\PSoC4/PDSS_PORT0_FILT1_CLK.c **** 
  53:Generated_Source\PSoC4/PDSS_PORT0_FILT1_CLK.c **** #else
  54:Generated_Source\PSoC4/PDSS_PORT0_FILT1_CLK.c **** 
  55:Generated_Source\PSoC4/PDSS_PORT0_FILT1_CLK.c **** /*******************************************************************************
  56:Generated_Source\PSoC4/PDSS_PORT0_FILT1_CLK.c **** * Function Name: PDSS_PORT0_FILT1_CLK_Start
  57:Generated_Source\PSoC4/PDSS_PORT0_FILT1_CLK.c **** ********************************************************************************
  58:Generated_Source\PSoC4/PDSS_PORT0_FILT1_CLK.c **** *
  59:Generated_Source\PSoC4/PDSS_PORT0_FILT1_CLK.c **** * Summary:
  60:Generated_Source\PSoC4/PDSS_PORT0_FILT1_CLK.c **** *  Starts the clock.
  61:Generated_Source\PSoC4/PDSS_PORT0_FILT1_CLK.c **** *
  62:Generated_Source\PSoC4/PDSS_PORT0_FILT1_CLK.c **** * Parameters:
  63:Generated_Source\PSoC4/PDSS_PORT0_FILT1_CLK.c **** *  None
  64:Generated_Source\PSoC4/PDSS_PORT0_FILT1_CLK.c **** *
ARM GAS  e:\temp\ccWHqRqf.s 			page 22


  65:Generated_Source\PSoC4/PDSS_PORT0_FILT1_CLK.c **** * Returns:
  66:Generated_Source\PSoC4/PDSS_PORT0_FILT1_CLK.c **** *  None
  67:Generated_Source\PSoC4/PDSS_PORT0_FILT1_CLK.c **** *
  68:Generated_Source\PSoC4/PDSS_PORT0_FILT1_CLK.c **** *******************************************************************************/
  69:Generated_Source\PSoC4/PDSS_PORT0_FILT1_CLK.c **** 
  70:Generated_Source\PSoC4/PDSS_PORT0_FILT1_CLK.c **** void PDSS_PORT0_FILT1_CLK_Start(void)
  71:Generated_Source\PSoC4/PDSS_PORT0_FILT1_CLK.c **** {
  72:Generated_Source\PSoC4/PDSS_PORT0_FILT1_CLK.c ****     /* Set the bit to enable the clock. */
  73:Generated_Source\PSoC4/PDSS_PORT0_FILT1_CLK.c ****     PDSS_PORT0_FILT1_CLK_ENABLE_REG |= PDSS_PORT0_FILT1_CLK__ENABLE_MASK;
  74:Generated_Source\PSoC4/PDSS_PORT0_FILT1_CLK.c **** }
  75:Generated_Source\PSoC4/PDSS_PORT0_FILT1_CLK.c **** 
  76:Generated_Source\PSoC4/PDSS_PORT0_FILT1_CLK.c **** #endif /* CYREG_PERI_DIV_CMD */
  77:Generated_Source\PSoC4/PDSS_PORT0_FILT1_CLK.c **** 
  78:Generated_Source\PSoC4/PDSS_PORT0_FILT1_CLK.c **** 
  79:Generated_Source\PSoC4/PDSS_PORT0_FILT1_CLK.c **** /*******************************************************************************
  80:Generated_Source\PSoC4/PDSS_PORT0_FILT1_CLK.c **** * Function Name: PDSS_PORT0_FILT1_CLK_Stop
  81:Generated_Source\PSoC4/PDSS_PORT0_FILT1_CLK.c **** ********************************************************************************
  82:Generated_Source\PSoC4/PDSS_PORT0_FILT1_CLK.c **** *
  83:Generated_Source\PSoC4/PDSS_PORT0_FILT1_CLK.c **** * Summary:
  84:Generated_Source\PSoC4/PDSS_PORT0_FILT1_CLK.c **** *  Stops the clock and returns immediately. This API does not require the
  85:Generated_Source\PSoC4/PDSS_PORT0_FILT1_CLK.c **** *  source clock to be running but may return before the hardware is actually
  86:Generated_Source\PSoC4/PDSS_PORT0_FILT1_CLK.c **** *  disabled.
  87:Generated_Source\PSoC4/PDSS_PORT0_FILT1_CLK.c **** *
  88:Generated_Source\PSoC4/PDSS_PORT0_FILT1_CLK.c **** * Parameters:
  89:Generated_Source\PSoC4/PDSS_PORT0_FILT1_CLK.c **** *  None
  90:Generated_Source\PSoC4/PDSS_PORT0_FILT1_CLK.c **** *
  91:Generated_Source\PSoC4/PDSS_PORT0_FILT1_CLK.c **** * Returns:
  92:Generated_Source\PSoC4/PDSS_PORT0_FILT1_CLK.c **** *  None
  93:Generated_Source\PSoC4/PDSS_PORT0_FILT1_CLK.c **** *
  94:Generated_Source\PSoC4/PDSS_PORT0_FILT1_CLK.c **** *******************************************************************************/
  95:Generated_Source\PSoC4/PDSS_PORT0_FILT1_CLK.c **** void PDSS_PORT0_FILT1_CLK_Stop(void)
  96:Generated_Source\PSoC4/PDSS_PORT0_FILT1_CLK.c **** {
 340              		.loc 1 96 0
 341              		.cfi_startproc
 342              		@ args = 0, pretend = 0, frame = 0
 343              		@ frame_needed = 0, uses_anonymous_args = 0
 344              		@ link register save eliminated.
  97:Generated_Source\PSoC4/PDSS_PORT0_FILT1_CLK.c **** #if defined CYREG_PERI_DIV_CMD
  98:Generated_Source\PSoC4/PDSS_PORT0_FILT1_CLK.c **** 
  99:Generated_Source\PSoC4/PDSS_PORT0_FILT1_CLK.c ****     /* Make sure any previous start command has finished. */
 100:Generated_Source\PSoC4/PDSS_PORT0_FILT1_CLK.c ****     while((PDSS_PORT0_FILT1_CLK_CMD_REG & PDSS_PORT0_FILT1_CLK_CMD_ENABLE_MASK) != 0u)
 345              		.loc 1 100 0
 346 0000 034A     		ldr	r2, .L10
 347              	.L8:
 348              		.loc 1 100 0 is_stmt 0 discriminator 1
 349 0002 1368     		ldr	r3, [r2]
 350 0004 002B     		cmp	r3, #0
 351 0006 FCDB     		blt	.L8
 101:Generated_Source\PSoC4/PDSS_PORT0_FILT1_CLK.c ****     {
 102:Generated_Source\PSoC4/PDSS_PORT0_FILT1_CLK.c ****     }
 103:Generated_Source\PSoC4/PDSS_PORT0_FILT1_CLK.c ****     
 104:Generated_Source\PSoC4/PDSS_PORT0_FILT1_CLK.c ****     /* Specify the target divider and it's alignment divider, and disable. */
 105:Generated_Source\PSoC4/PDSS_PORT0_FILT1_CLK.c ****     PDSS_PORT0_FILT1_CLK_CMD_REG =
 352              		.loc 1 105 0 is_stmt 1
 353 0008 024A     		ldr	r2, .L10+4
 354 000a 014B     		ldr	r3, .L10
 106:Generated_Source\PSoC4/PDSS_PORT0_FILT1_CLK.c ****         ((uint32)PDSS_PORT0_FILT1_CLK__DIV_ID << PDSS_PORT0_FILT1_CLK_CMD_DIV_SHIFT)|
ARM GAS  e:\temp\ccWHqRqf.s 			page 23


 107:Generated_Source\PSoC4/PDSS_PORT0_FILT1_CLK.c ****         ((uint32)PDSS_PORT0_FILT1_CLK_CMD_DISABLE_MASK);
 108:Generated_Source\PSoC4/PDSS_PORT0_FILT1_CLK.c **** 
 109:Generated_Source\PSoC4/PDSS_PORT0_FILT1_CLK.c **** #else
 110:Generated_Source\PSoC4/PDSS_PORT0_FILT1_CLK.c **** 
 111:Generated_Source\PSoC4/PDSS_PORT0_FILT1_CLK.c ****     /* Clear the bit to disable the clock. */
 112:Generated_Source\PSoC4/PDSS_PORT0_FILT1_CLK.c ****     PDSS_PORT0_FILT1_CLK_ENABLE_REG &= (uint32)(~PDSS_PORT0_FILT1_CLK__ENABLE_MASK);
 113:Generated_Source\PSoC4/PDSS_PORT0_FILT1_CLK.c ****     
 114:Generated_Source\PSoC4/PDSS_PORT0_FILT1_CLK.c **** #endif /* CYREG_PERI_DIV_CMD */
 115:Generated_Source\PSoC4/PDSS_PORT0_FILT1_CLK.c **** }
 355              		.loc 1 115 0
 356              		@ sp needed
 105:Generated_Source\PSoC4/PDSS_PORT0_FILT1_CLK.c ****         ((uint32)PDSS_PORT0_FILT1_CLK__DIV_ID << PDSS_PORT0_FILT1_CLK_CMD_DIV_SHIFT)|
 357              		.loc 1 105 0
 358 000c 1A60     		str	r2, [r3]
 359              		.loc 1 115 0
 360 000e 7047     		bx	lr
 361              	.L11:
 362              		.align	2
 363              	.L10:
 364 0010 00000140 		.word	1073807360
 365 0014 40000040 		.word	1073741888
 366              		.cfi_endproc
 367              	.LFE1:
 368              		.size	PDSS_PORT0_FILT1_CLK_Stop, .-PDSS_PORT0_FILT1_CLK_Stop
 369              		.section	.text.PDSS_PORT0_FILT1_CLK_SetFractionalDividerRegister,"ax",%progbits
 370              		.align	1
 371              		.global	PDSS_PORT0_FILT1_CLK_SetFractionalDividerRegister
 372              		.code	16
 373              		.thumb_func
 374              		.type	PDSS_PORT0_FILT1_CLK_SetFractionalDividerRegister, %function
 375              	PDSS_PORT0_FILT1_CLK_SetFractionalDividerRegister:
 376              	.LFB2:
 116:Generated_Source\PSoC4/PDSS_PORT0_FILT1_CLK.c **** 
 117:Generated_Source\PSoC4/PDSS_PORT0_FILT1_CLK.c **** 
 118:Generated_Source\PSoC4/PDSS_PORT0_FILT1_CLK.c **** /*******************************************************************************
 119:Generated_Source\PSoC4/PDSS_PORT0_FILT1_CLK.c **** * Function Name: PDSS_PORT0_FILT1_CLK_SetFractionalDividerRegister
 120:Generated_Source\PSoC4/PDSS_PORT0_FILT1_CLK.c **** ********************************************************************************
 121:Generated_Source\PSoC4/PDSS_PORT0_FILT1_CLK.c **** *
 122:Generated_Source\PSoC4/PDSS_PORT0_FILT1_CLK.c **** * Summary:
 123:Generated_Source\PSoC4/PDSS_PORT0_FILT1_CLK.c **** *  Modifies the clock divider and the fractional divider.
 124:Generated_Source\PSoC4/PDSS_PORT0_FILT1_CLK.c **** *
 125:Generated_Source\PSoC4/PDSS_PORT0_FILT1_CLK.c **** * Parameters:
 126:Generated_Source\PSoC4/PDSS_PORT0_FILT1_CLK.c **** *  clkDivider:  Divider register value (0-65535). This value is NOT the
 127:Generated_Source\PSoC4/PDSS_PORT0_FILT1_CLK.c **** *    divider; the clock hardware divides by clkDivider plus one. For example,
 128:Generated_Source\PSoC4/PDSS_PORT0_FILT1_CLK.c **** *    to divide the clock by 2, this parameter should be set to 1.
 129:Generated_Source\PSoC4/PDSS_PORT0_FILT1_CLK.c **** *  fracDivider:  Fractional Divider register value (0-31).
 130:Generated_Source\PSoC4/PDSS_PORT0_FILT1_CLK.c **** * Returns:
 131:Generated_Source\PSoC4/PDSS_PORT0_FILT1_CLK.c **** *  None
 132:Generated_Source\PSoC4/PDSS_PORT0_FILT1_CLK.c **** *
 133:Generated_Source\PSoC4/PDSS_PORT0_FILT1_CLK.c **** *******************************************************************************/
 134:Generated_Source\PSoC4/PDSS_PORT0_FILT1_CLK.c **** void PDSS_PORT0_FILT1_CLK_SetFractionalDividerRegister(uint16 clkDivider, uint8 clkFractional)
 135:Generated_Source\PSoC4/PDSS_PORT0_FILT1_CLK.c **** {
 377              		.loc 1 135 0
 378              		.cfi_startproc
 379              		@ args = 0, pretend = 0, frame = 0
 380              		@ frame_needed = 0, uses_anonymous_args = 0
 381              	.LVL2:
ARM GAS  e:\temp\ccWHqRqf.s 			page 24


 136:Generated_Source\PSoC4/PDSS_PORT0_FILT1_CLK.c ****     uint32 maskVal;
 137:Generated_Source\PSoC4/PDSS_PORT0_FILT1_CLK.c ****     uint32 regVal;
 138:Generated_Source\PSoC4/PDSS_PORT0_FILT1_CLK.c ****     
 139:Generated_Source\PSoC4/PDSS_PORT0_FILT1_CLK.c **** #if defined (PDSS_PORT0_FILT1_CLK__FRAC_MASK) || defined (CYREG_PERI_DIV_CMD)
 140:Generated_Source\PSoC4/PDSS_PORT0_FILT1_CLK.c ****     
 141:Generated_Source\PSoC4/PDSS_PORT0_FILT1_CLK.c **** 	/* get all but divider bits */
 142:Generated_Source\PSoC4/PDSS_PORT0_FILT1_CLK.c ****     maskVal = PDSS_PORT0_FILT1_CLK_DIV_REG & 
 143:Generated_Source\PSoC4/PDSS_PORT0_FILT1_CLK.c ****                     (uint32)(~(uint32)(PDSS_PORT0_FILT1_CLK_DIV_INT_MASK | PDSS_PORT0_FILT1_CLK_DIV
 144:Generated_Source\PSoC4/PDSS_PORT0_FILT1_CLK.c **** 	/* combine mask and new divider vals into 32-bit value */
 145:Generated_Source\PSoC4/PDSS_PORT0_FILT1_CLK.c ****     regVal = maskVal |
 382              		.loc 1 145 0
 383 0000 FF22     		movs	r2, #255
 384 0002 C900     		lsls	r1, r1, #3
 385              	.LVL3:
 386 0004 1140     		ands	r1, r2
 387 0006 0202     		lsls	r2, r0, #8
 388 0008 1143     		orrs	r1, r2
 389 000a 0723     		movs	r3, #7
 390 000c 0800     		movs	r0, r1
 391              	.LVL4:
 135:Generated_Source\PSoC4/PDSS_PORT0_FILT1_CLK.c ****     uint32 maskVal;
 392              		.loc 1 135 0
 393 000e 30B5     		push	{r4, r5, lr}
 394              		.cfi_def_cfa_offset 12
 395              		.cfi_offset 4, -12
 396              		.cfi_offset 5, -8
 397              		.cfi_offset 14, -4
 142:Generated_Source\PSoC4/PDSS_PORT0_FILT1_CLK.c ****                     (uint32)(~(uint32)(PDSS_PORT0_FILT1_CLK_DIV_INT_MASK | PDSS_PORT0_FILT1_CLK_DIV
 398              		.loc 1 142 0
 399 0010 024C     		ldr	r4, .L13
 146:Generated_Source\PSoC4/PDSS_PORT0_FILT1_CLK.c ****         ((uint32)((uint32)clkDivider <<  PDSS_PORT0_FILT1_CLK_DIV_INT_SHIFT) & PDSS_PORT0_FILT1_CLK
 147:Generated_Source\PSoC4/PDSS_PORT0_FILT1_CLK.c ****         ((uint32)((uint32)clkFractional << PDSS_PORT0_FILT1_CLK_DIV_FRAC_SHIFT) & PDSS_PORT0_FILT1_
 148:Generated_Source\PSoC4/PDSS_PORT0_FILT1_CLK.c ****     
 149:Generated_Source\PSoC4/PDSS_PORT0_FILT1_CLK.c **** #else
 150:Generated_Source\PSoC4/PDSS_PORT0_FILT1_CLK.c ****     /* get all but integer divider bits */
 151:Generated_Source\PSoC4/PDSS_PORT0_FILT1_CLK.c ****     maskVal = PDSS_PORT0_FILT1_CLK_DIV_REG & (uint32)(~(uint32)PDSS_PORT0_FILT1_CLK__DIVIDER_MASK);
 152:Generated_Source\PSoC4/PDSS_PORT0_FILT1_CLK.c ****     /* combine mask and new divider val into 32-bit value */
 153:Generated_Source\PSoC4/PDSS_PORT0_FILT1_CLK.c ****     regVal = clkDivider | maskVal;
 154:Generated_Source\PSoC4/PDSS_PORT0_FILT1_CLK.c ****     
 155:Generated_Source\PSoC4/PDSS_PORT0_FILT1_CLK.c **** #endif /* PDSS_PORT0_FILT1_CLK__FRAC_MASK || CYREG_PERI_DIV_CMD */
 156:Generated_Source\PSoC4/PDSS_PORT0_FILT1_CLK.c **** 
 157:Generated_Source\PSoC4/PDSS_PORT0_FILT1_CLK.c ****     PDSS_PORT0_FILT1_CLK_DIV_REG = regVal;
 158:Generated_Source\PSoC4/PDSS_PORT0_FILT1_CLK.c **** }
 400              		.loc 1 158 0
 401              		@ sp needed
 142:Generated_Source\PSoC4/PDSS_PORT0_FILT1_CLK.c ****                     (uint32)(~(uint32)(PDSS_PORT0_FILT1_CLK_DIV_INT_MASK | PDSS_PORT0_FILT1_CLK_DIV
 402              		.loc 1 142 0
 403 0012 2568     		ldr	r5, [r4]
 404              	.LVL5:
 145:Generated_Source\PSoC4/PDSS_PORT0_FILT1_CLK.c ****         ((uint32)((uint32)clkDivider <<  PDSS_PORT0_FILT1_CLK_DIV_INT_SHIFT) & PDSS_PORT0_FILT1_CLK
 405              		.loc 1 145 0
 406 0014 2B40     		ands	r3, r5
 407              	.LVL6:
 408 0016 1843     		orrs	r0, r3
 409              	.LVL7:
 157:Generated_Source\PSoC4/PDSS_PORT0_FILT1_CLK.c **** }
 410              		.loc 1 157 0
ARM GAS  e:\temp\ccWHqRqf.s 			page 25


 411 0018 2060     		str	r0, [r4]
 412              		.loc 1 158 0
 413 001a 30BD     		pop	{r4, r5, pc}
 414              	.L14:
 415              		.align	2
 416              	.L13:
 417 001c 00030140 		.word	1073808128
 418              		.cfi_endproc
 419              	.LFE2:
 420              		.size	PDSS_PORT0_FILT1_CLK_SetFractionalDividerRegister, .-PDSS_PORT0_FILT1_CLK_SetFractionalDivid
 421              		.section	.text.PDSS_PORT0_FILT1_CLK_GetDividerRegister,"ax",%progbits
 422              		.align	1
 423              		.global	PDSS_PORT0_FILT1_CLK_GetDividerRegister
 424              		.code	16
 425              		.thumb_func
 426              		.type	PDSS_PORT0_FILT1_CLK_GetDividerRegister, %function
 427              	PDSS_PORT0_FILT1_CLK_GetDividerRegister:
 428              	.LFB3:
 159:Generated_Source\PSoC4/PDSS_PORT0_FILT1_CLK.c **** 
 160:Generated_Source\PSoC4/PDSS_PORT0_FILT1_CLK.c **** 
 161:Generated_Source\PSoC4/PDSS_PORT0_FILT1_CLK.c **** /*******************************************************************************
 162:Generated_Source\PSoC4/PDSS_PORT0_FILT1_CLK.c **** * Function Name: PDSS_PORT0_FILT1_CLK_GetDividerRegister
 163:Generated_Source\PSoC4/PDSS_PORT0_FILT1_CLK.c **** ********************************************************************************
 164:Generated_Source\PSoC4/PDSS_PORT0_FILT1_CLK.c **** *
 165:Generated_Source\PSoC4/PDSS_PORT0_FILT1_CLK.c **** * Summary:
 166:Generated_Source\PSoC4/PDSS_PORT0_FILT1_CLK.c **** *  Gets the clock divider register value.
 167:Generated_Source\PSoC4/PDSS_PORT0_FILT1_CLK.c **** *
 168:Generated_Source\PSoC4/PDSS_PORT0_FILT1_CLK.c **** * Parameters:
 169:Generated_Source\PSoC4/PDSS_PORT0_FILT1_CLK.c **** *  None
 170:Generated_Source\PSoC4/PDSS_PORT0_FILT1_CLK.c **** *
 171:Generated_Source\PSoC4/PDSS_PORT0_FILT1_CLK.c **** * Returns:
 172:Generated_Source\PSoC4/PDSS_PORT0_FILT1_CLK.c **** *  Divide value of the clock minus 1. For example, if the clock is set to
 173:Generated_Source\PSoC4/PDSS_PORT0_FILT1_CLK.c **** *  divide by 2, the return value will be 1.
 174:Generated_Source\PSoC4/PDSS_PORT0_FILT1_CLK.c **** *
 175:Generated_Source\PSoC4/PDSS_PORT0_FILT1_CLK.c **** *******************************************************************************/
 176:Generated_Source\PSoC4/PDSS_PORT0_FILT1_CLK.c **** uint16 PDSS_PORT0_FILT1_CLK_GetDividerRegister(void)
 177:Generated_Source\PSoC4/PDSS_PORT0_FILT1_CLK.c **** {
 429              		.loc 1 177 0
 430              		.cfi_startproc
 431              		@ args = 0, pretend = 0, frame = 0
 432              		@ frame_needed = 0, uses_anonymous_args = 0
 433              		@ link register save eliminated.
 178:Generated_Source\PSoC4/PDSS_PORT0_FILT1_CLK.c ****     return (uint16)((PDSS_PORT0_FILT1_CLK_DIV_REG & PDSS_PORT0_FILT1_CLK_DIV_INT_MASK)
 434              		.loc 1 178 0
 435 0000 024B     		ldr	r3, .L16
 179:Generated_Source\PSoC4/PDSS_PORT0_FILT1_CLK.c ****         >> PDSS_PORT0_FILT1_CLK_DIV_INT_SHIFT);
 180:Generated_Source\PSoC4/PDSS_PORT0_FILT1_CLK.c **** }
 436              		.loc 1 180 0
 437              		@ sp needed
 178:Generated_Source\PSoC4/PDSS_PORT0_FILT1_CLK.c ****     return (uint16)((PDSS_PORT0_FILT1_CLK_DIV_REG & PDSS_PORT0_FILT1_CLK_DIV_INT_MASK)
 438              		.loc 1 178 0
 439 0002 1868     		ldr	r0, [r3]
 440 0004 000A     		lsrs	r0, r0, #8
 441 0006 80B2     		uxth	r0, r0
 442              		.loc 1 180 0
 443 0008 7047     		bx	lr
 444              	.L17:
ARM GAS  e:\temp\ccWHqRqf.s 			page 26


 445 000a C046     		.align	2
 446              	.L16:
 447 000c 00030140 		.word	1073808128
 448              		.cfi_endproc
 449              	.LFE3:
 450              		.size	PDSS_PORT0_FILT1_CLK_GetDividerRegister, .-PDSS_PORT0_FILT1_CLK_GetDividerRegister
 451              		.section	.text.PDSS_PORT0_FILT1_CLK_GetFractionalDividerRegister,"ax",%progbits
 452              		.align	1
 453              		.global	PDSS_PORT0_FILT1_CLK_GetFractionalDividerRegister
 454              		.code	16
 455              		.thumb_func
 456              		.type	PDSS_PORT0_FILT1_CLK_GetFractionalDividerRegister, %function
 457              	PDSS_PORT0_FILT1_CLK_GetFractionalDividerRegister:
 458              	.LFB4:
 181:Generated_Source\PSoC4/PDSS_PORT0_FILT1_CLK.c **** 
 182:Generated_Source\PSoC4/PDSS_PORT0_FILT1_CLK.c **** 
 183:Generated_Source\PSoC4/PDSS_PORT0_FILT1_CLK.c **** /*******************************************************************************
 184:Generated_Source\PSoC4/PDSS_PORT0_FILT1_CLK.c **** * Function Name: PDSS_PORT0_FILT1_CLK_GetFractionalDividerRegister
 185:Generated_Source\PSoC4/PDSS_PORT0_FILT1_CLK.c **** ********************************************************************************
 186:Generated_Source\PSoC4/PDSS_PORT0_FILT1_CLK.c **** *
 187:Generated_Source\PSoC4/PDSS_PORT0_FILT1_CLK.c **** * Summary:
 188:Generated_Source\PSoC4/PDSS_PORT0_FILT1_CLK.c **** *  Gets the clock fractional divider register value.
 189:Generated_Source\PSoC4/PDSS_PORT0_FILT1_CLK.c **** *
 190:Generated_Source\PSoC4/PDSS_PORT0_FILT1_CLK.c **** * Parameters:
 191:Generated_Source\PSoC4/PDSS_PORT0_FILT1_CLK.c **** *  None
 192:Generated_Source\PSoC4/PDSS_PORT0_FILT1_CLK.c **** *
 193:Generated_Source\PSoC4/PDSS_PORT0_FILT1_CLK.c **** * Returns:
 194:Generated_Source\PSoC4/PDSS_PORT0_FILT1_CLK.c **** *  Fractional Divide value of the clock
 195:Generated_Source\PSoC4/PDSS_PORT0_FILT1_CLK.c **** *  0 if the fractional divider is not in use.
 196:Generated_Source\PSoC4/PDSS_PORT0_FILT1_CLK.c **** *
 197:Generated_Source\PSoC4/PDSS_PORT0_FILT1_CLK.c **** *******************************************************************************/
 198:Generated_Source\PSoC4/PDSS_PORT0_FILT1_CLK.c **** uint8 PDSS_PORT0_FILT1_CLK_GetFractionalDividerRegister(void)
 199:Generated_Source\PSoC4/PDSS_PORT0_FILT1_CLK.c **** {
 459              		.loc 1 199 0
 460              		.cfi_startproc
 461              		@ args = 0, pretend = 0, frame = 0
 462              		@ frame_needed = 0, uses_anonymous_args = 0
 463              		@ link register save eliminated.
 200:Generated_Source\PSoC4/PDSS_PORT0_FILT1_CLK.c **** #if defined (PDSS_PORT0_FILT1_CLK__FRAC_MASK)
 201:Generated_Source\PSoC4/PDSS_PORT0_FILT1_CLK.c ****     /* return fractional divider bits */
 202:Generated_Source\PSoC4/PDSS_PORT0_FILT1_CLK.c ****     return (uint8)((PDSS_PORT0_FILT1_CLK_DIV_REG & PDSS_PORT0_FILT1_CLK_DIV_FRAC_MASK)
 203:Generated_Source\PSoC4/PDSS_PORT0_FILT1_CLK.c ****         >> PDSS_PORT0_FILT1_CLK_DIV_FRAC_SHIFT);
 204:Generated_Source\PSoC4/PDSS_PORT0_FILT1_CLK.c **** #else
 205:Generated_Source\PSoC4/PDSS_PORT0_FILT1_CLK.c ****     return 0u;
 206:Generated_Source\PSoC4/PDSS_PORT0_FILT1_CLK.c **** #endif /* PDSS_PORT0_FILT1_CLK__FRAC_MASK */
 207:Generated_Source\PSoC4/PDSS_PORT0_FILT1_CLK.c **** }
 464              		.loc 1 207 0
 465 0000 0020     		movs	r0, #0
 466              		@ sp needed
 467 0002 7047     		bx	lr
 468              		.cfi_endproc
 469              	.LFE4:
 470              		.size	PDSS_PORT0_FILT1_CLK_GetFractionalDividerRegister, .-PDSS_PORT0_FILT1_CLK_GetFractionalDivid
 471              		.text
 472              	.Letext0:
 473              		.file 2 "Generated_Source\\PSoC4/cytypes.h"
 474              		.section	.debug_info,"",%progbits
ARM GAS  e:\temp\ccWHqRqf.s 			page 27


 475              	.Ldebug_info0:
 476 0000 62010000 		.4byte	0x162
 477 0004 0400     		.2byte	0x4
 478 0006 00000000 		.4byte	.Ldebug_abbrev0
 479 000a 04       		.byte	0x4
 480 000b 01       		.uleb128 0x1
 481 000c A5010000 		.4byte	.LASF25
 482 0010 0C       		.byte	0xc
 483 0011 91020000 		.4byte	.LASF26
 484 0015 28000000 		.4byte	.LASF27
 485 0019 00000000 		.4byte	.Ldebug_ranges0+0
 486 001d 00000000 		.4byte	0
 487 0021 00000000 		.4byte	.Ldebug_line0
 488 0025 02       		.uleb128 0x2
 489 0026 01       		.byte	0x1
 490 0027 06       		.byte	0x6
 491 0028 D8020000 		.4byte	.LASF0
 492 002c 02       		.uleb128 0x2
 493 002d 01       		.byte	0x1
 494 002e 08       		.byte	0x8
 495 002f DB000000 		.4byte	.LASF1
 496 0033 02       		.uleb128 0x2
 497 0034 02       		.byte	0x2
 498 0035 05       		.byte	0x5
 499 0036 BF020000 		.4byte	.LASF2
 500 003a 02       		.uleb128 0x2
 501 003b 02       		.byte	0x2
 502 003c 07       		.byte	0x7
 503 003d FB000000 		.4byte	.LASF3
 504 0041 02       		.uleb128 0x2
 505 0042 04       		.byte	0x4
 506 0043 05       		.byte	0x5
 507 0044 CF020000 		.4byte	.LASF4
 508 0048 02       		.uleb128 0x2
 509 0049 04       		.byte	0x4
 510 004a 07       		.byte	0x7
 511 004b E9000000 		.4byte	.LASF5
 512 004f 02       		.uleb128 0x2
 513 0050 08       		.byte	0x8
 514 0051 05       		.byte	0x5
 515 0052 7E020000 		.4byte	.LASF6
 516 0056 02       		.uleb128 0x2
 517 0057 08       		.byte	0x8
 518 0058 07       		.byte	0x7
 519 0059 8E010000 		.4byte	.LASF7
 520 005d 03       		.uleb128 0x3
 521 005e 04       		.byte	0x4
 522 005f 05       		.byte	0x5
 523 0060 696E7400 		.ascii	"int\000"
 524 0064 02       		.uleb128 0x2
 525 0065 04       		.byte	0x4
 526 0066 07       		.byte	0x7
 527 0067 81010000 		.4byte	.LASF8
 528 006b 04       		.uleb128 0x4
 529 006c C9020000 		.4byte	.LASF9
 530 0070 02       		.byte	0x2
 531 0071 E401     		.2byte	0x1e4
ARM GAS  e:\temp\ccWHqRqf.s 			page 28


 532 0073 2C000000 		.4byte	0x2c
 533 0077 04       		.uleb128 0x4
 534 0078 73010000 		.4byte	.LASF10
 535 007c 02       		.byte	0x2
 536 007d E501     		.2byte	0x1e5
 537 007f 3A000000 		.4byte	0x3a
 538 0083 04       		.uleb128 0x4
 539 0084 7A010000 		.4byte	.LASF11
 540 0088 02       		.byte	0x2
 541 0089 E601     		.2byte	0x1e6
 542 008b 48000000 		.4byte	0x48
 543 008f 02       		.uleb128 0x2
 544 0090 04       		.byte	0x4
 545 0091 04       		.byte	0x4
 546 0092 D5000000 		.4byte	.LASF12
 547 0096 02       		.uleb128 0x2
 548 0097 08       		.byte	0x8
 549 0098 04       		.byte	0x4
 550 0099 4B010000 		.4byte	.LASF13
 551 009d 02       		.uleb128 0x2
 552 009e 01       		.byte	0x1
 553 009f 08       		.byte	0x8
 554 00a0 8C020000 		.4byte	.LASF14
 555 00a4 04       		.uleb128 0x4
 556 00a5 00000000 		.4byte	.LASF15
 557 00a9 02       		.byte	0x2
 558 00aa 9002     		.2byte	0x290
 559 00ac B0000000 		.4byte	0xb0
 560 00b0 05       		.uleb128 0x5
 561 00b1 83000000 		.4byte	0x83
 562 00b5 06       		.uleb128 0x6
 563 00b6 61020000 		.4byte	.LASF16
 564 00ba 01       		.byte	0x1
 565 00bb 27       		.byte	0x27
 566 00bc 00000000 		.4byte	.LFB0
 567 00c0 1C000000 		.4byte	.LFE0-.LFB0
 568 00c4 01       		.uleb128 0x1
 569 00c5 9C       		.byte	0x9c
 570 00c6 DA000000 		.4byte	0xda
 571 00ca 07       		.uleb128 0x7
 572 00cb 59010000 		.4byte	.LASF18
 573 00cf 01       		.byte	0x1
 574 00d0 27       		.byte	0x27
 575 00d1 83000000 		.4byte	0x83
 576 00d5 00000000 		.4byte	.LLST0
 577 00d9 00       		.byte	0
 578 00da 08       		.uleb128 0x8
 579 00db 06000000 		.4byte	.LASF28
 580 00df 01       		.byte	0x1
 581 00e0 5F       		.byte	0x5f
 582 00e1 00000000 		.4byte	.LFB1
 583 00e5 18000000 		.4byte	.LFE1-.LFB1
 584 00e9 01       		.uleb128 0x1
 585 00ea 9C       		.byte	0x9c
 586 00eb 06       		.uleb128 0x6
 587 00ec 0E010000 		.4byte	.LASF17
 588 00f0 01       		.byte	0x1
ARM GAS  e:\temp\ccWHqRqf.s 			page 29


 589 00f1 86       		.byte	0x86
 590 00f2 00000000 		.4byte	.LFB2
 591 00f6 20000000 		.4byte	.LFE2-.LFB2
 592 00fa 01       		.uleb128 0x1
 593 00fb 9C       		.byte	0x9c
 594 00fc 3B010000 		.4byte	0x13b
 595 0100 07       		.uleb128 0x7
 596 0101 40010000 		.4byte	.LASF19
 597 0105 01       		.byte	0x1
 598 0106 86       		.byte	0x86
 599 0107 77000000 		.4byte	0x77
 600 010b 21000000 		.4byte	.LLST1
 601 010f 07       		.uleb128 0x7
 602 0110 65010000 		.4byte	.LASF20
 603 0114 01       		.byte	0x1
 604 0115 86       		.byte	0x86
 605 0116 6B000000 		.4byte	0x6b
 606 011a 42000000 		.4byte	.LLST2
 607 011e 09       		.uleb128 0x9
 608 011f 20000000 		.4byte	.LASF21
 609 0123 01       		.byte	0x1
 610 0124 88       		.byte	0x88
 611 0125 83000000 		.4byte	0x83
 612 0129 63000000 		.4byte	.LLST3
 613 012d 0A       		.uleb128 0xa
 614 012e 52010000 		.4byte	.LASF22
 615 0132 01       		.byte	0x1
 616 0133 89       		.byte	0x89
 617 0134 83000000 		.4byte	0x83
 618 0138 01       		.uleb128 0x1
 619 0139 50       		.byte	0x50
 620 013a 00       		.byte	0
 621 013b 0B       		.uleb128 0xb
 622 013c E4020000 		.4byte	.LASF23
 623 0140 01       		.byte	0x1
 624 0141 B0       		.byte	0xb0
 625 0142 77000000 		.4byte	0x77
 626 0146 00000000 		.4byte	.LFB3
 627 014a 10000000 		.4byte	.LFE3-.LFB3
 628 014e 01       		.uleb128 0x1
 629 014f 9C       		.byte	0x9c
 630 0150 0B       		.uleb128 0xb
 631 0151 A3000000 		.4byte	.LASF24
 632 0155 01       		.byte	0x1
 633 0156 C6       		.byte	0xc6
 634 0157 6B000000 		.4byte	0x6b
 635 015b 00000000 		.4byte	.LFB4
 636 015f 04000000 		.4byte	.LFE4-.LFB4
 637 0163 01       		.uleb128 0x1
 638 0164 9C       		.byte	0x9c
 639 0165 00       		.byte	0
 640              		.section	.debug_abbrev,"",%progbits
 641              	.Ldebug_abbrev0:
 642 0000 01       		.uleb128 0x1
 643 0001 11       		.uleb128 0x11
 644 0002 01       		.byte	0x1
 645 0003 25       		.uleb128 0x25
ARM GAS  e:\temp\ccWHqRqf.s 			page 30


 646 0004 0E       		.uleb128 0xe
 647 0005 13       		.uleb128 0x13
 648 0006 0B       		.uleb128 0xb
 649 0007 03       		.uleb128 0x3
 650 0008 0E       		.uleb128 0xe
 651 0009 1B       		.uleb128 0x1b
 652 000a 0E       		.uleb128 0xe
 653 000b 55       		.uleb128 0x55
 654 000c 17       		.uleb128 0x17
 655 000d 11       		.uleb128 0x11
 656 000e 01       		.uleb128 0x1
 657 000f 10       		.uleb128 0x10
 658 0010 17       		.uleb128 0x17
 659 0011 00       		.byte	0
 660 0012 00       		.byte	0
 661 0013 02       		.uleb128 0x2
 662 0014 24       		.uleb128 0x24
 663 0015 00       		.byte	0
 664 0016 0B       		.uleb128 0xb
 665 0017 0B       		.uleb128 0xb
 666 0018 3E       		.uleb128 0x3e
 667 0019 0B       		.uleb128 0xb
 668 001a 03       		.uleb128 0x3
 669 001b 0E       		.uleb128 0xe
 670 001c 00       		.byte	0
 671 001d 00       		.byte	0
 672 001e 03       		.uleb128 0x3
 673 001f 24       		.uleb128 0x24
 674 0020 00       		.byte	0
 675 0021 0B       		.uleb128 0xb
 676 0022 0B       		.uleb128 0xb
 677 0023 3E       		.uleb128 0x3e
 678 0024 0B       		.uleb128 0xb
 679 0025 03       		.uleb128 0x3
 680 0026 08       		.uleb128 0x8
 681 0027 00       		.byte	0
 682 0028 00       		.byte	0
 683 0029 04       		.uleb128 0x4
 684 002a 16       		.uleb128 0x16
 685 002b 00       		.byte	0
 686 002c 03       		.uleb128 0x3
 687 002d 0E       		.uleb128 0xe
 688 002e 3A       		.uleb128 0x3a
 689 002f 0B       		.uleb128 0xb
 690 0030 3B       		.uleb128 0x3b
 691 0031 05       		.uleb128 0x5
 692 0032 49       		.uleb128 0x49
 693 0033 13       		.uleb128 0x13
 694 0034 00       		.byte	0
 695 0035 00       		.byte	0
 696 0036 05       		.uleb128 0x5
 697 0037 35       		.uleb128 0x35
 698 0038 00       		.byte	0
 699 0039 49       		.uleb128 0x49
 700 003a 13       		.uleb128 0x13
 701 003b 00       		.byte	0
 702 003c 00       		.byte	0
ARM GAS  e:\temp\ccWHqRqf.s 			page 31


 703 003d 06       		.uleb128 0x6
 704 003e 2E       		.uleb128 0x2e
 705 003f 01       		.byte	0x1
 706 0040 3F       		.uleb128 0x3f
 707 0041 19       		.uleb128 0x19
 708 0042 03       		.uleb128 0x3
 709 0043 0E       		.uleb128 0xe
 710 0044 3A       		.uleb128 0x3a
 711 0045 0B       		.uleb128 0xb
 712 0046 3B       		.uleb128 0x3b
 713 0047 0B       		.uleb128 0xb
 714 0048 27       		.uleb128 0x27
 715 0049 19       		.uleb128 0x19
 716 004a 11       		.uleb128 0x11
 717 004b 01       		.uleb128 0x1
 718 004c 12       		.uleb128 0x12
 719 004d 06       		.uleb128 0x6
 720 004e 40       		.uleb128 0x40
 721 004f 18       		.uleb128 0x18
 722 0050 9742     		.uleb128 0x2117
 723 0052 19       		.uleb128 0x19
 724 0053 01       		.uleb128 0x1
 725 0054 13       		.uleb128 0x13
 726 0055 00       		.byte	0
 727 0056 00       		.byte	0
 728 0057 07       		.uleb128 0x7
 729 0058 05       		.uleb128 0x5
 730 0059 00       		.byte	0
 731 005a 03       		.uleb128 0x3
 732 005b 0E       		.uleb128 0xe
 733 005c 3A       		.uleb128 0x3a
 734 005d 0B       		.uleb128 0xb
 735 005e 3B       		.uleb128 0x3b
 736 005f 0B       		.uleb128 0xb
 737 0060 49       		.uleb128 0x49
 738 0061 13       		.uleb128 0x13
 739 0062 02       		.uleb128 0x2
 740 0063 17       		.uleb128 0x17
 741 0064 00       		.byte	0
 742 0065 00       		.byte	0
 743 0066 08       		.uleb128 0x8
 744 0067 2E       		.uleb128 0x2e
 745 0068 00       		.byte	0
 746 0069 3F       		.uleb128 0x3f
 747 006a 19       		.uleb128 0x19
 748 006b 03       		.uleb128 0x3
 749 006c 0E       		.uleb128 0xe
 750 006d 3A       		.uleb128 0x3a
 751 006e 0B       		.uleb128 0xb
 752 006f 3B       		.uleb128 0x3b
 753 0070 0B       		.uleb128 0xb
 754 0071 27       		.uleb128 0x27
 755 0072 19       		.uleb128 0x19
 756 0073 11       		.uleb128 0x11
 757 0074 01       		.uleb128 0x1
 758 0075 12       		.uleb128 0x12
 759 0076 06       		.uleb128 0x6
ARM GAS  e:\temp\ccWHqRqf.s 			page 32


 760 0077 40       		.uleb128 0x40
 761 0078 18       		.uleb128 0x18
 762 0079 9742     		.uleb128 0x2117
 763 007b 19       		.uleb128 0x19
 764 007c 00       		.byte	0
 765 007d 00       		.byte	0
 766 007e 09       		.uleb128 0x9
 767 007f 34       		.uleb128 0x34
 768 0080 00       		.byte	0
 769 0081 03       		.uleb128 0x3
 770 0082 0E       		.uleb128 0xe
 771 0083 3A       		.uleb128 0x3a
 772 0084 0B       		.uleb128 0xb
 773 0085 3B       		.uleb128 0x3b
 774 0086 0B       		.uleb128 0xb
 775 0087 49       		.uleb128 0x49
 776 0088 13       		.uleb128 0x13
 777 0089 02       		.uleb128 0x2
 778 008a 17       		.uleb128 0x17
 779 008b 00       		.byte	0
 780 008c 00       		.byte	0
 781 008d 0A       		.uleb128 0xa
 782 008e 34       		.uleb128 0x34
 783 008f 00       		.byte	0
 784 0090 03       		.uleb128 0x3
 785 0091 0E       		.uleb128 0xe
 786 0092 3A       		.uleb128 0x3a
 787 0093 0B       		.uleb128 0xb
 788 0094 3B       		.uleb128 0x3b
 789 0095 0B       		.uleb128 0xb
 790 0096 49       		.uleb128 0x49
 791 0097 13       		.uleb128 0x13
 792 0098 02       		.uleb128 0x2
 793 0099 18       		.uleb128 0x18
 794 009a 00       		.byte	0
 795 009b 00       		.byte	0
 796 009c 0B       		.uleb128 0xb
 797 009d 2E       		.uleb128 0x2e
 798 009e 00       		.byte	0
 799 009f 3F       		.uleb128 0x3f
 800 00a0 19       		.uleb128 0x19
 801 00a1 03       		.uleb128 0x3
 802 00a2 0E       		.uleb128 0xe
 803 00a3 3A       		.uleb128 0x3a
 804 00a4 0B       		.uleb128 0xb
 805 00a5 3B       		.uleb128 0x3b
 806 00a6 0B       		.uleb128 0xb
 807 00a7 27       		.uleb128 0x27
 808 00a8 19       		.uleb128 0x19
 809 00a9 49       		.uleb128 0x49
 810 00aa 13       		.uleb128 0x13
 811 00ab 11       		.uleb128 0x11
 812 00ac 01       		.uleb128 0x1
 813 00ad 12       		.uleb128 0x12
 814 00ae 06       		.uleb128 0x6
 815 00af 40       		.uleb128 0x40
 816 00b0 18       		.uleb128 0x18
ARM GAS  e:\temp\ccWHqRqf.s 			page 33


 817 00b1 9742     		.uleb128 0x2117
 818 00b3 19       		.uleb128 0x19
 819 00b4 00       		.byte	0
 820 00b5 00       		.byte	0
 821 00b6 00       		.byte	0
 822              		.section	.debug_loc,"",%progbits
 823              	.Ldebug_loc0:
 824              	.LLST0:
 825 0000 00000000 		.4byte	.LVL0
 826 0004 0C000000 		.4byte	.LVL1
 827 0008 0100     		.2byte	0x1
 828 000a 50       		.byte	0x50
 829 000b 0C000000 		.4byte	.LVL1
 830 000f 1C000000 		.4byte	.LFE0
 831 0013 0400     		.2byte	0x4
 832 0015 F3       		.byte	0xf3
 833 0016 01       		.uleb128 0x1
 834 0017 50       		.byte	0x50
 835 0018 9F       		.byte	0x9f
 836 0019 00000000 		.4byte	0
 837 001d 00000000 		.4byte	0
 838              	.LLST1:
 839 0021 00000000 		.4byte	.LVL2
 840 0025 0E000000 		.4byte	.LVL4
 841 0029 0100     		.2byte	0x1
 842 002b 50       		.byte	0x50
 843 002c 0E000000 		.4byte	.LVL4
 844 0030 20000000 		.4byte	.LFE2
 845 0034 0400     		.2byte	0x4
 846 0036 F3       		.byte	0xf3
 847 0037 01       		.uleb128 0x1
 848 0038 50       		.byte	0x50
 849 0039 9F       		.byte	0x9f
 850 003a 00000000 		.4byte	0
 851 003e 00000000 		.4byte	0
 852              	.LLST2:
 853 0042 00000000 		.4byte	.LVL2
 854 0046 04000000 		.4byte	.LVL3
 855 004a 0100     		.2byte	0x1
 856 004c 51       		.byte	0x51
 857 004d 04000000 		.4byte	.LVL3
 858 0051 20000000 		.4byte	.LFE2
 859 0055 0400     		.2byte	0x4
 860 0057 F3       		.byte	0xf3
 861 0058 01       		.uleb128 0x1
 862 0059 51       		.byte	0x51
 863 005a 9F       		.byte	0x9f
 864 005b 00000000 		.4byte	0
 865 005f 00000000 		.4byte	0
 866              	.LLST3:
 867 0063 14000000 		.4byte	.LVL5
 868 0067 16000000 		.4byte	.LVL6
 869 006b 0500     		.2byte	0x5
 870 006d 75       		.byte	0x75
 871 006e 00       		.sleb128 0
 872 006f 37       		.byte	0x37
 873 0070 1A       		.byte	0x1a
ARM GAS  e:\temp\ccWHqRqf.s 			page 34


 874 0071 9F       		.byte	0x9f
 875 0072 16000000 		.4byte	.LVL6
 876 0076 20000000 		.4byte	.LFE2
 877 007a 0100     		.2byte	0x1
 878 007c 53       		.byte	0x53
 879 007d 00000000 		.4byte	0
 880 0081 00000000 		.4byte	0
 881              		.section	.debug_aranges,"",%progbits
 882 0000 3C000000 		.4byte	0x3c
 883 0004 0200     		.2byte	0x2
 884 0006 00000000 		.4byte	.Ldebug_info0
 885 000a 04       		.byte	0x4
 886 000b 00       		.byte	0
 887 000c 0000     		.2byte	0
 888 000e 0000     		.2byte	0
 889 0010 00000000 		.4byte	.LFB0
 890 0014 1C000000 		.4byte	.LFE0-.LFB0
 891 0018 00000000 		.4byte	.LFB1
 892 001c 18000000 		.4byte	.LFE1-.LFB1
 893 0020 00000000 		.4byte	.LFB2
 894 0024 20000000 		.4byte	.LFE2-.LFB2
 895 0028 00000000 		.4byte	.LFB3
 896 002c 10000000 		.4byte	.LFE3-.LFB3
 897 0030 00000000 		.4byte	.LFB4
 898 0034 04000000 		.4byte	.LFE4-.LFB4
 899 0038 00000000 		.4byte	0
 900 003c 00000000 		.4byte	0
 901              		.section	.debug_ranges,"",%progbits
 902              	.Ldebug_ranges0:
 903 0000 00000000 		.4byte	.LFB0
 904 0004 1C000000 		.4byte	.LFE0
 905 0008 00000000 		.4byte	.LFB1
 906 000c 18000000 		.4byte	.LFE1
 907 0010 00000000 		.4byte	.LFB2
 908 0014 20000000 		.4byte	.LFE2
 909 0018 00000000 		.4byte	.LFB3
 910 001c 10000000 		.4byte	.LFE3
 911 0020 00000000 		.4byte	.LFB4
 912 0024 04000000 		.4byte	.LFE4
 913 0028 00000000 		.4byte	0
 914 002c 00000000 		.4byte	0
 915              		.section	.debug_line,"",%progbits
 916              	.Ldebug_line0:
 917 0000 DC000000 		.section	.debug_str,"MS",%progbits,1
 917      02005100 
 917      00000201 
 917      FB0E0D00 
 917      01010101 
 918              	.LASF15:
 919 0000 72656733 		.ascii	"reg32\000"
 919      3200
 920              	.LASF28:
 921 0006 50445353 		.ascii	"PDSS_PORT0_FILT1_CLK_Stop\000"
 921      5F504F52 
 921      54305F46 
 921      494C5431 
 921      5F434C4B 
ARM GAS  e:\temp\ccWHqRqf.s 			page 35


 922              	.LASF21:
 923 0020 6D61736B 		.ascii	"maskVal\000"
 923      56616C00 
 924              	.LASF27:
 925 0028 433A5C55 		.ascii	"C:\\Users\\Admin\\Desktop\\_FIRMWARE\\DBARLite\\CYP"
 925      73657273 
 925      5C41646D 
 925      696E5C44 
 925      65736B74 
 926 0055 44353232 		.ascii	"D5225\\CYPD5225-96BZXI_notebook\\CYPD5225-96BZXI_no"
 926      355C4359 
 926      50443532 
 926      32352D39 
 926      36425A58 
 927 0086 7465626F 		.ascii	"tebook.cydsn\\backup_fw.cydsn\000"
 927      6F6B2E63 
 927      7964736E 
 927      5C626163 
 927      6B75705F 
 928              	.LASF24:
 929 00a3 50445353 		.ascii	"PDSS_PORT0_FILT1_CLK_GetFractionalDividerRegister\000"
 929      5F504F52 
 929      54305F46 
 929      494C5431 
 929      5F434C4B 
 930              	.LASF12:
 931 00d5 666C6F61 		.ascii	"float\000"
 931      7400
 932              	.LASF1:
 933 00db 756E7369 		.ascii	"unsigned char\000"
 933      676E6564 
 933      20636861 
 933      7200
 934              	.LASF5:
 935 00e9 6C6F6E67 		.ascii	"long unsigned int\000"
 935      20756E73 
 935      69676E65 
 935      6420696E 
 935      7400
 936              	.LASF3:
 937 00fb 73686F72 		.ascii	"short unsigned int\000"
 937      7420756E 
 937      7369676E 
 937      65642069 
 937      6E7400
 938              	.LASF17:
 939 010e 50445353 		.ascii	"PDSS_PORT0_FILT1_CLK_SetFractionalDividerRegister\000"
 939      5F504F52 
 939      54305F46 
 939      494C5431 
 939      5F434C4B 
 940              	.LASF19:
 941 0140 636C6B44 		.ascii	"clkDivider\000"
 941      69766964 
 941      657200
 942              	.LASF13:
 943 014b 646F7562 		.ascii	"double\000"
ARM GAS  e:\temp\ccWHqRqf.s 			page 36


 943      6C6500
 944              	.LASF22:
 945 0152 72656756 		.ascii	"regVal\000"
 945      616C00
 946              	.LASF18:
 947 0159 616C6967 		.ascii	"alignClkDiv\000"
 947      6E436C6B 
 947      44697600 
 948              	.LASF20:
 949 0165 636C6B46 		.ascii	"clkFractional\000"
 949      72616374 
 949      696F6E61 
 949      6C00
 950              	.LASF10:
 951 0173 75696E74 		.ascii	"uint16\000"
 951      313600
 952              	.LASF11:
 953 017a 75696E74 		.ascii	"uint32\000"
 953      333200
 954              	.LASF8:
 955 0181 756E7369 		.ascii	"unsigned int\000"
 955      676E6564 
 955      20696E74 
 955      00
 956              	.LASF7:
 957 018e 6C6F6E67 		.ascii	"long long unsigned int\000"
 957      206C6F6E 
 957      6720756E 
 957      7369676E 
 957      65642069 
 958              	.LASF25:
 959 01a5 474E5520 		.ascii	"GNU C11 5.4.1 20160609 (release) [ARM/embedded-5-br"
 959      43313120 
 959      352E342E 
 959      31203230 
 959      31363036 
 960 01d8 616E6368 		.ascii	"anch revision 237715] -mcpu=cortex-m0 -mthumb -g -O"
 960      20726576 
 960      6973696F 
 960      6E203233 
 960      37373135 
 961 020b 73202D66 		.ascii	"s -ffunction-sections -ffat-lto-objects -finline-fu"
 961      66756E63 
 961      74696F6E 
 961      2D736563 
 961      74696F6E 
 962 023e 6E637469 		.ascii	"nctions -flto -fno-strict-aliasing\000"
 962      6F6E7320 
 962      2D666C74 
 962      6F202D66 
 962      6E6F2D73 
 963              	.LASF16:
 964 0261 50445353 		.ascii	"PDSS_PORT0_FILT1_CLK_StartEx\000"
 964      5F504F52 
 964      54305F46 
 964      494C5431 
 964      5F434C4B 
ARM GAS  e:\temp\ccWHqRqf.s 			page 37


 965              	.LASF6:
 966 027e 6C6F6E67 		.ascii	"long long int\000"
 966      206C6F6E 
 966      6720696E 
 966      7400
 967              	.LASF14:
 968 028c 63686172 		.ascii	"char\000"
 968      00
 969              	.LASF26:
 970 0291 47656E65 		.ascii	"Generated_Source\\PSoC4\\PDSS_PORT0_FILT1_CLK.c\000"
 970      72617465 
 970      645F536F 
 970      75726365 
 970      5C50536F 
 971              	.LASF2:
 972 02bf 73686F72 		.ascii	"short int\000"
 972      7420696E 
 972      7400
 973              	.LASF9:
 974 02c9 75696E74 		.ascii	"uint8\000"
 974      3800
 975              	.LASF4:
 976 02cf 6C6F6E67 		.ascii	"long int\000"
 976      20696E74 
 976      00
 977              	.LASF0:
 978 02d8 7369676E 		.ascii	"signed char\000"
 978      65642063 
 978      68617200 
 979              	.LASF23:
 980 02e4 50445353 		.ascii	"PDSS_PORT0_FILT1_CLK_GetDividerRegister\000"
 980      5F504F52 
 980      54305F46 
 980      494C5431 
 980      5F434C4B 
 981              		.comm	__gnu_lto_v1,1,1
 982              		.ident	"GCC: (GNU Tools for ARM Embedded Processors) 5.4.1 20160609 (release) [ARM/embedded-5-bran
