ARM GAS  e:\temp\ccHzh8UN.s 			page 1


   1              		.syntax unified
   2              		.cpu cortex-m0
   3              		.fpu softvfp
   4              		.eabi_attribute 20, 1
   5              		.eabi_attribute 21, 1
   6              		.eabi_attribute 23, 3
   7              		.eabi_attribute 24, 1
   8              		.eabi_attribute 25, 1
   9              		.eabi_attribute 26, 1
  10              		.eabi_attribute 30, 4
  11              		.eabi_attribute 34, 0
  12              		.eabi_attribute 18, 4
  13              		.thumb
  14              		.syntax unified
  15              		.file	"PDSS_PORT0_TX_CLK.c"
  16              		.text
  17              	.Ltext0:
  18              		.section	.gnu.lto_.profile.6240a1d6,"",%progbits
  19 0000 789C6361 		.ascii	"x\234ca`d`a`\000\222r\222\000\000\277\000B"
  19      60646061 
  19      60009272 
  19      920000BF 
  19      0042
  20              		.text
  21              		.section	.gnu.lto_.icf.6240a1d6,"",%progbits
  22 0000 789C6361 		.ascii	"x\234ca`d\000\001\005\006\004`e8\273\256\355*+\343\312"
  22      60640001 
  22      05060460 
  22      6538BBAE 
  22      ED2A2BE3 
  23 0015 E39336F1 		.ascii	"\343\2236\3610}jk\274\304\304\274\377{\337\006.\226"
  23      307D6A6B 
  23      BCC4C4BC 
  23      FF7BDF06 
  23      2E96
  24 0027 D94DF3A6 		.ascii	"\331M\363\246\3600\000\000\357}\015\366"
  24      F0300000 
  24      EF7D0DF6 
  25              		.text
  26              		.section	.gnu.lto_.jmpfuncs.6240a1d6,"",%progbits
  27 0000 789C6361 		.ascii	"x\234ca`d\000\001q\006\004`e`dd\254\007\21231122\327"
  27      60640001 
  27      71060460 
  27      65606464 
  27      AC078A33 
  28 0019 D7333330 		.ascii	"\327330\260\000\205\001\026\322\001\263"
  28      B0008501 
  28      16D201B3 
  29              		.text
  30              		.section	.gnu.lto_.inline.6240a1d6,"",%progbits
  31 0000 789C458B 		.ascii	"x\234E\213\261\015\2000\014\004\337\316\007B(`\003("
  31      B10D8030 
  31      0C04DFCE 
  31      07422860 
  31      0328
  32 0012 10E33013 		.ascii	"\020\3430\023#PRf\016\246`$l!\310\027\226\375\347#\004"
  32      23505266 
ARM GAS  e:\temp\ccHzh8UN.s 			page 2


  32      0EA66024 
  32      6C21C817 
  32      96FDE723 
  33 0027 9E1D3511 		.ascii	"\236\0355\021\350V\021\314\206B\272N\242)\223\202e\242"
  33      E85611CC 
  33      8642BA4E 
  33      A2299382 
  33      65A2
  34 0039 6341BB08 		.ascii	"cA\273\010\264\002\213\242\317\242\030\315\220d\203"
  34      B4028BA2 
  34      CFA218CD 
  34      906483
  35 0048 F9D85EA8 		.ascii	"\371\330^\250\367@W\223\277\005D\232j\347o\022A\255"
  35      F7405793 
  35      BF05449A 
  35      6AE76F12 
  35      41AD
  36 005a B2ED6BF0 		.ascii	"\262\355k\360\000t\\\014$"
  36      00745C0C 
  36      24
  37              		.text
  38              		.section	.gnu.lto_.pureconst.6240a1d6,"",%progbits
  39 0000 789C6361 		.ascii	"x\234ca`d\340f```e\220b\224b\222b\226ba\000\000\003"
  39      6064E066 
  39      60606065 
  39      90629462 
  39      92629662 
  40 0018 E40088   		.ascii	"\344\000\210"
  41              		.text
  42              		.section	.gnu.lto_PDSS_PORT0_TX_CLK_StartEx.6240a1d6,"",%progbits
  43 0000 789C5551 		.ascii	"x\234UQ=h\024Q\020\236\357\275}{\253\227\244\027R\244"
  43      3D681451 
  43      109EEFBD 
  43      7D7BAB97 
  43      A41752A4 
  44 0014 0B410816 		.ascii	"\013A\010\0266V\"\027\264P\310\221Ka\0218B\\$\032\022"
  44      36562217 
  44      B450C891 
  44      4B611138 
  44      425C241A 
  45 0029 086AEBBB 		.ascii	"\010j\353\273\333\335\034J\212\200\230\"(\207\202$Q"
  45      DBDD1C4A 
  45      8A809822 
  45      28878224 
  45      51
  46 003a 93CB6925 		.ascii	"\223\313i%6\347\211\010\202'i\014\202\205?\270\205X"
  46      36E78908 
  46      8227690C 
  46      82853FB8 
  46      8558
  47 004c DC6922A2 		.ascii	"\334i\"\242\230s\3466\205\031\330\2317\30373\3377\353"
  47      9873E636 
  47      8519D899 
  47      37C33733 
  47      DF37EB
  48 005f 1048AC47 		.ascii	"\020H\254G\021\035\343x\222?\270\004\265\320 *x\012"
  48      111DE378 
ARM GAS  e:\temp\ccHzh8UN.s 			page 3


  48      923FB804 
  48      B5D0202A 
  48      780A
  49 0071 3A796865 		.ascii	":yhe\346_\022\331\203N\230\"\333e\222\372\011\007\220"
  49      E65F12D9 
  49      834E9822 
  49      DB6592FA 
  49      090790
  50 0084 683DD055 		.ascii	"h=\320U\245\215\003\366\224\330\216\372\253P/\305O\324"
  50      A58D03F6 
  50      94D88EFA 
  50      AB502FC5 
  50      4FD4
  51 0096 C0B265FB 		.ascii	"\300\262e\373\360\345\206\266+5D\014h\253\004\203e\014"
  51      F0E586B6 
  51      2B35440C 
  51      68AB0483 
  51      650C
  52 00a8 306A33DC 		.ascii	"0j3\334\270\245\267U\244\001\207\323\326\353\245\317"
  52      B8A5B755 
  52      A40187D3 
  52      D6EBA5CF 
  53 00b8 3D922AF4 		.ascii	"=\222*\364qz\355\371\317g\216\036\004\361\273\372\243"
  53      717AEDF9 
  53      CF678E1E 
  53      04F1BBFA 
  53      A3
  54 00c9 1C77F7DF 		.ascii	"\034w\367\337\263\266hm\331\267\007\"\255q\037\232\347"
  54      B3B6686D 
  54      D9B70722 
  54      AD711F9A 
  54      E7
  55 00da 6115BD58 		.ascii	"a\025\275XA/q\211\360\000\375\002\377T\335\275\331\355"
  55      412F7189 
  55      F000FD02 
  55      FF54DDBD 
  55      D9ED
  56 00ec 86B2BE2F 		.ascii	"\206\262\276/Y\212\207pEqe\244f\333\355\300\326\252"
  56      598A8770 
  56      457165A4 
  56      66DBEDC0 
  56      D6AA
  57 00fe 664D7B8A 		.ascii	"fM{\212\273\034\315\216\025H\257\221\334\025G\324\344"
  57      BB1CCD8E 
  57      1548AF91 
  57      DC1547D4 
  57      E4
  58 010f 36D6DC54 		.ascii	"6\326\334T\212\203n\261>V\254c\324\177_\177\373B\313"
  58      8A836EB1 
  58      3E56AC63 
  58      D47F5F7F 
  58      FB42CB
  59 0122 BC408BD4 		.ascii	"\274@\213\324\305\250\376&%\254\335\016\323\273w\376"
  59      C5A8FE26 
  59      25ACDD0E 
  59      D3BB77FE 
  60 0132 6C9924B5 		.ascii	"l\231$\2656\264\242\253\024m\256v\225q\273\020\362\021"
ARM GAS  e:\temp\ccHzh8UN.s 			page 4


  60      36B4A2AB 
  60      146DAE76 
  60      9571BB10 
  60      F211
  61 0144 525867C2 		.ascii	"RXg\302kL\230PA\031\024\243\370\275\364\376P2P\363L"
  61      6B4C9850 
  61      411914A3 
  61      F8BDF4FE 
  61      503250F3 
  62 0159 FA88B011 		.ascii	"\372\210\260\021\\\330+\374\277\301\200\260!\235$\364"
  62      5CD82BFC 
  62      BFC180B0 
  62      219D24F4 
  63 0169 0CF19F41 		.ascii	"\014\361\237AK9\302/F\320\234k\304&\3512\201\226\305"
  63      4B39C22F 
  63      46D09C6B 
  63      C426E932 
  63      8196C5
  64 017c 4B4FB75F 		.ascii	"KO\267_u\270x\360P\345FF\375\232\373\226J@\202c\320"
  64      75B878F0 
  64      50E54646 
  64      FD9AFB96 
  64      4A408263 
  65 0191 CEC2FABB 		.ascii	"\316\302\372\273\264\200\034D|/\017\217:\300\372b\253"
  65      B4801C44 
  65      7C2F0F8F 
  65      3AC0FA62 
  65      AB
  66 01a2 725C80FB 		.ascii	"r\\\200\373\004\024\254M\357\327\360\2305\360,\372\212"
  66      0414AC4D 
  66      EFD7F098 
  66      35F02CFA 
  66      8A
  67 01b3 626DABB3 		.ascii	"bm\253\263~\217\036\230\026\237\360\360)\177\332\237"
  67      7E8F1E98 
  67      169FF0F0 
  67      297FDA9F 
  68 01c3 1DBFE49F 		.ascii	"\035\277\344\237\313\347f.\317N\370c\331\334L\346\350"
  68      CBE7662E 
  68      CF4EF863 
  68      D9DC4CE6 
  68      E8
  69 01d4 58762897 		.ascii	"Xv(\227\313g\207GF\217\344G\317\3463gN\017NPz|j\362"
  69      CB678747 
  69      468FE447 
  69      CFE63367 
  69      4E0F4E50 
  70 01ec FC7466EA 		.ascii	"\374tf\352\342\320\344\225\177jV\303\317"
  70      E2D0E495 
  70      7F6A56C3 
  70      CF
  71              		.text
  72              		.section	.gnu.lto_PDSS_PORT0_TX_CLK_Stop.6240a1d6,"",%progbits
  73 0000 789C5590 		.ascii	"x\234U\220\275K\003A\020\305\347\355\336\345\202\306"
  73      BD4B0341 
  73      10C5E7ED 
  73      DEE582C6 
ARM GAS  e:\temp\ccHzh8UN.s 			page 5


  74 0010 3F40B0B0 		.ascii	"?@\260\260\025QRX\330\212b\012\005Cba\0218D\323\010"
  74      15515258 
  74      D88A620A 
  74      05436261 
  74      113844D3 
  75 0025 1A085ABB 		.ascii	"\032\010Z\273I\356\010\210\205\026Z)A\233\370-\226v"
  75      49EE0888 
  75      85165A29 
  75      419BF82D 
  75      9676
  76 0037 318DDA28 		.ascii	"1\215\332(\202\230\306B\005S\004\301D\264Q4\316z)\314"
  76      8298C642 
  76      055304C1 
  76      44B45134 
  76      CE7A29CC 
  77 004b C0EEECCE 		.ascii	"\300\356\354\316\276\235\367c\014\002\351\230\345\324"
  77      BE9DF763 
  77      0C02E998 
  77      E5D4
  78 0059 C3799817 		.ascii	"\303y\230\027|\004\261rE\224\362\013H\357 \205\271|"
  78      7C04B172 
  78      4594F20B 
  78      48EF2085 
  78      B97C
  79 006b 4EA45A0C 		.ascii	"N\244Z\014\307\"\0250\275\372\200\001\350\254\374\240"
  79      C7221530 
  79      BDFA8001 
  79      E8ACFCA0 
  80 007b 45214D03 		.ascii	"E!M\003\274\223\027\037\342[\240\230-\237\212\256\274"
  80      BC93171F 
  80      E25BA098 
  80      2D9F8AAE 
  80      BC
  81 008c E278787E 		.ascii	"\342xx~\015\252\235\002\\\026\324\205\247A\036]\304"
  81      0DAA9D02 
  81      5C16D485 
  81      A7411E5D 
  81      C4
  82 009d B2A7939F 		.ascii	"\262\247\223\237\2656\237\243e\235\336#v\340\323d\307"
  82      B5369FA3 
  82      659DDE23 
  82      76E0D364 
  82      C7
  83 00ae 9182AAD7 		.ascii	"\221\202\252\3273\252\260j\235\335Y\246 WB\362\306\232"
  83      33AAB06A 
  83      9DDD59A6 
  83      205742F2 
  83      C69A
  84 00c0 2A2F86A9 		.ascii	"*/\206\251\012\301I\326\330\230Qd\031\305\317\245\362"
  84      0AC149D6 
  84      D8985164 
  84      19C5CFA5 
  84      F2
  85 00d1 46BF6E90 		.ascii	"F\277n\220\221\232a\335-^[\357\302\225\022\332k{\353"
  85      919A61DD 
  85      2D5E5BEF 
  85      C29512DA 
ARM GAS  e:\temp\ccHzh8UN.s 			page 6


  85      6B7BEB
  86 00e4 AB647A57 		.ascii	"\253dzW\245\034ep)\353\336\354\006r\330L9Lg`\017\035"
  86      A51C6570 
  86      29EBDEEC 
  86      0672D84C 
  86      394C6760 
  87 00fa D8450743 		.ascii	"\330E\007C\354#\007*#\375\226\275o\367\032J\356I\217"
  87      EC23072A 
  87      23FD96BD 
  87      6FF71A4A 
  87      EE498F
  88 010d 70AE3233 		.ascii	"p\25623\215\302\177\007\001\302\201\376I\032\317$\036"
  88      8DC27F07 
  88      01C281FE 
  88      491ACF24 
  88      1E
  89 011e 196AC2D0 		.ascii	"\031j\302\320|\314\365^}\251Y\372W\223eJ\251\326f\327"
  89      7CCCF55E 
  89      7DA959FA 
  89      5793654A 
  89      A9D666D7 
  90 0132 437665C9 		.ascii	"Cve\311E\345\362\366\017\024py0\006\216\370\265\202"
  90      45E5F2F6 
  90      0F147079 
  90      30068EF8 
  90      B582
  91 0144 74A114D2 		.ascii	"t\241\024\322M\032&\340\346<\210\356P|.\236\234\234"
  91      4D1A26E0 
  91      E63C88EE 
  91      507C2E9E 
  91      9C9C
  92 0156 8F4FDBD1 		.ascii	"\217O\333\321\304Br*\036\013G\023\203}\261\360P4j\207"
  92      C442722A 
  92      1E0B4713 
  92      837DB1F0 
  92      50346A87 
  93 016a C722E341 		.ascii	"\307\"\343A{|\302\036\034\035\351\235\242_\005\376\220"
  93      7B7CC21E 
  93      1C1DE99D 
  93      A25F05FE 
  93      90
  94 017b 33       		.ascii	"3"
  95              		.text
  96              		.section	.gnu.lto_PDSS_PORT0_TX_CLK_SetFractionalDividerRegister.6240a1d6,"",%progbits
  97 0000 789C6D52 		.ascii	"x\234mR]H\223Q\030>\3579\333\267\317m\376\334F^x#\""
  97      5D489351 
  97      183EEF39 
  97      DBB7CF6D 
  97      FEDC465E 
  98 0017 81187551 		.ascii	"\201\030uQ7\335(\011\025%\316\244\013a\2149B4\205\245"
  98      37DD2809 
  98      1525CEA4 
  98      0B618C39 
  98      423485A5 
  99 002b DD7AE6F6 		.ascii	"\335z\346\366\315\030D\022%%\211\027b:5\335\262?\323"
  99      CD184412 
  99      25258917 
ARM GAS  e:\temp\ccHzh8UN.s 			page 7


  99      623A35DD 
  99      B23FD3
 100 003e 680DEC22 		.ascii	"h\015\354\"\312(\372\271\011\013\023\213\210\232ce\211"
 100      CA28FAB9 
 100      090B138B 
 100      889A6365 
 100      89
 101 004f B6DEF73B 		.ascii	"\266\336\367;\263\020:\360\235s\336\367{\236\347\375"
 101      B3103AF0 
 101      9D73DEF7 
 101      7B9EE7FD 
 102 005f 3B16068C 		.ascii	";\026\006\214V\247`\3548\236;\361\003\301\200\367.0"
 102      56A760EC 
 102      389E3BF1 
 102      03C180F7 
 102      2E30
 103 0071 16D03900 		.ascii	"\026\3209\000]\244\016\254\213C\027|\347\233\034\222"
 103      5DA40EAC 
 103      8B43177C 
 103      E79B1C92 
 104 0081 3D2B33BC 		.ascii	"=+3\274|D\342z??\264[\216&\300@z\226\233J\014F\240\034"
 104      7C44E27A 
 104      3F3FB45B 
 104      8E26C040 
 104      7A969B4A 
 105 0099 51F3D9B5 		.ascii	"Q\363\331\265Da\206\033\002\200H/RO\006\034dr(B3\234"
 105      4461861B 
 105      0280482F 
 105      524F061C 
 105      64722842 
 106 00af 7EB3EC14 		.ascii	"~\263\354\024\025\300\360>\036{\020),\033\226\262[\312"
 106      15C0F03E 
 106      1E7B1029 
 106      2C1B96B2 
 106      5BCA
 107 00c1 5F1E6935 		.ascii	"_\036i5\204\2001\020\250\007Q(\206Q(f\350b0\016e\210"
 107      84803110 
 107      A8075128 
 107      86512866 
 107      E862300E 
 108 00d7 EE895FBB 		.ascii	"\356\211_\273P \366\233\314\341\263\353\023\220c\336"
 108      5020F69B 
 108      CCE1B3EB 
 108      139063DE 
 109 00e7 7FE49095 		.ascii	"\177\344\220\225\206\260\300\204\242\356)\206J\"Z\030"
 109      86B0C084 
 109      A2EE2986 
 109      4A225A18 
 110 00f7 5C873242 		.ascii	"\\\2072B?\017\305\256\012\225\221\005\315\325\247\375"
 110      3F0FC5AE 
 110      0A959105 
 110      CDD5A7FD 
 111 0107 1F0A5446 		.ascii	"\037\012TF%h~\375\270x>_\324\230\272\337.\313\242\322"
 111      25687EFD 
 111      B8783E5F 
 111      D498BADF 
 111      2ECBA2D2 
ARM GAS  e:\temp\ccHzh8UN.s 			page 8


 112 011b 21924D4C 		.ascii	"!\222MLG\012\256\310D\250\304\020V\210)\345)Lj\022\223"
 112      470AAEC8 
 112      44A8C410 
 112      568829E5 
 112      294C6A12 
 113 0130 A285E0A9 		.ascii	"\242\205\340\251\271\330+.\216\232\304\311s\361I-\307"
 113      B9D82B2E 
 113      8E9AC4C9 
 113      73F1492D 
 113      C7
 114 0141 8C3D76CA 		.ascii	"\214=v\312\336\200N\304\033\377%.\305\177_\312\327B"
 114      DE804EC4 
 114      1BFF252E 
 114      C57F5FCA 
 114      D742
 115 0153 D4C71298 		.ascii	"\324\307\022\230\206R\210C\251\352\"\334\004\015\347"
 115      86528843 
 115      A9EA22DC 
 115      040DE7
 116 0162 C2B7BC53 		.ascii	"\302\267\274Su\011\231\315\006eb\320\376p\303^\300\261"
 116      750999CD 
 116      066562D0 
 116      FE70C35E 
 116      C0B1
 117 0174 2C0D1B82 		.ascii	",\015\033\202\177-@m\261\222C\243\315F\233\016Tr\036"
 117      7F2D406D 
 117      B19243A3 
 117      CD469B0E 
 117      54721E
 118 0187 5DEDB439 		.ascii	"]\355\2649hs2S\237\2450\000\315t\225s:\305\012$\327"
 118      68733253 
 118      9FA53000 
 118      CD749573 
 118      3AC50A24 
 119 019c 233FA207 		.ascii	"#?\242\007(fP\320\250\372\214\3443\0335\306f\326\264"
 119      286650D0 
 119      A8FA8CE4 
 119      331B35C6 
 119      66D6B4
 120 01af 3EFC2962 		.ascii	">\374)bW\346\305PHR\353\336E\327\026`\020\006\002!\234"
 120      57E6C550 
 120      4852EBDE 
 120      45D71660 
 120      10060221 
 121 01c4 BC0EB7B1 		.ascii	"\274\016\267\261\256[T\027\334A/[\201\340F\370\013("
 121      AE5B5417 
 121      DC412F5B 
 121      81E046F8 
 121      0B28
 122 01d6 41A13433 		.ascii	"A\24143\021c\315\354\275\0066\270\213\330%\340f\225"
 122      1163CDEC 
 122      BD0636B8 
 122      8BD825E0 
 122      6695
 123 01e8 58038290 		.ascii	"X\003\202\220\323\235\356y=\326\240H\326 \216\015eR"
 123      D39DEE79 
 123      3DD6A048 
ARM GAS  e:\temp\ccHzh8UN.s 			page 9


 123      D6208E0D 
 123      6552
 124 01fa E1B73B94 		.ascii	"\341\267;\224\207\234(\323?\233yl%\231<\320a\006e\020"
 124      879C28D3 
 124      3F9B796C 
 124      25993CD0 
 124      61066510 
 125 020e F433BC30 		.ascii	"\3643\2740\326\250P63\236\246\324\026\267\324\362\202"
 125      D6A85036 
 125      339EA6D4 
 125      16B7D4F2 
 125      82
 126 021f 42576A2F 		.ascii	"BWj/sI\331\321I\0179\035\033q*5\001\367\224\332F8\223"
 126      7349D9D1 
 126      490F391D 
 126      1B712A35 
 126      01F794DA 
 127 0236 0BE9401C 		.ascii	"\013\351@\034\215\327X\216\352*\363,\300\354\277\230"
 127      8DD7588E 
 127      EA2AF32C 
 127      C0ECBF98 
 128 0246 FB14CC69 		.ascii	"\373\024\314i\206u\374-(N\0059\021\224\354[]L\333\310"
 128      8675FC2D 
 128      284E0539 
 128      1194EC5B 
 128      5D4CDBC8 
 129 025a B7AD6301 		.ascii	"\267\255c\001)\035\333\2336\207?\210\362\031\272\023"
 129      291DDB9B 
 129      36873F88 
 129      F219BA13 
 130 026a 9B878860 		.ascii	"\233\207\210`\276\220\024\007\032\020\216kW\215\257"
 130      BE901407 
 130      1A108E6B 
 130      578DAF
 131 0279 CDE7F774 		.ascii	"\315\347\367t\370\232\334\256\366N\277\327\327X\353"
 131      F89ADCAE 
 131      F64EBFD7 
 131      D758EB
 132 0288 6AAFDADB 		.ascii	"j\257\332\333X[\355r\271k\217\325\325W\272\353O\270"
 132      585BED72 
 132      B96B8FD5 
 132      D557BAEB 
 132      4FB8
 133 029a AB8E1CAE 		.ascii	"\253\216\034\256\3602\273\267\265\245\272\371Ls\223"
 133      F032BBB7 
 133      B5A5BAF9 
 133      4C7393
 134 02a9 CF9F8FD7 		.ascii	"\317\237\217\327\203~\217\267\243\271\275\315\323\252"
 134      837E8FB7 
 134      A3B9BDCD 
 134      D3AA
 135 02b7 F97D271B 		.ascii	"\371}'\033<\255\266S\236\323-x\376\001\254\253:\255"
 135      3CADB653 
 135      9ED32D78 
 135      FE01ACAB 
 135      3AAD
 136              		.text
ARM GAS  e:\temp\ccHzh8UN.s 			page 10


 137              		.section	.gnu.lto_PDSS_PORT0_TX_CLK_GetDividerRegister.6240a1d6,"",%progbits
 138 0000 789C2D50 		.ascii	"x\234-P1KBQ\024\276\337\275O{$Q{\016\215I\024\015\365"
 138      314B4251 
 138      14BEDFBD 
 138      4F7B2451 
 138      7B0E8D49 
 139 0017 03C2A8A1 		.ascii	"\003\302\250\241 \36194\010\217\260\267&H\315>}\357"
 139      20F13934 
 139      088FB0B7 
 139      2648CD3E 
 139      7DEF
 140 0029 11383554 		.ascii	"\02185TC -\205i\245\264\326bBK\204AA\264\025\021\022"
 140      43202D85 
 140      69A5B4D6 
 140      62424B84 
 140      4141B415 
 141 003f 4D268620 		.ascii	"M&\206 \224\235\203\0358\367\273\337\271\3379\347\343"
 141      949D831D 
 141      38F7BBDF 
 141      B9DF39E7 
 141      E3
 142 0050 6A028263 		.ascii	"j\002\202c\226`\222p\224\022J@\356\324\205\310\350\022"
 142      96609270 
 142      94124A40 
 142      EED485C8 
 142      E812
 143 0062 E08BAD43 		.ascii	"\340\213\255C\244%\322\370\226?\0227\275Nu\270-=\226"
 143      A425D2F8 
 143      963F1237 
 143      BD4E75B8 
 143      2D3D96
 144 0075 117D68DE 		.ascii	"\021}h\336\345\003L\201\021\242\245\243JK\017\025l;"
 144      E5034C81 
 144      11A2A5A3 
 144      4A4B0F15 
 144      6C3B
 145 0087 6BBF7A97 		.ascii	"k\277z\227s\031\307\033\367\224\024=)p\202 \012\010"
 145      7319C71B 
 145      F794143D 
 145      29708220 
 145      0A08
 146 0099 F28A2242 		.ascii	"\362\212\"B\202\304o\027\277{C~\327\246\030c\011\275"
 146      82C46F17 
 146      BF7B437E 
 146      D7A61863 
 146      09BD
 147 00ab 94E0674B 		.ascii	"\224\340gK\225h\325\356\365\034\273\372\030\270~\016"
 147      9568D5EE 
 147      F51CBBFA 
 147      18B87E0E 
 148 00bb F8203CA5 		.ascii	"\370 <\245\024\037\232\340q\242I\311\326\276\244dT\015"
 148      141F9AE0 
 148      71A249C9 
 148      D6BEA464 
 148      540D
 149 00cd D4BAB9A7 		.ascii	"\324\272\271\247r\234\373\035\245h\366\276W\273\037"
 149      729CFB1D 
ARM GAS  e:\temp\ccHzh8UN.s 			page 11


 149      A568F6BE 
 149      57BB1F
 150 00dc 605F1A78 		.ascii	"`_\032xU\367\370#7\330\247\273\256kkTz)v\3528D>\343"
 150      55F7F823 
 150      37D8A7BB 
 150      AE6B6B54 
 150      7A2976EA 
 151 00f4 C2533E9C 		.ascii	"\302S>\234\221\275S\266\207s\252\212\006\234\326\202"
 151      91BD53B6 
 151      8773AA8A 
 151      069CD682 
 152 0104 7014FAE3 		.ascii	"p\024\372\343\016\256\332\267>\356\367CG\231d\015d["
 152      0EAEDAB7 
 152      3EEEF743 
 152      4799640D 
 152      645B
 153 0116 DBEFE82F 		.ascii	"\333\357\350/\324H'>!\377\031\177iS\202\235\221\317"
 153      D448273E 
 153      21FF197F 
 153      6953829D 
 153      91CF
 154 0128 89456BC3 		.ascii	"\211Ek\303J\255mZ\353\246\221\334J%\254x\304H\206g\342"
 154      4AAD6D5A 
 154      EBA691DC 
 154      4A25AC78 
 154      C4488667 
 155 013d 9179C330 		.ascii	"\221y\3030#+\321\330\264\031[5\303\313KS\011\361\007"
 155      232BD1D8 
 155      B4195B35 
 155      C3CB4B53 
 155      09F107
 156 0150 DB367866 		.ascii	"\3336xf"
 157              		.text
 158              		.section	.gnu.lto_PDSS_PORT0_TX_CLK_GetFractionalDividerRegister.6240a1d6,"",%progbits
 159 0000 789C6361 		.ascii	"x\234ca`d\000\201i@\254\013\304\322@\314\310\314\300"
 159      60640081 
 159      6940AC0B 
 159      C4D240CC 
 159      C8CCC0
 160 0013 C834E11C 		.ascii	"\3104\341\034\003C#\007\023##\210\321\300\301\310P\317"
 160      03432307 
 160      13232388 
 160      D1C0C1C8 
 160      50CF
 161 0025 C458CFF8 		.ascii	"\304X\317\370\225\351/\023\343\351\357'z\2704\22774"
 161      95E92F13 
 161      E3E9EF27 
 161      7AB83497 
 161      3734
 162 0037 34353C38 		.ascii	"45<8\372\330r\372\212\003\214\255\314\014\014\377\231"
 162      FAD872FA 
 162      8A038CAD 
 162      CC0C0CFF 
 162      99
 163 0048 18188D65 		.ascii	"\030\030\215e\030\015d@F,g\324d\000*}\264\361\337T^"
 163      180D6440 
 163      462C67D4 
ARM GAS  e:\temp\ccHzh8UN.s 			page 12


 163      64002A7D 
 163      B4F1DF54 
 164 005d B6960620 		.ascii	"\266\226\006 P\000)\000\312\254`d\003Y\271>\350@\303"
 164      50002900 
 164      CAAC6064 
 164      0359B93E 
 164      E840C3
 165 0070 FFFFCD0D 		.ascii	"\377\377\315\015\007\346\363\035\334\307\007\224\371"
 165      07E6F31D 
 165      DCC70794 
 165      F9
 166 007d 00C420BB 		.ascii	"\000\304 \273>21\201h\346W\214M\007v\367\361\201\324"
 166      3E323181 
 166      68E6578C 
 166      4D0776F7 
 166      F181D4
 167 0090 030D9AD6 		.ascii	"\003\015\232\326z\350<\373\027&\240=\214\014\214+\031"
 167      7AE83CFB 
 167      1726A03D 
 167      8C0C8C2B 
 167      19
 168 00a1 41760075 		.ascii	"Av\000u0\202T\002\365i\273\247\346\245\026%\226\244"
 168      30825402 
 168      F569BBA7 
 168      E6A51625 
 168      96A4
 169 00b3 A6C407E7 		.ascii	"\246\304\007\347\227\026%\247\306\004\004\347;\233\304"
 169      971625A7 
 169      C60404E7 
 169      3B9BC4
 170 00c2 04B80407 		.ascii	"\004\270\004\007\307\007\370\007\205\030\304\207D\304"
 170      C707F807 
 170      8518C487 
 170      44C4
 171 00d0 3BFB78EB 		.ascii	";\373x\353%3\000\000\313AF\002"
 171      25330000 
 171      CB414602 
 172              		.text
 173              		.section	.gnu.lto_.symbol_nodes.6240a1d6,"",%progbits
 174 0000 789C6361 		.ascii	"x\234ca`d\010g\000\002&\206z\006\206\011\347\030@\324"
 174      60640867 
 174      00022686 
 174      7A068609 
 174      E71840D4 
 175 0014 AE0645A0 		.ascii	"\256\006E\240\000c=#\252\000S=\023\252\000s=3\252\000"
 175      00633D23 
 175      AA00533D 
 175      13AA0073 
 175      3D33AA00 
 176 0028 4B3D0B8A 		.ascii	"K=\013\212\000\003\000U/\023\016"
 176      00030055 
 176      2F130E
 177              		.text
 178              		.section	.gnu.lto_.refs.6240a1d6,"",%progbits
 179 0000 789C6361 		.ascii	"x\234ca`\004B \000\000\0009\000\007"
 179      60044220 
 179      00000039 
ARM GAS  e:\temp\ccHzh8UN.s 			page 13


 179      0007
 180              		.text
 181              		.section	.gnu.lto_.decls.6240a1d6,"",%progbits
 182 0000 789C8D54 		.ascii	"x\234\215ToL[U\024\277\347\275\322\301\243\260\205,"
 182      6F4C5B55 
 182      14BFE7BD 
 182      D2C1A3B0 
 182      852C
 183 0012 0B9A26E2 		.ascii	"\013\232&\342\242\205\304\244\216a\214\037\2141\001"
 183      A285C4A4 
 183      8E618C1F 
 183      8C3101
 184 0021 D7251A47 		.ascii	"\327%\032G\306F\374\260\244a\354\005I\026X\272\3168"
 184      C646FCB0 
 184      A461EC05 
 184      491658BA 
 184      CE38
 185 0033 BF781D62 		.ascii	"\277x\035b\212\354\003\375\260\271\"dc\304Y\006\254"
 185      8AEC03FD 
 185      B0B92264 
 185      63C45906 
 185      AC
 186 0044 6C0346E7 		.ascii	"l\003F\347\250u\223\026\030E\376&\352\"\240\035Q\263"
 186      A8759316 
 186      1845FE26 
 186      EA22A01D 
 186      51B3
 187 0056 C5D4B9A8 		.ascii	"\305\324\271\250cn\365\334\373^\373Zx\030o\336y\357"
 187      636EF5DC 
 187      FB5EFB5A 
 187      78186FDE 
 187      79EF
 188 0068 DEF3CE39 		.ascii	"\336\363\3169\277\337\371\223k @\330\2521\022b\301\355"
 188      BFDFF993 
 188      6B2040D8 
 188      AA311262 
 188      C1ED
 189 007a 4194382E 		.ascii	"A\2248.<\222J\242\255\014\224\001\224!\2240\3128J\204"
 189      3C924AA2 
 189      AD0C9401 
 189      94219430 
 189      CA384A84 
 190 008e AC5DCC26 		.ascii	"\254]\314&K\365\315C\331\214\342C)D\231B\231G\231C\331"
 190      4BF5CD43 
 190      D98CE243 
 190      29449942 
 190      99479943 
 191 00a3 A5DA83EA 		.ascii	"\245\332\203\352\263z\015\251\230\225:\276\011\277!"
 191      B37A0DA9 
 191      98953ABE 
 191      09BF21
 192 00b2 1D3FC64D 		.ascii	"\035?\306MZ\205\177\003%\220\302C\217CX'\026\313q\303"
 192      5A857F03 
 192      2590C243 
 192      8F435827 
 192      16CB71C3 
 193 00c6 AA38EBF9 		.ascii	"\2528\353\371\217\353\370G\324\177\201\024;\275\232"
ARM GAS  e:\temp\ccHzh8UN.s 			page 14


 193      8FEBF847 
 193      D47F8114 
 193      3BBD9A
 194 00d5 3D1220DE 		.ascii	"=\022 \336~\301\233u\013\276\003\001\324\206\020\000"
 194      7EC19B75 
 194      0BBE0301 
 194      D4861000 
 195 00e5 E50D5C88 		.ascii	"\345\015\\\210\"\374\210\033\201\277IR\225\374\020\366"
 195      22FC881B 
 195      81BF4952 
 195      95FC10F6 
 196 00f5 268A3DD7 		.ascii	"&\212=\327i\301\370\223\370\306\023\213\007\321\242"
 196      69C1F893 
 196      F8C6138B 
 196      07D1A2
 197 0104 83EA0449 		.ascii	"\203\352\004I\006\212\227\362_P\315\210\022\\\320\034"
 197      068A97F2 
 197      5F50CD88 
 197      125CD01C 
 198 0114 52E22974 		.ascii	"R\342)tS8AzN\220H\272u\341\323^\203\2101q\277\370\300"
 198      5338417A 
 198      4E9048BA 
 198      75E1D35E 
 198      83883171 
 199 012b BBC3DA43 		.ascii	"\273\303\332Cq\265P*\274\254U\346\207\321\256n\361\276"
 199      71B5502A 
 199      BCAC55E6 
 199      87D1AE6E 
 199      F1BE
 200 013d 008512B0 		.ascii	"\000\205\022\260\360\033Q\345\273\353\177\220\243\250"
 200      F01B51E5 
 200      BBEB7F90 
 200      A3A8
 201 014b 98C5F8E2 		.ascii	"\230\305\370\342\362\275,\361Y\276\237\376\260\257\215"
 201      F2BD2CF1 
 201      59BE9FFE 
 201      B0AF8D
 202 015a 59E74960 		.ascii	"Y\347I`\300\343\357\221\326h.\0367KP\360H\020f<w\027"
 202      C0E3EF91 
 202      D6682E1E 
 202      374B50F0 
 202      4810663C 
 203 0170 8D2015B9 		.ascii	"\215 \025\271(=F[\032h\336N\002\027\300\014\275`&\320"
 203      283D465B 
 203      1A68DE4E 
 203      0217C00C 
 203      BD6026D0 
 204 0184 07452C62 		.ascii	"\007E,b\027X\011t\243\362<*\3171BK~\377+~J7\201\017"
 204      17580974 
 204      A3F23C2A 
 204      CF31424B 
 204      7EFF2B7E 
 205 019c 24E80191 		.ascii	"$\350\001\221\233`\032\205\222\332\273\245\376\026\301"
 205      9B601A85 
 205      92DABBA5 
 205      FE16C1
 206 01ab 20A08619 		.ascii	" \240\206\031\35470\335H\374\257\340F\205\207\200\307"
ARM GAS  e:\temp\ccHzh8UN.s 			page 15


 206      EC3730DD 
 206      48FCAFE0 
 206      46858780 
 206      C7
 207 01bc 99D8447B 		.ascii	"\231\330D{\266\302c\023\036\347\333b\263\331\371'Yp"
 207      B6C26313 
 207      1EE7DB62 
 207      B3D9F927 
 207      5970
 208 01ce DA400B04 		.ascii	"\332@\013\004\250\334\002\227\021\362\022B\022\350\207"
 208      A8DC0297 
 208      11F21242 
 208      12E887
 209 01dd 7C7C5F04 		.ascii	"||_\004\203\022>\374\317@\324\260\365\014=\323G\227"
 209      83123EFC 
 209      CF40D4B0 
 209      F50C3DD3 
 209      4797
 210 01ef 86438527 		.ascii	"\206C\205'\033\250\027\335\012\230\031x56\270e\237\317"
 210      1BA817DD 
 210      0A981978 
 210      3536B865 
 210      9FCF
 211 0201 E116567B 		.ascii	"\341\026V{\000\266\242\347\330\340\007K\271\342{\274"
 211      00B6A2E7 
 211      D8E0074B 
 211      B9E27BBC 
 212 0211 3077029E 		.ascii	"0w\002\236x\316\272\220W8\344~\025\361\270g\366D\246"
 212      78CEBA90 
 212      5738E47E 
 212      15F1B867 
 212      F644A6
 213 0224 82187C1C 		.ascii	"\202\030|\0342\321)\364y\225\331\300\240\2067\230\212"
 213      32D129F4 
 213      7995D9C0 
 213      A0863798 
 213      8A
 214 0235 37C4F1E6 		.ascii	"7\304\361\346\\\307\232%\321\015\034\320\327x\273+\023"
 214      5CC79A25 
 214      D10D1CD0 
 214      D778BB2B 
 214      13
 215 0246 533663DF 		.ascii	"S6c\337 \245if\245i\036w\364q\266\030\344\266\302l\264"
 215      20A56966 
 215      A5691E77 
 215      F471B618 
 215      E4B6C26C 
 216 025b FB570314 		.ascii	"\373W\003\024Ij\271/*\345\016`5\257i\200fVn\336\271"
 216      496AB92F 
 216      2AE50E60 
 216      35AF6980 
 216      66566EDE 
 217 0270 D8596ACC 		.ascii	"\330Yj\314'Pb\206m\330\267a\354\233Y\355\333\027\230"
 217      27506286 
 217      6DD8B761 
 217      EC9B59ED 
 217      DB1798
ARM GAS  e:\temp\ccHzh8UN.s 			page 16


 218 0283 D155CC08 		.ascii	"\321U\314\010\001\226?9}\307\310\273\022Hv\345\263\225"
 218      01963F39 
 218      7DC7C8BB 
 218      124876E5 
 218      B395
 219 0295 8731361D 		.ascii	"\20716\035\0266Kb\012)\213B\312\333\021\272,\211!\205"
 219      16364B62 
 219      0A298B42 
 219      CADB11BA 
 219      2C892185 
 220 02a9 D46FFDE1 		.ascii	"\324o\375\341os\022\303\2025\223\212H\262b\3605\202"
 220      6F7312C3 
 220      8235938A 
 220      48B262F0 
 220      3582
 221 02bb 5A54D0AF 		.ascii	"ZT\320\257P\031L\014K\260\365)*\300\015\204\274\256"
 221      50194C0C 
 221      4BB0F529 
 221      2AC00D84 
 221      BCAE
 222 02cd 51B7A893 		.ascii	"Q\267\250\22321\025\367\2328'f\360%pR\277\254\254\030"
 222      323115F7 
 222      9A382766 
 222      F0257052 
 222      BFACAC18 
 223 02e1 D66D4C88 		.ascii	"\326mL\2107f$1\013\276\345\316\333Rb\026>\262\375t\211"
 223      37662431 
 223      0BBEE5CE 
 223      DB526216 
 223      3EB2FD74 
 224 02f6 D246F433 		.ascii	"\322F\36430;\360k\200\376\324\346\204ys&\007:\215bD"
 224      303BF06B 
 224      80FED4E6 
 224      84797326 
 224      073A8D62 
 225 030b E9CDFDEB 		.ascii	"\351\315\375\353=\177\244a2:\032\350X\3324\014/\214"
 225      3D7FA461 
 225      323A1AE8 
 225      58DA340C 
 225      2F8C
 226 031d 341BD569 		.ascii	"4\033\325i\230n6yh\020\313\2019\242\025\214j\220\243"
 226      986E3679 
 226      6810CB81 
 226      39A2158C 
 226      6A90A3
 227 0330 A990E31C 		.ascii	"\251\220\343\034\2621z\355g\243xO\301lo\351<\2376\363"
 227      B2317AED 
 227      67A3784F 
 227      C16C6FE9 
 227      3C9F36F3 
 228 0344 8134CC89 		.ascii	"\2014\314\2114\314\336\246\351\323Y\210\331\207\230"
 228      34CCDEA6 
 228      E9D35988 
 228      D98798
 229 0353 ED936212 		.ascii	"\355\223b\022\023\255\340\246\206y3\0253\3020\305\316"
 229      13ADE0A6 
 229      86793315 
ARM GAS  e:\temp\ccHzh8UN.s 			page 17


 229      33C230C5 
 229      CE
 230 0364 DE87E772 		.ascii	"\336\207\347r1*{\244V\212\315\213\305\343\357\307\343"
 230      312A7BA4 
 230      568ACD8B 
 230      C5E3EFC7 
 230      E3
 231 0375 1B600A24 		.ascii	"\033`\012$\302\025\324}\266\314\345~\222+\\\374\306"
 231      C215D47D 
 231      B6CCE57E 
 231      922B5CFC 
 231      C6
 232 0386 49BF0908 		.ascii	"I\277\011\010\377C\340\033<O\262f\343\02195\375x\342"
 232      FF43E01B 
 232      3C4FB266 
 232      E3113935 
 232      FD78E2
 233 0399 FB0CC9C5 		.ascii	"\373\014\311\305\330\377\237\253\003=\256.\320\266\014"
 233      D8FF9FAB 
 233      033DAE2E 
 233      D0B60C
 234 03a8 B1835F70 		.ascii	"\261\203_p\302|\363\225S\2426\343\035{\335M,\2439\254"
 234      C27CF395 
 234      53A236E3 
 234      1D7BDD4D 
 234      2CA339AC 
 235 03bc C28C96D1 		.ascii	"\302\214\226\3214\250S\276\026dV\037\344\317\277\307"
 235      34A853BE 
 235      1664561F 
 235      E4CFBFC7 
 236 03cc 8E9B4C1F 		.ascii	"\216\233L\037'o4\036QKe\036L\374\342e\337'\312\313*"
 236      276F341E 
 236      514B651E 
 236      4CFCE265 
 236      DF27CACB 
 237 03e1 2AECE5BB 		.ascii	"*\354\345\273v\357\331f\337\363\226\275\364\215\327"
 237      76EFD966 
 237      DFF396BD 
 237      F48DD7
 238 03f0 ED15CE2A 		.ascii	"\355\025\316*\207\363\265w3mo\356-(-.&\306#\265u\316"
 238      87F3B577 
 238      336D6FEE 
 238      2D282D2E 
 238      26C623B5 
 239 0406 92ED4FDB 		.ascii	"\222\355O\333\344:\331Q\345\224\017\330+\352\2178\252"
 239      E43AD951 
 239      E5940FD8 
 239      2BEA8F38 
 239      AA
 240 0417 E57DE515 		.ascii	"\345}\345\025\365\245/<_}\324y\364\220|\330\3726yN\337"
 240      F5A52F3C 
 240      5F7DD479 
 240      F4907CD8 
 240      FA36794E 
 241 042c 62DF1A08 		.ascii	"b\337\032\010k5\331\242\207[\177\310\252\243\226\235"
 241      6B35D9A2 
 241      875B7FC8 
ARM GAS  e:\temp\ccHzh8UN.s 			page 18


 241      AAA3969D 
 242 043c 3B1C55D5 		.ascii	";\034U\325\316\332\372\272\252\203e\265\357\324\036"
 242      CEDAFABA 
 242      AA8365B5 
 242      EFD41E
 243 044b 901DBBE5 		.ascii	"\220\035\273\345\232\332\303N\331\221\301\250\275\304"
 243      9ADAC34E 
 243      D991C1A8 
 243      BDC4
 244 0459 0916BFF8 		.ascii	"\011\026\277\370\314Z_\233\354\\\345\241\003`\373/\000"
 244      CC5A5F9B 
 244      EC5CE5A1 
 244      0360FB2F 
 244      00
 245 046a 875C53B2 		.ascii	"\207\\S\262\375_,\210H\014"
 245      FD5F2C88 
 245      480C
 246              		.text
 247              		.section	.gnu.lto_.symtab.6240a1d6,"",%progbits
 248 0000 50445353 		.ascii	"PDSS_PORT0_TX_CLK_StartEx\000"
 248      5F504F52 
 248      54305F54 
 248      585F434C 
 248      4B5F5374 
 249 001a 00       		.ascii	"\000"
 250 001b 00       		.ascii	"\000"
 251 001c 00       		.ascii	"\000"
 252 001d 00000000 		.ascii	"\000\000\000\000\000\000\000\000"
 252      00000000 
 253 0025 B5000000 		.ascii	"\265\000\000\000"
 254 0029 50445353 		.ascii	"PDSS_PORT0_TX_CLK_Stop\000"
 254      5F504F52 
 254      54305F54 
 254      585F434C 
 254      4B5F5374 
 255 0040 00       		.ascii	"\000"
 256 0041 00       		.ascii	"\000"
 257 0042 00       		.ascii	"\000"
 258 0043 00000000 		.ascii	"\000\000\000\000\000\000\000\000"
 258      00000000 
 259 004b B8000000 		.ascii	"\270\000\000\000"
 260 004f 50445353 		.ascii	"PDSS_PORT0_TX_CLK_SetFractionalDividerRegister\000"
 260      5F504F52 
 260      54305F54 
 260      585F434C 
 260      4B5F5365 
 261 007e 00       		.ascii	"\000"
 262 007f 00       		.ascii	"\000"
 263 0080 00       		.ascii	"\000"
 264 0081 00000000 		.ascii	"\000\000\000\000\000\000\000\000"
 264      00000000 
 265 0089 C7000000 		.ascii	"\307\000\000\000"
 266 008d 50445353 		.ascii	"PDSS_PORT0_TX_CLK_GetDividerRegister\000"
 266      5F504F52 
 266      54305F54 
 266      585F434C 
 266      4B5F4765 
ARM GAS  e:\temp\ccHzh8UN.s 			page 19


 267 00b2 00       		.ascii	"\000"
 268 00b3 00       		.ascii	"\000"
 269 00b4 00       		.ascii	"\000"
 270 00b5 00000000 		.ascii	"\000\000\000\000\000\000\000\000"
 270      00000000 
 271 00bd CA000000 		.ascii	"\312\000\000\000"
 272 00c1 50445353 		.ascii	"PDSS_PORT0_TX_CLK_GetFractionalDividerRegister\000"
 272      5F504F52 
 272      54305F54 
 272      585F434C 
 272      4B5F4765 
 273 00f0 00       		.ascii	"\000"
 274 00f1 00       		.ascii	"\000"
 275 00f2 00       		.ascii	"\000"
 276 00f3 00000000 		.ascii	"\000\000\000\000\000\000\000\000"
 276      00000000 
 277 00fb CD000000 		.ascii	"\315\000\000\000"
 278              		.text
 279              		.section	.gnu.lto_.opts,"",%progbits
 280 0000 272D666D 		.ascii	"'-fmath-errno' '-fsigned-zeros' '-ftrapping-math' '"
 280      6174682D 
 280      6572726E 
 280      6F272027 
 280      2D667369 
 281 0033 2D666E6F 		.ascii	"-fno-trapv' '-fno-openmp' '-fno-openacc' '-mcpu=cor"
 281      2D747261 
 281      70762720 
 281      272D666E 
 281      6F2D6F70 
 282 0066 7465782D 		.ascii	"tex-m0' '-mthumb' '-g' '-Os' '-Werror' '-ffunction-"
 282      6D302720 
 282      272D6D74 
 282      68756D62 
 282      2720272D 
 283 0099 73656374 		.ascii	"sections' '-ffat-lto-objects' '-finline-functions' "
 283      696F6E73 
 283      2720272D 
 283      66666174 
 283      2D6C746F 
 284 00cc 272D666C 		.ascii	"'-flto' '-fno-strict-aliasing'\000"
 284      746F2720 
 284      272D666E 
 284      6F2D7374 
 284      72696374 
 285              		.text
 286              		.cfi_sections	.debug_frame
 287              		.section	.text.PDSS_PORT0_TX_CLK_StartEx,"ax",%progbits
 288              		.align	1
 289              		.global	PDSS_PORT0_TX_CLK_StartEx
 290              		.code	16
 291              		.thumb_func
 292              		.type	PDSS_PORT0_TX_CLK_StartEx, %function
 293              	PDSS_PORT0_TX_CLK_StartEx:
 294              	.LFB0:
 295              		.file 1 "Generated_Source\\PSoC4\\PDSS_PORT0_TX_CLK.c"
   1:Generated_Source\PSoC4/PDSS_PORT0_TX_CLK.c **** /*******************************************************************************
   2:Generated_Source\PSoC4/PDSS_PORT0_TX_CLK.c **** * File Name: PDSS_PORT0_TX_CLK.c
ARM GAS  e:\temp\ccHzh8UN.s 			page 20


   3:Generated_Source\PSoC4/PDSS_PORT0_TX_CLK.c **** * Version 2.20
   4:Generated_Source\PSoC4/PDSS_PORT0_TX_CLK.c **** *
   5:Generated_Source\PSoC4/PDSS_PORT0_TX_CLK.c **** *  Description:
   6:Generated_Source\PSoC4/PDSS_PORT0_TX_CLK.c **** *   Provides system API for the clocking, interrupts and watchdog timer.
   7:Generated_Source\PSoC4/PDSS_PORT0_TX_CLK.c **** *
   8:Generated_Source\PSoC4/PDSS_PORT0_TX_CLK.c **** *  Note:
   9:Generated_Source\PSoC4/PDSS_PORT0_TX_CLK.c **** *   Documentation of the API's in this file is located in the
  10:Generated_Source\PSoC4/PDSS_PORT0_TX_CLK.c **** *   System Reference Guide provided with PSoC Creator.
  11:Generated_Source\PSoC4/PDSS_PORT0_TX_CLK.c **** *
  12:Generated_Source\PSoC4/PDSS_PORT0_TX_CLK.c **** ********************************************************************************
  13:Generated_Source\PSoC4/PDSS_PORT0_TX_CLK.c **** * Copyright 2008-2012, Cypress Semiconductor Corporation.  All rights reserved.
  14:Generated_Source\PSoC4/PDSS_PORT0_TX_CLK.c **** * You may use this file only in accordance with the license, terms, conditions,
  15:Generated_Source\PSoC4/PDSS_PORT0_TX_CLK.c **** * disclaimers, and limitations in the end user license agreement accompanying
  16:Generated_Source\PSoC4/PDSS_PORT0_TX_CLK.c **** * the software package with which this file was provided.
  17:Generated_Source\PSoC4/PDSS_PORT0_TX_CLK.c **** *******************************************************************************/
  18:Generated_Source\PSoC4/PDSS_PORT0_TX_CLK.c **** 
  19:Generated_Source\PSoC4/PDSS_PORT0_TX_CLK.c **** #include <cydevice_trm.h>
  20:Generated_Source\PSoC4/PDSS_PORT0_TX_CLK.c **** #include "PDSS_PORT0_TX_CLK.h"
  21:Generated_Source\PSoC4/PDSS_PORT0_TX_CLK.c **** 
  22:Generated_Source\PSoC4/PDSS_PORT0_TX_CLK.c **** #if defined CYREG_PERI_DIV_CMD
  23:Generated_Source\PSoC4/PDSS_PORT0_TX_CLK.c **** 
  24:Generated_Source\PSoC4/PDSS_PORT0_TX_CLK.c **** /*******************************************************************************
  25:Generated_Source\PSoC4/PDSS_PORT0_TX_CLK.c **** * Function Name: PDSS_PORT0_TX_CLK_StartEx
  26:Generated_Source\PSoC4/PDSS_PORT0_TX_CLK.c **** ********************************************************************************
  27:Generated_Source\PSoC4/PDSS_PORT0_TX_CLK.c **** *
  28:Generated_Source\PSoC4/PDSS_PORT0_TX_CLK.c **** * Summary:
  29:Generated_Source\PSoC4/PDSS_PORT0_TX_CLK.c **** *  Starts the clock, aligned to the specified running clock.
  30:Generated_Source\PSoC4/PDSS_PORT0_TX_CLK.c **** *
  31:Generated_Source\PSoC4/PDSS_PORT0_TX_CLK.c **** * Parameters:
  32:Generated_Source\PSoC4/PDSS_PORT0_TX_CLK.c **** *  alignClkDiv:  The divider to which phase alignment is performed when the
  33:Generated_Source\PSoC4/PDSS_PORT0_TX_CLK.c **** *    clock is started.
  34:Generated_Source\PSoC4/PDSS_PORT0_TX_CLK.c **** *
  35:Generated_Source\PSoC4/PDSS_PORT0_TX_CLK.c **** * Returns:
  36:Generated_Source\PSoC4/PDSS_PORT0_TX_CLK.c **** *  None
  37:Generated_Source\PSoC4/PDSS_PORT0_TX_CLK.c **** *
  38:Generated_Source\PSoC4/PDSS_PORT0_TX_CLK.c **** *******************************************************************************/
  39:Generated_Source\PSoC4/PDSS_PORT0_TX_CLK.c **** void PDSS_PORT0_TX_CLK_StartEx(uint32 alignClkDiv)
  40:Generated_Source\PSoC4/PDSS_PORT0_TX_CLK.c **** {
 296              		.loc 1 40 0
 297              		.cfi_startproc
 298              		@ args = 0, pretend = 0, frame = 0
 299              		@ frame_needed = 0, uses_anonymous_args = 0
 300              		@ link register save eliminated.
 301              	.LVL0:
  41:Generated_Source\PSoC4/PDSS_PORT0_TX_CLK.c ****     /* Make sure any previous start command has finished. */
  42:Generated_Source\PSoC4/PDSS_PORT0_TX_CLK.c ****     while((PDSS_PORT0_TX_CLK_CMD_REG & PDSS_PORT0_TX_CLK_CMD_ENABLE_MASK) != 0u)
 302              		.loc 1 42 0
 303 0000 044A     		ldr	r2, .L5
 304              	.L2:
 305              		.loc 1 42 0 is_stmt 0 discriminator 1
 306 0002 1368     		ldr	r3, [r2]
 307 0004 002B     		cmp	r3, #0
 308 0006 FCDB     		blt	.L2
  43:Generated_Source\PSoC4/PDSS_PORT0_TX_CLK.c ****     {
  44:Generated_Source\PSoC4/PDSS_PORT0_TX_CLK.c ****     }
  45:Generated_Source\PSoC4/PDSS_PORT0_TX_CLK.c ****     
  46:Generated_Source\PSoC4/PDSS_PORT0_TX_CLK.c ****     /* Specify the target divider and it's alignment divider, and enable. */
ARM GAS  e:\temp\ccHzh8UN.s 			page 21


  47:Generated_Source\PSoC4/PDSS_PORT0_TX_CLK.c ****     PDSS_PORT0_TX_CLK_CMD_REG =
  48:Generated_Source\PSoC4/PDSS_PORT0_TX_CLK.c ****         ((uint32)PDSS_PORT0_TX_CLK__DIV_ID << PDSS_PORT0_TX_CLK_CMD_DIV_SHIFT)|
  49:Generated_Source\PSoC4/PDSS_PORT0_TX_CLK.c ****         (alignClkDiv << PDSS_PORT0_TX_CLK_CMD_PA_DIV_SHIFT) |
 309              		.loc 1 49 0 is_stmt 1
 310 0008 034B     		ldr	r3, .L5+4
 311 000a 0002     		lsls	r0, r0, #8
 312              	.LVL1:
 313 000c 1843     		orrs	r0, r3
  47:Generated_Source\PSoC4/PDSS_PORT0_TX_CLK.c ****         ((uint32)PDSS_PORT0_TX_CLK__DIV_ID << PDSS_PORT0_TX_CLK_CMD_DIV_SHIFT)|
 314              		.loc 1 47 0
 315 000e 014B     		ldr	r3, .L5
  50:Generated_Source\PSoC4/PDSS_PORT0_TX_CLK.c ****         (uint32)PDSS_PORT0_TX_CLK_CMD_ENABLE_MASK;
  51:Generated_Source\PSoC4/PDSS_PORT0_TX_CLK.c **** }
 316              		.loc 1 51 0
 317              		@ sp needed
  47:Generated_Source\PSoC4/PDSS_PORT0_TX_CLK.c ****         ((uint32)PDSS_PORT0_TX_CLK__DIV_ID << PDSS_PORT0_TX_CLK_CMD_DIV_SHIFT)|
 318              		.loc 1 47 0
 319 0010 1860     		str	r0, [r3]
 320              		.loc 1 51 0
 321 0012 7047     		bx	lr
 322              	.L6:
 323              		.align	2
 324              	.L5:
 325 0014 00000140 		.word	1073807360
 326 0018 05000080 		.word	-2147483643
 327              		.cfi_endproc
 328              	.LFE0:
 329              		.size	PDSS_PORT0_TX_CLK_StartEx, .-PDSS_PORT0_TX_CLK_StartEx
 330              		.section	.text.PDSS_PORT0_TX_CLK_Stop,"ax",%progbits
 331              		.align	1
 332              		.global	PDSS_PORT0_TX_CLK_Stop
 333              		.code	16
 334              		.thumb_func
 335              		.type	PDSS_PORT0_TX_CLK_Stop, %function
 336              	PDSS_PORT0_TX_CLK_Stop:
 337              	.LFB1:
  52:Generated_Source\PSoC4/PDSS_PORT0_TX_CLK.c **** 
  53:Generated_Source\PSoC4/PDSS_PORT0_TX_CLK.c **** #else
  54:Generated_Source\PSoC4/PDSS_PORT0_TX_CLK.c **** 
  55:Generated_Source\PSoC4/PDSS_PORT0_TX_CLK.c **** /*******************************************************************************
  56:Generated_Source\PSoC4/PDSS_PORT0_TX_CLK.c **** * Function Name: PDSS_PORT0_TX_CLK_Start
  57:Generated_Source\PSoC4/PDSS_PORT0_TX_CLK.c **** ********************************************************************************
  58:Generated_Source\PSoC4/PDSS_PORT0_TX_CLK.c **** *
  59:Generated_Source\PSoC4/PDSS_PORT0_TX_CLK.c **** * Summary:
  60:Generated_Source\PSoC4/PDSS_PORT0_TX_CLK.c **** *  Starts the clock.
  61:Generated_Source\PSoC4/PDSS_PORT0_TX_CLK.c **** *
  62:Generated_Source\PSoC4/PDSS_PORT0_TX_CLK.c **** * Parameters:
  63:Generated_Source\PSoC4/PDSS_PORT0_TX_CLK.c **** *  None
  64:Generated_Source\PSoC4/PDSS_PORT0_TX_CLK.c **** *
  65:Generated_Source\PSoC4/PDSS_PORT0_TX_CLK.c **** * Returns:
  66:Generated_Source\PSoC4/PDSS_PORT0_TX_CLK.c **** *  None
  67:Generated_Source\PSoC4/PDSS_PORT0_TX_CLK.c **** *
  68:Generated_Source\PSoC4/PDSS_PORT0_TX_CLK.c **** *******************************************************************************/
  69:Generated_Source\PSoC4/PDSS_PORT0_TX_CLK.c **** 
  70:Generated_Source\PSoC4/PDSS_PORT0_TX_CLK.c **** void PDSS_PORT0_TX_CLK_Start(void)
  71:Generated_Source\PSoC4/PDSS_PORT0_TX_CLK.c **** {
  72:Generated_Source\PSoC4/PDSS_PORT0_TX_CLK.c ****     /* Set the bit to enable the clock. */
ARM GAS  e:\temp\ccHzh8UN.s 			page 22


  73:Generated_Source\PSoC4/PDSS_PORT0_TX_CLK.c ****     PDSS_PORT0_TX_CLK_ENABLE_REG |= PDSS_PORT0_TX_CLK__ENABLE_MASK;
  74:Generated_Source\PSoC4/PDSS_PORT0_TX_CLK.c **** }
  75:Generated_Source\PSoC4/PDSS_PORT0_TX_CLK.c **** 
  76:Generated_Source\PSoC4/PDSS_PORT0_TX_CLK.c **** #endif /* CYREG_PERI_DIV_CMD */
  77:Generated_Source\PSoC4/PDSS_PORT0_TX_CLK.c **** 
  78:Generated_Source\PSoC4/PDSS_PORT0_TX_CLK.c **** 
  79:Generated_Source\PSoC4/PDSS_PORT0_TX_CLK.c **** /*******************************************************************************
  80:Generated_Source\PSoC4/PDSS_PORT0_TX_CLK.c **** * Function Name: PDSS_PORT0_TX_CLK_Stop
  81:Generated_Source\PSoC4/PDSS_PORT0_TX_CLK.c **** ********************************************************************************
  82:Generated_Source\PSoC4/PDSS_PORT0_TX_CLK.c **** *
  83:Generated_Source\PSoC4/PDSS_PORT0_TX_CLK.c **** * Summary:
  84:Generated_Source\PSoC4/PDSS_PORT0_TX_CLK.c **** *  Stops the clock and returns immediately. This API does not require the
  85:Generated_Source\PSoC4/PDSS_PORT0_TX_CLK.c **** *  source clock to be running but may return before the hardware is actually
  86:Generated_Source\PSoC4/PDSS_PORT0_TX_CLK.c **** *  disabled.
  87:Generated_Source\PSoC4/PDSS_PORT0_TX_CLK.c **** *
  88:Generated_Source\PSoC4/PDSS_PORT0_TX_CLK.c **** * Parameters:
  89:Generated_Source\PSoC4/PDSS_PORT0_TX_CLK.c **** *  None
  90:Generated_Source\PSoC4/PDSS_PORT0_TX_CLK.c **** *
  91:Generated_Source\PSoC4/PDSS_PORT0_TX_CLK.c **** * Returns:
  92:Generated_Source\PSoC4/PDSS_PORT0_TX_CLK.c **** *  None
  93:Generated_Source\PSoC4/PDSS_PORT0_TX_CLK.c **** *
  94:Generated_Source\PSoC4/PDSS_PORT0_TX_CLK.c **** *******************************************************************************/
  95:Generated_Source\PSoC4/PDSS_PORT0_TX_CLK.c **** void PDSS_PORT0_TX_CLK_Stop(void)
  96:Generated_Source\PSoC4/PDSS_PORT0_TX_CLK.c **** {
 338              		.loc 1 96 0
 339              		.cfi_startproc
 340              		@ args = 0, pretend = 0, frame = 0
 341              		@ frame_needed = 0, uses_anonymous_args = 0
 342              		@ link register save eliminated.
  97:Generated_Source\PSoC4/PDSS_PORT0_TX_CLK.c **** #if defined CYREG_PERI_DIV_CMD
  98:Generated_Source\PSoC4/PDSS_PORT0_TX_CLK.c **** 
  99:Generated_Source\PSoC4/PDSS_PORT0_TX_CLK.c ****     /* Make sure any previous start command has finished. */
 100:Generated_Source\PSoC4/PDSS_PORT0_TX_CLK.c ****     while((PDSS_PORT0_TX_CLK_CMD_REG & PDSS_PORT0_TX_CLK_CMD_ENABLE_MASK) != 0u)
 343              		.loc 1 100 0
 344 0000 034A     		ldr	r2, .L10
 345              	.L8:
 346              		.loc 1 100 0 is_stmt 0 discriminator 1
 347 0002 1368     		ldr	r3, [r2]
 348 0004 002B     		cmp	r3, #0
 349 0006 FCDB     		blt	.L8
 101:Generated_Source\PSoC4/PDSS_PORT0_TX_CLK.c ****     {
 102:Generated_Source\PSoC4/PDSS_PORT0_TX_CLK.c ****     }
 103:Generated_Source\PSoC4/PDSS_PORT0_TX_CLK.c ****     
 104:Generated_Source\PSoC4/PDSS_PORT0_TX_CLK.c ****     /* Specify the target divider and it's alignment divider, and disable. */
 105:Generated_Source\PSoC4/PDSS_PORT0_TX_CLK.c ****     PDSS_PORT0_TX_CLK_CMD_REG =
 350              		.loc 1 105 0 is_stmt 1
 351 0008 024A     		ldr	r2, .L10+4
 352 000a 014B     		ldr	r3, .L10
 106:Generated_Source\PSoC4/PDSS_PORT0_TX_CLK.c ****         ((uint32)PDSS_PORT0_TX_CLK__DIV_ID << PDSS_PORT0_TX_CLK_CMD_DIV_SHIFT)|
 107:Generated_Source\PSoC4/PDSS_PORT0_TX_CLK.c ****         ((uint32)PDSS_PORT0_TX_CLK_CMD_DISABLE_MASK);
 108:Generated_Source\PSoC4/PDSS_PORT0_TX_CLK.c **** 
 109:Generated_Source\PSoC4/PDSS_PORT0_TX_CLK.c **** #else
 110:Generated_Source\PSoC4/PDSS_PORT0_TX_CLK.c **** 
 111:Generated_Source\PSoC4/PDSS_PORT0_TX_CLK.c ****     /* Clear the bit to disable the clock. */
 112:Generated_Source\PSoC4/PDSS_PORT0_TX_CLK.c ****     PDSS_PORT0_TX_CLK_ENABLE_REG &= (uint32)(~PDSS_PORT0_TX_CLK__ENABLE_MASK);
 113:Generated_Source\PSoC4/PDSS_PORT0_TX_CLK.c ****     
 114:Generated_Source\PSoC4/PDSS_PORT0_TX_CLK.c **** #endif /* CYREG_PERI_DIV_CMD */
ARM GAS  e:\temp\ccHzh8UN.s 			page 23


 115:Generated_Source\PSoC4/PDSS_PORT0_TX_CLK.c **** }
 353              		.loc 1 115 0
 354              		@ sp needed
 105:Generated_Source\PSoC4/PDSS_PORT0_TX_CLK.c ****         ((uint32)PDSS_PORT0_TX_CLK__DIV_ID << PDSS_PORT0_TX_CLK_CMD_DIV_SHIFT)|
 355              		.loc 1 105 0
 356 000c 1A60     		str	r2, [r3]
 357              		.loc 1 115 0
 358 000e 7047     		bx	lr
 359              	.L11:
 360              		.align	2
 361              	.L10:
 362 0010 00000140 		.word	1073807360
 363 0014 05000040 		.word	1073741829
 364              		.cfi_endproc
 365              	.LFE1:
 366              		.size	PDSS_PORT0_TX_CLK_Stop, .-PDSS_PORT0_TX_CLK_Stop
 367              		.section	.text.PDSS_PORT0_TX_CLK_SetFractionalDividerRegister,"ax",%progbits
 368              		.align	1
 369              		.global	PDSS_PORT0_TX_CLK_SetFractionalDividerRegister
 370              		.code	16
 371              		.thumb_func
 372              		.type	PDSS_PORT0_TX_CLK_SetFractionalDividerRegister, %function
 373              	PDSS_PORT0_TX_CLK_SetFractionalDividerRegister:
 374              	.LFB2:
 116:Generated_Source\PSoC4/PDSS_PORT0_TX_CLK.c **** 
 117:Generated_Source\PSoC4/PDSS_PORT0_TX_CLK.c **** 
 118:Generated_Source\PSoC4/PDSS_PORT0_TX_CLK.c **** /*******************************************************************************
 119:Generated_Source\PSoC4/PDSS_PORT0_TX_CLK.c **** * Function Name: PDSS_PORT0_TX_CLK_SetFractionalDividerRegister
 120:Generated_Source\PSoC4/PDSS_PORT0_TX_CLK.c **** ********************************************************************************
 121:Generated_Source\PSoC4/PDSS_PORT0_TX_CLK.c **** *
 122:Generated_Source\PSoC4/PDSS_PORT0_TX_CLK.c **** * Summary:
 123:Generated_Source\PSoC4/PDSS_PORT0_TX_CLK.c **** *  Modifies the clock divider and the fractional divider.
 124:Generated_Source\PSoC4/PDSS_PORT0_TX_CLK.c **** *
 125:Generated_Source\PSoC4/PDSS_PORT0_TX_CLK.c **** * Parameters:
 126:Generated_Source\PSoC4/PDSS_PORT0_TX_CLK.c **** *  clkDivider:  Divider register value (0-65535). This value is NOT the
 127:Generated_Source\PSoC4/PDSS_PORT0_TX_CLK.c **** *    divider; the clock hardware divides by clkDivider plus one. For example,
 128:Generated_Source\PSoC4/PDSS_PORT0_TX_CLK.c **** *    to divide the clock by 2, this parameter should be set to 1.
 129:Generated_Source\PSoC4/PDSS_PORT0_TX_CLK.c **** *  fracDivider:  Fractional Divider register value (0-31).
 130:Generated_Source\PSoC4/PDSS_PORT0_TX_CLK.c **** * Returns:
 131:Generated_Source\PSoC4/PDSS_PORT0_TX_CLK.c **** *  None
 132:Generated_Source\PSoC4/PDSS_PORT0_TX_CLK.c **** *
 133:Generated_Source\PSoC4/PDSS_PORT0_TX_CLK.c **** *******************************************************************************/
 134:Generated_Source\PSoC4/PDSS_PORT0_TX_CLK.c **** void PDSS_PORT0_TX_CLK_SetFractionalDividerRegister(uint16 clkDivider, uint8 clkFractional)
 135:Generated_Source\PSoC4/PDSS_PORT0_TX_CLK.c **** {
 375              		.loc 1 135 0
 376              		.cfi_startproc
 377              		@ args = 0, pretend = 0, frame = 0
 378              		@ frame_needed = 0, uses_anonymous_args = 0
 379              	.LVL2:
 136:Generated_Source\PSoC4/PDSS_PORT0_TX_CLK.c ****     uint32 maskVal;
 137:Generated_Source\PSoC4/PDSS_PORT0_TX_CLK.c ****     uint32 regVal;
 138:Generated_Source\PSoC4/PDSS_PORT0_TX_CLK.c ****     
 139:Generated_Source\PSoC4/PDSS_PORT0_TX_CLK.c **** #if defined (PDSS_PORT0_TX_CLK__FRAC_MASK) || defined (CYREG_PERI_DIV_CMD)
 140:Generated_Source\PSoC4/PDSS_PORT0_TX_CLK.c ****     
 141:Generated_Source\PSoC4/PDSS_PORT0_TX_CLK.c **** 	/* get all but divider bits */
 142:Generated_Source\PSoC4/PDSS_PORT0_TX_CLK.c ****     maskVal = PDSS_PORT0_TX_CLK_DIV_REG & 
 143:Generated_Source\PSoC4/PDSS_PORT0_TX_CLK.c ****                     (uint32)(~(uint32)(PDSS_PORT0_TX_CLK_DIV_INT_MASK | PDSS_PORT0_TX_CLK_DIV_FRAC_
ARM GAS  e:\temp\ccHzh8UN.s 			page 24


 144:Generated_Source\PSoC4/PDSS_PORT0_TX_CLK.c **** 	/* combine mask and new divider vals into 32-bit value */
 145:Generated_Source\PSoC4/PDSS_PORT0_TX_CLK.c ****     regVal = maskVal |
 380              		.loc 1 145 0
 381 0000 FF22     		movs	r2, #255
 382 0002 C900     		lsls	r1, r1, #3
 383              	.LVL3:
 384 0004 1140     		ands	r1, r2
 385 0006 0202     		lsls	r2, r0, #8
 386 0008 1143     		orrs	r1, r2
 387 000a 0723     		movs	r3, #7
 388 000c 0800     		movs	r0, r1
 389              	.LVL4:
 135:Generated_Source\PSoC4/PDSS_PORT0_TX_CLK.c ****     uint32 maskVal;
 390              		.loc 1 135 0
 391 000e 30B5     		push	{r4, r5, lr}
 392              		.cfi_def_cfa_offset 12
 393              		.cfi_offset 4, -12
 394              		.cfi_offset 5, -8
 395              		.cfi_offset 14, -4
 142:Generated_Source\PSoC4/PDSS_PORT0_TX_CLK.c ****                     (uint32)(~(uint32)(PDSS_PORT0_TX_CLK_DIV_INT_MASK | PDSS_PORT0_TX_CLK_DIV_FRAC_
 396              		.loc 1 142 0
 397 0010 024C     		ldr	r4, .L13
 146:Generated_Source\PSoC4/PDSS_PORT0_TX_CLK.c ****         ((uint32)((uint32)clkDivider <<  PDSS_PORT0_TX_CLK_DIV_INT_SHIFT) & PDSS_PORT0_TX_CLK_DIV_I
 147:Generated_Source\PSoC4/PDSS_PORT0_TX_CLK.c ****         ((uint32)((uint32)clkFractional << PDSS_PORT0_TX_CLK_DIV_FRAC_SHIFT) & PDSS_PORT0_TX_CLK_DI
 148:Generated_Source\PSoC4/PDSS_PORT0_TX_CLK.c ****     
 149:Generated_Source\PSoC4/PDSS_PORT0_TX_CLK.c **** #else
 150:Generated_Source\PSoC4/PDSS_PORT0_TX_CLK.c ****     /* get all but integer divider bits */
 151:Generated_Source\PSoC4/PDSS_PORT0_TX_CLK.c ****     maskVal = PDSS_PORT0_TX_CLK_DIV_REG & (uint32)(~(uint32)PDSS_PORT0_TX_CLK__DIVIDER_MASK);
 152:Generated_Source\PSoC4/PDSS_PORT0_TX_CLK.c ****     /* combine mask and new divider val into 32-bit value */
 153:Generated_Source\PSoC4/PDSS_PORT0_TX_CLK.c ****     regVal = clkDivider | maskVal;
 154:Generated_Source\PSoC4/PDSS_PORT0_TX_CLK.c ****     
 155:Generated_Source\PSoC4/PDSS_PORT0_TX_CLK.c **** #endif /* PDSS_PORT0_TX_CLK__FRAC_MASK || CYREG_PERI_DIV_CMD */
 156:Generated_Source\PSoC4/PDSS_PORT0_TX_CLK.c **** 
 157:Generated_Source\PSoC4/PDSS_PORT0_TX_CLK.c ****     PDSS_PORT0_TX_CLK_DIV_REG = regVal;
 158:Generated_Source\PSoC4/PDSS_PORT0_TX_CLK.c **** }
 398              		.loc 1 158 0
 399              		@ sp needed
 142:Generated_Source\PSoC4/PDSS_PORT0_TX_CLK.c ****                     (uint32)(~(uint32)(PDSS_PORT0_TX_CLK_DIV_INT_MASK | PDSS_PORT0_TX_CLK_DIV_FRAC_
 400              		.loc 1 142 0
 401 0012 2568     		ldr	r5, [r4]
 402              	.LVL5:
 145:Generated_Source\PSoC4/PDSS_PORT0_TX_CLK.c ****         ((uint32)((uint32)clkDivider <<  PDSS_PORT0_TX_CLK_DIV_INT_SHIFT) & PDSS_PORT0_TX_CLK_DIV_I
 403              		.loc 1 145 0
 404 0014 2B40     		ands	r3, r5
 405              	.LVL6:
 406 0016 1843     		orrs	r0, r3
 407              	.LVL7:
 157:Generated_Source\PSoC4/PDSS_PORT0_TX_CLK.c **** }
 408              		.loc 1 157 0
 409 0018 2060     		str	r0, [r4]
 410              		.loc 1 158 0
 411 001a 30BD     		pop	{r4, r5, pc}
 412              	.L14:
 413              		.align	2
 414              	.L13:
 415 001c 14020140 		.word	1073807892
 416              		.cfi_endproc
ARM GAS  e:\temp\ccHzh8UN.s 			page 25


 417              	.LFE2:
 418              		.size	PDSS_PORT0_TX_CLK_SetFractionalDividerRegister, .-PDSS_PORT0_TX_CLK_SetFractionalDividerRegi
 419              		.section	.text.PDSS_PORT0_TX_CLK_GetDividerRegister,"ax",%progbits
 420              		.align	1
 421              		.global	PDSS_PORT0_TX_CLK_GetDividerRegister
 422              		.code	16
 423              		.thumb_func
 424              		.type	PDSS_PORT0_TX_CLK_GetDividerRegister, %function
 425              	PDSS_PORT0_TX_CLK_GetDividerRegister:
 426              	.LFB3:
 159:Generated_Source\PSoC4/PDSS_PORT0_TX_CLK.c **** 
 160:Generated_Source\PSoC4/PDSS_PORT0_TX_CLK.c **** 
 161:Generated_Source\PSoC4/PDSS_PORT0_TX_CLK.c **** /*******************************************************************************
 162:Generated_Source\PSoC4/PDSS_PORT0_TX_CLK.c **** * Function Name: PDSS_PORT0_TX_CLK_GetDividerRegister
 163:Generated_Source\PSoC4/PDSS_PORT0_TX_CLK.c **** ********************************************************************************
 164:Generated_Source\PSoC4/PDSS_PORT0_TX_CLK.c **** *
 165:Generated_Source\PSoC4/PDSS_PORT0_TX_CLK.c **** * Summary:
 166:Generated_Source\PSoC4/PDSS_PORT0_TX_CLK.c **** *  Gets the clock divider register value.
 167:Generated_Source\PSoC4/PDSS_PORT0_TX_CLK.c **** *
 168:Generated_Source\PSoC4/PDSS_PORT0_TX_CLK.c **** * Parameters:
 169:Generated_Source\PSoC4/PDSS_PORT0_TX_CLK.c **** *  None
 170:Generated_Source\PSoC4/PDSS_PORT0_TX_CLK.c **** *
 171:Generated_Source\PSoC4/PDSS_PORT0_TX_CLK.c **** * Returns:
 172:Generated_Source\PSoC4/PDSS_PORT0_TX_CLK.c **** *  Divide value of the clock minus 1. For example, if the clock is set to
 173:Generated_Source\PSoC4/PDSS_PORT0_TX_CLK.c **** *  divide by 2, the return value will be 1.
 174:Generated_Source\PSoC4/PDSS_PORT0_TX_CLK.c **** *
 175:Generated_Source\PSoC4/PDSS_PORT0_TX_CLK.c **** *******************************************************************************/
 176:Generated_Source\PSoC4/PDSS_PORT0_TX_CLK.c **** uint16 PDSS_PORT0_TX_CLK_GetDividerRegister(void)
 177:Generated_Source\PSoC4/PDSS_PORT0_TX_CLK.c **** {
 427              		.loc 1 177 0
 428              		.cfi_startproc
 429              		@ args = 0, pretend = 0, frame = 0
 430              		@ frame_needed = 0, uses_anonymous_args = 0
 431              		@ link register save eliminated.
 178:Generated_Source\PSoC4/PDSS_PORT0_TX_CLK.c ****     return (uint16)((PDSS_PORT0_TX_CLK_DIV_REG & PDSS_PORT0_TX_CLK_DIV_INT_MASK)
 432              		.loc 1 178 0
 433 0000 024B     		ldr	r3, .L16
 179:Generated_Source\PSoC4/PDSS_PORT0_TX_CLK.c ****         >> PDSS_PORT0_TX_CLK_DIV_INT_SHIFT);
 180:Generated_Source\PSoC4/PDSS_PORT0_TX_CLK.c **** }
 434              		.loc 1 180 0
 435              		@ sp needed
 178:Generated_Source\PSoC4/PDSS_PORT0_TX_CLK.c ****     return (uint16)((PDSS_PORT0_TX_CLK_DIV_REG & PDSS_PORT0_TX_CLK_DIV_INT_MASK)
 436              		.loc 1 178 0
 437 0002 1868     		ldr	r0, [r3]
 438 0004 000A     		lsrs	r0, r0, #8
 439 0006 80B2     		uxth	r0, r0
 440              		.loc 1 180 0
 441 0008 7047     		bx	lr
 442              	.L17:
 443 000a C046     		.align	2
 444              	.L16:
 445 000c 14020140 		.word	1073807892
 446              		.cfi_endproc
 447              	.LFE3:
 448              		.size	PDSS_PORT0_TX_CLK_GetDividerRegister, .-PDSS_PORT0_TX_CLK_GetDividerRegister
 449              		.section	.text.PDSS_PORT0_TX_CLK_GetFractionalDividerRegister,"ax",%progbits
 450              		.align	1
ARM GAS  e:\temp\ccHzh8UN.s 			page 26


 451              		.global	PDSS_PORT0_TX_CLK_GetFractionalDividerRegister
 452              		.code	16
 453              		.thumb_func
 454              		.type	PDSS_PORT0_TX_CLK_GetFractionalDividerRegister, %function
 455              	PDSS_PORT0_TX_CLK_GetFractionalDividerRegister:
 456              	.LFB4:
 181:Generated_Source\PSoC4/PDSS_PORT0_TX_CLK.c **** 
 182:Generated_Source\PSoC4/PDSS_PORT0_TX_CLK.c **** 
 183:Generated_Source\PSoC4/PDSS_PORT0_TX_CLK.c **** /*******************************************************************************
 184:Generated_Source\PSoC4/PDSS_PORT0_TX_CLK.c **** * Function Name: PDSS_PORT0_TX_CLK_GetFractionalDividerRegister
 185:Generated_Source\PSoC4/PDSS_PORT0_TX_CLK.c **** ********************************************************************************
 186:Generated_Source\PSoC4/PDSS_PORT0_TX_CLK.c **** *
 187:Generated_Source\PSoC4/PDSS_PORT0_TX_CLK.c **** * Summary:
 188:Generated_Source\PSoC4/PDSS_PORT0_TX_CLK.c **** *  Gets the clock fractional divider register value.
 189:Generated_Source\PSoC4/PDSS_PORT0_TX_CLK.c **** *
 190:Generated_Source\PSoC4/PDSS_PORT0_TX_CLK.c **** * Parameters:
 191:Generated_Source\PSoC4/PDSS_PORT0_TX_CLK.c **** *  None
 192:Generated_Source\PSoC4/PDSS_PORT0_TX_CLK.c **** *
 193:Generated_Source\PSoC4/PDSS_PORT0_TX_CLK.c **** * Returns:
 194:Generated_Source\PSoC4/PDSS_PORT0_TX_CLK.c **** *  Fractional Divide value of the clock
 195:Generated_Source\PSoC4/PDSS_PORT0_TX_CLK.c **** *  0 if the fractional divider is not in use.
 196:Generated_Source\PSoC4/PDSS_PORT0_TX_CLK.c **** *
 197:Generated_Source\PSoC4/PDSS_PORT0_TX_CLK.c **** *******************************************************************************/
 198:Generated_Source\PSoC4/PDSS_PORT0_TX_CLK.c **** uint8 PDSS_PORT0_TX_CLK_GetFractionalDividerRegister(void)
 199:Generated_Source\PSoC4/PDSS_PORT0_TX_CLK.c **** {
 457              		.loc 1 199 0
 458              		.cfi_startproc
 459              		@ args = 0, pretend = 0, frame = 0
 460              		@ frame_needed = 0, uses_anonymous_args = 0
 461              		@ link register save eliminated.
 200:Generated_Source\PSoC4/PDSS_PORT0_TX_CLK.c **** #if defined (PDSS_PORT0_TX_CLK__FRAC_MASK)
 201:Generated_Source\PSoC4/PDSS_PORT0_TX_CLK.c ****     /* return fractional divider bits */
 202:Generated_Source\PSoC4/PDSS_PORT0_TX_CLK.c ****     return (uint8)((PDSS_PORT0_TX_CLK_DIV_REG & PDSS_PORT0_TX_CLK_DIV_FRAC_MASK)
 203:Generated_Source\PSoC4/PDSS_PORT0_TX_CLK.c ****         >> PDSS_PORT0_TX_CLK_DIV_FRAC_SHIFT);
 204:Generated_Source\PSoC4/PDSS_PORT0_TX_CLK.c **** #else
 205:Generated_Source\PSoC4/PDSS_PORT0_TX_CLK.c ****     return 0u;
 206:Generated_Source\PSoC4/PDSS_PORT0_TX_CLK.c **** #endif /* PDSS_PORT0_TX_CLK__FRAC_MASK */
 207:Generated_Source\PSoC4/PDSS_PORT0_TX_CLK.c **** }
 462              		.loc 1 207 0
 463 0000 0020     		movs	r0, #0
 464              		@ sp needed
 465 0002 7047     		bx	lr
 466              		.cfi_endproc
 467              	.LFE4:
 468              		.size	PDSS_PORT0_TX_CLK_GetFractionalDividerRegister, .-PDSS_PORT0_TX_CLK_GetFractionalDividerRegi
 469              		.text
 470              	.Letext0:
 471              		.file 2 "Generated_Source\\PSoC4/cytypes.h"
 472              		.section	.debug_info,"",%progbits
 473              	.Ldebug_info0:
 474 0000 62010000 		.4byte	0x162
 475 0004 0400     		.2byte	0x4
 476 0006 00000000 		.4byte	.Ldebug_abbrev0
 477 000a 04       		.byte	0x4
 478 000b 01       		.uleb128 0x1
 479 000c 06020000 		.4byte	.LASF25
 480 0010 0C       		.byte	0xc
ARM GAS  e:\temp\ccHzh8UN.s 			page 27


 481 0011 12010000 		.4byte	.LASF26
 482 0015 83000000 		.4byte	.LASF27
 483 0019 00000000 		.4byte	.Ldebug_ranges0+0
 484 001d 00000000 		.4byte	0
 485 0021 00000000 		.4byte	.Ldebug_line0
 486 0025 02       		.uleb128 0x2
 487 0026 01       		.byte	0x1
 488 0027 06       		.byte	0x6
 489 0028 EE020000 		.4byte	.LASF0
 490 002c 02       		.uleb128 0x2
 491 002d 01       		.byte	0x1
 492 002e 08       		.byte	0x8
 493 002f 04010000 		.4byte	.LASF1
 494 0033 02       		.uleb128 0x2
 495 0034 02       		.byte	0x2
 496 0035 05       		.byte	0x5
 497 0036 D5020000 		.4byte	.LASF2
 498 003a 02       		.uleb128 0x2
 499 003b 02       		.byte	0x2
 500 003c 07       		.byte	0x7
 501 003d 3D010000 		.4byte	.LASF3
 502 0041 02       		.uleb128 0x2
 503 0042 04       		.byte	0x4
 504 0043 05       		.byte	0x5
 505 0044 E5020000 		.4byte	.LASF4
 506 0048 02       		.uleb128 0x2
 507 0049 04       		.byte	0x4
 508 004a 07       		.byte	0x7
 509 004b A1010000 		.4byte	.LASF5
 510 004f 02       		.uleb128 0x2
 511 0050 08       		.byte	0x8
 512 0051 05       		.byte	0x5
 513 0052 C2020000 		.4byte	.LASF6
 514 0056 02       		.uleb128 0x2
 515 0057 08       		.byte	0x8
 516 0058 07       		.byte	0x7
 517 0059 EF010000 		.4byte	.LASF7
 518 005d 03       		.uleb128 0x3
 519 005e 04       		.byte	0x4
 520 005f 05       		.byte	0x5
 521 0060 696E7400 		.ascii	"int\000"
 522 0064 02       		.uleb128 0x2
 523 0065 04       		.byte	0x4
 524 0066 07       		.byte	0x7
 525 0067 E2010000 		.4byte	.LASF8
 526 006b 04       		.uleb128 0x4
 527 006c DF020000 		.4byte	.LASF9
 528 0070 02       		.byte	0x2
 529 0071 E401     		.2byte	0x1e4
 530 0073 2C000000 		.4byte	0x2c
 531 0077 04       		.uleb128 0x4
 532 0078 D4010000 		.4byte	.LASF10
 533 007c 02       		.byte	0x2
 534 007d E501     		.2byte	0x1e5
 535 007f 3A000000 		.4byte	0x3a
 536 0083 04       		.uleb128 0x4
 537 0084 DB010000 		.4byte	.LASF11
ARM GAS  e:\temp\ccHzh8UN.s 			page 28


 538 0088 02       		.byte	0x2
 539 0089 E601     		.2byte	0x1e6
 540 008b 48000000 		.4byte	0x48
 541 008f 02       		.uleb128 0x2
 542 0090 04       		.byte	0x4
 543 0091 04       		.byte	0x4
 544 0092 FE000000 		.4byte	.LASF12
 545 0096 02       		.uleb128 0x2
 546 0097 08       		.byte	0x8
 547 0098 04       		.byte	0x4
 548 0099 28000000 		.4byte	.LASF13
 549 009d 02       		.uleb128 0x2
 550 009e 01       		.byte	0x1
 551 009f 08       		.byte	0x8
 552 00a0 D0020000 		.4byte	.LASF14
 553 00a4 04       		.uleb128 0x4
 554 00a5 00000000 		.4byte	.LASF15
 555 00a9 02       		.byte	0x2
 556 00aa 9002     		.2byte	0x290
 557 00ac B0000000 		.4byte	0xb0
 558 00b0 05       		.uleb128 0x5
 559 00b1 83000000 		.4byte	0x83
 560 00b5 06       		.uleb128 0x6
 561 00b6 0E000000 		.4byte	.LASF16
 562 00ba 01       		.byte	0x1
 563 00bb 27       		.byte	0x27
 564 00bc 00000000 		.4byte	.LFB0
 565 00c0 1C000000 		.4byte	.LFE0-.LFB0
 566 00c4 01       		.uleb128 0x1
 567 00c5 9C       		.byte	0x9c
 568 00c6 DA000000 		.4byte	0xda
 569 00ca 07       		.uleb128 0x7
 570 00cb BA010000 		.4byte	.LASF18
 571 00cf 01       		.byte	0x1
 572 00d0 27       		.byte	0x27
 573 00d1 83000000 		.4byte	0x83
 574 00d5 00000000 		.4byte	.LLST0
 575 00d9 00       		.byte	0
 576 00da 08       		.uleb128 0x8
 577 00db 50010000 		.4byte	.LASF28
 578 00df 01       		.byte	0x1
 579 00e0 5F       		.byte	0x5f
 580 00e1 00000000 		.4byte	.LFB1
 581 00e5 18000000 		.4byte	.LFE1-.LFB1
 582 00e9 01       		.uleb128 0x1
 583 00ea 9C       		.byte	0x9c
 584 00eb 06       		.uleb128 0x6
 585 00ec 2F000000 		.4byte	.LASF17
 586 00f0 01       		.byte	0x1
 587 00f1 86       		.byte	0x86
 588 00f2 00000000 		.4byte	.LFB2
 589 00f6 20000000 		.4byte	.LFE2-.LFB2
 590 00fa 01       		.uleb128 0x1
 591 00fb 9C       		.byte	0x9c
 592 00fc 3B010000 		.4byte	0x13b
 593 0100 07       		.uleb128 0x7
 594 0101 96010000 		.4byte	.LASF19
ARM GAS  e:\temp\ccHzh8UN.s 			page 29


 595 0105 01       		.byte	0x1
 596 0106 86       		.byte	0x86
 597 0107 77000000 		.4byte	0x77
 598 010b 21000000 		.4byte	.LLST1
 599 010f 07       		.uleb128 0x7
 600 0110 C6010000 		.4byte	.LASF20
 601 0114 01       		.byte	0x1
 602 0115 86       		.byte	0x86
 603 0116 6B000000 		.4byte	0x6b
 604 011a 42000000 		.4byte	.LLST2
 605 011e 09       		.uleb128 0x9
 606 011f 06000000 		.4byte	.LASF21
 607 0123 01       		.byte	0x1
 608 0124 88       		.byte	0x88
 609 0125 83000000 		.4byte	0x83
 610 0129 63000000 		.4byte	.LLST3
 611 012d 0A       		.uleb128 0xa
 612 012e B3010000 		.4byte	.LASF22
 613 0132 01       		.byte	0x1
 614 0133 89       		.byte	0x89
 615 0134 83000000 		.4byte	0x83
 616 0138 01       		.uleb128 0x1
 617 0139 50       		.byte	0x50
 618 013a 00       		.byte	0
 619 013b 0B       		.uleb128 0xb
 620 013c 5E000000 		.4byte	.LASF23
 621 0140 01       		.byte	0x1
 622 0141 B0       		.byte	0xb0
 623 0142 77000000 		.4byte	0x77
 624 0146 00000000 		.4byte	.LFB3
 625 014a 10000000 		.4byte	.LFE3-.LFB3
 626 014e 01       		.uleb128 0x1
 627 014f 9C       		.byte	0x9c
 628 0150 0B       		.uleb128 0xb
 629 0151 67010000 		.4byte	.LASF24
 630 0155 01       		.byte	0x1
 631 0156 C6       		.byte	0xc6
 632 0157 6B000000 		.4byte	0x6b
 633 015b 00000000 		.4byte	.LFB4
 634 015f 04000000 		.4byte	.LFE4-.LFB4
 635 0163 01       		.uleb128 0x1
 636 0164 9C       		.byte	0x9c
 637 0165 00       		.byte	0
 638              		.section	.debug_abbrev,"",%progbits
 639              	.Ldebug_abbrev0:
 640 0000 01       		.uleb128 0x1
 641 0001 11       		.uleb128 0x11
 642 0002 01       		.byte	0x1
 643 0003 25       		.uleb128 0x25
 644 0004 0E       		.uleb128 0xe
 645 0005 13       		.uleb128 0x13
 646 0006 0B       		.uleb128 0xb
 647 0007 03       		.uleb128 0x3
 648 0008 0E       		.uleb128 0xe
 649 0009 1B       		.uleb128 0x1b
 650 000a 0E       		.uleb128 0xe
 651 000b 55       		.uleb128 0x55
ARM GAS  e:\temp\ccHzh8UN.s 			page 30


 652 000c 17       		.uleb128 0x17
 653 000d 11       		.uleb128 0x11
 654 000e 01       		.uleb128 0x1
 655 000f 10       		.uleb128 0x10
 656 0010 17       		.uleb128 0x17
 657 0011 00       		.byte	0
 658 0012 00       		.byte	0
 659 0013 02       		.uleb128 0x2
 660 0014 24       		.uleb128 0x24
 661 0015 00       		.byte	0
 662 0016 0B       		.uleb128 0xb
 663 0017 0B       		.uleb128 0xb
 664 0018 3E       		.uleb128 0x3e
 665 0019 0B       		.uleb128 0xb
 666 001a 03       		.uleb128 0x3
 667 001b 0E       		.uleb128 0xe
 668 001c 00       		.byte	0
 669 001d 00       		.byte	0
 670 001e 03       		.uleb128 0x3
 671 001f 24       		.uleb128 0x24
 672 0020 00       		.byte	0
 673 0021 0B       		.uleb128 0xb
 674 0022 0B       		.uleb128 0xb
 675 0023 3E       		.uleb128 0x3e
 676 0024 0B       		.uleb128 0xb
 677 0025 03       		.uleb128 0x3
 678 0026 08       		.uleb128 0x8
 679 0027 00       		.byte	0
 680 0028 00       		.byte	0
 681 0029 04       		.uleb128 0x4
 682 002a 16       		.uleb128 0x16
 683 002b 00       		.byte	0
 684 002c 03       		.uleb128 0x3
 685 002d 0E       		.uleb128 0xe
 686 002e 3A       		.uleb128 0x3a
 687 002f 0B       		.uleb128 0xb
 688 0030 3B       		.uleb128 0x3b
 689 0031 05       		.uleb128 0x5
 690 0032 49       		.uleb128 0x49
 691 0033 13       		.uleb128 0x13
 692 0034 00       		.byte	0
 693 0035 00       		.byte	0
 694 0036 05       		.uleb128 0x5
 695 0037 35       		.uleb128 0x35
 696 0038 00       		.byte	0
 697 0039 49       		.uleb128 0x49
 698 003a 13       		.uleb128 0x13
 699 003b 00       		.byte	0
 700 003c 00       		.byte	0
 701 003d 06       		.uleb128 0x6
 702 003e 2E       		.uleb128 0x2e
 703 003f 01       		.byte	0x1
 704 0040 3F       		.uleb128 0x3f
 705 0041 19       		.uleb128 0x19
 706 0042 03       		.uleb128 0x3
 707 0043 0E       		.uleb128 0xe
 708 0044 3A       		.uleb128 0x3a
ARM GAS  e:\temp\ccHzh8UN.s 			page 31


 709 0045 0B       		.uleb128 0xb
 710 0046 3B       		.uleb128 0x3b
 711 0047 0B       		.uleb128 0xb
 712 0048 27       		.uleb128 0x27
 713 0049 19       		.uleb128 0x19
 714 004a 11       		.uleb128 0x11
 715 004b 01       		.uleb128 0x1
 716 004c 12       		.uleb128 0x12
 717 004d 06       		.uleb128 0x6
 718 004e 40       		.uleb128 0x40
 719 004f 18       		.uleb128 0x18
 720 0050 9742     		.uleb128 0x2117
 721 0052 19       		.uleb128 0x19
 722 0053 01       		.uleb128 0x1
 723 0054 13       		.uleb128 0x13
 724 0055 00       		.byte	0
 725 0056 00       		.byte	0
 726 0057 07       		.uleb128 0x7
 727 0058 05       		.uleb128 0x5
 728 0059 00       		.byte	0
 729 005a 03       		.uleb128 0x3
 730 005b 0E       		.uleb128 0xe
 731 005c 3A       		.uleb128 0x3a
 732 005d 0B       		.uleb128 0xb
 733 005e 3B       		.uleb128 0x3b
 734 005f 0B       		.uleb128 0xb
 735 0060 49       		.uleb128 0x49
 736 0061 13       		.uleb128 0x13
 737 0062 02       		.uleb128 0x2
 738 0063 17       		.uleb128 0x17
 739 0064 00       		.byte	0
 740 0065 00       		.byte	0
 741 0066 08       		.uleb128 0x8
 742 0067 2E       		.uleb128 0x2e
 743 0068 00       		.byte	0
 744 0069 3F       		.uleb128 0x3f
 745 006a 19       		.uleb128 0x19
 746 006b 03       		.uleb128 0x3
 747 006c 0E       		.uleb128 0xe
 748 006d 3A       		.uleb128 0x3a
 749 006e 0B       		.uleb128 0xb
 750 006f 3B       		.uleb128 0x3b
 751 0070 0B       		.uleb128 0xb
 752 0071 27       		.uleb128 0x27
 753 0072 19       		.uleb128 0x19
 754 0073 11       		.uleb128 0x11
 755 0074 01       		.uleb128 0x1
 756 0075 12       		.uleb128 0x12
 757 0076 06       		.uleb128 0x6
 758 0077 40       		.uleb128 0x40
 759 0078 18       		.uleb128 0x18
 760 0079 9742     		.uleb128 0x2117
 761 007b 19       		.uleb128 0x19
 762 007c 00       		.byte	0
 763 007d 00       		.byte	0
 764 007e 09       		.uleb128 0x9
 765 007f 34       		.uleb128 0x34
ARM GAS  e:\temp\ccHzh8UN.s 			page 32


 766 0080 00       		.byte	0
 767 0081 03       		.uleb128 0x3
 768 0082 0E       		.uleb128 0xe
 769 0083 3A       		.uleb128 0x3a
 770 0084 0B       		.uleb128 0xb
 771 0085 3B       		.uleb128 0x3b
 772 0086 0B       		.uleb128 0xb
 773 0087 49       		.uleb128 0x49
 774 0088 13       		.uleb128 0x13
 775 0089 02       		.uleb128 0x2
 776 008a 17       		.uleb128 0x17
 777 008b 00       		.byte	0
 778 008c 00       		.byte	0
 779 008d 0A       		.uleb128 0xa
 780 008e 34       		.uleb128 0x34
 781 008f 00       		.byte	0
 782 0090 03       		.uleb128 0x3
 783 0091 0E       		.uleb128 0xe
 784 0092 3A       		.uleb128 0x3a
 785 0093 0B       		.uleb128 0xb
 786 0094 3B       		.uleb128 0x3b
 787 0095 0B       		.uleb128 0xb
 788 0096 49       		.uleb128 0x49
 789 0097 13       		.uleb128 0x13
 790 0098 02       		.uleb128 0x2
 791 0099 18       		.uleb128 0x18
 792 009a 00       		.byte	0
 793 009b 00       		.byte	0
 794 009c 0B       		.uleb128 0xb
 795 009d 2E       		.uleb128 0x2e
 796 009e 00       		.byte	0
 797 009f 3F       		.uleb128 0x3f
 798 00a0 19       		.uleb128 0x19
 799 00a1 03       		.uleb128 0x3
 800 00a2 0E       		.uleb128 0xe
 801 00a3 3A       		.uleb128 0x3a
 802 00a4 0B       		.uleb128 0xb
 803 00a5 3B       		.uleb128 0x3b
 804 00a6 0B       		.uleb128 0xb
 805 00a7 27       		.uleb128 0x27
 806 00a8 19       		.uleb128 0x19
 807 00a9 49       		.uleb128 0x49
 808 00aa 13       		.uleb128 0x13
 809 00ab 11       		.uleb128 0x11
 810 00ac 01       		.uleb128 0x1
 811 00ad 12       		.uleb128 0x12
 812 00ae 06       		.uleb128 0x6
 813 00af 40       		.uleb128 0x40
 814 00b0 18       		.uleb128 0x18
 815 00b1 9742     		.uleb128 0x2117
 816 00b3 19       		.uleb128 0x19
 817 00b4 00       		.byte	0
 818 00b5 00       		.byte	0
 819 00b6 00       		.byte	0
 820              		.section	.debug_loc,"",%progbits
 821              	.Ldebug_loc0:
 822              	.LLST0:
ARM GAS  e:\temp\ccHzh8UN.s 			page 33


 823 0000 00000000 		.4byte	.LVL0
 824 0004 0C000000 		.4byte	.LVL1
 825 0008 0100     		.2byte	0x1
 826 000a 50       		.byte	0x50
 827 000b 0C000000 		.4byte	.LVL1
 828 000f 1C000000 		.4byte	.LFE0
 829 0013 0400     		.2byte	0x4
 830 0015 F3       		.byte	0xf3
 831 0016 01       		.uleb128 0x1
 832 0017 50       		.byte	0x50
 833 0018 9F       		.byte	0x9f
 834 0019 00000000 		.4byte	0
 835 001d 00000000 		.4byte	0
 836              	.LLST1:
 837 0021 00000000 		.4byte	.LVL2
 838 0025 0E000000 		.4byte	.LVL4
 839 0029 0100     		.2byte	0x1
 840 002b 50       		.byte	0x50
 841 002c 0E000000 		.4byte	.LVL4
 842 0030 20000000 		.4byte	.LFE2
 843 0034 0400     		.2byte	0x4
 844 0036 F3       		.byte	0xf3
 845 0037 01       		.uleb128 0x1
 846 0038 50       		.byte	0x50
 847 0039 9F       		.byte	0x9f
 848 003a 00000000 		.4byte	0
 849 003e 00000000 		.4byte	0
 850              	.LLST2:
 851 0042 00000000 		.4byte	.LVL2
 852 0046 04000000 		.4byte	.LVL3
 853 004a 0100     		.2byte	0x1
 854 004c 51       		.byte	0x51
 855 004d 04000000 		.4byte	.LVL3
 856 0051 20000000 		.4byte	.LFE2
 857 0055 0400     		.2byte	0x4
 858 0057 F3       		.byte	0xf3
 859 0058 01       		.uleb128 0x1
 860 0059 51       		.byte	0x51
 861 005a 9F       		.byte	0x9f
 862 005b 00000000 		.4byte	0
 863 005f 00000000 		.4byte	0
 864              	.LLST3:
 865 0063 14000000 		.4byte	.LVL5
 866 0067 16000000 		.4byte	.LVL6
 867 006b 0500     		.2byte	0x5
 868 006d 75       		.byte	0x75
 869 006e 00       		.sleb128 0
 870 006f 37       		.byte	0x37
 871 0070 1A       		.byte	0x1a
 872 0071 9F       		.byte	0x9f
 873 0072 16000000 		.4byte	.LVL6
 874 0076 20000000 		.4byte	.LFE2
 875 007a 0100     		.2byte	0x1
 876 007c 53       		.byte	0x53
 877 007d 00000000 		.4byte	0
 878 0081 00000000 		.4byte	0
 879              		.section	.debug_aranges,"",%progbits
ARM GAS  e:\temp\ccHzh8UN.s 			page 34


 880 0000 3C000000 		.4byte	0x3c
 881 0004 0200     		.2byte	0x2
 882 0006 00000000 		.4byte	.Ldebug_info0
 883 000a 04       		.byte	0x4
 884 000b 00       		.byte	0
 885 000c 0000     		.2byte	0
 886 000e 0000     		.2byte	0
 887 0010 00000000 		.4byte	.LFB0
 888 0014 1C000000 		.4byte	.LFE0-.LFB0
 889 0018 00000000 		.4byte	.LFB1
 890 001c 18000000 		.4byte	.LFE1-.LFB1
 891 0020 00000000 		.4byte	.LFB2
 892 0024 20000000 		.4byte	.LFE2-.LFB2
 893 0028 00000000 		.4byte	.LFB3
 894 002c 10000000 		.4byte	.LFE3-.LFB3
 895 0030 00000000 		.4byte	.LFB4
 896 0034 04000000 		.4byte	.LFE4-.LFB4
 897 0038 00000000 		.4byte	0
 898 003c 00000000 		.4byte	0
 899              		.section	.debug_ranges,"",%progbits
 900              	.Ldebug_ranges0:
 901 0000 00000000 		.4byte	.LFB0
 902 0004 1C000000 		.4byte	.LFE0
 903 0008 00000000 		.4byte	.LFB1
 904 000c 18000000 		.4byte	.LFE1
 905 0010 00000000 		.4byte	.LFB2
 906 0014 20000000 		.4byte	.LFE2
 907 0018 00000000 		.4byte	.LFB3
 908 001c 10000000 		.4byte	.LFE3
 909 0020 00000000 		.4byte	.LFB4
 910 0024 04000000 		.4byte	.LFE4
 911 0028 00000000 		.4byte	0
 912 002c 00000000 		.4byte	0
 913              		.section	.debug_line,"",%progbits
 914              	.Ldebug_line0:
 915 0000 D9000000 		.section	.debug_str,"MS",%progbits,1
 915      02004E00 
 915      00000201 
 915      FB0E0D00 
 915      01010101 
 916              	.LASF15:
 917 0000 72656733 		.ascii	"reg32\000"
 917      3200
 918              	.LASF21:
 919 0006 6D61736B 		.ascii	"maskVal\000"
 919      56616C00 
 920              	.LASF16:
 921 000e 50445353 		.ascii	"PDSS_PORT0_TX_CLK_StartEx\000"
 921      5F504F52 
 921      54305F54 
 921      585F434C 
 921      4B5F5374 
 922              	.LASF13:
 923 0028 646F7562 		.ascii	"double\000"
 923      6C6500
 924              	.LASF17:
 925 002f 50445353 		.ascii	"PDSS_PORT0_TX_CLK_SetFractionalDividerRegister\000"
ARM GAS  e:\temp\ccHzh8UN.s 			page 35


 925      5F504F52 
 925      54305F54 
 925      585F434C 
 925      4B5F5365 
 926              	.LASF23:
 927 005e 50445353 		.ascii	"PDSS_PORT0_TX_CLK_GetDividerRegister\000"
 927      5F504F52 
 927      54305F54 
 927      585F434C 
 927      4B5F4765 
 928              	.LASF27:
 929 0083 433A5C55 		.ascii	"C:\\Users\\Admin\\Desktop\\_FIRMWARE\\DBARLite\\CYP"
 929      73657273 
 929      5C41646D 
 929      696E5C44 
 929      65736B74 
 930 00b0 44353232 		.ascii	"D5225\\CYPD5225-96BZXI_notebook\\CYPD5225-96BZXI_no"
 930      355C4359 
 930      50443532 
 930      32352D39 
 930      36425A58 
 931 00e1 7465626F 		.ascii	"tebook.cydsn\\backup_fw.cydsn\000"
 931      6F6B2E63 
 931      7964736E 
 931      5C626163 
 931      6B75705F 
 932              	.LASF12:
 933 00fe 666C6F61 		.ascii	"float\000"
 933      7400
 934              	.LASF1:
 935 0104 756E7369 		.ascii	"unsigned char\000"
 935      676E6564 
 935      20636861 
 935      7200
 936              	.LASF26:
 937 0112 47656E65 		.ascii	"Generated_Source\\PSoC4\\PDSS_PORT0_TX_CLK.c\000"
 937      72617465 
 937      645F536F 
 937      75726365 
 937      5C50536F 
 938              	.LASF3:
 939 013d 73686F72 		.ascii	"short unsigned int\000"
 939      7420756E 
 939      7369676E 
 939      65642069 
 939      6E7400
 940              	.LASF28:
 941 0150 50445353 		.ascii	"PDSS_PORT0_TX_CLK_Stop\000"
 941      5F504F52 
 941      54305F54 
 941      585F434C 
 941      4B5F5374 
 942              	.LASF24:
 943 0167 50445353 		.ascii	"PDSS_PORT0_TX_CLK_GetFractionalDividerRegister\000"
 943      5F504F52 
 943      54305F54 
 943      585F434C 
ARM GAS  e:\temp\ccHzh8UN.s 			page 36


 943      4B5F4765 
 944              	.LASF19:
 945 0196 636C6B44 		.ascii	"clkDivider\000"
 945      69766964 
 945      657200
 946              	.LASF5:
 947 01a1 6C6F6E67 		.ascii	"long unsigned int\000"
 947      20756E73 
 947      69676E65 
 947      6420696E 
 947      7400
 948              	.LASF22:
 949 01b3 72656756 		.ascii	"regVal\000"
 949      616C00
 950              	.LASF18:
 951 01ba 616C6967 		.ascii	"alignClkDiv\000"
 951      6E436C6B 
 951      44697600 
 952              	.LASF20:
 953 01c6 636C6B46 		.ascii	"clkFractional\000"
 953      72616374 
 953      696F6E61 
 953      6C00
 954              	.LASF10:
 955 01d4 75696E74 		.ascii	"uint16\000"
 955      313600
 956              	.LASF11:
 957 01db 75696E74 		.ascii	"uint32\000"
 957      333200
 958              	.LASF8:
 959 01e2 756E7369 		.ascii	"unsigned int\000"
 959      676E6564 
 959      20696E74 
 959      00
 960              	.LASF7:
 961 01ef 6C6F6E67 		.ascii	"long long unsigned int\000"
 961      206C6F6E 
 961      6720756E 
 961      7369676E 
 961      65642069 
 962              	.LASF25:
 963 0206 474E5520 		.ascii	"GNU C11 5.4.1 20160609 (release) [ARM/embedded-5-br"
 963      43313120 
 963      352E342E 
 963      31203230 
 963      31363036 
 964 0239 616E6368 		.ascii	"anch revision 237715] -mcpu=cortex-m0 -mthumb -g -O"
 964      20726576 
 964      6973696F 
 964      6E203233 
 964      37373135 
 965 026c 73202D66 		.ascii	"s -ffunction-sections -ffat-lto-objects -finline-fu"
 965      66756E63 
 965      74696F6E 
 965      2D736563 
 965      74696F6E 
 966 029f 6E637469 		.ascii	"nctions -flto -fno-strict-aliasing\000"
ARM GAS  e:\temp\ccHzh8UN.s 			page 37


 966      6F6E7320 
 966      2D666C74 
 966      6F202D66 
 966      6E6F2D73 
 967              	.LASF6:
 968 02c2 6C6F6E67 		.ascii	"long long int\000"
 968      206C6F6E 
 968      6720696E 
 968      7400
 969              	.LASF14:
 970 02d0 63686172 		.ascii	"char\000"
 970      00
 971              	.LASF2:
 972 02d5 73686F72 		.ascii	"short int\000"
 972      7420696E 
 972      7400
 973              	.LASF9:
 974 02df 75696E74 		.ascii	"uint8\000"
 974      3800
 975              	.LASF4:
 976 02e5 6C6F6E67 		.ascii	"long int\000"
 976      20696E74 
 976      00
 977              	.LASF0:
 978 02ee 7369676E 		.ascii	"signed char\000"
 978      65642063 
 978      68617200 
 979              		.comm	__gnu_lto_v1,1,1
 980              		.ident	"GCC: (GNU Tools for ARM Embedded Processors) 5.4.1 20160609 (release) [ARM/embedded-5-bran
