--------------- Build Started: 09/09/2019 17:36:57 Project: CYPD5225-96BZXI_notebook, Configuration: ARM GCC 5.4-2016-q2-update Debug ---------------
The code generation step is up to date.
The compile step is up to date, no work needs to be done.
The link step is up to date, no work needs to be done.
.\post_build.bat Debug
"Running post build commands"
"---------------------------"
C:\Users\Admin\Desktop\_FIRMWARE\DBARLite\CYPD5225\CYPD5225-96BZXI_notebook\CYPD5225-96BZXI_notebook.cydsn>if "Debug" == "Release" () 
C:\Users\Admin\Desktop\_FIRMWARE\DBARLite\CYPD5225\CYPD5225-96BZXI_notebook\CYPD5225-96BZXI_notebook.cydsn>move CortexM0\ARM_GCC_541\Debug\CYPD5225-96BZXI_notebook.cyacd CortexM0\ARM_GCC_541\Debug\CYPD5225-96BZXI_notebook_2.cyacd 
Nie moľna odnale«† okrelonego pliku.
C:\Users\Admin\Desktop\_FIRMWARE\DBARLite\CYPD5225\CYPD5225-96BZXI_notebook\CYPD5225-96BZXI_notebook.cydsn>copy CortexM0\ARM_GCC_541\Debug\CYPD5225-96BZXI_notebook.hex CortexM0\ARM_GCC_541\Debug\CYPD5225-96BZXI_notebook_2.hex 
Liczba skopiowanych plik˘w:         1.
C:\Users\Admin\Desktop\_FIRMWARE\DBARLite\CYPD5225\CYPD5225-96BZXI_notebook\CYPD5225-96BZXI_notebook.cydsn>copy backup_fw.cydsn\CortexM0\ARM_GCC_541\Debug\backup_fw_1.cyacd CortexM0\ARM_GCC_541\Debug\CYPD5225-96BZXI_notebook_1.cyacd 
Liczba skopiowanych plik˘w:         1.
C:\Users\Admin\Desktop\_FIRMWARE\DBARLite\CYPD5225\CYPD5225-96BZXI_notebook\CYPD5225-96BZXI_notebook.cydsn>copy backup_fw.cydsn\CortexM0\ARM_GCC_541\Debug\backup_fw_1.hex CortexM0\ARM_GCC_541\Debug\CYPD5225-96BZXI_notebook_1.hex 
Liczba skopiowanych plik˘w:         1.
C:\Users\Admin\Desktop\_FIRMWARE\DBARLite\CYPD5225\CYPD5225-96BZXI_notebook\CYPD5225-96BZXI_notebook.cydsn>cyelftool.exe -M CortexM0\ARM_GCC_541\Debug\CYPD5225-96BZXI_notebook.elf backup_fw.cydsn\CortexM0\ARM_GCC_541\Debug\backup_fw_1.elf CortexM0\ARM_GCC_541\Debug\CYPD5225-96BZXI_notebook.hex --flash_row_size 256 --flash_size 131072 --flash_array_size 131072 
"---------------------------"
"Done"
--------------- Build Succeeded: 09/09/2019 17:36:58 ---------------
