#***************************************************************************

#sjplacer

#Version:            1.1

#Build Date:         Dec  5 2017 15:35:27

#File Generated:     Oct 11 2018 10:31:10

#Purpose:            

#Copyright (C) 2010-2011 by Softjin Technologies Pvt Ltd. All rights reserved.

#***************************************************************************

Executing : E:\Cypress\PSoC Creator\4.2\PSoC Creator\bin/sjplacer.exe --proj-name backup_fw --netlist-vh2 backup_fw_p.vh2 --arch p4_udb0x0 --arch-file E:\Cypress\PSoC Creator\4.2\PSoC Creator\dev\arch/udbdsi_0x0.cydata --ip-file E:\Cypress\PSoC Creator\4.2\PSoC Creator\dev\psoc4/16/ip_blocks.cydata --rrg-file E:\Cypress\PSoC Creator\4.2\PSoC Creator\dev\psoc4/16/route_arch-rrg.cydata --irq-file E:\Cypress\PSoC Creator\4.2\PSoC Creator\dev\psoc4/16/irqconn.cydata --dsi-conn-file E:\Cypress\PSoC Creator\4.2\PSoC Creator\dev\psoc4/16/dsiconn.cydata --pins-file pins_96-BGA.xml --io-pcf backup_fw.pci --outdir .

		Softjin Techologies Placer, Version 1.1

Build Date : Dec  5 2017	15:33:41

D2004: Option and Settings Summary
=============================================================
Netlist vh2 file          - backup_fw_p.vh2
Architecture file         - E:\Cypress\PSoC Creator\4.2\PSoC Creator\dev\arch/udbdsi_0x0.cydata
Package                   - 
Defparam file             - 
SDC file                  - 
Output directory          - .
Timing library            - 
IO Placement file         - backup_fw.pci

D2050: Starting reading inputs for placer
=============================================================
D2065: Reading netlist file : "backup_fw_p.vh2"
D2065: Reading arch file : "E:\Cypress\PSoC Creator\4.2\PSoC Creator\dev\arch/udbdsi_0x0.cydata"
D2051: Reading of inputs for placer completed successfully

D2053: Starting placement of the design
=============================================================

Phase 2
Phase 3

Design Statistics after Packing
    Number of Combinational MCs 	:	0
    Number of Sequential MCs    	:	0
    Number of DPs               	:	0
    Number of Controls          	:	0
    Number of Status            	:	0
    Number of SyncCells         	:	0
    Number of count7cells       	:	0

Device Utilization Summary after Packing
    Macrocells                  :	0/0
    UDBS                        :	0/0
    IOs                         :	11/28


D2088: Phase 3, elapsed time : 0.0 (sec)

Phase 4
D2088: Phase 4, elapsed time : 0.0 (sec)

Phase 8
D2088: Phase 8, elapsed time : 0.0 (sec)

D2054: Placement of the design completed successfully

I2076: Total run-time: 0.1 sec.

