ARM GAS  e:\temp\ccSIPEF1.s 			page 1


   1              		.syntax unified
   2              		.cpu cortex-m0
   3              		.fpu softvfp
   4              		.eabi_attribute 20, 1
   5              		.eabi_attribute 21, 1
   6              		.eabi_attribute 23, 3
   7              		.eabi_attribute 24, 1
   8              		.eabi_attribute 25, 1
   9              		.eabi_attribute 26, 1
  10              		.eabi_attribute 30, 1
  11              		.eabi_attribute 34, 0
  12              		.eabi_attribute 18, 4
  13              		.thumb
  14              		.syntax unified
  15              		.file	"cyfitter_cfg.c"
  16              		.text
  17              	.Ltext0:
  18              		.cfi_sections	.debug_frame
  19              		.section	.psocinit,"ax",%progbits
  20              		.align	2
  21              		.code	16
  22              		.thumb_func
  23              		.type	ClockSetup, %function
  24              	ClockSetup:
  25              	.LFB3:
  26              		.file 1 "Generated_Source\\PSoC4\\cyfitter_cfg.c"
   1:Generated_Source\PSoC4/cyfitter_cfg.c **** 
   2:Generated_Source\PSoC4/cyfitter_cfg.c **** /*******************************************************************************
   3:Generated_Source\PSoC4/cyfitter_cfg.c **** * File Name: cyfitter_cfg.c
   4:Generated_Source\PSoC4/cyfitter_cfg.c **** * 
   5:Generated_Source\PSoC4/cyfitter_cfg.c **** * PSoC Creator  4.2
   6:Generated_Source\PSoC4/cyfitter_cfg.c **** *
   7:Generated_Source\PSoC4/cyfitter_cfg.c **** * Description:
   8:Generated_Source\PSoC4/cyfitter_cfg.c **** * This file contains device initialization code.
   9:Generated_Source\PSoC4/cyfitter_cfg.c **** * Except for the user defined sections in CyClockStartupError(), this file should not be modified.
  10:Generated_Source\PSoC4/cyfitter_cfg.c **** * This file is automatically generated by PSoC Creator.
  11:Generated_Source\PSoC4/cyfitter_cfg.c **** *
  12:Generated_Source\PSoC4/cyfitter_cfg.c **** ********************************************************************************
  13:Generated_Source\PSoC4/cyfitter_cfg.c **** * Copyright (c) 2007-2018 Cypress Semiconductor.  All rights reserved.
  14:Generated_Source\PSoC4/cyfitter_cfg.c **** * You may use this file only in accordance with the license, terms, conditions, 
  15:Generated_Source\PSoC4/cyfitter_cfg.c **** * disclaimers, and limitations in the end user license agreement accompanying 
  16:Generated_Source\PSoC4/cyfitter_cfg.c **** * the software package with which this file was provided.
  17:Generated_Source\PSoC4/cyfitter_cfg.c **** ********************************************************************************/
  18:Generated_Source\PSoC4/cyfitter_cfg.c **** 
  19:Generated_Source\PSoC4/cyfitter_cfg.c **** #include <string.h>
  20:Generated_Source\PSoC4/cyfitter_cfg.c **** #include "cytypes.h"
  21:Generated_Source\PSoC4/cyfitter_cfg.c **** #include "cydevice_trm.h"
  22:Generated_Source\PSoC4/cyfitter_cfg.c **** #include "cyfitter.h"
  23:Generated_Source\PSoC4/cyfitter_cfg.c **** #include "CyLib.h"
  24:Generated_Source\PSoC4/cyfitter_cfg.c **** #include "cyfitter_cfg.h"
  25:Generated_Source\PSoC4/cyfitter_cfg.c **** #include "cyapicallbacks.h"
  26:Generated_Source\PSoC4/cyfitter_cfg.c **** 
  27:Generated_Source\PSoC4/cyfitter_cfg.c **** 
  28:Generated_Source\PSoC4/cyfitter_cfg.c **** #if defined(__GNUC__) || defined(__ARMCC_VERSION)
  29:Generated_Source\PSoC4/cyfitter_cfg.c ****     #define CYPACKED 
  30:Generated_Source\PSoC4/cyfitter_cfg.c ****     #define CYPACKED_ATTR __attribute__ ((packed))
  31:Generated_Source\PSoC4/cyfitter_cfg.c ****     #define CYALIGNED __attribute__ ((aligned))
ARM GAS  e:\temp\ccSIPEF1.s 			page 2


  32:Generated_Source\PSoC4/cyfitter_cfg.c ****     #define CY_CFG_UNUSED __attribute__ ((unused))
  33:Generated_Source\PSoC4/cyfitter_cfg.c ****     #ifndef CY_CFG_SECTION
  34:Generated_Source\PSoC4/cyfitter_cfg.c ****         #define CY_CFG_SECTION __attribute__ ((section(".psocinit")))
  35:Generated_Source\PSoC4/cyfitter_cfg.c ****     #endif
  36:Generated_Source\PSoC4/cyfitter_cfg.c ****     
  37:Generated_Source\PSoC4/cyfitter_cfg.c ****     #if defined(__ARMCC_VERSION)
  38:Generated_Source\PSoC4/cyfitter_cfg.c ****         #define CY_CFG_MEMORY_BARRIER() __memory_changed()
  39:Generated_Source\PSoC4/cyfitter_cfg.c ****     #else
  40:Generated_Source\PSoC4/cyfitter_cfg.c ****         #define CY_CFG_MEMORY_BARRIER() __sync_synchronize()
  41:Generated_Source\PSoC4/cyfitter_cfg.c ****     #endif
  42:Generated_Source\PSoC4/cyfitter_cfg.c ****     
  43:Generated_Source\PSoC4/cyfitter_cfg.c **** #elif defined(__ICCARM__)
  44:Generated_Source\PSoC4/cyfitter_cfg.c ****     #include <intrinsics.h>
  45:Generated_Source\PSoC4/cyfitter_cfg.c **** 
  46:Generated_Source\PSoC4/cyfitter_cfg.c ****     #define CYPACKED __packed
  47:Generated_Source\PSoC4/cyfitter_cfg.c ****     #define CYPACKED_ATTR 
  48:Generated_Source\PSoC4/cyfitter_cfg.c ****     #define CYALIGNED _Pragma("data_alignment=4")
  49:Generated_Source\PSoC4/cyfitter_cfg.c ****     #define CY_CFG_UNUSED _Pragma("diag_suppress=Pe177")
  50:Generated_Source\PSoC4/cyfitter_cfg.c ****     #define CY_CFG_SECTION _Pragma("location=\".psocinit\"")
  51:Generated_Source\PSoC4/cyfitter_cfg.c ****     
  52:Generated_Source\PSoC4/cyfitter_cfg.c ****     #define CY_CFG_MEMORY_BARRIER() __DMB()
  53:Generated_Source\PSoC4/cyfitter_cfg.c ****     
  54:Generated_Source\PSoC4/cyfitter_cfg.c **** #else
  55:Generated_Source\PSoC4/cyfitter_cfg.c ****     #error Unsupported toolchain
  56:Generated_Source\PSoC4/cyfitter_cfg.c **** #endif
  57:Generated_Source\PSoC4/cyfitter_cfg.c **** 
  58:Generated_Source\PSoC4/cyfitter_cfg.c **** #ifndef CYCODE
  59:Generated_Source\PSoC4/cyfitter_cfg.c ****     #define CYCODE
  60:Generated_Source\PSoC4/cyfitter_cfg.c **** #endif
  61:Generated_Source\PSoC4/cyfitter_cfg.c **** #ifndef CYDATA
  62:Generated_Source\PSoC4/cyfitter_cfg.c ****     #define CYDATA
  63:Generated_Source\PSoC4/cyfitter_cfg.c **** #endif
  64:Generated_Source\PSoC4/cyfitter_cfg.c **** #ifndef CYFAR
  65:Generated_Source\PSoC4/cyfitter_cfg.c ****     #define CYFAR
  66:Generated_Source\PSoC4/cyfitter_cfg.c **** #endif
  67:Generated_Source\PSoC4/cyfitter_cfg.c **** #ifndef CYXDATA
  68:Generated_Source\PSoC4/cyfitter_cfg.c ****     #define CYXDATA
  69:Generated_Source\PSoC4/cyfitter_cfg.c **** #endif
  70:Generated_Source\PSoC4/cyfitter_cfg.c **** 
  71:Generated_Source\PSoC4/cyfitter_cfg.c **** 
  72:Generated_Source\PSoC4/cyfitter_cfg.c **** CY_CFG_UNUSED
  73:Generated_Source\PSoC4/cyfitter_cfg.c **** static void CYMEMZERO(void *s, size_t n);
  74:Generated_Source\PSoC4/cyfitter_cfg.c **** CY_CFG_UNUSED
  75:Generated_Source\PSoC4/cyfitter_cfg.c **** static void CYMEMZERO(void *s, size_t n)
  76:Generated_Source\PSoC4/cyfitter_cfg.c **** {
  77:Generated_Source\PSoC4/cyfitter_cfg.c **** 	(void)memset(s, 0, n);
  78:Generated_Source\PSoC4/cyfitter_cfg.c **** }
  79:Generated_Source\PSoC4/cyfitter_cfg.c **** CY_CFG_UNUSED
  80:Generated_Source\PSoC4/cyfitter_cfg.c **** static void CYCONFIGCPY(void *dest, const void *src, size_t n);
  81:Generated_Source\PSoC4/cyfitter_cfg.c **** CY_CFG_UNUSED
  82:Generated_Source\PSoC4/cyfitter_cfg.c **** static void CYCONFIGCPY(void *dest, const void *src, size_t n)
  83:Generated_Source\PSoC4/cyfitter_cfg.c **** {
  84:Generated_Source\PSoC4/cyfitter_cfg.c **** 	(void)memcpy(dest, src, n);
  85:Generated_Source\PSoC4/cyfitter_cfg.c **** }
  86:Generated_Source\PSoC4/cyfitter_cfg.c **** CY_CFG_UNUSED
  87:Generated_Source\PSoC4/cyfitter_cfg.c **** static void CYCONFIGCPYCODE(void *dest, const void *src, size_t n);
  88:Generated_Source\PSoC4/cyfitter_cfg.c **** CY_CFG_UNUSED
ARM GAS  e:\temp\ccSIPEF1.s 			page 3


  89:Generated_Source\PSoC4/cyfitter_cfg.c **** static void CYCONFIGCPYCODE(void *dest, const void *src, size_t n)
  90:Generated_Source\PSoC4/cyfitter_cfg.c **** {
  91:Generated_Source\PSoC4/cyfitter_cfg.c **** 	(void)memcpy(dest, src, n);
  92:Generated_Source\PSoC4/cyfitter_cfg.c **** }
  93:Generated_Source\PSoC4/cyfitter_cfg.c **** 
  94:Generated_Source\PSoC4/cyfitter_cfg.c **** 
  95:Generated_Source\PSoC4/cyfitter_cfg.c **** 
  96:Generated_Source\PSoC4/cyfitter_cfg.c **** 
  97:Generated_Source\PSoC4/cyfitter_cfg.c **** /* Clock startup error codes                                                   */
  98:Generated_Source\PSoC4/cyfitter_cfg.c **** #define CYCLOCKSTART_NO_ERROR    0u
  99:Generated_Source\PSoC4/cyfitter_cfg.c **** #define CYCLOCKSTART_XTAL_ERROR  1u
 100:Generated_Source\PSoC4/cyfitter_cfg.c **** #define CYCLOCKSTART_32KHZ_ERROR 2u
 101:Generated_Source\PSoC4/cyfitter_cfg.c **** #define CYCLOCKSTART_PLL_ERROR   3u
 102:Generated_Source\PSoC4/cyfitter_cfg.c **** #define CYCLOCKSTART_FLL_ERROR   4u
 103:Generated_Source\PSoC4/cyfitter_cfg.c **** #define CYCLOCKSTART_WCO_ERROR   5u
 104:Generated_Source\PSoC4/cyfitter_cfg.c **** 
 105:Generated_Source\PSoC4/cyfitter_cfg.c **** 
 106:Generated_Source\PSoC4/cyfitter_cfg.c **** #ifdef CY_NEED_CYCLOCKSTARTUPERROR
 107:Generated_Source\PSoC4/cyfitter_cfg.c **** /*******************************************************************************
 108:Generated_Source\PSoC4/cyfitter_cfg.c **** * Function Name: CyClockStartupError
 109:Generated_Source\PSoC4/cyfitter_cfg.c **** ********************************************************************************
 110:Generated_Source\PSoC4/cyfitter_cfg.c **** * Summary:
 111:Generated_Source\PSoC4/cyfitter_cfg.c **** *  If an error is encountered during clock configuration (crystal startup error,
 112:Generated_Source\PSoC4/cyfitter_cfg.c **** *  PLL lock error, etc.), the system will end up here.  Unless reimplemented by
 113:Generated_Source\PSoC4/cyfitter_cfg.c **** *  the customer, this function will stop in an infinite loop.
 114:Generated_Source\PSoC4/cyfitter_cfg.c **** *
 115:Generated_Source\PSoC4/cyfitter_cfg.c **** * Parameters:
 116:Generated_Source\PSoC4/cyfitter_cfg.c **** *   void
 117:Generated_Source\PSoC4/cyfitter_cfg.c **** *
 118:Generated_Source\PSoC4/cyfitter_cfg.c **** * Return:
 119:Generated_Source\PSoC4/cyfitter_cfg.c **** *   void
 120:Generated_Source\PSoC4/cyfitter_cfg.c **** *
 121:Generated_Source\PSoC4/cyfitter_cfg.c **** *******************************************************************************/
 122:Generated_Source\PSoC4/cyfitter_cfg.c **** CY_CFG_UNUSED
 123:Generated_Source\PSoC4/cyfitter_cfg.c **** static void CyClockStartupError(uint8 errorCode);
 124:Generated_Source\PSoC4/cyfitter_cfg.c **** CY_CFG_UNUSED
 125:Generated_Source\PSoC4/cyfitter_cfg.c **** static void CyClockStartupError(uint8 errorCode)
 126:Generated_Source\PSoC4/cyfitter_cfg.c **** {
 127:Generated_Source\PSoC4/cyfitter_cfg.c ****     /* To remove the compiler warning if errorCode not used.                */
 128:Generated_Source\PSoC4/cyfitter_cfg.c ****     errorCode = errorCode;
 129:Generated_Source\PSoC4/cyfitter_cfg.c **** 
 130:Generated_Source\PSoC4/cyfitter_cfg.c ****     /* If we have a clock startup error (bad MHz crystal, PLL lock, etc.),  */
 131:Generated_Source\PSoC4/cyfitter_cfg.c ****     /* we will end up here to allow the customer to implement something to  */
 132:Generated_Source\PSoC4/cyfitter_cfg.c ****     /* deal with the clock condition.                                       */
 133:Generated_Source\PSoC4/cyfitter_cfg.c **** 
 134:Generated_Source\PSoC4/cyfitter_cfg.c **** #ifdef CY_CFG_CLOCK_STARTUP_ERROR_CALLBACK
 135:Generated_Source\PSoC4/cyfitter_cfg.c ****     CY_CFG_Clock_Startup_ErrorCallback();
 136:Generated_Source\PSoC4/cyfitter_cfg.c **** #else
 137:Generated_Source\PSoC4/cyfitter_cfg.c ****     /*  If not using CY_CFG_CLOCK_STARTUP_ERROR_CALLBACK, place your clock startup code here. */
 138:Generated_Source\PSoC4/cyfitter_cfg.c ****     /* `#START CyClockStartupError` */
 139:Generated_Source\PSoC4/cyfitter_cfg.c **** 
 140:Generated_Source\PSoC4/cyfitter_cfg.c **** 
 141:Generated_Source\PSoC4/cyfitter_cfg.c **** 
 142:Generated_Source\PSoC4/cyfitter_cfg.c ****     /* `#END` */
 143:Generated_Source\PSoC4/cyfitter_cfg.c **** 
 144:Generated_Source\PSoC4/cyfitter_cfg.c ****     while(1) {}
 145:Generated_Source\PSoC4/cyfitter_cfg.c **** #endif /* CY_CFG_CLOCK_STARTUP_ERROR_CALLBACK */
ARM GAS  e:\temp\ccSIPEF1.s 			page 4


 146:Generated_Source\PSoC4/cyfitter_cfg.c **** }
 147:Generated_Source\PSoC4/cyfitter_cfg.c **** #endif
 148:Generated_Source\PSoC4/cyfitter_cfg.c **** 
 149:Generated_Source\PSoC4/cyfitter_cfg.c **** 
 150:Generated_Source\PSoC4/cyfitter_cfg.c **** 
 151:Generated_Source\PSoC4/cyfitter_cfg.c **** /*******************************************************************************
 152:Generated_Source\PSoC4/cyfitter_cfg.c **** * Function Name: ClockSetup
 153:Generated_Source\PSoC4/cyfitter_cfg.c **** ********************************************************************************
 154:Generated_Source\PSoC4/cyfitter_cfg.c **** *
 155:Generated_Source\PSoC4/cyfitter_cfg.c **** * Summary:
 156:Generated_Source\PSoC4/cyfitter_cfg.c **** *   Performs the initialization of all of the clocks in the device based on the
 157:Generated_Source\PSoC4/cyfitter_cfg.c **** *   settings in the Clock tab of the DWR.  This includes enabling the requested
 158:Generated_Source\PSoC4/cyfitter_cfg.c **** *   clocks and setting the necessary dividers to produce the desired frequency. 
 159:Generated_Source\PSoC4/cyfitter_cfg.c **** *
 160:Generated_Source\PSoC4/cyfitter_cfg.c **** * Parameters:
 161:Generated_Source\PSoC4/cyfitter_cfg.c **** *   void
 162:Generated_Source\PSoC4/cyfitter_cfg.c **** *
 163:Generated_Source\PSoC4/cyfitter_cfg.c **** * Return:
 164:Generated_Source\PSoC4/cyfitter_cfg.c **** *   void
 165:Generated_Source\PSoC4/cyfitter_cfg.c **** *
 166:Generated_Source\PSoC4/cyfitter_cfg.c **** *******************************************************************************/
 167:Generated_Source\PSoC4/cyfitter_cfg.c **** static void ClockSetup(void);
 168:Generated_Source\PSoC4/cyfitter_cfg.c **** CY_CFG_SECTION
 169:Generated_Source\PSoC4/cyfitter_cfg.c **** static void ClockSetup(void)
 170:Generated_Source\PSoC4/cyfitter_cfg.c **** {
  27              		.loc 1 170 0
  28              		.cfi_startproc
  29              		@ args = 0, pretend = 0, frame = 0
  30              		@ frame_needed = 0, uses_anonymous_args = 0
  31 0000 10B5     		push	{r4, lr}
  32              		.cfi_def_cfa_offset 8
  33              		.cfi_offset 4, -8
  34              		.cfi_offset 14, -4
 171:Generated_Source\PSoC4/cyfitter_cfg.c **** 
 172:Generated_Source\PSoC4/cyfitter_cfg.c **** 	/* Set Flash Cycles based on max possible frequency in case a glitch occurs during ClockSetup(). *
 173:Generated_Source\PSoC4/cyfitter_cfg.c **** 	CY_SET_REG32((void CYXDATA *)(CYREG_CPUSS_FLASH_CTL), (0x0012u));
  35              		.loc 1 173 0
  36 0002 1222     		movs	r2, #18
  37 0004 1E4B     		ldr	r3, .L2
  38 0006 1A60     		str	r2, [r3]
 174:Generated_Source\PSoC4/cyfitter_cfg.c **** 	/* Update IMO to new clock speed. */
 175:Generated_Source\PSoC4/cyfitter_cfg.c **** 	CySysClkWriteImoFreq(48u);
  39              		.loc 1 175 0
  40 0008 3020     		movs	r0, #48
  41 000a FFF7FEFF 		bl	CySysClkWriteImoFreq
  42              	.LVL0:
 176:Generated_Source\PSoC4/cyfitter_cfg.c **** 
 177:Generated_Source\PSoC4/cyfitter_cfg.c **** 	/* Setup phase aligned clocks */
 178:Generated_Source\PSoC4/cyfitter_cfg.c **** 	CY_SET_REG32((void *)CYREG_PERI_DIV_16_CTL1, 0x00005F00u);
  43              		.loc 1 178 0
  44 000e BE22     		movs	r2, #190
  45 0010 D201     		lsls	r2, r2, #7
  46 0012 1C4B     		ldr	r3, .L2+4
  47 0014 1A60     		str	r2, [r3]
 179:Generated_Source\PSoC4/cyfitter_cfg.c **** 	CY_SET_REG32((void *)CYREG_PERI_DIV_CMD, 0x8000FF41u);
  48              		.loc 1 179 0
  49 0016 1C4B     		ldr	r3, .L2+8
ARM GAS  e:\temp\ccSIPEF1.s 			page 5


  50 0018 1C4A     		ldr	r2, .L2+12
  51 001a 1A60     		str	r2, [r3]
 180:Generated_Source\PSoC4/cyfitter_cfg.c **** 	CY_SET_REG32((void *)CYREG_PERI_DIV_16_CTL0, 0x00004F00u);
  52              		.loc 1 180 0
  53 001c 9E21     		movs	r1, #158
  54 001e C901     		lsls	r1, r1, #7
  55 0020 1B4A     		ldr	r2, .L2+16
  56 0022 1160     		str	r1, [r2]
 181:Generated_Source\PSoC4/cyfitter_cfg.c **** 	CY_SET_REG32((void *)CYREG_PERI_DIV_CMD, 0x8000FF40u);
  57              		.loc 1 181 0
  58 0024 1B4A     		ldr	r2, .L2+20
  59 0026 1A60     		str	r2, [r3]
 182:Generated_Source\PSoC4/cyfitter_cfg.c **** 	CY_SET_REG32((void *)CYREG_PERI_DIV_8_CTL5, 0x00002F00u);
  60              		.loc 1 182 0
  61 0028 BC21     		movs	r1, #188
  62 002a 8901     		lsls	r1, r1, #6
  63 002c 1A4A     		ldr	r2, .L2+24
  64 002e 1160     		str	r1, [r2]
 183:Generated_Source\PSoC4/cyfitter_cfg.c **** 	CY_SET_REG32((void *)CYREG_PERI_DIV_CMD, 0x8000FF05u);
  65              		.loc 1 183 0
  66 0030 1A4A     		ldr	r2, .L2+28
  67 0032 1A60     		str	r2, [r3]
 184:Generated_Source\PSoC4/cyfitter_cfg.c **** 	CY_SET_REG32((void *)CYREG_PERI_DIV_8_CTL4, 0x00000900u);
  68              		.loc 1 184 0
  69 0034 9021     		movs	r1, #144
  70 0036 0901     		lsls	r1, r1, #4
  71 0038 194A     		ldr	r2, .L2+32
  72 003a 1160     		str	r1, [r2]
 185:Generated_Source\PSoC4/cyfitter_cfg.c **** 	CY_SET_REG32((void *)CYREG_PERI_DIV_CMD, 0x8000FF04u);
  73              		.loc 1 185 0
  74 003c 194A     		ldr	r2, .L2+36
  75 003e 1A60     		str	r2, [r3]
 186:Generated_Source\PSoC4/cyfitter_cfg.c **** 	CY_SET_REG32((void *)CYREG_PERI_DIV_8_CTL3, 0x00000300u);
  76              		.loc 1 186 0
  77 0040 C022     		movs	r2, #192
  78 0042 9200     		lsls	r2, r2, #2
  79 0044 1849     		ldr	r1, .L2+40
  80 0046 0A60     		str	r2, [r1]
 187:Generated_Source\PSoC4/cyfitter_cfg.c **** 	CY_SET_REG32((void *)CYREG_PERI_DIV_CMD, 0x8000FF03u);
  81              		.loc 1 187 0
  82 0048 1849     		ldr	r1, .L2+44
  83 004a 1960     		str	r1, [r3]
 188:Generated_Source\PSoC4/cyfitter_cfg.c **** 	CY_SET_REG32((void *)CYREG_PERI_DIV_8_CTL2, 0x00000300u);
  84              		.loc 1 188 0
  85 004c 1849     		ldr	r1, .L2+48
  86 004e 0A60     		str	r2, [r1]
 189:Generated_Source\PSoC4/cyfitter_cfg.c **** 	CY_SET_REG32((void *)CYREG_PERI_DIV_CMD, 0x8000FF02u);
  87              		.loc 1 189 0
  88 0050 184A     		ldr	r2, .L2+52
  89 0052 1A60     		str	r2, [r3]
 190:Generated_Source\PSoC4/cyfitter_cfg.c **** 	CY_SET_REG32((void *)CYREG_PERI_DIV_8_CTL1, 0x00000200u);
  90              		.loc 1 190 0
  91 0054 8021     		movs	r1, #128
  92 0056 8900     		lsls	r1, r1, #2
  93 0058 174A     		ldr	r2, .L2+56
  94 005a 1160     		str	r1, [r2]
 191:Generated_Source\PSoC4/cyfitter_cfg.c **** 	CY_SET_REG32((void *)CYREG_PERI_DIV_CMD, 0x8000FF01u);
ARM GAS  e:\temp\ccSIPEF1.s 			page 6


  95              		.loc 1 191 0
  96 005c 174A     		ldr	r2, .L2+60
  97 005e 1A60     		str	r2, [r3]
 192:Generated_Source\PSoC4/cyfitter_cfg.c **** 	CY_SET_REG32((void *)CYREG_PERI_DIV_8_CTL0, 0x00000100u);
  98              		.loc 1 192 0
  99 0060 0139     		subs	r1, r1, #1
 100 0062 FF39     		subs	r1, r1, #255
 101 0064 164A     		ldr	r2, .L2+64
 102 0066 1160     		str	r1, [r2]
 193:Generated_Source\PSoC4/cyfitter_cfg.c **** 	CY_SET_REG32((void *)CYREG_PERI_DIV_CMD, 0x8000FF00u);
 103              		.loc 1 193 0
 104 0068 164A     		ldr	r2, .L2+68
 105 006a 1A60     		str	r2, [r3]
 194:Generated_Source\PSoC4/cyfitter_cfg.c **** 
 195:Generated_Source\PSoC4/cyfitter_cfg.c **** 	/* CYDEV_CLK_SELECT Starting address: CYDEV_CLK_SELECT */
 196:Generated_Source\PSoC4/cyfitter_cfg.c **** 	CY_SET_REG32((void *)(CYREG_CLK_SELECT), 0x00000040u);
 106              		.loc 1 196 0
 107 006c 4022     		movs	r2, #64
 108 006e 164B     		ldr	r3, .L2+72
 109 0070 1A60     		str	r2, [r3]
 197:Generated_Source\PSoC4/cyfitter_cfg.c **** 
 198:Generated_Source\PSoC4/cyfitter_cfg.c **** 	/* CYDEV_PERI_PCLK_CTL1 Starting address: CYDEV_PERI_PCLK_CTL1 */
 199:Generated_Source\PSoC4/cyfitter_cfg.c **** 	CY_SET_REG32((void *)(CYREG_PERI_PCLK_CTL1), 0x00000001u);
 110              		.loc 1 199 0
 111 0072 3F3A     		subs	r2, r2, #63
 112 0074 154B     		ldr	r3, .L2+76
 113 0076 1A60     		str	r2, [r3]
 200:Generated_Source\PSoC4/cyfitter_cfg.c **** 
 201:Generated_Source\PSoC4/cyfitter_cfg.c **** 	/* CYDEV_PERI_PCLK_CTL0 Starting address: CYDEV_PERI_PCLK_CTL0 */
 202:Generated_Source\PSoC4/cyfitter_cfg.c **** 	CY_SET_REG32((void *)(CYREG_PERI_PCLK_CTL0), 0x00000000u);
 114              		.loc 1 202 0
 115 0078 0022     		movs	r2, #0
 116 007a 154B     		ldr	r3, .L2+80
 117 007c 1A60     		str	r2, [r3]
 203:Generated_Source\PSoC4/cyfitter_cfg.c **** 
 204:Generated_Source\PSoC4/cyfitter_cfg.c **** }
 118              		.loc 1 204 0
 119              		@ sp needed
 120 007e 10BD     		pop	{r4, pc}
 121              	.L3:
 122              		.align	2
 123              	.L2:
 124 0080 30001040 		.word	1074790448
 125 0084 04030140 		.word	1073808132
 126 0088 00000140 		.word	1073807360
 127 008c 41FF0080 		.word	-2147418303
 128 0090 00030140 		.word	1073808128
 129 0094 40FF0080 		.word	-2147418304
 130 0098 14020140 		.word	1073807892
 131 009c 05FF0080 		.word	-2147418363
 132 00a0 10020140 		.word	1073807888
 133 00a4 04FF0080 		.word	-2147418364
 134 00a8 0C020140 		.word	1073807884
 135 00ac 03FF0080 		.word	-2147418365
 136 00b0 08020140 		.word	1073807880
 137 00b4 02FF0080 		.word	-2147418366
 138 00b8 04020140 		.word	1073807876
ARM GAS  e:\temp\ccSIPEF1.s 			page 7


 139 00bc 01FF0080 		.word	-2147418367
 140 00c0 00020140 		.word	1073807872
 141 00c4 00FF0080 		.word	-2147418368
 142 00c8 28000340 		.word	1073938472
 143 00cc 04010140 		.word	1073807620
 144 00d0 00010140 		.word	1073807616
 145              		.cfi_endproc
 146              	.LFE3:
 147              		.size	ClockSetup, .-ClockSetup
 148              		.align	2
 149              		.global	cyfitter_cfg
 150              		.code	16
 151              		.thumb_func
 152              		.type	cyfitter_cfg, %function
 153              	cyfitter_cfg:
 154              	.LFB4:
 205:Generated_Source\PSoC4/cyfitter_cfg.c **** 
 206:Generated_Source\PSoC4/cyfitter_cfg.c **** 
 207:Generated_Source\PSoC4/cyfitter_cfg.c **** /* Analog API Functions */
 208:Generated_Source\PSoC4/cyfitter_cfg.c **** 
 209:Generated_Source\PSoC4/cyfitter_cfg.c **** 
 210:Generated_Source\PSoC4/cyfitter_cfg.c **** /*******************************************************************************
 211:Generated_Source\PSoC4/cyfitter_cfg.c **** * Function Name: cyfitter_cfg
 212:Generated_Source\PSoC4/cyfitter_cfg.c **** ********************************************************************************
 213:Generated_Source\PSoC4/cyfitter_cfg.c **** * Summary:
 214:Generated_Source\PSoC4/cyfitter_cfg.c **** *  This function is called by the start-up code for the selected device. It
 215:Generated_Source\PSoC4/cyfitter_cfg.c **** *  performs all of the necessary device configuration based on the design
 216:Generated_Source\PSoC4/cyfitter_cfg.c **** *  settings.  This includes settings from the Design Wide Resources (DWR) such
 217:Generated_Source\PSoC4/cyfitter_cfg.c **** *  as Clocks and Pins as well as any component configuration that is necessary.
 218:Generated_Source\PSoC4/cyfitter_cfg.c **** *
 219:Generated_Source\PSoC4/cyfitter_cfg.c **** * Parameters:
 220:Generated_Source\PSoC4/cyfitter_cfg.c **** *   void
 221:Generated_Source\PSoC4/cyfitter_cfg.c **** *
 222:Generated_Source\PSoC4/cyfitter_cfg.c **** * Return:
 223:Generated_Source\PSoC4/cyfitter_cfg.c **** *   void
 224:Generated_Source\PSoC4/cyfitter_cfg.c **** *
 225:Generated_Source\PSoC4/cyfitter_cfg.c **** *******************************************************************************/
 226:Generated_Source\PSoC4/cyfitter_cfg.c **** CY_CFG_SECTION
 227:Generated_Source\PSoC4/cyfitter_cfg.c **** void cyfitter_cfg(void)
 228:Generated_Source\PSoC4/cyfitter_cfg.c **** {
 155              		.loc 1 228 0
 156              		.cfi_startproc
 157              		@ args = 0, pretend = 0, frame = 0
 158              		@ frame_needed = 0, uses_anonymous_args = 0
 159 00d4 10B5     		push	{r4, lr}
 160              		.cfi_def_cfa_offset 8
 161              		.cfi_offset 4, -8
 162              		.cfi_offset 14, -4
 229:Generated_Source\PSoC4/cyfitter_cfg.c **** 	/* Disable interrupts by default. Let user enable if/when they want. */
 230:Generated_Source\PSoC4/cyfitter_cfg.c **** 	CyGlobalIntDisable;
 163              		.loc 1 230 0
 164              		.syntax divided
 165              	@ 230 "Generated_Source\PSoC4\cyfitter_cfg.c" 1
 166 00d6 72B6     		CPSID   i
 167              	@ 0 "" 2
 231:Generated_Source\PSoC4/cyfitter_cfg.c **** 
 232:Generated_Source\PSoC4/cyfitter_cfg.c **** 	{
ARM GAS  e:\temp\ccSIPEF1.s 			page 8


 233:Generated_Source\PSoC4/cyfitter_cfg.c **** 		/* HSIOM Starting address: CYDEV_HSIOM_BASE */
 234:Generated_Source\PSoC4/cyfitter_cfg.c **** 		CY_SET_REG32((void *)(CYREG_HSIOM_PORT_SEL1), 0x0C000FFCu);
 168              		.loc 1 234 0
 169              		.thumb
 170              		.syntax unified
 171 00d8 0E4A     		ldr	r2, .L5
 172 00da 0F4B     		ldr	r3, .L5+4
 173 00dc 1A60     		str	r2, [r3]
 235:Generated_Source\PSoC4/cyfitter_cfg.c **** 		CY_SET_REG32((void *)(CYREG_HSIOM_PORT_SEL5), 0x000000FFu);
 174              		.loc 1 235 0
 175 00de FF22     		movs	r2, #255
 176 00e0 0E4B     		ldr	r3, .L5+8
 177 00e2 1A60     		str	r2, [r3]
 236:Generated_Source\PSoC4/cyfitter_cfg.c **** 
 237:Generated_Source\PSoC4/cyfitter_cfg.c **** 	}
 238:Generated_Source\PSoC4/cyfitter_cfg.c **** 
 239:Generated_Source\PSoC4/cyfitter_cfg.c **** 	/* Perform second pass device configuration. These items must be configured in specific order afte
 240:Generated_Source\PSoC4/cyfitter_cfg.c **** 	/* IOPINS0_1 Starting address: CYDEV_GPIO_PRT1_BASE */
 241:Generated_Source\PSoC4/cyfitter_cfg.c **** 	CY_SET_REG32((void *)(CYDEV_GPIO_PRT1_BASE), 0x00000006u);
 178              		.loc 1 241 0
 179 00e4 F93A     		subs	r2, r2, #249
 180 00e6 0E4B     		ldr	r3, .L5+12
 181 00e8 1A60     		str	r2, [r3]
 242:Generated_Source\PSoC4/cyfitter_cfg.c **** 	CY_SET_REG32((void *)(CYREG_GPIO_PRT1_PC), 0x00180D26u);
 182              		.loc 1 242 0
 183 00ea 0E4A     		ldr	r2, .L5+16
 184 00ec 0E4B     		ldr	r3, .L5+20
 185 00ee 1A60     		str	r2, [r3]
 243:Generated_Source\PSoC4/cyfitter_cfg.c **** 
 244:Generated_Source\PSoC4/cyfitter_cfg.c **** 	/* IOPINS0_2 Starting address: CYDEV_GPIO_PRT2_BASE */
 245:Generated_Source\PSoC4/cyfitter_cfg.c **** 	CY_SET_REG32((void *)(CYDEV_GPIO_PRT2_BASE), 0x00000020u);
 186              		.loc 1 245 0
 187 00f0 2022     		movs	r2, #32
 188 00f2 0E4B     		ldr	r3, .L5+24
 189 00f4 1A60     		str	r2, [r3]
 246:Generated_Source\PSoC4/cyfitter_cfg.c **** 	CY_SET_REG32((void *)(CYREG_GPIO_PRT2_PC), 0x00020030u);
 190              		.loc 1 246 0
 191 00f6 0E4A     		ldr	r2, .L5+28
 192 00f8 0E4B     		ldr	r3, .L5+32
 193 00fa 1A60     		str	r2, [r3]
 247:Generated_Source\PSoC4/cyfitter_cfg.c **** 
 248:Generated_Source\PSoC4/cyfitter_cfg.c **** 	/* IOPINS0_3 Starting address: CYDEV_GPIO_PRT3_BASE */
 249:Generated_Source\PSoC4/cyfitter_cfg.c **** 	CY_SET_REG32((void *)(CYREG_GPIO_PRT3_PC), 0x00005005u);
 194              		.loc 1 249 0
 195 00fc 0E4A     		ldr	r2, .L5+36
 196 00fe 0F4B     		ldr	r3, .L5+40
 197 0100 1A60     		str	r2, [r3]
 250:Generated_Source\PSoC4/cyfitter_cfg.c **** 
 251:Generated_Source\PSoC4/cyfitter_cfg.c **** 	/* IOPINS0_5 Starting address: CYDEV_GPIO_PRT5_BASE */
 252:Generated_Source\PSoC4/cyfitter_cfg.c **** 	CY_SET_REG32((void *)(CYDEV_GPIO_PRT5_BASE), 0x00000003u);
 198              		.loc 1 252 0
 199 0102 0322     		movs	r2, #3
 200 0104 0E4B     		ldr	r3, .L5+44
 201 0106 1A60     		str	r2, [r3]
 253:Generated_Source\PSoC4/cyfitter_cfg.c **** 	CY_SET_REG32((void *)(CYREG_GPIO_PRT5_PC), 0x00000024u);
 202              		.loc 1 253 0
 203 0108 2132     		adds	r2, r2, #33
ARM GAS  e:\temp\ccSIPEF1.s 			page 9


 204 010a 0E4B     		ldr	r3, .L5+48
 205 010c 1A60     		str	r2, [r3]
 254:Generated_Source\PSoC4/cyfitter_cfg.c **** 
 255:Generated_Source\PSoC4/cyfitter_cfg.c **** 
 256:Generated_Source\PSoC4/cyfitter_cfg.c **** 	/* Setup clocks based on selections from Clock DWR */
 257:Generated_Source\PSoC4/cyfitter_cfg.c **** 	ClockSetup();
 206              		.loc 1 257 0
 207 010e FFF777FF 		bl	ClockSetup
 208              	.LVL1:
 258:Generated_Source\PSoC4/cyfitter_cfg.c **** 
 259:Generated_Source\PSoC4/cyfitter_cfg.c **** 
 260:Generated_Source\PSoC4/cyfitter_cfg.c **** }
 209              		.loc 1 260 0
 210              		@ sp needed
 211 0112 10BD     		pop	{r4, pc}
 212              	.L6:
 213              		.align	2
 214              	.L5:
 215 0114 FC0F000C 		.word	201330684
 216 0118 00010240 		.word	1073873152
 217 011c 00050240 		.word	1073874176
 218 0120 00010440 		.word	1074004224
 219 0124 260D1800 		.word	1576230
 220 0128 08010440 		.word	1074004232
 221 012c 00020440 		.word	1074004480
 222 0130 30000200 		.word	131120
 223 0134 08020440 		.word	1074004488
 224 0138 05500000 		.word	20485
 225 013c 08030440 		.word	1074004744
 226 0140 00050440 		.word	1074005248
 227 0144 08050440 		.word	1074005256
 228              		.cfi_endproc
 229              	.LFE4:
 230              		.size	cyfitter_cfg, .-cyfitter_cfg
 231              		.text
 232              	.Letext0:
 233              		.file 2 "Generated_Source\\PSoC4\\cytypes.h"
 234              		.file 3 "Generated_Source\\PSoC4\\CyLib.h"
 235              		.section	.debug_info,"",%progbits
 236              	.Ldebug_info0:
 237 0000 F8000000 		.4byte	0xf8
 238 0004 0400     		.2byte	0x4
 239 0006 00000000 		.4byte	.Ldebug_abbrev0
 240 000a 04       		.byte	0x4
 241 000b 01       		.uleb128 0x1
 242 000c 83010000 		.4byte	.LASF16
 243 0010 0C       		.byte	0xc
 244 0011 15000000 		.4byte	.LASF17
 245 0015 F8000000 		.4byte	.LASF18
 246 0019 00000000 		.4byte	.Ldebug_ranges0+0
 247 001d 00000000 		.4byte	0
 248 0021 00000000 		.4byte	.Ldebug_line0
 249 0025 02       		.uleb128 0x2
 250 0026 04       		.byte	0x4
 251 0027 05       		.byte	0x5
 252 0028 696E7400 		.ascii	"int\000"
 253 002c 03       		.uleb128 0x3
ARM GAS  e:\temp\ccSIPEF1.s 			page 10


 254 002d 04       		.byte	0x4
 255 002e 07       		.byte	0x7
 256 002f 3B000000 		.4byte	.LASF0
 257 0033 03       		.uleb128 0x3
 258 0034 08       		.byte	0x8
 259 0035 05       		.byte	0x5
 260 0036 00000000 		.4byte	.LASF1
 261 003a 03       		.uleb128 0x3
 262 003b 08       		.byte	0x8
 263 003c 04       		.byte	0x4
 264 003d EC000000 		.4byte	.LASF2
 265 0041 03       		.uleb128 0x3
 266 0042 01       		.byte	0x1
 267 0043 06       		.byte	0x6
 268 0044 E0000000 		.4byte	.LASF3
 269 0048 03       		.uleb128 0x3
 270 0049 01       		.byte	0x1
 271 004a 08       		.byte	0x8
 272 004b 99000000 		.4byte	.LASF4
 273 004f 03       		.uleb128 0x3
 274 0050 02       		.byte	0x2
 275 0051 05       		.byte	0x5
 276 0052 70010000 		.4byte	.LASF5
 277 0056 03       		.uleb128 0x3
 278 0057 02       		.byte	0x2
 279 0058 07       		.byte	0x7
 280 0059 CD000000 		.4byte	.LASF6
 281 005d 03       		.uleb128 0x3
 282 005e 04       		.byte	0x4
 283 005f 05       		.byte	0x5
 284 0060 AC000000 		.4byte	.LASF7
 285 0064 03       		.uleb128 0x3
 286 0065 04       		.byte	0x4
 287 0066 07       		.byte	0x7
 288 0067 5D000000 		.4byte	.LASF8
 289 006b 03       		.uleb128 0x3
 290 006c 08       		.byte	0x8
 291 006d 07       		.byte	0x7
 292 006e 7C000000 		.4byte	.LASF9
 293 0072 03       		.uleb128 0x3
 294 0073 04       		.byte	0x4
 295 0074 07       		.byte	0x7
 296 0075 7A010000 		.4byte	.LASF10
 297 0079 03       		.uleb128 0x3
 298 007a 01       		.byte	0x1
 299 007b 08       		.byte	0x8
 300 007c A7000000 		.4byte	.LASF11
 301 0080 04       		.uleb128 0x4
 302 0081 0E000000 		.4byte	.LASF14
 303 0085 02       		.byte	0x2
 304 0086 E601     		.2byte	0x1e6
 305 0088 64000000 		.4byte	0x64
 306 008c 03       		.uleb128 0x3
 307 008d 04       		.byte	0x4
 308 008e 04       		.byte	0x4
 309 008f 93000000 		.4byte	.LASF12
 310 0093 03       		.uleb128 0x3
ARM GAS  e:\temp\ccSIPEF1.s 			page 11


 311 0094 08       		.byte	0x8
 312 0095 04       		.byte	0x4
 313 0096 C0000000 		.4byte	.LASF13
 314 009a 04       		.uleb128 0x4
 315 009b C7000000 		.4byte	.LASF15
 316 009f 02       		.byte	0x2
 317 00a0 9002     		.2byte	0x290
 318 00a2 A6000000 		.4byte	0xa6
 319 00a6 05       		.uleb128 0x5
 320 00a7 80000000 		.4byte	0x80
 321 00ab 06       		.uleb128 0x6
 322 00ac B5000000 		.4byte	.LASF19
 323 00b0 01       		.byte	0x1
 324 00b1 A9       		.byte	0xa9
 325 00b2 00000000 		.4byte	.LFB3
 326 00b6 D4000000 		.4byte	.LFE3-.LFB3
 327 00ba 01       		.uleb128 0x1
 328 00bb 9C       		.byte	0x9c
 329 00bc D1000000 		.4byte	0xd1
 330 00c0 07       		.uleb128 0x7
 331 00c1 0E000000 		.4byte	.LVL0
 332 00c5 F0000000 		.4byte	0xf0
 333 00c9 08       		.uleb128 0x8
 334 00ca 01       		.uleb128 0x1
 335 00cb 50       		.byte	0x50
 336 00cc 02       		.uleb128 0x2
 337 00cd 08       		.byte	0x8
 338 00ce 30       		.byte	0x30
 339 00cf 00       		.byte	0
 340 00d0 00       		.byte	0
 341 00d1 09       		.uleb128 0x9
 342 00d2 6F000000 		.4byte	.LASF20
 343 00d6 01       		.byte	0x1
 344 00d7 E3       		.byte	0xe3
 345 00d8 D4000000 		.4byte	.LFB4
 346 00dc 74000000 		.4byte	.LFE4-.LFB4
 347 00e0 01       		.uleb128 0x1
 348 00e1 9C       		.byte	0x9c
 349 00e2 F0000000 		.4byte	0xf0
 350 00e6 0A       		.uleb128 0xa
 351 00e7 12010000 		.4byte	.LVL1
 352 00eb AB000000 		.4byte	0xab
 353 00ef 00       		.byte	0
 354 00f0 0B       		.uleb128 0xb
 355 00f1 48000000 		.4byte	.LASF21
 356 00f5 48000000 		.4byte	.LASF21
 357 00f9 03       		.byte	0x3
 358 00fa 6C       		.byte	0x6c
 359 00fb 00       		.byte	0
 360              		.section	.debug_abbrev,"",%progbits
 361              	.Ldebug_abbrev0:
 362 0000 01       		.uleb128 0x1
 363 0001 11       		.uleb128 0x11
 364 0002 01       		.byte	0x1
 365 0003 25       		.uleb128 0x25
 366 0004 0E       		.uleb128 0xe
 367 0005 13       		.uleb128 0x13
ARM GAS  e:\temp\ccSIPEF1.s 			page 12


 368 0006 0B       		.uleb128 0xb
 369 0007 03       		.uleb128 0x3
 370 0008 0E       		.uleb128 0xe
 371 0009 1B       		.uleb128 0x1b
 372 000a 0E       		.uleb128 0xe
 373 000b 55       		.uleb128 0x55
 374 000c 17       		.uleb128 0x17
 375 000d 11       		.uleb128 0x11
 376 000e 01       		.uleb128 0x1
 377 000f 10       		.uleb128 0x10
 378 0010 17       		.uleb128 0x17
 379 0011 00       		.byte	0
 380 0012 00       		.byte	0
 381 0013 02       		.uleb128 0x2
 382 0014 24       		.uleb128 0x24
 383 0015 00       		.byte	0
 384 0016 0B       		.uleb128 0xb
 385 0017 0B       		.uleb128 0xb
 386 0018 3E       		.uleb128 0x3e
 387 0019 0B       		.uleb128 0xb
 388 001a 03       		.uleb128 0x3
 389 001b 08       		.uleb128 0x8
 390 001c 00       		.byte	0
 391 001d 00       		.byte	0
 392 001e 03       		.uleb128 0x3
 393 001f 24       		.uleb128 0x24
 394 0020 00       		.byte	0
 395 0021 0B       		.uleb128 0xb
 396 0022 0B       		.uleb128 0xb
 397 0023 3E       		.uleb128 0x3e
 398 0024 0B       		.uleb128 0xb
 399 0025 03       		.uleb128 0x3
 400 0026 0E       		.uleb128 0xe
 401 0027 00       		.byte	0
 402 0028 00       		.byte	0
 403 0029 04       		.uleb128 0x4
 404 002a 16       		.uleb128 0x16
 405 002b 00       		.byte	0
 406 002c 03       		.uleb128 0x3
 407 002d 0E       		.uleb128 0xe
 408 002e 3A       		.uleb128 0x3a
 409 002f 0B       		.uleb128 0xb
 410 0030 3B       		.uleb128 0x3b
 411 0031 05       		.uleb128 0x5
 412 0032 49       		.uleb128 0x49
 413 0033 13       		.uleb128 0x13
 414 0034 00       		.byte	0
 415 0035 00       		.byte	0
 416 0036 05       		.uleb128 0x5
 417 0037 35       		.uleb128 0x35
 418 0038 00       		.byte	0
 419 0039 49       		.uleb128 0x49
 420 003a 13       		.uleb128 0x13
 421 003b 00       		.byte	0
 422 003c 00       		.byte	0
 423 003d 06       		.uleb128 0x6
 424 003e 2E       		.uleb128 0x2e
ARM GAS  e:\temp\ccSIPEF1.s 			page 13


 425 003f 01       		.byte	0x1
 426 0040 03       		.uleb128 0x3
 427 0041 0E       		.uleb128 0xe
 428 0042 3A       		.uleb128 0x3a
 429 0043 0B       		.uleb128 0xb
 430 0044 3B       		.uleb128 0x3b
 431 0045 0B       		.uleb128 0xb
 432 0046 27       		.uleb128 0x27
 433 0047 19       		.uleb128 0x19
 434 0048 11       		.uleb128 0x11
 435 0049 01       		.uleb128 0x1
 436 004a 12       		.uleb128 0x12
 437 004b 06       		.uleb128 0x6
 438 004c 40       		.uleb128 0x40
 439 004d 18       		.uleb128 0x18
 440 004e 9742     		.uleb128 0x2117
 441 0050 19       		.uleb128 0x19
 442 0051 01       		.uleb128 0x1
 443 0052 13       		.uleb128 0x13
 444 0053 00       		.byte	0
 445 0054 00       		.byte	0
 446 0055 07       		.uleb128 0x7
 447 0056 898201   		.uleb128 0x4109
 448 0059 01       		.byte	0x1
 449 005a 11       		.uleb128 0x11
 450 005b 01       		.uleb128 0x1
 451 005c 31       		.uleb128 0x31
 452 005d 13       		.uleb128 0x13
 453 005e 00       		.byte	0
 454 005f 00       		.byte	0
 455 0060 08       		.uleb128 0x8
 456 0061 8A8201   		.uleb128 0x410a
 457 0064 00       		.byte	0
 458 0065 02       		.uleb128 0x2
 459 0066 18       		.uleb128 0x18
 460 0067 9142     		.uleb128 0x2111
 461 0069 18       		.uleb128 0x18
 462 006a 00       		.byte	0
 463 006b 00       		.byte	0
 464 006c 09       		.uleb128 0x9
 465 006d 2E       		.uleb128 0x2e
 466 006e 01       		.byte	0x1
 467 006f 3F       		.uleb128 0x3f
 468 0070 19       		.uleb128 0x19
 469 0071 03       		.uleb128 0x3
 470 0072 0E       		.uleb128 0xe
 471 0073 3A       		.uleb128 0x3a
 472 0074 0B       		.uleb128 0xb
 473 0075 3B       		.uleb128 0x3b
 474 0076 0B       		.uleb128 0xb
 475 0077 27       		.uleb128 0x27
 476 0078 19       		.uleb128 0x19
 477 0079 11       		.uleb128 0x11
 478 007a 01       		.uleb128 0x1
 479 007b 12       		.uleb128 0x12
 480 007c 06       		.uleb128 0x6
 481 007d 40       		.uleb128 0x40
ARM GAS  e:\temp\ccSIPEF1.s 			page 14


 482 007e 18       		.uleb128 0x18
 483 007f 9742     		.uleb128 0x2117
 484 0081 19       		.uleb128 0x19
 485 0082 01       		.uleb128 0x1
 486 0083 13       		.uleb128 0x13
 487 0084 00       		.byte	0
 488 0085 00       		.byte	0
 489 0086 0A       		.uleb128 0xa
 490 0087 898201   		.uleb128 0x4109
 491 008a 00       		.byte	0
 492 008b 11       		.uleb128 0x11
 493 008c 01       		.uleb128 0x1
 494 008d 31       		.uleb128 0x31
 495 008e 13       		.uleb128 0x13
 496 008f 00       		.byte	0
 497 0090 00       		.byte	0
 498 0091 0B       		.uleb128 0xb
 499 0092 2E       		.uleb128 0x2e
 500 0093 00       		.byte	0
 501 0094 3F       		.uleb128 0x3f
 502 0095 19       		.uleb128 0x19
 503 0096 3C       		.uleb128 0x3c
 504 0097 19       		.uleb128 0x19
 505 0098 6E       		.uleb128 0x6e
 506 0099 0E       		.uleb128 0xe
 507 009a 03       		.uleb128 0x3
 508 009b 0E       		.uleb128 0xe
 509 009c 3A       		.uleb128 0x3a
 510 009d 0B       		.uleb128 0xb
 511 009e 3B       		.uleb128 0x3b
 512 009f 0B       		.uleb128 0xb
 513 00a0 00       		.byte	0
 514 00a1 00       		.byte	0
 515 00a2 00       		.byte	0
 516              		.section	.debug_aranges,"",%progbits
 517 0000 24000000 		.4byte	0x24
 518 0004 0200     		.2byte	0x2
 519 0006 00000000 		.4byte	.Ldebug_info0
 520 000a 04       		.byte	0x4
 521 000b 00       		.byte	0
 522 000c 0000     		.2byte	0
 523 000e 0000     		.2byte	0
 524 0010 00000000 		.4byte	.LFB3
 525 0014 D4000000 		.4byte	.LFE3-.LFB3
 526 0018 D4000000 		.4byte	.LFB4
 527 001c 74000000 		.4byte	.LFE4-.LFB4
 528 0020 00000000 		.4byte	0
 529 0024 00000000 		.4byte	0
 530              		.section	.debug_ranges,"",%progbits
 531              	.Ldebug_ranges0:
 532 0000 00000000 		.4byte	.LFB3
 533 0004 D4000000 		.4byte	.LFE3
 534 0008 D4000000 		.4byte	.LFB4
 535 000c 48010000 		.4byte	.LFE4
 536 0010 00000000 		.4byte	0
 537 0014 00000000 		.4byte	0
 538              		.section	.debug_line,"",%progbits
ARM GAS  e:\temp\ccSIPEF1.s 			page 15


 539              	.Ldebug_line0:
 540 0000 91000000 		.section	.debug_str,"MS",%progbits,1
 540      02005400 
 540      00000201 
 540      FB0E0D00 
 540      01010101 
 541              	.LASF1:
 542 0000 6C6F6E67 		.ascii	"long long int\000"
 542      206C6F6E 
 542      6720696E 
 542      7400
 543              	.LASF14:
 544 000e 75696E74 		.ascii	"uint32\000"
 544      333200
 545              	.LASF17:
 546 0015 47656E65 		.ascii	"Generated_Source\\PSoC4\\cyfitter_cfg.c\000"
 546      72617465 
 546      645F536F 
 546      75726365 
 546      5C50536F 
 547              	.LASF0:
 548 003b 756E7369 		.ascii	"unsigned int\000"
 548      676E6564 
 548      20696E74 
 548      00
 549              	.LASF21:
 550 0048 43795379 		.ascii	"CySysClkWriteImoFreq\000"
 550      73436C6B 
 550      57726974 
 550      65496D6F 
 550      46726571 
 551              	.LASF8:
 552 005d 6C6F6E67 		.ascii	"long unsigned int\000"
 552      20756E73 
 552      69676E65 
 552      6420696E 
 552      7400
 553              	.LASF20:
 554 006f 63796669 		.ascii	"cyfitter_cfg\000"
 554      74746572 
 554      5F636667 
 554      00
 555              	.LASF9:
 556 007c 6C6F6E67 		.ascii	"long long unsigned int\000"
 556      206C6F6E 
 556      6720756E 
 556      7369676E 
 556      65642069 
 557              	.LASF12:
 558 0093 666C6F61 		.ascii	"float\000"
 558      7400
 559              	.LASF4:
 560 0099 756E7369 		.ascii	"unsigned char\000"
 560      676E6564 
 560      20636861 
 560      7200
 561              	.LASF11:
ARM GAS  e:\temp\ccSIPEF1.s 			page 16


 562 00a7 63686172 		.ascii	"char\000"
 562      00
 563              	.LASF7:
 564 00ac 6C6F6E67 		.ascii	"long int\000"
 564      20696E74 
 564      00
 565              	.LASF19:
 566 00b5 436C6F63 		.ascii	"ClockSetup\000"
 566      6B536574 
 566      757000
 567              	.LASF13:
 568 00c0 646F7562 		.ascii	"double\000"
 568      6C6500
 569              	.LASF15:
 570 00c7 72656733 		.ascii	"reg32\000"
 570      3200
 571              	.LASF6:
 572 00cd 73686F72 		.ascii	"short unsigned int\000"
 572      7420756E 
 572      7369676E 
 572      65642069 
 572      6E7400
 573              	.LASF3:
 574 00e0 7369676E 		.ascii	"signed char\000"
 574      65642063 
 574      68617200 
 575              	.LASF2:
 576 00ec 6C6F6E67 		.ascii	"long double\000"
 576      20646F75 
 576      626C6500 
 577              	.LASF18:
 578 00f8 433A5C55 		.ascii	"C:\\Users\\Admin\\Desktop\\_FIRMWARE\\DBARLite\\CYP"
 578      73657273 
 578      5C41646D 
 578      696E5C44 
 578      65736B74 
 579 0125 44353232 		.ascii	"D5225\\CYPD5225-96BZXI_notebook\\CYPD5225-96BZXI_no"
 579      355C4359 
 579      50443532 
 579      32352D39 
 579      36425A58 
 580 0156 7465626F 		.ascii	"tebook.cydsn\\noboot.cydsn\000"
 580      6F6B2E63 
 580      7964736E 
 580      5C6E6F62 
 580      6F6F742E 
 581              	.LASF5:
 582 0170 73686F72 		.ascii	"short int\000"
 582      7420696E 
 582      7400
 583              	.LASF10:
 584 017a 73697A65 		.ascii	"sizetype\000"
 584      74797065 
 584      00
 585              	.LASF16:
 586 0183 474E5520 		.ascii	"GNU C11 5.4.1 20160609 (release) [ARM/embedded-5-br"
 586      43313120 
ARM GAS  e:\temp\ccSIPEF1.s 			page 17


 586      352E342E 
 586      31203230 
 586      31363036 
 587 01b6 616E6368 		.ascii	"anch revision 237715] -mcpu=cortex-m0 -mthumb -g -O"
 587      20726576 
 587      6973696F 
 587      6E203233 
 587      37373135 
 588 01e9 67202D66 		.ascii	"g -ffunction-sections -ffat-lto-objects -finline-fu"
 588      66756E63 
 588      74696F6E 
 588      2D736563 
 588      74696F6E 
 589 021c 6E637469 		.ascii	"nctions -fno-strict-aliasing\000"
 589      6F6E7320 
 589      2D666E6F 
 589      2D737472 
 589      6963742D 
 590              		.ident	"GCC: (GNU Tools for ARM Embedded Processors) 5.4.1 20160609 (release) [ARM/embedded-5-bran
