ARM GAS  e:\temp\ccYmKMEX.s 			page 1


   1              		.syntax unified
   2              		.cpu cortex-m0
   3              		.fpu softvfp
   4              		.eabi_attribute 20, 1
   5              		.eabi_attribute 21, 1
   6              		.eabi_attribute 23, 3
   7              		.eabi_attribute 24, 1
   8              		.eabi_attribute 25, 1
   9              		.eabi_attribute 26, 1
  10              		.eabi_attribute 30, 1
  11              		.eabi_attribute 34, 0
  12              		.eabi_attribute 18, 4
  13              		.thumb
  14              		.syntax unified
  15              		.file	"I2C_MSTR_I2C.c"
  16              		.text
  17              	.Ltext0:
  18              		.cfi_sections	.debug_frame
  19              		.section	.text.I2C_MSTR_I2CInit,"ax",%progbits
  20              		.align	2
  21              		.global	I2C_MSTR_I2CInit
  22              		.code	16
  23              		.thumb_func
  24              		.type	I2C_MSTR_I2CInit, %function
  25              	I2C_MSTR_I2CInit:
  26              	.LFB0:
  27              		.file 1 "Generated_Source\\PSoC4\\I2C_MSTR_I2C.c"
   1:Generated_Source\PSoC4/I2C_MSTR_I2C.c **** /***************************************************************************//**
   2:Generated_Source\PSoC4/I2C_MSTR_I2C.c **** * \file I2C_MSTR_I2C.c
   3:Generated_Source\PSoC4/I2C_MSTR_I2C.c **** * \version 4.0
   4:Generated_Source\PSoC4/I2C_MSTR_I2C.c **** *
   5:Generated_Source\PSoC4/I2C_MSTR_I2C.c **** * \brief
   6:Generated_Source\PSoC4/I2C_MSTR_I2C.c **** *  This file provides the source code to the API for the SCB Component in
   7:Generated_Source\PSoC4/I2C_MSTR_I2C.c **** *  I2C mode.
   8:Generated_Source\PSoC4/I2C_MSTR_I2C.c **** *
   9:Generated_Source\PSoC4/I2C_MSTR_I2C.c **** * Note:
  10:Generated_Source\PSoC4/I2C_MSTR_I2C.c **** *
  11:Generated_Source\PSoC4/I2C_MSTR_I2C.c **** *******************************************************************************
  12:Generated_Source\PSoC4/I2C_MSTR_I2C.c **** * \copyright
  13:Generated_Source\PSoC4/I2C_MSTR_I2C.c **** * Copyright 2013-2017, Cypress Semiconductor Corporation.  All rights reserved.
  14:Generated_Source\PSoC4/I2C_MSTR_I2C.c **** * You may use this file only in accordance with the license, terms, conditions,
  15:Generated_Source\PSoC4/I2C_MSTR_I2C.c **** * disclaimers, and limitations in the end user license agreement accompanying
  16:Generated_Source\PSoC4/I2C_MSTR_I2C.c **** * the software package with which this file was provided.
  17:Generated_Source\PSoC4/I2C_MSTR_I2C.c **** *******************************************************************************/
  18:Generated_Source\PSoC4/I2C_MSTR_I2C.c **** 
  19:Generated_Source\PSoC4/I2C_MSTR_I2C.c **** #include "I2C_MSTR_PVT.h"
  20:Generated_Source\PSoC4/I2C_MSTR_I2C.c **** #include "I2C_MSTR_I2C_PVT.h"
  21:Generated_Source\PSoC4/I2C_MSTR_I2C.c **** 
  22:Generated_Source\PSoC4/I2C_MSTR_I2C.c **** 
  23:Generated_Source\PSoC4/I2C_MSTR_I2C.c **** /***************************************
  24:Generated_Source\PSoC4/I2C_MSTR_I2C.c **** *      I2C Private Vars
  25:Generated_Source\PSoC4/I2C_MSTR_I2C.c **** ***************************************/
  26:Generated_Source\PSoC4/I2C_MSTR_I2C.c **** 
  27:Generated_Source\PSoC4/I2C_MSTR_I2C.c **** volatile uint8 I2C_MSTR_state;  /* Current state of I2C FSM */
  28:Generated_Source\PSoC4/I2C_MSTR_I2C.c **** 
  29:Generated_Source\PSoC4/I2C_MSTR_I2C.c **** #if(I2C_MSTR_SCB_MODE_UNCONFIG_CONST_CFG)
  30:Generated_Source\PSoC4/I2C_MSTR_I2C.c **** 
ARM GAS  e:\temp\ccYmKMEX.s 			page 2


  31:Generated_Source\PSoC4/I2C_MSTR_I2C.c ****     /***************************************
  32:Generated_Source\PSoC4/I2C_MSTR_I2C.c ****     *  Configuration Structure Initialization
  33:Generated_Source\PSoC4/I2C_MSTR_I2C.c ****     ***************************************/
  34:Generated_Source\PSoC4/I2C_MSTR_I2C.c **** 
  35:Generated_Source\PSoC4/I2C_MSTR_I2C.c ****     /* Constant configuration of I2C */
  36:Generated_Source\PSoC4/I2C_MSTR_I2C.c ****     const I2C_MSTR_I2C_INIT_STRUCT I2C_MSTR_configI2C =
  37:Generated_Source\PSoC4/I2C_MSTR_I2C.c ****     {
  38:Generated_Source\PSoC4/I2C_MSTR_I2C.c ****         I2C_MSTR_I2C_MODE,
  39:Generated_Source\PSoC4/I2C_MSTR_I2C.c ****         I2C_MSTR_I2C_OVS_FACTOR_LOW,
  40:Generated_Source\PSoC4/I2C_MSTR_I2C.c ****         I2C_MSTR_I2C_OVS_FACTOR_HIGH,
  41:Generated_Source\PSoC4/I2C_MSTR_I2C.c ****         I2C_MSTR_I2C_MEDIAN_FILTER_ENABLE,
  42:Generated_Source\PSoC4/I2C_MSTR_I2C.c ****         I2C_MSTR_I2C_SLAVE_ADDRESS,
  43:Generated_Source\PSoC4/I2C_MSTR_I2C.c ****         I2C_MSTR_I2C_SLAVE_ADDRESS_MASK,
  44:Generated_Source\PSoC4/I2C_MSTR_I2C.c ****         I2C_MSTR_I2C_ACCEPT_ADDRESS,
  45:Generated_Source\PSoC4/I2C_MSTR_I2C.c ****         I2C_MSTR_I2C_WAKE_ENABLE,
  46:Generated_Source\PSoC4/I2C_MSTR_I2C.c ****         I2C_MSTR_I2C_BYTE_MODE_ENABLE,
  47:Generated_Source\PSoC4/I2C_MSTR_I2C.c ****         I2C_MSTR_I2C_DATA_RATE,
  48:Generated_Source\PSoC4/I2C_MSTR_I2C.c ****         I2C_MSTR_I2C_ACCEPT_GENERAL_CALL,
  49:Generated_Source\PSoC4/I2C_MSTR_I2C.c ****     };
  50:Generated_Source\PSoC4/I2C_MSTR_I2C.c **** 
  51:Generated_Source\PSoC4/I2C_MSTR_I2C.c ****     /*******************************************************************************
  52:Generated_Source\PSoC4/I2C_MSTR_I2C.c ****     * Function Name: I2C_MSTR_I2CInit
  53:Generated_Source\PSoC4/I2C_MSTR_I2C.c ****     ****************************************************************************//**
  54:Generated_Source\PSoC4/I2C_MSTR_I2C.c ****     *
  55:Generated_Source\PSoC4/I2C_MSTR_I2C.c ****     *
  56:Generated_Source\PSoC4/I2C_MSTR_I2C.c ****     *  Configures the I2C_MSTR for I2C operation.
  57:Generated_Source\PSoC4/I2C_MSTR_I2C.c ****     *
  58:Generated_Source\PSoC4/I2C_MSTR_I2C.c ****     *  This function is intended specifically to be used when the I2C_MSTR 
  59:Generated_Source\PSoC4/I2C_MSTR_I2C.c ****     *  configuration is set to “Unconfigured I2C_MSTR” in the customizer. 
  60:Generated_Source\PSoC4/I2C_MSTR_I2C.c ****     *  After initializing the I2C_MSTR in I2C mode using this function, 
  61:Generated_Source\PSoC4/I2C_MSTR_I2C.c ****     *  the component can be enabled using the I2C_MSTR_Start() or 
  62:Generated_Source\PSoC4/I2C_MSTR_I2C.c ****     * I2C_MSTR_Enable() function.
  63:Generated_Source\PSoC4/I2C_MSTR_I2C.c ****     *  This function uses a pointer to a structure that provides the configuration 
  64:Generated_Source\PSoC4/I2C_MSTR_I2C.c ****     *  settings. This structure contains the same information that would otherwise 
  65:Generated_Source\PSoC4/I2C_MSTR_I2C.c ****     *  be provided by the customizer settings.
  66:Generated_Source\PSoC4/I2C_MSTR_I2C.c ****     *
  67:Generated_Source\PSoC4/I2C_MSTR_I2C.c ****     *  \param config: pointer to a structure that contains the following list of 
  68:Generated_Source\PSoC4/I2C_MSTR_I2C.c ****     *   fields. These fields match the selections available in the customizer. 
  69:Generated_Source\PSoC4/I2C_MSTR_I2C.c ****     *   Refer to the customizer for further description of the settings.
  70:Generated_Source\PSoC4/I2C_MSTR_I2C.c ****     *
  71:Generated_Source\PSoC4/I2C_MSTR_I2C.c ****     *******************************************************************************/
  72:Generated_Source\PSoC4/I2C_MSTR_I2C.c ****     void I2C_MSTR_I2CInit(const I2C_MSTR_I2C_INIT_STRUCT *config)
  73:Generated_Source\PSoC4/I2C_MSTR_I2C.c ****     {
  74:Generated_Source\PSoC4/I2C_MSTR_I2C.c ****         uint32 medianFilter;
  75:Generated_Source\PSoC4/I2C_MSTR_I2C.c ****         uint32 locEnableWake;
  76:Generated_Source\PSoC4/I2C_MSTR_I2C.c **** 
  77:Generated_Source\PSoC4/I2C_MSTR_I2C.c ****         if(NULL == config)
  78:Generated_Source\PSoC4/I2C_MSTR_I2C.c ****         {
  79:Generated_Source\PSoC4/I2C_MSTR_I2C.c ****             CYASSERT(0u != 0u); /* Halt execution due to bad function parameter */
  80:Generated_Source\PSoC4/I2C_MSTR_I2C.c ****         }
  81:Generated_Source\PSoC4/I2C_MSTR_I2C.c ****         else
  82:Generated_Source\PSoC4/I2C_MSTR_I2C.c ****         {
  83:Generated_Source\PSoC4/I2C_MSTR_I2C.c ****             /* Configure pins */
  84:Generated_Source\PSoC4/I2C_MSTR_I2C.c ****             I2C_MSTR_SetPins(I2C_MSTR_SCB_MODE_I2C, I2C_MSTR_DUMMY_PARAM,
  85:Generated_Source\PSoC4/I2C_MSTR_I2C.c ****                                      I2C_MSTR_DUMMY_PARAM);
  86:Generated_Source\PSoC4/I2C_MSTR_I2C.c **** 
  87:Generated_Source\PSoC4/I2C_MSTR_I2C.c ****             /* Store internal configuration */
ARM GAS  e:\temp\ccYmKMEX.s 			page 3


  88:Generated_Source\PSoC4/I2C_MSTR_I2C.c ****             I2C_MSTR_scbMode       = (uint8) I2C_MSTR_SCB_MODE_I2C;
  89:Generated_Source\PSoC4/I2C_MSTR_I2C.c ****             I2C_MSTR_scbEnableWake = (uint8) config->enableWake;
  90:Generated_Source\PSoC4/I2C_MSTR_I2C.c ****             I2C_MSTR_scbEnableIntr = (uint8) I2C_MSTR_SCB_IRQ_INTERNAL;
  91:Generated_Source\PSoC4/I2C_MSTR_I2C.c **** 
  92:Generated_Source\PSoC4/I2C_MSTR_I2C.c ****             I2C_MSTR_mode          = (uint8) config->mode;
  93:Generated_Source\PSoC4/I2C_MSTR_I2C.c ****             I2C_MSTR_acceptAddr    = (uint8) config->acceptAddr;
  94:Generated_Source\PSoC4/I2C_MSTR_I2C.c **** 
  95:Generated_Source\PSoC4/I2C_MSTR_I2C.c ****         #if (I2C_MSTR_CY_SCBIP_V0)
  96:Generated_Source\PSoC4/I2C_MSTR_I2C.c ****             /* Adjust SDA filter settings. Ticket ID#150521 */
  97:Generated_Source\PSoC4/I2C_MSTR_I2C.c ****             I2C_MSTR_SET_I2C_CFG_SDA_FILT_TRIM(I2C_MSTR_EC_AM_I2C_CFG_SDA_FILT_TRIM);
  98:Generated_Source\PSoC4/I2C_MSTR_I2C.c ****         #endif /* (I2C_MSTR_CY_SCBIP_V0) */
  99:Generated_Source\PSoC4/I2C_MSTR_I2C.c **** 
 100:Generated_Source\PSoC4/I2C_MSTR_I2C.c ****             /* Adjust AF and DF filter settings. Ticket ID#176179 */
 101:Generated_Source\PSoC4/I2C_MSTR_I2C.c ****             if (((I2C_MSTR_I2C_MODE_SLAVE != config->mode) &&
 102:Generated_Source\PSoC4/I2C_MSTR_I2C.c ****                  (config->dataRate <= I2C_MSTR_I2C_DATA_RATE_FS_MODE_MAX)) ||
 103:Generated_Source\PSoC4/I2C_MSTR_I2C.c ****                  (I2C_MSTR_I2C_MODE_SLAVE == config->mode))
 104:Generated_Source\PSoC4/I2C_MSTR_I2C.c ****             {
 105:Generated_Source\PSoC4/I2C_MSTR_I2C.c ****                 /* AF = 1, DF = 0 */
 106:Generated_Source\PSoC4/I2C_MSTR_I2C.c ****                 I2C_MSTR_I2C_CFG_ANALOG_FITER_ENABLE;
 107:Generated_Source\PSoC4/I2C_MSTR_I2C.c ****                 medianFilter = I2C_MSTR_DIGITAL_FILTER_DISABLE;
 108:Generated_Source\PSoC4/I2C_MSTR_I2C.c ****             }
 109:Generated_Source\PSoC4/I2C_MSTR_I2C.c ****             else
 110:Generated_Source\PSoC4/I2C_MSTR_I2C.c ****             {
 111:Generated_Source\PSoC4/I2C_MSTR_I2C.c ****                 /* AF = 0, DF = 1 */
 112:Generated_Source\PSoC4/I2C_MSTR_I2C.c ****                 I2C_MSTR_I2C_CFG_ANALOG_FITER_DISABLE;
 113:Generated_Source\PSoC4/I2C_MSTR_I2C.c ****                 medianFilter = I2C_MSTR_DIGITAL_FILTER_ENABLE;
 114:Generated_Source\PSoC4/I2C_MSTR_I2C.c ****             }
 115:Generated_Source\PSoC4/I2C_MSTR_I2C.c **** 
 116:Generated_Source\PSoC4/I2C_MSTR_I2C.c ****         #if (!I2C_MSTR_CY_SCBIP_V0)
 117:Generated_Source\PSoC4/I2C_MSTR_I2C.c ****             locEnableWake = (I2C_MSTR_I2C_MULTI_MASTER_SLAVE) ? (0u) : (config->enableWake);
 118:Generated_Source\PSoC4/I2C_MSTR_I2C.c ****         #else
 119:Generated_Source\PSoC4/I2C_MSTR_I2C.c ****             locEnableWake = config->enableWake;
 120:Generated_Source\PSoC4/I2C_MSTR_I2C.c ****         #endif /* (!I2C_MSTR_CY_SCBIP_V0) */
 121:Generated_Source\PSoC4/I2C_MSTR_I2C.c **** 
 122:Generated_Source\PSoC4/I2C_MSTR_I2C.c ****             /* Configure I2C interface */
 123:Generated_Source\PSoC4/I2C_MSTR_I2C.c ****             I2C_MSTR_CTRL_REG     = I2C_MSTR_GET_CTRL_BYTE_MODE  (config->enableByteMode) |
 124:Generated_Source\PSoC4/I2C_MSTR_I2C.c ****                                             I2C_MSTR_GET_CTRL_ADDR_ACCEPT(config->acceptAddr)     |
 125:Generated_Source\PSoC4/I2C_MSTR_I2C.c ****                                             I2C_MSTR_GET_CTRL_EC_AM_MODE (locEnableWake);
 126:Generated_Source\PSoC4/I2C_MSTR_I2C.c **** 
 127:Generated_Source\PSoC4/I2C_MSTR_I2C.c ****             I2C_MSTR_I2C_CTRL_REG = I2C_MSTR_GET_I2C_CTRL_HIGH_PHASE_OVS(config->oversampleHigh) |
 128:Generated_Source\PSoC4/I2C_MSTR_I2C.c ****                     I2C_MSTR_GET_I2C_CTRL_LOW_PHASE_OVS (config->oversampleLow)                    
 129:Generated_Source\PSoC4/I2C_MSTR_I2C.c ****                     I2C_MSTR_GET_I2C_CTRL_S_GENERAL_IGNORE((uint32)(0u == config->acceptGeneralAddr
 130:Generated_Source\PSoC4/I2C_MSTR_I2C.c ****                     I2C_MSTR_GET_I2C_CTRL_SL_MSTR_MODE  (config->mode);
 131:Generated_Source\PSoC4/I2C_MSTR_I2C.c **** 
 132:Generated_Source\PSoC4/I2C_MSTR_I2C.c ****             /* Configure RX direction */
 133:Generated_Source\PSoC4/I2C_MSTR_I2C.c ****             I2C_MSTR_RX_CTRL_REG      = I2C_MSTR_GET_RX_CTRL_MEDIAN(medianFilter) |
 134:Generated_Source\PSoC4/I2C_MSTR_I2C.c ****                                                 I2C_MSTR_I2C_RX_CTRL;
 135:Generated_Source\PSoC4/I2C_MSTR_I2C.c ****             I2C_MSTR_RX_FIFO_CTRL_REG = I2C_MSTR_CLEAR_REG;
 136:Generated_Source\PSoC4/I2C_MSTR_I2C.c **** 
 137:Generated_Source\PSoC4/I2C_MSTR_I2C.c ****             /* Set default address and mask */
 138:Generated_Source\PSoC4/I2C_MSTR_I2C.c ****             I2C_MSTR_RX_MATCH_REG    = ((I2C_MSTR_I2C_SLAVE) ?
 139:Generated_Source\PSoC4/I2C_MSTR_I2C.c ****                                                 (I2C_MSTR_GET_I2C_8BIT_ADDRESS(config->slaveAddr) |
 140:Generated_Source\PSoC4/I2C_MSTR_I2C.c ****                                                  I2C_MSTR_GET_RX_MATCH_MASK(config->slaveAddrMask))
 141:Generated_Source\PSoC4/I2C_MSTR_I2C.c ****                                                 (I2C_MSTR_CLEAR_REG));
 142:Generated_Source\PSoC4/I2C_MSTR_I2C.c **** 
 143:Generated_Source\PSoC4/I2C_MSTR_I2C.c **** 
 144:Generated_Source\PSoC4/I2C_MSTR_I2C.c ****             /* Configure TX direction */
ARM GAS  e:\temp\ccYmKMEX.s 			page 4


 145:Generated_Source\PSoC4/I2C_MSTR_I2C.c ****             I2C_MSTR_TX_CTRL_REG      = I2C_MSTR_I2C_TX_CTRL;
 146:Generated_Source\PSoC4/I2C_MSTR_I2C.c ****             I2C_MSTR_TX_FIFO_CTRL_REG = I2C_MSTR_CLEAR_REG;
 147:Generated_Source\PSoC4/I2C_MSTR_I2C.c **** 
 148:Generated_Source\PSoC4/I2C_MSTR_I2C.c ****             /* Configure interrupt with I2C handler but do not enable it */
 149:Generated_Source\PSoC4/I2C_MSTR_I2C.c ****             CyIntDisable    (I2C_MSTR_ISR_NUMBER);
 150:Generated_Source\PSoC4/I2C_MSTR_I2C.c ****             CyIntSetPriority(I2C_MSTR_ISR_NUMBER, I2C_MSTR_ISR_PRIORITY);
 151:Generated_Source\PSoC4/I2C_MSTR_I2C.c ****             (void) CyIntSetVector(I2C_MSTR_ISR_NUMBER, &I2C_MSTR_I2C_ISR);
 152:Generated_Source\PSoC4/I2C_MSTR_I2C.c **** 
 153:Generated_Source\PSoC4/I2C_MSTR_I2C.c ****             /* Configure interrupt sources */
 154:Generated_Source\PSoC4/I2C_MSTR_I2C.c ****         #if(!I2C_MSTR_CY_SCBIP_V1)
 155:Generated_Source\PSoC4/I2C_MSTR_I2C.c ****             I2C_MSTR_INTR_SPI_EC_MASK_REG = I2C_MSTR_NO_INTR_SOURCES;
 156:Generated_Source\PSoC4/I2C_MSTR_I2C.c ****         #endif /* (!I2C_MSTR_CY_SCBIP_V1) */
 157:Generated_Source\PSoC4/I2C_MSTR_I2C.c **** 
 158:Generated_Source\PSoC4/I2C_MSTR_I2C.c ****             I2C_MSTR_INTR_I2C_EC_MASK_REG = I2C_MSTR_NO_INTR_SOURCES;
 159:Generated_Source\PSoC4/I2C_MSTR_I2C.c ****             I2C_MSTR_INTR_RX_MASK_REG     = I2C_MSTR_NO_INTR_SOURCES;
 160:Generated_Source\PSoC4/I2C_MSTR_I2C.c ****             I2C_MSTR_INTR_TX_MASK_REG     = I2C_MSTR_NO_INTR_SOURCES;
 161:Generated_Source\PSoC4/I2C_MSTR_I2C.c **** 
 162:Generated_Source\PSoC4/I2C_MSTR_I2C.c ****             I2C_MSTR_INTR_SLAVE_MASK_REG  = ((I2C_MSTR_I2C_SLAVE) ?
 163:Generated_Source\PSoC4/I2C_MSTR_I2C.c ****                             (I2C_MSTR_GET_INTR_SLAVE_I2C_GENERAL(config->acceptGeneralAddr) |
 164:Generated_Source\PSoC4/I2C_MSTR_I2C.c ****                              I2C_MSTR_I2C_INTR_SLAVE_MASK) : (I2C_MSTR_CLEAR_REG));
 165:Generated_Source\PSoC4/I2C_MSTR_I2C.c **** 
 166:Generated_Source\PSoC4/I2C_MSTR_I2C.c ****             I2C_MSTR_INTR_MASTER_MASK_REG = I2C_MSTR_NO_INTR_SOURCES;
 167:Generated_Source\PSoC4/I2C_MSTR_I2C.c **** 
 168:Generated_Source\PSoC4/I2C_MSTR_I2C.c ****             /* Configure global variables */
 169:Generated_Source\PSoC4/I2C_MSTR_I2C.c ****             I2C_MSTR_state = I2C_MSTR_I2C_FSM_IDLE;
 170:Generated_Source\PSoC4/I2C_MSTR_I2C.c **** 
 171:Generated_Source\PSoC4/I2C_MSTR_I2C.c ****             /* Internal slave variables */
 172:Generated_Source\PSoC4/I2C_MSTR_I2C.c ****             I2C_MSTR_slStatus        = 0u;
 173:Generated_Source\PSoC4/I2C_MSTR_I2C.c ****             I2C_MSTR_slRdBufIndex    = 0u;
 174:Generated_Source\PSoC4/I2C_MSTR_I2C.c ****             I2C_MSTR_slWrBufIndex    = 0u;
 175:Generated_Source\PSoC4/I2C_MSTR_I2C.c ****             I2C_MSTR_slOverFlowCount = 0u;
 176:Generated_Source\PSoC4/I2C_MSTR_I2C.c **** 
 177:Generated_Source\PSoC4/I2C_MSTR_I2C.c ****             /* Internal master variables */
 178:Generated_Source\PSoC4/I2C_MSTR_I2C.c ****             I2C_MSTR_mstrStatus     = 0u;
 179:Generated_Source\PSoC4/I2C_MSTR_I2C.c ****             I2C_MSTR_mstrRdBufIndex = 0u;
 180:Generated_Source\PSoC4/I2C_MSTR_I2C.c ****             I2C_MSTR_mstrWrBufIndex = 0u;
 181:Generated_Source\PSoC4/I2C_MSTR_I2C.c ****         }
 182:Generated_Source\PSoC4/I2C_MSTR_I2C.c ****     }
 183:Generated_Source\PSoC4/I2C_MSTR_I2C.c **** 
 184:Generated_Source\PSoC4/I2C_MSTR_I2C.c **** #else
 185:Generated_Source\PSoC4/I2C_MSTR_I2C.c **** 
 186:Generated_Source\PSoC4/I2C_MSTR_I2C.c ****     /*******************************************************************************
 187:Generated_Source\PSoC4/I2C_MSTR_I2C.c ****     * Function Name: I2C_MSTR_I2CInit
 188:Generated_Source\PSoC4/I2C_MSTR_I2C.c ****     ****************************************************************************//**
 189:Generated_Source\PSoC4/I2C_MSTR_I2C.c ****     *
 190:Generated_Source\PSoC4/I2C_MSTR_I2C.c ****     *  Configures the SCB for the I2C operation.
 191:Generated_Source\PSoC4/I2C_MSTR_I2C.c ****     *
 192:Generated_Source\PSoC4/I2C_MSTR_I2C.c ****     *******************************************************************************/
 193:Generated_Source\PSoC4/I2C_MSTR_I2C.c ****     void I2C_MSTR_I2CInit(void)
 194:Generated_Source\PSoC4/I2C_MSTR_I2C.c ****     {
  28              		.loc 1 194 0
  29              		.cfi_startproc
  30              		@ args = 0, pretend = 0, frame = 0
  31              		@ frame_needed = 0, uses_anonymous_args = 0
  32 0000 10B5     		push	{r4, lr}
  33              		.cfi_def_cfa_offset 8
  34              		.cfi_offset 4, -8
ARM GAS  e:\temp\ccYmKMEX.s 			page 5


  35              		.cfi_offset 14, -4
 195:Generated_Source\PSoC4/I2C_MSTR_I2C.c ****     #if(I2C_MSTR_CY_SCBIP_V0)
 196:Generated_Source\PSoC4/I2C_MSTR_I2C.c ****         /* Adjust SDA filter settings. Ticket ID#150521 */
 197:Generated_Source\PSoC4/I2C_MSTR_I2C.c ****         I2C_MSTR_SET_I2C_CFG_SDA_FILT_TRIM(I2C_MSTR_EC_AM_I2C_CFG_SDA_FILT_TRIM);
 198:Generated_Source\PSoC4/I2C_MSTR_I2C.c ****     #endif /* (I2C_MSTR_CY_SCBIP_V0) */
 199:Generated_Source\PSoC4/I2C_MSTR_I2C.c **** 
 200:Generated_Source\PSoC4/I2C_MSTR_I2C.c ****         /* Adjust AF and DF filter settings. Ticket ID#176179 */
 201:Generated_Source\PSoC4/I2C_MSTR_I2C.c ****         I2C_MSTR_I2C_CFG_ANALOG_FITER_ENABLE_ADJ;
  36              		.loc 1 201 0
  37 0002 1C4A     		ldr	r2, .L2
  38 0004 1168     		ldr	r1, [r2]
  39 0006 1C4B     		ldr	r3, .L2+4
  40 0008 0B40     		ands	r3, r1
  41 000a 1360     		str	r3, [r2]
 202:Generated_Source\PSoC4/I2C_MSTR_I2C.c **** 
 203:Generated_Source\PSoC4/I2C_MSTR_I2C.c ****         /* Configure I2C interface */
 204:Generated_Source\PSoC4/I2C_MSTR_I2C.c ****         I2C_MSTR_CTRL_REG     = I2C_MSTR_I2C_DEFAULT_CTRL;
  42              		.loc 1 204 0
  43 000c 0024     		movs	r4, #0
  44 000e 1B4B     		ldr	r3, .L2+8
  45 0010 1C60     		str	r4, [r3]
 205:Generated_Source\PSoC4/I2C_MSTR_I2C.c ****         I2C_MSTR_I2C_CTRL_REG = I2C_MSTR_I2C_DEFAULT_I2C_CTRL;
  46              		.loc 1 205 0
  47 0012 1B4A     		ldr	r2, .L2+12
  48 0014 1B4B     		ldr	r3, .L2+16
  49 0016 1A60     		str	r2, [r3]
 206:Generated_Source\PSoC4/I2C_MSTR_I2C.c **** 
 207:Generated_Source\PSoC4/I2C_MSTR_I2C.c ****         /* Configure RX direction */
 208:Generated_Source\PSoC4/I2C_MSTR_I2C.c ****         I2C_MSTR_RX_CTRL_REG      = I2C_MSTR_I2C_DEFAULT_RX_CTRL;
  50              		.loc 1 208 0
  51 0018 1B4A     		ldr	r2, .L2+20
  52 001a 1C4B     		ldr	r3, .L2+24
  53 001c 1A60     		str	r2, [r3]
 209:Generated_Source\PSoC4/I2C_MSTR_I2C.c ****         I2C_MSTR_RX_FIFO_CTRL_REG = I2C_MSTR_I2C_DEFAULT_RX_FIFO_CTRL;
  54              		.loc 1 209 0
  55 001e 1C4B     		ldr	r3, .L2+28
  56 0020 1C60     		str	r4, [r3]
 210:Generated_Source\PSoC4/I2C_MSTR_I2C.c **** 
 211:Generated_Source\PSoC4/I2C_MSTR_I2C.c ****         /* Set default address and mask */
 212:Generated_Source\PSoC4/I2C_MSTR_I2C.c ****         I2C_MSTR_RX_MATCH_REG     = I2C_MSTR_I2C_DEFAULT_RX_MATCH;
  57              		.loc 1 212 0
  58 0022 1C4B     		ldr	r3, .L2+32
  59 0024 1C60     		str	r4, [r3]
 213:Generated_Source\PSoC4/I2C_MSTR_I2C.c **** 
 214:Generated_Source\PSoC4/I2C_MSTR_I2C.c ****         /* Configure TX direction */
 215:Generated_Source\PSoC4/I2C_MSTR_I2C.c ****         I2C_MSTR_TX_CTRL_REG      = I2C_MSTR_I2C_DEFAULT_TX_CTRL;
  60              		.loc 1 215 0
  61 0026 1C4A     		ldr	r2, .L2+36
  62 0028 1C4B     		ldr	r3, .L2+40
  63 002a 1A60     		str	r2, [r3]
 216:Generated_Source\PSoC4/I2C_MSTR_I2C.c ****         I2C_MSTR_TX_FIFO_CTRL_REG = I2C_MSTR_I2C_DEFAULT_TX_FIFO_CTRL;
  64              		.loc 1 216 0
  65 002c 1C4B     		ldr	r3, .L2+44
  66 002e 1C60     		str	r4, [r3]
 217:Generated_Source\PSoC4/I2C_MSTR_I2C.c **** 
 218:Generated_Source\PSoC4/I2C_MSTR_I2C.c ****         /* Configure interrupt with I2C handler but do not enable it */
 219:Generated_Source\PSoC4/I2C_MSTR_I2C.c ****         CyIntDisable    (I2C_MSTR_ISR_NUMBER);
ARM GAS  e:\temp\ccYmKMEX.s 			page 6


  67              		.loc 1 219 0
  68 0030 0B20     		movs	r0, #11
  69 0032 FFF7FEFF 		bl	CyIntDisable
  70              	.LVL0:
 220:Generated_Source\PSoC4/I2C_MSTR_I2C.c ****         CyIntSetPriority(I2C_MSTR_ISR_NUMBER, I2C_MSTR_ISR_PRIORITY);
  71              		.loc 1 220 0
  72 0036 0321     		movs	r1, #3
  73 0038 0B20     		movs	r0, #11
  74 003a FFF7FEFF 		bl	CyIntSetPriority
  75              	.LVL1:
 221:Generated_Source\PSoC4/I2C_MSTR_I2C.c ****     #if(!I2C_MSTR_I2C_EXTERN_INTR_HANDLER)
 222:Generated_Source\PSoC4/I2C_MSTR_I2C.c ****         (void) CyIntSetVector(I2C_MSTR_ISR_NUMBER, &I2C_MSTR_I2C_ISR);
  76              		.loc 1 222 0
  77 003e 1949     		ldr	r1, .L2+48
  78 0040 0B20     		movs	r0, #11
  79 0042 FFF7FEFF 		bl	CyIntSetVector
  80              	.LVL2:
 223:Generated_Source\PSoC4/I2C_MSTR_I2C.c ****     #endif /* (I2C_MSTR_I2C_EXTERN_INTR_HANDLER) */
 224:Generated_Source\PSoC4/I2C_MSTR_I2C.c **** 
 225:Generated_Source\PSoC4/I2C_MSTR_I2C.c ****         /* Configure interrupt sources */
 226:Generated_Source\PSoC4/I2C_MSTR_I2C.c ****     #if(!I2C_MSTR_CY_SCBIP_V1)
 227:Generated_Source\PSoC4/I2C_MSTR_I2C.c ****         I2C_MSTR_INTR_SPI_EC_MASK_REG = I2C_MSTR_I2C_DEFAULT_INTR_SPI_EC_MASK;
  81              		.loc 1 227 0
  82 0046 184B     		ldr	r3, .L2+52
  83 0048 1C60     		str	r4, [r3]
 228:Generated_Source\PSoC4/I2C_MSTR_I2C.c ****     #endif /* (!I2C_MSTR_CY_SCBIP_V1) */
 229:Generated_Source\PSoC4/I2C_MSTR_I2C.c **** 
 230:Generated_Source\PSoC4/I2C_MSTR_I2C.c ****         I2C_MSTR_INTR_I2C_EC_MASK_REG = I2C_MSTR_I2C_DEFAULT_INTR_I2C_EC_MASK;
  84              		.loc 1 230 0
  85 004a 184B     		ldr	r3, .L2+56
  86 004c 1C60     		str	r4, [r3]
 231:Generated_Source\PSoC4/I2C_MSTR_I2C.c ****         I2C_MSTR_INTR_SLAVE_MASK_REG  = I2C_MSTR_I2C_DEFAULT_INTR_SLAVE_MASK;
  87              		.loc 1 231 0
  88 004e 184B     		ldr	r3, .L2+60
  89 0050 1C60     		str	r4, [r3]
 232:Generated_Source\PSoC4/I2C_MSTR_I2C.c ****         I2C_MSTR_INTR_MASTER_MASK_REG = I2C_MSTR_I2C_DEFAULT_INTR_MASTER_MASK;
  90              		.loc 1 232 0
  91 0052 184B     		ldr	r3, .L2+64
  92 0054 1C60     		str	r4, [r3]
 233:Generated_Source\PSoC4/I2C_MSTR_I2C.c ****         I2C_MSTR_INTR_RX_MASK_REG     = I2C_MSTR_I2C_DEFAULT_INTR_RX_MASK;
  93              		.loc 1 233 0
  94 0056 184B     		ldr	r3, .L2+68
  95 0058 1C60     		str	r4, [r3]
 234:Generated_Source\PSoC4/I2C_MSTR_I2C.c ****         I2C_MSTR_INTR_TX_MASK_REG     = I2C_MSTR_I2C_DEFAULT_INTR_TX_MASK;
  96              		.loc 1 234 0
  97 005a 184B     		ldr	r3, .L2+72
  98 005c 1C60     		str	r4, [r3]
 235:Generated_Source\PSoC4/I2C_MSTR_I2C.c **** 
 236:Generated_Source\PSoC4/I2C_MSTR_I2C.c ****         /* Configure global variables */
 237:Generated_Source\PSoC4/I2C_MSTR_I2C.c ****         I2C_MSTR_state = I2C_MSTR_I2C_FSM_IDLE;
  99              		.loc 1 237 0
 100 005e 1022     		movs	r2, #16
 101 0060 174B     		ldr	r3, .L2+76
 102 0062 1A70     		strb	r2, [r3]
 238:Generated_Source\PSoC4/I2C_MSTR_I2C.c **** 
 239:Generated_Source\PSoC4/I2C_MSTR_I2C.c ****     #if(I2C_MSTR_I2C_SLAVE)
 240:Generated_Source\PSoC4/I2C_MSTR_I2C.c ****         /* Internal slave variable */
ARM GAS  e:\temp\ccYmKMEX.s 			page 7


 241:Generated_Source\PSoC4/I2C_MSTR_I2C.c ****         I2C_MSTR_slStatus        = 0u;
 242:Generated_Source\PSoC4/I2C_MSTR_I2C.c ****         I2C_MSTR_slRdBufIndex    = 0u;
 243:Generated_Source\PSoC4/I2C_MSTR_I2C.c ****         I2C_MSTR_slWrBufIndex    = 0u;
 244:Generated_Source\PSoC4/I2C_MSTR_I2C.c ****         I2C_MSTR_slOverFlowCount = 0u;
 245:Generated_Source\PSoC4/I2C_MSTR_I2C.c ****     #endif /* (I2C_MSTR_I2C_SLAVE) */
 246:Generated_Source\PSoC4/I2C_MSTR_I2C.c **** 
 247:Generated_Source\PSoC4/I2C_MSTR_I2C.c ****     #if(I2C_MSTR_I2C_MASTER)
 248:Generated_Source\PSoC4/I2C_MSTR_I2C.c ****     /* Internal master variable */
 249:Generated_Source\PSoC4/I2C_MSTR_I2C.c ****         I2C_MSTR_mstrStatus     = 0u;
 103              		.loc 1 249 0
 104 0064 174B     		ldr	r3, .L2+80
 105 0066 1C80     		strh	r4, [r3]
 250:Generated_Source\PSoC4/I2C_MSTR_I2C.c ****         I2C_MSTR_mstrRdBufIndex = 0u;
 106              		.loc 1 250 0
 107 0068 174B     		ldr	r3, .L2+84
 108 006a 1C60     		str	r4, [r3]
 251:Generated_Source\PSoC4/I2C_MSTR_I2C.c ****         I2C_MSTR_mstrWrBufIndex = 0u;
 109              		.loc 1 251 0
 110 006c 174B     		ldr	r3, .L2+88
 111 006e 1C60     		str	r4, [r3]
 252:Generated_Source\PSoC4/I2C_MSTR_I2C.c ****     #endif /* (I2C_MSTR_I2C_MASTER) */
 253:Generated_Source\PSoC4/I2C_MSTR_I2C.c ****     }
 112              		.loc 1 253 0
 113              		@ sp needed
 114 0070 10BD     		pop	{r4, pc}
 115              	.L3:
 116 0072 C046     		.align	2
 117              	.L2:
 118 0074 70000640 		.word	1074135152
 119 0078 EFEFFFFF 		.word	-4113
 120 007c 00000640 		.word	1074135040
 121 0080 96080080 		.word	-2147481450
 122 0084 60000640 		.word	1074135136
 123 0088 07030080 		.word	-2147482873
 124 008c 00030640 		.word	1074135808
 125 0090 04030640 		.word	1074135812
 126 0094 10030640 		.word	1074135824
 127 0098 07010080 		.word	-2147483385
 128 009c 00020640 		.word	1074135552
 129 00a0 04020640 		.word	1074135556
 130 00a4 00000000 		.word	I2C_MSTR_I2C_ISR
 131 00a8 C80E0640 		.word	1074138824
 132 00ac 880E0640 		.word	1074138760
 133 00b0 480F0640 		.word	1074138952
 134 00b4 080F0640 		.word	1074138888
 135 00b8 C80F0640 		.word	1074139080
 136 00bc 880F0640 		.word	1074139016
 137 00c0 00000000 		.word	I2C_MSTR_state
 138 00c4 00000000 		.word	I2C_MSTR_mstrStatus
 139 00c8 00000000 		.word	I2C_MSTR_mstrRdBufIndex
 140 00cc 00000000 		.word	I2C_MSTR_mstrWrBufIndex
 141              		.cfi_endproc
 142              	.LFE0:
 143              		.size	I2C_MSTR_I2CInit, .-I2C_MSTR_I2CInit
 144              		.section	.text.I2C_MSTR_I2CStop,"ax",%progbits
 145              		.align	2
 146              		.global	I2C_MSTR_I2CStop
ARM GAS  e:\temp\ccYmKMEX.s 			page 8


 147              		.code	16
 148              		.thumb_func
 149              		.type	I2C_MSTR_I2CStop, %function
 150              	I2C_MSTR_I2CStop:
 151              	.LFB1:
 254:Generated_Source\PSoC4/I2C_MSTR_I2C.c **** #endif /* (I2C_MSTR_SCB_MODE_UNCONFIG_CONST_CFG) */
 255:Generated_Source\PSoC4/I2C_MSTR_I2C.c **** 
 256:Generated_Source\PSoC4/I2C_MSTR_I2C.c **** 
 257:Generated_Source\PSoC4/I2C_MSTR_I2C.c **** /*******************************************************************************
 258:Generated_Source\PSoC4/I2C_MSTR_I2C.c **** * Function Name: I2C_MSTR_I2CStop
 259:Generated_Source\PSoC4/I2C_MSTR_I2C.c **** ****************************************************************************//**
 260:Generated_Source\PSoC4/I2C_MSTR_I2C.c **** *
 261:Generated_Source\PSoC4/I2C_MSTR_I2C.c **** *  Resets the I2C FSM into the default state.
 262:Generated_Source\PSoC4/I2C_MSTR_I2C.c **** *
 263:Generated_Source\PSoC4/I2C_MSTR_I2C.c **** *******************************************************************************/
 264:Generated_Source\PSoC4/I2C_MSTR_I2C.c **** void I2C_MSTR_I2CStop(void)
 265:Generated_Source\PSoC4/I2C_MSTR_I2C.c **** {
 152              		.loc 1 265 0
 153              		.cfi_startproc
 154              		@ args = 0, pretend = 0, frame = 0
 155              		@ frame_needed = 0, uses_anonymous_args = 0
 156              		@ link register save eliminated.
 266:Generated_Source\PSoC4/I2C_MSTR_I2C.c ****     /* Clear command registers because they keep assigned value after IP block was disabled */
 267:Generated_Source\PSoC4/I2C_MSTR_I2C.c ****     I2C_MSTR_I2C_MASTER_CMD_REG = 0u;
 157              		.loc 1 267 0
 158 0000 0023     		movs	r3, #0
 159 0002 044A     		ldr	r2, .L5
 160 0004 1360     		str	r3, [r2]
 268:Generated_Source\PSoC4/I2C_MSTR_I2C.c ****     I2C_MSTR_I2C_SLAVE_CMD_REG  = 0u;
 161              		.loc 1 268 0
 162 0006 044A     		ldr	r2, .L5+4
 163 0008 1360     		str	r3, [r2]
 269:Generated_Source\PSoC4/I2C_MSTR_I2C.c ****     
 270:Generated_Source\PSoC4/I2C_MSTR_I2C.c ****     I2C_MSTR_state = I2C_MSTR_I2C_FSM_IDLE;
 164              		.loc 1 270 0
 165 000a 1022     		movs	r2, #16
 166 000c 034B     		ldr	r3, .L5+8
 167 000e 1A70     		strb	r2, [r3]
 271:Generated_Source\PSoC4/I2C_MSTR_I2C.c **** }
 168              		.loc 1 271 0
 169              		@ sp needed
 170 0010 7047     		bx	lr
 171              	.L6:
 172 0012 C046     		.align	2
 173              	.L5:
 174 0014 68000640 		.word	1074135144
 175 0018 6C000640 		.word	1074135148
 176 001c 00000000 		.word	I2C_MSTR_state
 177              		.cfi_endproc
 178              	.LFE1:
 179              		.size	I2C_MSTR_I2CStop, .-I2C_MSTR_I2CStop
 180              		.section	.text.I2C_MSTR_I2CFwBlockReset,"ax",%progbits
 181              		.align	2
 182              		.global	I2C_MSTR_I2CFwBlockReset
 183              		.code	16
 184              		.thumb_func
 185              		.type	I2C_MSTR_I2CFwBlockReset, %function
ARM GAS  e:\temp\ccYmKMEX.s 			page 9


 186              	I2C_MSTR_I2CFwBlockReset:
 187              	.LFB2:
 272:Generated_Source\PSoC4/I2C_MSTR_I2C.c **** 
 273:Generated_Source\PSoC4/I2C_MSTR_I2C.c **** 
 274:Generated_Source\PSoC4/I2C_MSTR_I2C.c **** /*******************************************************************************
 275:Generated_Source\PSoC4/I2C_MSTR_I2C.c **** * Function Name: I2C_MSTR_I2CFwBlockReset
 276:Generated_Source\PSoC4/I2C_MSTR_I2C.c **** ****************************************************************************//**
 277:Generated_Source\PSoC4/I2C_MSTR_I2C.c **** *
 278:Generated_Source\PSoC4/I2C_MSTR_I2C.c **** * Resets the scb IP block and I2C into the known state.
 279:Generated_Source\PSoC4/I2C_MSTR_I2C.c **** *
 280:Generated_Source\PSoC4/I2C_MSTR_I2C.c **** *******************************************************************************/
 281:Generated_Source\PSoC4/I2C_MSTR_I2C.c **** void I2C_MSTR_I2CFwBlockReset(void)
 282:Generated_Source\PSoC4/I2C_MSTR_I2C.c **** {
 188              		.loc 1 282 0
 189              		.cfi_startproc
 190              		@ args = 0, pretend = 0, frame = 0
 191              		@ frame_needed = 0, uses_anonymous_args = 0
 192 0000 10B5     		push	{r4, lr}
 193              		.cfi_def_cfa_offset 8
 194              		.cfi_offset 4, -8
 195              		.cfi_offset 14, -4
 283:Generated_Source\PSoC4/I2C_MSTR_I2C.c ****     /* Disable scb IP: stop respond to I2C traffic */
 284:Generated_Source\PSoC4/I2C_MSTR_I2C.c ****     I2C_MSTR_CTRL_REG &= (uint32) ~I2C_MSTR_CTRL_ENABLED;
 196              		.loc 1 284 0
 197 0002 0E4A     		ldr	r2, .L8
 198 0004 1368     		ldr	r3, [r2]
 199 0006 5B00     		lsls	r3, r3, #1
 200 0008 5B08     		lsrs	r3, r3, #1
 201 000a 1360     		str	r3, [r2]
 285:Generated_Source\PSoC4/I2C_MSTR_I2C.c **** 
 286:Generated_Source\PSoC4/I2C_MSTR_I2C.c ****     /* Clear command registers they are not cleared after scb IP is disabled */
 287:Generated_Source\PSoC4/I2C_MSTR_I2C.c ****     I2C_MSTR_I2C_MASTER_CMD_REG = 0u;
 202              		.loc 1 287 0
 203 000c 0023     		movs	r3, #0
 204 000e 0C49     		ldr	r1, .L8+4
 205 0010 0B60     		str	r3, [r1]
 288:Generated_Source\PSoC4/I2C_MSTR_I2C.c ****     I2C_MSTR_I2C_SLAVE_CMD_REG  = 0u;
 206              		.loc 1 288 0
 207 0012 0C49     		ldr	r1, .L8+8
 208 0014 0B60     		str	r3, [r1]
 289:Generated_Source\PSoC4/I2C_MSTR_I2C.c **** 
 290:Generated_Source\PSoC4/I2C_MSTR_I2C.c ****     I2C_MSTR_DISABLE_AUTO_DATA;
 209              		.loc 1 290 0
 210 0016 0C48     		ldr	r0, .L8+12
 211 0018 0468     		ldr	r4, [r0]
 212 001a 0C49     		ldr	r1, .L8+16
 213 001c 2140     		ands	r1, r4
 214 001e 0160     		str	r1, [r0]
 291:Generated_Source\PSoC4/I2C_MSTR_I2C.c **** 
 292:Generated_Source\PSoC4/I2C_MSTR_I2C.c ****     I2C_MSTR_SetTxInterruptMode(I2C_MSTR_NO_INTR_SOURCES);
 215              		.loc 1 292 0
 216 0020 0B49     		ldr	r1, .L8+20
 217 0022 0B60     		str	r3, [r1]
 293:Generated_Source\PSoC4/I2C_MSTR_I2C.c ****     I2C_MSTR_SetRxInterruptMode(I2C_MSTR_NO_INTR_SOURCES);
 218              		.loc 1 293 0
 219 0024 0B49     		ldr	r1, .L8+24
 220 0026 0B60     		str	r3, [r1]
ARM GAS  e:\temp\ccYmKMEX.s 			page 10


 294:Generated_Source\PSoC4/I2C_MSTR_I2C.c ****     
 295:Generated_Source\PSoC4/I2C_MSTR_I2C.c **** #if(I2C_MSTR_CY_SCBIP_V0)
 296:Generated_Source\PSoC4/I2C_MSTR_I2C.c ****     /* Clear interrupt sources as they are not cleared after scb IP is disabled */
 297:Generated_Source\PSoC4/I2C_MSTR_I2C.c ****     I2C_MSTR_ClearTxInterruptSource    (I2C_MSTR_INTR_TX_ALL);
 298:Generated_Source\PSoC4/I2C_MSTR_I2C.c ****     I2C_MSTR_ClearRxInterruptSource    (I2C_MSTR_INTR_RX_ALL);
 299:Generated_Source\PSoC4/I2C_MSTR_I2C.c ****     I2C_MSTR_ClearSlaveInterruptSource (I2C_MSTR_INTR_SLAVE_ALL);
 300:Generated_Source\PSoC4/I2C_MSTR_I2C.c ****     I2C_MSTR_ClearMasterInterruptSource(I2C_MSTR_INTR_MASTER_ALL);
 301:Generated_Source\PSoC4/I2C_MSTR_I2C.c **** #endif /* (I2C_MSTR_CY_SCBIP_V0) */
 302:Generated_Source\PSoC4/I2C_MSTR_I2C.c **** 
 303:Generated_Source\PSoC4/I2C_MSTR_I2C.c ****     I2C_MSTR_state = I2C_MSTR_I2C_FSM_IDLE;
 221              		.loc 1 303 0
 222 0028 1021     		movs	r1, #16
 223 002a 0B4B     		ldr	r3, .L8+28
 224 002c 1970     		strb	r1, [r3]
 304:Generated_Source\PSoC4/I2C_MSTR_I2C.c **** 
 305:Generated_Source\PSoC4/I2C_MSTR_I2C.c ****     /* Enable scb IP: start respond to I2C traffic */
 306:Generated_Source\PSoC4/I2C_MSTR_I2C.c ****     I2C_MSTR_CTRL_REG |= (uint32) I2C_MSTR_CTRL_ENABLED;
 225              		.loc 1 306 0
 226 002e 1368     		ldr	r3, [r2]
 227 0030 8021     		movs	r1, #128
 228 0032 0906     		lsls	r1, r1, #24
 229 0034 0B43     		orrs	r3, r1
 230 0036 1360     		str	r3, [r2]
 307:Generated_Source\PSoC4/I2C_MSTR_I2C.c **** }
 231              		.loc 1 307 0
 232              		@ sp needed
 233 0038 10BD     		pop	{r4, pc}
 234              	.L9:
 235 003a C046     		.align	2
 236              	.L8:
 237 003c 00000640 		.word	1074135040
 238 0040 68000640 		.word	1074135144
 239 0044 6C000640 		.word	1074135148
 240 0048 60000640 		.word	1074135136
 241 004c FF5CFFFF 		.word	-41729
 242 0050 880F0640 		.word	1074139016
 243 0054 C80F0640 		.word	1074139080
 244 0058 00000000 		.word	I2C_MSTR_state
 245              		.cfi_endproc
 246              	.LFE2:
 247              		.size	I2C_MSTR_I2CFwBlockReset, .-I2C_MSTR_I2CFwBlockReset
 248              		.comm	I2C_MSTR_state,1,1
 249              		.text
 250              	.Letext0:
 251              		.file 2 "Generated_Source\\PSoC4/cytypes.h"
 252              		.file 3 "Generated_Source\\PSoC4\\I2C_MSTR_I2C_PVT.h"
 253              		.file 4 "Generated_Source\\PSoC4/CyLib.h"
 254              		.section	.debug_info,"",%progbits
 255              	.Ldebug_info0:
 256 0000 91010000 		.4byte	0x191
 257 0004 0400     		.2byte	0x4
 258 0006 00000000 		.4byte	.Ldebug_abbrev0
 259 000a 04       		.byte	0x4
 260 000b 01       		.uleb128 0x1
 261 000c 1E020000 		.4byte	.LASF27
 262 0010 0C       		.byte	0xc
 263 0011 8F000000 		.4byte	.LASF28
ARM GAS  e:\temp\ccYmKMEX.s 			page 11


 264 0015 5A010000 		.4byte	.LASF29
 265 0019 00000000 		.4byte	.Ldebug_ranges0+0
 266 001d 00000000 		.4byte	0
 267 0021 00000000 		.4byte	.Ldebug_line0
 268 0025 02       		.uleb128 0x2
 269 0026 01       		.byte	0x1
 270 0027 06       		.byte	0x6
 271 0028 FE010000 		.4byte	.LASF0
 272 002c 02       		.uleb128 0x2
 273 002d 01       		.byte	0x1
 274 002e 08       		.byte	0x8
 275 002f 58000000 		.4byte	.LASF1
 276 0033 02       		.uleb128 0x2
 277 0034 02       		.byte	0x2
 278 0035 05       		.byte	0x5
 279 0036 DF010000 		.4byte	.LASF2
 280 003a 02       		.uleb128 0x2
 281 003b 02       		.byte	0x2
 282 003c 07       		.byte	0x7
 283 003d 26000000 		.4byte	.LASF3
 284 0041 02       		.uleb128 0x2
 285 0042 04       		.byte	0x4
 286 0043 05       		.byte	0x5
 287 0044 E9010000 		.4byte	.LASF4
 288 0048 02       		.uleb128 0x2
 289 0049 04       		.byte	0x4
 290 004a 07       		.byte	0x7
 291 004b 66000000 		.4byte	.LASF5
 292 004f 02       		.uleb128 0x2
 293 0050 08       		.byte	0x8
 294 0051 05       		.byte	0x5
 295 0052 47010000 		.4byte	.LASF6
 296 0056 02       		.uleb128 0x2
 297 0057 08       		.byte	0x8
 298 0058 07       		.byte	0x7
 299 0059 FE000000 		.4byte	.LASF7
 300 005d 03       		.uleb128 0x3
 301 005e 04       		.byte	0x4
 302 005f 05       		.byte	0x5
 303 0060 696E7400 		.ascii	"int\000"
 304 0064 02       		.uleb128 0x2
 305 0065 04       		.byte	0x4
 306 0066 07       		.byte	0x7
 307 0067 F1000000 		.4byte	.LASF8
 308 006b 04       		.uleb128 0x4
 309 006c 78000000 		.4byte	.LASF9
 310 0070 02       		.byte	0x2
 311 0071 E401     		.2byte	0x1e4
 312 0073 2C000000 		.4byte	0x2c
 313 0077 04       		.uleb128 0x4
 314 0078 E3000000 		.4byte	.LASF10
 315 007c 02       		.byte	0x2
 316 007d E501     		.2byte	0x1e5
 317 007f 3A000000 		.4byte	0x3a
 318 0083 04       		.uleb128 0x4
 319 0084 EA000000 		.4byte	.LASF11
 320 0088 02       		.byte	0x2
ARM GAS  e:\temp\ccYmKMEX.s 			page 12


 321 0089 E601     		.2byte	0x1e6
 322 008b 48000000 		.4byte	0x48
 323 008f 02       		.uleb128 0x2
 324 0090 04       		.byte	0x4
 325 0091 04       		.byte	0x4
 326 0092 39000000 		.4byte	.LASF12
 327 0096 02       		.uleb128 0x2
 328 0097 08       		.byte	0x8
 329 0098 04       		.byte	0x4
 330 0099 B5000000 		.4byte	.LASF13
 331 009d 02       		.uleb128 0x2
 332 009e 01       		.byte	0x1
 333 009f 08       		.byte	0x8
 334 00a0 55010000 		.4byte	.LASF14
 335 00a4 05       		.uleb128 0x5
 336 00a5 6B000000 		.4byte	0x6b
 337 00a9 05       		.uleb128 0x5
 338 00aa 77000000 		.4byte	0x77
 339 00ae 04       		.uleb128 0x4
 340 00af 00000000 		.4byte	.LASF15
 341 00b3 02       		.byte	0x2
 342 00b4 9002     		.2byte	0x290
 343 00b6 BA000000 		.4byte	0xba
 344 00ba 05       		.uleb128 0x5
 345 00bb 83000000 		.4byte	0x83
 346 00bf 02       		.uleb128 0x2
 347 00c0 08       		.byte	0x8
 348 00c1 04       		.byte	0x4
 349 00c2 F2010000 		.4byte	.LASF16
 350 00c6 02       		.uleb128 0x2
 351 00c7 04       		.byte	0x4
 352 00c8 07       		.byte	0x7
 353 00c9 3E010000 		.4byte	.LASF17
 354 00cd 06       		.uleb128 0x6
 355 00ce 06000000 		.4byte	.LASF30
 356 00d2 01       		.byte	0x1
 357 00d3 C1       		.byte	0xc1
 358 00d4 00000000 		.4byte	.LFB0
 359 00d8 D0000000 		.4byte	.LFE0-.LFB0
 360 00dc 01       		.uleb128 0x1
 361 00dd 9C       		.byte	0x9c
 362 00de 1D010000 		.4byte	0x11d
 363 00e2 07       		.uleb128 0x7
 364 00e3 36000000 		.4byte	.LVL0
 365 00e7 73010000 		.4byte	0x173
 366 00eb F5000000 		.4byte	0xf5
 367 00ef 08       		.uleb128 0x8
 368 00f0 01       		.uleb128 0x1
 369 00f1 50       		.byte	0x50
 370 00f2 01       		.uleb128 0x1
 371 00f3 3B       		.byte	0x3b
 372 00f4 00       		.byte	0
 373 00f5 07       		.uleb128 0x7
 374 00f6 3E000000 		.4byte	.LVL1
 375 00fa 7E010000 		.4byte	0x17e
 376 00fe 0D010000 		.4byte	0x10d
 377 0102 08       		.uleb128 0x8
ARM GAS  e:\temp\ccYmKMEX.s 			page 13


 378 0103 01       		.uleb128 0x1
 379 0104 50       		.byte	0x50
 380 0105 01       		.uleb128 0x1
 381 0106 3B       		.byte	0x3b
 382 0107 08       		.uleb128 0x8
 383 0108 01       		.uleb128 0x1
 384 0109 51       		.byte	0x51
 385 010a 01       		.uleb128 0x1
 386 010b 33       		.byte	0x33
 387 010c 00       		.byte	0
 388 010d 09       		.uleb128 0x9
 389 010e 46000000 		.4byte	.LVL2
 390 0112 89010000 		.4byte	0x189
 391 0116 08       		.uleb128 0x8
 392 0117 01       		.uleb128 0x1
 393 0118 50       		.byte	0x50
 394 0119 01       		.uleb128 0x1
 395 011a 3B       		.byte	0x3b
 396 011b 00       		.byte	0
 397 011c 00       		.byte	0
 398 011d 0A       		.uleb128 0xa
 399 011e 7E000000 		.4byte	.LASF18
 400 0122 01       		.byte	0x1
 401 0123 0801     		.2byte	0x108
 402 0125 00000000 		.4byte	.LFB1
 403 0129 20000000 		.4byte	.LFE1-.LFB1
 404 012d 01       		.uleb128 0x1
 405 012e 9C       		.byte	0x9c
 406 012f 0A       		.uleb128 0xa
 407 0130 3F000000 		.4byte	.LASF19
 408 0134 01       		.byte	0x1
 409 0135 1901     		.2byte	0x119
 410 0137 00000000 		.4byte	.LFB2
 411 013b 5C000000 		.4byte	.LFE2-.LFB2
 412 013f 01       		.uleb128 0x1
 413 0140 9C       		.byte	0x9c
 414 0141 0B       		.uleb128 0xb
 415 0142 D4000000 		.4byte	.LASF20
 416 0146 01       		.byte	0x1
 417 0147 1B       		.byte	0x1b
 418 0148 A4000000 		.4byte	0xa4
 419 014c 05       		.uleb128 0x5
 420 014d 03       		.byte	0x3
 421 014e 00000000 		.4byte	I2C_MSTR_state
 422 0152 0C       		.uleb128 0xc
 423 0153 0A020000 		.4byte	.LASF21
 424 0157 03       		.byte	0x3
 425 0158 31       		.byte	0x31
 426 0159 A9000000 		.4byte	0xa9
 427 015d 0C       		.uleb128 0xc
 428 015e BC000000 		.4byte	.LASF22
 429 0162 03       		.byte	0x3
 430 0163 37       		.byte	0x37
 431 0164 BA000000 		.4byte	0xba
 432 0168 0C       		.uleb128 0xc
 433 0169 26010000 		.4byte	.LASF23
 434 016d 03       		.byte	0x3
ARM GAS  e:\temp\ccYmKMEX.s 			page 14


 435 016e 3C       		.byte	0x3c
 436 016f BA000000 		.4byte	0xba
 437 0173 0D       		.uleb128 0xd
 438 0174 D2010000 		.4byte	.LASF24
 439 0178 D2010000 		.4byte	.LASF24
 440 017c 04       		.byte	0x4
 441 017d C5       		.byte	0xc5
 442 017e 0D       		.uleb128 0xd
 443 017f 15010000 		.4byte	.LASF25
 444 0183 15010000 		.4byte	.LASF25
 445 0187 04       		.byte	0x4
 446 0188 C0       		.byte	0xc0
 447 0189 0D       		.uleb128 0xd
 448 018a 17000000 		.4byte	.LASF26
 449 018e 17000000 		.4byte	.LASF26
 450 0192 04       		.byte	0x4
 451 0193 BD       		.byte	0xbd
 452 0194 00       		.byte	0
 453              		.section	.debug_abbrev,"",%progbits
 454              	.Ldebug_abbrev0:
 455 0000 01       		.uleb128 0x1
 456 0001 11       		.uleb128 0x11
 457 0002 01       		.byte	0x1
 458 0003 25       		.uleb128 0x25
 459 0004 0E       		.uleb128 0xe
 460 0005 13       		.uleb128 0x13
 461 0006 0B       		.uleb128 0xb
 462 0007 03       		.uleb128 0x3
 463 0008 0E       		.uleb128 0xe
 464 0009 1B       		.uleb128 0x1b
 465 000a 0E       		.uleb128 0xe
 466 000b 55       		.uleb128 0x55
 467 000c 17       		.uleb128 0x17
 468 000d 11       		.uleb128 0x11
 469 000e 01       		.uleb128 0x1
 470 000f 10       		.uleb128 0x10
 471 0010 17       		.uleb128 0x17
 472 0011 00       		.byte	0
 473 0012 00       		.byte	0
 474 0013 02       		.uleb128 0x2
 475 0014 24       		.uleb128 0x24
 476 0015 00       		.byte	0
 477 0016 0B       		.uleb128 0xb
 478 0017 0B       		.uleb128 0xb
 479 0018 3E       		.uleb128 0x3e
 480 0019 0B       		.uleb128 0xb
 481 001a 03       		.uleb128 0x3
 482 001b 0E       		.uleb128 0xe
 483 001c 00       		.byte	0
 484 001d 00       		.byte	0
 485 001e 03       		.uleb128 0x3
 486 001f 24       		.uleb128 0x24
 487 0020 00       		.byte	0
 488 0021 0B       		.uleb128 0xb
 489 0022 0B       		.uleb128 0xb
 490 0023 3E       		.uleb128 0x3e
 491 0024 0B       		.uleb128 0xb
ARM GAS  e:\temp\ccYmKMEX.s 			page 15


 492 0025 03       		.uleb128 0x3
 493 0026 08       		.uleb128 0x8
 494 0027 00       		.byte	0
 495 0028 00       		.byte	0
 496 0029 04       		.uleb128 0x4
 497 002a 16       		.uleb128 0x16
 498 002b 00       		.byte	0
 499 002c 03       		.uleb128 0x3
 500 002d 0E       		.uleb128 0xe
 501 002e 3A       		.uleb128 0x3a
 502 002f 0B       		.uleb128 0xb
 503 0030 3B       		.uleb128 0x3b
 504 0031 05       		.uleb128 0x5
 505 0032 49       		.uleb128 0x49
 506 0033 13       		.uleb128 0x13
 507 0034 00       		.byte	0
 508 0035 00       		.byte	0
 509 0036 05       		.uleb128 0x5
 510 0037 35       		.uleb128 0x35
 511 0038 00       		.byte	0
 512 0039 49       		.uleb128 0x49
 513 003a 13       		.uleb128 0x13
 514 003b 00       		.byte	0
 515 003c 00       		.byte	0
 516 003d 06       		.uleb128 0x6
 517 003e 2E       		.uleb128 0x2e
 518 003f 01       		.byte	0x1
 519 0040 3F       		.uleb128 0x3f
 520 0041 19       		.uleb128 0x19
 521 0042 03       		.uleb128 0x3
 522 0043 0E       		.uleb128 0xe
 523 0044 3A       		.uleb128 0x3a
 524 0045 0B       		.uleb128 0xb
 525 0046 3B       		.uleb128 0x3b
 526 0047 0B       		.uleb128 0xb
 527 0048 27       		.uleb128 0x27
 528 0049 19       		.uleb128 0x19
 529 004a 11       		.uleb128 0x11
 530 004b 01       		.uleb128 0x1
 531 004c 12       		.uleb128 0x12
 532 004d 06       		.uleb128 0x6
 533 004e 40       		.uleb128 0x40
 534 004f 18       		.uleb128 0x18
 535 0050 9742     		.uleb128 0x2117
 536 0052 19       		.uleb128 0x19
 537 0053 01       		.uleb128 0x1
 538 0054 13       		.uleb128 0x13
 539 0055 00       		.byte	0
 540 0056 00       		.byte	0
 541 0057 07       		.uleb128 0x7
 542 0058 898201   		.uleb128 0x4109
 543 005b 01       		.byte	0x1
 544 005c 11       		.uleb128 0x11
 545 005d 01       		.uleb128 0x1
 546 005e 31       		.uleb128 0x31
 547 005f 13       		.uleb128 0x13
 548 0060 01       		.uleb128 0x1
ARM GAS  e:\temp\ccYmKMEX.s 			page 16


 549 0061 13       		.uleb128 0x13
 550 0062 00       		.byte	0
 551 0063 00       		.byte	0
 552 0064 08       		.uleb128 0x8
 553 0065 8A8201   		.uleb128 0x410a
 554 0068 00       		.byte	0
 555 0069 02       		.uleb128 0x2
 556 006a 18       		.uleb128 0x18
 557 006b 9142     		.uleb128 0x2111
 558 006d 18       		.uleb128 0x18
 559 006e 00       		.byte	0
 560 006f 00       		.byte	0
 561 0070 09       		.uleb128 0x9
 562 0071 898201   		.uleb128 0x4109
 563 0074 01       		.byte	0x1
 564 0075 11       		.uleb128 0x11
 565 0076 01       		.uleb128 0x1
 566 0077 31       		.uleb128 0x31
 567 0078 13       		.uleb128 0x13
 568 0079 00       		.byte	0
 569 007a 00       		.byte	0
 570 007b 0A       		.uleb128 0xa
 571 007c 2E       		.uleb128 0x2e
 572 007d 00       		.byte	0
 573 007e 3F       		.uleb128 0x3f
 574 007f 19       		.uleb128 0x19
 575 0080 03       		.uleb128 0x3
 576 0081 0E       		.uleb128 0xe
 577 0082 3A       		.uleb128 0x3a
 578 0083 0B       		.uleb128 0xb
 579 0084 3B       		.uleb128 0x3b
 580 0085 05       		.uleb128 0x5
 581 0086 27       		.uleb128 0x27
 582 0087 19       		.uleb128 0x19
 583 0088 11       		.uleb128 0x11
 584 0089 01       		.uleb128 0x1
 585 008a 12       		.uleb128 0x12
 586 008b 06       		.uleb128 0x6
 587 008c 40       		.uleb128 0x40
 588 008d 18       		.uleb128 0x18
 589 008e 9742     		.uleb128 0x2117
 590 0090 19       		.uleb128 0x19
 591 0091 00       		.byte	0
 592 0092 00       		.byte	0
 593 0093 0B       		.uleb128 0xb
 594 0094 34       		.uleb128 0x34
 595 0095 00       		.byte	0
 596 0096 03       		.uleb128 0x3
 597 0097 0E       		.uleb128 0xe
 598 0098 3A       		.uleb128 0x3a
 599 0099 0B       		.uleb128 0xb
 600 009a 3B       		.uleb128 0x3b
 601 009b 0B       		.uleb128 0xb
 602 009c 49       		.uleb128 0x49
 603 009d 13       		.uleb128 0x13
 604 009e 3F       		.uleb128 0x3f
 605 009f 19       		.uleb128 0x19
ARM GAS  e:\temp\ccYmKMEX.s 			page 17


 606 00a0 02       		.uleb128 0x2
 607 00a1 18       		.uleb128 0x18
 608 00a2 00       		.byte	0
 609 00a3 00       		.byte	0
 610 00a4 0C       		.uleb128 0xc
 611 00a5 34       		.uleb128 0x34
 612 00a6 00       		.byte	0
 613 00a7 03       		.uleb128 0x3
 614 00a8 0E       		.uleb128 0xe
 615 00a9 3A       		.uleb128 0x3a
 616 00aa 0B       		.uleb128 0xb
 617 00ab 3B       		.uleb128 0x3b
 618 00ac 0B       		.uleb128 0xb
 619 00ad 49       		.uleb128 0x49
 620 00ae 13       		.uleb128 0x13
 621 00af 3F       		.uleb128 0x3f
 622 00b0 19       		.uleb128 0x19
 623 00b1 3C       		.uleb128 0x3c
 624 00b2 19       		.uleb128 0x19
 625 00b3 00       		.byte	0
 626 00b4 00       		.byte	0
 627 00b5 0D       		.uleb128 0xd
 628 00b6 2E       		.uleb128 0x2e
 629 00b7 00       		.byte	0
 630 00b8 3F       		.uleb128 0x3f
 631 00b9 19       		.uleb128 0x19
 632 00ba 3C       		.uleb128 0x3c
 633 00bb 19       		.uleb128 0x19
 634 00bc 6E       		.uleb128 0x6e
 635 00bd 0E       		.uleb128 0xe
 636 00be 03       		.uleb128 0x3
 637 00bf 0E       		.uleb128 0xe
 638 00c0 3A       		.uleb128 0x3a
 639 00c1 0B       		.uleb128 0xb
 640 00c2 3B       		.uleb128 0x3b
 641 00c3 0B       		.uleb128 0xb
 642 00c4 00       		.byte	0
 643 00c5 00       		.byte	0
 644 00c6 00       		.byte	0
 645              		.section	.debug_aranges,"",%progbits
 646 0000 2C000000 		.4byte	0x2c
 647 0004 0200     		.2byte	0x2
 648 0006 00000000 		.4byte	.Ldebug_info0
 649 000a 04       		.byte	0x4
 650 000b 00       		.byte	0
 651 000c 0000     		.2byte	0
 652 000e 0000     		.2byte	0
 653 0010 00000000 		.4byte	.LFB0
 654 0014 D0000000 		.4byte	.LFE0-.LFB0
 655 0018 00000000 		.4byte	.LFB1
 656 001c 20000000 		.4byte	.LFE1-.LFB1
 657 0020 00000000 		.4byte	.LFB2
 658 0024 5C000000 		.4byte	.LFE2-.LFB2
 659 0028 00000000 		.4byte	0
 660 002c 00000000 		.4byte	0
 661              		.section	.debug_ranges,"",%progbits
 662              	.Ldebug_ranges0:
ARM GAS  e:\temp\ccYmKMEX.s 			page 18


 663 0000 00000000 		.4byte	.LFB0
 664 0004 D0000000 		.4byte	.LFE0
 665 0008 00000000 		.4byte	.LFB1
 666 000c 20000000 		.4byte	.LFE1
 667 0010 00000000 		.4byte	.LFB2
 668 0014 5C000000 		.4byte	.LFE2
 669 0018 00000000 		.4byte	0
 670 001c 00000000 		.4byte	0
 671              		.section	.debug_line,"",%progbits
 672              	.Ldebug_line0:
 673 0000 C7000000 		.section	.debug_str,"MS",%progbits,1
 673      02006A00 
 673      00000201 
 673      FB0E0D00 
 673      01010101 
 674              	.LASF15:
 675 0000 72656733 		.ascii	"reg32\000"
 675      3200
 676              	.LASF30:
 677 0006 4932435F 		.ascii	"I2C_MSTR_I2CInit\000"
 677      4D535452 
 677      5F493243 
 677      496E6974 
 677      00
 678              	.LASF26:
 679 0017 4379496E 		.ascii	"CyIntSetVector\000"
 679      74536574 
 679      56656374 
 679      6F7200
 680              	.LASF3:
 681 0026 73686F72 		.ascii	"short unsigned int\000"
 681      7420756E 
 681      7369676E 
 681      65642069 
 681      6E7400
 682              	.LASF12:
 683 0039 666C6F61 		.ascii	"float\000"
 683      7400
 684              	.LASF19:
 685 003f 4932435F 		.ascii	"I2C_MSTR_I2CFwBlockReset\000"
 685      4D535452 
 685      5F493243 
 685      4677426C 
 685      6F636B52 
 686              	.LASF1:
 687 0058 756E7369 		.ascii	"unsigned char\000"
 687      676E6564 
 687      20636861 
 687      7200
 688              	.LASF5:
 689 0066 6C6F6E67 		.ascii	"long unsigned int\000"
 689      20756E73 
 689      69676E65 
 689      6420696E 
 689      7400
 690              	.LASF9:
 691 0078 75696E74 		.ascii	"uint8\000"
ARM GAS  e:\temp\ccYmKMEX.s 			page 19


 691      3800
 692              	.LASF18:
 693 007e 4932435F 		.ascii	"I2C_MSTR_I2CStop\000"
 693      4D535452 
 693      5F493243 
 693      53746F70 
 693      00
 694              	.LASF28:
 695 008f 47656E65 		.ascii	"Generated_Source\\PSoC4\\I2C_MSTR_I2C.c\000"
 695      72617465 
 695      645F536F 
 695      75726365 
 695      5C50536F 
 696              	.LASF13:
 697 00b5 646F7562 		.ascii	"double\000"
 697      6C6500
 698              	.LASF22:
 699 00bc 4932435F 		.ascii	"I2C_MSTR_mstrRdBufIndex\000"
 699      4D535452 
 699      5F6D7374 
 699      72526442 
 699      7566496E 
 700              	.LASF20:
 701 00d4 4932435F 		.ascii	"I2C_MSTR_state\000"
 701      4D535452 
 701      5F737461 
 701      746500
 702              	.LASF10:
 703 00e3 75696E74 		.ascii	"uint16\000"
 703      313600
 704              	.LASF11:
 705 00ea 75696E74 		.ascii	"uint32\000"
 705      333200
 706              	.LASF8:
 707 00f1 756E7369 		.ascii	"unsigned int\000"
 707      676E6564 
 707      20696E74 
 707      00
 708              	.LASF7:
 709 00fe 6C6F6E67 		.ascii	"long long unsigned int\000"
 709      206C6F6E 
 709      6720756E 
 709      7369676E 
 709      65642069 
 710              	.LASF25:
 711 0115 4379496E 		.ascii	"CyIntSetPriority\000"
 711      74536574 
 711      5072696F 
 711      72697479 
 711      00
 712              	.LASF23:
 713 0126 4932435F 		.ascii	"I2C_MSTR_mstrWrBufIndex\000"
 713      4D535452 
 713      5F6D7374 
 713      72577242 
 713      7566496E 
 714              	.LASF17:
ARM GAS  e:\temp\ccYmKMEX.s 			page 20


 715 013e 73697A65 		.ascii	"sizetype\000"
 715      74797065 
 715      00
 716              	.LASF6:
 717 0147 6C6F6E67 		.ascii	"long long int\000"
 717      206C6F6E 
 717      6720696E 
 717      7400
 718              	.LASF14:
 719 0155 63686172 		.ascii	"char\000"
 719      00
 720              	.LASF29:
 721 015a 433A5C55 		.ascii	"C:\\Users\\Admin\\Desktop\\_FIRMWARE\\DBARLite\\CYP"
 721      73657273 
 721      5C41646D 
 721      696E5C44 
 721      65736B74 
 722 0187 44353232 		.ascii	"D5225\\CYPD5225-96BZXI_notebook\\CYPD5225-96BZXI_no"
 722      355C4359 
 722      50443532 
 722      32352D39 
 722      36425A58 
 723 01b8 7465626F 		.ascii	"tebook.cydsn\\noboot.cydsn\000"
 723      6F6B2E63 
 723      7964736E 
 723      5C6E6F62 
 723      6F6F742E 
 724              	.LASF24:
 725 01d2 4379496E 		.ascii	"CyIntDisable\000"
 725      74446973 
 725      61626C65 
 725      00
 726              	.LASF2:
 727 01df 73686F72 		.ascii	"short int\000"
 727      7420696E 
 727      7400
 728              	.LASF4:
 729 01e9 6C6F6E67 		.ascii	"long int\000"
 729      20696E74 
 729      00
 730              	.LASF16:
 731 01f2 6C6F6E67 		.ascii	"long double\000"
 731      20646F75 
 731      626C6500 
 732              	.LASF0:
 733 01fe 7369676E 		.ascii	"signed char\000"
 733      65642063 
 733      68617200 
 734              	.LASF21:
 735 020a 4932435F 		.ascii	"I2C_MSTR_mstrStatus\000"
 735      4D535452 
 735      5F6D7374 
 735      72537461 
 735      74757300 
 736              	.LASF27:
 737 021e 474E5520 		.ascii	"GNU C11 5.4.1 20160609 (release) [ARM/embedded-5-br"
 737      43313120 
ARM GAS  e:\temp\ccYmKMEX.s 			page 21


 737      352E342E 
 737      31203230 
 737      31363036 
 738 0251 616E6368 		.ascii	"anch revision 237715] -mcpu=cortex-m0 -mthumb -g -O"
 738      20726576 
 738      6973696F 
 738      6E203233 
 738      37373135 
 739 0284 67202D66 		.ascii	"g -ffunction-sections -ffat-lto-objects -finline-fu"
 739      66756E63 
 739      74696F6E 
 739      2D736563 
 739      74696F6E 
 740 02b7 6E637469 		.ascii	"nctions -fno-strict-aliasing\000"
 740      6F6E7320 
 740      2D666E6F 
 740      2D737472 
 740      6963742D 
 741              		.ident	"GCC: (GNU Tools for ARM Embedded Processors) 5.4.1 20160609 (release) [ARM/embedded-5-bran
